[2024-10-20T10:20:16.994+0000] {processor.py:161} INFO - Started process (PID=83) to work on /home/airflow/.local/lib/python3.8/site-packages/airflow/example_dags/example_latest_only.py
[2024-10-20T10:20:16.998+0000] {processor.py:830} INFO - Processing file /home/airflow/.local/lib/python3.8/site-packages/airflow/example_dags/example_latest_only.py for tasks to queue
[2024-10-20T10:20:17.001+0000] {logging_mixin.py:188} INFO - [2024-10-20T10:20:17.001+0000] {dagbag.py:540} INFO - Filling up the DagBag from /home/airflow/.local/lib/python3.8/site-packages/airflow/example_dags/example_latest_only.py
[2024-10-20T10:20:17.018+0000] {processor.py:840} INFO - DAG(s) 'latest_only' retrieved from /home/airflow/.local/lib/python3.8/site-packages/airflow/example_dags/example_latest_only.py
[2024-10-20T10:20:17.201+0000] {logging_mixin.py:188} INFO - [2024-10-20T10:20:17.201+0000] {dag.py:3047} INFO - Sync 1 DAGs
[2024-10-20T10:20:17.230+0000] {logging_mixin.py:188} INFO - [2024-10-20T10:20:17.230+0000] {dag.py:3834} INFO - Setting next_dagrun for latest_only to 2024-10-20 04:00:00+00:00, run_after=2024-10-20 08:00:00+00:00
[2024-10-20T10:20:17.266+0000] {processor.py:183} INFO - Processing /home/airflow/.local/lib/python3.8/site-packages/airflow/example_dags/example_latest_only.py took 0.278 seconds
[2024-10-20T10:20:47.735+0000] {processor.py:161} INFO - Started process (PID=138) to work on /home/airflow/.local/lib/python3.8/site-packages/airflow/example_dags/example_latest_only.py
[2024-10-20T10:20:47.736+0000] {processor.py:830} INFO - Processing file /home/airflow/.local/lib/python3.8/site-packages/airflow/example_dags/example_latest_only.py for tasks to queue
[2024-10-20T10:20:47.741+0000] {logging_mixin.py:188} INFO - [2024-10-20T10:20:47.741+0000] {dagbag.py:540} INFO - Filling up the DagBag from /home/airflow/.local/lib/python3.8/site-packages/airflow/example_dags/example_latest_only.py
[2024-10-20T10:20:47.745+0000] {processor.py:840} INFO - DAG(s) 'latest_only' retrieved from /home/airflow/.local/lib/python3.8/site-packages/airflow/example_dags/example_latest_only.py
[2024-10-20T10:20:47.758+0000] {logging_mixin.py:188} INFO - [2024-10-20T10:20:47.758+0000] {dag.py:3047} INFO - Sync 1 DAGs
[2024-10-20T10:20:47.772+0000] {logging_mixin.py:188} INFO - [2024-10-20T10:20:47.772+0000] {dag.py:3834} INFO - Setting next_dagrun for latest_only to 2024-10-20 04:00:00+00:00, run_after=2024-10-20 08:00:00+00:00
[2024-10-20T10:20:47.782+0000] {processor.py:183} INFO - Processing /home/airflow/.local/lib/python3.8/site-packages/airflow/example_dags/example_latest_only.py took 0.049 seconds
[2024-10-20T10:21:18.584+0000] {processor.py:161} INFO - Started process (PID=193) to work on /home/airflow/.local/lib/python3.8/site-packages/airflow/example_dags/example_latest_only.py
[2024-10-20T10:21:18.585+0000] {processor.py:830} INFO - Processing file /home/airflow/.local/lib/python3.8/site-packages/airflow/example_dags/example_latest_only.py for tasks to queue
[2024-10-20T10:21:18.586+0000] {logging_mixin.py:188} INFO - [2024-10-20T10:21:18.586+0000] {dagbag.py:540} INFO - Filling up the DagBag from /home/airflow/.local/lib/python3.8/site-packages/airflow/example_dags/example_latest_only.py
[2024-10-20T10:21:18.590+0000] {processor.py:840} INFO - DAG(s) 'latest_only' retrieved from /home/airflow/.local/lib/python3.8/site-packages/airflow/example_dags/example_latest_only.py
[2024-10-20T10:21:18.603+0000] {logging_mixin.py:188} INFO - [2024-10-20T10:21:18.602+0000] {dag.py:3047} INFO - Sync 1 DAGs
[2024-10-20T10:21:18.616+0000] {logging_mixin.py:188} INFO - [2024-10-20T10:21:18.616+0000] {dag.py:3834} INFO - Setting next_dagrun for latest_only to 2024-10-20 04:00:00+00:00, run_after=2024-10-20 08:00:00+00:00
[2024-10-20T10:21:18.626+0000] {processor.py:183} INFO - Processing /home/airflow/.local/lib/python3.8/site-packages/airflow/example_dags/example_latest_only.py took 0.044 seconds
[2024-10-20T10:21:49.347+0000] {processor.py:161} INFO - Started process (PID=248) to work on /home/airflow/.local/lib/python3.8/site-packages/airflow/example_dags/example_latest_only.py
[2024-10-20T10:21:49.349+0000] {processor.py:830} INFO - Processing file /home/airflow/.local/lib/python3.8/site-packages/airflow/example_dags/example_latest_only.py for tasks to queue
[2024-10-20T10:21:49.350+0000] {logging_mixin.py:188} INFO - [2024-10-20T10:21:49.350+0000] {dagbag.py:540} INFO - Filling up the DagBag from /home/airflow/.local/lib/python3.8/site-packages/airflow/example_dags/example_latest_only.py
[2024-10-20T10:21:49.354+0000] {processor.py:840} INFO - DAG(s) 'latest_only' retrieved from /home/airflow/.local/lib/python3.8/site-packages/airflow/example_dags/example_latest_only.py
[2024-10-20T10:21:49.370+0000] {logging_mixin.py:188} INFO - [2024-10-20T10:21:49.369+0000] {dag.py:3047} INFO - Sync 1 DAGs
[2024-10-20T10:21:49.385+0000] {logging_mixin.py:188} INFO - [2024-10-20T10:21:49.384+0000] {dag.py:3834} INFO - Setting next_dagrun for latest_only to 2024-10-20 04:00:00+00:00, run_after=2024-10-20 08:00:00+00:00
[2024-10-20T10:21:49.398+0000] {processor.py:183} INFO - Processing /home/airflow/.local/lib/python3.8/site-packages/airflow/example_dags/example_latest_only.py took 0.054 seconds
[2024-10-20T10:22:19.513+0000] {processor.py:161} INFO - Started process (PID=303) to work on /home/airflow/.local/lib/python3.8/site-packages/airflow/example_dags/example_latest_only.py
[2024-10-20T10:22:19.514+0000] {processor.py:830} INFO - Processing file /home/airflow/.local/lib/python3.8/site-packages/airflow/example_dags/example_latest_only.py for tasks to queue
[2024-10-20T10:22:19.515+0000] {logging_mixin.py:188} INFO - [2024-10-20T10:22:19.515+0000] {dagbag.py:540} INFO - Filling up the DagBag from /home/airflow/.local/lib/python3.8/site-packages/airflow/example_dags/example_latest_only.py
[2024-10-20T10:22:19.519+0000] {processor.py:840} INFO - DAG(s) 'latest_only' retrieved from /home/airflow/.local/lib/python3.8/site-packages/airflow/example_dags/example_latest_only.py
[2024-10-20T10:22:19.533+0000] {logging_mixin.py:188} INFO - [2024-10-20T10:22:19.532+0000] {dag.py:3047} INFO - Sync 1 DAGs
[2024-10-20T10:22:19.549+0000] {logging_mixin.py:188} INFO - [2024-10-20T10:22:19.549+0000] {dag.py:3834} INFO - Setting next_dagrun for latest_only to 2024-10-20 04:00:00+00:00, run_after=2024-10-20 08:00:00+00:00
[2024-10-20T10:22:19.561+0000] {processor.py:183} INFO - Processing /home/airflow/.local/lib/python3.8/site-packages/airflow/example_dags/example_latest_only.py took 0.051 seconds
[2024-10-20T10:22:49.659+0000] {processor.py:161} INFO - Started process (PID=358) to work on /home/airflow/.local/lib/python3.8/site-packages/airflow/example_dags/example_latest_only.py
[2024-10-20T10:22:49.660+0000] {processor.py:830} INFO - Processing file /home/airflow/.local/lib/python3.8/site-packages/airflow/example_dags/example_latest_only.py for tasks to queue
[2024-10-20T10:22:49.661+0000] {logging_mixin.py:188} INFO - [2024-10-20T10:22:49.661+0000] {dagbag.py:540} INFO - Filling up the DagBag from /home/airflow/.local/lib/python3.8/site-packages/airflow/example_dags/example_latest_only.py
[2024-10-20T10:22:49.664+0000] {processor.py:840} INFO - DAG(s) 'latest_only' retrieved from /home/airflow/.local/lib/python3.8/site-packages/airflow/example_dags/example_latest_only.py
[2024-10-20T10:22:49.677+0000] {logging_mixin.py:188} INFO - [2024-10-20T10:22:49.677+0000] {dag.py:3047} INFO - Sync 1 DAGs
[2024-10-20T10:22:49.691+0000] {logging_mixin.py:188} INFO - [2024-10-20T10:22:49.690+0000] {dag.py:3834} INFO - Setting next_dagrun for latest_only to 2024-10-20 04:00:00+00:00, run_after=2024-10-20 08:00:00+00:00
[2024-10-20T10:22:49.702+0000] {processor.py:183} INFO - Processing /home/airflow/.local/lib/python3.8/site-packages/airflow/example_dags/example_latest_only.py took 0.045 seconds
[2024-10-20T10:23:20.493+0000] {processor.py:161} INFO - Started process (PID=413) to work on /home/airflow/.local/lib/python3.8/site-packages/airflow/example_dags/example_latest_only.py
[2024-10-20T10:23:20.494+0000] {processor.py:830} INFO - Processing file /home/airflow/.local/lib/python3.8/site-packages/airflow/example_dags/example_latest_only.py for tasks to queue
[2024-10-20T10:23:20.496+0000] {logging_mixin.py:188} INFO - [2024-10-20T10:23:20.496+0000] {dagbag.py:540} INFO - Filling up the DagBag from /home/airflow/.local/lib/python3.8/site-packages/airflow/example_dags/example_latest_only.py
[2024-10-20T10:23:20.500+0000] {processor.py:840} INFO - DAG(s) 'latest_only' retrieved from /home/airflow/.local/lib/python3.8/site-packages/airflow/example_dags/example_latest_only.py
[2024-10-20T10:23:20.528+0000] {logging_mixin.py:188} INFO - [2024-10-20T10:23:20.528+0000] {dag.py:3047} INFO - Sync 1 DAGs
[2024-10-20T10:23:20.549+0000] {logging_mixin.py:188} INFO - [2024-10-20T10:23:20.549+0000] {dag.py:3834} INFO - Setting next_dagrun for latest_only to 2024-10-20 04:00:00+00:00, run_after=2024-10-20 08:00:00+00:00
[2024-10-20T10:23:20.563+0000] {processor.py:183} INFO - Processing /home/airflow/.local/lib/python3.8/site-packages/airflow/example_dags/example_latest_only.py took 0.073 seconds
[2024-10-20T10:23:50.578+0000] {processor.py:161} INFO - Started process (PID=468) to work on /home/airflow/.local/lib/python3.8/site-packages/airflow/example_dags/example_latest_only.py
[2024-10-20T10:23:50.578+0000] {processor.py:830} INFO - Processing file /home/airflow/.local/lib/python3.8/site-packages/airflow/example_dags/example_latest_only.py for tasks to queue
[2024-10-20T10:23:50.580+0000] {logging_mixin.py:188} INFO - [2024-10-20T10:23:50.579+0000] {dagbag.py:540} INFO - Filling up the DagBag from /home/airflow/.local/lib/python3.8/site-packages/airflow/example_dags/example_latest_only.py
[2024-10-20T10:23:50.583+0000] {processor.py:840} INFO - DAG(s) 'latest_only' retrieved from /home/airflow/.local/lib/python3.8/site-packages/airflow/example_dags/example_latest_only.py
[2024-10-20T10:23:50.596+0000] {logging_mixin.py:188} INFO - [2024-10-20T10:23:50.596+0000] {dag.py:3047} INFO - Sync 1 DAGs
[2024-10-20T10:23:50.610+0000] {logging_mixin.py:188} INFO - [2024-10-20T10:23:50.610+0000] {dag.py:3834} INFO - Setting next_dagrun for latest_only to 2024-10-20 04:00:00+00:00, run_after=2024-10-20 08:00:00+00:00
[2024-10-20T10:23:50.621+0000] {processor.py:183} INFO - Processing /home/airflow/.local/lib/python3.8/site-packages/airflow/example_dags/example_latest_only.py took 0.046 seconds
[2024-10-20T10:24:20.694+0000] {processor.py:161} INFO - Started process (PID=523) to work on /home/airflow/.local/lib/python3.8/site-packages/airflow/example_dags/example_latest_only.py
[2024-10-20T10:24:20.695+0000] {processor.py:830} INFO - Processing file /home/airflow/.local/lib/python3.8/site-packages/airflow/example_dags/example_latest_only.py for tasks to queue
[2024-10-20T10:24:20.696+0000] {logging_mixin.py:188} INFO - [2024-10-20T10:24:20.696+0000] {dagbag.py:540} INFO - Filling up the DagBag from /home/airflow/.local/lib/python3.8/site-packages/airflow/example_dags/example_latest_only.py
[2024-10-20T10:24:20.700+0000] {processor.py:840} INFO - DAG(s) 'latest_only' retrieved from /home/airflow/.local/lib/python3.8/site-packages/airflow/example_dags/example_latest_only.py
[2024-10-20T10:24:20.713+0000] {logging_mixin.py:188} INFO - [2024-10-20T10:24:20.713+0000] {dag.py:3047} INFO - Sync 1 DAGs
[2024-10-20T10:24:20.727+0000] {logging_mixin.py:188} INFO - [2024-10-20T10:24:20.727+0000] {dag.py:3834} INFO - Setting next_dagrun for latest_only to 2024-10-20 04:00:00+00:00, run_after=2024-10-20 08:00:00+00:00
[2024-10-20T10:24:20.739+0000] {processor.py:183} INFO - Processing /home/airflow/.local/lib/python3.8/site-packages/airflow/example_dags/example_latest_only.py took 0.046 seconds
[2024-10-20T10:24:50.886+0000] {processor.py:161} INFO - Started process (PID=578) to work on /home/airflow/.local/lib/python3.8/site-packages/airflow/example_dags/example_latest_only.py
[2024-10-20T10:24:50.886+0000] {processor.py:830} INFO - Processing file /home/airflow/.local/lib/python3.8/site-packages/airflow/example_dags/example_latest_only.py for tasks to queue
[2024-10-20T10:24:50.902+0000] {logging_mixin.py:188} INFO - [2024-10-20T10:24:50.888+0000] {dagbag.py:540} INFO - Filling up the DagBag from /home/airflow/.local/lib/python3.8/site-packages/airflow/example_dags/example_latest_only.py
[2024-10-20T10:24:50.912+0000] {processor.py:840} INFO - DAG(s) 'latest_only' retrieved from /home/airflow/.local/lib/python3.8/site-packages/airflow/example_dags/example_latest_only.py
[2024-10-20T10:24:50.927+0000] {logging_mixin.py:188} INFO - [2024-10-20T10:24:50.927+0000] {dag.py:3047} INFO - Sync 1 DAGs
[2024-10-20T10:24:50.944+0000] {logging_mixin.py:188} INFO - [2024-10-20T10:24:50.944+0000] {dag.py:3834} INFO - Setting next_dagrun for latest_only to 2024-10-20 04:00:00+00:00, run_after=2024-10-20 08:00:00+00:00
[2024-10-20T10:24:50.979+0000] {processor.py:183} INFO - Processing /home/airflow/.local/lib/python3.8/site-packages/airflow/example_dags/example_latest_only.py took 0.095 seconds
[2024-10-20T10:25:21.143+0000] {processor.py:161} INFO - Started process (PID=633) to work on /home/airflow/.local/lib/python3.8/site-packages/airflow/example_dags/example_latest_only.py
[2024-10-20T10:25:21.144+0000] {processor.py:830} INFO - Processing file /home/airflow/.local/lib/python3.8/site-packages/airflow/example_dags/example_latest_only.py for tasks to queue
[2024-10-20T10:25:21.145+0000] {logging_mixin.py:188} INFO - [2024-10-20T10:25:21.145+0000] {dagbag.py:540} INFO - Filling up the DagBag from /home/airflow/.local/lib/python3.8/site-packages/airflow/example_dags/example_latest_only.py
[2024-10-20T10:25:21.150+0000] {processor.py:840} INFO - DAG(s) 'latest_only' retrieved from /home/airflow/.local/lib/python3.8/site-packages/airflow/example_dags/example_latest_only.py
[2024-10-20T10:25:21.163+0000] {logging_mixin.py:188} INFO - [2024-10-20T10:25:21.163+0000] {dag.py:3047} INFO - Sync 1 DAGs
[2024-10-20T10:25:21.176+0000] {logging_mixin.py:188} INFO - [2024-10-20T10:25:21.176+0000] {dag.py:3834} INFO - Setting next_dagrun for latest_only to 2024-10-20 04:00:00+00:00, run_after=2024-10-20 08:00:00+00:00
[2024-10-20T10:25:21.189+0000] {processor.py:183} INFO - Processing /home/airflow/.local/lib/python3.8/site-packages/airflow/example_dags/example_latest_only.py took 0.048 seconds
[2024-10-20T10:25:51.419+0000] {processor.py:161} INFO - Started process (PID=688) to work on /home/airflow/.local/lib/python3.8/site-packages/airflow/example_dags/example_latest_only.py
[2024-10-20T10:25:51.420+0000] {processor.py:830} INFO - Processing file /home/airflow/.local/lib/python3.8/site-packages/airflow/example_dags/example_latest_only.py for tasks to queue
[2024-10-20T10:25:51.422+0000] {logging_mixin.py:188} INFO - [2024-10-20T10:25:51.421+0000] {dagbag.py:540} INFO - Filling up the DagBag from /home/airflow/.local/lib/python3.8/site-packages/airflow/example_dags/example_latest_only.py
[2024-10-20T10:25:51.426+0000] {processor.py:840} INFO - DAG(s) 'latest_only' retrieved from /home/airflow/.local/lib/python3.8/site-packages/airflow/example_dags/example_latest_only.py
[2024-10-20T10:25:51.440+0000] {logging_mixin.py:188} INFO - [2024-10-20T10:25:51.440+0000] {dag.py:3047} INFO - Sync 1 DAGs
[2024-10-20T10:25:51.455+0000] {logging_mixin.py:188} INFO - [2024-10-20T10:25:51.455+0000] {dag.py:3834} INFO - Setting next_dagrun for latest_only to 2024-10-20 04:00:00+00:00, run_after=2024-10-20 08:00:00+00:00
[2024-10-20T10:25:51.469+0000] {processor.py:183} INFO - Processing /home/airflow/.local/lib/python3.8/site-packages/airflow/example_dags/example_latest_only.py took 0.053 seconds
[2024-10-20T10:26:22.136+0000] {processor.py:161} INFO - Started process (PID=743) to work on /home/airflow/.local/lib/python3.8/site-packages/airflow/example_dags/example_latest_only.py
[2024-10-20T10:26:22.138+0000] {processor.py:830} INFO - Processing file /home/airflow/.local/lib/python3.8/site-packages/airflow/example_dags/example_latest_only.py for tasks to queue
[2024-10-20T10:26:22.139+0000] {logging_mixin.py:188} INFO - [2024-10-20T10:26:22.139+0000] {dagbag.py:540} INFO - Filling up the DagBag from /home/airflow/.local/lib/python3.8/site-packages/airflow/example_dags/example_latest_only.py
[2024-10-20T10:26:22.145+0000] {processor.py:840} INFO - DAG(s) 'latest_only' retrieved from /home/airflow/.local/lib/python3.8/site-packages/airflow/example_dags/example_latest_only.py
[2024-10-20T10:26:22.160+0000] {logging_mixin.py:188} INFO - [2024-10-20T10:26:22.160+0000] {dag.py:3047} INFO - Sync 1 DAGs
[2024-10-20T10:26:22.175+0000] {logging_mixin.py:188} INFO - [2024-10-20T10:26:22.175+0000] {dag.py:3834} INFO - Setting next_dagrun for latest_only to 2024-10-20 04:00:00+00:00, run_after=2024-10-20 08:00:00+00:00
[2024-10-20T10:26:22.188+0000] {processor.py:183} INFO - Processing /home/airflow/.local/lib/python3.8/site-packages/airflow/example_dags/example_latest_only.py took 0.054 seconds
[2024-10-20T10:26:52.857+0000] {processor.py:161} INFO - Started process (PID=798) to work on /home/airflow/.local/lib/python3.8/site-packages/airflow/example_dags/example_latest_only.py
[2024-10-20T10:26:52.858+0000] {processor.py:830} INFO - Processing file /home/airflow/.local/lib/python3.8/site-packages/airflow/example_dags/example_latest_only.py for tasks to queue
[2024-10-20T10:26:52.859+0000] {logging_mixin.py:188} INFO - [2024-10-20T10:26:52.859+0000] {dagbag.py:540} INFO - Filling up the DagBag from /home/airflow/.local/lib/python3.8/site-packages/airflow/example_dags/example_latest_only.py
[2024-10-20T10:26:52.863+0000] {processor.py:840} INFO - DAG(s) 'latest_only' retrieved from /home/airflow/.local/lib/python3.8/site-packages/airflow/example_dags/example_latest_only.py
[2024-10-20T10:26:52.876+0000] {logging_mixin.py:188} INFO - [2024-10-20T10:26:52.875+0000] {dag.py:3047} INFO - Sync 1 DAGs
[2024-10-20T10:26:52.889+0000] {logging_mixin.py:188} INFO - [2024-10-20T10:26:52.889+0000] {dag.py:3834} INFO - Setting next_dagrun for latest_only to 2024-10-20 04:00:00+00:00, run_after=2024-10-20 08:00:00+00:00
[2024-10-20T10:26:52.902+0000] {processor.py:183} INFO - Processing /home/airflow/.local/lib/python3.8/site-packages/airflow/example_dags/example_latest_only.py took 0.046 seconds
[2024-10-20T10:27:23.519+0000] {processor.py:161} INFO - Started process (PID=853) to work on /home/airflow/.local/lib/python3.8/site-packages/airflow/example_dags/example_latest_only.py
[2024-10-20T10:27:23.520+0000] {processor.py:830} INFO - Processing file /home/airflow/.local/lib/python3.8/site-packages/airflow/example_dags/example_latest_only.py for tasks to queue
[2024-10-20T10:27:23.521+0000] {logging_mixin.py:188} INFO - [2024-10-20T10:27:23.521+0000] {dagbag.py:540} INFO - Filling up the DagBag from /home/airflow/.local/lib/python3.8/site-packages/airflow/example_dags/example_latest_only.py
[2024-10-20T10:27:23.524+0000] {processor.py:840} INFO - DAG(s) 'latest_only' retrieved from /home/airflow/.local/lib/python3.8/site-packages/airflow/example_dags/example_latest_only.py
[2024-10-20T10:27:23.536+0000] {logging_mixin.py:188} INFO - [2024-10-20T10:27:23.536+0000] {dag.py:3047} INFO - Sync 1 DAGs
[2024-10-20T10:27:23.551+0000] {logging_mixin.py:188} INFO - [2024-10-20T10:27:23.551+0000] {dag.py:3834} INFO - Setting next_dagrun for latest_only to 2024-10-20 04:00:00+00:00, run_after=2024-10-20 08:00:00+00:00
[2024-10-20T10:27:23.562+0000] {processor.py:183} INFO - Processing /home/airflow/.local/lib/python3.8/site-packages/airflow/example_dags/example_latest_only.py took 0.045 seconds
[2024-10-20T10:27:54.154+0000] {processor.py:161} INFO - Started process (PID=908) to work on /home/airflow/.local/lib/python3.8/site-packages/airflow/example_dags/example_latest_only.py
[2024-10-20T10:27:54.157+0000] {processor.py:830} INFO - Processing file /home/airflow/.local/lib/python3.8/site-packages/airflow/example_dags/example_latest_only.py for tasks to queue
[2024-10-20T10:27:54.159+0000] {logging_mixin.py:188} INFO - [2024-10-20T10:27:54.158+0000] {dagbag.py:540} INFO - Filling up the DagBag from /home/airflow/.local/lib/python3.8/site-packages/airflow/example_dags/example_latest_only.py
[2024-10-20T10:27:54.162+0000] {processor.py:840} INFO - DAG(s) 'latest_only' retrieved from /home/airflow/.local/lib/python3.8/site-packages/airflow/example_dags/example_latest_only.py
[2024-10-20T10:27:54.180+0000] {logging_mixin.py:188} INFO - [2024-10-20T10:27:54.180+0000] {dag.py:3047} INFO - Sync 1 DAGs
[2024-10-20T10:27:54.197+0000] {logging_mixin.py:188} INFO - [2024-10-20T10:27:54.196+0000] {dag.py:3834} INFO - Setting next_dagrun for latest_only to 2024-10-20 04:00:00+00:00, run_after=2024-10-20 08:00:00+00:00
[2024-10-20T10:27:54.209+0000] {processor.py:183} INFO - Processing /home/airflow/.local/lib/python3.8/site-packages/airflow/example_dags/example_latest_only.py took 0.058 seconds
[2024-10-20T10:28:24.442+0000] {processor.py:161} INFO - Started process (PID=963) to work on /home/airflow/.local/lib/python3.8/site-packages/airflow/example_dags/example_latest_only.py
[2024-10-20T10:28:24.443+0000] {processor.py:830} INFO - Processing file /home/airflow/.local/lib/python3.8/site-packages/airflow/example_dags/example_latest_only.py for tasks to queue
[2024-10-20T10:28:24.445+0000] {logging_mixin.py:188} INFO - [2024-10-20T10:28:24.444+0000] {dagbag.py:540} INFO - Filling up the DagBag from /home/airflow/.local/lib/python3.8/site-packages/airflow/example_dags/example_latest_only.py
[2024-10-20T10:28:24.448+0000] {processor.py:840} INFO - DAG(s) 'latest_only' retrieved from /home/airflow/.local/lib/python3.8/site-packages/airflow/example_dags/example_latest_only.py
[2024-10-20T10:28:24.461+0000] {logging_mixin.py:188} INFO - [2024-10-20T10:28:24.461+0000] {dag.py:3047} INFO - Sync 1 DAGs
[2024-10-20T10:28:24.475+0000] {logging_mixin.py:188} INFO - [2024-10-20T10:28:24.475+0000] {dag.py:3834} INFO - Setting next_dagrun for latest_only to 2024-10-20 04:00:00+00:00, run_after=2024-10-20 08:00:00+00:00
[2024-10-20T10:28:24.488+0000] {processor.py:183} INFO - Processing /home/airflow/.local/lib/python3.8/site-packages/airflow/example_dags/example_latest_only.py took 0.048 seconds
[2024-10-20T10:28:55.062+0000] {processor.py:161} INFO - Started process (PID=1018) to work on /home/airflow/.local/lib/python3.8/site-packages/airflow/example_dags/example_latest_only.py
[2024-10-20T10:28:55.065+0000] {processor.py:830} INFO - Processing file /home/airflow/.local/lib/python3.8/site-packages/airflow/example_dags/example_latest_only.py for tasks to queue
[2024-10-20T10:28:55.068+0000] {logging_mixin.py:188} INFO - [2024-10-20T10:28:55.068+0000] {dagbag.py:540} INFO - Filling up the DagBag from /home/airflow/.local/lib/python3.8/site-packages/airflow/example_dags/example_latest_only.py
[2024-10-20T10:28:55.072+0000] {processor.py:840} INFO - DAG(s) 'latest_only' retrieved from /home/airflow/.local/lib/python3.8/site-packages/airflow/example_dags/example_latest_only.py
[2024-10-20T10:28:55.086+0000] {logging_mixin.py:188} INFO - [2024-10-20T10:28:55.086+0000] {dag.py:3047} INFO - Sync 1 DAGs
[2024-10-20T10:28:55.103+0000] {logging_mixin.py:188} INFO - [2024-10-20T10:28:55.103+0000] {dag.py:3834} INFO - Setting next_dagrun for latest_only to 2024-10-20 04:00:00+00:00, run_after=2024-10-20 08:00:00+00:00
[2024-10-20T10:28:55.118+0000] {processor.py:183} INFO - Processing /home/airflow/.local/lib/python3.8/site-packages/airflow/example_dags/example_latest_only.py took 0.059 seconds
[2024-10-20T10:29:25.786+0000] {processor.py:161} INFO - Started process (PID=1073) to work on /home/airflow/.local/lib/python3.8/site-packages/airflow/example_dags/example_latest_only.py
[2024-10-20T10:29:25.787+0000] {processor.py:830} INFO - Processing file /home/airflow/.local/lib/python3.8/site-packages/airflow/example_dags/example_latest_only.py for tasks to queue
[2024-10-20T10:29:25.788+0000] {logging_mixin.py:188} INFO - [2024-10-20T10:29:25.788+0000] {dagbag.py:540} INFO - Filling up the DagBag from /home/airflow/.local/lib/python3.8/site-packages/airflow/example_dags/example_latest_only.py
[2024-10-20T10:29:25.792+0000] {processor.py:840} INFO - DAG(s) 'latest_only' retrieved from /home/airflow/.local/lib/python3.8/site-packages/airflow/example_dags/example_latest_only.py
[2024-10-20T10:29:25.805+0000] {logging_mixin.py:188} INFO - [2024-10-20T10:29:25.805+0000] {dag.py:3047} INFO - Sync 1 DAGs
[2024-10-20T10:29:25.818+0000] {logging_mixin.py:188} INFO - [2024-10-20T10:29:25.818+0000] {dag.py:3834} INFO - Setting next_dagrun for latest_only to 2024-10-20 04:00:00+00:00, run_after=2024-10-20 08:00:00+00:00
[2024-10-20T10:29:25.829+0000] {processor.py:183} INFO - Processing /home/airflow/.local/lib/python3.8/site-packages/airflow/example_dags/example_latest_only.py took 0.045 seconds
[2024-10-20T10:29:56.526+0000] {processor.py:161} INFO - Started process (PID=1128) to work on /home/airflow/.local/lib/python3.8/site-packages/airflow/example_dags/example_latest_only.py
[2024-10-20T10:29:56.527+0000] {processor.py:830} INFO - Processing file /home/airflow/.local/lib/python3.8/site-packages/airflow/example_dags/example_latest_only.py for tasks to queue
[2024-10-20T10:29:56.528+0000] {logging_mixin.py:188} INFO - [2024-10-20T10:29:56.528+0000] {dagbag.py:540} INFO - Filling up the DagBag from /home/airflow/.local/lib/python3.8/site-packages/airflow/example_dags/example_latest_only.py
[2024-10-20T10:29:56.533+0000] {processor.py:840} INFO - DAG(s) 'latest_only' retrieved from /home/airflow/.local/lib/python3.8/site-packages/airflow/example_dags/example_latest_only.py
[2024-10-20T10:29:56.547+0000] {logging_mixin.py:188} INFO - [2024-10-20T10:29:56.547+0000] {dag.py:3047} INFO - Sync 1 DAGs
[2024-10-20T10:29:56.562+0000] {logging_mixin.py:188} INFO - [2024-10-20T10:29:56.562+0000] {dag.py:3834} INFO - Setting next_dagrun for latest_only to 2024-10-20 04:00:00+00:00, run_after=2024-10-20 08:00:00+00:00
[2024-10-20T10:29:56.577+0000] {processor.py:183} INFO - Processing /home/airflow/.local/lib/python3.8/site-packages/airflow/example_dags/example_latest_only.py took 0.054 seconds
[2024-10-20T10:30:27.226+0000] {processor.py:161} INFO - Started process (PID=1183) to work on /home/airflow/.local/lib/python3.8/site-packages/airflow/example_dags/example_latest_only.py
[2024-10-20T10:30:27.227+0000] {processor.py:830} INFO - Processing file /home/airflow/.local/lib/python3.8/site-packages/airflow/example_dags/example_latest_only.py for tasks to queue
[2024-10-20T10:30:27.229+0000] {logging_mixin.py:188} INFO - [2024-10-20T10:30:27.228+0000] {dagbag.py:540} INFO - Filling up the DagBag from /home/airflow/.local/lib/python3.8/site-packages/airflow/example_dags/example_latest_only.py
[2024-10-20T10:30:27.232+0000] {processor.py:840} INFO - DAG(s) 'latest_only' retrieved from /home/airflow/.local/lib/python3.8/site-packages/airflow/example_dags/example_latest_only.py
[2024-10-20T10:30:27.245+0000] {logging_mixin.py:188} INFO - [2024-10-20T10:30:27.244+0000] {dag.py:3047} INFO - Sync 1 DAGs
[2024-10-20T10:30:27.258+0000] {logging_mixin.py:188} INFO - [2024-10-20T10:30:27.258+0000] {dag.py:3834} INFO - Setting next_dagrun for latest_only to 2024-10-20 04:00:00+00:00, run_after=2024-10-20 08:00:00+00:00
[2024-10-20T10:30:27.269+0000] {processor.py:183} INFO - Processing /home/airflow/.local/lib/python3.8/site-packages/airflow/example_dags/example_latest_only.py took 0.046 seconds
[2024-10-20T10:30:57.897+0000] {processor.py:161} INFO - Started process (PID=1238) to work on /home/airflow/.local/lib/python3.8/site-packages/airflow/example_dags/example_latest_only.py
[2024-10-20T10:30:57.898+0000] {processor.py:830} INFO - Processing file /home/airflow/.local/lib/python3.8/site-packages/airflow/example_dags/example_latest_only.py for tasks to queue
[2024-10-20T10:30:57.899+0000] {logging_mixin.py:188} INFO - [2024-10-20T10:30:57.899+0000] {dagbag.py:540} INFO - Filling up the DagBag from /home/airflow/.local/lib/python3.8/site-packages/airflow/example_dags/example_latest_only.py
[2024-10-20T10:30:57.903+0000] {processor.py:840} INFO - DAG(s) 'latest_only' retrieved from /home/airflow/.local/lib/python3.8/site-packages/airflow/example_dags/example_latest_only.py
[2024-10-20T10:30:57.915+0000] {logging_mixin.py:188} INFO - [2024-10-20T10:30:57.915+0000] {dag.py:3047} INFO - Sync 1 DAGs
[2024-10-20T10:30:57.929+0000] {logging_mixin.py:188} INFO - [2024-10-20T10:30:57.929+0000] {dag.py:3834} INFO - Setting next_dagrun for latest_only to 2024-10-20 04:00:00+00:00, run_after=2024-10-20 08:00:00+00:00
[2024-10-20T10:30:57.939+0000] {processor.py:183} INFO - Processing /home/airflow/.local/lib/python3.8/site-packages/airflow/example_dags/example_latest_only.py took 0.046 seconds
[2024-10-20T10:31:28.544+0000] {processor.py:161} INFO - Started process (PID=1293) to work on /home/airflow/.local/lib/python3.8/site-packages/airflow/example_dags/example_latest_only.py
[2024-10-20T10:31:28.545+0000] {processor.py:830} INFO - Processing file /home/airflow/.local/lib/python3.8/site-packages/airflow/example_dags/example_latest_only.py for tasks to queue
[2024-10-20T10:31:28.549+0000] {logging_mixin.py:188} INFO - [2024-10-20T10:31:28.549+0000] {dagbag.py:540} INFO - Filling up the DagBag from /home/airflow/.local/lib/python3.8/site-packages/airflow/example_dags/example_latest_only.py
[2024-10-20T10:31:28.553+0000] {processor.py:840} INFO - DAG(s) 'latest_only' retrieved from /home/airflow/.local/lib/python3.8/site-packages/airflow/example_dags/example_latest_only.py
[2024-10-20T10:31:28.571+0000] {logging_mixin.py:188} INFO - [2024-10-20T10:31:28.571+0000] {dag.py:3047} INFO - Sync 1 DAGs
[2024-10-20T10:31:28.588+0000] {logging_mixin.py:188} INFO - [2024-10-20T10:31:28.587+0000] {dag.py:3834} INFO - Setting next_dagrun for latest_only to 2024-10-20 04:00:00+00:00, run_after=2024-10-20 08:00:00+00:00
[2024-10-20T10:31:28.602+0000] {processor.py:183} INFO - Processing /home/airflow/.local/lib/python3.8/site-packages/airflow/example_dags/example_latest_only.py took 0.061 seconds
[2024-10-20T10:31:58.648+0000] {processor.py:161} INFO - Started process (PID=1348) to work on /home/airflow/.local/lib/python3.8/site-packages/airflow/example_dags/example_latest_only.py
[2024-10-20T10:31:58.648+0000] {processor.py:830} INFO - Processing file /home/airflow/.local/lib/python3.8/site-packages/airflow/example_dags/example_latest_only.py for tasks to queue
[2024-10-20T10:31:58.650+0000] {logging_mixin.py:188} INFO - [2024-10-20T10:31:58.649+0000] {dagbag.py:540} INFO - Filling up the DagBag from /home/airflow/.local/lib/python3.8/site-packages/airflow/example_dags/example_latest_only.py
[2024-10-20T10:31:58.653+0000] {processor.py:840} INFO - DAG(s) 'latest_only' retrieved from /home/airflow/.local/lib/python3.8/site-packages/airflow/example_dags/example_latest_only.py
[2024-10-20T10:31:58.667+0000] {logging_mixin.py:188} INFO - [2024-10-20T10:31:58.667+0000] {dag.py:3047} INFO - Sync 1 DAGs
[2024-10-20T10:31:58.686+0000] {logging_mixin.py:188} INFO - [2024-10-20T10:31:58.685+0000] {dag.py:3834} INFO - Setting next_dagrun for latest_only to 2024-10-20 04:00:00+00:00, run_after=2024-10-20 08:00:00+00:00
[2024-10-20T10:31:58.697+0000] {processor.py:183} INFO - Processing /home/airflow/.local/lib/python3.8/site-packages/airflow/example_dags/example_latest_only.py took 0.051 seconds
[2024-10-20T10:32:29.474+0000] {processor.py:161} INFO - Started process (PID=1403) to work on /home/airflow/.local/lib/python3.8/site-packages/airflow/example_dags/example_latest_only.py
[2024-10-20T10:32:29.475+0000] {processor.py:830} INFO - Processing file /home/airflow/.local/lib/python3.8/site-packages/airflow/example_dags/example_latest_only.py for tasks to queue
[2024-10-20T10:32:29.476+0000] {logging_mixin.py:188} INFO - [2024-10-20T10:32:29.476+0000] {dagbag.py:540} INFO - Filling up the DagBag from /home/airflow/.local/lib/python3.8/site-packages/airflow/example_dags/example_latest_only.py
[2024-10-20T10:32:29.481+0000] {processor.py:840} INFO - DAG(s) 'latest_only' retrieved from /home/airflow/.local/lib/python3.8/site-packages/airflow/example_dags/example_latest_only.py
[2024-10-20T10:32:29.500+0000] {logging_mixin.py:188} INFO - [2024-10-20T10:32:29.500+0000] {dag.py:3047} INFO - Sync 1 DAGs
[2024-10-20T10:32:29.519+0000] {logging_mixin.py:188} INFO - [2024-10-20T10:32:29.519+0000] {dag.py:3834} INFO - Setting next_dagrun for latest_only to 2024-10-20 04:00:00+00:00, run_after=2024-10-20 08:00:00+00:00
[2024-10-20T10:32:29.532+0000] {processor.py:183} INFO - Processing /home/airflow/.local/lib/python3.8/site-packages/airflow/example_dags/example_latest_only.py took 0.061 seconds
[2024-10-20T10:33:00.200+0000] {processor.py:161} INFO - Started process (PID=1458) to work on /home/airflow/.local/lib/python3.8/site-packages/airflow/example_dags/example_latest_only.py
[2024-10-20T10:33:00.202+0000] {processor.py:830} INFO - Processing file /home/airflow/.local/lib/python3.8/site-packages/airflow/example_dags/example_latest_only.py for tasks to queue
[2024-10-20T10:33:00.204+0000] {logging_mixin.py:188} INFO - [2024-10-20T10:33:00.203+0000] {dagbag.py:540} INFO - Filling up the DagBag from /home/airflow/.local/lib/python3.8/site-packages/airflow/example_dags/example_latest_only.py
[2024-10-20T10:33:00.208+0000] {processor.py:840} INFO - DAG(s) 'latest_only' retrieved from /home/airflow/.local/lib/python3.8/site-packages/airflow/example_dags/example_latest_only.py
[2024-10-20T10:33:00.223+0000] {logging_mixin.py:188} INFO - [2024-10-20T10:33:00.223+0000] {dag.py:3047} INFO - Sync 1 DAGs
[2024-10-20T10:33:00.239+0000] {logging_mixin.py:188} INFO - [2024-10-20T10:33:00.239+0000] {dag.py:3834} INFO - Setting next_dagrun for latest_only to 2024-10-20 04:00:00+00:00, run_after=2024-10-20 08:00:00+00:00
[2024-10-20T10:33:00.252+0000] {processor.py:183} INFO - Processing /home/airflow/.local/lib/python3.8/site-packages/airflow/example_dags/example_latest_only.py took 0.054 seconds
[2024-10-20T10:33:30.297+0000] {processor.py:161} INFO - Started process (PID=1513) to work on /home/airflow/.local/lib/python3.8/site-packages/airflow/example_dags/example_latest_only.py
[2024-10-20T10:33:30.298+0000] {processor.py:830} INFO - Processing file /home/airflow/.local/lib/python3.8/site-packages/airflow/example_dags/example_latest_only.py for tasks to queue
[2024-10-20T10:33:30.299+0000] {logging_mixin.py:188} INFO - [2024-10-20T10:33:30.299+0000] {dagbag.py:540} INFO - Filling up the DagBag from /home/airflow/.local/lib/python3.8/site-packages/airflow/example_dags/example_latest_only.py
[2024-10-20T10:33:30.302+0000] {processor.py:840} INFO - DAG(s) 'latest_only' retrieved from /home/airflow/.local/lib/python3.8/site-packages/airflow/example_dags/example_latest_only.py
[2024-10-20T10:33:30.317+0000] {logging_mixin.py:188} INFO - [2024-10-20T10:33:30.316+0000] {dag.py:3047} INFO - Sync 1 DAGs
[2024-10-20T10:33:30.330+0000] {logging_mixin.py:188} INFO - [2024-10-20T10:33:30.330+0000] {dag.py:3834} INFO - Setting next_dagrun for latest_only to 2024-10-20 04:00:00+00:00, run_after=2024-10-20 08:00:00+00:00
[2024-10-20T10:33:30.341+0000] {processor.py:183} INFO - Processing /home/airflow/.local/lib/python3.8/site-packages/airflow/example_dags/example_latest_only.py took 0.046 seconds
[2024-10-20T10:34:00.423+0000] {processor.py:161} INFO - Started process (PID=1568) to work on /home/airflow/.local/lib/python3.8/site-packages/airflow/example_dags/example_latest_only.py
[2024-10-20T10:34:00.425+0000] {processor.py:830} INFO - Processing file /home/airflow/.local/lib/python3.8/site-packages/airflow/example_dags/example_latest_only.py for tasks to queue
[2024-10-20T10:34:00.426+0000] {logging_mixin.py:188} INFO - [2024-10-20T10:34:00.426+0000] {dagbag.py:540} INFO - Filling up the DagBag from /home/airflow/.local/lib/python3.8/site-packages/airflow/example_dags/example_latest_only.py
[2024-10-20T10:34:00.429+0000] {processor.py:840} INFO - DAG(s) 'latest_only' retrieved from /home/airflow/.local/lib/python3.8/site-packages/airflow/example_dags/example_latest_only.py
[2024-10-20T10:34:00.442+0000] {logging_mixin.py:188} INFO - [2024-10-20T10:34:00.442+0000] {dag.py:3047} INFO - Sync 1 DAGs
[2024-10-20T10:34:00.455+0000] {logging_mixin.py:188} INFO - [2024-10-20T10:34:00.455+0000] {dag.py:3834} INFO - Setting next_dagrun for latest_only to 2024-10-20 04:00:00+00:00, run_after=2024-10-20 08:00:00+00:00
[2024-10-20T10:34:00.466+0000] {processor.py:183} INFO - Processing /home/airflow/.local/lib/python3.8/site-packages/airflow/example_dags/example_latest_only.py took 0.045 seconds
[2024-10-20T10:34:31.170+0000] {processor.py:161} INFO - Started process (PID=1623) to work on /home/airflow/.local/lib/python3.8/site-packages/airflow/example_dags/example_latest_only.py
[2024-10-20T10:34:31.171+0000] {processor.py:830} INFO - Processing file /home/airflow/.local/lib/python3.8/site-packages/airflow/example_dags/example_latest_only.py for tasks to queue
[2024-10-20T10:34:31.173+0000] {logging_mixin.py:188} INFO - [2024-10-20T10:34:31.173+0000] {dagbag.py:540} INFO - Filling up the DagBag from /home/airflow/.local/lib/python3.8/site-packages/airflow/example_dags/example_latest_only.py
[2024-10-20T10:34:31.176+0000] {processor.py:840} INFO - DAG(s) 'latest_only' retrieved from /home/airflow/.local/lib/python3.8/site-packages/airflow/example_dags/example_latest_only.py
[2024-10-20T10:34:31.189+0000] {logging_mixin.py:188} INFO - [2024-10-20T10:34:31.189+0000] {dag.py:3047} INFO - Sync 1 DAGs
[2024-10-20T10:34:31.202+0000] {logging_mixin.py:188} INFO - [2024-10-20T10:34:31.202+0000] {dag.py:3834} INFO - Setting next_dagrun for latest_only to 2024-10-20 04:00:00+00:00, run_after=2024-10-20 08:00:00+00:00
[2024-10-20T10:34:31.213+0000] {processor.py:183} INFO - Processing /home/airflow/.local/lib/python3.8/site-packages/airflow/example_dags/example_latest_only.py took 0.046 seconds
[2024-10-20T10:35:48.447+0000] {processor.py:161} INFO - Started process (PID=65) to work on /home/airflow/.local/lib/python3.8/site-packages/airflow/example_dags/example_latest_only.py
[2024-10-20T10:35:48.454+0000] {processor.py:830} INFO - Processing file /home/airflow/.local/lib/python3.8/site-packages/airflow/example_dags/example_latest_only.py for tasks to queue
[2024-10-20T10:35:48.457+0000] {logging_mixin.py:188} INFO - [2024-10-20T10:35:48.456+0000] {dagbag.py:540} INFO - Filling up the DagBag from /home/airflow/.local/lib/python3.8/site-packages/airflow/example_dags/example_latest_only.py
[2024-10-20T10:35:48.466+0000] {processor.py:840} INFO - DAG(s) 'latest_only' retrieved from /home/airflow/.local/lib/python3.8/site-packages/airflow/example_dags/example_latest_only.py
[2024-10-20T10:35:48.482+0000] {logging_mixin.py:188} INFO - [2024-10-20T10:35:48.482+0000] {dag.py:3047} INFO - Sync 1 DAGs
[2024-10-20T10:35:48.539+0000] {logging_mixin.py:188} INFO - [2024-10-20T10:35:48.538+0000] {dag.py:3834} INFO - Setting next_dagrun for latest_only to 2024-10-20 04:00:00+00:00, run_after=2024-10-20 08:00:00+00:00
[2024-10-20T10:35:48.668+0000] {processor.py:183} INFO - Processing /home/airflow/.local/lib/python3.8/site-packages/airflow/example_dags/example_latest_only.py took 0.225 seconds
[2024-10-20T10:36:19.160+0000] {processor.py:161} INFO - Started process (PID=120) to work on /home/airflow/.local/lib/python3.8/site-packages/airflow/example_dags/example_latest_only.py
[2024-10-20T10:36:19.162+0000] {processor.py:830} INFO - Processing file /home/airflow/.local/lib/python3.8/site-packages/airflow/example_dags/example_latest_only.py for tasks to queue
[2024-10-20T10:36:19.164+0000] {logging_mixin.py:188} INFO - [2024-10-20T10:36:19.164+0000] {dagbag.py:540} INFO - Filling up the DagBag from /home/airflow/.local/lib/python3.8/site-packages/airflow/example_dags/example_latest_only.py
[2024-10-20T10:36:19.170+0000] {processor.py:840} INFO - DAG(s) 'latest_only' retrieved from /home/airflow/.local/lib/python3.8/site-packages/airflow/example_dags/example_latest_only.py
[2024-10-20T10:36:19.321+0000] {logging_mixin.py:188} INFO - [2024-10-20T10:36:19.321+0000] {dag.py:3047} INFO - Sync 1 DAGs
[2024-10-20T10:36:19.359+0000] {logging_mixin.py:188} INFO - [2024-10-20T10:36:19.359+0000] {dag.py:3834} INFO - Setting next_dagrun for latest_only to 2024-10-20 04:00:00+00:00, run_after=2024-10-20 08:00:00+00:00
[2024-10-20T10:36:19.393+0000] {processor.py:183} INFO - Processing /home/airflow/.local/lib/python3.8/site-packages/airflow/example_dags/example_latest_only.py took 0.238 seconds
[2024-10-20T10:36:49.941+0000] {processor.py:161} INFO - Started process (PID=176) to work on /home/airflow/.local/lib/python3.8/site-packages/airflow/example_dags/example_latest_only.py
[2024-10-20T10:36:49.944+0000] {processor.py:830} INFO - Processing file /home/airflow/.local/lib/python3.8/site-packages/airflow/example_dags/example_latest_only.py for tasks to queue
[2024-10-20T10:36:49.945+0000] {logging_mixin.py:188} INFO - [2024-10-20T10:36:49.945+0000] {dagbag.py:540} INFO - Filling up the DagBag from /home/airflow/.local/lib/python3.8/site-packages/airflow/example_dags/example_latest_only.py
[2024-10-20T10:36:49.949+0000] {processor.py:840} INFO - DAG(s) 'latest_only' retrieved from /home/airflow/.local/lib/python3.8/site-packages/airflow/example_dags/example_latest_only.py
[2024-10-20T10:36:49.967+0000] {logging_mixin.py:188} INFO - [2024-10-20T10:36:49.967+0000] {dag.py:3047} INFO - Sync 1 DAGs
[2024-10-20T10:36:49.983+0000] {logging_mixin.py:188} INFO - [2024-10-20T10:36:49.983+0000] {dag.py:3834} INFO - Setting next_dagrun for latest_only to 2024-10-20 04:00:00+00:00, run_after=2024-10-20 08:00:00+00:00
[2024-10-20T10:36:49.995+0000] {processor.py:183} INFO - Processing /home/airflow/.local/lib/python3.8/site-packages/airflow/example_dags/example_latest_only.py took 0.056 seconds
[2024-10-20T10:37:20.075+0000] {processor.py:161} INFO - Started process (PID=232) to work on /home/airflow/.local/lib/python3.8/site-packages/airflow/example_dags/example_latest_only.py
[2024-10-20T10:37:20.076+0000] {processor.py:830} INFO - Processing file /home/airflow/.local/lib/python3.8/site-packages/airflow/example_dags/example_latest_only.py for tasks to queue
[2024-10-20T10:37:20.077+0000] {logging_mixin.py:188} INFO - [2024-10-20T10:37:20.077+0000] {dagbag.py:540} INFO - Filling up the DagBag from /home/airflow/.local/lib/python3.8/site-packages/airflow/example_dags/example_latest_only.py
[2024-10-20T10:37:20.081+0000] {processor.py:840} INFO - DAG(s) 'latest_only' retrieved from /home/airflow/.local/lib/python3.8/site-packages/airflow/example_dags/example_latest_only.py
[2024-10-20T10:37:20.099+0000] {logging_mixin.py:188} INFO - [2024-10-20T10:37:20.099+0000] {dag.py:3047} INFO - Sync 1 DAGs
[2024-10-20T10:37:20.114+0000] {logging_mixin.py:188} INFO - [2024-10-20T10:37:20.114+0000] {dag.py:3834} INFO - Setting next_dagrun for latest_only to 2024-10-20 04:00:00+00:00, run_after=2024-10-20 08:00:00+00:00
[2024-10-20T10:37:20.130+0000] {processor.py:183} INFO - Processing /home/airflow/.local/lib/python3.8/site-packages/airflow/example_dags/example_latest_only.py took 0.058 seconds
[2024-10-20T10:37:50.956+0000] {processor.py:161} INFO - Started process (PID=293) to work on /home/airflow/.local/lib/python3.8/site-packages/airflow/example_dags/example_latest_only.py
[2024-10-20T10:37:50.957+0000] {processor.py:830} INFO - Processing file /home/airflow/.local/lib/python3.8/site-packages/airflow/example_dags/example_latest_only.py for tasks to queue
[2024-10-20T10:37:50.958+0000] {logging_mixin.py:188} INFO - [2024-10-20T10:37:50.957+0000] {dagbag.py:540} INFO - Filling up the DagBag from /home/airflow/.local/lib/python3.8/site-packages/airflow/example_dags/example_latest_only.py
[2024-10-20T10:37:50.961+0000] {processor.py:840} INFO - DAG(s) 'latest_only' retrieved from /home/airflow/.local/lib/python3.8/site-packages/airflow/example_dags/example_latest_only.py
[2024-10-20T10:37:50.974+0000] {logging_mixin.py:188} INFO - [2024-10-20T10:37:50.974+0000] {dag.py:3047} INFO - Sync 1 DAGs
[2024-10-20T10:37:50.989+0000] {logging_mixin.py:188} INFO - [2024-10-20T10:37:50.989+0000] {dag.py:3834} INFO - Setting next_dagrun for latest_only to 2024-10-20 04:00:00+00:00, run_after=2024-10-20 08:00:00+00:00
[2024-10-20T10:37:51.001+0000] {processor.py:183} INFO - Processing /home/airflow/.local/lib/python3.8/site-packages/airflow/example_dags/example_latest_only.py took 0.048 seconds
[2024-10-20T10:38:21.066+0000] {processor.py:161} INFO - Started process (PID=349) to work on /home/airflow/.local/lib/python3.8/site-packages/airflow/example_dags/example_latest_only.py
[2024-10-20T10:38:21.067+0000] {processor.py:830} INFO - Processing file /home/airflow/.local/lib/python3.8/site-packages/airflow/example_dags/example_latest_only.py for tasks to queue
[2024-10-20T10:38:21.068+0000] {logging_mixin.py:188} INFO - [2024-10-20T10:38:21.068+0000] {dagbag.py:540} INFO - Filling up the DagBag from /home/airflow/.local/lib/python3.8/site-packages/airflow/example_dags/example_latest_only.py
[2024-10-20T10:38:21.072+0000] {processor.py:840} INFO - DAG(s) 'latest_only' retrieved from /home/airflow/.local/lib/python3.8/site-packages/airflow/example_dags/example_latest_only.py
[2024-10-20T10:38:21.086+0000] {logging_mixin.py:188} INFO - [2024-10-20T10:38:21.086+0000] {dag.py:3047} INFO - Sync 1 DAGs
[2024-10-20T10:38:21.099+0000] {logging_mixin.py:188} INFO - [2024-10-20T10:38:21.099+0000] {dag.py:3834} INFO - Setting next_dagrun for latest_only to 2024-10-20 04:00:00+00:00, run_after=2024-10-20 08:00:00+00:00
[2024-10-20T10:38:21.110+0000] {processor.py:183} INFO - Processing /home/airflow/.local/lib/python3.8/site-packages/airflow/example_dags/example_latest_only.py took 0.046 seconds
[2024-10-20T10:38:51.352+0000] {processor.py:161} INFO - Started process (PID=405) to work on /home/airflow/.local/lib/python3.8/site-packages/airflow/example_dags/example_latest_only.py
[2024-10-20T10:38:51.353+0000] {processor.py:830} INFO - Processing file /home/airflow/.local/lib/python3.8/site-packages/airflow/example_dags/example_latest_only.py for tasks to queue
[2024-10-20T10:38:51.355+0000] {logging_mixin.py:188} INFO - [2024-10-20T10:38:51.354+0000] {dagbag.py:540} INFO - Filling up the DagBag from /home/airflow/.local/lib/python3.8/site-packages/airflow/example_dags/example_latest_only.py
[2024-10-20T10:38:51.358+0000] {processor.py:840} INFO - DAG(s) 'latest_only' retrieved from /home/airflow/.local/lib/python3.8/site-packages/airflow/example_dags/example_latest_only.py
[2024-10-20T10:38:51.372+0000] {logging_mixin.py:188} INFO - [2024-10-20T10:38:51.372+0000] {dag.py:3047} INFO - Sync 1 DAGs
[2024-10-20T10:38:51.390+0000] {logging_mixin.py:188} INFO - [2024-10-20T10:38:51.390+0000] {dag.py:3834} INFO - Setting next_dagrun for latest_only to 2024-10-20 04:00:00+00:00, run_after=2024-10-20 08:00:00+00:00
[2024-10-20T10:38:51.407+0000] {processor.py:183} INFO - Processing /home/airflow/.local/lib/python3.8/site-packages/airflow/example_dags/example_latest_only.py took 0.057 seconds
[2024-10-20T10:39:21.470+0000] {processor.py:161} INFO - Started process (PID=461) to work on /home/airflow/.local/lib/python3.8/site-packages/airflow/example_dags/example_latest_only.py
[2024-10-20T10:39:21.471+0000] {processor.py:830} INFO - Processing file /home/airflow/.local/lib/python3.8/site-packages/airflow/example_dags/example_latest_only.py for tasks to queue
[2024-10-20T10:39:21.472+0000] {logging_mixin.py:188} INFO - [2024-10-20T10:39:21.472+0000] {dagbag.py:540} INFO - Filling up the DagBag from /home/airflow/.local/lib/python3.8/site-packages/airflow/example_dags/example_latest_only.py
[2024-10-20T10:39:21.475+0000] {processor.py:840} INFO - DAG(s) 'latest_only' retrieved from /home/airflow/.local/lib/python3.8/site-packages/airflow/example_dags/example_latest_only.py
[2024-10-20T10:39:21.495+0000] {logging_mixin.py:188} INFO - [2024-10-20T10:39:21.495+0000] {dag.py:3047} INFO - Sync 1 DAGs
[2024-10-20T10:39:21.513+0000] {logging_mixin.py:188} INFO - [2024-10-20T10:39:21.513+0000] {dag.py:3834} INFO - Setting next_dagrun for latest_only to 2024-10-20 04:00:00+00:00, run_after=2024-10-20 08:00:00+00:00
[2024-10-20T10:39:21.532+0000] {processor.py:183} INFO - Processing /home/airflow/.local/lib/python3.8/site-packages/airflow/example_dags/example_latest_only.py took 0.065 seconds
[2024-10-20T10:39:51.930+0000] {processor.py:161} INFO - Started process (PID=517) to work on /home/airflow/.local/lib/python3.8/site-packages/airflow/example_dags/example_latest_only.py
[2024-10-20T10:39:51.931+0000] {processor.py:830} INFO - Processing file /home/airflow/.local/lib/python3.8/site-packages/airflow/example_dags/example_latest_only.py for tasks to queue
[2024-10-20T10:39:51.933+0000] {logging_mixin.py:188} INFO - [2024-10-20T10:39:51.933+0000] {dagbag.py:540} INFO - Filling up the DagBag from /home/airflow/.local/lib/python3.8/site-packages/airflow/example_dags/example_latest_only.py
[2024-10-20T10:39:51.937+0000] {processor.py:840} INFO - DAG(s) 'latest_only' retrieved from /home/airflow/.local/lib/python3.8/site-packages/airflow/example_dags/example_latest_only.py
[2024-10-20T10:39:51.955+0000] {logging_mixin.py:188} INFO - [2024-10-20T10:39:51.955+0000] {dag.py:3047} INFO - Sync 1 DAGs
[2024-10-20T10:39:51.974+0000] {logging_mixin.py:188} INFO - [2024-10-20T10:39:51.973+0000] {dag.py:3834} INFO - Setting next_dagrun for latest_only to 2024-10-20 04:00:00+00:00, run_after=2024-10-20 08:00:00+00:00
[2024-10-20T10:39:51.991+0000] {processor.py:183} INFO - Processing /home/airflow/.local/lib/python3.8/site-packages/airflow/example_dags/example_latest_only.py took 0.063 seconds
[2024-10-20T10:40:22.053+0000] {processor.py:161} INFO - Started process (PID=573) to work on /home/airflow/.local/lib/python3.8/site-packages/airflow/example_dags/example_latest_only.py
[2024-10-20T10:40:22.054+0000] {processor.py:830} INFO - Processing file /home/airflow/.local/lib/python3.8/site-packages/airflow/example_dags/example_latest_only.py for tasks to queue
[2024-10-20T10:40:22.055+0000] {logging_mixin.py:188} INFO - [2024-10-20T10:40:22.055+0000] {dagbag.py:540} INFO - Filling up the DagBag from /home/airflow/.local/lib/python3.8/site-packages/airflow/example_dags/example_latest_only.py
[2024-10-20T10:40:22.060+0000] {processor.py:840} INFO - DAG(s) 'latest_only' retrieved from /home/airflow/.local/lib/python3.8/site-packages/airflow/example_dags/example_latest_only.py
[2024-10-20T10:40:22.083+0000] {logging_mixin.py:188} INFO - [2024-10-20T10:40:22.082+0000] {dag.py:3047} INFO - Sync 1 DAGs
[2024-10-20T10:40:22.100+0000] {logging_mixin.py:188} INFO - [2024-10-20T10:40:22.100+0000] {dag.py:3834} INFO - Setting next_dagrun for latest_only to 2024-10-20 04:00:00+00:00, run_after=2024-10-20 08:00:00+00:00
[2024-10-20T10:40:22.117+0000] {processor.py:183} INFO - Processing /home/airflow/.local/lib/python3.8/site-packages/airflow/example_dags/example_latest_only.py took 0.067 seconds
[2024-10-20T10:40:52.198+0000] {processor.py:161} INFO - Started process (PID=629) to work on /home/airflow/.local/lib/python3.8/site-packages/airflow/example_dags/example_latest_only.py
[2024-10-20T10:40:52.200+0000] {processor.py:830} INFO - Processing file /home/airflow/.local/lib/python3.8/site-packages/airflow/example_dags/example_latest_only.py for tasks to queue
[2024-10-20T10:40:52.203+0000] {logging_mixin.py:188} INFO - [2024-10-20T10:40:52.202+0000] {dagbag.py:540} INFO - Filling up the DagBag from /home/airflow/.local/lib/python3.8/site-packages/airflow/example_dags/example_latest_only.py
[2024-10-20T10:40:52.207+0000] {processor.py:840} INFO - DAG(s) 'latest_only' retrieved from /home/airflow/.local/lib/python3.8/site-packages/airflow/example_dags/example_latest_only.py
[2024-10-20T10:40:52.224+0000] {logging_mixin.py:188} INFO - [2024-10-20T10:40:52.224+0000] {dag.py:3047} INFO - Sync 1 DAGs
[2024-10-20T10:40:52.240+0000] {logging_mixin.py:188} INFO - [2024-10-20T10:40:52.240+0000] {dag.py:3834} INFO - Setting next_dagrun for latest_only to 2024-10-20 04:00:00+00:00, run_after=2024-10-20 08:00:00+00:00
[2024-10-20T10:40:52.252+0000] {processor.py:183} INFO - Processing /home/airflow/.local/lib/python3.8/site-packages/airflow/example_dags/example_latest_only.py took 0.057 seconds
[2024-10-20T10:41:22.696+0000] {processor.py:161} INFO - Started process (PID=685) to work on /home/airflow/.local/lib/python3.8/site-packages/airflow/example_dags/example_latest_only.py
[2024-10-20T10:41:22.697+0000] {processor.py:830} INFO - Processing file /home/airflow/.local/lib/python3.8/site-packages/airflow/example_dags/example_latest_only.py for tasks to queue
[2024-10-20T10:41:22.699+0000] {logging_mixin.py:188} INFO - [2024-10-20T10:41:22.698+0000] {dagbag.py:540} INFO - Filling up the DagBag from /home/airflow/.local/lib/python3.8/site-packages/airflow/example_dags/example_latest_only.py
[2024-10-20T10:41:22.702+0000] {processor.py:840} INFO - DAG(s) 'latest_only' retrieved from /home/airflow/.local/lib/python3.8/site-packages/airflow/example_dags/example_latest_only.py
[2024-10-20T10:41:22.724+0000] {logging_mixin.py:188} INFO - [2024-10-20T10:41:22.723+0000] {dag.py:3047} INFO - Sync 1 DAGs
[2024-10-20T10:41:22.739+0000] {logging_mixin.py:188} INFO - [2024-10-20T10:41:22.739+0000] {dag.py:3834} INFO - Setting next_dagrun for latest_only to 2024-10-20 04:00:00+00:00, run_after=2024-10-20 08:00:00+00:00
[2024-10-20T10:41:22.754+0000] {processor.py:183} INFO - Processing /home/airflow/.local/lib/python3.8/site-packages/airflow/example_dags/example_latest_only.py took 0.060 seconds
[2024-10-20T10:41:53.123+0000] {processor.py:161} INFO - Started process (PID=741) to work on /home/airflow/.local/lib/python3.8/site-packages/airflow/example_dags/example_latest_only.py
[2024-10-20T10:41:53.124+0000] {processor.py:830} INFO - Processing file /home/airflow/.local/lib/python3.8/site-packages/airflow/example_dags/example_latest_only.py for tasks to queue
[2024-10-20T10:41:53.125+0000] {logging_mixin.py:188} INFO - [2024-10-20T10:41:53.125+0000] {dagbag.py:540} INFO - Filling up the DagBag from /home/airflow/.local/lib/python3.8/site-packages/airflow/example_dags/example_latest_only.py
[2024-10-20T10:41:53.129+0000] {processor.py:840} INFO - DAG(s) 'latest_only' retrieved from /home/airflow/.local/lib/python3.8/site-packages/airflow/example_dags/example_latest_only.py
[2024-10-20T10:41:53.144+0000] {logging_mixin.py:188} INFO - [2024-10-20T10:41:53.143+0000] {dag.py:3047} INFO - Sync 1 DAGs
[2024-10-20T10:41:53.162+0000] {logging_mixin.py:188} INFO - [2024-10-20T10:41:53.162+0000] {dag.py:3834} INFO - Setting next_dagrun for latest_only to 2024-10-20 04:00:00+00:00, run_after=2024-10-20 08:00:00+00:00
[2024-10-20T10:41:53.180+0000] {processor.py:183} INFO - Processing /home/airflow/.local/lib/python3.8/site-packages/airflow/example_dags/example_latest_only.py took 0.060 seconds
[2024-10-20T10:42:23.230+0000] {processor.py:161} INFO - Started process (PID=797) to work on /home/airflow/.local/lib/python3.8/site-packages/airflow/example_dags/example_latest_only.py
[2024-10-20T10:42:23.231+0000] {processor.py:830} INFO - Processing file /home/airflow/.local/lib/python3.8/site-packages/airflow/example_dags/example_latest_only.py for tasks to queue
[2024-10-20T10:42:23.232+0000] {logging_mixin.py:188} INFO - [2024-10-20T10:42:23.232+0000] {dagbag.py:540} INFO - Filling up the DagBag from /home/airflow/.local/lib/python3.8/site-packages/airflow/example_dags/example_latest_only.py
[2024-10-20T10:42:23.236+0000] {processor.py:840} INFO - DAG(s) 'latest_only' retrieved from /home/airflow/.local/lib/python3.8/site-packages/airflow/example_dags/example_latest_only.py
[2024-10-20T10:42:23.248+0000] {logging_mixin.py:188} INFO - [2024-10-20T10:42:23.248+0000] {dag.py:3047} INFO - Sync 1 DAGs
[2024-10-20T10:42:23.262+0000] {logging_mixin.py:188} INFO - [2024-10-20T10:42:23.262+0000] {dag.py:3834} INFO - Setting next_dagrun for latest_only to 2024-10-20 04:00:00+00:00, run_after=2024-10-20 08:00:00+00:00
[2024-10-20T10:42:23.280+0000] {processor.py:183} INFO - Processing /home/airflow/.local/lib/python3.8/site-packages/airflow/example_dags/example_latest_only.py took 0.053 seconds
[2024-10-20T10:42:53.727+0000] {processor.py:161} INFO - Started process (PID=853) to work on /home/airflow/.local/lib/python3.8/site-packages/airflow/example_dags/example_latest_only.py
[2024-10-20T10:42:53.728+0000] {processor.py:830} INFO - Processing file /home/airflow/.local/lib/python3.8/site-packages/airflow/example_dags/example_latest_only.py for tasks to queue
[2024-10-20T10:42:53.730+0000] {logging_mixin.py:188} INFO - [2024-10-20T10:42:53.729+0000] {dagbag.py:540} INFO - Filling up the DagBag from /home/airflow/.local/lib/python3.8/site-packages/airflow/example_dags/example_latest_only.py
[2024-10-20T10:42:53.733+0000] {processor.py:840} INFO - DAG(s) 'latest_only' retrieved from /home/airflow/.local/lib/python3.8/site-packages/airflow/example_dags/example_latest_only.py
[2024-10-20T10:42:53.746+0000] {logging_mixin.py:188} INFO - [2024-10-20T10:42:53.746+0000] {dag.py:3047} INFO - Sync 1 DAGs
[2024-10-20T10:42:53.761+0000] {logging_mixin.py:188} INFO - [2024-10-20T10:42:53.761+0000] {dag.py:3834} INFO - Setting next_dagrun for latest_only to 2024-10-20 04:00:00+00:00, run_after=2024-10-20 08:00:00+00:00
[2024-10-20T10:42:53.782+0000] {processor.py:183} INFO - Processing /home/airflow/.local/lib/python3.8/site-packages/airflow/example_dags/example_latest_only.py took 0.057 seconds
[2024-10-20T10:43:24.049+0000] {processor.py:161} INFO - Started process (PID=909) to work on /home/airflow/.local/lib/python3.8/site-packages/airflow/example_dags/example_latest_only.py
[2024-10-20T10:43:24.050+0000] {processor.py:830} INFO - Processing file /home/airflow/.local/lib/python3.8/site-packages/airflow/example_dags/example_latest_only.py for tasks to queue
[2024-10-20T10:43:24.051+0000] {logging_mixin.py:188} INFO - [2024-10-20T10:43:24.051+0000] {dagbag.py:540} INFO - Filling up the DagBag from /home/airflow/.local/lib/python3.8/site-packages/airflow/example_dags/example_latest_only.py
[2024-10-20T10:43:24.056+0000] {processor.py:840} INFO - DAG(s) 'latest_only' retrieved from /home/airflow/.local/lib/python3.8/site-packages/airflow/example_dags/example_latest_only.py
[2024-10-20T10:43:24.078+0000] {logging_mixin.py:188} INFO - [2024-10-20T10:43:24.078+0000] {dag.py:3047} INFO - Sync 1 DAGs
[2024-10-20T10:43:24.096+0000] {logging_mixin.py:188} INFO - [2024-10-20T10:43:24.096+0000] {dag.py:3834} INFO - Setting next_dagrun for latest_only to 2024-10-20 04:00:00+00:00, run_after=2024-10-20 08:00:00+00:00
[2024-10-20T10:43:24.112+0000] {processor.py:183} INFO - Processing /home/airflow/.local/lib/python3.8/site-packages/airflow/example_dags/example_latest_only.py took 0.066 seconds
[2024-10-20T10:43:54.353+0000] {processor.py:161} INFO - Started process (PID=965) to work on /home/airflow/.local/lib/python3.8/site-packages/airflow/example_dags/example_latest_only.py
[2024-10-20T10:43:54.356+0000] {processor.py:830} INFO - Processing file /home/airflow/.local/lib/python3.8/site-packages/airflow/example_dags/example_latest_only.py for tasks to queue
[2024-10-20T10:43:54.357+0000] {logging_mixin.py:188} INFO - [2024-10-20T10:43:54.357+0000] {dagbag.py:540} INFO - Filling up the DagBag from /home/airflow/.local/lib/python3.8/site-packages/airflow/example_dags/example_latest_only.py
[2024-10-20T10:43:54.360+0000] {processor.py:840} INFO - DAG(s) 'latest_only' retrieved from /home/airflow/.local/lib/python3.8/site-packages/airflow/example_dags/example_latest_only.py
[2024-10-20T10:43:54.380+0000] {logging_mixin.py:188} INFO - [2024-10-20T10:43:54.379+0000] {dag.py:3047} INFO - Sync 1 DAGs
[2024-10-20T10:43:54.397+0000] {logging_mixin.py:188} INFO - [2024-10-20T10:43:54.396+0000] {dag.py:3834} INFO - Setting next_dagrun for latest_only to 2024-10-20 04:00:00+00:00, run_after=2024-10-20 08:00:00+00:00
[2024-10-20T10:43:54.415+0000] {processor.py:183} INFO - Processing /home/airflow/.local/lib/python3.8/site-packages/airflow/example_dags/example_latest_only.py took 0.064 seconds
[2024-10-20T10:44:24.553+0000] {processor.py:161} INFO - Started process (PID=1021) to work on /home/airflow/.local/lib/python3.8/site-packages/airflow/example_dags/example_latest_only.py
[2024-10-20T10:44:24.554+0000] {processor.py:830} INFO - Processing file /home/airflow/.local/lib/python3.8/site-packages/airflow/example_dags/example_latest_only.py for tasks to queue
[2024-10-20T10:44:24.556+0000] {logging_mixin.py:188} INFO - [2024-10-20T10:44:24.555+0000] {dagbag.py:540} INFO - Filling up the DagBag from /home/airflow/.local/lib/python3.8/site-packages/airflow/example_dags/example_latest_only.py
[2024-10-20T10:44:24.559+0000] {processor.py:840} INFO - DAG(s) 'latest_only' retrieved from /home/airflow/.local/lib/python3.8/site-packages/airflow/example_dags/example_latest_only.py
[2024-10-20T10:44:24.580+0000] {logging_mixin.py:188} INFO - [2024-10-20T10:44:24.580+0000] {dag.py:3047} INFO - Sync 1 DAGs
[2024-10-20T10:44:24.595+0000] {logging_mixin.py:188} INFO - [2024-10-20T10:44:24.595+0000] {dag.py:3834} INFO - Setting next_dagrun for latest_only to 2024-10-20 04:00:00+00:00, run_after=2024-10-20 08:00:00+00:00
[2024-10-20T10:44:24.611+0000] {processor.py:183} INFO - Processing /home/airflow/.local/lib/python3.8/site-packages/airflow/example_dags/example_latest_only.py took 0.060 seconds
[2024-10-20T10:44:54.736+0000] {processor.py:161} INFO - Started process (PID=1077) to work on /home/airflow/.local/lib/python3.8/site-packages/airflow/example_dags/example_latest_only.py
[2024-10-20T10:44:54.737+0000] {processor.py:830} INFO - Processing file /home/airflow/.local/lib/python3.8/site-packages/airflow/example_dags/example_latest_only.py for tasks to queue
[2024-10-20T10:44:54.738+0000] {logging_mixin.py:188} INFO - [2024-10-20T10:44:54.738+0000] {dagbag.py:540} INFO - Filling up the DagBag from /home/airflow/.local/lib/python3.8/site-packages/airflow/example_dags/example_latest_only.py
[2024-10-20T10:44:54.741+0000] {processor.py:840} INFO - DAG(s) 'latest_only' retrieved from /home/airflow/.local/lib/python3.8/site-packages/airflow/example_dags/example_latest_only.py
[2024-10-20T10:44:54.763+0000] {logging_mixin.py:188} INFO - [2024-10-20T10:44:54.763+0000] {dag.py:3047} INFO - Sync 1 DAGs
[2024-10-20T10:44:54.779+0000] {logging_mixin.py:188} INFO - [2024-10-20T10:44:54.779+0000] {dag.py:3834} INFO - Setting next_dagrun for latest_only to 2024-10-20 04:00:00+00:00, run_after=2024-10-20 08:00:00+00:00
[2024-10-20T10:44:54.795+0000] {processor.py:183} INFO - Processing /home/airflow/.local/lib/python3.8/site-packages/airflow/example_dags/example_latest_only.py took 0.062 seconds
[2024-10-20T10:45:25.102+0000] {processor.py:161} INFO - Started process (PID=1133) to work on /home/airflow/.local/lib/python3.8/site-packages/airflow/example_dags/example_latest_only.py
[2024-10-20T10:45:25.104+0000] {processor.py:830} INFO - Processing file /home/airflow/.local/lib/python3.8/site-packages/airflow/example_dags/example_latest_only.py for tasks to queue
[2024-10-20T10:45:25.106+0000] {logging_mixin.py:188} INFO - [2024-10-20T10:45:25.106+0000] {dagbag.py:540} INFO - Filling up the DagBag from /home/airflow/.local/lib/python3.8/site-packages/airflow/example_dags/example_latest_only.py
[2024-10-20T10:45:25.110+0000] {processor.py:840} INFO - DAG(s) 'latest_only' retrieved from /home/airflow/.local/lib/python3.8/site-packages/airflow/example_dags/example_latest_only.py
[2024-10-20T10:45:25.127+0000] {logging_mixin.py:188} INFO - [2024-10-20T10:45:25.127+0000] {dag.py:3047} INFO - Sync 1 DAGs
[2024-10-20T10:45:25.144+0000] {logging_mixin.py:188} INFO - [2024-10-20T10:45:25.143+0000] {dag.py:3834} INFO - Setting next_dagrun for latest_only to 2024-10-20 04:00:00+00:00, run_after=2024-10-20 08:00:00+00:00
[2024-10-20T10:45:25.161+0000] {processor.py:183} INFO - Processing /home/airflow/.local/lib/python3.8/site-packages/airflow/example_dags/example_latest_only.py took 0.062 seconds
[2024-10-20T10:45:55.352+0000] {processor.py:161} INFO - Started process (PID=1189) to work on /home/airflow/.local/lib/python3.8/site-packages/airflow/example_dags/example_latest_only.py
[2024-10-20T10:45:55.353+0000] {processor.py:830} INFO - Processing file /home/airflow/.local/lib/python3.8/site-packages/airflow/example_dags/example_latest_only.py for tasks to queue
[2024-10-20T10:45:55.354+0000] {logging_mixin.py:188} INFO - [2024-10-20T10:45:55.354+0000] {dagbag.py:540} INFO - Filling up the DagBag from /home/airflow/.local/lib/python3.8/site-packages/airflow/example_dags/example_latest_only.py
[2024-10-20T10:45:55.358+0000] {processor.py:840} INFO - DAG(s) 'latest_only' retrieved from /home/airflow/.local/lib/python3.8/site-packages/airflow/example_dags/example_latest_only.py
[2024-10-20T10:45:55.377+0000] {logging_mixin.py:188} INFO - [2024-10-20T10:45:55.376+0000] {dag.py:3047} INFO - Sync 1 DAGs
[2024-10-20T10:45:55.393+0000] {logging_mixin.py:188} INFO - [2024-10-20T10:45:55.393+0000] {dag.py:3834} INFO - Setting next_dagrun for latest_only to 2024-10-20 04:00:00+00:00, run_after=2024-10-20 08:00:00+00:00
[2024-10-20T10:45:55.412+0000] {processor.py:183} INFO - Processing /home/airflow/.local/lib/python3.8/site-packages/airflow/example_dags/example_latest_only.py took 0.063 seconds
[2024-10-20T10:46:25.451+0000] {processor.py:161} INFO - Started process (PID=1245) to work on /home/airflow/.local/lib/python3.8/site-packages/airflow/example_dags/example_latest_only.py
[2024-10-20T10:46:25.453+0000] {processor.py:830} INFO - Processing file /home/airflow/.local/lib/python3.8/site-packages/airflow/example_dags/example_latest_only.py for tasks to queue
[2024-10-20T10:46:25.454+0000] {logging_mixin.py:188} INFO - [2024-10-20T10:46:25.454+0000] {dagbag.py:540} INFO - Filling up the DagBag from /home/airflow/.local/lib/python3.8/site-packages/airflow/example_dags/example_latest_only.py
[2024-10-20T10:46:25.458+0000] {processor.py:840} INFO - DAG(s) 'latest_only' retrieved from /home/airflow/.local/lib/python3.8/site-packages/airflow/example_dags/example_latest_only.py
[2024-10-20T10:46:25.473+0000] {logging_mixin.py:188} INFO - [2024-10-20T10:46:25.473+0000] {dag.py:3047} INFO - Sync 1 DAGs
[2024-10-20T10:46:25.488+0000] {logging_mixin.py:188} INFO - [2024-10-20T10:46:25.488+0000] {dag.py:3834} INFO - Setting next_dagrun for latest_only to 2024-10-20 04:00:00+00:00, run_after=2024-10-20 08:00:00+00:00
[2024-10-20T10:46:25.505+0000] {processor.py:183} INFO - Processing /home/airflow/.local/lib/python3.8/site-packages/airflow/example_dags/example_latest_only.py took 0.056 seconds
[2024-10-20T10:46:55.763+0000] {processor.py:161} INFO - Started process (PID=1301) to work on /home/airflow/.local/lib/python3.8/site-packages/airflow/example_dags/example_latest_only.py
[2024-10-20T10:46:55.764+0000] {processor.py:830} INFO - Processing file /home/airflow/.local/lib/python3.8/site-packages/airflow/example_dags/example_latest_only.py for tasks to queue
[2024-10-20T10:46:55.765+0000] {logging_mixin.py:188} INFO - [2024-10-20T10:46:55.765+0000] {dagbag.py:540} INFO - Filling up the DagBag from /home/airflow/.local/lib/python3.8/site-packages/airflow/example_dags/example_latest_only.py
[2024-10-20T10:46:55.771+0000] {processor.py:840} INFO - DAG(s) 'latest_only' retrieved from /home/airflow/.local/lib/python3.8/site-packages/airflow/example_dags/example_latest_only.py
[2024-10-20T10:46:55.787+0000] {logging_mixin.py:188} INFO - [2024-10-20T10:46:55.786+0000] {dag.py:3047} INFO - Sync 1 DAGs
[2024-10-20T10:46:55.804+0000] {logging_mixin.py:188} INFO - [2024-10-20T10:46:55.804+0000] {dag.py:3834} INFO - Setting next_dagrun for latest_only to 2024-10-20 04:00:00+00:00, run_after=2024-10-20 08:00:00+00:00
[2024-10-20T10:46:55.822+0000] {processor.py:183} INFO - Processing /home/airflow/.local/lib/python3.8/site-packages/airflow/example_dags/example_latest_only.py took 0.062 seconds
[2024-10-20T10:47:26.345+0000] {processor.py:161} INFO - Started process (PID=1357) to work on /home/airflow/.local/lib/python3.8/site-packages/airflow/example_dags/example_latest_only.py
[2024-10-20T10:47:26.346+0000] {processor.py:830} INFO - Processing file /home/airflow/.local/lib/python3.8/site-packages/airflow/example_dags/example_latest_only.py for tasks to queue
[2024-10-20T10:47:26.347+0000] {logging_mixin.py:188} INFO - [2024-10-20T10:47:26.347+0000] {dagbag.py:540} INFO - Filling up the DagBag from /home/airflow/.local/lib/python3.8/site-packages/airflow/example_dags/example_latest_only.py
[2024-10-20T10:47:26.351+0000] {processor.py:840} INFO - DAG(s) 'latest_only' retrieved from /home/airflow/.local/lib/python3.8/site-packages/airflow/example_dags/example_latest_only.py
[2024-10-20T10:47:26.366+0000] {logging_mixin.py:188} INFO - [2024-10-20T10:47:26.365+0000] {dag.py:3047} INFO - Sync 1 DAGs
[2024-10-20T10:47:26.383+0000] {logging_mixin.py:188} INFO - [2024-10-20T10:47:26.382+0000] {dag.py:3834} INFO - Setting next_dagrun for latest_only to 2024-10-20 04:00:00+00:00, run_after=2024-10-20 08:00:00+00:00
[2024-10-20T10:47:26.406+0000] {processor.py:183} INFO - Processing /home/airflow/.local/lib/python3.8/site-packages/airflow/example_dags/example_latest_only.py took 0.064 seconds
[2024-10-20T10:47:56.728+0000] {processor.py:161} INFO - Started process (PID=1413) to work on /home/airflow/.local/lib/python3.8/site-packages/airflow/example_dags/example_latest_only.py
[2024-10-20T10:47:56.729+0000] {processor.py:830} INFO - Processing file /home/airflow/.local/lib/python3.8/site-packages/airflow/example_dags/example_latest_only.py for tasks to queue
[2024-10-20T10:47:56.730+0000] {logging_mixin.py:188} INFO - [2024-10-20T10:47:56.730+0000] {dagbag.py:540} INFO - Filling up the DagBag from /home/airflow/.local/lib/python3.8/site-packages/airflow/example_dags/example_latest_only.py
[2024-10-20T10:47:56.734+0000] {processor.py:840} INFO - DAG(s) 'latest_only' retrieved from /home/airflow/.local/lib/python3.8/site-packages/airflow/example_dags/example_latest_only.py
[2024-10-20T10:47:56.753+0000] {logging_mixin.py:188} INFO - [2024-10-20T10:47:56.753+0000] {dag.py:3047} INFO - Sync 1 DAGs
[2024-10-20T10:47:56.772+0000] {logging_mixin.py:188} INFO - [2024-10-20T10:47:56.772+0000] {dag.py:3834} INFO - Setting next_dagrun for latest_only to 2024-10-20 04:00:00+00:00, run_after=2024-10-20 08:00:00+00:00
[2024-10-20T10:47:56.794+0000] {processor.py:183} INFO - Processing /home/airflow/.local/lib/python3.8/site-packages/airflow/example_dags/example_latest_only.py took 0.069 seconds
[2024-10-20T10:48:26.953+0000] {processor.py:161} INFO - Started process (PID=1469) to work on /home/airflow/.local/lib/python3.8/site-packages/airflow/example_dags/example_latest_only.py
[2024-10-20T10:48:26.955+0000] {processor.py:830} INFO - Processing file /home/airflow/.local/lib/python3.8/site-packages/airflow/example_dags/example_latest_only.py for tasks to queue
[2024-10-20T10:48:26.957+0000] {logging_mixin.py:188} INFO - [2024-10-20T10:48:26.956+0000] {dagbag.py:540} INFO - Filling up the DagBag from /home/airflow/.local/lib/python3.8/site-packages/airflow/example_dags/example_latest_only.py
[2024-10-20T10:48:26.961+0000] {processor.py:840} INFO - DAG(s) 'latest_only' retrieved from /home/airflow/.local/lib/python3.8/site-packages/airflow/example_dags/example_latest_only.py
[2024-10-20T10:48:26.978+0000] {logging_mixin.py:188} INFO - [2024-10-20T10:48:26.978+0000] {dag.py:3047} INFO - Sync 1 DAGs
[2024-10-20T10:48:26.992+0000] {logging_mixin.py:188} INFO - [2024-10-20T10:48:26.992+0000] {dag.py:3834} INFO - Setting next_dagrun for latest_only to 2024-10-20 04:00:00+00:00, run_after=2024-10-20 08:00:00+00:00
[2024-10-20T10:48:27.010+0000] {processor.py:183} INFO - Processing /home/airflow/.local/lib/python3.8/site-packages/airflow/example_dags/example_latest_only.py took 0.059 seconds
[2024-10-20T10:48:57.274+0000] {processor.py:161} INFO - Started process (PID=1525) to work on /home/airflow/.local/lib/python3.8/site-packages/airflow/example_dags/example_latest_only.py
[2024-10-20T10:48:57.277+0000] {processor.py:830} INFO - Processing file /home/airflow/.local/lib/python3.8/site-packages/airflow/example_dags/example_latest_only.py for tasks to queue
[2024-10-20T10:48:57.279+0000] {logging_mixin.py:188} INFO - [2024-10-20T10:48:57.279+0000] {dagbag.py:540} INFO - Filling up the DagBag from /home/airflow/.local/lib/python3.8/site-packages/airflow/example_dags/example_latest_only.py
[2024-10-20T10:48:57.283+0000] {processor.py:840} INFO - DAG(s) 'latest_only' retrieved from /home/airflow/.local/lib/python3.8/site-packages/airflow/example_dags/example_latest_only.py
[2024-10-20T10:48:57.297+0000] {logging_mixin.py:188} INFO - [2024-10-20T10:48:57.297+0000] {dag.py:3047} INFO - Sync 1 DAGs
[2024-10-20T10:48:57.312+0000] {logging_mixin.py:188} INFO - [2024-10-20T10:48:57.312+0000] {dag.py:3834} INFO - Setting next_dagrun for latest_only to 2024-10-20 04:00:00+00:00, run_after=2024-10-20 08:00:00+00:00
[2024-10-20T10:48:57.325+0000] {processor.py:183} INFO - Processing /home/airflow/.local/lib/python3.8/site-packages/airflow/example_dags/example_latest_only.py took 0.054 seconds
[2024-10-20T10:49:27.688+0000] {processor.py:161} INFO - Started process (PID=1581) to work on /home/airflow/.local/lib/python3.8/site-packages/airflow/example_dags/example_latest_only.py
[2024-10-20T10:49:27.689+0000] {processor.py:830} INFO - Processing file /home/airflow/.local/lib/python3.8/site-packages/airflow/example_dags/example_latest_only.py for tasks to queue
[2024-10-20T10:49:27.691+0000] {logging_mixin.py:188} INFO - [2024-10-20T10:49:27.691+0000] {dagbag.py:540} INFO - Filling up the DagBag from /home/airflow/.local/lib/python3.8/site-packages/airflow/example_dags/example_latest_only.py
[2024-10-20T10:49:27.696+0000] {processor.py:840} INFO - DAG(s) 'latest_only' retrieved from /home/airflow/.local/lib/python3.8/site-packages/airflow/example_dags/example_latest_only.py
[2024-10-20T10:49:27.710+0000] {logging_mixin.py:188} INFO - [2024-10-20T10:49:27.709+0000] {dag.py:3047} INFO - Sync 1 DAGs
[2024-10-20T10:49:27.723+0000] {logging_mixin.py:188} INFO - [2024-10-20T10:49:27.723+0000] {dag.py:3834} INFO - Setting next_dagrun for latest_only to 2024-10-20 04:00:00+00:00, run_after=2024-10-20 08:00:00+00:00
[2024-10-20T10:49:27.739+0000] {processor.py:183} INFO - Processing /home/airflow/.local/lib/python3.8/site-packages/airflow/example_dags/example_latest_only.py took 0.054 seconds
[2024-10-20T10:49:58.108+0000] {processor.py:161} INFO - Started process (PID=1637) to work on /home/airflow/.local/lib/python3.8/site-packages/airflow/example_dags/example_latest_only.py
[2024-10-20T10:49:58.110+0000] {processor.py:830} INFO - Processing file /home/airflow/.local/lib/python3.8/site-packages/airflow/example_dags/example_latest_only.py for tasks to queue
[2024-10-20T10:49:58.111+0000] {logging_mixin.py:188} INFO - [2024-10-20T10:49:58.111+0000] {dagbag.py:540} INFO - Filling up the DagBag from /home/airflow/.local/lib/python3.8/site-packages/airflow/example_dags/example_latest_only.py
[2024-10-20T10:49:58.115+0000] {processor.py:840} INFO - DAG(s) 'latest_only' retrieved from /home/airflow/.local/lib/python3.8/site-packages/airflow/example_dags/example_latest_only.py
[2024-10-20T10:49:58.134+0000] {logging_mixin.py:188} INFO - [2024-10-20T10:49:58.133+0000] {dag.py:3047} INFO - Sync 1 DAGs
[2024-10-20T10:49:58.150+0000] {logging_mixin.py:188} INFO - [2024-10-20T10:49:58.150+0000] {dag.py:3834} INFO - Setting next_dagrun for latest_only to 2024-10-20 04:00:00+00:00, run_after=2024-10-20 08:00:00+00:00
[2024-10-20T10:49:58.167+0000] {processor.py:183} INFO - Processing /home/airflow/.local/lib/python3.8/site-packages/airflow/example_dags/example_latest_only.py took 0.061 seconds
[2024-10-20T10:50:28.265+0000] {processor.py:161} INFO - Started process (PID=1693) to work on /home/airflow/.local/lib/python3.8/site-packages/airflow/example_dags/example_latest_only.py
[2024-10-20T10:50:28.266+0000] {processor.py:830} INFO - Processing file /home/airflow/.local/lib/python3.8/site-packages/airflow/example_dags/example_latest_only.py for tasks to queue
[2024-10-20T10:50:28.267+0000] {logging_mixin.py:188} INFO - [2024-10-20T10:50:28.267+0000] {dagbag.py:540} INFO - Filling up the DagBag from /home/airflow/.local/lib/python3.8/site-packages/airflow/example_dags/example_latest_only.py
[2024-10-20T10:50:28.272+0000] {processor.py:840} INFO - DAG(s) 'latest_only' retrieved from /home/airflow/.local/lib/python3.8/site-packages/airflow/example_dags/example_latest_only.py
[2024-10-20T10:50:28.287+0000] {logging_mixin.py:188} INFO - [2024-10-20T10:50:28.287+0000] {dag.py:3047} INFO - Sync 1 DAGs
[2024-10-20T10:50:28.305+0000] {logging_mixin.py:188} INFO - [2024-10-20T10:50:28.305+0000] {dag.py:3834} INFO - Setting next_dagrun for latest_only to 2024-10-20 04:00:00+00:00, run_after=2024-10-20 08:00:00+00:00
[2024-10-20T10:50:28.316+0000] {processor.py:183} INFO - Processing /home/airflow/.local/lib/python3.8/site-packages/airflow/example_dags/example_latest_only.py took 0.055 seconds
[2024-10-20T10:50:58.410+0000] {processor.py:161} INFO - Started process (PID=1749) to work on /home/airflow/.local/lib/python3.8/site-packages/airflow/example_dags/example_latest_only.py
[2024-10-20T10:50:58.411+0000] {processor.py:830} INFO - Processing file /home/airflow/.local/lib/python3.8/site-packages/airflow/example_dags/example_latest_only.py for tasks to queue
[2024-10-20T10:50:58.413+0000] {logging_mixin.py:188} INFO - [2024-10-20T10:50:58.413+0000] {dagbag.py:540} INFO - Filling up the DagBag from /home/airflow/.local/lib/python3.8/site-packages/airflow/example_dags/example_latest_only.py
[2024-10-20T10:50:58.419+0000] {processor.py:840} INFO - DAG(s) 'latest_only' retrieved from /home/airflow/.local/lib/python3.8/site-packages/airflow/example_dags/example_latest_only.py
[2024-10-20T10:50:58.435+0000] {logging_mixin.py:188} INFO - [2024-10-20T10:50:58.435+0000] {dag.py:3047} INFO - Sync 1 DAGs
[2024-10-20T10:50:58.450+0000] {logging_mixin.py:188} INFO - [2024-10-20T10:50:58.450+0000] {dag.py:3834} INFO - Setting next_dagrun for latest_only to 2024-10-20 04:00:00+00:00, run_after=2024-10-20 08:00:00+00:00
[2024-10-20T10:50:58.465+0000] {processor.py:183} INFO - Processing /home/airflow/.local/lib/python3.8/site-packages/airflow/example_dags/example_latest_only.py took 0.058 seconds
[2024-10-20T10:51:28.505+0000] {processor.py:161} INFO - Started process (PID=1805) to work on /home/airflow/.local/lib/python3.8/site-packages/airflow/example_dags/example_latest_only.py
[2024-10-20T10:51:28.506+0000] {processor.py:830} INFO - Processing file /home/airflow/.local/lib/python3.8/site-packages/airflow/example_dags/example_latest_only.py for tasks to queue
[2024-10-20T10:51:28.508+0000] {logging_mixin.py:188} INFO - [2024-10-20T10:51:28.508+0000] {dagbag.py:540} INFO - Filling up the DagBag from /home/airflow/.local/lib/python3.8/site-packages/airflow/example_dags/example_latest_only.py
[2024-10-20T10:51:28.512+0000] {processor.py:840} INFO - DAG(s) 'latest_only' retrieved from /home/airflow/.local/lib/python3.8/site-packages/airflow/example_dags/example_latest_only.py
[2024-10-20T10:51:28.525+0000] {logging_mixin.py:188} INFO - [2024-10-20T10:51:28.525+0000] {dag.py:3047} INFO - Sync 1 DAGs
[2024-10-20T10:51:28.543+0000] {logging_mixin.py:188} INFO - [2024-10-20T10:51:28.543+0000] {dag.py:3834} INFO - Setting next_dagrun for latest_only to 2024-10-20 04:00:00+00:00, run_after=2024-10-20 08:00:00+00:00
[2024-10-20T10:51:28.563+0000] {processor.py:183} INFO - Processing /home/airflow/.local/lib/python3.8/site-packages/airflow/example_dags/example_latest_only.py took 0.060 seconds
[2024-10-20T10:51:58.786+0000] {processor.py:161} INFO - Started process (PID=1861) to work on /home/airflow/.local/lib/python3.8/site-packages/airflow/example_dags/example_latest_only.py
[2024-10-20T10:51:58.789+0000] {processor.py:830} INFO - Processing file /home/airflow/.local/lib/python3.8/site-packages/airflow/example_dags/example_latest_only.py for tasks to queue
[2024-10-20T10:51:58.790+0000] {logging_mixin.py:188} INFO - [2024-10-20T10:51:58.790+0000] {dagbag.py:540} INFO - Filling up the DagBag from /home/airflow/.local/lib/python3.8/site-packages/airflow/example_dags/example_latest_only.py
[2024-10-20T10:51:58.795+0000] {processor.py:840} INFO - DAG(s) 'latest_only' retrieved from /home/airflow/.local/lib/python3.8/site-packages/airflow/example_dags/example_latest_only.py
[2024-10-20T10:51:58.811+0000] {logging_mixin.py:188} INFO - [2024-10-20T10:51:58.811+0000] {dag.py:3047} INFO - Sync 1 DAGs
[2024-10-20T10:51:58.829+0000] {logging_mixin.py:188} INFO - [2024-10-20T10:51:58.829+0000] {dag.py:3834} INFO - Setting next_dagrun for latest_only to 2024-10-20 04:00:00+00:00, run_after=2024-10-20 08:00:00+00:00
[2024-10-20T10:51:58.847+0000] {processor.py:183} INFO - Processing /home/airflow/.local/lib/python3.8/site-packages/airflow/example_dags/example_latest_only.py took 0.063 seconds
[2024-10-20T10:52:28.909+0000] {processor.py:161} INFO - Started process (PID=1916) to work on /home/airflow/.local/lib/python3.8/site-packages/airflow/example_dags/example_latest_only.py
[2024-10-20T10:52:28.911+0000] {processor.py:830} INFO - Processing file /home/airflow/.local/lib/python3.8/site-packages/airflow/example_dags/example_latest_only.py for tasks to queue
[2024-10-20T10:52:28.912+0000] {logging_mixin.py:188} INFO - [2024-10-20T10:52:28.912+0000] {dagbag.py:540} INFO - Filling up the DagBag from /home/airflow/.local/lib/python3.8/site-packages/airflow/example_dags/example_latest_only.py
[2024-10-20T10:52:28.917+0000] {processor.py:840} INFO - DAG(s) 'latest_only' retrieved from /home/airflow/.local/lib/python3.8/site-packages/airflow/example_dags/example_latest_only.py
[2024-10-20T10:52:28.934+0000] {logging_mixin.py:188} INFO - [2024-10-20T10:52:28.934+0000] {dag.py:3047} INFO - Sync 1 DAGs
[2024-10-20T10:52:28.949+0000] {logging_mixin.py:188} INFO - [2024-10-20T10:52:28.949+0000] {dag.py:3834} INFO - Setting next_dagrun for latest_only to 2024-10-20 04:00:00+00:00, run_after=2024-10-20 08:00:00+00:00
[2024-10-20T10:52:28.964+0000] {processor.py:183} INFO - Processing /home/airflow/.local/lib/python3.8/site-packages/airflow/example_dags/example_latest_only.py took 0.057 seconds
[2024-10-20T10:52:59.066+0000] {processor.py:161} INFO - Started process (PID=1972) to work on /home/airflow/.local/lib/python3.8/site-packages/airflow/example_dags/example_latest_only.py
[2024-10-20T10:52:59.069+0000] {processor.py:830} INFO - Processing file /home/airflow/.local/lib/python3.8/site-packages/airflow/example_dags/example_latest_only.py for tasks to queue
[2024-10-20T10:52:59.070+0000] {logging_mixin.py:188} INFO - [2024-10-20T10:52:59.070+0000] {dagbag.py:540} INFO - Filling up the DagBag from /home/airflow/.local/lib/python3.8/site-packages/airflow/example_dags/example_latest_only.py
[2024-10-20T10:52:59.074+0000] {processor.py:840} INFO - DAG(s) 'latest_only' retrieved from /home/airflow/.local/lib/python3.8/site-packages/airflow/example_dags/example_latest_only.py
[2024-10-20T10:52:59.091+0000] {logging_mixin.py:188} INFO - [2024-10-20T10:52:59.091+0000] {dag.py:3047} INFO - Sync 1 DAGs
[2024-10-20T10:52:59.110+0000] {logging_mixin.py:188} INFO - [2024-10-20T10:52:59.110+0000] {dag.py:3834} INFO - Setting next_dagrun for latest_only to 2024-10-20 04:00:00+00:00, run_after=2024-10-20 08:00:00+00:00
[2024-10-20T10:52:59.123+0000] {processor.py:183} INFO - Processing /home/airflow/.local/lib/python3.8/site-packages/airflow/example_dags/example_latest_only.py took 0.059 seconds
[2024-10-20T10:53:29.212+0000] {processor.py:161} INFO - Started process (PID=2028) to work on /home/airflow/.local/lib/python3.8/site-packages/airflow/example_dags/example_latest_only.py
[2024-10-20T10:53:29.216+0000] {processor.py:830} INFO - Processing file /home/airflow/.local/lib/python3.8/site-packages/airflow/example_dags/example_latest_only.py for tasks to queue
[2024-10-20T10:53:29.217+0000] {logging_mixin.py:188} INFO - [2024-10-20T10:53:29.217+0000] {dagbag.py:540} INFO - Filling up the DagBag from /home/airflow/.local/lib/python3.8/site-packages/airflow/example_dags/example_latest_only.py
[2024-10-20T10:53:29.221+0000] {processor.py:840} INFO - DAG(s) 'latest_only' retrieved from /home/airflow/.local/lib/python3.8/site-packages/airflow/example_dags/example_latest_only.py
[2024-10-20T10:53:29.234+0000] {logging_mixin.py:188} INFO - [2024-10-20T10:53:29.234+0000] {dag.py:3047} INFO - Sync 1 DAGs
[2024-10-20T10:53:29.249+0000] {logging_mixin.py:188} INFO - [2024-10-20T10:53:29.249+0000] {dag.py:3834} INFO - Setting next_dagrun for latest_only to 2024-10-20 04:00:00+00:00, run_after=2024-10-20 08:00:00+00:00
[2024-10-20T10:53:29.265+0000] {processor.py:183} INFO - Processing /home/airflow/.local/lib/python3.8/site-packages/airflow/example_dags/example_latest_only.py took 0.056 seconds
[2024-10-20T10:53:59.391+0000] {processor.py:161} INFO - Started process (PID=2084) to work on /home/airflow/.local/lib/python3.8/site-packages/airflow/example_dags/example_latest_only.py
[2024-10-20T10:53:59.392+0000] {processor.py:830} INFO - Processing file /home/airflow/.local/lib/python3.8/site-packages/airflow/example_dags/example_latest_only.py for tasks to queue
[2024-10-20T10:53:59.394+0000] {logging_mixin.py:188} INFO - [2024-10-20T10:53:59.393+0000] {dagbag.py:540} INFO - Filling up the DagBag from /home/airflow/.local/lib/python3.8/site-packages/airflow/example_dags/example_latest_only.py
[2024-10-20T10:53:59.397+0000] {processor.py:840} INFO - DAG(s) 'latest_only' retrieved from /home/airflow/.local/lib/python3.8/site-packages/airflow/example_dags/example_latest_only.py
[2024-10-20T10:53:59.410+0000] {logging_mixin.py:188} INFO - [2024-10-20T10:53:59.410+0000] {dag.py:3047} INFO - Sync 1 DAGs
[2024-10-20T10:53:59.423+0000] {logging_mixin.py:188} INFO - [2024-10-20T10:53:59.423+0000] {dag.py:3834} INFO - Setting next_dagrun for latest_only to 2024-10-20 04:00:00+00:00, run_after=2024-10-20 08:00:00+00:00
[2024-10-20T10:53:59.436+0000] {processor.py:183} INFO - Processing /home/airflow/.local/lib/python3.8/site-packages/airflow/example_dags/example_latest_only.py took 0.047 seconds
[2024-10-20T10:54:29.627+0000] {processor.py:161} INFO - Started process (PID=2140) to work on /home/airflow/.local/lib/python3.8/site-packages/airflow/example_dags/example_latest_only.py
[2024-10-20T10:54:29.629+0000] {processor.py:830} INFO - Processing file /home/airflow/.local/lib/python3.8/site-packages/airflow/example_dags/example_latest_only.py for tasks to queue
[2024-10-20T10:54:29.630+0000] {logging_mixin.py:188} INFO - [2024-10-20T10:54:29.630+0000] {dagbag.py:540} INFO - Filling up the DagBag from /home/airflow/.local/lib/python3.8/site-packages/airflow/example_dags/example_latest_only.py
[2024-10-20T10:54:29.634+0000] {processor.py:840} INFO - DAG(s) 'latest_only' retrieved from /home/airflow/.local/lib/python3.8/site-packages/airflow/example_dags/example_latest_only.py
[2024-10-20T10:54:29.649+0000] {logging_mixin.py:188} INFO - [2024-10-20T10:54:29.649+0000] {dag.py:3047} INFO - Sync 1 DAGs
[2024-10-20T10:54:29.666+0000] {logging_mixin.py:188} INFO - [2024-10-20T10:54:29.665+0000] {dag.py:3834} INFO - Setting next_dagrun for latest_only to 2024-10-20 04:00:00+00:00, run_after=2024-10-20 08:00:00+00:00
[2024-10-20T10:54:29.678+0000] {processor.py:183} INFO - Processing /home/airflow/.local/lib/python3.8/site-packages/airflow/example_dags/example_latest_only.py took 0.053 seconds
[2024-10-20T10:54:59.914+0000] {processor.py:161} INFO - Started process (PID=2196) to work on /home/airflow/.local/lib/python3.8/site-packages/airflow/example_dags/example_latest_only.py
[2024-10-20T10:54:59.915+0000] {processor.py:830} INFO - Processing file /home/airflow/.local/lib/python3.8/site-packages/airflow/example_dags/example_latest_only.py for tasks to queue
[2024-10-20T10:54:59.916+0000] {logging_mixin.py:188} INFO - [2024-10-20T10:54:59.916+0000] {dagbag.py:540} INFO - Filling up the DagBag from /home/airflow/.local/lib/python3.8/site-packages/airflow/example_dags/example_latest_only.py
[2024-10-20T10:54:59.920+0000] {processor.py:840} INFO - DAG(s) 'latest_only' retrieved from /home/airflow/.local/lib/python3.8/site-packages/airflow/example_dags/example_latest_only.py
[2024-10-20T10:54:59.934+0000] {logging_mixin.py:188} INFO - [2024-10-20T10:54:59.934+0000] {dag.py:3047} INFO - Sync 1 DAGs
[2024-10-20T10:54:59.948+0000] {logging_mixin.py:188} INFO - [2024-10-20T10:54:59.948+0000] {dag.py:3834} INFO - Setting next_dagrun for latest_only to 2024-10-20 04:00:00+00:00, run_after=2024-10-20 08:00:00+00:00
[2024-10-20T10:54:59.965+0000] {processor.py:183} INFO - Processing /home/airflow/.local/lib/python3.8/site-packages/airflow/example_dags/example_latest_only.py took 0.053 seconds
[2024-10-20T10:55:30.411+0000] {processor.py:161} INFO - Started process (PID=2251) to work on /home/airflow/.local/lib/python3.8/site-packages/airflow/example_dags/example_latest_only.py
[2024-10-20T10:55:30.412+0000] {processor.py:830} INFO - Processing file /home/airflow/.local/lib/python3.8/site-packages/airflow/example_dags/example_latest_only.py for tasks to queue
[2024-10-20T10:55:30.414+0000] {logging_mixin.py:188} INFO - [2024-10-20T10:55:30.414+0000] {dagbag.py:540} INFO - Filling up the DagBag from /home/airflow/.local/lib/python3.8/site-packages/airflow/example_dags/example_latest_only.py
[2024-10-20T10:55:30.419+0000] {processor.py:840} INFO - DAG(s) 'latest_only' retrieved from /home/airflow/.local/lib/python3.8/site-packages/airflow/example_dags/example_latest_only.py
[2024-10-20T10:55:30.438+0000] {logging_mixin.py:188} INFO - [2024-10-20T10:55:30.438+0000] {dag.py:3047} INFO - Sync 1 DAGs
[2024-10-20T10:55:30.457+0000] {logging_mixin.py:188} INFO - [2024-10-20T10:55:30.457+0000] {dag.py:3834} INFO - Setting next_dagrun for latest_only to 2024-10-20 04:00:00+00:00, run_after=2024-10-20 08:00:00+00:00
[2024-10-20T10:55:30.476+0000] {processor.py:183} INFO - Processing /home/airflow/.local/lib/python3.8/site-packages/airflow/example_dags/example_latest_only.py took 0.069 seconds
[2024-10-20T10:56:00.992+0000] {processor.py:161} INFO - Started process (PID=2307) to work on /home/airflow/.local/lib/python3.8/site-packages/airflow/example_dags/example_latest_only.py
[2024-10-20T10:56:00.993+0000] {processor.py:830} INFO - Processing file /home/airflow/.local/lib/python3.8/site-packages/airflow/example_dags/example_latest_only.py for tasks to queue
[2024-10-20T10:56:00.995+0000] {logging_mixin.py:188} INFO - [2024-10-20T10:56:00.994+0000] {dagbag.py:540} INFO - Filling up the DagBag from /home/airflow/.local/lib/python3.8/site-packages/airflow/example_dags/example_latest_only.py
[2024-10-20T10:56:00.998+0000] {processor.py:840} INFO - DAG(s) 'latest_only' retrieved from /home/airflow/.local/lib/python3.8/site-packages/airflow/example_dags/example_latest_only.py
[2024-10-20T10:56:01.011+0000] {logging_mixin.py:188} INFO - [2024-10-20T10:56:01.011+0000] {dag.py:3047} INFO - Sync 1 DAGs
[2024-10-20T10:56:01.025+0000] {logging_mixin.py:188} INFO - [2024-10-20T10:56:01.025+0000] {dag.py:3834} INFO - Setting next_dagrun for latest_only to 2024-10-20 04:00:00+00:00, run_after=2024-10-20 08:00:00+00:00
[2024-10-20T10:56:01.037+0000] {processor.py:183} INFO - Processing /home/airflow/.local/lib/python3.8/site-packages/airflow/example_dags/example_latest_only.py took 0.048 seconds
