[2024-10-20T10:20:18.568+0000] {processor.py:161} INFO - Started process (PID=94) to work on /home/airflow/.local/lib/python3.8/site-packages/airflow/example_dags/example_task_group.py
[2024-10-20T10:20:18.571+0000] {processor.py:830} INFO - Processing file /home/airflow/.local/lib/python3.8/site-packages/airflow/example_dags/example_task_group.py for tasks to queue
[2024-10-20T10:20:18.572+0000] {logging_mixin.py:188} INFO - [2024-10-20T10:20:18.572+0000] {dagbag.py:540} INFO - Filling up the DagBag from /home/airflow/.local/lib/python3.8/site-packages/airflow/example_dags/example_task_group.py
[2024-10-20T10:20:18.581+0000] {processor.py:840} INFO - DAG(s) 'example_task_group' retrieved from /home/airflow/.local/lib/python3.8/site-packages/airflow/example_dags/example_task_group.py
[2024-10-20T10:20:18.695+0000] {logging_mixin.py:188} INFO - [2024-10-20T10:20:18.695+0000] {dag.py:3047} INFO - Sync 1 DAGs
[2024-10-20T10:20:18.716+0000] {logging_mixin.py:188} INFO - [2024-10-20T10:20:18.716+0000] {dag.py:3834} INFO - Setting next_dagrun for example_task_group to 2024-10-19 00:00:00+00:00, run_after=2024-10-20 00:00:00+00:00
[2024-10-20T10:20:18.739+0000] {processor.py:183} INFO - Processing /home/airflow/.local/lib/python3.8/site-packages/airflow/example_dags/example_task_group.py took 0.174 seconds
[2024-10-20T10:20:49.093+0000] {processor.py:161} INFO - Started process (PID=149) to work on /home/airflow/.local/lib/python3.8/site-packages/airflow/example_dags/example_task_group.py
[2024-10-20T10:20:49.094+0000] {processor.py:830} INFO - Processing file /home/airflow/.local/lib/python3.8/site-packages/airflow/example_dags/example_task_group.py for tasks to queue
[2024-10-20T10:20:49.095+0000] {logging_mixin.py:188} INFO - [2024-10-20T10:20:49.095+0000] {dagbag.py:540} INFO - Filling up the DagBag from /home/airflow/.local/lib/python3.8/site-packages/airflow/example_dags/example_task_group.py
[2024-10-20T10:20:49.100+0000] {processor.py:840} INFO - DAG(s) 'example_task_group' retrieved from /home/airflow/.local/lib/python3.8/site-packages/airflow/example_dags/example_task_group.py
[2024-10-20T10:20:49.114+0000] {logging_mixin.py:188} INFO - [2024-10-20T10:20:49.114+0000] {dag.py:3047} INFO - Sync 1 DAGs
[2024-10-20T10:20:49.128+0000] {logging_mixin.py:188} INFO - [2024-10-20T10:20:49.128+0000] {dag.py:3834} INFO - Setting next_dagrun for example_task_group to 2024-10-19 00:00:00+00:00, run_after=2024-10-20 00:00:00+00:00
[2024-10-20T10:20:49.141+0000] {processor.py:183} INFO - Processing /home/airflow/.local/lib/python3.8/site-packages/airflow/example_dags/example_task_group.py took 0.050 seconds
[2024-10-20T10:21:19.950+0000] {processor.py:161} INFO - Started process (PID=204) to work on /home/airflow/.local/lib/python3.8/site-packages/airflow/example_dags/example_task_group.py
[2024-10-20T10:21:19.952+0000] {processor.py:830} INFO - Processing file /home/airflow/.local/lib/python3.8/site-packages/airflow/example_dags/example_task_group.py for tasks to queue
[2024-10-20T10:21:19.956+0000] {logging_mixin.py:188} INFO - [2024-10-20T10:21:19.956+0000] {dagbag.py:540} INFO - Filling up the DagBag from /home/airflow/.local/lib/python3.8/site-packages/airflow/example_dags/example_task_group.py
[2024-10-20T10:21:19.961+0000] {processor.py:840} INFO - DAG(s) 'example_task_group' retrieved from /home/airflow/.local/lib/python3.8/site-packages/airflow/example_dags/example_task_group.py
[2024-10-20T10:21:19.975+0000] {logging_mixin.py:188} INFO - [2024-10-20T10:21:19.975+0000] {dag.py:3047} INFO - Sync 1 DAGs
[2024-10-20T10:21:19.989+0000] {logging_mixin.py:188} INFO - [2024-10-20T10:21:19.989+0000] {dag.py:3834} INFO - Setting next_dagrun for example_task_group to 2024-10-19 00:00:00+00:00, run_after=2024-10-20 00:00:00+00:00
[2024-10-20T10:21:20.000+0000] {processor.py:183} INFO - Processing /home/airflow/.local/lib/python3.8/site-packages/airflow/example_dags/example_task_group.py took 0.053 seconds
[2024-10-20T10:21:50.806+0000] {processor.py:161} INFO - Started process (PID=259) to work on /home/airflow/.local/lib/python3.8/site-packages/airflow/example_dags/example_task_group.py
[2024-10-20T10:21:50.806+0000] {processor.py:830} INFO - Processing file /home/airflow/.local/lib/python3.8/site-packages/airflow/example_dags/example_task_group.py for tasks to queue
[2024-10-20T10:21:50.808+0000] {logging_mixin.py:188} INFO - [2024-10-20T10:21:50.807+0000] {dagbag.py:540} INFO - Filling up the DagBag from /home/airflow/.local/lib/python3.8/site-packages/airflow/example_dags/example_task_group.py
[2024-10-20T10:21:50.812+0000] {processor.py:840} INFO - DAG(s) 'example_task_group' retrieved from /home/airflow/.local/lib/python3.8/site-packages/airflow/example_dags/example_task_group.py
[2024-10-20T10:21:50.827+0000] {logging_mixin.py:188} INFO - [2024-10-20T10:21:50.827+0000] {dag.py:3047} INFO - Sync 1 DAGs
[2024-10-20T10:21:50.842+0000] {logging_mixin.py:188} INFO - [2024-10-20T10:21:50.842+0000] {dag.py:3834} INFO - Setting next_dagrun for example_task_group to 2024-10-19 00:00:00+00:00, run_after=2024-10-20 00:00:00+00:00
[2024-10-20T10:21:50.853+0000] {processor.py:183} INFO - Processing /home/airflow/.local/lib/python3.8/site-packages/airflow/example_dags/example_task_group.py took 0.050 seconds
[2024-10-20T10:22:20.896+0000] {processor.py:161} INFO - Started process (PID=314) to work on /home/airflow/.local/lib/python3.8/site-packages/airflow/example_dags/example_task_group.py
[2024-10-20T10:22:20.900+0000] {processor.py:830} INFO - Processing file /home/airflow/.local/lib/python3.8/site-packages/airflow/example_dags/example_task_group.py for tasks to queue
[2024-10-20T10:22:20.902+0000] {logging_mixin.py:188} INFO - [2024-10-20T10:22:20.901+0000] {dagbag.py:540} INFO - Filling up the DagBag from /home/airflow/.local/lib/python3.8/site-packages/airflow/example_dags/example_task_group.py
[2024-10-20T10:22:20.907+0000] {processor.py:840} INFO - DAG(s) 'example_task_group' retrieved from /home/airflow/.local/lib/python3.8/site-packages/airflow/example_dags/example_task_group.py
[2024-10-20T10:22:20.925+0000] {logging_mixin.py:188} INFO - [2024-10-20T10:22:20.925+0000] {dag.py:3047} INFO - Sync 1 DAGs
[2024-10-20T10:22:20.940+0000] {logging_mixin.py:188} INFO - [2024-10-20T10:22:20.940+0000] {dag.py:3834} INFO - Setting next_dagrun for example_task_group to 2024-10-19 00:00:00+00:00, run_after=2024-10-20 00:00:00+00:00
[2024-10-20T10:22:20.951+0000] {processor.py:183} INFO - Processing /home/airflow/.local/lib/python3.8/site-packages/airflow/example_dags/example_task_group.py took 0.058 seconds
[2024-10-20T10:22:51.040+0000] {processor.py:161} INFO - Started process (PID=369) to work on /home/airflow/.local/lib/python3.8/site-packages/airflow/example_dags/example_task_group.py
[2024-10-20T10:22:51.041+0000] {processor.py:830} INFO - Processing file /home/airflow/.local/lib/python3.8/site-packages/airflow/example_dags/example_task_group.py for tasks to queue
[2024-10-20T10:22:51.046+0000] {logging_mixin.py:188} INFO - [2024-10-20T10:22:51.045+0000] {dagbag.py:540} INFO - Filling up the DagBag from /home/airflow/.local/lib/python3.8/site-packages/airflow/example_dags/example_task_group.py
[2024-10-20T10:22:51.050+0000] {processor.py:840} INFO - DAG(s) 'example_task_group' retrieved from /home/airflow/.local/lib/python3.8/site-packages/airflow/example_dags/example_task_group.py
[2024-10-20T10:22:51.067+0000] {logging_mixin.py:188} INFO - [2024-10-20T10:22:51.067+0000] {dag.py:3047} INFO - Sync 1 DAGs
[2024-10-20T10:22:51.082+0000] {logging_mixin.py:188} INFO - [2024-10-20T10:22:51.081+0000] {dag.py:3834} INFO - Setting next_dagrun for example_task_group to 2024-10-19 00:00:00+00:00, run_after=2024-10-20 00:00:00+00:00
[2024-10-20T10:22:51.093+0000] {processor.py:183} INFO - Processing /home/airflow/.local/lib/python3.8/site-packages/airflow/example_dags/example_task_group.py took 0.055 seconds
[2024-10-20T10:23:21.956+0000] {processor.py:161} INFO - Started process (PID=424) to work on /home/airflow/.local/lib/python3.8/site-packages/airflow/example_dags/example_task_group.py
[2024-10-20T10:23:21.960+0000] {processor.py:830} INFO - Processing file /home/airflow/.local/lib/python3.8/site-packages/airflow/example_dags/example_task_group.py for tasks to queue
[2024-10-20T10:23:21.961+0000] {logging_mixin.py:188} INFO - [2024-10-20T10:23:21.961+0000] {dagbag.py:540} INFO - Filling up the DagBag from /home/airflow/.local/lib/python3.8/site-packages/airflow/example_dags/example_task_group.py
[2024-10-20T10:23:21.967+0000] {processor.py:840} INFO - DAG(s) 'example_task_group' retrieved from /home/airflow/.local/lib/python3.8/site-packages/airflow/example_dags/example_task_group.py
[2024-10-20T10:23:21.985+0000] {logging_mixin.py:188} INFO - [2024-10-20T10:23:21.985+0000] {dag.py:3047} INFO - Sync 1 DAGs
[2024-10-20T10:23:22.002+0000] {logging_mixin.py:188} INFO - [2024-10-20T10:23:22.002+0000] {dag.py:3834} INFO - Setting next_dagrun for example_task_group to 2024-10-19 00:00:00+00:00, run_after=2024-10-20 00:00:00+00:00
[2024-10-20T10:23:22.016+0000] {processor.py:183} INFO - Processing /home/airflow/.local/lib/python3.8/site-packages/airflow/example_dags/example_task_group.py took 0.063 seconds
[2024-10-20T10:23:53.005+0000] {processor.py:161} INFO - Started process (PID=479) to work on /home/airflow/.local/lib/python3.8/site-packages/airflow/example_dags/example_task_group.py
[2024-10-20T10:23:53.006+0000] {processor.py:830} INFO - Processing file /home/airflow/.local/lib/python3.8/site-packages/airflow/example_dags/example_task_group.py for tasks to queue
[2024-10-20T10:23:53.007+0000] {logging_mixin.py:188} INFO - [2024-10-20T10:23:53.007+0000] {dagbag.py:540} INFO - Filling up the DagBag from /home/airflow/.local/lib/python3.8/site-packages/airflow/example_dags/example_task_group.py
[2024-10-20T10:23:53.012+0000] {processor.py:840} INFO - DAG(s) 'example_task_group' retrieved from /home/airflow/.local/lib/python3.8/site-packages/airflow/example_dags/example_task_group.py
[2024-10-20T10:23:53.028+0000] {logging_mixin.py:188} INFO - [2024-10-20T10:23:53.028+0000] {dag.py:3047} INFO - Sync 1 DAGs
[2024-10-20T10:23:53.042+0000] {logging_mixin.py:188} INFO - [2024-10-20T10:23:53.042+0000] {dag.py:3834} INFO - Setting next_dagrun for example_task_group to 2024-10-19 00:00:00+00:00, run_after=2024-10-20 00:00:00+00:00
[2024-10-20T10:23:53.054+0000] {processor.py:183} INFO - Processing /home/airflow/.local/lib/python3.8/site-packages/airflow/example_dags/example_task_group.py took 0.051 seconds
[2024-10-20T10:24:23.088+0000] {processor.py:161} INFO - Started process (PID=534) to work on /home/airflow/.local/lib/python3.8/site-packages/airflow/example_dags/example_task_group.py
[2024-10-20T10:24:23.090+0000] {processor.py:830} INFO - Processing file /home/airflow/.local/lib/python3.8/site-packages/airflow/example_dags/example_task_group.py for tasks to queue
[2024-10-20T10:24:23.094+0000] {logging_mixin.py:188} INFO - [2024-10-20T10:24:23.094+0000] {dagbag.py:540} INFO - Filling up the DagBag from /home/airflow/.local/lib/python3.8/site-packages/airflow/example_dags/example_task_group.py
[2024-10-20T10:24:23.099+0000] {processor.py:840} INFO - DAG(s) 'example_task_group' retrieved from /home/airflow/.local/lib/python3.8/site-packages/airflow/example_dags/example_task_group.py
[2024-10-20T10:24:23.114+0000] {logging_mixin.py:188} INFO - [2024-10-20T10:24:23.114+0000] {dag.py:3047} INFO - Sync 1 DAGs
[2024-10-20T10:24:23.128+0000] {logging_mixin.py:188} INFO - [2024-10-20T10:24:23.128+0000] {dag.py:3834} INFO - Setting next_dagrun for example_task_group to 2024-10-19 00:00:00+00:00, run_after=2024-10-20 00:00:00+00:00
[2024-10-20T10:24:23.140+0000] {processor.py:183} INFO - Processing /home/airflow/.local/lib/python3.8/site-packages/airflow/example_dags/example_task_group.py took 0.054 seconds
[2024-10-20T10:24:53.539+0000] {processor.py:161} INFO - Started process (PID=589) to work on /home/airflow/.local/lib/python3.8/site-packages/airflow/example_dags/example_task_group.py
[2024-10-20T10:24:53.541+0000] {processor.py:830} INFO - Processing file /home/airflow/.local/lib/python3.8/site-packages/airflow/example_dags/example_task_group.py for tasks to queue
[2024-10-20T10:24:53.542+0000] {logging_mixin.py:188} INFO - [2024-10-20T10:24:53.542+0000] {dagbag.py:540} INFO - Filling up the DagBag from /home/airflow/.local/lib/python3.8/site-packages/airflow/example_dags/example_task_group.py
[2024-10-20T10:24:53.549+0000] {processor.py:840} INFO - DAG(s) 'example_task_group' retrieved from /home/airflow/.local/lib/python3.8/site-packages/airflow/example_dags/example_task_group.py
[2024-10-20T10:24:53.574+0000] {logging_mixin.py:188} INFO - [2024-10-20T10:24:53.573+0000] {dag.py:3047} INFO - Sync 1 DAGs
[2024-10-20T10:24:53.613+0000] {logging_mixin.py:188} INFO - [2024-10-20T10:24:53.613+0000] {dag.py:3834} INFO - Setting next_dagrun for example_task_group to 2024-10-19 00:00:00+00:00, run_after=2024-10-20 00:00:00+00:00
[2024-10-20T10:24:53.637+0000] {processor.py:183} INFO - Processing /home/airflow/.local/lib/python3.8/site-packages/airflow/example_dags/example_task_group.py took 0.101 seconds
[2024-10-20T10:25:23.672+0000] {processor.py:161} INFO - Started process (PID=644) to work on /home/airflow/.local/lib/python3.8/site-packages/airflow/example_dags/example_task_group.py
[2024-10-20T10:25:23.672+0000] {processor.py:830} INFO - Processing file /home/airflow/.local/lib/python3.8/site-packages/airflow/example_dags/example_task_group.py for tasks to queue
[2024-10-20T10:25:23.673+0000] {logging_mixin.py:188} INFO - [2024-10-20T10:25:23.673+0000] {dagbag.py:540} INFO - Filling up the DagBag from /home/airflow/.local/lib/python3.8/site-packages/airflow/example_dags/example_task_group.py
[2024-10-20T10:25:23.678+0000] {processor.py:840} INFO - DAG(s) 'example_task_group' retrieved from /home/airflow/.local/lib/python3.8/site-packages/airflow/example_dags/example_task_group.py
[2024-10-20T10:25:23.694+0000] {logging_mixin.py:188} INFO - [2024-10-20T10:25:23.694+0000] {dag.py:3047} INFO - Sync 1 DAGs
[2024-10-20T10:25:23.708+0000] {logging_mixin.py:188} INFO - [2024-10-20T10:25:23.708+0000] {dag.py:3834} INFO - Setting next_dagrun for example_task_group to 2024-10-19 00:00:00+00:00, run_after=2024-10-20 00:00:00+00:00
[2024-10-20T10:25:23.719+0000] {processor.py:183} INFO - Processing /home/airflow/.local/lib/python3.8/site-packages/airflow/example_dags/example_task_group.py took 0.050 seconds
[2024-10-20T10:25:53.802+0000] {processor.py:161} INFO - Started process (PID=699) to work on /home/airflow/.local/lib/python3.8/site-packages/airflow/example_dags/example_task_group.py
[2024-10-20T10:25:53.802+0000] {processor.py:830} INFO - Processing file /home/airflow/.local/lib/python3.8/site-packages/airflow/example_dags/example_task_group.py for tasks to queue
[2024-10-20T10:25:53.804+0000] {logging_mixin.py:188} INFO - [2024-10-20T10:25:53.803+0000] {dagbag.py:540} INFO - Filling up the DagBag from /home/airflow/.local/lib/python3.8/site-packages/airflow/example_dags/example_task_group.py
[2024-10-20T10:25:53.809+0000] {processor.py:840} INFO - DAG(s) 'example_task_group' retrieved from /home/airflow/.local/lib/python3.8/site-packages/airflow/example_dags/example_task_group.py
[2024-10-20T10:25:53.824+0000] {logging_mixin.py:188} INFO - [2024-10-20T10:25:53.824+0000] {dag.py:3047} INFO - Sync 1 DAGs
[2024-10-20T10:25:53.838+0000] {logging_mixin.py:188} INFO - [2024-10-20T10:25:53.837+0000] {dag.py:3834} INFO - Setting next_dagrun for example_task_group to 2024-10-19 00:00:00+00:00, run_after=2024-10-20 00:00:00+00:00
[2024-10-20T10:25:53.851+0000] {processor.py:183} INFO - Processing /home/airflow/.local/lib/python3.8/site-packages/airflow/example_dags/example_task_group.py took 0.052 seconds
[2024-10-20T10:26:24.479+0000] {processor.py:161} INFO - Started process (PID=754) to work on /home/airflow/.local/lib/python3.8/site-packages/airflow/example_dags/example_task_group.py
[2024-10-20T10:26:24.479+0000] {processor.py:830} INFO - Processing file /home/airflow/.local/lib/python3.8/site-packages/airflow/example_dags/example_task_group.py for tasks to queue
[2024-10-20T10:26:24.481+0000] {logging_mixin.py:188} INFO - [2024-10-20T10:26:24.480+0000] {dagbag.py:540} INFO - Filling up the DagBag from /home/airflow/.local/lib/python3.8/site-packages/airflow/example_dags/example_task_group.py
[2024-10-20T10:26:24.486+0000] {processor.py:840} INFO - DAG(s) 'example_task_group' retrieved from /home/airflow/.local/lib/python3.8/site-packages/airflow/example_dags/example_task_group.py
[2024-10-20T10:26:24.500+0000] {logging_mixin.py:188} INFO - [2024-10-20T10:26:24.500+0000] {dag.py:3047} INFO - Sync 1 DAGs
[2024-10-20T10:26:24.513+0000] {logging_mixin.py:188} INFO - [2024-10-20T10:26:24.513+0000] {dag.py:3834} INFO - Setting next_dagrun for example_task_group to 2024-10-19 00:00:00+00:00, run_after=2024-10-20 00:00:00+00:00
[2024-10-20T10:26:24.524+0000] {processor.py:183} INFO - Processing /home/airflow/.local/lib/python3.8/site-packages/airflow/example_dags/example_task_group.py took 0.048 seconds
[2024-10-20T10:26:55.207+0000] {processor.py:161} INFO - Started process (PID=809) to work on /home/airflow/.local/lib/python3.8/site-packages/airflow/example_dags/example_task_group.py
[2024-10-20T10:26:55.208+0000] {processor.py:830} INFO - Processing file /home/airflow/.local/lib/python3.8/site-packages/airflow/example_dags/example_task_group.py for tasks to queue
[2024-10-20T10:26:55.209+0000] {logging_mixin.py:188} INFO - [2024-10-20T10:26:55.209+0000] {dagbag.py:540} INFO - Filling up the DagBag from /home/airflow/.local/lib/python3.8/site-packages/airflow/example_dags/example_task_group.py
[2024-10-20T10:26:55.218+0000] {processor.py:840} INFO - DAG(s) 'example_task_group' retrieved from /home/airflow/.local/lib/python3.8/site-packages/airflow/example_dags/example_task_group.py
[2024-10-20T10:26:55.234+0000] {logging_mixin.py:188} INFO - [2024-10-20T10:26:55.234+0000] {dag.py:3047} INFO - Sync 1 DAGs
[2024-10-20T10:26:55.251+0000] {logging_mixin.py:188} INFO - [2024-10-20T10:26:55.251+0000] {dag.py:3834} INFO - Setting next_dagrun for example_task_group to 2024-10-19 00:00:00+00:00, run_after=2024-10-20 00:00:00+00:00
[2024-10-20T10:26:55.263+0000] {processor.py:183} INFO - Processing /home/airflow/.local/lib/python3.8/site-packages/airflow/example_dags/example_task_group.py took 0.059 seconds
[2024-10-20T10:27:25.884+0000] {processor.py:161} INFO - Started process (PID=864) to work on /home/airflow/.local/lib/python3.8/site-packages/airflow/example_dags/example_task_group.py
[2024-10-20T10:27:25.885+0000] {processor.py:830} INFO - Processing file /home/airflow/.local/lib/python3.8/site-packages/airflow/example_dags/example_task_group.py for tasks to queue
[2024-10-20T10:27:25.888+0000] {logging_mixin.py:188} INFO - [2024-10-20T10:27:25.888+0000] {dagbag.py:540} INFO - Filling up the DagBag from /home/airflow/.local/lib/python3.8/site-packages/airflow/example_dags/example_task_group.py
[2024-10-20T10:27:25.893+0000] {processor.py:840} INFO - DAG(s) 'example_task_group' retrieved from /home/airflow/.local/lib/python3.8/site-packages/airflow/example_dags/example_task_group.py
[2024-10-20T10:27:25.910+0000] {logging_mixin.py:188} INFO - [2024-10-20T10:27:25.910+0000] {dag.py:3047} INFO - Sync 1 DAGs
[2024-10-20T10:27:25.928+0000] {logging_mixin.py:188} INFO - [2024-10-20T10:27:25.927+0000] {dag.py:3834} INFO - Setting next_dagrun for example_task_group to 2024-10-19 00:00:00+00:00, run_after=2024-10-20 00:00:00+00:00
[2024-10-20T10:27:25.940+0000] {processor.py:183} INFO - Processing /home/airflow/.local/lib/python3.8/site-packages/airflow/example_dags/example_task_group.py took 0.059 seconds
[2024-10-20T10:27:56.791+0000] {processor.py:161} INFO - Started process (PID=919) to work on /home/airflow/.local/lib/python3.8/site-packages/airflow/example_dags/example_task_group.py
[2024-10-20T10:27:56.792+0000] {processor.py:830} INFO - Processing file /home/airflow/.local/lib/python3.8/site-packages/airflow/example_dags/example_task_group.py for tasks to queue
[2024-10-20T10:27:56.793+0000] {logging_mixin.py:188} INFO - [2024-10-20T10:27:56.793+0000] {dagbag.py:540} INFO - Filling up the DagBag from /home/airflow/.local/lib/python3.8/site-packages/airflow/example_dags/example_task_group.py
[2024-10-20T10:27:56.798+0000] {processor.py:840} INFO - DAG(s) 'example_task_group' retrieved from /home/airflow/.local/lib/python3.8/site-packages/airflow/example_dags/example_task_group.py
[2024-10-20T10:27:56.816+0000] {logging_mixin.py:188} INFO - [2024-10-20T10:27:56.816+0000] {dag.py:3047} INFO - Sync 1 DAGs
[2024-10-20T10:27:56.831+0000] {logging_mixin.py:188} INFO - [2024-10-20T10:27:56.831+0000] {dag.py:3834} INFO - Setting next_dagrun for example_task_group to 2024-10-19 00:00:00+00:00, run_after=2024-10-20 00:00:00+00:00
[2024-10-20T10:27:56.846+0000] {processor.py:183} INFO - Processing /home/airflow/.local/lib/python3.8/site-packages/airflow/example_dags/example_task_group.py took 0.057 seconds
[2024-10-20T10:28:27.747+0000] {processor.py:161} INFO - Started process (PID=974) to work on /home/airflow/.local/lib/python3.8/site-packages/airflow/example_dags/example_task_group.py
[2024-10-20T10:28:27.747+0000] {processor.py:830} INFO - Processing file /home/airflow/.local/lib/python3.8/site-packages/airflow/example_dags/example_task_group.py for tasks to queue
[2024-10-20T10:28:27.749+0000] {logging_mixin.py:188} INFO - [2024-10-20T10:28:27.748+0000] {dagbag.py:540} INFO - Filling up the DagBag from /home/airflow/.local/lib/python3.8/site-packages/airflow/example_dags/example_task_group.py
[2024-10-20T10:28:27.753+0000] {processor.py:840} INFO - DAG(s) 'example_task_group' retrieved from /home/airflow/.local/lib/python3.8/site-packages/airflow/example_dags/example_task_group.py
[2024-10-20T10:28:27.770+0000] {logging_mixin.py:188} INFO - [2024-10-20T10:28:27.769+0000] {dag.py:3047} INFO - Sync 1 DAGs
[2024-10-20T10:28:27.783+0000] {logging_mixin.py:188} INFO - [2024-10-20T10:28:27.783+0000] {dag.py:3834} INFO - Setting next_dagrun for example_task_group to 2024-10-19 00:00:00+00:00, run_after=2024-10-20 00:00:00+00:00
[2024-10-20T10:28:27.794+0000] {processor.py:183} INFO - Processing /home/airflow/.local/lib/python3.8/site-packages/airflow/example_dags/example_task_group.py took 0.050 seconds
[2024-10-20T10:28:58.436+0000] {processor.py:161} INFO - Started process (PID=1029) to work on /home/airflow/.local/lib/python3.8/site-packages/airflow/example_dags/example_task_group.py
[2024-10-20T10:28:58.437+0000] {processor.py:830} INFO - Processing file /home/airflow/.local/lib/python3.8/site-packages/airflow/example_dags/example_task_group.py for tasks to queue
[2024-10-20T10:28:58.438+0000] {logging_mixin.py:188} INFO - [2024-10-20T10:28:58.438+0000] {dagbag.py:540} INFO - Filling up the DagBag from /home/airflow/.local/lib/python3.8/site-packages/airflow/example_dags/example_task_group.py
[2024-10-20T10:28:58.443+0000] {processor.py:840} INFO - DAG(s) 'example_task_group' retrieved from /home/airflow/.local/lib/python3.8/site-packages/airflow/example_dags/example_task_group.py
[2024-10-20T10:28:58.457+0000] {logging_mixin.py:188} INFO - [2024-10-20T10:28:58.457+0000] {dag.py:3047} INFO - Sync 1 DAGs
[2024-10-20T10:28:58.473+0000] {logging_mixin.py:188} INFO - [2024-10-20T10:28:58.473+0000] {dag.py:3834} INFO - Setting next_dagrun for example_task_group to 2024-10-19 00:00:00+00:00, run_after=2024-10-20 00:00:00+00:00
[2024-10-20T10:28:58.485+0000] {processor.py:183} INFO - Processing /home/airflow/.local/lib/python3.8/site-packages/airflow/example_dags/example_task_group.py took 0.052 seconds
[2024-10-20T10:29:29.145+0000] {processor.py:161} INFO - Started process (PID=1084) to work on /home/airflow/.local/lib/python3.8/site-packages/airflow/example_dags/example_task_group.py
[2024-10-20T10:29:29.146+0000] {processor.py:830} INFO - Processing file /home/airflow/.local/lib/python3.8/site-packages/airflow/example_dags/example_task_group.py for tasks to queue
[2024-10-20T10:29:29.147+0000] {logging_mixin.py:188} INFO - [2024-10-20T10:29:29.147+0000] {dagbag.py:540} INFO - Filling up the DagBag from /home/airflow/.local/lib/python3.8/site-packages/airflow/example_dags/example_task_group.py
[2024-10-20T10:29:29.152+0000] {processor.py:840} INFO - DAG(s) 'example_task_group' retrieved from /home/airflow/.local/lib/python3.8/site-packages/airflow/example_dags/example_task_group.py
[2024-10-20T10:29:29.166+0000] {logging_mixin.py:188} INFO - [2024-10-20T10:29:29.166+0000] {dag.py:3047} INFO - Sync 1 DAGs
[2024-10-20T10:29:29.180+0000] {logging_mixin.py:188} INFO - [2024-10-20T10:29:29.180+0000] {dag.py:3834} INFO - Setting next_dagrun for example_task_group to 2024-10-19 00:00:00+00:00, run_after=2024-10-20 00:00:00+00:00
[2024-10-20T10:29:29.190+0000] {processor.py:183} INFO - Processing /home/airflow/.local/lib/python3.8/site-packages/airflow/example_dags/example_task_group.py took 0.048 seconds
[2024-10-20T10:29:59.847+0000] {processor.py:161} INFO - Started process (PID=1139) to work on /home/airflow/.local/lib/python3.8/site-packages/airflow/example_dags/example_task_group.py
[2024-10-20T10:29:59.847+0000] {processor.py:830} INFO - Processing file /home/airflow/.local/lib/python3.8/site-packages/airflow/example_dags/example_task_group.py for tasks to queue
[2024-10-20T10:29:59.849+0000] {logging_mixin.py:188} INFO - [2024-10-20T10:29:59.848+0000] {dagbag.py:540} INFO - Filling up the DagBag from /home/airflow/.local/lib/python3.8/site-packages/airflow/example_dags/example_task_group.py
[2024-10-20T10:29:59.854+0000] {processor.py:840} INFO - DAG(s) 'example_task_group' retrieved from /home/airflow/.local/lib/python3.8/site-packages/airflow/example_dags/example_task_group.py
[2024-10-20T10:29:59.871+0000] {logging_mixin.py:188} INFO - [2024-10-20T10:29:59.871+0000] {dag.py:3047} INFO - Sync 1 DAGs
[2024-10-20T10:29:59.888+0000] {logging_mixin.py:188} INFO - [2024-10-20T10:29:59.888+0000] {dag.py:3834} INFO - Setting next_dagrun for example_task_group to 2024-10-19 00:00:00+00:00, run_after=2024-10-20 00:00:00+00:00
[2024-10-20T10:29:59.900+0000] {processor.py:183} INFO - Processing /home/airflow/.local/lib/python3.8/site-packages/airflow/example_dags/example_task_group.py took 0.056 seconds
[2024-10-20T10:30:30.596+0000] {processor.py:161} INFO - Started process (PID=1194) to work on /home/airflow/.local/lib/python3.8/site-packages/airflow/example_dags/example_task_group.py
[2024-10-20T10:30:30.597+0000] {processor.py:830} INFO - Processing file /home/airflow/.local/lib/python3.8/site-packages/airflow/example_dags/example_task_group.py for tasks to queue
[2024-10-20T10:30:30.598+0000] {logging_mixin.py:188} INFO - [2024-10-20T10:30:30.598+0000] {dagbag.py:540} INFO - Filling up the DagBag from /home/airflow/.local/lib/python3.8/site-packages/airflow/example_dags/example_task_group.py
[2024-10-20T10:30:30.603+0000] {processor.py:840} INFO - DAG(s) 'example_task_group' retrieved from /home/airflow/.local/lib/python3.8/site-packages/airflow/example_dags/example_task_group.py
[2024-10-20T10:30:30.617+0000] {logging_mixin.py:188} INFO - [2024-10-20T10:30:30.617+0000] {dag.py:3047} INFO - Sync 1 DAGs
[2024-10-20T10:30:30.631+0000] {logging_mixin.py:188} INFO - [2024-10-20T10:30:30.631+0000] {dag.py:3834} INFO - Setting next_dagrun for example_task_group to 2024-10-19 00:00:00+00:00, run_after=2024-10-20 00:00:00+00:00
[2024-10-20T10:30:30.644+0000] {processor.py:183} INFO - Processing /home/airflow/.local/lib/python3.8/site-packages/airflow/example_dags/example_task_group.py took 0.050 seconds
[2024-10-20T10:31:01.210+0000] {processor.py:161} INFO - Started process (PID=1249) to work on /home/airflow/.local/lib/python3.8/site-packages/airflow/example_dags/example_task_group.py
[2024-10-20T10:31:01.211+0000] {processor.py:830} INFO - Processing file /home/airflow/.local/lib/python3.8/site-packages/airflow/example_dags/example_task_group.py for tasks to queue
[2024-10-20T10:31:01.215+0000] {logging_mixin.py:188} INFO - [2024-10-20T10:31:01.214+0000] {dagbag.py:540} INFO - Filling up the DagBag from /home/airflow/.local/lib/python3.8/site-packages/airflow/example_dags/example_task_group.py
[2024-10-20T10:31:01.220+0000] {processor.py:840} INFO - DAG(s) 'example_task_group' retrieved from /home/airflow/.local/lib/python3.8/site-packages/airflow/example_dags/example_task_group.py
[2024-10-20T10:31:01.234+0000] {logging_mixin.py:188} INFO - [2024-10-20T10:31:01.234+0000] {dag.py:3047} INFO - Sync 1 DAGs
[2024-10-20T10:31:01.250+0000] {logging_mixin.py:188} INFO - [2024-10-20T10:31:01.249+0000] {dag.py:3834} INFO - Setting next_dagrun for example_task_group to 2024-10-19 00:00:00+00:00, run_after=2024-10-20 00:00:00+00:00
[2024-10-20T10:31:01.261+0000] {processor.py:183} INFO - Processing /home/airflow/.local/lib/python3.8/site-packages/airflow/example_dags/example_task_group.py took 0.054 seconds
[2024-10-20T10:31:31.935+0000] {processor.py:161} INFO - Started process (PID=1304) to work on /home/airflow/.local/lib/python3.8/site-packages/airflow/example_dags/example_task_group.py
[2024-10-20T10:31:31.937+0000] {processor.py:830} INFO - Processing file /home/airflow/.local/lib/python3.8/site-packages/airflow/example_dags/example_task_group.py for tasks to queue
[2024-10-20T10:31:31.938+0000] {logging_mixin.py:188} INFO - [2024-10-20T10:31:31.938+0000] {dagbag.py:540} INFO - Filling up the DagBag from /home/airflow/.local/lib/python3.8/site-packages/airflow/example_dags/example_task_group.py
[2024-10-20T10:31:31.943+0000] {processor.py:840} INFO - DAG(s) 'example_task_group' retrieved from /home/airflow/.local/lib/python3.8/site-packages/airflow/example_dags/example_task_group.py
[2024-10-20T10:31:31.959+0000] {logging_mixin.py:188} INFO - [2024-10-20T10:31:31.959+0000] {dag.py:3047} INFO - Sync 1 DAGs
[2024-10-20T10:31:31.976+0000] {logging_mixin.py:188} INFO - [2024-10-20T10:31:31.976+0000] {dag.py:3834} INFO - Setting next_dagrun for example_task_group to 2024-10-19 00:00:00+00:00, run_after=2024-10-20 00:00:00+00:00
[2024-10-20T10:31:31.988+0000] {processor.py:183} INFO - Processing /home/airflow/.local/lib/python3.8/site-packages/airflow/example_dags/example_task_group.py took 0.055 seconds
[2024-10-20T10:32:02.080+0000] {processor.py:161} INFO - Started process (PID=1359) to work on /home/airflow/.local/lib/python3.8/site-packages/airflow/example_dags/example_task_group.py
[2024-10-20T10:32:02.082+0000] {processor.py:830} INFO - Processing file /home/airflow/.local/lib/python3.8/site-packages/airflow/example_dags/example_task_group.py for tasks to queue
[2024-10-20T10:32:02.083+0000] {logging_mixin.py:188} INFO - [2024-10-20T10:32:02.083+0000] {dagbag.py:540} INFO - Filling up the DagBag from /home/airflow/.local/lib/python3.8/site-packages/airflow/example_dags/example_task_group.py
[2024-10-20T10:32:02.088+0000] {processor.py:840} INFO - DAG(s) 'example_task_group' retrieved from /home/airflow/.local/lib/python3.8/site-packages/airflow/example_dags/example_task_group.py
[2024-10-20T10:32:02.102+0000] {logging_mixin.py:188} INFO - [2024-10-20T10:32:02.102+0000] {dag.py:3047} INFO - Sync 1 DAGs
[2024-10-20T10:32:02.116+0000] {logging_mixin.py:188} INFO - [2024-10-20T10:32:02.116+0000] {dag.py:3834} INFO - Setting next_dagrun for example_task_group to 2024-10-19 00:00:00+00:00, run_after=2024-10-20 00:00:00+00:00
[2024-10-20T10:32:02.127+0000] {processor.py:183} INFO - Processing /home/airflow/.local/lib/python3.8/site-packages/airflow/example_dags/example_task_group.py took 0.050 seconds
[2024-10-20T10:32:32.780+0000] {processor.py:161} INFO - Started process (PID=1414) to work on /home/airflow/.local/lib/python3.8/site-packages/airflow/example_dags/example_task_group.py
[2024-10-20T10:32:32.781+0000] {processor.py:830} INFO - Processing file /home/airflow/.local/lib/python3.8/site-packages/airflow/example_dags/example_task_group.py for tasks to queue
[2024-10-20T10:32:32.782+0000] {logging_mixin.py:188} INFO - [2024-10-20T10:32:32.782+0000] {dagbag.py:540} INFO - Filling up the DagBag from /home/airflow/.local/lib/python3.8/site-packages/airflow/example_dags/example_task_group.py
[2024-10-20T10:32:32.788+0000] {processor.py:840} INFO - DAG(s) 'example_task_group' retrieved from /home/airflow/.local/lib/python3.8/site-packages/airflow/example_dags/example_task_group.py
[2024-10-20T10:32:32.808+0000] {logging_mixin.py:188} INFO - [2024-10-20T10:32:32.808+0000] {dag.py:3047} INFO - Sync 1 DAGs
[2024-10-20T10:32:32.826+0000] {logging_mixin.py:188} INFO - [2024-10-20T10:32:32.826+0000] {dag.py:3834} INFO - Setting next_dagrun for example_task_group to 2024-10-19 00:00:00+00:00, run_after=2024-10-20 00:00:00+00:00
[2024-10-20T10:32:32.838+0000] {processor.py:183} INFO - Processing /home/airflow/.local/lib/python3.8/site-packages/airflow/example_dags/example_task_group.py took 0.061 seconds
[2024-10-20T10:33:03.536+0000] {processor.py:161} INFO - Started process (PID=1469) to work on /home/airflow/.local/lib/python3.8/site-packages/airflow/example_dags/example_task_group.py
[2024-10-20T10:33:03.537+0000] {processor.py:830} INFO - Processing file /home/airflow/.local/lib/python3.8/site-packages/airflow/example_dags/example_task_group.py for tasks to queue
[2024-10-20T10:33:03.538+0000] {logging_mixin.py:188} INFO - [2024-10-20T10:33:03.538+0000] {dagbag.py:540} INFO - Filling up the DagBag from /home/airflow/.local/lib/python3.8/site-packages/airflow/example_dags/example_task_group.py
[2024-10-20T10:33:03.543+0000] {processor.py:840} INFO - DAG(s) 'example_task_group' retrieved from /home/airflow/.local/lib/python3.8/site-packages/airflow/example_dags/example_task_group.py
[2024-10-20T10:33:03.565+0000] {logging_mixin.py:188} INFO - [2024-10-20T10:33:03.565+0000] {dag.py:3047} INFO - Sync 1 DAGs
[2024-10-20T10:33:03.583+0000] {logging_mixin.py:188} INFO - [2024-10-20T10:33:03.582+0000] {dag.py:3834} INFO - Setting next_dagrun for example_task_group to 2024-10-19 00:00:00+00:00, run_after=2024-10-20 00:00:00+00:00
[2024-10-20T10:33:03.596+0000] {processor.py:183} INFO - Processing /home/airflow/.local/lib/python3.8/site-packages/airflow/example_dags/example_task_group.py took 0.063 seconds
[2024-10-20T10:33:33.658+0000] {processor.py:161} INFO - Started process (PID=1524) to work on /home/airflow/.local/lib/python3.8/site-packages/airflow/example_dags/example_task_group.py
[2024-10-20T10:33:33.659+0000] {processor.py:830} INFO - Processing file /home/airflow/.local/lib/python3.8/site-packages/airflow/example_dags/example_task_group.py for tasks to queue
[2024-10-20T10:33:33.661+0000] {logging_mixin.py:188} INFO - [2024-10-20T10:33:33.661+0000] {dagbag.py:540} INFO - Filling up the DagBag from /home/airflow/.local/lib/python3.8/site-packages/airflow/example_dags/example_task_group.py
[2024-10-20T10:33:33.666+0000] {processor.py:840} INFO - DAG(s) 'example_task_group' retrieved from /home/airflow/.local/lib/python3.8/site-packages/airflow/example_dags/example_task_group.py
[2024-10-20T10:33:33.685+0000] {logging_mixin.py:188} INFO - [2024-10-20T10:33:33.684+0000] {dag.py:3047} INFO - Sync 1 DAGs
[2024-10-20T10:33:33.699+0000] {logging_mixin.py:188} INFO - [2024-10-20T10:33:33.699+0000] {dag.py:3834} INFO - Setting next_dagrun for example_task_group to 2024-10-19 00:00:00+00:00, run_after=2024-10-20 00:00:00+00:00
[2024-10-20T10:33:33.712+0000] {processor.py:183} INFO - Processing /home/airflow/.local/lib/python3.8/site-packages/airflow/example_dags/example_task_group.py took 0.056 seconds
[2024-10-20T10:34:03.797+0000] {processor.py:161} INFO - Started process (PID=1579) to work on /home/airflow/.local/lib/python3.8/site-packages/airflow/example_dags/example_task_group.py
[2024-10-20T10:34:03.798+0000] {processor.py:830} INFO - Processing file /home/airflow/.local/lib/python3.8/site-packages/airflow/example_dags/example_task_group.py for tasks to queue
[2024-10-20T10:34:03.799+0000] {logging_mixin.py:188} INFO - [2024-10-20T10:34:03.799+0000] {dagbag.py:540} INFO - Filling up the DagBag from /home/airflow/.local/lib/python3.8/site-packages/airflow/example_dags/example_task_group.py
[2024-10-20T10:34:03.805+0000] {processor.py:840} INFO - DAG(s) 'example_task_group' retrieved from /home/airflow/.local/lib/python3.8/site-packages/airflow/example_dags/example_task_group.py
[2024-10-20T10:34:03.820+0000] {logging_mixin.py:188} INFO - [2024-10-20T10:34:03.820+0000] {dag.py:3047} INFO - Sync 1 DAGs
[2024-10-20T10:34:03.836+0000] {logging_mixin.py:188} INFO - [2024-10-20T10:34:03.836+0000] {dag.py:3834} INFO - Setting next_dagrun for example_task_group to 2024-10-19 00:00:00+00:00, run_after=2024-10-20 00:00:00+00:00
[2024-10-20T10:34:03.847+0000] {processor.py:183} INFO - Processing /home/airflow/.local/lib/python3.8/site-packages/airflow/example_dags/example_task_group.py took 0.053 seconds
[2024-10-20T10:34:34.493+0000] {processor.py:161} INFO - Started process (PID=1634) to work on /home/airflow/.local/lib/python3.8/site-packages/airflow/example_dags/example_task_group.py
[2024-10-20T10:34:34.494+0000] {processor.py:830} INFO - Processing file /home/airflow/.local/lib/python3.8/site-packages/airflow/example_dags/example_task_group.py for tasks to queue
[2024-10-20T10:34:34.495+0000] {logging_mixin.py:188} INFO - [2024-10-20T10:34:34.495+0000] {dagbag.py:540} INFO - Filling up the DagBag from /home/airflow/.local/lib/python3.8/site-packages/airflow/example_dags/example_task_group.py
[2024-10-20T10:34:34.502+0000] {processor.py:840} INFO - DAG(s) 'example_task_group' retrieved from /home/airflow/.local/lib/python3.8/site-packages/airflow/example_dags/example_task_group.py
[2024-10-20T10:34:34.517+0000] {logging_mixin.py:188} INFO - [2024-10-20T10:34:34.517+0000] {dag.py:3047} INFO - Sync 1 DAGs
[2024-10-20T10:34:34.534+0000] {logging_mixin.py:188} INFO - [2024-10-20T10:34:34.534+0000] {dag.py:3834} INFO - Setting next_dagrun for example_task_group to 2024-10-19 00:00:00+00:00, run_after=2024-10-20 00:00:00+00:00
[2024-10-20T10:34:34.545+0000] {processor.py:183} INFO - Processing /home/airflow/.local/lib/python3.8/site-packages/airflow/example_dags/example_task_group.py took 0.055 seconds
[2024-10-20T10:35:49.687+0000] {processor.py:161} INFO - Started process (PID=76) to work on /home/airflow/.local/lib/python3.8/site-packages/airflow/example_dags/example_task_group.py
[2024-10-20T10:35:49.691+0000] {processor.py:830} INFO - Processing file /home/airflow/.local/lib/python3.8/site-packages/airflow/example_dags/example_task_group.py for tasks to queue
[2024-10-20T10:35:49.697+0000] {logging_mixin.py:188} INFO - [2024-10-20T10:35:49.696+0000] {dagbag.py:540} INFO - Filling up the DagBag from /home/airflow/.local/lib/python3.8/site-packages/airflow/example_dags/example_task_group.py
[2024-10-20T10:35:49.717+0000] {processor.py:840} INFO - DAG(s) 'example_task_group' retrieved from /home/airflow/.local/lib/python3.8/site-packages/airflow/example_dags/example_task_group.py
[2024-10-20T10:35:49.743+0000] {logging_mixin.py:188} INFO - [2024-10-20T10:35:49.743+0000] {dag.py:3047} INFO - Sync 1 DAGs
[2024-10-20T10:35:49.798+0000] {logging_mixin.py:188} INFO - [2024-10-20T10:35:49.797+0000] {dag.py:3834} INFO - Setting next_dagrun for example_task_group to 2024-10-19 00:00:00+00:00, run_after=2024-10-20 00:00:00+00:00
[2024-10-20T10:35:49.834+0000] {processor.py:183} INFO - Processing /home/airflow/.local/lib/python3.8/site-packages/airflow/example_dags/example_task_group.py took 0.150 seconds
[2024-10-20T10:36:20.148+0000] {processor.py:161} INFO - Started process (PID=131) to work on /home/airflow/.local/lib/python3.8/site-packages/airflow/example_dags/example_task_group.py
[2024-10-20T10:36:20.149+0000] {processor.py:830} INFO - Processing file /home/airflow/.local/lib/python3.8/site-packages/airflow/example_dags/example_task_group.py for tasks to queue
[2024-10-20T10:36:20.150+0000] {logging_mixin.py:188} INFO - [2024-10-20T10:36:20.150+0000] {dagbag.py:540} INFO - Filling up the DagBag from /home/airflow/.local/lib/python3.8/site-packages/airflow/example_dags/example_task_group.py
[2024-10-20T10:36:20.159+0000] {processor.py:840} INFO - DAG(s) 'example_task_group' retrieved from /home/airflow/.local/lib/python3.8/site-packages/airflow/example_dags/example_task_group.py
[2024-10-20T10:36:20.246+0000] {logging_mixin.py:188} INFO - [2024-10-20T10:36:20.246+0000] {dag.py:3047} INFO - Sync 1 DAGs
[2024-10-20T10:36:20.263+0000] {logging_mixin.py:188} INFO - [2024-10-20T10:36:20.263+0000] {dag.py:3834} INFO - Setting next_dagrun for example_task_group to 2024-10-19 00:00:00+00:00, run_after=2024-10-20 00:00:00+00:00
[2024-10-20T10:36:20.291+0000] {processor.py:183} INFO - Processing /home/airflow/.local/lib/python3.8/site-packages/airflow/example_dags/example_task_group.py took 0.146 seconds
[2024-10-20T10:36:50.414+0000] {processor.py:161} INFO - Started process (PID=187) to work on /home/airflow/.local/lib/python3.8/site-packages/airflow/example_dags/example_task_group.py
[2024-10-20T10:36:50.415+0000] {processor.py:830} INFO - Processing file /home/airflow/.local/lib/python3.8/site-packages/airflow/example_dags/example_task_group.py for tasks to queue
[2024-10-20T10:36:50.418+0000] {logging_mixin.py:188} INFO - [2024-10-20T10:36:50.418+0000] {dagbag.py:540} INFO - Filling up the DagBag from /home/airflow/.local/lib/python3.8/site-packages/airflow/example_dags/example_task_group.py
[2024-10-20T10:36:50.423+0000] {processor.py:840} INFO - DAG(s) 'example_task_group' retrieved from /home/airflow/.local/lib/python3.8/site-packages/airflow/example_dags/example_task_group.py
[2024-10-20T10:36:50.441+0000] {logging_mixin.py:188} INFO - [2024-10-20T10:36:50.441+0000] {dag.py:3047} INFO - Sync 1 DAGs
[2024-10-20T10:36:50.461+0000] {logging_mixin.py:188} INFO - [2024-10-20T10:36:50.460+0000] {dag.py:3834} INFO - Setting next_dagrun for example_task_group to 2024-10-19 00:00:00+00:00, run_after=2024-10-20 00:00:00+00:00
[2024-10-20T10:36:50.478+0000] {processor.py:183} INFO - Processing /home/airflow/.local/lib/python3.8/site-packages/airflow/example_dags/example_task_group.py took 0.067 seconds
[2024-10-20T10:37:20.741+0000] {processor.py:161} INFO - Started process (PID=249) to work on /home/airflow/.local/lib/python3.8/site-packages/airflow/example_dags/example_task_group.py
[2024-10-20T10:37:20.744+0000] {processor.py:830} INFO - Processing file /home/airflow/.local/lib/python3.8/site-packages/airflow/example_dags/example_task_group.py for tasks to queue
[2024-10-20T10:37:20.749+0000] {logging_mixin.py:188} INFO - [2024-10-20T10:37:20.748+0000] {dagbag.py:540} INFO - Filling up the DagBag from /home/airflow/.local/lib/python3.8/site-packages/airflow/example_dags/example_task_group.py
[2024-10-20T10:37:20.759+0000] {processor.py:840} INFO - DAG(s) 'example_task_group' retrieved from /home/airflow/.local/lib/python3.8/site-packages/airflow/example_dags/example_task_group.py
[2024-10-20T10:37:20.795+0000] {logging_mixin.py:188} INFO - [2024-10-20T10:37:20.795+0000] {dag.py:3047} INFO - Sync 1 DAGs
[2024-10-20T10:37:20.826+0000] {logging_mixin.py:188} INFO - [2024-10-20T10:37:20.826+0000] {dag.py:3834} INFO - Setting next_dagrun for example_task_group to 2024-10-19 00:00:00+00:00, run_after=2024-10-20 00:00:00+00:00
[2024-10-20T10:37:20.848+0000] {processor.py:183} INFO - Processing /home/airflow/.local/lib/python3.8/site-packages/airflow/example_dags/example_task_group.py took 0.111 seconds
[2024-10-20T10:37:51.403+0000] {processor.py:161} INFO - Started process (PID=304) to work on /home/airflow/.local/lib/python3.8/site-packages/airflow/example_dags/example_task_group.py
[2024-10-20T10:37:51.404+0000] {processor.py:830} INFO - Processing file /home/airflow/.local/lib/python3.8/site-packages/airflow/example_dags/example_task_group.py for tasks to queue
[2024-10-20T10:37:51.407+0000] {logging_mixin.py:188} INFO - [2024-10-20T10:37:51.407+0000] {dagbag.py:540} INFO - Filling up the DagBag from /home/airflow/.local/lib/python3.8/site-packages/airflow/example_dags/example_task_group.py
[2024-10-20T10:37:51.413+0000] {processor.py:840} INFO - DAG(s) 'example_task_group' retrieved from /home/airflow/.local/lib/python3.8/site-packages/airflow/example_dags/example_task_group.py
[2024-10-20T10:37:51.429+0000] {logging_mixin.py:188} INFO - [2024-10-20T10:37:51.429+0000] {dag.py:3047} INFO - Sync 1 DAGs
[2024-10-20T10:37:51.446+0000] {logging_mixin.py:188} INFO - [2024-10-20T10:37:51.446+0000] {dag.py:3834} INFO - Setting next_dagrun for example_task_group to 2024-10-19 00:00:00+00:00, run_after=2024-10-20 00:00:00+00:00
[2024-10-20T10:37:51.467+0000] {processor.py:183} INFO - Processing /home/airflow/.local/lib/python3.8/site-packages/airflow/example_dags/example_task_group.py took 0.066 seconds
[2024-10-20T10:38:21.516+0000] {processor.py:161} INFO - Started process (PID=360) to work on /home/airflow/.local/lib/python3.8/site-packages/airflow/example_dags/example_task_group.py
[2024-10-20T10:38:21.518+0000] {processor.py:830} INFO - Processing file /home/airflow/.local/lib/python3.8/site-packages/airflow/example_dags/example_task_group.py for tasks to queue
[2024-10-20T10:38:21.519+0000] {logging_mixin.py:188} INFO - [2024-10-20T10:38:21.519+0000] {dagbag.py:540} INFO - Filling up the DagBag from /home/airflow/.local/lib/python3.8/site-packages/airflow/example_dags/example_task_group.py
[2024-10-20T10:38:21.524+0000] {processor.py:840} INFO - DAG(s) 'example_task_group' retrieved from /home/airflow/.local/lib/python3.8/site-packages/airflow/example_dags/example_task_group.py
[2024-10-20T10:38:21.542+0000] {logging_mixin.py:188} INFO - [2024-10-20T10:38:21.542+0000] {dag.py:3047} INFO - Sync 1 DAGs
[2024-10-20T10:38:21.560+0000] {logging_mixin.py:188} INFO - [2024-10-20T10:38:21.560+0000] {dag.py:3834} INFO - Setting next_dagrun for example_task_group to 2024-10-19 00:00:00+00:00, run_after=2024-10-20 00:00:00+00:00
[2024-10-20T10:38:21.580+0000] {processor.py:183} INFO - Processing /home/airflow/.local/lib/python3.8/site-packages/airflow/example_dags/example_task_group.py took 0.067 seconds
[2024-10-20T10:38:51.877+0000] {processor.py:161} INFO - Started process (PID=416) to work on /home/airflow/.local/lib/python3.8/site-packages/airflow/example_dags/example_task_group.py
[2024-10-20T10:38:51.878+0000] {processor.py:830} INFO - Processing file /home/airflow/.local/lib/python3.8/site-packages/airflow/example_dags/example_task_group.py for tasks to queue
[2024-10-20T10:38:51.879+0000] {logging_mixin.py:188} INFO - [2024-10-20T10:38:51.879+0000] {dagbag.py:540} INFO - Filling up the DagBag from /home/airflow/.local/lib/python3.8/site-packages/airflow/example_dags/example_task_group.py
[2024-10-20T10:38:51.884+0000] {processor.py:840} INFO - DAG(s) 'example_task_group' retrieved from /home/airflow/.local/lib/python3.8/site-packages/airflow/example_dags/example_task_group.py
[2024-10-20T10:38:51.900+0000] {logging_mixin.py:188} INFO - [2024-10-20T10:38:51.900+0000] {dag.py:3047} INFO - Sync 1 DAGs
[2024-10-20T10:38:51.916+0000] {logging_mixin.py:188} INFO - [2024-10-20T10:38:51.916+0000] {dag.py:3834} INFO - Setting next_dagrun for example_task_group to 2024-10-19 00:00:00+00:00, run_after=2024-10-20 00:00:00+00:00
[2024-10-20T10:38:51.933+0000] {processor.py:183} INFO - Processing /home/airflow/.local/lib/python3.8/site-packages/airflow/example_dags/example_task_group.py took 0.059 seconds
[2024-10-20T10:39:22.010+0000] {processor.py:161} INFO - Started process (PID=472) to work on /home/airflow/.local/lib/python3.8/site-packages/airflow/example_dags/example_task_group.py
[2024-10-20T10:39:22.014+0000] {processor.py:830} INFO - Processing file /home/airflow/.local/lib/python3.8/site-packages/airflow/example_dags/example_task_group.py for tasks to queue
[2024-10-20T10:39:22.016+0000] {logging_mixin.py:188} INFO - [2024-10-20T10:39:22.015+0000] {dagbag.py:540} INFO - Filling up the DagBag from /home/airflow/.local/lib/python3.8/site-packages/airflow/example_dags/example_task_group.py
[2024-10-20T10:39:22.021+0000] {processor.py:840} INFO - DAG(s) 'example_task_group' retrieved from /home/airflow/.local/lib/python3.8/site-packages/airflow/example_dags/example_task_group.py
[2024-10-20T10:39:22.035+0000] {logging_mixin.py:188} INFO - [2024-10-20T10:39:22.035+0000] {dag.py:3047} INFO - Sync 1 DAGs
[2024-10-20T10:39:22.049+0000] {logging_mixin.py:188} INFO - [2024-10-20T10:39:22.049+0000] {dag.py:3834} INFO - Setting next_dagrun for example_task_group to 2024-10-19 00:00:00+00:00, run_after=2024-10-20 00:00:00+00:00
[2024-10-20T10:39:22.070+0000] {processor.py:183} INFO - Processing /home/airflow/.local/lib/python3.8/site-packages/airflow/example_dags/example_task_group.py took 0.062 seconds
[2024-10-20T10:39:52.395+0000] {processor.py:161} INFO - Started process (PID=528) to work on /home/airflow/.local/lib/python3.8/site-packages/airflow/example_dags/example_task_group.py
[2024-10-20T10:39:52.397+0000] {processor.py:830} INFO - Processing file /home/airflow/.local/lib/python3.8/site-packages/airflow/example_dags/example_task_group.py for tasks to queue
[2024-10-20T10:39:52.399+0000] {logging_mixin.py:188} INFO - [2024-10-20T10:39:52.399+0000] {dagbag.py:540} INFO - Filling up the DagBag from /home/airflow/.local/lib/python3.8/site-packages/airflow/example_dags/example_task_group.py
[2024-10-20T10:39:52.404+0000] {processor.py:840} INFO - DAG(s) 'example_task_group' retrieved from /home/airflow/.local/lib/python3.8/site-packages/airflow/example_dags/example_task_group.py
[2024-10-20T10:39:52.419+0000] {logging_mixin.py:188} INFO - [2024-10-20T10:39:52.419+0000] {dag.py:3047} INFO - Sync 1 DAGs
[2024-10-20T10:39:52.434+0000] {logging_mixin.py:188} INFO - [2024-10-20T10:39:52.434+0000] {dag.py:3834} INFO - Setting next_dagrun for example_task_group to 2024-10-19 00:00:00+00:00, run_after=2024-10-20 00:00:00+00:00
[2024-10-20T10:39:52.449+0000] {processor.py:183} INFO - Processing /home/airflow/.local/lib/python3.8/site-packages/airflow/example_dags/example_task_group.py took 0.056 seconds
[2024-10-20T10:40:22.544+0000] {processor.py:161} INFO - Started process (PID=584) to work on /home/airflow/.local/lib/python3.8/site-packages/airflow/example_dags/example_task_group.py
[2024-10-20T10:40:22.545+0000] {processor.py:830} INFO - Processing file /home/airflow/.local/lib/python3.8/site-packages/airflow/example_dags/example_task_group.py for tasks to queue
[2024-10-20T10:40:22.547+0000] {logging_mixin.py:188} INFO - [2024-10-20T10:40:22.547+0000] {dagbag.py:540} INFO - Filling up the DagBag from /home/airflow/.local/lib/python3.8/site-packages/airflow/example_dags/example_task_group.py
[2024-10-20T10:40:22.552+0000] {processor.py:840} INFO - DAG(s) 'example_task_group' retrieved from /home/airflow/.local/lib/python3.8/site-packages/airflow/example_dags/example_task_group.py
[2024-10-20T10:40:22.567+0000] {logging_mixin.py:188} INFO - [2024-10-20T10:40:22.567+0000] {dag.py:3047} INFO - Sync 1 DAGs
[2024-10-20T10:40:22.583+0000] {logging_mixin.py:188} INFO - [2024-10-20T10:40:22.583+0000] {dag.py:3834} INFO - Setting next_dagrun for example_task_group to 2024-10-19 00:00:00+00:00, run_after=2024-10-20 00:00:00+00:00
[2024-10-20T10:40:22.603+0000] {processor.py:183} INFO - Processing /home/airflow/.local/lib/python3.8/site-packages/airflow/example_dags/example_task_group.py took 0.061 seconds
[2024-10-20T10:40:52.659+0000] {processor.py:161} INFO - Started process (PID=640) to work on /home/airflow/.local/lib/python3.8/site-packages/airflow/example_dags/example_task_group.py
[2024-10-20T10:40:52.661+0000] {processor.py:830} INFO - Processing file /home/airflow/.local/lib/python3.8/site-packages/airflow/example_dags/example_task_group.py for tasks to queue
[2024-10-20T10:40:52.662+0000] {logging_mixin.py:188} INFO - [2024-10-20T10:40:52.662+0000] {dagbag.py:540} INFO - Filling up the DagBag from /home/airflow/.local/lib/python3.8/site-packages/airflow/example_dags/example_task_group.py
[2024-10-20T10:40:52.667+0000] {processor.py:840} INFO - DAG(s) 'example_task_group' retrieved from /home/airflow/.local/lib/python3.8/site-packages/airflow/example_dags/example_task_group.py
[2024-10-20T10:40:52.682+0000] {logging_mixin.py:188} INFO - [2024-10-20T10:40:52.681+0000] {dag.py:3047} INFO - Sync 1 DAGs
[2024-10-20T10:40:52.701+0000] {logging_mixin.py:188} INFO - [2024-10-20T10:40:52.701+0000] {dag.py:3834} INFO - Setting next_dagrun for example_task_group to 2024-10-19 00:00:00+00:00, run_after=2024-10-20 00:00:00+00:00
[2024-10-20T10:40:52.719+0000] {processor.py:183} INFO - Processing /home/airflow/.local/lib/python3.8/site-packages/airflow/example_dags/example_task_group.py took 0.062 seconds
[2024-10-20T10:41:23.156+0000] {processor.py:161} INFO - Started process (PID=696) to work on /home/airflow/.local/lib/python3.8/site-packages/airflow/example_dags/example_task_group.py
[2024-10-20T10:41:23.157+0000] {processor.py:830} INFO - Processing file /home/airflow/.local/lib/python3.8/site-packages/airflow/example_dags/example_task_group.py for tasks to queue
[2024-10-20T10:41:23.159+0000] {logging_mixin.py:188} INFO - [2024-10-20T10:41:23.159+0000] {dagbag.py:540} INFO - Filling up the DagBag from /home/airflow/.local/lib/python3.8/site-packages/airflow/example_dags/example_task_group.py
[2024-10-20T10:41:23.166+0000] {processor.py:840} INFO - DAG(s) 'example_task_group' retrieved from /home/airflow/.local/lib/python3.8/site-packages/airflow/example_dags/example_task_group.py
[2024-10-20T10:41:23.181+0000] {logging_mixin.py:188} INFO - [2024-10-20T10:41:23.180+0000] {dag.py:3047} INFO - Sync 1 DAGs
[2024-10-20T10:41:23.196+0000] {logging_mixin.py:188} INFO - [2024-10-20T10:41:23.196+0000] {dag.py:3834} INFO - Setting next_dagrun for example_task_group to 2024-10-19 00:00:00+00:00, run_after=2024-10-20 00:00:00+00:00
[2024-10-20T10:41:23.212+0000] {processor.py:183} INFO - Processing /home/airflow/.local/lib/python3.8/site-packages/airflow/example_dags/example_task_group.py took 0.058 seconds
[2024-10-20T10:41:53.721+0000] {processor.py:161} INFO - Started process (PID=752) to work on /home/airflow/.local/lib/python3.8/site-packages/airflow/example_dags/example_task_group.py
[2024-10-20T10:41:53.723+0000] {processor.py:830} INFO - Processing file /home/airflow/.local/lib/python3.8/site-packages/airflow/example_dags/example_task_group.py for tasks to queue
[2024-10-20T10:41:53.725+0000] {logging_mixin.py:188} INFO - [2024-10-20T10:41:53.725+0000] {dagbag.py:540} INFO - Filling up the DagBag from /home/airflow/.local/lib/python3.8/site-packages/airflow/example_dags/example_task_group.py
[2024-10-20T10:41:53.734+0000] {processor.py:840} INFO - DAG(s) 'example_task_group' retrieved from /home/airflow/.local/lib/python3.8/site-packages/airflow/example_dags/example_task_group.py
[2024-10-20T10:41:53.758+0000] {logging_mixin.py:188} INFO - [2024-10-20T10:41:53.758+0000] {dag.py:3047} INFO - Sync 1 DAGs
[2024-10-20T10:41:53.782+0000] {logging_mixin.py:188} INFO - [2024-10-20T10:41:53.782+0000] {dag.py:3834} INFO - Setting next_dagrun for example_task_group to 2024-10-19 00:00:00+00:00, run_after=2024-10-20 00:00:00+00:00
[2024-10-20T10:41:53.801+0000] {processor.py:183} INFO - Processing /home/airflow/.local/lib/python3.8/site-packages/airflow/example_dags/example_task_group.py took 0.084 seconds
[2024-10-20T10:42:23.846+0000] {processor.py:161} INFO - Started process (PID=808) to work on /home/airflow/.local/lib/python3.8/site-packages/airflow/example_dags/example_task_group.py
[2024-10-20T10:42:23.847+0000] {processor.py:830} INFO - Processing file /home/airflow/.local/lib/python3.8/site-packages/airflow/example_dags/example_task_group.py for tasks to queue
[2024-10-20T10:42:23.848+0000] {logging_mixin.py:188} INFO - [2024-10-20T10:42:23.848+0000] {dagbag.py:540} INFO - Filling up the DagBag from /home/airflow/.local/lib/python3.8/site-packages/airflow/example_dags/example_task_group.py
[2024-10-20T10:42:23.853+0000] {processor.py:840} INFO - DAG(s) 'example_task_group' retrieved from /home/airflow/.local/lib/python3.8/site-packages/airflow/example_dags/example_task_group.py
[2024-10-20T10:42:23.869+0000] {logging_mixin.py:188} INFO - [2024-10-20T10:42:23.869+0000] {dag.py:3047} INFO - Sync 1 DAGs
[2024-10-20T10:42:23.883+0000] {logging_mixin.py:188} INFO - [2024-10-20T10:42:23.883+0000] {dag.py:3834} INFO - Setting next_dagrun for example_task_group to 2024-10-19 00:00:00+00:00, run_after=2024-10-20 00:00:00+00:00
[2024-10-20T10:42:23.894+0000] {processor.py:183} INFO - Processing /home/airflow/.local/lib/python3.8/site-packages/airflow/example_dags/example_task_group.py took 0.050 seconds
[2024-10-20T10:42:54.167+0000] {processor.py:161} INFO - Started process (PID=864) to work on /home/airflow/.local/lib/python3.8/site-packages/airflow/example_dags/example_task_group.py
[2024-10-20T10:42:54.169+0000] {processor.py:830} INFO - Processing file /home/airflow/.local/lib/python3.8/site-packages/airflow/example_dags/example_task_group.py for tasks to queue
[2024-10-20T10:42:54.171+0000] {logging_mixin.py:188} INFO - [2024-10-20T10:42:54.171+0000] {dagbag.py:540} INFO - Filling up the DagBag from /home/airflow/.local/lib/python3.8/site-packages/airflow/example_dags/example_task_group.py
[2024-10-20T10:42:54.177+0000] {processor.py:840} INFO - DAG(s) 'example_task_group' retrieved from /home/airflow/.local/lib/python3.8/site-packages/airflow/example_dags/example_task_group.py
[2024-10-20T10:42:54.198+0000] {logging_mixin.py:188} INFO - [2024-10-20T10:42:54.198+0000] {dag.py:3047} INFO - Sync 1 DAGs
[2024-10-20T10:42:54.213+0000] {logging_mixin.py:188} INFO - [2024-10-20T10:42:54.213+0000] {dag.py:3834} INFO - Setting next_dagrun for example_task_group to 2024-10-19 00:00:00+00:00, run_after=2024-10-20 00:00:00+00:00
[2024-10-20T10:42:54.231+0000] {processor.py:183} INFO - Processing /home/airflow/.local/lib/python3.8/site-packages/airflow/example_dags/example_task_group.py took 0.066 seconds
[2024-10-20T10:43:24.580+0000] {processor.py:161} INFO - Started process (PID=920) to work on /home/airflow/.local/lib/python3.8/site-packages/airflow/example_dags/example_task_group.py
[2024-10-20T10:43:24.581+0000] {processor.py:830} INFO - Processing file /home/airflow/.local/lib/python3.8/site-packages/airflow/example_dags/example_task_group.py for tasks to queue
[2024-10-20T10:43:24.583+0000] {logging_mixin.py:188} INFO - [2024-10-20T10:43:24.583+0000] {dagbag.py:540} INFO - Filling up the DagBag from /home/airflow/.local/lib/python3.8/site-packages/airflow/example_dags/example_task_group.py
[2024-10-20T10:43:24.588+0000] {processor.py:840} INFO - DAG(s) 'example_task_group' retrieved from /home/airflow/.local/lib/python3.8/site-packages/airflow/example_dags/example_task_group.py
[2024-10-20T10:43:24.608+0000] {logging_mixin.py:188} INFO - [2024-10-20T10:43:24.608+0000] {dag.py:3047} INFO - Sync 1 DAGs
[2024-10-20T10:43:24.623+0000] {logging_mixin.py:188} INFO - [2024-10-20T10:43:24.623+0000] {dag.py:3834} INFO - Setting next_dagrun for example_task_group to 2024-10-19 00:00:00+00:00, run_after=2024-10-20 00:00:00+00:00
[2024-10-20T10:43:24.641+0000] {processor.py:183} INFO - Processing /home/airflow/.local/lib/python3.8/site-packages/airflow/example_dags/example_task_group.py took 0.064 seconds
[2024-10-20T10:43:54.843+0000] {processor.py:161} INFO - Started process (PID=976) to work on /home/airflow/.local/lib/python3.8/site-packages/airflow/example_dags/example_task_group.py
[2024-10-20T10:43:54.844+0000] {processor.py:830} INFO - Processing file /home/airflow/.local/lib/python3.8/site-packages/airflow/example_dags/example_task_group.py for tasks to queue
[2024-10-20T10:43:54.846+0000] {logging_mixin.py:188} INFO - [2024-10-20T10:43:54.845+0000] {dagbag.py:540} INFO - Filling up the DagBag from /home/airflow/.local/lib/python3.8/site-packages/airflow/example_dags/example_task_group.py
[2024-10-20T10:43:54.852+0000] {processor.py:840} INFO - DAG(s) 'example_task_group' retrieved from /home/airflow/.local/lib/python3.8/site-packages/airflow/example_dags/example_task_group.py
[2024-10-20T10:43:54.877+0000] {logging_mixin.py:188} INFO - [2024-10-20T10:43:54.876+0000] {dag.py:3047} INFO - Sync 1 DAGs
[2024-10-20T10:43:54.895+0000] {logging_mixin.py:188} INFO - [2024-10-20T10:43:54.895+0000] {dag.py:3834} INFO - Setting next_dagrun for example_task_group to 2024-10-19 00:00:00+00:00, run_after=2024-10-20 00:00:00+00:00
[2024-10-20T10:43:54.908+0000] {processor.py:183} INFO - Processing /home/airflow/.local/lib/python3.8/site-packages/airflow/example_dags/example_task_group.py took 0.068 seconds
[2024-10-20T10:44:25.012+0000] {processor.py:161} INFO - Started process (PID=1032) to work on /home/airflow/.local/lib/python3.8/site-packages/airflow/example_dags/example_task_group.py
[2024-10-20T10:44:25.013+0000] {processor.py:830} INFO - Processing file /home/airflow/.local/lib/python3.8/site-packages/airflow/example_dags/example_task_group.py for tasks to queue
[2024-10-20T10:44:25.015+0000] {logging_mixin.py:188} INFO - [2024-10-20T10:44:25.014+0000] {dagbag.py:540} INFO - Filling up the DagBag from /home/airflow/.local/lib/python3.8/site-packages/airflow/example_dags/example_task_group.py
[2024-10-20T10:44:25.019+0000] {processor.py:840} INFO - DAG(s) 'example_task_group' retrieved from /home/airflow/.local/lib/python3.8/site-packages/airflow/example_dags/example_task_group.py
[2024-10-20T10:44:25.041+0000] {logging_mixin.py:188} INFO - [2024-10-20T10:44:25.040+0000] {dag.py:3047} INFO - Sync 1 DAGs
[2024-10-20T10:44:25.058+0000] {logging_mixin.py:188} INFO - [2024-10-20T10:44:25.058+0000] {dag.py:3834} INFO - Setting next_dagrun for example_task_group to 2024-10-19 00:00:00+00:00, run_after=2024-10-20 00:00:00+00:00
[2024-10-20T10:44:25.072+0000] {processor.py:183} INFO - Processing /home/airflow/.local/lib/python3.8/site-packages/airflow/example_dags/example_task_group.py took 0.062 seconds
[2024-10-20T10:44:55.308+0000] {processor.py:161} INFO - Started process (PID=1088) to work on /home/airflow/.local/lib/python3.8/site-packages/airflow/example_dags/example_task_group.py
[2024-10-20T10:44:55.309+0000] {processor.py:830} INFO - Processing file /home/airflow/.local/lib/python3.8/site-packages/airflow/example_dags/example_task_group.py for tasks to queue
[2024-10-20T10:44:55.311+0000] {logging_mixin.py:188} INFO - [2024-10-20T10:44:55.311+0000] {dagbag.py:540} INFO - Filling up the DagBag from /home/airflow/.local/lib/python3.8/site-packages/airflow/example_dags/example_task_group.py
[2024-10-20T10:44:55.319+0000] {processor.py:840} INFO - DAG(s) 'example_task_group' retrieved from /home/airflow/.local/lib/python3.8/site-packages/airflow/example_dags/example_task_group.py
[2024-10-20T10:44:55.339+0000] {logging_mixin.py:188} INFO - [2024-10-20T10:44:55.339+0000] {dag.py:3047} INFO - Sync 1 DAGs
[2024-10-20T10:44:55.355+0000] {logging_mixin.py:188} INFO - [2024-10-20T10:44:55.355+0000] {dag.py:3834} INFO - Setting next_dagrun for example_task_group to 2024-10-19 00:00:00+00:00, run_after=2024-10-20 00:00:00+00:00
[2024-10-20T10:44:55.367+0000] {processor.py:183} INFO - Processing /home/airflow/.local/lib/python3.8/site-packages/airflow/example_dags/example_task_group.py took 0.062 seconds
[2024-10-20T10:45:25.557+0000] {processor.py:161} INFO - Started process (PID=1144) to work on /home/airflow/.local/lib/python3.8/site-packages/airflow/example_dags/example_task_group.py
[2024-10-20T10:45:25.559+0000] {processor.py:830} INFO - Processing file /home/airflow/.local/lib/python3.8/site-packages/airflow/example_dags/example_task_group.py for tasks to queue
[2024-10-20T10:45:25.561+0000] {logging_mixin.py:188} INFO - [2024-10-20T10:45:25.561+0000] {dagbag.py:540} INFO - Filling up the DagBag from /home/airflow/.local/lib/python3.8/site-packages/airflow/example_dags/example_task_group.py
[2024-10-20T10:45:25.567+0000] {processor.py:840} INFO - DAG(s) 'example_task_group' retrieved from /home/airflow/.local/lib/python3.8/site-packages/airflow/example_dags/example_task_group.py
[2024-10-20T10:45:25.583+0000] {logging_mixin.py:188} INFO - [2024-10-20T10:45:25.583+0000] {dag.py:3047} INFO - Sync 1 DAGs
[2024-10-20T10:45:25.597+0000] {logging_mixin.py:188} INFO - [2024-10-20T10:45:25.597+0000] {dag.py:3834} INFO - Setting next_dagrun for example_task_group to 2024-10-19 00:00:00+00:00, run_after=2024-10-20 00:00:00+00:00
[2024-10-20T10:45:25.617+0000] {processor.py:183} INFO - Processing /home/airflow/.local/lib/python3.8/site-packages/airflow/example_dags/example_task_group.py took 0.064 seconds
[2024-10-20T10:45:55.830+0000] {processor.py:161} INFO - Started process (PID=1200) to work on /home/airflow/.local/lib/python3.8/site-packages/airflow/example_dags/example_task_group.py
[2024-10-20T10:45:55.832+0000] {processor.py:830} INFO - Processing file /home/airflow/.local/lib/python3.8/site-packages/airflow/example_dags/example_task_group.py for tasks to queue
[2024-10-20T10:45:55.834+0000] {logging_mixin.py:188} INFO - [2024-10-20T10:45:55.834+0000] {dagbag.py:540} INFO - Filling up the DagBag from /home/airflow/.local/lib/python3.8/site-packages/airflow/example_dags/example_task_group.py
[2024-10-20T10:45:55.839+0000] {processor.py:840} INFO - DAG(s) 'example_task_group' retrieved from /home/airflow/.local/lib/python3.8/site-packages/airflow/example_dags/example_task_group.py
[2024-10-20T10:45:55.862+0000] {logging_mixin.py:188} INFO - [2024-10-20T10:45:55.862+0000] {dag.py:3047} INFO - Sync 1 DAGs
[2024-10-20T10:45:55.876+0000] {logging_mixin.py:188} INFO - [2024-10-20T10:45:55.876+0000] {dag.py:3834} INFO - Setting next_dagrun for example_task_group to 2024-10-19 00:00:00+00:00, run_after=2024-10-20 00:00:00+00:00
[2024-10-20T10:45:55.890+0000] {processor.py:183} INFO - Processing /home/airflow/.local/lib/python3.8/site-packages/airflow/example_dags/example_task_group.py took 0.062 seconds
[2024-10-20T10:46:26.004+0000] {processor.py:161} INFO - Started process (PID=1256) to work on /home/airflow/.local/lib/python3.8/site-packages/airflow/example_dags/example_task_group.py
[2024-10-20T10:46:26.006+0000] {processor.py:830} INFO - Processing file /home/airflow/.local/lib/python3.8/site-packages/airflow/example_dags/example_task_group.py for tasks to queue
[2024-10-20T10:46:26.007+0000] {logging_mixin.py:188} INFO - [2024-10-20T10:46:26.007+0000] {dagbag.py:540} INFO - Filling up the DagBag from /home/airflow/.local/lib/python3.8/site-packages/airflow/example_dags/example_task_group.py
[2024-10-20T10:46:26.012+0000] {processor.py:840} INFO - DAG(s) 'example_task_group' retrieved from /home/airflow/.local/lib/python3.8/site-packages/airflow/example_dags/example_task_group.py
[2024-10-20T10:46:26.033+0000] {logging_mixin.py:188} INFO - [2024-10-20T10:46:26.033+0000] {dag.py:3047} INFO - Sync 1 DAGs
[2024-10-20T10:46:26.052+0000] {logging_mixin.py:188} INFO - [2024-10-20T10:46:26.052+0000] {dag.py:3834} INFO - Setting next_dagrun for example_task_group to 2024-10-19 00:00:00+00:00, run_after=2024-10-20 00:00:00+00:00
[2024-10-20T10:46:26.070+0000] {processor.py:183} INFO - Processing /home/airflow/.local/lib/python3.8/site-packages/airflow/example_dags/example_task_group.py took 0.069 seconds
[2024-10-20T10:46:56.406+0000] {processor.py:161} INFO - Started process (PID=1312) to work on /home/airflow/.local/lib/python3.8/site-packages/airflow/example_dags/example_task_group.py
[2024-10-20T10:46:56.408+0000] {processor.py:830} INFO - Processing file /home/airflow/.local/lib/python3.8/site-packages/airflow/example_dags/example_task_group.py for tasks to queue
[2024-10-20T10:46:56.411+0000] {logging_mixin.py:188} INFO - [2024-10-20T10:46:56.411+0000] {dagbag.py:540} INFO - Filling up the DagBag from /home/airflow/.local/lib/python3.8/site-packages/airflow/example_dags/example_task_group.py
[2024-10-20T10:46:56.419+0000] {processor.py:840} INFO - DAG(s) 'example_task_group' retrieved from /home/airflow/.local/lib/python3.8/site-packages/airflow/example_dags/example_task_group.py
[2024-10-20T10:46:56.443+0000] {logging_mixin.py:188} INFO - [2024-10-20T10:46:56.443+0000] {dag.py:3047} INFO - Sync 1 DAGs
[2024-10-20T10:46:56.467+0000] {logging_mixin.py:188} INFO - [2024-10-20T10:46:56.467+0000] {dag.py:3834} INFO - Setting next_dagrun for example_task_group to 2024-10-19 00:00:00+00:00, run_after=2024-10-20 00:00:00+00:00
[2024-10-20T10:46:56.489+0000] {processor.py:183} INFO - Processing /home/airflow/.local/lib/python3.8/site-packages/airflow/example_dags/example_task_group.py took 0.086 seconds
[2024-10-20T10:47:26.871+0000] {processor.py:161} INFO - Started process (PID=1368) to work on /home/airflow/.local/lib/python3.8/site-packages/airflow/example_dags/example_task_group.py
[2024-10-20T10:47:26.873+0000] {processor.py:830} INFO - Processing file /home/airflow/.local/lib/python3.8/site-packages/airflow/example_dags/example_task_group.py for tasks to queue
[2024-10-20T10:47:26.875+0000] {logging_mixin.py:188} INFO - [2024-10-20T10:47:26.875+0000] {dagbag.py:540} INFO - Filling up the DagBag from /home/airflow/.local/lib/python3.8/site-packages/airflow/example_dags/example_task_group.py
[2024-10-20T10:47:26.880+0000] {processor.py:840} INFO - DAG(s) 'example_task_group' retrieved from /home/airflow/.local/lib/python3.8/site-packages/airflow/example_dags/example_task_group.py
[2024-10-20T10:47:26.899+0000] {logging_mixin.py:188} INFO - [2024-10-20T10:47:26.899+0000] {dag.py:3047} INFO - Sync 1 DAGs
[2024-10-20T10:47:26.915+0000] {logging_mixin.py:188} INFO - [2024-10-20T10:47:26.915+0000] {dag.py:3834} INFO - Setting next_dagrun for example_task_group to 2024-10-19 00:00:00+00:00, run_after=2024-10-20 00:00:00+00:00
[2024-10-20T10:47:26.934+0000] {processor.py:183} INFO - Processing /home/airflow/.local/lib/python3.8/site-packages/airflow/example_dags/example_task_group.py took 0.066 seconds
[2024-10-20T10:47:57.268+0000] {processor.py:161} INFO - Started process (PID=1424) to work on /home/airflow/.local/lib/python3.8/site-packages/airflow/example_dags/example_task_group.py
[2024-10-20T10:47:57.269+0000] {processor.py:830} INFO - Processing file /home/airflow/.local/lib/python3.8/site-packages/airflow/example_dags/example_task_group.py for tasks to queue
[2024-10-20T10:47:57.271+0000] {logging_mixin.py:188} INFO - [2024-10-20T10:47:57.271+0000] {dagbag.py:540} INFO - Filling up the DagBag from /home/airflow/.local/lib/python3.8/site-packages/airflow/example_dags/example_task_group.py
[2024-10-20T10:47:57.277+0000] {processor.py:840} INFO - DAG(s) 'example_task_group' retrieved from /home/airflow/.local/lib/python3.8/site-packages/airflow/example_dags/example_task_group.py
[2024-10-20T10:47:57.297+0000] {logging_mixin.py:188} INFO - [2024-10-20T10:47:57.297+0000] {dag.py:3047} INFO - Sync 1 DAGs
[2024-10-20T10:47:57.313+0000] {logging_mixin.py:188} INFO - [2024-10-20T10:47:57.313+0000] {dag.py:3834} INFO - Setting next_dagrun for example_task_group to 2024-10-19 00:00:00+00:00, run_after=2024-10-20 00:00:00+00:00
[2024-10-20T10:47:57.326+0000] {processor.py:183} INFO - Processing /home/airflow/.local/lib/python3.8/site-packages/airflow/example_dags/example_task_group.py took 0.060 seconds
[2024-10-20T10:48:27.511+0000] {processor.py:161} INFO - Started process (PID=1480) to work on /home/airflow/.local/lib/python3.8/site-packages/airflow/example_dags/example_task_group.py
[2024-10-20T10:48:27.513+0000] {processor.py:830} INFO - Processing file /home/airflow/.local/lib/python3.8/site-packages/airflow/example_dags/example_task_group.py for tasks to queue
[2024-10-20T10:48:27.517+0000] {logging_mixin.py:188} INFO - [2024-10-20T10:48:27.516+0000] {dagbag.py:540} INFO - Filling up the DagBag from /home/airflow/.local/lib/python3.8/site-packages/airflow/example_dags/example_task_group.py
[2024-10-20T10:48:27.523+0000] {processor.py:840} INFO - DAG(s) 'example_task_group' retrieved from /home/airflow/.local/lib/python3.8/site-packages/airflow/example_dags/example_task_group.py
[2024-10-20T10:48:27.543+0000] {logging_mixin.py:188} INFO - [2024-10-20T10:48:27.543+0000] {dag.py:3047} INFO - Sync 1 DAGs
[2024-10-20T10:48:27.560+0000] {logging_mixin.py:188} INFO - [2024-10-20T10:48:27.560+0000] {dag.py:3834} INFO - Setting next_dagrun for example_task_group to 2024-10-19 00:00:00+00:00, run_after=2024-10-20 00:00:00+00:00
[2024-10-20T10:48:27.572+0000] {processor.py:183} INFO - Processing /home/airflow/.local/lib/python3.8/site-packages/airflow/example_dags/example_task_group.py took 0.064 seconds
[2024-10-20T10:48:57.746+0000] {processor.py:161} INFO - Started process (PID=1536) to work on /home/airflow/.local/lib/python3.8/site-packages/airflow/example_dags/example_task_group.py
[2024-10-20T10:48:57.748+0000] {processor.py:830} INFO - Processing file /home/airflow/.local/lib/python3.8/site-packages/airflow/example_dags/example_task_group.py for tasks to queue
[2024-10-20T10:48:57.750+0000] {logging_mixin.py:188} INFO - [2024-10-20T10:48:57.750+0000] {dagbag.py:540} INFO - Filling up the DagBag from /home/airflow/.local/lib/python3.8/site-packages/airflow/example_dags/example_task_group.py
[2024-10-20T10:48:57.760+0000] {processor.py:840} INFO - DAG(s) 'example_task_group' retrieved from /home/airflow/.local/lib/python3.8/site-packages/airflow/example_dags/example_task_group.py
[2024-10-20T10:48:57.781+0000] {logging_mixin.py:188} INFO - [2024-10-20T10:48:57.780+0000] {dag.py:3047} INFO - Sync 1 DAGs
[2024-10-20T10:48:57.800+0000] {logging_mixin.py:188} INFO - [2024-10-20T10:48:57.799+0000] {dag.py:3834} INFO - Setting next_dagrun for example_task_group to 2024-10-19 00:00:00+00:00, run_after=2024-10-20 00:00:00+00:00
[2024-10-20T10:48:57.815+0000] {processor.py:183} INFO - Processing /home/airflow/.local/lib/python3.8/site-packages/airflow/example_dags/example_task_group.py took 0.071 seconds
[2024-10-20T10:49:28.151+0000] {processor.py:161} INFO - Started process (PID=1592) to work on /home/airflow/.local/lib/python3.8/site-packages/airflow/example_dags/example_task_group.py
[2024-10-20T10:49:28.154+0000] {processor.py:830} INFO - Processing file /home/airflow/.local/lib/python3.8/site-packages/airflow/example_dags/example_task_group.py for tasks to queue
[2024-10-20T10:49:28.156+0000] {logging_mixin.py:188} INFO - [2024-10-20T10:49:28.156+0000] {dagbag.py:540} INFO - Filling up the DagBag from /home/airflow/.local/lib/python3.8/site-packages/airflow/example_dags/example_task_group.py
[2024-10-20T10:49:28.161+0000] {processor.py:840} INFO - DAG(s) 'example_task_group' retrieved from /home/airflow/.local/lib/python3.8/site-packages/airflow/example_dags/example_task_group.py
[2024-10-20T10:49:28.176+0000] {logging_mixin.py:188} INFO - [2024-10-20T10:49:28.175+0000] {dag.py:3047} INFO - Sync 1 DAGs
[2024-10-20T10:49:28.190+0000] {logging_mixin.py:188} INFO - [2024-10-20T10:49:28.190+0000] {dag.py:3834} INFO - Setting next_dagrun for example_task_group to 2024-10-19 00:00:00+00:00, run_after=2024-10-20 00:00:00+00:00
[2024-10-20T10:49:28.211+0000] {processor.py:183} INFO - Processing /home/airflow/.local/lib/python3.8/site-packages/airflow/example_dags/example_task_group.py took 0.063 seconds
[2024-10-20T10:49:58.632+0000] {processor.py:161} INFO - Started process (PID=1648) to work on /home/airflow/.local/lib/python3.8/site-packages/airflow/example_dags/example_task_group.py
[2024-10-20T10:49:58.634+0000] {processor.py:830} INFO - Processing file /home/airflow/.local/lib/python3.8/site-packages/airflow/example_dags/example_task_group.py for tasks to queue
[2024-10-20T10:49:58.636+0000] {logging_mixin.py:188} INFO - [2024-10-20T10:49:58.636+0000] {dagbag.py:540} INFO - Filling up the DagBag from /home/airflow/.local/lib/python3.8/site-packages/airflow/example_dags/example_task_group.py
[2024-10-20T10:49:58.641+0000] {processor.py:840} INFO - DAG(s) 'example_task_group' retrieved from /home/airflow/.local/lib/python3.8/site-packages/airflow/example_dags/example_task_group.py
[2024-10-20T10:49:58.656+0000] {logging_mixin.py:188} INFO - [2024-10-20T10:49:58.656+0000] {dag.py:3047} INFO - Sync 1 DAGs
[2024-10-20T10:49:58.671+0000] {logging_mixin.py:188} INFO - [2024-10-20T10:49:58.671+0000] {dag.py:3834} INFO - Setting next_dagrun for example_task_group to 2024-10-19 00:00:00+00:00, run_after=2024-10-20 00:00:00+00:00
[2024-10-20T10:49:58.687+0000] {processor.py:183} INFO - Processing /home/airflow/.local/lib/python3.8/site-packages/airflow/example_dags/example_task_group.py took 0.057 seconds
[2024-10-20T10:50:28.778+0000] {processor.py:161} INFO - Started process (PID=1704) to work on /home/airflow/.local/lib/python3.8/site-packages/airflow/example_dags/example_task_group.py
[2024-10-20T10:50:28.782+0000] {processor.py:830} INFO - Processing file /home/airflow/.local/lib/python3.8/site-packages/airflow/example_dags/example_task_group.py for tasks to queue
[2024-10-20T10:50:28.783+0000] {logging_mixin.py:188} INFO - [2024-10-20T10:50:28.783+0000] {dagbag.py:540} INFO - Filling up the DagBag from /home/airflow/.local/lib/python3.8/site-packages/airflow/example_dags/example_task_group.py
[2024-10-20T10:50:28.789+0000] {processor.py:840} INFO - DAG(s) 'example_task_group' retrieved from /home/airflow/.local/lib/python3.8/site-packages/airflow/example_dags/example_task_group.py
[2024-10-20T10:50:28.807+0000] {logging_mixin.py:188} INFO - [2024-10-20T10:50:28.807+0000] {dag.py:3047} INFO - Sync 1 DAGs
[2024-10-20T10:50:28.822+0000] {logging_mixin.py:188} INFO - [2024-10-20T10:50:28.822+0000] {dag.py:3834} INFO - Setting next_dagrun for example_task_group to 2024-10-19 00:00:00+00:00, run_after=2024-10-20 00:00:00+00:00
[2024-10-20T10:50:28.837+0000] {processor.py:183} INFO - Processing /home/airflow/.local/lib/python3.8/site-packages/airflow/example_dags/example_task_group.py took 0.061 seconds
[2024-10-20T10:50:58.886+0000] {processor.py:161} INFO - Started process (PID=1760) to work on /home/airflow/.local/lib/python3.8/site-packages/airflow/example_dags/example_task_group.py
[2024-10-20T10:50:58.888+0000] {processor.py:830} INFO - Processing file /home/airflow/.local/lib/python3.8/site-packages/airflow/example_dags/example_task_group.py for tasks to queue
[2024-10-20T10:50:58.890+0000] {logging_mixin.py:188} INFO - [2024-10-20T10:50:58.890+0000] {dagbag.py:540} INFO - Filling up the DagBag from /home/airflow/.local/lib/python3.8/site-packages/airflow/example_dags/example_task_group.py
[2024-10-20T10:50:58.896+0000] {processor.py:840} INFO - DAG(s) 'example_task_group' retrieved from /home/airflow/.local/lib/python3.8/site-packages/airflow/example_dags/example_task_group.py
[2024-10-20T10:50:58.911+0000] {logging_mixin.py:188} INFO - [2024-10-20T10:50:58.911+0000] {dag.py:3047} INFO - Sync 1 DAGs
[2024-10-20T10:50:58.927+0000] {logging_mixin.py:188} INFO - [2024-10-20T10:50:58.927+0000] {dag.py:3834} INFO - Setting next_dagrun for example_task_group to 2024-10-19 00:00:00+00:00, run_after=2024-10-20 00:00:00+00:00
[2024-10-20T10:50:58.938+0000] {processor.py:183} INFO - Processing /home/airflow/.local/lib/python3.8/site-packages/airflow/example_dags/example_task_group.py took 0.055 seconds
[2024-10-20T10:51:29.000+0000] {processor.py:161} INFO - Started process (PID=1816) to work on /home/airflow/.local/lib/python3.8/site-packages/airflow/example_dags/example_task_group.py
[2024-10-20T10:51:29.001+0000] {processor.py:830} INFO - Processing file /home/airflow/.local/lib/python3.8/site-packages/airflow/example_dags/example_task_group.py for tasks to queue
[2024-10-20T10:51:29.004+0000] {logging_mixin.py:188} INFO - [2024-10-20T10:51:29.004+0000] {dagbag.py:540} INFO - Filling up the DagBag from /home/airflow/.local/lib/python3.8/site-packages/airflow/example_dags/example_task_group.py
[2024-10-20T10:51:29.009+0000] {processor.py:840} INFO - DAG(s) 'example_task_group' retrieved from /home/airflow/.local/lib/python3.8/site-packages/airflow/example_dags/example_task_group.py
[2024-10-20T10:51:29.025+0000] {logging_mixin.py:188} INFO - [2024-10-20T10:51:29.025+0000] {dag.py:3047} INFO - Sync 1 DAGs
[2024-10-20T10:51:29.041+0000] {logging_mixin.py:188} INFO - [2024-10-20T10:51:29.041+0000] {dag.py:3834} INFO - Setting next_dagrun for example_task_group to 2024-10-19 00:00:00+00:00, run_after=2024-10-20 00:00:00+00:00
[2024-10-20T10:51:29.064+0000] {processor.py:183} INFO - Processing /home/airflow/.local/lib/python3.8/site-packages/airflow/example_dags/example_task_group.py took 0.066 seconds
[2024-10-20T10:51:59.311+0000] {processor.py:161} INFO - Started process (PID=1872) to work on /home/airflow/.local/lib/python3.8/site-packages/airflow/example_dags/example_task_group.py
[2024-10-20T10:51:59.312+0000] {processor.py:830} INFO - Processing file /home/airflow/.local/lib/python3.8/site-packages/airflow/example_dags/example_task_group.py for tasks to queue
[2024-10-20T10:51:59.314+0000] {logging_mixin.py:188} INFO - [2024-10-20T10:51:59.314+0000] {dagbag.py:540} INFO - Filling up the DagBag from /home/airflow/.local/lib/python3.8/site-packages/airflow/example_dags/example_task_group.py
[2024-10-20T10:51:59.321+0000] {processor.py:840} INFO - DAG(s) 'example_task_group' retrieved from /home/airflow/.local/lib/python3.8/site-packages/airflow/example_dags/example_task_group.py
[2024-10-20T10:51:59.335+0000] {logging_mixin.py:188} INFO - [2024-10-20T10:51:59.335+0000] {dag.py:3047} INFO - Sync 1 DAGs
[2024-10-20T10:51:59.349+0000] {logging_mixin.py:188} INFO - [2024-10-20T10:51:59.349+0000] {dag.py:3834} INFO - Setting next_dagrun for example_task_group to 2024-10-19 00:00:00+00:00, run_after=2024-10-20 00:00:00+00:00
[2024-10-20T10:51:59.364+0000] {processor.py:183} INFO - Processing /home/airflow/.local/lib/python3.8/site-packages/airflow/example_dags/example_task_group.py took 0.056 seconds
[2024-10-20T10:52:29.420+0000] {processor.py:161} INFO - Started process (PID=1927) to work on /home/airflow/.local/lib/python3.8/site-packages/airflow/example_dags/example_task_group.py
[2024-10-20T10:52:29.422+0000] {processor.py:830} INFO - Processing file /home/airflow/.local/lib/python3.8/site-packages/airflow/example_dags/example_task_group.py for tasks to queue
[2024-10-20T10:52:29.423+0000] {logging_mixin.py:188} INFO - [2024-10-20T10:52:29.423+0000] {dagbag.py:540} INFO - Filling up the DagBag from /home/airflow/.local/lib/python3.8/site-packages/airflow/example_dags/example_task_group.py
[2024-10-20T10:52:29.429+0000] {processor.py:840} INFO - DAG(s) 'example_task_group' retrieved from /home/airflow/.local/lib/python3.8/site-packages/airflow/example_dags/example_task_group.py
[2024-10-20T10:52:29.447+0000] {logging_mixin.py:188} INFO - [2024-10-20T10:52:29.447+0000] {dag.py:3047} INFO - Sync 1 DAGs
[2024-10-20T10:52:29.464+0000] {logging_mixin.py:188} INFO - [2024-10-20T10:52:29.464+0000] {dag.py:3834} INFO - Setting next_dagrun for example_task_group to 2024-10-19 00:00:00+00:00, run_after=2024-10-20 00:00:00+00:00
[2024-10-20T10:52:29.477+0000] {processor.py:183} INFO - Processing /home/airflow/.local/lib/python3.8/site-packages/airflow/example_dags/example_task_group.py took 0.060 seconds
[2024-10-20T10:52:59.525+0000] {processor.py:161} INFO - Started process (PID=1983) to work on /home/airflow/.local/lib/python3.8/site-packages/airflow/example_dags/example_task_group.py
[2024-10-20T10:52:59.526+0000] {processor.py:830} INFO - Processing file /home/airflow/.local/lib/python3.8/site-packages/airflow/example_dags/example_task_group.py for tasks to queue
[2024-10-20T10:52:59.528+0000] {logging_mixin.py:188} INFO - [2024-10-20T10:52:59.528+0000] {dagbag.py:540} INFO - Filling up the DagBag from /home/airflow/.local/lib/python3.8/site-packages/airflow/example_dags/example_task_group.py
[2024-10-20T10:52:59.533+0000] {processor.py:840} INFO - DAG(s) 'example_task_group' retrieved from /home/airflow/.local/lib/python3.8/site-packages/airflow/example_dags/example_task_group.py
[2024-10-20T10:52:59.552+0000] {logging_mixin.py:188} INFO - [2024-10-20T10:52:59.551+0000] {dag.py:3047} INFO - Sync 1 DAGs
[2024-10-20T10:52:59.569+0000] {logging_mixin.py:188} INFO - [2024-10-20T10:52:59.569+0000] {dag.py:3834} INFO - Setting next_dagrun for example_task_group to 2024-10-19 00:00:00+00:00, run_after=2024-10-20 00:00:00+00:00
[2024-10-20T10:52:59.580+0000] {processor.py:183} INFO - Processing /home/airflow/.local/lib/python3.8/site-packages/airflow/example_dags/example_task_group.py took 0.057 seconds
[2024-10-20T10:53:29.717+0000] {processor.py:161} INFO - Started process (PID=2039) to work on /home/airflow/.local/lib/python3.8/site-packages/airflow/example_dags/example_task_group.py
[2024-10-20T10:53:29.718+0000] {processor.py:830} INFO - Processing file /home/airflow/.local/lib/python3.8/site-packages/airflow/example_dags/example_task_group.py for tasks to queue
[2024-10-20T10:53:29.720+0000] {logging_mixin.py:188} INFO - [2024-10-20T10:53:29.719+0000] {dagbag.py:540} INFO - Filling up the DagBag from /home/airflow/.local/lib/python3.8/site-packages/airflow/example_dags/example_task_group.py
[2024-10-20T10:53:29.727+0000] {processor.py:840} INFO - DAG(s) 'example_task_group' retrieved from /home/airflow/.local/lib/python3.8/site-packages/airflow/example_dags/example_task_group.py
[2024-10-20T10:53:29.746+0000] {logging_mixin.py:188} INFO - [2024-10-20T10:53:29.746+0000] {dag.py:3047} INFO - Sync 1 DAGs
[2024-10-20T10:53:29.764+0000] {logging_mixin.py:188} INFO - [2024-10-20T10:53:29.764+0000] {dag.py:3834} INFO - Setting next_dagrun for example_task_group to 2024-10-19 00:00:00+00:00, run_after=2024-10-20 00:00:00+00:00
[2024-10-20T10:53:29.779+0000] {processor.py:183} INFO - Processing /home/airflow/.local/lib/python3.8/site-packages/airflow/example_dags/example_task_group.py took 0.065 seconds
[2024-10-20T10:53:59.828+0000] {processor.py:161} INFO - Started process (PID=2095) to work on /home/airflow/.local/lib/python3.8/site-packages/airflow/example_dags/example_task_group.py
[2024-10-20T10:53:59.829+0000] {processor.py:830} INFO - Processing file /home/airflow/.local/lib/python3.8/site-packages/airflow/example_dags/example_task_group.py for tasks to queue
[2024-10-20T10:53:59.830+0000] {logging_mixin.py:188} INFO - [2024-10-20T10:53:59.830+0000] {dagbag.py:540} INFO - Filling up the DagBag from /home/airflow/.local/lib/python3.8/site-packages/airflow/example_dags/example_task_group.py
[2024-10-20T10:53:59.835+0000] {processor.py:840} INFO - DAG(s) 'example_task_group' retrieved from /home/airflow/.local/lib/python3.8/site-packages/airflow/example_dags/example_task_group.py
[2024-10-20T10:53:59.849+0000] {logging_mixin.py:188} INFO - [2024-10-20T10:53:59.849+0000] {dag.py:3047} INFO - Sync 1 DAGs
[2024-10-20T10:53:59.864+0000] {logging_mixin.py:188} INFO - [2024-10-20T10:53:59.864+0000] {dag.py:3834} INFO - Setting next_dagrun for example_task_group to 2024-10-19 00:00:00+00:00, run_after=2024-10-20 00:00:00+00:00
[2024-10-20T10:53:59.877+0000] {processor.py:183} INFO - Processing /home/airflow/.local/lib/python3.8/site-packages/airflow/example_dags/example_task_group.py took 0.052 seconds
[2024-10-20T10:54:30.067+0000] {processor.py:161} INFO - Started process (PID=2151) to work on /home/airflow/.local/lib/python3.8/site-packages/airflow/example_dags/example_task_group.py
[2024-10-20T10:54:30.069+0000] {processor.py:830} INFO - Processing file /home/airflow/.local/lib/python3.8/site-packages/airflow/example_dags/example_task_group.py for tasks to queue
[2024-10-20T10:54:30.070+0000] {logging_mixin.py:188} INFO - [2024-10-20T10:54:30.070+0000] {dagbag.py:540} INFO - Filling up the DagBag from /home/airflow/.local/lib/python3.8/site-packages/airflow/example_dags/example_task_group.py
[2024-10-20T10:54:30.075+0000] {processor.py:840} INFO - DAG(s) 'example_task_group' retrieved from /home/airflow/.local/lib/python3.8/site-packages/airflow/example_dags/example_task_group.py
[2024-10-20T10:54:30.089+0000] {logging_mixin.py:188} INFO - [2024-10-20T10:54:30.088+0000] {dag.py:3047} INFO - Sync 1 DAGs
[2024-10-20T10:54:30.102+0000] {logging_mixin.py:188} INFO - [2024-10-20T10:54:30.102+0000] {dag.py:3834} INFO - Setting next_dagrun for example_task_group to 2024-10-19 00:00:00+00:00, run_after=2024-10-20 00:00:00+00:00
[2024-10-20T10:54:30.116+0000] {processor.py:183} INFO - Processing /home/airflow/.local/lib/python3.8/site-packages/airflow/example_dags/example_task_group.py took 0.051 seconds
[2024-10-20T10:55:00.431+0000] {processor.py:161} INFO - Started process (PID=2207) to work on /home/airflow/.local/lib/python3.8/site-packages/airflow/example_dags/example_task_group.py
[2024-10-20T10:55:00.433+0000] {processor.py:830} INFO - Processing file /home/airflow/.local/lib/python3.8/site-packages/airflow/example_dags/example_task_group.py for tasks to queue
[2024-10-20T10:55:00.434+0000] {logging_mixin.py:188} INFO - [2024-10-20T10:55:00.434+0000] {dagbag.py:540} INFO - Filling up the DagBag from /home/airflow/.local/lib/python3.8/site-packages/airflow/example_dags/example_task_group.py
[2024-10-20T10:55:00.440+0000] {processor.py:840} INFO - DAG(s) 'example_task_group' retrieved from /home/airflow/.local/lib/python3.8/site-packages/airflow/example_dags/example_task_group.py
[2024-10-20T10:55:00.455+0000] {logging_mixin.py:188} INFO - [2024-10-20T10:55:00.455+0000] {dag.py:3047} INFO - Sync 1 DAGs
[2024-10-20T10:55:00.470+0000] {logging_mixin.py:188} INFO - [2024-10-20T10:55:00.470+0000] {dag.py:3834} INFO - Setting next_dagrun for example_task_group to 2024-10-19 00:00:00+00:00, run_after=2024-10-20 00:00:00+00:00
[2024-10-20T10:55:00.485+0000] {processor.py:183} INFO - Processing /home/airflow/.local/lib/python3.8/site-packages/airflow/example_dags/example_task_group.py took 0.057 seconds
[2024-10-20T10:55:31.221+0000] {processor.py:161} INFO - Started process (PID=2262) to work on /home/airflow/.local/lib/python3.8/site-packages/airflow/example_dags/example_task_group.py
[2024-10-20T10:55:31.226+0000] {processor.py:830} INFO - Processing file /home/airflow/.local/lib/python3.8/site-packages/airflow/example_dags/example_task_group.py for tasks to queue
[2024-10-20T10:55:31.230+0000] {logging_mixin.py:188} INFO - [2024-10-20T10:55:31.230+0000] {dagbag.py:540} INFO - Filling up the DagBag from /home/airflow/.local/lib/python3.8/site-packages/airflow/example_dags/example_task_group.py
[2024-10-20T10:55:31.236+0000] {processor.py:840} INFO - DAG(s) 'example_task_group' retrieved from /home/airflow/.local/lib/python3.8/site-packages/airflow/example_dags/example_task_group.py
[2024-10-20T10:55:31.263+0000] {logging_mixin.py:188} INFO - [2024-10-20T10:55:31.263+0000] {dag.py:3047} INFO - Sync 1 DAGs
[2024-10-20T10:55:31.286+0000] {logging_mixin.py:188} INFO - [2024-10-20T10:55:31.285+0000] {dag.py:3834} INFO - Setting next_dagrun for example_task_group to 2024-10-19 00:00:00+00:00, run_after=2024-10-20 00:00:00+00:00
[2024-10-20T10:55:31.307+0000] {processor.py:183} INFO - Processing /home/airflow/.local/lib/python3.8/site-packages/airflow/example_dags/example_task_group.py took 0.089 seconds
[2024-10-20T10:56:01.481+0000] {processor.py:161} INFO - Started process (PID=2318) to work on /home/airflow/.local/lib/python3.8/site-packages/airflow/example_dags/example_task_group.py
[2024-10-20T10:56:01.482+0000] {processor.py:830} INFO - Processing file /home/airflow/.local/lib/python3.8/site-packages/airflow/example_dags/example_task_group.py for tasks to queue
[2024-10-20T10:56:01.487+0000] {logging_mixin.py:188} INFO - [2024-10-20T10:56:01.486+0000] {dagbag.py:540} INFO - Filling up the DagBag from /home/airflow/.local/lib/python3.8/site-packages/airflow/example_dags/example_task_group.py
[2024-10-20T10:56:01.492+0000] {processor.py:840} INFO - DAG(s) 'example_task_group' retrieved from /home/airflow/.local/lib/python3.8/site-packages/airflow/example_dags/example_task_group.py
[2024-10-20T10:56:01.508+0000] {logging_mixin.py:188} INFO - [2024-10-20T10:56:01.507+0000] {dag.py:3047} INFO - Sync 1 DAGs
[2024-10-20T10:56:01.522+0000] {logging_mixin.py:188} INFO - [2024-10-20T10:56:01.521+0000] {dag.py:3834} INFO - Setting next_dagrun for example_task_group to 2024-10-19 00:00:00+00:00, run_after=2024-10-20 00:00:00+00:00
[2024-10-20T10:56:01.535+0000] {processor.py:183} INFO - Processing /home/airflow/.local/lib/python3.8/site-packages/airflow/example_dags/example_task_group.py took 0.056 seconds
[2024-10-20T10:56:31.806+0000] {processor.py:161} INFO - Started process (PID=2374) to work on /home/airflow/.local/lib/python3.8/site-packages/airflow/example_dags/example_task_group.py
[2024-10-20T10:56:31.808+0000] {processor.py:830} INFO - Processing file /home/airflow/.local/lib/python3.8/site-packages/airflow/example_dags/example_task_group.py for tasks to queue
[2024-10-20T10:56:31.809+0000] {logging_mixin.py:188} INFO - [2024-10-20T10:56:31.809+0000] {dagbag.py:540} INFO - Filling up the DagBag from /home/airflow/.local/lib/python3.8/site-packages/airflow/example_dags/example_task_group.py
[2024-10-20T10:56:31.817+0000] {processor.py:840} INFO - DAG(s) 'example_task_group' retrieved from /home/airflow/.local/lib/python3.8/site-packages/airflow/example_dags/example_task_group.py
[2024-10-20T10:56:31.840+0000] {logging_mixin.py:188} INFO - [2024-10-20T10:56:31.840+0000] {dag.py:3047} INFO - Sync 1 DAGs
[2024-10-20T10:56:31.856+0000] {logging_mixin.py:188} INFO - [2024-10-20T10:56:31.855+0000] {dag.py:3834} INFO - Setting next_dagrun for example_task_group to 2024-10-19 00:00:00+00:00, run_after=2024-10-20 00:00:00+00:00
[2024-10-20T10:56:31.869+0000] {processor.py:183} INFO - Processing /home/airflow/.local/lib/python3.8/site-packages/airflow/example_dags/example_task_group.py took 0.065 seconds
[2024-10-20T10:57:02.252+0000] {processor.py:161} INFO - Started process (PID=2430) to work on /home/airflow/.local/lib/python3.8/site-packages/airflow/example_dags/example_task_group.py
[2024-10-20T10:57:02.254+0000] {processor.py:830} INFO - Processing file /home/airflow/.local/lib/python3.8/site-packages/airflow/example_dags/example_task_group.py for tasks to queue
[2024-10-20T10:57:02.255+0000] {logging_mixin.py:188} INFO - [2024-10-20T10:57:02.255+0000] {dagbag.py:540} INFO - Filling up the DagBag from /home/airflow/.local/lib/python3.8/site-packages/airflow/example_dags/example_task_group.py
[2024-10-20T10:57:02.261+0000] {processor.py:840} INFO - DAG(s) 'example_task_group' retrieved from /home/airflow/.local/lib/python3.8/site-packages/airflow/example_dags/example_task_group.py
[2024-10-20T10:57:02.276+0000] {logging_mixin.py:188} INFO - [2024-10-20T10:57:02.276+0000] {dag.py:3047} INFO - Sync 1 DAGs
[2024-10-20T10:57:02.295+0000] {logging_mixin.py:188} INFO - [2024-10-20T10:57:02.294+0000] {dag.py:3834} INFO - Setting next_dagrun for example_task_group to 2024-10-19 00:00:00+00:00, run_after=2024-10-20 00:00:00+00:00
[2024-10-20T10:57:02.306+0000] {processor.py:183} INFO - Processing /home/airflow/.local/lib/python3.8/site-packages/airflow/example_dags/example_task_group.py took 0.056 seconds
[2024-10-20T10:57:32.615+0000] {processor.py:161} INFO - Started process (PID=2486) to work on /home/airflow/.local/lib/python3.8/site-packages/airflow/example_dags/example_task_group.py
[2024-10-20T10:57:32.616+0000] {processor.py:830} INFO - Processing file /home/airflow/.local/lib/python3.8/site-packages/airflow/example_dags/example_task_group.py for tasks to queue
[2024-10-20T10:57:32.618+0000] {logging_mixin.py:188} INFO - [2024-10-20T10:57:32.617+0000] {dagbag.py:540} INFO - Filling up the DagBag from /home/airflow/.local/lib/python3.8/site-packages/airflow/example_dags/example_task_group.py
[2024-10-20T10:57:32.622+0000] {processor.py:840} INFO - DAG(s) 'example_task_group' retrieved from /home/airflow/.local/lib/python3.8/site-packages/airflow/example_dags/example_task_group.py
[2024-10-20T10:57:32.636+0000] {logging_mixin.py:188} INFO - [2024-10-20T10:57:32.636+0000] {dag.py:3047} INFO - Sync 1 DAGs
[2024-10-20T10:57:32.652+0000] {logging_mixin.py:188} INFO - [2024-10-20T10:57:32.652+0000] {dag.py:3834} INFO - Setting next_dagrun for example_task_group to 2024-10-19 00:00:00+00:00, run_after=2024-10-20 00:00:00+00:00
[2024-10-20T10:57:32.663+0000] {processor.py:183} INFO - Processing /home/airflow/.local/lib/python3.8/site-packages/airflow/example_dags/example_task_group.py took 0.050 seconds
[2024-10-20T10:58:03.237+0000] {processor.py:161} INFO - Started process (PID=2540) to work on /home/airflow/.local/lib/python3.8/site-packages/airflow/example_dags/example_task_group.py
[2024-10-20T10:58:03.238+0000] {processor.py:830} INFO - Processing file /home/airflow/.local/lib/python3.8/site-packages/airflow/example_dags/example_task_group.py for tasks to queue
[2024-10-20T10:58:03.240+0000] {logging_mixin.py:188} INFO - [2024-10-20T10:58:03.239+0000] {dagbag.py:540} INFO - Filling up the DagBag from /home/airflow/.local/lib/python3.8/site-packages/airflow/example_dags/example_task_group.py
[2024-10-20T10:58:03.245+0000] {processor.py:840} INFO - DAG(s) 'example_task_group' retrieved from /home/airflow/.local/lib/python3.8/site-packages/airflow/example_dags/example_task_group.py
[2024-10-20T10:58:03.259+0000] {logging_mixin.py:188} INFO - [2024-10-20T10:58:03.259+0000] {dag.py:3047} INFO - Sync 1 DAGs
[2024-10-20T10:58:03.277+0000] {logging_mixin.py:188} INFO - [2024-10-20T10:58:03.277+0000] {dag.py:3834} INFO - Setting next_dagrun for example_task_group to 2024-10-19 00:00:00+00:00, run_after=2024-10-20 00:00:00+00:00
[2024-10-20T10:58:03.291+0000] {processor.py:183} INFO - Processing /home/airflow/.local/lib/python3.8/site-packages/airflow/example_dags/example_task_group.py took 0.057 seconds
[2024-10-20T10:58:34.225+0000] {processor.py:161} INFO - Started process (PID=2596) to work on /home/airflow/.local/lib/python3.8/site-packages/airflow/example_dags/example_task_group.py
[2024-10-20T10:58:34.227+0000] {processor.py:830} INFO - Processing file /home/airflow/.local/lib/python3.8/site-packages/airflow/example_dags/example_task_group.py for tasks to queue
[2024-10-20T10:58:34.230+0000] {logging_mixin.py:188} INFO - [2024-10-20T10:58:34.229+0000] {dagbag.py:540} INFO - Filling up the DagBag from /home/airflow/.local/lib/python3.8/site-packages/airflow/example_dags/example_task_group.py
[2024-10-20T10:58:34.244+0000] {processor.py:840} INFO - DAG(s) 'example_task_group' retrieved from /home/airflow/.local/lib/python3.8/site-packages/airflow/example_dags/example_task_group.py
[2024-10-20T10:58:34.272+0000] {logging_mixin.py:188} INFO - [2024-10-20T10:58:34.272+0000] {dag.py:3047} INFO - Sync 1 DAGs
[2024-10-20T10:58:34.296+0000] {logging_mixin.py:188} INFO - [2024-10-20T10:58:34.295+0000] {dag.py:3834} INFO - Setting next_dagrun for example_task_group to 2024-10-19 00:00:00+00:00, run_after=2024-10-20 00:00:00+00:00
[2024-10-20T10:58:34.316+0000] {processor.py:183} INFO - Processing /home/airflow/.local/lib/python3.8/site-packages/airflow/example_dags/example_task_group.py took 0.094 seconds
