[2024-10-20T10:20:20.130+0000] {processor.py:161} INFO - Started process (PID=105) to work on /home/airflow/.local/lib/python3.8/site-packages/airflow/example_dags/example_sla_dag.py
[2024-10-20T10:20:20.132+0000] {processor.py:830} INFO - Processing file /home/airflow/.local/lib/python3.8/site-packages/airflow/example_dags/example_sla_dag.py for tasks to queue
[2024-10-20T10:20:20.135+0000] {logging_mixin.py:188} INFO - [2024-10-20T10:20:20.134+0000] {dagbag.py:540} INFO - Filling up the DagBag from /home/airflow/.local/lib/python3.8/site-packages/airflow/example_dags/example_sla_dag.py
[2024-10-20T10:20:20.156+0000] {processor.py:840} INFO - DAG(s) 'example_sla_dag' retrieved from /home/airflow/.local/lib/python3.8/site-packages/airflow/example_dags/example_sla_dag.py
[2024-10-20T10:20:20.365+0000] {logging_mixin.py:188} INFO - [2024-10-20T10:20:20.365+0000] {dag.py:3047} INFO - Sync 1 DAGs
[2024-10-20T10:20:20.418+0000] {logging_mixin.py:188} INFO - [2024-10-20T10:20:20.418+0000] {dag.py:3834} INFO - Setting next_dagrun for example_sla_dag to 2024-10-20 10:18:00+00:00, run_after=2024-10-20 10:20:00+00:00
[2024-10-20T10:20:20.467+0000] {processor.py:183} INFO - Processing /home/airflow/.local/lib/python3.8/site-packages/airflow/example_dags/example_sla_dag.py took 0.341 seconds
[2024-10-20T10:20:50.532+0000] {processor.py:161} INFO - Started process (PID=160) to work on /home/airflow/.local/lib/python3.8/site-packages/airflow/example_dags/example_sla_dag.py
[2024-10-20T10:20:50.532+0000] {processor.py:830} INFO - Processing file /home/airflow/.local/lib/python3.8/site-packages/airflow/example_dags/example_sla_dag.py for tasks to queue
[2024-10-20T10:20:50.534+0000] {logging_mixin.py:188} INFO - [2024-10-20T10:20:50.534+0000] {dagbag.py:540} INFO - Filling up the DagBag from /home/airflow/.local/lib/python3.8/site-packages/airflow/example_dags/example_sla_dag.py
[2024-10-20T10:20:50.541+0000] {processor.py:840} INFO - DAG(s) 'example_sla_dag' retrieved from /home/airflow/.local/lib/python3.8/site-packages/airflow/example_dags/example_sla_dag.py
[2024-10-20T10:20:50.553+0000] {logging_mixin.py:188} INFO - [2024-10-20T10:20:50.553+0000] {dag.py:3047} INFO - Sync 1 DAGs
[2024-10-20T10:20:50.571+0000] {logging_mixin.py:188} INFO - [2024-10-20T10:20:50.571+0000] {dag.py:3834} INFO - Setting next_dagrun for example_sla_dag to 2024-10-20 10:18:00+00:00, run_after=2024-10-20 10:20:00+00:00
[2024-10-20T10:20:50.582+0000] {processor.py:183} INFO - Processing /home/airflow/.local/lib/python3.8/site-packages/airflow/example_dags/example_sla_dag.py took 0.053 seconds
[2024-10-20T10:21:21.362+0000] {processor.py:161} INFO - Started process (PID=215) to work on /home/airflow/.local/lib/python3.8/site-packages/airflow/example_dags/example_sla_dag.py
[2024-10-20T10:21:21.363+0000] {processor.py:830} INFO - Processing file /home/airflow/.local/lib/python3.8/site-packages/airflow/example_dags/example_sla_dag.py for tasks to queue
[2024-10-20T10:21:21.366+0000] {logging_mixin.py:188} INFO - [2024-10-20T10:21:21.366+0000] {dagbag.py:540} INFO - Filling up the DagBag from /home/airflow/.local/lib/python3.8/site-packages/airflow/example_dags/example_sla_dag.py
[2024-10-20T10:21:21.372+0000] {processor.py:840} INFO - DAG(s) 'example_sla_dag' retrieved from /home/airflow/.local/lib/python3.8/site-packages/airflow/example_dags/example_sla_dag.py
[2024-10-20T10:21:21.385+0000] {logging_mixin.py:188} INFO - [2024-10-20T10:21:21.385+0000] {dag.py:3047} INFO - Sync 1 DAGs
[2024-10-20T10:21:21.400+0000] {logging_mixin.py:188} INFO - [2024-10-20T10:21:21.400+0000] {dag.py:3834} INFO - Setting next_dagrun for example_sla_dag to 2024-10-20 10:18:00+00:00, run_after=2024-10-20 10:20:00+00:00
[2024-10-20T10:21:21.410+0000] {processor.py:183} INFO - Processing /home/airflow/.local/lib/python3.8/site-packages/airflow/example_dags/example_sla_dag.py took 0.051 seconds
[2024-10-20T10:21:52.245+0000] {processor.py:161} INFO - Started process (PID=270) to work on /home/airflow/.local/lib/python3.8/site-packages/airflow/example_dags/example_sla_dag.py
[2024-10-20T10:21:52.248+0000] {processor.py:830} INFO - Processing file /home/airflow/.local/lib/python3.8/site-packages/airflow/example_dags/example_sla_dag.py for tasks to queue
[2024-10-20T10:21:52.251+0000] {logging_mixin.py:188} INFO - [2024-10-20T10:21:52.250+0000] {dagbag.py:540} INFO - Filling up the DagBag from /home/airflow/.local/lib/python3.8/site-packages/airflow/example_dags/example_sla_dag.py
[2024-10-20T10:21:52.257+0000] {processor.py:840} INFO - DAG(s) 'example_sla_dag' retrieved from /home/airflow/.local/lib/python3.8/site-packages/airflow/example_dags/example_sla_dag.py
[2024-10-20T10:21:52.272+0000] {logging_mixin.py:188} INFO - [2024-10-20T10:21:52.271+0000] {dag.py:3047} INFO - Sync 1 DAGs
[2024-10-20T10:21:52.292+0000] {logging_mixin.py:188} INFO - [2024-10-20T10:21:52.292+0000] {dag.py:3834} INFO - Setting next_dagrun for example_sla_dag to 2024-10-20 10:18:00+00:00, run_after=2024-10-20 10:20:00+00:00
[2024-10-20T10:21:52.304+0000] {processor.py:183} INFO - Processing /home/airflow/.local/lib/python3.8/site-packages/airflow/example_dags/example_sla_dag.py took 0.062 seconds
[2024-10-20T10:22:22.384+0000] {processor.py:161} INFO - Started process (PID=325) to work on /home/airflow/.local/lib/python3.8/site-packages/airflow/example_dags/example_sla_dag.py
[2024-10-20T10:22:22.385+0000] {processor.py:830} INFO - Processing file /home/airflow/.local/lib/python3.8/site-packages/airflow/example_dags/example_sla_dag.py for tasks to queue
[2024-10-20T10:22:22.386+0000] {logging_mixin.py:188} INFO - [2024-10-20T10:22:22.386+0000] {dagbag.py:540} INFO - Filling up the DagBag from /home/airflow/.local/lib/python3.8/site-packages/airflow/example_dags/example_sla_dag.py
[2024-10-20T10:22:22.393+0000] {processor.py:840} INFO - DAG(s) 'example_sla_dag' retrieved from /home/airflow/.local/lib/python3.8/site-packages/airflow/example_dags/example_sla_dag.py
[2024-10-20T10:22:22.405+0000] {logging_mixin.py:188} INFO - [2024-10-20T10:22:22.405+0000] {dag.py:3047} INFO - Sync 1 DAGs
[2024-10-20T10:22:22.422+0000] {logging_mixin.py:188} INFO - [2024-10-20T10:22:22.422+0000] {dag.py:3834} INFO - Setting next_dagrun for example_sla_dag to 2024-10-20 10:20:00+00:00, run_after=2024-10-20 10:22:00+00:00
[2024-10-20T10:22:22.432+0000] {processor.py:183} INFO - Processing /home/airflow/.local/lib/python3.8/site-packages/airflow/example_dags/example_sla_dag.py took 0.051 seconds
[2024-10-20T10:22:52.506+0000] {processor.py:161} INFO - Started process (PID=380) to work on /home/airflow/.local/lib/python3.8/site-packages/airflow/example_dags/example_sla_dag.py
[2024-10-20T10:22:52.507+0000] {processor.py:830} INFO - Processing file /home/airflow/.local/lib/python3.8/site-packages/airflow/example_dags/example_sla_dag.py for tasks to queue
[2024-10-20T10:22:52.509+0000] {logging_mixin.py:188} INFO - [2024-10-20T10:22:52.508+0000] {dagbag.py:540} INFO - Filling up the DagBag from /home/airflow/.local/lib/python3.8/site-packages/airflow/example_dags/example_sla_dag.py
[2024-10-20T10:22:52.514+0000] {processor.py:840} INFO - DAG(s) 'example_sla_dag' retrieved from /home/airflow/.local/lib/python3.8/site-packages/airflow/example_dags/example_sla_dag.py
[2024-10-20T10:22:52.528+0000] {logging_mixin.py:188} INFO - [2024-10-20T10:22:52.527+0000] {dag.py:3047} INFO - Sync 1 DAGs
[2024-10-20T10:22:52.548+0000] {logging_mixin.py:188} INFO - [2024-10-20T10:22:52.547+0000] {dag.py:3834} INFO - Setting next_dagrun for example_sla_dag to 2024-10-20 10:20:00+00:00, run_after=2024-10-20 10:22:00+00:00
[2024-10-20T10:22:52.560+0000] {processor.py:183} INFO - Processing /home/airflow/.local/lib/python3.8/site-packages/airflow/example_dags/example_sla_dag.py took 0.057 seconds
[2024-10-20T10:23:23.407+0000] {processor.py:161} INFO - Started process (PID=435) to work on /home/airflow/.local/lib/python3.8/site-packages/airflow/example_dags/example_sla_dag.py
[2024-10-20T10:23:23.408+0000] {processor.py:830} INFO - Processing file /home/airflow/.local/lib/python3.8/site-packages/airflow/example_dags/example_sla_dag.py for tasks to queue
[2024-10-20T10:23:23.411+0000] {logging_mixin.py:188} INFO - [2024-10-20T10:23:23.410+0000] {dagbag.py:540} INFO - Filling up the DagBag from /home/airflow/.local/lib/python3.8/site-packages/airflow/example_dags/example_sla_dag.py
[2024-10-20T10:23:23.418+0000] {processor.py:840} INFO - DAG(s) 'example_sla_dag' retrieved from /home/airflow/.local/lib/python3.8/site-packages/airflow/example_dags/example_sla_dag.py
[2024-10-20T10:23:23.431+0000] {logging_mixin.py:188} INFO - [2024-10-20T10:23:23.430+0000] {dag.py:3047} INFO - Sync 1 DAGs
[2024-10-20T10:23:23.447+0000] {logging_mixin.py:188} INFO - [2024-10-20T10:23:23.447+0000] {dag.py:3834} INFO - Setting next_dagrun for example_sla_dag to 2024-10-20 10:20:00+00:00, run_after=2024-10-20 10:22:00+00:00
[2024-10-20T10:23:23.457+0000] {processor.py:183} INFO - Processing /home/airflow/.local/lib/python3.8/site-packages/airflow/example_dags/example_sla_dag.py took 0.053 seconds
[2024-10-20T10:23:54.414+0000] {processor.py:161} INFO - Started process (PID=490) to work on /home/airflow/.local/lib/python3.8/site-packages/airflow/example_dags/example_sla_dag.py
[2024-10-20T10:23:54.415+0000] {processor.py:830} INFO - Processing file /home/airflow/.local/lib/python3.8/site-packages/airflow/example_dags/example_sla_dag.py for tasks to queue
[2024-10-20T10:23:54.418+0000] {logging_mixin.py:188} INFO - [2024-10-20T10:23:54.417+0000] {dagbag.py:540} INFO - Filling up the DagBag from /home/airflow/.local/lib/python3.8/site-packages/airflow/example_dags/example_sla_dag.py
[2024-10-20T10:23:54.424+0000] {processor.py:840} INFO - DAG(s) 'example_sla_dag' retrieved from /home/airflow/.local/lib/python3.8/site-packages/airflow/example_dags/example_sla_dag.py
[2024-10-20T10:23:54.438+0000] {logging_mixin.py:188} INFO - [2024-10-20T10:23:54.437+0000] {dag.py:3047} INFO - Sync 1 DAGs
[2024-10-20T10:23:54.455+0000] {logging_mixin.py:188} INFO - [2024-10-20T10:23:54.455+0000] {dag.py:3834} INFO - Setting next_dagrun for example_sla_dag to 2024-10-20 10:20:00+00:00, run_after=2024-10-20 10:22:00+00:00
[2024-10-20T10:23:54.466+0000] {processor.py:183} INFO - Processing /home/airflow/.local/lib/python3.8/site-packages/airflow/example_dags/example_sla_dag.py took 0.054 seconds
[2024-10-20T10:24:24.572+0000] {processor.py:161} INFO - Started process (PID=545) to work on /home/airflow/.local/lib/python3.8/site-packages/airflow/example_dags/example_sla_dag.py
[2024-10-20T10:24:24.574+0000] {processor.py:830} INFO - Processing file /home/airflow/.local/lib/python3.8/site-packages/airflow/example_dags/example_sla_dag.py for tasks to queue
[2024-10-20T10:24:24.575+0000] {logging_mixin.py:188} INFO - [2024-10-20T10:24:24.575+0000] {dagbag.py:540} INFO - Filling up the DagBag from /home/airflow/.local/lib/python3.8/site-packages/airflow/example_dags/example_sla_dag.py
[2024-10-20T10:24:24.582+0000] {processor.py:840} INFO - DAG(s) 'example_sla_dag' retrieved from /home/airflow/.local/lib/python3.8/site-packages/airflow/example_dags/example_sla_dag.py
[2024-10-20T10:24:24.596+0000] {logging_mixin.py:188} INFO - [2024-10-20T10:24:24.596+0000] {dag.py:3047} INFO - Sync 1 DAGs
[2024-10-20T10:24:24.611+0000] {logging_mixin.py:188} INFO - [2024-10-20T10:24:24.611+0000] {dag.py:3834} INFO - Setting next_dagrun for example_sla_dag to 2024-10-20 10:22:00+00:00, run_after=2024-10-20 10:24:00+00:00
[2024-10-20T10:24:24.622+0000] {processor.py:183} INFO - Processing /home/airflow/.local/lib/python3.8/site-packages/airflow/example_dags/example_sla_dag.py took 0.053 seconds
[2024-10-20T10:24:55.102+0000] {processor.py:161} INFO - Started process (PID=600) to work on /home/airflow/.local/lib/python3.8/site-packages/airflow/example_dags/example_sla_dag.py
[2024-10-20T10:24:55.106+0000] {processor.py:830} INFO - Processing file /home/airflow/.local/lib/python3.8/site-packages/airflow/example_dags/example_sla_dag.py for tasks to queue
[2024-10-20T10:24:55.108+0000] {logging_mixin.py:188} INFO - [2024-10-20T10:24:55.108+0000] {dagbag.py:540} INFO - Filling up the DagBag from /home/airflow/.local/lib/python3.8/site-packages/airflow/example_dags/example_sla_dag.py
[2024-10-20T10:24:55.115+0000] {processor.py:840} INFO - DAG(s) 'example_sla_dag' retrieved from /home/airflow/.local/lib/python3.8/site-packages/airflow/example_dags/example_sla_dag.py
[2024-10-20T10:24:55.131+0000] {logging_mixin.py:188} INFO - [2024-10-20T10:24:55.130+0000] {dag.py:3047} INFO - Sync 1 DAGs
[2024-10-20T10:24:55.151+0000] {logging_mixin.py:188} INFO - [2024-10-20T10:24:55.151+0000] {dag.py:3834} INFO - Setting next_dagrun for example_sla_dag to 2024-10-20 10:22:00+00:00, run_after=2024-10-20 10:24:00+00:00
[2024-10-20T10:24:55.164+0000] {processor.py:183} INFO - Processing /home/airflow/.local/lib/python3.8/site-packages/airflow/example_dags/example_sla_dag.py took 0.064 seconds
[2024-10-20T10:25:26.814+0000] {processor.py:161} INFO - Started process (PID=655) to work on /home/airflow/.local/lib/python3.8/site-packages/airflow/example_dags/example_sla_dag.py
[2024-10-20T10:25:26.816+0000] {processor.py:830} INFO - Processing file /home/airflow/.local/lib/python3.8/site-packages/airflow/example_dags/example_sla_dag.py for tasks to queue
[2024-10-20T10:25:26.819+0000] {logging_mixin.py:188} INFO - [2024-10-20T10:25:26.818+0000] {dagbag.py:540} INFO - Filling up the DagBag from /home/airflow/.local/lib/python3.8/site-packages/airflow/example_dags/example_sla_dag.py
[2024-10-20T10:25:26.833+0000] {processor.py:840} INFO - DAG(s) 'example_sla_dag' retrieved from /home/airflow/.local/lib/python3.8/site-packages/airflow/example_dags/example_sla_dag.py
[2024-10-20T10:25:26.869+0000] {logging_mixin.py:188} INFO - [2024-10-20T10:25:26.868+0000] {dag.py:3047} INFO - Sync 1 DAGs
[2024-10-20T10:25:26.912+0000] {logging_mixin.py:188} INFO - [2024-10-20T10:25:26.912+0000] {dag.py:3834} INFO - Setting next_dagrun for example_sla_dag to 2024-10-20 10:22:00+00:00, run_after=2024-10-20 10:24:00+00:00
[2024-10-20T10:25:26.954+0000] {processor.py:183} INFO - Processing /home/airflow/.local/lib/python3.8/site-packages/airflow/example_dags/example_sla_dag.py took 0.145 seconds
[2024-10-20T10:25:57.242+0000] {processor.py:161} INFO - Started process (PID=710) to work on /home/airflow/.local/lib/python3.8/site-packages/airflow/example_dags/example_sla_dag.py
[2024-10-20T10:25:57.244+0000] {processor.py:830} INFO - Processing file /home/airflow/.local/lib/python3.8/site-packages/airflow/example_dags/example_sla_dag.py for tasks to queue
[2024-10-20T10:25:57.245+0000] {logging_mixin.py:188} INFO - [2024-10-20T10:25:57.245+0000] {dagbag.py:540} INFO - Filling up the DagBag from /home/airflow/.local/lib/python3.8/site-packages/airflow/example_dags/example_sla_dag.py
[2024-10-20T10:25:57.252+0000] {processor.py:840} INFO - DAG(s) 'example_sla_dag' retrieved from /home/airflow/.local/lib/python3.8/site-packages/airflow/example_dags/example_sla_dag.py
[2024-10-20T10:25:57.266+0000] {logging_mixin.py:188} INFO - [2024-10-20T10:25:57.266+0000] {dag.py:3047} INFO - Sync 1 DAGs
[2024-10-20T10:25:57.285+0000] {logging_mixin.py:188} INFO - [2024-10-20T10:25:57.285+0000] {dag.py:3834} INFO - Setting next_dagrun for example_sla_dag to 2024-10-20 10:22:00+00:00, run_after=2024-10-20 10:24:00+00:00
[2024-10-20T10:25:57.297+0000] {processor.py:183} INFO - Processing /home/airflow/.local/lib/python3.8/site-packages/airflow/example_dags/example_sla_dag.py took 0.058 seconds
[2024-10-20T10:26:27.887+0000] {processor.py:161} INFO - Started process (PID=765) to work on /home/airflow/.local/lib/python3.8/site-packages/airflow/example_dags/example_sla_dag.py
[2024-10-20T10:26:27.888+0000] {processor.py:830} INFO - Processing file /home/airflow/.local/lib/python3.8/site-packages/airflow/example_dags/example_sla_dag.py for tasks to queue
[2024-10-20T10:26:27.889+0000] {logging_mixin.py:188} INFO - [2024-10-20T10:26:27.889+0000] {dagbag.py:540} INFO - Filling up the DagBag from /home/airflow/.local/lib/python3.8/site-packages/airflow/example_dags/example_sla_dag.py
[2024-10-20T10:26:27.895+0000] {processor.py:840} INFO - DAG(s) 'example_sla_dag' retrieved from /home/airflow/.local/lib/python3.8/site-packages/airflow/example_dags/example_sla_dag.py
[2024-10-20T10:26:27.907+0000] {logging_mixin.py:188} INFO - [2024-10-20T10:26:27.907+0000] {dag.py:3047} INFO - Sync 1 DAGs
[2024-10-20T10:26:27.923+0000] {logging_mixin.py:188} INFO - [2024-10-20T10:26:27.923+0000] {dag.py:3834} INFO - Setting next_dagrun for example_sla_dag to 2024-10-20 10:24:00+00:00, run_after=2024-10-20 10:26:00+00:00
[2024-10-20T10:26:27.937+0000] {processor.py:183} INFO - Processing /home/airflow/.local/lib/python3.8/site-packages/airflow/example_dags/example_sla_dag.py took 0.053 seconds
[2024-10-20T10:26:58.623+0000] {processor.py:161} INFO - Started process (PID=820) to work on /home/airflow/.local/lib/python3.8/site-packages/airflow/example_dags/example_sla_dag.py
[2024-10-20T10:26:58.624+0000] {processor.py:830} INFO - Processing file /home/airflow/.local/lib/python3.8/site-packages/airflow/example_dags/example_sla_dag.py for tasks to queue
[2024-10-20T10:26:58.625+0000] {logging_mixin.py:188} INFO - [2024-10-20T10:26:58.625+0000] {dagbag.py:540} INFO - Filling up the DagBag from /home/airflow/.local/lib/python3.8/site-packages/airflow/example_dags/example_sla_dag.py
[2024-10-20T10:26:58.631+0000] {processor.py:840} INFO - DAG(s) 'example_sla_dag' retrieved from /home/airflow/.local/lib/python3.8/site-packages/airflow/example_dags/example_sla_dag.py
[2024-10-20T10:26:58.648+0000] {logging_mixin.py:188} INFO - [2024-10-20T10:26:58.647+0000] {dag.py:3047} INFO - Sync 1 DAGs
[2024-10-20T10:26:58.664+0000] {logging_mixin.py:188} INFO - [2024-10-20T10:26:58.664+0000] {dag.py:3834} INFO - Setting next_dagrun for example_sla_dag to 2024-10-20 10:24:00+00:00, run_after=2024-10-20 10:26:00+00:00
[2024-10-20T10:26:58.676+0000] {processor.py:183} INFO - Processing /home/airflow/.local/lib/python3.8/site-packages/airflow/example_dags/example_sla_dag.py took 0.056 seconds
[2024-10-20T10:27:29.275+0000] {processor.py:161} INFO - Started process (PID=875) to work on /home/airflow/.local/lib/python3.8/site-packages/airflow/example_dags/example_sla_dag.py
[2024-10-20T10:27:29.278+0000] {processor.py:830} INFO - Processing file /home/airflow/.local/lib/python3.8/site-packages/airflow/example_dags/example_sla_dag.py for tasks to queue
[2024-10-20T10:27:29.279+0000] {logging_mixin.py:188} INFO - [2024-10-20T10:27:29.278+0000] {dagbag.py:540} INFO - Filling up the DagBag from /home/airflow/.local/lib/python3.8/site-packages/airflow/example_dags/example_sla_dag.py
[2024-10-20T10:27:29.284+0000] {processor.py:840} INFO - DAG(s) 'example_sla_dag' retrieved from /home/airflow/.local/lib/python3.8/site-packages/airflow/example_dags/example_sla_dag.py
[2024-10-20T10:27:29.298+0000] {logging_mixin.py:188} INFO - [2024-10-20T10:27:29.297+0000] {dag.py:3047} INFO - Sync 1 DAGs
[2024-10-20T10:27:29.314+0000] {logging_mixin.py:188} INFO - [2024-10-20T10:27:29.314+0000] {dag.py:3834} INFO - Setting next_dagrun for example_sla_dag to 2024-10-20 10:24:00+00:00, run_after=2024-10-20 10:26:00+00:00
[2024-10-20T10:27:29.328+0000] {processor.py:183} INFO - Processing /home/airflow/.local/lib/python3.8/site-packages/airflow/example_dags/example_sla_dag.py took 0.055 seconds
[2024-10-20T10:28:00.203+0000] {processor.py:161} INFO - Started process (PID=930) to work on /home/airflow/.local/lib/python3.8/site-packages/airflow/example_dags/example_sla_dag.py
[2024-10-20T10:28:00.204+0000] {processor.py:830} INFO - Processing file /home/airflow/.local/lib/python3.8/site-packages/airflow/example_dags/example_sla_dag.py for tasks to queue
[2024-10-20T10:28:00.205+0000] {logging_mixin.py:188} INFO - [2024-10-20T10:28:00.205+0000] {dagbag.py:540} INFO - Filling up the DagBag from /home/airflow/.local/lib/python3.8/site-packages/airflow/example_dags/example_sla_dag.py
[2024-10-20T10:28:00.211+0000] {processor.py:840} INFO - DAG(s) 'example_sla_dag' retrieved from /home/airflow/.local/lib/python3.8/site-packages/airflow/example_dags/example_sla_dag.py
[2024-10-20T10:28:00.225+0000] {logging_mixin.py:188} INFO - [2024-10-20T10:28:00.225+0000] {dag.py:3047} INFO - Sync 1 DAGs
[2024-10-20T10:28:00.241+0000] {logging_mixin.py:188} INFO - [2024-10-20T10:28:00.241+0000] {dag.py:3834} INFO - Setting next_dagrun for example_sla_dag to 2024-10-20 10:26:00+00:00, run_after=2024-10-20 10:28:00+00:00
[2024-10-20T10:28:00.254+0000] {processor.py:183} INFO - Processing /home/airflow/.local/lib/python3.8/site-packages/airflow/example_dags/example_sla_dag.py took 0.053 seconds
[2024-10-20T10:28:31.163+0000] {processor.py:161} INFO - Started process (PID=985) to work on /home/airflow/.local/lib/python3.8/site-packages/airflow/example_dags/example_sla_dag.py
[2024-10-20T10:28:31.163+0000] {processor.py:830} INFO - Processing file /home/airflow/.local/lib/python3.8/site-packages/airflow/example_dags/example_sla_dag.py for tasks to queue
[2024-10-20T10:28:31.166+0000] {logging_mixin.py:188} INFO - [2024-10-20T10:28:31.165+0000] {dagbag.py:540} INFO - Filling up the DagBag from /home/airflow/.local/lib/python3.8/site-packages/airflow/example_dags/example_sla_dag.py
[2024-10-20T10:28:31.172+0000] {processor.py:840} INFO - DAG(s) 'example_sla_dag' retrieved from /home/airflow/.local/lib/python3.8/site-packages/airflow/example_dags/example_sla_dag.py
[2024-10-20T10:28:31.186+0000] {logging_mixin.py:188} INFO - [2024-10-20T10:28:31.186+0000] {dag.py:3047} INFO - Sync 1 DAGs
[2024-10-20T10:28:31.202+0000] {logging_mixin.py:188} INFO - [2024-10-20T10:28:31.202+0000] {dag.py:3834} INFO - Setting next_dagrun for example_sla_dag to 2024-10-20 10:26:00+00:00, run_after=2024-10-20 10:28:00+00:00
[2024-10-20T10:28:31.214+0000] {processor.py:183} INFO - Processing /home/airflow/.local/lib/python3.8/site-packages/airflow/example_dags/example_sla_dag.py took 0.054 seconds
[2024-10-20T10:29:01.857+0000] {processor.py:161} INFO - Started process (PID=1040) to work on /home/airflow/.local/lib/python3.8/site-packages/airflow/example_dags/example_sla_dag.py
[2024-10-20T10:29:01.857+0000] {processor.py:830} INFO - Processing file /home/airflow/.local/lib/python3.8/site-packages/airflow/example_dags/example_sla_dag.py for tasks to queue
[2024-10-20T10:29:01.859+0000] {logging_mixin.py:188} INFO - [2024-10-20T10:29:01.859+0000] {dagbag.py:540} INFO - Filling up the DagBag from /home/airflow/.local/lib/python3.8/site-packages/airflow/example_dags/example_sla_dag.py
[2024-10-20T10:29:01.865+0000] {processor.py:840} INFO - DAG(s) 'example_sla_dag' retrieved from /home/airflow/.local/lib/python3.8/site-packages/airflow/example_dags/example_sla_dag.py
[2024-10-20T10:29:01.879+0000] {logging_mixin.py:188} INFO - [2024-10-20T10:29:01.879+0000] {dag.py:3047} INFO - Sync 1 DAGs
[2024-10-20T10:29:01.898+0000] {logging_mixin.py:188} INFO - [2024-10-20T10:29:01.897+0000] {dag.py:3834} INFO - Setting next_dagrun for example_sla_dag to 2024-10-20 10:26:00+00:00, run_after=2024-10-20 10:28:00+00:00
[2024-10-20T10:29:01.909+0000] {processor.py:183} INFO - Processing /home/airflow/.local/lib/python3.8/site-packages/airflow/example_dags/example_sla_dag.py took 0.055 seconds
[2024-10-20T10:29:32.544+0000] {processor.py:161} INFO - Started process (PID=1095) to work on /home/airflow/.local/lib/python3.8/site-packages/airflow/example_dags/example_sla_dag.py
[2024-10-20T10:29:32.546+0000] {processor.py:830} INFO - Processing file /home/airflow/.local/lib/python3.8/site-packages/airflow/example_dags/example_sla_dag.py for tasks to queue
[2024-10-20T10:29:32.548+0000] {logging_mixin.py:188} INFO - [2024-10-20T10:29:32.547+0000] {dagbag.py:540} INFO - Filling up the DagBag from /home/airflow/.local/lib/python3.8/site-packages/airflow/example_dags/example_sla_dag.py
[2024-10-20T10:29:32.555+0000] {processor.py:840} INFO - DAG(s) 'example_sla_dag' retrieved from /home/airflow/.local/lib/python3.8/site-packages/airflow/example_dags/example_sla_dag.py
[2024-10-20T10:29:32.574+0000] {logging_mixin.py:188} INFO - [2024-10-20T10:29:32.574+0000] {dag.py:3047} INFO - Sync 1 DAGs
[2024-10-20T10:29:32.593+0000] {logging_mixin.py:188} INFO - [2024-10-20T10:29:32.593+0000] {dag.py:3834} INFO - Setting next_dagrun for example_sla_dag to 2024-10-20 10:26:00+00:00, run_after=2024-10-20 10:28:00+00:00
[2024-10-20T10:29:32.606+0000] {processor.py:183} INFO - Processing /home/airflow/.local/lib/python3.8/site-packages/airflow/example_dags/example_sla_dag.py took 0.065 seconds
[2024-10-20T10:30:02.890+0000] {processor.py:161} INFO - Started process (PID=1150) to work on /home/airflow/.local/lib/python3.8/site-packages/airflow/example_dags/example_sla_dag.py
[2024-10-20T10:30:02.891+0000] {processor.py:830} INFO - Processing file /home/airflow/.local/lib/python3.8/site-packages/airflow/example_dags/example_sla_dag.py for tasks to queue
[2024-10-20T10:30:02.893+0000] {logging_mixin.py:188} INFO - [2024-10-20T10:30:02.892+0000] {dagbag.py:540} INFO - Filling up the DagBag from /home/airflow/.local/lib/python3.8/site-packages/airflow/example_dags/example_sla_dag.py
[2024-10-20T10:30:02.901+0000] {processor.py:840} INFO - DAG(s) 'example_sla_dag' retrieved from /home/airflow/.local/lib/python3.8/site-packages/airflow/example_dags/example_sla_dag.py
[2024-10-20T10:30:02.924+0000] {logging_mixin.py:188} INFO - [2024-10-20T10:30:02.923+0000] {dag.py:3047} INFO - Sync 1 DAGs
[2024-10-20T10:30:02.961+0000] {logging_mixin.py:188} INFO - [2024-10-20T10:30:02.961+0000] {dag.py:3834} INFO - Setting next_dagrun for example_sla_dag to 2024-10-20 10:28:00+00:00, run_after=2024-10-20 10:30:00+00:00
[2024-10-20T10:30:03.017+0000] {processor.py:183} INFO - Processing /home/airflow/.local/lib/python3.8/site-packages/airflow/example_dags/example_sla_dag.py took 0.130 seconds
[2024-10-20T10:30:33.970+0000] {processor.py:161} INFO - Started process (PID=1205) to work on /home/airflow/.local/lib/python3.8/site-packages/airflow/example_dags/example_sla_dag.py
[2024-10-20T10:30:33.971+0000] {processor.py:830} INFO - Processing file /home/airflow/.local/lib/python3.8/site-packages/airflow/example_dags/example_sla_dag.py for tasks to queue
[2024-10-20T10:30:33.972+0000] {logging_mixin.py:188} INFO - [2024-10-20T10:30:33.972+0000] {dagbag.py:540} INFO - Filling up the DagBag from /home/airflow/.local/lib/python3.8/site-packages/airflow/example_dags/example_sla_dag.py
[2024-10-20T10:30:33.979+0000] {processor.py:840} INFO - DAG(s) 'example_sla_dag' retrieved from /home/airflow/.local/lib/python3.8/site-packages/airflow/example_dags/example_sla_dag.py
[2024-10-20T10:30:33.993+0000] {logging_mixin.py:188} INFO - [2024-10-20T10:30:33.993+0000] {dag.py:3047} INFO - Sync 1 DAGs
[2024-10-20T10:30:34.010+0000] {logging_mixin.py:188} INFO - [2024-10-20T10:30:34.009+0000] {dag.py:3834} INFO - Setting next_dagrun for example_sla_dag to 2024-10-20 10:28:00+00:00, run_after=2024-10-20 10:30:00+00:00
[2024-10-20T10:30:34.021+0000] {processor.py:183} INFO - Processing /home/airflow/.local/lib/python3.8/site-packages/airflow/example_dags/example_sla_dag.py took 0.053 seconds
[2024-10-20T10:31:04.642+0000] {processor.py:161} INFO - Started process (PID=1260) to work on /home/airflow/.local/lib/python3.8/site-packages/airflow/example_dags/example_sla_dag.py
[2024-10-20T10:31:04.643+0000] {processor.py:830} INFO - Processing file /home/airflow/.local/lib/python3.8/site-packages/airflow/example_dags/example_sla_dag.py for tasks to queue
[2024-10-20T10:31:04.645+0000] {logging_mixin.py:188} INFO - [2024-10-20T10:31:04.644+0000] {dagbag.py:540} INFO - Filling up the DagBag from /home/airflow/.local/lib/python3.8/site-packages/airflow/example_dags/example_sla_dag.py
[2024-10-20T10:31:04.651+0000] {processor.py:840} INFO - DAG(s) 'example_sla_dag' retrieved from /home/airflow/.local/lib/python3.8/site-packages/airflow/example_dags/example_sla_dag.py
[2024-10-20T10:31:04.666+0000] {logging_mixin.py:188} INFO - [2024-10-20T10:31:04.666+0000] {dag.py:3047} INFO - Sync 1 DAGs
[2024-10-20T10:31:04.682+0000] {logging_mixin.py:188} INFO - [2024-10-20T10:31:04.682+0000] {dag.py:3834} INFO - Setting next_dagrun for example_sla_dag to 2024-10-20 10:28:00+00:00, run_after=2024-10-20 10:30:00+00:00
[2024-10-20T10:31:04.692+0000] {processor.py:183} INFO - Processing /home/airflow/.local/lib/python3.8/site-packages/airflow/example_dags/example_sla_dag.py took 0.052 seconds
[2024-10-20T10:31:35.389+0000] {processor.py:161} INFO - Started process (PID=1315) to work on /home/airflow/.local/lib/python3.8/site-packages/airflow/example_dags/example_sla_dag.py
[2024-10-20T10:31:35.391+0000] {processor.py:830} INFO - Processing file /home/airflow/.local/lib/python3.8/site-packages/airflow/example_dags/example_sla_dag.py for tasks to queue
[2024-10-20T10:31:35.395+0000] {logging_mixin.py:188} INFO - [2024-10-20T10:31:35.395+0000] {dagbag.py:540} INFO - Filling up the DagBag from /home/airflow/.local/lib/python3.8/site-packages/airflow/example_dags/example_sla_dag.py
[2024-10-20T10:31:35.401+0000] {processor.py:840} INFO - DAG(s) 'example_sla_dag' retrieved from /home/airflow/.local/lib/python3.8/site-packages/airflow/example_dags/example_sla_dag.py
[2024-10-20T10:31:35.415+0000] {logging_mixin.py:188} INFO - [2024-10-20T10:31:35.414+0000] {dag.py:3047} INFO - Sync 1 DAGs
[2024-10-20T10:31:35.435+0000] {logging_mixin.py:188} INFO - [2024-10-20T10:31:35.435+0000] {dag.py:3834} INFO - Setting next_dagrun for example_sla_dag to 2024-10-20 10:28:00+00:00, run_after=2024-10-20 10:30:00+00:00
[2024-10-20T10:31:35.448+0000] {processor.py:183} INFO - Processing /home/airflow/.local/lib/python3.8/site-packages/airflow/example_dags/example_sla_dag.py took 0.061 seconds
[2024-10-20T10:32:05.486+0000] {processor.py:161} INFO - Started process (PID=1370) to work on /home/airflow/.local/lib/python3.8/site-packages/airflow/example_dags/example_sla_dag.py
[2024-10-20T10:32:05.487+0000] {processor.py:830} INFO - Processing file /home/airflow/.local/lib/python3.8/site-packages/airflow/example_dags/example_sla_dag.py for tasks to queue
[2024-10-20T10:32:05.490+0000] {logging_mixin.py:188} INFO - [2024-10-20T10:32:05.490+0000] {dagbag.py:540} INFO - Filling up the DagBag from /home/airflow/.local/lib/python3.8/site-packages/airflow/example_dags/example_sla_dag.py
[2024-10-20T10:32:05.497+0000] {processor.py:840} INFO - DAG(s) 'example_sla_dag' retrieved from /home/airflow/.local/lib/python3.8/site-packages/airflow/example_dags/example_sla_dag.py
[2024-10-20T10:32:05.513+0000] {logging_mixin.py:188} INFO - [2024-10-20T10:32:05.513+0000] {dag.py:3047} INFO - Sync 1 DAGs
[2024-10-20T10:32:05.530+0000] {logging_mixin.py:188} INFO - [2024-10-20T10:32:05.530+0000] {dag.py:3834} INFO - Setting next_dagrun for example_sla_dag to 2024-10-20 10:30:00+00:00, run_after=2024-10-20 10:32:00+00:00
[2024-10-20T10:32:05.542+0000] {processor.py:183} INFO - Processing /home/airflow/.local/lib/python3.8/site-packages/airflow/example_dags/example_sla_dag.py took 0.059 seconds
[2024-10-20T10:32:36.213+0000] {processor.py:161} INFO - Started process (PID=1425) to work on /home/airflow/.local/lib/python3.8/site-packages/airflow/example_dags/example_sla_dag.py
[2024-10-20T10:32:36.215+0000] {processor.py:830} INFO - Processing file /home/airflow/.local/lib/python3.8/site-packages/airflow/example_dags/example_sla_dag.py for tasks to queue
[2024-10-20T10:32:36.216+0000] {logging_mixin.py:188} INFO - [2024-10-20T10:32:36.216+0000] {dagbag.py:540} INFO - Filling up the DagBag from /home/airflow/.local/lib/python3.8/site-packages/airflow/example_dags/example_sla_dag.py
[2024-10-20T10:32:36.223+0000] {processor.py:840} INFO - DAG(s) 'example_sla_dag' retrieved from /home/airflow/.local/lib/python3.8/site-packages/airflow/example_dags/example_sla_dag.py
[2024-10-20T10:32:36.237+0000] {logging_mixin.py:188} INFO - [2024-10-20T10:32:36.237+0000] {dag.py:3047} INFO - Sync 1 DAGs
[2024-10-20T10:32:36.255+0000] {logging_mixin.py:188} INFO - [2024-10-20T10:32:36.255+0000] {dag.py:3834} INFO - Setting next_dagrun for example_sla_dag to 2024-10-20 10:30:00+00:00, run_after=2024-10-20 10:32:00+00:00
[2024-10-20T10:32:36.266+0000] {processor.py:183} INFO - Processing /home/airflow/.local/lib/python3.8/site-packages/airflow/example_dags/example_sla_dag.py took 0.055 seconds
[2024-10-20T10:33:06.974+0000] {processor.py:161} INFO - Started process (PID=1480) to work on /home/airflow/.local/lib/python3.8/site-packages/airflow/example_dags/example_sla_dag.py
[2024-10-20T10:33:06.975+0000] {processor.py:830} INFO - Processing file /home/airflow/.local/lib/python3.8/site-packages/airflow/example_dags/example_sla_dag.py for tasks to queue
[2024-10-20T10:33:06.976+0000] {logging_mixin.py:188} INFO - [2024-10-20T10:33:06.976+0000] {dagbag.py:540} INFO - Filling up the DagBag from /home/airflow/.local/lib/python3.8/site-packages/airflow/example_dags/example_sla_dag.py
[2024-10-20T10:33:06.982+0000] {processor.py:840} INFO - DAG(s) 'example_sla_dag' retrieved from /home/airflow/.local/lib/python3.8/site-packages/airflow/example_dags/example_sla_dag.py
[2024-10-20T10:33:06.997+0000] {logging_mixin.py:188} INFO - [2024-10-20T10:33:06.997+0000] {dag.py:3047} INFO - Sync 1 DAGs
[2024-10-20T10:33:07.014+0000] {logging_mixin.py:188} INFO - [2024-10-20T10:33:07.014+0000] {dag.py:3834} INFO - Setting next_dagrun for example_sla_dag to 2024-10-20 10:30:00+00:00, run_after=2024-10-20 10:32:00+00:00
[2024-10-20T10:33:07.025+0000] {processor.py:183} INFO - Processing /home/airflow/.local/lib/python3.8/site-packages/airflow/example_dags/example_sla_dag.py took 0.053 seconds
[2024-10-20T10:33:37.154+0000] {processor.py:161} INFO - Started process (PID=1535) to work on /home/airflow/.local/lib/python3.8/site-packages/airflow/example_dags/example_sla_dag.py
[2024-10-20T10:33:37.156+0000] {processor.py:830} INFO - Processing file /home/airflow/.local/lib/python3.8/site-packages/airflow/example_dags/example_sla_dag.py for tasks to queue
[2024-10-20T10:33:37.157+0000] {logging_mixin.py:188} INFO - [2024-10-20T10:33:37.157+0000] {dagbag.py:540} INFO - Filling up the DagBag from /home/airflow/.local/lib/python3.8/site-packages/airflow/example_dags/example_sla_dag.py
[2024-10-20T10:33:37.163+0000] {processor.py:840} INFO - DAG(s) 'example_sla_dag' retrieved from /home/airflow/.local/lib/python3.8/site-packages/airflow/example_dags/example_sla_dag.py
[2024-10-20T10:33:37.176+0000] {logging_mixin.py:188} INFO - [2024-10-20T10:33:37.176+0000] {dag.py:3047} INFO - Sync 1 DAGs
[2024-10-20T10:33:37.192+0000] {logging_mixin.py:188} INFO - [2024-10-20T10:33:37.192+0000] {dag.py:3834} INFO - Setting next_dagrun for example_sla_dag to 2024-10-20 10:30:00+00:00, run_after=2024-10-20 10:32:00+00:00
[2024-10-20T10:33:37.203+0000] {processor.py:183} INFO - Processing /home/airflow/.local/lib/python3.8/site-packages/airflow/example_dags/example_sla_dag.py took 0.051 seconds
[2024-10-20T10:34:08.186+0000] {processor.py:161} INFO - Started process (PID=1590) to work on /home/airflow/.local/lib/python3.8/site-packages/airflow/example_dags/example_sla_dag.py
[2024-10-20T10:34:08.187+0000] {processor.py:830} INFO - Processing file /home/airflow/.local/lib/python3.8/site-packages/airflow/example_dags/example_sla_dag.py for tasks to queue
[2024-10-20T10:34:08.189+0000] {logging_mixin.py:188} INFO - [2024-10-20T10:34:08.188+0000] {dagbag.py:540} INFO - Filling up the DagBag from /home/airflow/.local/lib/python3.8/site-packages/airflow/example_dags/example_sla_dag.py
[2024-10-20T10:34:08.195+0000] {processor.py:840} INFO - DAG(s) 'example_sla_dag' retrieved from /home/airflow/.local/lib/python3.8/site-packages/airflow/example_dags/example_sla_dag.py
[2024-10-20T10:34:08.208+0000] {logging_mixin.py:188} INFO - [2024-10-20T10:34:08.208+0000] {dag.py:3047} INFO - Sync 1 DAGs
[2024-10-20T10:34:08.226+0000] {logging_mixin.py:188} INFO - [2024-10-20T10:34:08.225+0000] {dag.py:3834} INFO - Setting next_dagrun for example_sla_dag to 2024-10-20 10:32:00+00:00, run_after=2024-10-20 10:34:00+00:00
[2024-10-20T10:34:08.239+0000] {processor.py:183} INFO - Processing /home/airflow/.local/lib/python3.8/site-packages/airflow/example_dags/example_sla_dag.py took 0.055 seconds
[2024-10-20T10:34:38.964+0000] {processor.py:161} INFO - Started process (PID=1645) to work on /home/airflow/.local/lib/python3.8/site-packages/airflow/example_dags/example_sla_dag.py
[2024-10-20T10:34:38.965+0000] {processor.py:830} INFO - Processing file /home/airflow/.local/lib/python3.8/site-packages/airflow/example_dags/example_sla_dag.py for tasks to queue
[2024-10-20T10:34:38.966+0000] {logging_mixin.py:188} INFO - [2024-10-20T10:34:38.966+0000] {dagbag.py:540} INFO - Filling up the DagBag from /home/airflow/.local/lib/python3.8/site-packages/airflow/example_dags/example_sla_dag.py
[2024-10-20T10:34:38.976+0000] {processor.py:840} INFO - DAG(s) 'example_sla_dag' retrieved from /home/airflow/.local/lib/python3.8/site-packages/airflow/example_dags/example_sla_dag.py
[2024-10-20T10:34:38.987+0000] {logging_mixin.py:188} INFO - [2024-10-20T10:34:38.987+0000] {dag.py:3047} INFO - Sync 1 DAGs
[2024-10-20T10:34:39.003+0000] {logging_mixin.py:188} INFO - [2024-10-20T10:34:39.003+0000] {dag.py:3834} INFO - Setting next_dagrun for example_sla_dag to 2024-10-20 10:32:00+00:00, run_after=2024-10-20 10:34:00+00:00
[2024-10-20T10:34:39.014+0000] {processor.py:183} INFO - Processing /home/airflow/.local/lib/python3.8/site-packages/airflow/example_dags/example_sla_dag.py took 0.052 seconds
[2024-10-20T10:35:50.973+0000] {processor.py:161} INFO - Started process (PID=92) to work on /home/airflow/.local/lib/python3.8/site-packages/airflow/example_dags/example_sla_dag.py
[2024-10-20T10:35:50.983+0000] {processor.py:830} INFO - Processing file /home/airflow/.local/lib/python3.8/site-packages/airflow/example_dags/example_sla_dag.py for tasks to queue
[2024-10-20T10:35:50.986+0000] {logging_mixin.py:188} INFO - [2024-10-20T10:35:50.985+0000] {dagbag.py:540} INFO - Filling up the DagBag from /home/airflow/.local/lib/python3.8/site-packages/airflow/example_dags/example_sla_dag.py
[2024-10-20T10:35:51.004+0000] {processor.py:840} INFO - DAG(s) 'example_sla_dag' retrieved from /home/airflow/.local/lib/python3.8/site-packages/airflow/example_dags/example_sla_dag.py
[2024-10-20T10:35:51.023+0000] {logging_mixin.py:188} INFO - [2024-10-20T10:35:51.022+0000] {dag.py:3047} INFO - Sync 1 DAGs
[2024-10-20T10:35:51.058+0000] {logging_mixin.py:188} INFO - [2024-10-20T10:35:51.057+0000] {dag.py:3834} INFO - Setting next_dagrun for example_sla_dag to 2024-10-20 10:32:00+00:00, run_after=2024-10-20 10:34:00+00:00
[2024-10-20T10:35:51.109+0000] {processor.py:183} INFO - Processing /home/airflow/.local/lib/python3.8/site-packages/airflow/example_dags/example_sla_dag.py took 0.140 seconds
[2024-10-20T10:36:21.199+0000] {processor.py:161} INFO - Started process (PID=148) to work on /home/airflow/.local/lib/python3.8/site-packages/airflow/example_dags/example_sla_dag.py
[2024-10-20T10:36:21.201+0000] {processor.py:830} INFO - Processing file /home/airflow/.local/lib/python3.8/site-packages/airflow/example_dags/example_sla_dag.py for tasks to queue
[2024-10-20T10:36:21.203+0000] {logging_mixin.py:188} INFO - [2024-10-20T10:36:21.203+0000] {dagbag.py:540} INFO - Filling up the DagBag from /home/airflow/.local/lib/python3.8/site-packages/airflow/example_dags/example_sla_dag.py
[2024-10-20T10:36:21.212+0000] {processor.py:840} INFO - DAG(s) 'example_sla_dag' retrieved from /home/airflow/.local/lib/python3.8/site-packages/airflow/example_dags/example_sla_dag.py
[2024-10-20T10:36:21.280+0000] {logging_mixin.py:188} INFO - [2024-10-20T10:36:21.280+0000] {dag.py:3047} INFO - Sync 1 DAGs
[2024-10-20T10:36:21.300+0000] {logging_mixin.py:188} INFO - [2024-10-20T10:36:21.300+0000] {dag.py:3834} INFO - Setting next_dagrun for example_sla_dag to 2024-10-20 10:34:00+00:00, run_after=2024-10-20 10:36:00+00:00
[2024-10-20T10:36:21.320+0000] {processor.py:183} INFO - Processing /home/airflow/.local/lib/python3.8/site-packages/airflow/example_dags/example_sla_dag.py took 0.123 seconds
[2024-10-20T10:36:51.893+0000] {processor.py:161} INFO - Started process (PID=204) to work on /home/airflow/.local/lib/python3.8/site-packages/airflow/example_dags/example_sla_dag.py
[2024-10-20T10:36:51.895+0000] {processor.py:830} INFO - Processing file /home/airflow/.local/lib/python3.8/site-packages/airflow/example_dags/example_sla_dag.py for tasks to queue
[2024-10-20T10:36:51.896+0000] {logging_mixin.py:188} INFO - [2024-10-20T10:36:51.896+0000] {dagbag.py:540} INFO - Filling up the DagBag from /home/airflow/.local/lib/python3.8/site-packages/airflow/example_dags/example_sla_dag.py
[2024-10-20T10:36:51.902+0000] {processor.py:840} INFO - DAG(s) 'example_sla_dag' retrieved from /home/airflow/.local/lib/python3.8/site-packages/airflow/example_dags/example_sla_dag.py
[2024-10-20T10:36:51.916+0000] {logging_mixin.py:188} INFO - [2024-10-20T10:36:51.916+0000] {dag.py:3047} INFO - Sync 1 DAGs
[2024-10-20T10:36:51.935+0000] {logging_mixin.py:188} INFO - [2024-10-20T10:36:51.934+0000] {dag.py:3834} INFO - Setting next_dagrun for example_sla_dag to 2024-10-20 10:34:00+00:00, run_after=2024-10-20 10:36:00+00:00
[2024-10-20T10:36:51.952+0000] {processor.py:183} INFO - Processing /home/airflow/.local/lib/python3.8/site-packages/airflow/example_dags/example_sla_dag.py took 0.062 seconds
[2024-10-20T10:37:22.339+0000] {processor.py:161} INFO - Started process (PID=260) to work on /home/airflow/.local/lib/python3.8/site-packages/airflow/example_dags/example_sla_dag.py
[2024-10-20T10:37:22.341+0000] {processor.py:830} INFO - Processing file /home/airflow/.local/lib/python3.8/site-packages/airflow/example_dags/example_sla_dag.py for tasks to queue
[2024-10-20T10:37:22.342+0000] {logging_mixin.py:188} INFO - [2024-10-20T10:37:22.342+0000] {dagbag.py:540} INFO - Filling up the DagBag from /home/airflow/.local/lib/python3.8/site-packages/airflow/example_dags/example_sla_dag.py
[2024-10-20T10:37:22.350+0000] {processor.py:840} INFO - DAG(s) 'example_sla_dag' retrieved from /home/airflow/.local/lib/python3.8/site-packages/airflow/example_dags/example_sla_dag.py
[2024-10-20T10:37:22.369+0000] {logging_mixin.py:188} INFO - [2024-10-20T10:37:22.369+0000] {dag.py:3047} INFO - Sync 1 DAGs
[2024-10-20T10:37:22.395+0000] {logging_mixin.py:188} INFO - [2024-10-20T10:37:22.395+0000] {dag.py:3834} INFO - Setting next_dagrun for example_sla_dag to 2024-10-20 10:34:00+00:00, run_after=2024-10-20 10:36:00+00:00
[2024-10-20T10:37:22.415+0000] {processor.py:183} INFO - Processing /home/airflow/.local/lib/python3.8/site-packages/airflow/example_dags/example_sla_dag.py took 0.080 seconds
[2024-10-20T10:37:52.860+0000] {processor.py:161} INFO - Started process (PID=315) to work on /home/airflow/.local/lib/python3.8/site-packages/airflow/example_dags/example_sla_dag.py
[2024-10-20T10:37:52.861+0000] {processor.py:830} INFO - Processing file /home/airflow/.local/lib/python3.8/site-packages/airflow/example_dags/example_sla_dag.py for tasks to queue
[2024-10-20T10:37:52.862+0000] {logging_mixin.py:188} INFO - [2024-10-20T10:37:52.862+0000] {dagbag.py:540} INFO - Filling up the DagBag from /home/airflow/.local/lib/python3.8/site-packages/airflow/example_dags/example_sla_dag.py
[2024-10-20T10:37:52.870+0000] {processor.py:840} INFO - DAG(s) 'example_sla_dag' retrieved from /home/airflow/.local/lib/python3.8/site-packages/airflow/example_dags/example_sla_dag.py
[2024-10-20T10:37:52.885+0000] {logging_mixin.py:188} INFO - [2024-10-20T10:37:52.885+0000] {dag.py:3047} INFO - Sync 1 DAGs
[2024-10-20T10:37:52.903+0000] {logging_mixin.py:188} INFO - [2024-10-20T10:37:52.903+0000] {dag.py:3834} INFO - Setting next_dagrun for example_sla_dag to 2024-10-20 10:34:00+00:00, run_after=2024-10-20 10:36:00+00:00
[2024-10-20T10:37:52.919+0000] {processor.py:183} INFO - Processing /home/airflow/.local/lib/python3.8/site-packages/airflow/example_dags/example_sla_dag.py took 0.061 seconds
[2024-10-20T10:38:23.037+0000] {processor.py:161} INFO - Started process (PID=371) to work on /home/airflow/.local/lib/python3.8/site-packages/airflow/example_dags/example_sla_dag.py
[2024-10-20T10:38:23.039+0000] {processor.py:830} INFO - Processing file /home/airflow/.local/lib/python3.8/site-packages/airflow/example_dags/example_sla_dag.py for tasks to queue
[2024-10-20T10:38:23.042+0000] {logging_mixin.py:188} INFO - [2024-10-20T10:38:23.042+0000] {dagbag.py:540} INFO - Filling up the DagBag from /home/airflow/.local/lib/python3.8/site-packages/airflow/example_dags/example_sla_dag.py
[2024-10-20T10:38:23.049+0000] {processor.py:840} INFO - DAG(s) 'example_sla_dag' retrieved from /home/airflow/.local/lib/python3.8/site-packages/airflow/example_dags/example_sla_dag.py
[2024-10-20T10:38:23.065+0000] {logging_mixin.py:188} INFO - [2024-10-20T10:38:23.065+0000] {dag.py:3047} INFO - Sync 1 DAGs
[2024-10-20T10:38:23.088+0000] {logging_mixin.py:188} INFO - [2024-10-20T10:38:23.088+0000] {dag.py:3834} INFO - Setting next_dagrun for example_sla_dag to 2024-10-20 10:36:00+00:00, run_after=2024-10-20 10:38:00+00:00
[2024-10-20T10:38:23.101+0000] {processor.py:183} INFO - Processing /home/airflow/.local/lib/python3.8/site-packages/airflow/example_dags/example_sla_dag.py took 0.067 seconds
[2024-10-20T10:38:53.329+0000] {processor.py:161} INFO - Started process (PID=427) to work on /home/airflow/.local/lib/python3.8/site-packages/airflow/example_dags/example_sla_dag.py
[2024-10-20T10:38:53.331+0000] {processor.py:830} INFO - Processing file /home/airflow/.local/lib/python3.8/site-packages/airflow/example_dags/example_sla_dag.py for tasks to queue
[2024-10-20T10:38:53.332+0000] {logging_mixin.py:188} INFO - [2024-10-20T10:38:53.332+0000] {dagbag.py:540} INFO - Filling up the DagBag from /home/airflow/.local/lib/python3.8/site-packages/airflow/example_dags/example_sla_dag.py
[2024-10-20T10:38:53.339+0000] {processor.py:840} INFO - DAG(s) 'example_sla_dag' retrieved from /home/airflow/.local/lib/python3.8/site-packages/airflow/example_dags/example_sla_dag.py
[2024-10-20T10:38:53.356+0000] {logging_mixin.py:188} INFO - [2024-10-20T10:38:53.356+0000] {dag.py:3047} INFO - Sync 1 DAGs
[2024-10-20T10:38:53.374+0000] {logging_mixin.py:188} INFO - [2024-10-20T10:38:53.374+0000] {dag.py:3834} INFO - Setting next_dagrun for example_sla_dag to 2024-10-20 10:36:00+00:00, run_after=2024-10-20 10:38:00+00:00
[2024-10-20T10:38:53.387+0000] {processor.py:183} INFO - Processing /home/airflow/.local/lib/python3.8/site-packages/airflow/example_dags/example_sla_dag.py took 0.061 seconds
[2024-10-20T10:39:23.551+0000] {processor.py:161} INFO - Started process (PID=483) to work on /home/airflow/.local/lib/python3.8/site-packages/airflow/example_dags/example_sla_dag.py
[2024-10-20T10:39:23.552+0000] {processor.py:830} INFO - Processing file /home/airflow/.local/lib/python3.8/site-packages/airflow/example_dags/example_sla_dag.py for tasks to queue
[2024-10-20T10:39:23.553+0000] {logging_mixin.py:188} INFO - [2024-10-20T10:39:23.553+0000] {dagbag.py:540} INFO - Filling up the DagBag from /home/airflow/.local/lib/python3.8/site-packages/airflow/example_dags/example_sla_dag.py
[2024-10-20T10:39:23.562+0000] {processor.py:840} INFO - DAG(s) 'example_sla_dag' retrieved from /home/airflow/.local/lib/python3.8/site-packages/airflow/example_dags/example_sla_dag.py
[2024-10-20T10:39:23.579+0000] {logging_mixin.py:188} INFO - [2024-10-20T10:39:23.579+0000] {dag.py:3047} INFO - Sync 1 DAGs
[2024-10-20T10:39:23.598+0000] {logging_mixin.py:188} INFO - [2024-10-20T10:39:23.597+0000] {dag.py:3834} INFO - Setting next_dagrun for example_sla_dag to 2024-10-20 10:36:00+00:00, run_after=2024-10-20 10:38:00+00:00
[2024-10-20T10:39:23.610+0000] {processor.py:183} INFO - Processing /home/airflow/.local/lib/python3.8/site-packages/airflow/example_dags/example_sla_dag.py took 0.062 seconds
[2024-10-20T10:39:53.882+0000] {processor.py:161} INFO - Started process (PID=539) to work on /home/airflow/.local/lib/python3.8/site-packages/airflow/example_dags/example_sla_dag.py
[2024-10-20T10:39:53.884+0000] {processor.py:830} INFO - Processing file /home/airflow/.local/lib/python3.8/site-packages/airflow/example_dags/example_sla_dag.py for tasks to queue
[2024-10-20T10:39:53.887+0000] {logging_mixin.py:188} INFO - [2024-10-20T10:39:53.886+0000] {dagbag.py:540} INFO - Filling up the DagBag from /home/airflow/.local/lib/python3.8/site-packages/airflow/example_dags/example_sla_dag.py
[2024-10-20T10:39:53.894+0000] {processor.py:840} INFO - DAG(s) 'example_sla_dag' retrieved from /home/airflow/.local/lib/python3.8/site-packages/airflow/example_dags/example_sla_dag.py
[2024-10-20T10:39:53.912+0000] {logging_mixin.py:188} INFO - [2024-10-20T10:39:53.912+0000] {dag.py:3047} INFO - Sync 1 DAGs
[2024-10-20T10:39:53.932+0000] {logging_mixin.py:188} INFO - [2024-10-20T10:39:53.932+0000] {dag.py:3834} INFO - Setting next_dagrun for example_sla_dag to 2024-10-20 10:36:00+00:00, run_after=2024-10-20 10:38:00+00:00
[2024-10-20T10:39:53.943+0000] {processor.py:183} INFO - Processing /home/airflow/.local/lib/python3.8/site-packages/airflow/example_dags/example_sla_dag.py took 0.064 seconds
[2024-10-20T10:40:24.034+0000] {processor.py:161} INFO - Started process (PID=595) to work on /home/airflow/.local/lib/python3.8/site-packages/airflow/example_dags/example_sla_dag.py
[2024-10-20T10:40:24.035+0000] {processor.py:830} INFO - Processing file /home/airflow/.local/lib/python3.8/site-packages/airflow/example_dags/example_sla_dag.py for tasks to queue
[2024-10-20T10:40:24.036+0000] {logging_mixin.py:188} INFO - [2024-10-20T10:40:24.036+0000] {dagbag.py:540} INFO - Filling up the DagBag from /home/airflow/.local/lib/python3.8/site-packages/airflow/example_dags/example_sla_dag.py
[2024-10-20T10:40:24.042+0000] {processor.py:840} INFO - DAG(s) 'example_sla_dag' retrieved from /home/airflow/.local/lib/python3.8/site-packages/airflow/example_dags/example_sla_dag.py
[2024-10-20T10:40:24.058+0000] {logging_mixin.py:188} INFO - [2024-10-20T10:40:24.057+0000] {dag.py:3047} INFO - Sync 1 DAGs
[2024-10-20T10:40:24.074+0000] {logging_mixin.py:188} INFO - [2024-10-20T10:40:24.074+0000] {dag.py:3834} INFO - Setting next_dagrun for example_sla_dag to 2024-10-20 10:38:00+00:00, run_after=2024-10-20 10:40:00+00:00
[2024-10-20T10:40:24.093+0000] {processor.py:183} INFO - Processing /home/airflow/.local/lib/python3.8/site-packages/airflow/example_dags/example_sla_dag.py took 0.062 seconds
[2024-10-20T10:40:54.247+0000] {processor.py:161} INFO - Started process (PID=651) to work on /home/airflow/.local/lib/python3.8/site-packages/airflow/example_dags/example_sla_dag.py
[2024-10-20T10:40:54.249+0000] {processor.py:830} INFO - Processing file /home/airflow/.local/lib/python3.8/site-packages/airflow/example_dags/example_sla_dag.py for tasks to queue
[2024-10-20T10:40:54.250+0000] {logging_mixin.py:188} INFO - [2024-10-20T10:40:54.250+0000] {dagbag.py:540} INFO - Filling up the DagBag from /home/airflow/.local/lib/python3.8/site-packages/airflow/example_dags/example_sla_dag.py
[2024-10-20T10:40:54.260+0000] {processor.py:840} INFO - DAG(s) 'example_sla_dag' retrieved from /home/airflow/.local/lib/python3.8/site-packages/airflow/example_dags/example_sla_dag.py
[2024-10-20T10:40:54.279+0000] {logging_mixin.py:188} INFO - [2024-10-20T10:40:54.279+0000] {dag.py:3047} INFO - Sync 1 DAGs
[2024-10-20T10:40:54.300+0000] {logging_mixin.py:188} INFO - [2024-10-20T10:40:54.299+0000] {dag.py:3834} INFO - Setting next_dagrun for example_sla_dag to 2024-10-20 10:38:00+00:00, run_after=2024-10-20 10:40:00+00:00
[2024-10-20T10:40:54.319+0000] {processor.py:183} INFO - Processing /home/airflow/.local/lib/python3.8/site-packages/airflow/example_dags/example_sla_dag.py took 0.075 seconds
[2024-10-20T10:41:24.611+0000] {processor.py:161} INFO - Started process (PID=707) to work on /home/airflow/.local/lib/python3.8/site-packages/airflow/example_dags/example_sla_dag.py
[2024-10-20T10:41:24.614+0000] {processor.py:830} INFO - Processing file /home/airflow/.local/lib/python3.8/site-packages/airflow/example_dags/example_sla_dag.py for tasks to queue
[2024-10-20T10:41:24.618+0000] {logging_mixin.py:188} INFO - [2024-10-20T10:41:24.617+0000] {dagbag.py:540} INFO - Filling up the DagBag from /home/airflow/.local/lib/python3.8/site-packages/airflow/example_dags/example_sla_dag.py
[2024-10-20T10:41:24.626+0000] {processor.py:840} INFO - DAG(s) 'example_sla_dag' retrieved from /home/airflow/.local/lib/python3.8/site-packages/airflow/example_dags/example_sla_dag.py
[2024-10-20T10:41:24.642+0000] {logging_mixin.py:188} INFO - [2024-10-20T10:41:24.642+0000] {dag.py:3047} INFO - Sync 1 DAGs
[2024-10-20T10:41:24.660+0000] {logging_mixin.py:188} INFO - [2024-10-20T10:41:24.660+0000] {dag.py:3834} INFO - Setting next_dagrun for example_sla_dag to 2024-10-20 10:38:00+00:00, run_after=2024-10-20 10:40:00+00:00
[2024-10-20T10:41:24.673+0000] {processor.py:183} INFO - Processing /home/airflow/.local/lib/python3.8/site-packages/airflow/example_dags/example_sla_dag.py took 0.065 seconds
[2024-10-20T10:41:55.284+0000] {processor.py:161} INFO - Started process (PID=763) to work on /home/airflow/.local/lib/python3.8/site-packages/airflow/example_dags/example_sla_dag.py
[2024-10-20T10:41:55.285+0000] {processor.py:830} INFO - Processing file /home/airflow/.local/lib/python3.8/site-packages/airflow/example_dags/example_sla_dag.py for tasks to queue
[2024-10-20T10:41:55.287+0000] {logging_mixin.py:188} INFO - [2024-10-20T10:41:55.287+0000] {dagbag.py:540} INFO - Filling up the DagBag from /home/airflow/.local/lib/python3.8/site-packages/airflow/example_dags/example_sla_dag.py
[2024-10-20T10:41:55.296+0000] {processor.py:840} INFO - DAG(s) 'example_sla_dag' retrieved from /home/airflow/.local/lib/python3.8/site-packages/airflow/example_dags/example_sla_dag.py
[2024-10-20T10:41:55.330+0000] {logging_mixin.py:188} INFO - [2024-10-20T10:41:55.329+0000] {dag.py:3047} INFO - Sync 1 DAGs
[2024-10-20T10:41:55.365+0000] {logging_mixin.py:188} INFO - [2024-10-20T10:41:55.365+0000] {dag.py:3834} INFO - Setting next_dagrun for example_sla_dag to 2024-10-20 10:38:00+00:00, run_after=2024-10-20 10:40:00+00:00
[2024-10-20T10:41:55.393+0000] {processor.py:183} INFO - Processing /home/airflow/.local/lib/python3.8/site-packages/airflow/example_dags/example_sla_dag.py took 0.113 seconds
[2024-10-20T10:42:25.443+0000] {processor.py:161} INFO - Started process (PID=819) to work on /home/airflow/.local/lib/python3.8/site-packages/airflow/example_dags/example_sla_dag.py
[2024-10-20T10:42:25.444+0000] {processor.py:830} INFO - Processing file /home/airflow/.local/lib/python3.8/site-packages/airflow/example_dags/example_sla_dag.py for tasks to queue
[2024-10-20T10:42:25.446+0000] {logging_mixin.py:188} INFO - [2024-10-20T10:42:25.446+0000] {dagbag.py:540} INFO - Filling up the DagBag from /home/airflow/.local/lib/python3.8/site-packages/airflow/example_dags/example_sla_dag.py
[2024-10-20T10:42:25.454+0000] {processor.py:840} INFO - DAG(s) 'example_sla_dag' retrieved from /home/airflow/.local/lib/python3.8/site-packages/airflow/example_dags/example_sla_dag.py
[2024-10-20T10:42:25.468+0000] {logging_mixin.py:188} INFO - [2024-10-20T10:42:25.468+0000] {dag.py:3047} INFO - Sync 1 DAGs
[2024-10-20T10:42:25.487+0000] {logging_mixin.py:188} INFO - [2024-10-20T10:42:25.486+0000] {dag.py:3834} INFO - Setting next_dagrun for example_sla_dag to 2024-10-20 10:40:00+00:00, run_after=2024-10-20 10:42:00+00:00
[2024-10-20T10:42:25.498+0000] {processor.py:183} INFO - Processing /home/airflow/.local/lib/python3.8/site-packages/airflow/example_dags/example_sla_dag.py took 0.058 seconds
[2024-10-20T10:42:55.743+0000] {processor.py:161} INFO - Started process (PID=875) to work on /home/airflow/.local/lib/python3.8/site-packages/airflow/example_dags/example_sla_dag.py
[2024-10-20T10:42:55.744+0000] {processor.py:830} INFO - Processing file /home/airflow/.local/lib/python3.8/site-packages/airflow/example_dags/example_sla_dag.py for tasks to queue
[2024-10-20T10:42:55.745+0000] {logging_mixin.py:188} INFO - [2024-10-20T10:42:55.745+0000] {dagbag.py:540} INFO - Filling up the DagBag from /home/airflow/.local/lib/python3.8/site-packages/airflow/example_dags/example_sla_dag.py
[2024-10-20T10:42:55.753+0000] {processor.py:840} INFO - DAG(s) 'example_sla_dag' retrieved from /home/airflow/.local/lib/python3.8/site-packages/airflow/example_dags/example_sla_dag.py
[2024-10-20T10:42:55.775+0000] {logging_mixin.py:188} INFO - [2024-10-20T10:42:55.774+0000] {dag.py:3047} INFO - Sync 1 DAGs
[2024-10-20T10:42:55.794+0000] {logging_mixin.py:188} INFO - [2024-10-20T10:42:55.794+0000] {dag.py:3834} INFO - Setting next_dagrun for example_sla_dag to 2024-10-20 10:40:00+00:00, run_after=2024-10-20 10:42:00+00:00
[2024-10-20T10:42:55.809+0000] {processor.py:183} INFO - Processing /home/airflow/.local/lib/python3.8/site-packages/airflow/example_dags/example_sla_dag.py took 0.069 seconds
[2024-10-20T10:43:26.074+0000] {processor.py:161} INFO - Started process (PID=931) to work on /home/airflow/.local/lib/python3.8/site-packages/airflow/example_dags/example_sla_dag.py
[2024-10-20T10:43:26.075+0000] {processor.py:830} INFO - Processing file /home/airflow/.local/lib/python3.8/site-packages/airflow/example_dags/example_sla_dag.py for tasks to queue
[2024-10-20T10:43:26.078+0000] {logging_mixin.py:188} INFO - [2024-10-20T10:43:26.078+0000] {dagbag.py:540} INFO - Filling up the DagBag from /home/airflow/.local/lib/python3.8/site-packages/airflow/example_dags/example_sla_dag.py
[2024-10-20T10:43:26.085+0000] {processor.py:840} INFO - DAG(s) 'example_sla_dag' retrieved from /home/airflow/.local/lib/python3.8/site-packages/airflow/example_dags/example_sla_dag.py
[2024-10-20T10:43:26.103+0000] {logging_mixin.py:188} INFO - [2024-10-20T10:43:26.103+0000] {dag.py:3047} INFO - Sync 1 DAGs
[2024-10-20T10:43:26.118+0000] {logging_mixin.py:188} INFO - [2024-10-20T10:43:26.118+0000] {dag.py:3834} INFO - Setting next_dagrun for example_sla_dag to 2024-10-20 10:40:00+00:00, run_after=2024-10-20 10:42:00+00:00
[2024-10-20T10:43:26.130+0000] {processor.py:183} INFO - Processing /home/airflow/.local/lib/python3.8/site-packages/airflow/example_dags/example_sla_dag.py took 0.059 seconds
[2024-10-20T10:43:56.328+0000] {processor.py:161} INFO - Started process (PID=987) to work on /home/airflow/.local/lib/python3.8/site-packages/airflow/example_dags/example_sla_dag.py
[2024-10-20T10:43:56.329+0000] {processor.py:830} INFO - Processing file /home/airflow/.local/lib/python3.8/site-packages/airflow/example_dags/example_sla_dag.py for tasks to queue
[2024-10-20T10:43:56.331+0000] {logging_mixin.py:188} INFO - [2024-10-20T10:43:56.331+0000] {dagbag.py:540} INFO - Filling up the DagBag from /home/airflow/.local/lib/python3.8/site-packages/airflow/example_dags/example_sla_dag.py
[2024-10-20T10:43:56.339+0000] {processor.py:840} INFO - DAG(s) 'example_sla_dag' retrieved from /home/airflow/.local/lib/python3.8/site-packages/airflow/example_dags/example_sla_dag.py
[2024-10-20T10:43:56.358+0000] {logging_mixin.py:188} INFO - [2024-10-20T10:43:56.358+0000] {dag.py:3047} INFO - Sync 1 DAGs
[2024-10-20T10:43:56.378+0000] {logging_mixin.py:188} INFO - [2024-10-20T10:43:56.378+0000] {dag.py:3834} INFO - Setting next_dagrun for example_sla_dag to 2024-10-20 10:40:00+00:00, run_after=2024-10-20 10:42:00+00:00
[2024-10-20T10:43:56.391+0000] {processor.py:183} INFO - Processing /home/airflow/.local/lib/python3.8/site-packages/airflow/example_dags/example_sla_dag.py took 0.065 seconds
[2024-10-20T10:44:26.526+0000] {processor.py:161} INFO - Started process (PID=1043) to work on /home/airflow/.local/lib/python3.8/site-packages/airflow/example_dags/example_sla_dag.py
[2024-10-20T10:44:26.527+0000] {processor.py:830} INFO - Processing file /home/airflow/.local/lib/python3.8/site-packages/airflow/example_dags/example_sla_dag.py for tasks to queue
[2024-10-20T10:44:26.528+0000] {logging_mixin.py:188} INFO - [2024-10-20T10:44:26.528+0000] {dagbag.py:540} INFO - Filling up the DagBag from /home/airflow/.local/lib/python3.8/site-packages/airflow/example_dags/example_sla_dag.py
[2024-10-20T10:44:26.534+0000] {processor.py:840} INFO - DAG(s) 'example_sla_dag' retrieved from /home/airflow/.local/lib/python3.8/site-packages/airflow/example_dags/example_sla_dag.py
[2024-10-20T10:44:26.547+0000] {logging_mixin.py:188} INFO - [2024-10-20T10:44:26.547+0000] {dag.py:3047} INFO - Sync 1 DAGs
[2024-10-20T10:44:26.562+0000] {logging_mixin.py:188} INFO - [2024-10-20T10:44:26.562+0000] {dag.py:3834} INFO - Setting next_dagrun for example_sla_dag to 2024-10-20 10:42:00+00:00, run_after=2024-10-20 10:44:00+00:00
[2024-10-20T10:44:26.573+0000] {processor.py:183} INFO - Processing /home/airflow/.local/lib/python3.8/site-packages/airflow/example_dags/example_sla_dag.py took 0.049 seconds
[2024-10-20T10:44:56.794+0000] {processor.py:161} INFO - Started process (PID=1099) to work on /home/airflow/.local/lib/python3.8/site-packages/airflow/example_dags/example_sla_dag.py
[2024-10-20T10:44:56.796+0000] {processor.py:830} INFO - Processing file /home/airflow/.local/lib/python3.8/site-packages/airflow/example_dags/example_sla_dag.py for tasks to queue
[2024-10-20T10:44:56.797+0000] {logging_mixin.py:188} INFO - [2024-10-20T10:44:56.797+0000] {dagbag.py:540} INFO - Filling up the DagBag from /home/airflow/.local/lib/python3.8/site-packages/airflow/example_dags/example_sla_dag.py
[2024-10-20T10:44:56.806+0000] {processor.py:840} INFO - DAG(s) 'example_sla_dag' retrieved from /home/airflow/.local/lib/python3.8/site-packages/airflow/example_dags/example_sla_dag.py
[2024-10-20T10:44:56.823+0000] {logging_mixin.py:188} INFO - [2024-10-20T10:44:56.823+0000] {dag.py:3047} INFO - Sync 1 DAGs
[2024-10-20T10:44:56.841+0000] {logging_mixin.py:188} INFO - [2024-10-20T10:44:56.840+0000] {dag.py:3834} INFO - Setting next_dagrun for example_sla_dag to 2024-10-20 10:42:00+00:00, run_after=2024-10-20 10:44:00+00:00
[2024-10-20T10:44:56.853+0000] {processor.py:183} INFO - Processing /home/airflow/.local/lib/python3.8/site-packages/airflow/example_dags/example_sla_dag.py took 0.062 seconds
[2024-10-20T10:45:27.029+0000] {processor.py:161} INFO - Started process (PID=1155) to work on /home/airflow/.local/lib/python3.8/site-packages/airflow/example_dags/example_sla_dag.py
[2024-10-20T10:45:27.030+0000] {processor.py:830} INFO - Processing file /home/airflow/.local/lib/python3.8/site-packages/airflow/example_dags/example_sla_dag.py for tasks to queue
[2024-10-20T10:45:27.033+0000] {logging_mixin.py:188} INFO - [2024-10-20T10:45:27.033+0000] {dagbag.py:540} INFO - Filling up the DagBag from /home/airflow/.local/lib/python3.8/site-packages/airflow/example_dags/example_sla_dag.py
[2024-10-20T10:45:27.040+0000] {processor.py:840} INFO - DAG(s) 'example_sla_dag' retrieved from /home/airflow/.local/lib/python3.8/site-packages/airflow/example_dags/example_sla_dag.py
[2024-10-20T10:45:27.054+0000] {logging_mixin.py:188} INFO - [2024-10-20T10:45:27.054+0000] {dag.py:3047} INFO - Sync 1 DAGs
[2024-10-20T10:45:27.071+0000] {logging_mixin.py:188} INFO - [2024-10-20T10:45:27.071+0000] {dag.py:3834} INFO - Setting next_dagrun for example_sla_dag to 2024-10-20 10:42:00+00:00, run_after=2024-10-20 10:44:00+00:00
[2024-10-20T10:45:27.081+0000] {processor.py:183} INFO - Processing /home/airflow/.local/lib/python3.8/site-packages/airflow/example_dags/example_sla_dag.py took 0.054 seconds
[2024-10-20T10:45:57.333+0000] {processor.py:161} INFO - Started process (PID=1211) to work on /home/airflow/.local/lib/python3.8/site-packages/airflow/example_dags/example_sla_dag.py
[2024-10-20T10:45:57.337+0000] {processor.py:830} INFO - Processing file /home/airflow/.local/lib/python3.8/site-packages/airflow/example_dags/example_sla_dag.py for tasks to queue
[2024-10-20T10:45:57.338+0000] {logging_mixin.py:188} INFO - [2024-10-20T10:45:57.338+0000] {dagbag.py:540} INFO - Filling up the DagBag from /home/airflow/.local/lib/python3.8/site-packages/airflow/example_dags/example_sla_dag.py
[2024-10-20T10:45:57.344+0000] {processor.py:840} INFO - DAG(s) 'example_sla_dag' retrieved from /home/airflow/.local/lib/python3.8/site-packages/airflow/example_dags/example_sla_dag.py
[2024-10-20T10:45:57.356+0000] {logging_mixin.py:188} INFO - [2024-10-20T10:45:57.356+0000] {dag.py:3047} INFO - Sync 1 DAGs
[2024-10-20T10:45:57.372+0000] {logging_mixin.py:188} INFO - [2024-10-20T10:45:57.372+0000] {dag.py:3834} INFO - Setting next_dagrun for example_sla_dag to 2024-10-20 10:42:00+00:00, run_after=2024-10-20 10:44:00+00:00
[2024-10-20T10:45:57.382+0000] {processor.py:183} INFO - Processing /home/airflow/.local/lib/python3.8/site-packages/airflow/example_dags/example_sla_dag.py took 0.051 seconds
[2024-10-20T10:46:27.538+0000] {processor.py:161} INFO - Started process (PID=1267) to work on /home/airflow/.local/lib/python3.8/site-packages/airflow/example_dags/example_sla_dag.py
[2024-10-20T10:46:27.540+0000] {processor.py:830} INFO - Processing file /home/airflow/.local/lib/python3.8/site-packages/airflow/example_dags/example_sla_dag.py for tasks to queue
[2024-10-20T10:46:27.541+0000] {logging_mixin.py:188} INFO - [2024-10-20T10:46:27.541+0000] {dagbag.py:540} INFO - Filling up the DagBag from /home/airflow/.local/lib/python3.8/site-packages/airflow/example_dags/example_sla_dag.py
[2024-10-20T10:46:27.549+0000] {processor.py:840} INFO - DAG(s) 'example_sla_dag' retrieved from /home/airflow/.local/lib/python3.8/site-packages/airflow/example_dags/example_sla_dag.py
[2024-10-20T10:46:27.563+0000] {logging_mixin.py:188} INFO - [2024-10-20T10:46:27.563+0000] {dag.py:3047} INFO - Sync 1 DAGs
[2024-10-20T10:46:27.593+0000] {logging_mixin.py:188} INFO - [2024-10-20T10:46:27.593+0000] {dag.py:3834} INFO - Setting next_dagrun for example_sla_dag to 2024-10-20 10:44:00+00:00, run_after=2024-10-20 10:46:00+00:00
[2024-10-20T10:46:27.611+0000] {processor.py:183} INFO - Processing /home/airflow/.local/lib/python3.8/site-packages/airflow/example_dags/example_sla_dag.py took 0.075 seconds
[2024-10-20T10:46:58.142+0000] {processor.py:161} INFO - Started process (PID=1323) to work on /home/airflow/.local/lib/python3.8/site-packages/airflow/example_dags/example_sla_dag.py
[2024-10-20T10:46:58.143+0000] {processor.py:830} INFO - Processing file /home/airflow/.local/lib/python3.8/site-packages/airflow/example_dags/example_sla_dag.py for tasks to queue
[2024-10-20T10:46:58.145+0000] {logging_mixin.py:188} INFO - [2024-10-20T10:46:58.144+0000] {dagbag.py:540} INFO - Filling up the DagBag from /home/airflow/.local/lib/python3.8/site-packages/airflow/example_dags/example_sla_dag.py
[2024-10-20T10:46:58.154+0000] {processor.py:840} INFO - DAG(s) 'example_sla_dag' retrieved from /home/airflow/.local/lib/python3.8/site-packages/airflow/example_dags/example_sla_dag.py
[2024-10-20T10:46:58.190+0000] {logging_mixin.py:188} INFO - [2024-10-20T10:46:58.189+0000] {dag.py:3047} INFO - Sync 1 DAGs
[2024-10-20T10:46:58.222+0000] {logging_mixin.py:188} INFO - [2024-10-20T10:46:58.222+0000] {dag.py:3834} INFO - Setting next_dagrun for example_sla_dag to 2024-10-20 10:44:00+00:00, run_after=2024-10-20 10:46:00+00:00
[2024-10-20T10:46:58.257+0000] {processor.py:183} INFO - Processing /home/airflow/.local/lib/python3.8/site-packages/airflow/example_dags/example_sla_dag.py took 0.119 seconds
[2024-10-20T10:47:28.363+0000] {processor.py:161} INFO - Started process (PID=1379) to work on /home/airflow/.local/lib/python3.8/site-packages/airflow/example_dags/example_sla_dag.py
[2024-10-20T10:47:28.365+0000] {processor.py:830} INFO - Processing file /home/airflow/.local/lib/python3.8/site-packages/airflow/example_dags/example_sla_dag.py for tasks to queue
[2024-10-20T10:47:28.379+0000] {logging_mixin.py:188} INFO - [2024-10-20T10:47:28.375+0000] {dagbag.py:540} INFO - Filling up the DagBag from /home/airflow/.local/lib/python3.8/site-packages/airflow/example_dags/example_sla_dag.py
[2024-10-20T10:47:28.398+0000] {processor.py:840} INFO - DAG(s) 'example_sla_dag' retrieved from /home/airflow/.local/lib/python3.8/site-packages/airflow/example_dags/example_sla_dag.py
[2024-10-20T10:47:28.416+0000] {logging_mixin.py:188} INFO - [2024-10-20T10:47:28.415+0000] {dag.py:3047} INFO - Sync 1 DAGs
[2024-10-20T10:47:28.436+0000] {logging_mixin.py:188} INFO - [2024-10-20T10:47:28.436+0000] {dag.py:3834} INFO - Setting next_dagrun for example_sla_dag to 2024-10-20 10:44:00+00:00, run_after=2024-10-20 10:46:00+00:00
[2024-10-20T10:47:28.452+0000] {processor.py:183} INFO - Processing /home/airflow/.local/lib/python3.8/site-packages/airflow/example_dags/example_sla_dag.py took 0.091 seconds
[2024-10-20T10:47:58.747+0000] {processor.py:161} INFO - Started process (PID=1435) to work on /home/airflow/.local/lib/python3.8/site-packages/airflow/example_dags/example_sla_dag.py
[2024-10-20T10:47:58.750+0000] {processor.py:830} INFO - Processing file /home/airflow/.local/lib/python3.8/site-packages/airflow/example_dags/example_sla_dag.py for tasks to queue
[2024-10-20T10:47:58.752+0000] {logging_mixin.py:188} INFO - [2024-10-20T10:47:58.752+0000] {dagbag.py:540} INFO - Filling up the DagBag from /home/airflow/.local/lib/python3.8/site-packages/airflow/example_dags/example_sla_dag.py
[2024-10-20T10:47:58.759+0000] {processor.py:840} INFO - DAG(s) 'example_sla_dag' retrieved from /home/airflow/.local/lib/python3.8/site-packages/airflow/example_dags/example_sla_dag.py
[2024-10-20T10:47:58.778+0000] {logging_mixin.py:188} INFO - [2024-10-20T10:47:58.778+0000] {dag.py:3047} INFO - Sync 1 DAGs
[2024-10-20T10:47:58.796+0000] {logging_mixin.py:188} INFO - [2024-10-20T10:47:58.796+0000] {dag.py:3834} INFO - Setting next_dagrun for example_sla_dag to 2024-10-20 10:44:00+00:00, run_after=2024-10-20 10:46:00+00:00
[2024-10-20T10:47:58.806+0000] {processor.py:183} INFO - Processing /home/airflow/.local/lib/python3.8/site-packages/airflow/example_dags/example_sla_dag.py took 0.061 seconds
[2024-10-20T10:48:29.038+0000] {processor.py:161} INFO - Started process (PID=1491) to work on /home/airflow/.local/lib/python3.8/site-packages/airflow/example_dags/example_sla_dag.py
[2024-10-20T10:48:29.039+0000] {processor.py:830} INFO - Processing file /home/airflow/.local/lib/python3.8/site-packages/airflow/example_dags/example_sla_dag.py for tasks to queue
[2024-10-20T10:48:29.042+0000] {logging_mixin.py:188} INFO - [2024-10-20T10:48:29.042+0000] {dagbag.py:540} INFO - Filling up the DagBag from /home/airflow/.local/lib/python3.8/site-packages/airflow/example_dags/example_sla_dag.py
[2024-10-20T10:48:29.053+0000] {processor.py:840} INFO - DAG(s) 'example_sla_dag' retrieved from /home/airflow/.local/lib/python3.8/site-packages/airflow/example_dags/example_sla_dag.py
[2024-10-20T10:48:29.073+0000] {logging_mixin.py:188} INFO - [2024-10-20T10:48:29.073+0000] {dag.py:3047} INFO - Sync 1 DAGs
[2024-10-20T10:48:29.091+0000] {logging_mixin.py:188} INFO - [2024-10-20T10:48:29.091+0000] {dag.py:3834} INFO - Setting next_dagrun for example_sla_dag to 2024-10-20 10:46:00+00:00, run_after=2024-10-20 10:48:00+00:00
[2024-10-20T10:48:29.102+0000] {processor.py:183} INFO - Processing /home/airflow/.local/lib/python3.8/site-packages/airflow/example_dags/example_sla_dag.py took 0.067 seconds
[2024-10-20T10:48:59.268+0000] {processor.py:161} INFO - Started process (PID=1547) to work on /home/airflow/.local/lib/python3.8/site-packages/airflow/example_dags/example_sla_dag.py
[2024-10-20T10:48:59.270+0000] {processor.py:830} INFO - Processing file /home/airflow/.local/lib/python3.8/site-packages/airflow/example_dags/example_sla_dag.py for tasks to queue
[2024-10-20T10:48:59.272+0000] {logging_mixin.py:188} INFO - [2024-10-20T10:48:59.272+0000] {dagbag.py:540} INFO - Filling up the DagBag from /home/airflow/.local/lib/python3.8/site-packages/airflow/example_dags/example_sla_dag.py
[2024-10-20T10:48:59.282+0000] {processor.py:840} INFO - DAG(s) 'example_sla_dag' retrieved from /home/airflow/.local/lib/python3.8/site-packages/airflow/example_dags/example_sla_dag.py
[2024-10-20T10:48:59.298+0000] {logging_mixin.py:188} INFO - [2024-10-20T10:48:59.298+0000] {dag.py:3047} INFO - Sync 1 DAGs
[2024-10-20T10:48:59.316+0000] {logging_mixin.py:188} INFO - [2024-10-20T10:48:59.316+0000] {dag.py:3834} INFO - Setting next_dagrun for example_sla_dag to 2024-10-20 10:46:00+00:00, run_after=2024-10-20 10:48:00+00:00
[2024-10-20T10:48:59.329+0000] {processor.py:183} INFO - Processing /home/airflow/.local/lib/python3.8/site-packages/airflow/example_dags/example_sla_dag.py took 0.064 seconds
[2024-10-20T10:49:29.592+0000] {processor.py:161} INFO - Started process (PID=1603) to work on /home/airflow/.local/lib/python3.8/site-packages/airflow/example_dags/example_sla_dag.py
[2024-10-20T10:49:29.594+0000] {processor.py:830} INFO - Processing file /home/airflow/.local/lib/python3.8/site-packages/airflow/example_dags/example_sla_dag.py for tasks to queue
[2024-10-20T10:49:29.595+0000] {logging_mixin.py:188} INFO - [2024-10-20T10:49:29.595+0000] {dagbag.py:540} INFO - Filling up the DagBag from /home/airflow/.local/lib/python3.8/site-packages/airflow/example_dags/example_sla_dag.py
[2024-10-20T10:49:29.604+0000] {processor.py:840} INFO - DAG(s) 'example_sla_dag' retrieved from /home/airflow/.local/lib/python3.8/site-packages/airflow/example_dags/example_sla_dag.py
[2024-10-20T10:49:29.622+0000] {logging_mixin.py:188} INFO - [2024-10-20T10:49:29.622+0000] {dag.py:3047} INFO - Sync 1 DAGs
[2024-10-20T10:49:29.639+0000] {logging_mixin.py:188} INFO - [2024-10-20T10:49:29.639+0000] {dag.py:3834} INFO - Setting next_dagrun for example_sla_dag to 2024-10-20 10:46:00+00:00, run_after=2024-10-20 10:48:00+00:00
[2024-10-20T10:49:29.652+0000] {processor.py:183} INFO - Processing /home/airflow/.local/lib/python3.8/site-packages/airflow/example_dags/example_sla_dag.py took 0.063 seconds
[2024-10-20T10:50:00.081+0000] {processor.py:161} INFO - Started process (PID=1659) to work on /home/airflow/.local/lib/python3.8/site-packages/airflow/example_dags/example_sla_dag.py
[2024-10-20T10:50:00.083+0000] {processor.py:830} INFO - Processing file /home/airflow/.local/lib/python3.8/site-packages/airflow/example_dags/example_sla_dag.py for tasks to queue
[2024-10-20T10:50:00.085+0000] {logging_mixin.py:188} INFO - [2024-10-20T10:50:00.084+0000] {dagbag.py:540} INFO - Filling up the DagBag from /home/airflow/.local/lib/python3.8/site-packages/airflow/example_dags/example_sla_dag.py
[2024-10-20T10:50:00.092+0000] {processor.py:840} INFO - DAG(s) 'example_sla_dag' retrieved from /home/airflow/.local/lib/python3.8/site-packages/airflow/example_dags/example_sla_dag.py
[2024-10-20T10:50:00.109+0000] {logging_mixin.py:188} INFO - [2024-10-20T10:50:00.108+0000] {dag.py:3047} INFO - Sync 1 DAGs
[2024-10-20T10:50:00.125+0000] {logging_mixin.py:188} INFO - [2024-10-20T10:50:00.124+0000] {dag.py:3834} INFO - Setting next_dagrun for example_sla_dag to 2024-10-20 10:48:00+00:00, run_after=2024-10-20 10:50:00+00:00
[2024-10-20T10:50:00.137+0000] {processor.py:183} INFO - Processing /home/airflow/.local/lib/python3.8/site-packages/airflow/example_dags/example_sla_dag.py took 0.059 seconds
[2024-10-20T10:50:30.242+0000] {processor.py:161} INFO - Started process (PID=1715) to work on /home/airflow/.local/lib/python3.8/site-packages/airflow/example_dags/example_sla_dag.py
[2024-10-20T10:50:30.244+0000] {processor.py:830} INFO - Processing file /home/airflow/.local/lib/python3.8/site-packages/airflow/example_dags/example_sla_dag.py for tasks to queue
[2024-10-20T10:50:30.246+0000] {logging_mixin.py:188} INFO - [2024-10-20T10:50:30.245+0000] {dagbag.py:540} INFO - Filling up the DagBag from /home/airflow/.local/lib/python3.8/site-packages/airflow/example_dags/example_sla_dag.py
[2024-10-20T10:50:30.253+0000] {processor.py:840} INFO - DAG(s) 'example_sla_dag' retrieved from /home/airflow/.local/lib/python3.8/site-packages/airflow/example_dags/example_sla_dag.py
[2024-10-20T10:50:30.268+0000] {logging_mixin.py:188} INFO - [2024-10-20T10:50:30.268+0000] {dag.py:3047} INFO - Sync 1 DAGs
[2024-10-20T10:50:30.283+0000] {logging_mixin.py:188} INFO - [2024-10-20T10:50:30.283+0000] {dag.py:3834} INFO - Setting next_dagrun for example_sla_dag to 2024-10-20 10:48:00+00:00, run_after=2024-10-20 10:50:00+00:00
[2024-10-20T10:50:30.294+0000] {processor.py:183} INFO - Processing /home/airflow/.local/lib/python3.8/site-packages/airflow/example_dags/example_sla_dag.py took 0.054 seconds
[2024-10-20T10:51:01.301+0000] {processor.py:161} INFO - Started process (PID=1771) to work on /home/airflow/.local/lib/python3.8/site-packages/airflow/example_dags/example_sla_dag.py
[2024-10-20T10:51:01.303+0000] {processor.py:830} INFO - Processing file /home/airflow/.local/lib/python3.8/site-packages/airflow/example_dags/example_sla_dag.py for tasks to queue
[2024-10-20T10:51:01.304+0000] {logging_mixin.py:188} INFO - [2024-10-20T10:51:01.304+0000] {dagbag.py:540} INFO - Filling up the DagBag from /home/airflow/.local/lib/python3.8/site-packages/airflow/example_dags/example_sla_dag.py
[2024-10-20T10:51:01.310+0000] {processor.py:840} INFO - DAG(s) 'example_sla_dag' retrieved from /home/airflow/.local/lib/python3.8/site-packages/airflow/example_dags/example_sla_dag.py
[2024-10-20T10:51:01.325+0000] {logging_mixin.py:188} INFO - [2024-10-20T10:51:01.325+0000] {dag.py:3047} INFO - Sync 1 DAGs
[2024-10-20T10:51:01.341+0000] {logging_mixin.py:188} INFO - [2024-10-20T10:51:01.340+0000] {dag.py:3834} INFO - Setting next_dagrun for example_sla_dag to 2024-10-20 10:48:00+00:00, run_after=2024-10-20 10:50:00+00:00
[2024-10-20T10:51:01.351+0000] {processor.py:183} INFO - Processing /home/airflow/.local/lib/python3.8/site-packages/airflow/example_dags/example_sla_dag.py took 0.052 seconds
[2024-10-20T10:51:31.565+0000] {processor.py:161} INFO - Started process (PID=1827) to work on /home/airflow/.local/lib/python3.8/site-packages/airflow/example_dags/example_sla_dag.py
[2024-10-20T10:51:31.568+0000] {processor.py:830} INFO - Processing file /home/airflow/.local/lib/python3.8/site-packages/airflow/example_dags/example_sla_dag.py for tasks to queue
[2024-10-20T10:51:31.570+0000] {logging_mixin.py:188} INFO - [2024-10-20T10:51:31.569+0000] {dagbag.py:540} INFO - Filling up the DagBag from /home/airflow/.local/lib/python3.8/site-packages/airflow/example_dags/example_sla_dag.py
[2024-10-20T10:51:31.578+0000] {processor.py:840} INFO - DAG(s) 'example_sla_dag' retrieved from /home/airflow/.local/lib/python3.8/site-packages/airflow/example_dags/example_sla_dag.py
[2024-10-20T10:51:31.594+0000] {logging_mixin.py:188} INFO - [2024-10-20T10:51:31.594+0000] {dag.py:3047} INFO - Sync 1 DAGs
[2024-10-20T10:51:31.612+0000] {logging_mixin.py:188} INFO - [2024-10-20T10:51:31.612+0000] {dag.py:3834} INFO - Setting next_dagrun for example_sla_dag to 2024-10-20 10:48:00+00:00, run_after=2024-10-20 10:50:00+00:00
[2024-10-20T10:51:31.633+0000] {processor.py:183} INFO - Processing /home/airflow/.local/lib/python3.8/site-packages/airflow/example_dags/example_sla_dag.py took 0.071 seconds
[2024-10-20T10:52:01.744+0000] {processor.py:161} INFO - Started process (PID=1883) to work on /home/airflow/.local/lib/python3.8/site-packages/airflow/example_dags/example_sla_dag.py
[2024-10-20T10:52:01.745+0000] {processor.py:830} INFO - Processing file /home/airflow/.local/lib/python3.8/site-packages/airflow/example_dags/example_sla_dag.py for tasks to queue
[2024-10-20T10:52:01.748+0000] {logging_mixin.py:188} INFO - [2024-10-20T10:52:01.748+0000] {dagbag.py:540} INFO - Filling up the DagBag from /home/airflow/.local/lib/python3.8/site-packages/airflow/example_dags/example_sla_dag.py
[2024-10-20T10:52:01.754+0000] {processor.py:840} INFO - DAG(s) 'example_sla_dag' retrieved from /home/airflow/.local/lib/python3.8/site-packages/airflow/example_dags/example_sla_dag.py
[2024-10-20T10:52:01.772+0000] {logging_mixin.py:188} INFO - [2024-10-20T10:52:01.772+0000] {dag.py:3047} INFO - Sync 1 DAGs
[2024-10-20T10:52:01.788+0000] {logging_mixin.py:188} INFO - [2024-10-20T10:52:01.788+0000] {dag.py:3834} INFO - Setting next_dagrun for example_sla_dag to 2024-10-20 10:50:00+00:00, run_after=2024-10-20 10:52:00+00:00
[2024-10-20T10:52:01.799+0000] {processor.py:183} INFO - Processing /home/airflow/.local/lib/python3.8/site-packages/airflow/example_dags/example_sla_dag.py took 0.057 seconds
[2024-10-20T10:52:31.930+0000] {processor.py:161} INFO - Started process (PID=1938) to work on /home/airflow/.local/lib/python3.8/site-packages/airflow/example_dags/example_sla_dag.py
[2024-10-20T10:52:31.931+0000] {processor.py:830} INFO - Processing file /home/airflow/.local/lib/python3.8/site-packages/airflow/example_dags/example_sla_dag.py for tasks to queue
[2024-10-20T10:52:31.932+0000] {logging_mixin.py:188} INFO - [2024-10-20T10:52:31.932+0000] {dagbag.py:540} INFO - Filling up the DagBag from /home/airflow/.local/lib/python3.8/site-packages/airflow/example_dags/example_sla_dag.py
[2024-10-20T10:52:31.938+0000] {processor.py:840} INFO - DAG(s) 'example_sla_dag' retrieved from /home/airflow/.local/lib/python3.8/site-packages/airflow/example_dags/example_sla_dag.py
[2024-10-20T10:52:31.952+0000] {logging_mixin.py:188} INFO - [2024-10-20T10:52:31.952+0000] {dag.py:3047} INFO - Sync 1 DAGs
[2024-10-20T10:52:31.968+0000] {logging_mixin.py:188} INFO - [2024-10-20T10:52:31.968+0000] {dag.py:3834} INFO - Setting next_dagrun for example_sla_dag to 2024-10-20 10:50:00+00:00, run_after=2024-10-20 10:52:00+00:00
[2024-10-20T10:52:31.982+0000] {processor.py:183} INFO - Processing /home/airflow/.local/lib/python3.8/site-packages/airflow/example_dags/example_sla_dag.py took 0.054 seconds
[2024-10-20T10:53:02.923+0000] {processor.py:161} INFO - Started process (PID=1994) to work on /home/airflow/.local/lib/python3.8/site-packages/airflow/example_dags/example_sla_dag.py
[2024-10-20T10:53:02.924+0000] {processor.py:830} INFO - Processing file /home/airflow/.local/lib/python3.8/site-packages/airflow/example_dags/example_sla_dag.py for tasks to queue
[2024-10-20T10:53:02.926+0000] {logging_mixin.py:188} INFO - [2024-10-20T10:53:02.926+0000] {dagbag.py:540} INFO - Filling up the DagBag from /home/airflow/.local/lib/python3.8/site-packages/airflow/example_dags/example_sla_dag.py
[2024-10-20T10:53:02.933+0000] {processor.py:840} INFO - DAG(s) 'example_sla_dag' retrieved from /home/airflow/.local/lib/python3.8/site-packages/airflow/example_dags/example_sla_dag.py
[2024-10-20T10:53:02.948+0000] {logging_mixin.py:188} INFO - [2024-10-20T10:53:02.948+0000] {dag.py:3047} INFO - Sync 1 DAGs
[2024-10-20T10:53:02.964+0000] {logging_mixin.py:188} INFO - [2024-10-20T10:53:02.964+0000] {dag.py:3834} INFO - Setting next_dagrun for example_sla_dag to 2024-10-20 10:50:00+00:00, run_after=2024-10-20 10:52:00+00:00
[2024-10-20T10:53:02.976+0000] {processor.py:183} INFO - Processing /home/airflow/.local/lib/python3.8/site-packages/airflow/example_dags/example_sla_dag.py took 0.056 seconds
[2024-10-20T10:53:33.044+0000] {processor.py:161} INFO - Started process (PID=2049) to work on /home/airflow/.local/lib/python3.8/site-packages/airflow/example_dags/example_sla_dag.py
[2024-10-20T10:53:33.045+0000] {processor.py:830} INFO - Processing file /home/airflow/.local/lib/python3.8/site-packages/airflow/example_dags/example_sla_dag.py for tasks to queue
[2024-10-20T10:53:33.047+0000] {logging_mixin.py:188} INFO - [2024-10-20T10:53:33.047+0000] {dagbag.py:540} INFO - Filling up the DagBag from /home/airflow/.local/lib/python3.8/site-packages/airflow/example_dags/example_sla_dag.py
[2024-10-20T10:53:33.057+0000] {processor.py:840} INFO - DAG(s) 'example_sla_dag' retrieved from /home/airflow/.local/lib/python3.8/site-packages/airflow/example_dags/example_sla_dag.py
[2024-10-20T10:53:33.074+0000] {logging_mixin.py:188} INFO - [2024-10-20T10:53:33.074+0000] {dag.py:3047} INFO - Sync 1 DAGs
[2024-10-20T10:53:33.096+0000] {logging_mixin.py:188} INFO - [2024-10-20T10:53:33.096+0000] {dag.py:3834} INFO - Setting next_dagrun for example_sla_dag to 2024-10-20 10:50:00+00:00, run_after=2024-10-20 10:52:00+00:00
[2024-10-20T10:53:33.108+0000] {processor.py:183} INFO - Processing /home/airflow/.local/lib/python3.8/site-packages/airflow/example_dags/example_sla_dag.py took 0.066 seconds
[2024-10-20T10:54:03.129+0000] {processor.py:161} INFO - Started process (PID=2105) to work on /home/airflow/.local/lib/python3.8/site-packages/airflow/example_dags/example_sla_dag.py
[2024-10-20T10:54:03.130+0000] {processor.py:830} INFO - Processing file /home/airflow/.local/lib/python3.8/site-packages/airflow/example_dags/example_sla_dag.py for tasks to queue
[2024-10-20T10:54:03.131+0000] {logging_mixin.py:188} INFO - [2024-10-20T10:54:03.131+0000] {dagbag.py:540} INFO - Filling up the DagBag from /home/airflow/.local/lib/python3.8/site-packages/airflow/example_dags/example_sla_dag.py
[2024-10-20T10:54:03.138+0000] {processor.py:840} INFO - DAG(s) 'example_sla_dag' retrieved from /home/airflow/.local/lib/python3.8/site-packages/airflow/example_dags/example_sla_dag.py
[2024-10-20T10:54:03.151+0000] {logging_mixin.py:188} INFO - [2024-10-20T10:54:03.150+0000] {dag.py:3047} INFO - Sync 1 DAGs
[2024-10-20T10:54:03.167+0000] {logging_mixin.py:188} INFO - [2024-10-20T10:54:03.167+0000] {dag.py:3834} INFO - Setting next_dagrun for example_sla_dag to 2024-10-20 10:52:00+00:00, run_after=2024-10-20 10:54:00+00:00
[2024-10-20T10:54:03.180+0000] {processor.py:183} INFO - Processing /home/airflow/.local/lib/python3.8/site-packages/airflow/example_dags/example_sla_dag.py took 0.054 seconds
[2024-10-20T10:54:33.380+0000] {processor.py:161} INFO - Started process (PID=2161) to work on /home/airflow/.local/lib/python3.8/site-packages/airflow/example_dags/example_sla_dag.py
[2024-10-20T10:54:33.383+0000] {processor.py:830} INFO - Processing file /home/airflow/.local/lib/python3.8/site-packages/airflow/example_dags/example_sla_dag.py for tasks to queue
[2024-10-20T10:54:33.384+0000] {logging_mixin.py:188} INFO - [2024-10-20T10:54:33.384+0000] {dagbag.py:540} INFO - Filling up the DagBag from /home/airflow/.local/lib/python3.8/site-packages/airflow/example_dags/example_sla_dag.py
[2024-10-20T10:54:33.393+0000] {processor.py:840} INFO - DAG(s) 'example_sla_dag' retrieved from /home/airflow/.local/lib/python3.8/site-packages/airflow/example_dags/example_sla_dag.py
[2024-10-20T10:54:33.406+0000] {logging_mixin.py:188} INFO - [2024-10-20T10:54:33.406+0000] {dag.py:3047} INFO - Sync 1 DAGs
[2024-10-20T10:54:33.423+0000] {logging_mixin.py:188} INFO - [2024-10-20T10:54:33.423+0000] {dag.py:3834} INFO - Setting next_dagrun for example_sla_dag to 2024-10-20 10:52:00+00:00, run_after=2024-10-20 10:54:00+00:00
[2024-10-20T10:54:33.439+0000] {processor.py:183} INFO - Processing /home/airflow/.local/lib/python3.8/site-packages/airflow/example_dags/example_sla_dag.py took 0.061 seconds
[2024-10-20T10:55:03.731+0000] {processor.py:161} INFO - Started process (PID=2217) to work on /home/airflow/.local/lib/python3.8/site-packages/airflow/example_dags/example_sla_dag.py
[2024-10-20T10:55:03.733+0000] {processor.py:830} INFO - Processing file /home/airflow/.local/lib/python3.8/site-packages/airflow/example_dags/example_sla_dag.py for tasks to queue
[2024-10-20T10:55:03.735+0000] {logging_mixin.py:188} INFO - [2024-10-20T10:55:03.735+0000] {dagbag.py:540} INFO - Filling up the DagBag from /home/airflow/.local/lib/python3.8/site-packages/airflow/example_dags/example_sla_dag.py
[2024-10-20T10:55:03.745+0000] {processor.py:840} INFO - DAG(s) 'example_sla_dag' retrieved from /home/airflow/.local/lib/python3.8/site-packages/airflow/example_dags/example_sla_dag.py
[2024-10-20T10:55:03.758+0000] {logging_mixin.py:188} INFO - [2024-10-20T10:55:03.758+0000] {dag.py:3047} INFO - Sync 1 DAGs
[2024-10-20T10:55:03.776+0000] {logging_mixin.py:188} INFO - [2024-10-20T10:55:03.776+0000] {dag.py:3834} INFO - Setting next_dagrun for example_sla_dag to 2024-10-20 10:52:00+00:00, run_after=2024-10-20 10:54:00+00:00
[2024-10-20T10:55:03.789+0000] {processor.py:183} INFO - Processing /home/airflow/.local/lib/python3.8/site-packages/airflow/example_dags/example_sla_dag.py took 0.060 seconds
[2024-10-20T10:55:34.644+0000] {processor.py:161} INFO - Started process (PID=2272) to work on /home/airflow/.local/lib/python3.8/site-packages/airflow/example_dags/example_sla_dag.py
[2024-10-20T10:55:34.645+0000] {processor.py:830} INFO - Processing file /home/airflow/.local/lib/python3.8/site-packages/airflow/example_dags/example_sla_dag.py for tasks to queue
[2024-10-20T10:55:34.648+0000] {logging_mixin.py:188} INFO - [2024-10-20T10:55:34.648+0000] {dagbag.py:540} INFO - Filling up the DagBag from /home/airflow/.local/lib/python3.8/site-packages/airflow/example_dags/example_sla_dag.py
[2024-10-20T10:55:34.654+0000] {processor.py:840} INFO - DAG(s) 'example_sla_dag' retrieved from /home/airflow/.local/lib/python3.8/site-packages/airflow/example_dags/example_sla_dag.py
[2024-10-20T10:55:34.673+0000] {logging_mixin.py:188} INFO - [2024-10-20T10:55:34.673+0000] {dag.py:3047} INFO - Sync 1 DAGs
[2024-10-20T10:55:34.692+0000] {logging_mixin.py:188} INFO - [2024-10-20T10:55:34.692+0000] {dag.py:3834} INFO - Setting next_dagrun for example_sla_dag to 2024-10-20 10:52:00+00:00, run_after=2024-10-20 10:54:00+00:00
[2024-10-20T10:55:34.706+0000] {processor.py:183} INFO - Processing /home/airflow/.local/lib/python3.8/site-packages/airflow/example_dags/example_sla_dag.py took 0.064 seconds
[2024-10-20T10:56:04.828+0000] {processor.py:161} INFO - Started process (PID=2328) to work on /home/airflow/.local/lib/python3.8/site-packages/airflow/example_dags/example_sla_dag.py
[2024-10-20T10:56:04.830+0000] {processor.py:830} INFO - Processing file /home/airflow/.local/lib/python3.8/site-packages/airflow/example_dags/example_sla_dag.py for tasks to queue
[2024-10-20T10:56:04.832+0000] {logging_mixin.py:188} INFO - [2024-10-20T10:56:04.832+0000] {dagbag.py:540} INFO - Filling up the DagBag from /home/airflow/.local/lib/python3.8/site-packages/airflow/example_dags/example_sla_dag.py
[2024-10-20T10:56:04.837+0000] {processor.py:840} INFO - DAG(s) 'example_sla_dag' retrieved from /home/airflow/.local/lib/python3.8/site-packages/airflow/example_dags/example_sla_dag.py
[2024-10-20T10:56:04.854+0000] {logging_mixin.py:188} INFO - [2024-10-20T10:56:04.854+0000] {dag.py:3047} INFO - Sync 1 DAGs
[2024-10-20T10:56:04.870+0000] {logging_mixin.py:188} INFO - [2024-10-20T10:56:04.870+0000] {dag.py:3834} INFO - Setting next_dagrun for example_sla_dag to 2024-10-20 10:54:00+00:00, run_after=2024-10-20 10:56:00+00:00
[2024-10-20T10:56:04.888+0000] {processor.py:183} INFO - Processing /home/airflow/.local/lib/python3.8/site-packages/airflow/example_dags/example_sla_dag.py took 0.062 seconds
