[2024-10-20T10:20:18.795+0000] {processor.py:161} INFO - Started process (PID=96) to work on /home/airflow/.local/lib/python3.8/site-packages/airflow/example_dags/example_python_decorator.py
[2024-10-20T10:20:18.797+0000] {processor.py:830} INFO - Processing file /home/airflow/.local/lib/python3.8/site-packages/airflow/example_dags/example_python_decorator.py for tasks to queue
[2024-10-20T10:20:18.799+0000] {logging_mixin.py:188} INFO - [2024-10-20T10:20:18.798+0000] {dagbag.py:540} INFO - Filling up the DagBag from /home/airflow/.local/lib/python3.8/site-packages/airflow/example_dags/example_python_decorator.py
[2024-10-20T10:20:18.819+0000] {processor.py:840} INFO - DAG(s) 'example_python_decorator' retrieved from /home/airflow/.local/lib/python3.8/site-packages/airflow/example_dags/example_python_decorator.py
[2024-10-20T10:20:18.952+0000] {logging_mixin.py:188} INFO - [2024-10-20T10:20:18.951+0000] {dag.py:3047} INFO - Sync 1 DAGs
[2024-10-20T10:20:18.965+0000] {logging_mixin.py:188} INFO - [2024-10-20T10:20:18.965+0000] {dag.py:3834} INFO - Setting next_dagrun for example_python_decorator to None, run_after=None
[2024-10-20T10:20:18.999+0000] {processor.py:183} INFO - Processing /home/airflow/.local/lib/python3.8/site-packages/airflow/example_dags/example_python_decorator.py took 0.208 seconds
[2024-10-20T10:20:49.157+0000] {processor.py:161} INFO - Started process (PID=151) to work on /home/airflow/.local/lib/python3.8/site-packages/airflow/example_dags/example_python_decorator.py
[2024-10-20T10:20:49.158+0000] {processor.py:830} INFO - Processing file /home/airflow/.local/lib/python3.8/site-packages/airflow/example_dags/example_python_decorator.py for tasks to queue
[2024-10-20T10:20:49.159+0000] {logging_mixin.py:188} INFO - [2024-10-20T10:20:49.159+0000] {dagbag.py:540} INFO - Filling up the DagBag from /home/airflow/.local/lib/python3.8/site-packages/airflow/example_dags/example_python_decorator.py
[2024-10-20T10:20:49.168+0000] {processor.py:840} INFO - DAG(s) 'example_python_decorator' retrieved from /home/airflow/.local/lib/python3.8/site-packages/airflow/example_dags/example_python_decorator.py
[2024-10-20T10:20:49.183+0000] {logging_mixin.py:188} INFO - [2024-10-20T10:20:49.183+0000] {dag.py:3047} INFO - Sync 1 DAGs
[2024-10-20T10:20:49.191+0000] {logging_mixin.py:188} INFO - [2024-10-20T10:20:49.191+0000] {dag.py:3834} INFO - Setting next_dagrun for example_python_decorator to None, run_after=None
[2024-10-20T10:20:49.202+0000] {processor.py:183} INFO - Processing /home/airflow/.local/lib/python3.8/site-packages/airflow/example_dags/example_python_decorator.py took 0.047 seconds
[2024-10-20T10:21:20.014+0000] {processor.py:161} INFO - Started process (PID=206) to work on /home/airflow/.local/lib/python3.8/site-packages/airflow/example_dags/example_python_decorator.py
[2024-10-20T10:21:20.018+0000] {processor.py:830} INFO - Processing file /home/airflow/.local/lib/python3.8/site-packages/airflow/example_dags/example_python_decorator.py for tasks to queue
[2024-10-20T10:21:20.019+0000] {logging_mixin.py:188} INFO - [2024-10-20T10:21:20.019+0000] {dagbag.py:540} INFO - Filling up the DagBag from /home/airflow/.local/lib/python3.8/site-packages/airflow/example_dags/example_python_decorator.py
[2024-10-20T10:21:20.028+0000] {processor.py:840} INFO - DAG(s) 'example_python_decorator' retrieved from /home/airflow/.local/lib/python3.8/site-packages/airflow/example_dags/example_python_decorator.py
[2024-10-20T10:21:20.042+0000] {logging_mixin.py:188} INFO - [2024-10-20T10:21:20.042+0000] {dag.py:3047} INFO - Sync 1 DAGs
[2024-10-20T10:21:20.051+0000] {logging_mixin.py:188} INFO - [2024-10-20T10:21:20.051+0000] {dag.py:3834} INFO - Setting next_dagrun for example_python_decorator to None, run_after=None
[2024-10-20T10:21:20.065+0000] {processor.py:183} INFO - Processing /home/airflow/.local/lib/python3.8/site-packages/airflow/example_dags/example_python_decorator.py took 0.053 seconds
[2024-10-20T10:21:50.870+0000] {processor.py:161} INFO - Started process (PID=261) to work on /home/airflow/.local/lib/python3.8/site-packages/airflow/example_dags/example_python_decorator.py
[2024-10-20T10:21:50.870+0000] {processor.py:830} INFO - Processing file /home/airflow/.local/lib/python3.8/site-packages/airflow/example_dags/example_python_decorator.py for tasks to queue
[2024-10-20T10:21:50.871+0000] {logging_mixin.py:188} INFO - [2024-10-20T10:21:50.871+0000] {dagbag.py:540} INFO - Filling up the DagBag from /home/airflow/.local/lib/python3.8/site-packages/airflow/example_dags/example_python_decorator.py
[2024-10-20T10:21:50.880+0000] {processor.py:840} INFO - DAG(s) 'example_python_decorator' retrieved from /home/airflow/.local/lib/python3.8/site-packages/airflow/example_dags/example_python_decorator.py
[2024-10-20T10:21:50.895+0000] {logging_mixin.py:188} INFO - [2024-10-20T10:21:50.895+0000] {dag.py:3047} INFO - Sync 1 DAGs
[2024-10-20T10:21:50.903+0000] {logging_mixin.py:188} INFO - [2024-10-20T10:21:50.903+0000] {dag.py:3834} INFO - Setting next_dagrun for example_python_decorator to None, run_after=None
[2024-10-20T10:21:50.913+0000] {processor.py:183} INFO - Processing /home/airflow/.local/lib/python3.8/site-packages/airflow/example_dags/example_python_decorator.py took 0.046 seconds
[2024-10-20T10:22:20.971+0000] {processor.py:161} INFO - Started process (PID=316) to work on /home/airflow/.local/lib/python3.8/site-packages/airflow/example_dags/example_python_decorator.py
[2024-10-20T10:22:20.975+0000] {processor.py:830} INFO - Processing file /home/airflow/.local/lib/python3.8/site-packages/airflow/example_dags/example_python_decorator.py for tasks to queue
[2024-10-20T10:22:20.977+0000] {logging_mixin.py:188} INFO - [2024-10-20T10:22:20.976+0000] {dagbag.py:540} INFO - Filling up the DagBag from /home/airflow/.local/lib/python3.8/site-packages/airflow/example_dags/example_python_decorator.py
[2024-10-20T10:22:20.987+0000] {processor.py:840} INFO - DAG(s) 'example_python_decorator' retrieved from /home/airflow/.local/lib/python3.8/site-packages/airflow/example_dags/example_python_decorator.py
[2024-10-20T10:22:21.003+0000] {logging_mixin.py:188} INFO - [2024-10-20T10:22:21.003+0000] {dag.py:3047} INFO - Sync 1 DAGs
[2024-10-20T10:22:21.012+0000] {logging_mixin.py:188} INFO - [2024-10-20T10:22:21.012+0000] {dag.py:3834} INFO - Setting next_dagrun for example_python_decorator to None, run_after=None
[2024-10-20T10:22:21.022+0000] {processor.py:183} INFO - Processing /home/airflow/.local/lib/python3.8/site-packages/airflow/example_dags/example_python_decorator.py took 0.054 seconds
[2024-10-20T10:22:51.115+0000] {processor.py:161} INFO - Started process (PID=371) to work on /home/airflow/.local/lib/python3.8/site-packages/airflow/example_dags/example_python_decorator.py
[2024-10-20T10:22:51.115+0000] {processor.py:830} INFO - Processing file /home/airflow/.local/lib/python3.8/site-packages/airflow/example_dags/example_python_decorator.py for tasks to queue
[2024-10-20T10:22:51.117+0000] {logging_mixin.py:188} INFO - [2024-10-20T10:22:51.116+0000] {dagbag.py:540} INFO - Filling up the DagBag from /home/airflow/.local/lib/python3.8/site-packages/airflow/example_dags/example_python_decorator.py
[2024-10-20T10:22:51.126+0000] {processor.py:840} INFO - DAG(s) 'example_python_decorator' retrieved from /home/airflow/.local/lib/python3.8/site-packages/airflow/example_dags/example_python_decorator.py
[2024-10-20T10:22:51.141+0000] {logging_mixin.py:188} INFO - [2024-10-20T10:22:51.141+0000] {dag.py:3047} INFO - Sync 1 DAGs
[2024-10-20T10:22:51.153+0000] {logging_mixin.py:188} INFO - [2024-10-20T10:22:51.153+0000] {dag.py:3834} INFO - Setting next_dagrun for example_python_decorator to None, run_after=None
[2024-10-20T10:22:51.164+0000] {processor.py:183} INFO - Processing /home/airflow/.local/lib/python3.8/site-packages/airflow/example_dags/example_python_decorator.py took 0.052 seconds
[2024-10-20T10:23:22.042+0000] {processor.py:161} INFO - Started process (PID=426) to work on /home/airflow/.local/lib/python3.8/site-packages/airflow/example_dags/example_python_decorator.py
[2024-10-20T10:23:22.044+0000] {processor.py:830} INFO - Processing file /home/airflow/.local/lib/python3.8/site-packages/airflow/example_dags/example_python_decorator.py for tasks to queue
[2024-10-20T10:23:22.049+0000] {logging_mixin.py:188} INFO - [2024-10-20T10:23:22.049+0000] {dagbag.py:540} INFO - Filling up the DagBag from /home/airflow/.local/lib/python3.8/site-packages/airflow/example_dags/example_python_decorator.py
[2024-10-20T10:23:22.061+0000] {processor.py:840} INFO - DAG(s) 'example_python_decorator' retrieved from /home/airflow/.local/lib/python3.8/site-packages/airflow/example_dags/example_python_decorator.py
[2024-10-20T10:23:22.079+0000] {logging_mixin.py:188} INFO - [2024-10-20T10:23:22.079+0000] {dag.py:3047} INFO - Sync 1 DAGs
[2024-10-20T10:23:22.091+0000] {logging_mixin.py:188} INFO - [2024-10-20T10:23:22.091+0000] {dag.py:3834} INFO - Setting next_dagrun for example_python_decorator to None, run_after=None
[2024-10-20T10:23:22.107+0000] {processor.py:183} INFO - Processing /home/airflow/.local/lib/python3.8/site-packages/airflow/example_dags/example_python_decorator.py took 0.069 seconds
[2024-10-20T10:23:53.071+0000] {processor.py:161} INFO - Started process (PID=481) to work on /home/airflow/.local/lib/python3.8/site-packages/airflow/example_dags/example_python_decorator.py
[2024-10-20T10:23:53.072+0000] {processor.py:830} INFO - Processing file /home/airflow/.local/lib/python3.8/site-packages/airflow/example_dags/example_python_decorator.py for tasks to queue
[2024-10-20T10:23:53.073+0000] {logging_mixin.py:188} INFO - [2024-10-20T10:23:53.073+0000] {dagbag.py:540} INFO - Filling up the DagBag from /home/airflow/.local/lib/python3.8/site-packages/airflow/example_dags/example_python_decorator.py
[2024-10-20T10:23:53.082+0000] {processor.py:840} INFO - DAG(s) 'example_python_decorator' retrieved from /home/airflow/.local/lib/python3.8/site-packages/airflow/example_dags/example_python_decorator.py
[2024-10-20T10:23:53.096+0000] {logging_mixin.py:188} INFO - [2024-10-20T10:23:53.095+0000] {dag.py:3047} INFO - Sync 1 DAGs
[2024-10-20T10:23:53.103+0000] {logging_mixin.py:188} INFO - [2024-10-20T10:23:53.103+0000] {dag.py:3834} INFO - Setting next_dagrun for example_python_decorator to None, run_after=None
[2024-10-20T10:23:53.114+0000] {processor.py:183} INFO - Processing /home/airflow/.local/lib/python3.8/site-packages/airflow/example_dags/example_python_decorator.py took 0.045 seconds
[2024-10-20T10:24:23.156+0000] {processor.py:161} INFO - Started process (PID=536) to work on /home/airflow/.local/lib/python3.8/site-packages/airflow/example_dags/example_python_decorator.py
[2024-10-20T10:24:23.160+0000] {processor.py:830} INFO - Processing file /home/airflow/.local/lib/python3.8/site-packages/airflow/example_dags/example_python_decorator.py for tasks to queue
[2024-10-20T10:24:23.164+0000] {logging_mixin.py:188} INFO - [2024-10-20T10:24:23.164+0000] {dagbag.py:540} INFO - Filling up the DagBag from /home/airflow/.local/lib/python3.8/site-packages/airflow/example_dags/example_python_decorator.py
[2024-10-20T10:24:23.174+0000] {processor.py:840} INFO - DAG(s) 'example_python_decorator' retrieved from /home/airflow/.local/lib/python3.8/site-packages/airflow/example_dags/example_python_decorator.py
[2024-10-20T10:24:23.188+0000] {logging_mixin.py:188} INFO - [2024-10-20T10:24:23.188+0000] {dag.py:3047} INFO - Sync 1 DAGs
[2024-10-20T10:24:23.198+0000] {logging_mixin.py:188} INFO - [2024-10-20T10:24:23.198+0000] {dag.py:3834} INFO - Setting next_dagrun for example_python_decorator to None, run_after=None
[2024-10-20T10:24:23.209+0000] {processor.py:183} INFO - Processing /home/airflow/.local/lib/python3.8/site-packages/airflow/example_dags/example_python_decorator.py took 0.055 seconds
[2024-10-20T10:24:53.665+0000] {processor.py:161} INFO - Started process (PID=591) to work on /home/airflow/.local/lib/python3.8/site-packages/airflow/example_dags/example_python_decorator.py
[2024-10-20T10:24:53.666+0000] {processor.py:830} INFO - Processing file /home/airflow/.local/lib/python3.8/site-packages/airflow/example_dags/example_python_decorator.py for tasks to queue
[2024-10-20T10:24:53.668+0000] {logging_mixin.py:188} INFO - [2024-10-20T10:24:53.668+0000] {dagbag.py:540} INFO - Filling up the DagBag from /home/airflow/.local/lib/python3.8/site-packages/airflow/example_dags/example_python_decorator.py
[2024-10-20T10:24:53.687+0000] {processor.py:840} INFO - DAG(s) 'example_python_decorator' retrieved from /home/airflow/.local/lib/python3.8/site-packages/airflow/example_dags/example_python_decorator.py
[2024-10-20T10:24:53.720+0000] {logging_mixin.py:188} INFO - [2024-10-20T10:24:53.719+0000] {dag.py:3047} INFO - Sync 1 DAGs
[2024-10-20T10:24:53.745+0000] {logging_mixin.py:188} INFO - [2024-10-20T10:24:53.744+0000] {dag.py:3834} INFO - Setting next_dagrun for example_python_decorator to None, run_after=None
[2024-10-20T10:24:53.784+0000] {processor.py:183} INFO - Processing /home/airflow/.local/lib/python3.8/site-packages/airflow/example_dags/example_python_decorator.py took 0.123 seconds
[2024-10-20T10:25:24.684+0000] {processor.py:161} INFO - Started process (PID=646) to work on /home/airflow/.local/lib/python3.8/site-packages/airflow/example_dags/example_python_decorator.py
[2024-10-20T10:25:24.684+0000] {processor.py:830} INFO - Processing file /home/airflow/.local/lib/python3.8/site-packages/airflow/example_dags/example_python_decorator.py for tasks to queue
[2024-10-20T10:25:24.685+0000] {logging_mixin.py:188} INFO - [2024-10-20T10:25:24.685+0000] {dagbag.py:540} INFO - Filling up the DagBag from /home/airflow/.local/lib/python3.8/site-packages/airflow/example_dags/example_python_decorator.py
[2024-10-20T10:25:24.695+0000] {processor.py:840} INFO - DAG(s) 'example_python_decorator' retrieved from /home/airflow/.local/lib/python3.8/site-packages/airflow/example_dags/example_python_decorator.py
[2024-10-20T10:25:24.709+0000] {logging_mixin.py:188} INFO - [2024-10-20T10:25:24.709+0000] {dag.py:3047} INFO - Sync 1 DAGs
[2024-10-20T10:25:24.717+0000] {logging_mixin.py:188} INFO - [2024-10-20T10:25:24.717+0000] {dag.py:3834} INFO - Setting next_dagrun for example_python_decorator to None, run_after=None
[2024-10-20T10:25:24.735+0000] {processor.py:183} INFO - Processing /home/airflow/.local/lib/python3.8/site-packages/airflow/example_dags/example_python_decorator.py took 0.054 seconds
[2024-10-20T10:25:54.823+0000] {processor.py:161} INFO - Started process (PID=701) to work on /home/airflow/.local/lib/python3.8/site-packages/airflow/example_dags/example_python_decorator.py
[2024-10-20T10:25:54.825+0000] {processor.py:830} INFO - Processing file /home/airflow/.local/lib/python3.8/site-packages/airflow/example_dags/example_python_decorator.py for tasks to queue
[2024-10-20T10:25:54.827+0000] {logging_mixin.py:188} INFO - [2024-10-20T10:25:54.826+0000] {dagbag.py:540} INFO - Filling up the DagBag from /home/airflow/.local/lib/python3.8/site-packages/airflow/example_dags/example_python_decorator.py
[2024-10-20T10:25:54.837+0000] {processor.py:840} INFO - DAG(s) 'example_python_decorator' retrieved from /home/airflow/.local/lib/python3.8/site-packages/airflow/example_dags/example_python_decorator.py
[2024-10-20T10:25:54.854+0000] {logging_mixin.py:188} INFO - [2024-10-20T10:25:54.854+0000] {dag.py:3047} INFO - Sync 1 DAGs
[2024-10-20T10:25:54.864+0000] {logging_mixin.py:188} INFO - [2024-10-20T10:25:54.864+0000] {dag.py:3834} INFO - Setting next_dagrun for example_python_decorator to None, run_after=None
[2024-10-20T10:25:54.876+0000] {processor.py:183} INFO - Processing /home/airflow/.local/lib/python3.8/site-packages/airflow/example_dags/example_python_decorator.py took 0.056 seconds
[2024-10-20T10:26:25.546+0000] {processor.py:161} INFO - Started process (PID=756) to work on /home/airflow/.local/lib/python3.8/site-packages/airflow/example_dags/example_python_decorator.py
[2024-10-20T10:26:25.547+0000] {processor.py:830} INFO - Processing file /home/airflow/.local/lib/python3.8/site-packages/airflow/example_dags/example_python_decorator.py for tasks to queue
[2024-10-20T10:26:25.548+0000] {logging_mixin.py:188} INFO - [2024-10-20T10:26:25.548+0000] {dagbag.py:540} INFO - Filling up the DagBag from /home/airflow/.local/lib/python3.8/site-packages/airflow/example_dags/example_python_decorator.py
[2024-10-20T10:26:25.558+0000] {processor.py:840} INFO - DAG(s) 'example_python_decorator' retrieved from /home/airflow/.local/lib/python3.8/site-packages/airflow/example_dags/example_python_decorator.py
[2024-10-20T10:26:25.573+0000] {logging_mixin.py:188} INFO - [2024-10-20T10:26:25.573+0000] {dag.py:3047} INFO - Sync 1 DAGs
[2024-10-20T10:26:25.582+0000] {logging_mixin.py:188} INFO - [2024-10-20T10:26:25.582+0000] {dag.py:3834} INFO - Setting next_dagrun for example_python_decorator to None, run_after=None
[2024-10-20T10:26:25.593+0000] {processor.py:183} INFO - Processing /home/airflow/.local/lib/python3.8/site-packages/airflow/example_dags/example_python_decorator.py took 0.050 seconds
[2024-10-20T10:26:56.268+0000] {processor.py:161} INFO - Started process (PID=811) to work on /home/airflow/.local/lib/python3.8/site-packages/airflow/example_dags/example_python_decorator.py
[2024-10-20T10:26:56.269+0000] {processor.py:830} INFO - Processing file /home/airflow/.local/lib/python3.8/site-packages/airflow/example_dags/example_python_decorator.py for tasks to queue
[2024-10-20T10:26:56.270+0000] {logging_mixin.py:188} INFO - [2024-10-20T10:26:56.270+0000] {dagbag.py:540} INFO - Filling up the DagBag from /home/airflow/.local/lib/python3.8/site-packages/airflow/example_dags/example_python_decorator.py
[2024-10-20T10:26:56.282+0000] {processor.py:840} INFO - DAG(s) 'example_python_decorator' retrieved from /home/airflow/.local/lib/python3.8/site-packages/airflow/example_dags/example_python_decorator.py
[2024-10-20T10:26:56.295+0000] {logging_mixin.py:188} INFO - [2024-10-20T10:26:56.295+0000] {dag.py:3047} INFO - Sync 1 DAGs
[2024-10-20T10:26:56.302+0000] {logging_mixin.py:188} INFO - [2024-10-20T10:26:56.302+0000] {dag.py:3834} INFO - Setting next_dagrun for example_python_decorator to None, run_after=None
[2024-10-20T10:26:56.314+0000] {processor.py:183} INFO - Processing /home/airflow/.local/lib/python3.8/site-packages/airflow/example_dags/example_python_decorator.py took 0.048 seconds
[2024-10-20T10:27:26.940+0000] {processor.py:161} INFO - Started process (PID=866) to work on /home/airflow/.local/lib/python3.8/site-packages/airflow/example_dags/example_python_decorator.py
[2024-10-20T10:27:26.940+0000] {processor.py:830} INFO - Processing file /home/airflow/.local/lib/python3.8/site-packages/airflow/example_dags/example_python_decorator.py for tasks to queue
[2024-10-20T10:27:26.942+0000] {logging_mixin.py:188} INFO - [2024-10-20T10:27:26.941+0000] {dagbag.py:540} INFO - Filling up the DagBag from /home/airflow/.local/lib/python3.8/site-packages/airflow/example_dags/example_python_decorator.py
[2024-10-20T10:27:26.951+0000] {processor.py:840} INFO - DAG(s) 'example_python_decorator' retrieved from /home/airflow/.local/lib/python3.8/site-packages/airflow/example_dags/example_python_decorator.py
[2024-10-20T10:27:26.964+0000] {logging_mixin.py:188} INFO - [2024-10-20T10:27:26.964+0000] {dag.py:3047} INFO - Sync 1 DAGs
[2024-10-20T10:27:26.972+0000] {logging_mixin.py:188} INFO - [2024-10-20T10:27:26.972+0000] {dag.py:3834} INFO - Setting next_dagrun for example_python_decorator to None, run_after=None
[2024-10-20T10:27:26.983+0000] {processor.py:183} INFO - Processing /home/airflow/.local/lib/python3.8/site-packages/airflow/example_dags/example_python_decorator.py took 0.045 seconds
[2024-10-20T10:27:57.858+0000] {processor.py:161} INFO - Started process (PID=921) to work on /home/airflow/.local/lib/python3.8/site-packages/airflow/example_dags/example_python_decorator.py
[2024-10-20T10:27:57.859+0000] {processor.py:830} INFO - Processing file /home/airflow/.local/lib/python3.8/site-packages/airflow/example_dags/example_python_decorator.py for tasks to queue
[2024-10-20T10:27:57.860+0000] {logging_mixin.py:188} INFO - [2024-10-20T10:27:57.860+0000] {dagbag.py:540} INFO - Filling up the DagBag from /home/airflow/.local/lib/python3.8/site-packages/airflow/example_dags/example_python_decorator.py
[2024-10-20T10:27:57.870+0000] {processor.py:840} INFO - DAG(s) 'example_python_decorator' retrieved from /home/airflow/.local/lib/python3.8/site-packages/airflow/example_dags/example_python_decorator.py
[2024-10-20T10:27:57.885+0000] {logging_mixin.py:188} INFO - [2024-10-20T10:27:57.885+0000] {dag.py:3047} INFO - Sync 1 DAGs
[2024-10-20T10:27:57.894+0000] {logging_mixin.py:188} INFO - [2024-10-20T10:27:57.893+0000] {dag.py:3834} INFO - Setting next_dagrun for example_python_decorator to None, run_after=None
[2024-10-20T10:27:57.906+0000] {processor.py:183} INFO - Processing /home/airflow/.local/lib/python3.8/site-packages/airflow/example_dags/example_python_decorator.py took 0.050 seconds
[2024-10-20T10:28:28.818+0000] {processor.py:161} INFO - Started process (PID=976) to work on /home/airflow/.local/lib/python3.8/site-packages/airflow/example_dags/example_python_decorator.py
[2024-10-20T10:28:28.819+0000] {processor.py:830} INFO - Processing file /home/airflow/.local/lib/python3.8/site-packages/airflow/example_dags/example_python_decorator.py for tasks to queue
[2024-10-20T10:28:28.820+0000] {logging_mixin.py:188} INFO - [2024-10-20T10:28:28.820+0000] {dagbag.py:540} INFO - Filling up the DagBag from /home/airflow/.local/lib/python3.8/site-packages/airflow/example_dags/example_python_decorator.py
[2024-10-20T10:28:28.829+0000] {processor.py:840} INFO - DAG(s) 'example_python_decorator' retrieved from /home/airflow/.local/lib/python3.8/site-packages/airflow/example_dags/example_python_decorator.py
[2024-10-20T10:28:28.846+0000] {logging_mixin.py:188} INFO - [2024-10-20T10:28:28.846+0000] {dag.py:3047} INFO - Sync 1 DAGs
[2024-10-20T10:28:28.856+0000] {logging_mixin.py:188} INFO - [2024-10-20T10:28:28.856+0000] {dag.py:3834} INFO - Setting next_dagrun for example_python_decorator to None, run_after=None
[2024-10-20T10:28:28.868+0000] {processor.py:183} INFO - Processing /home/airflow/.local/lib/python3.8/site-packages/airflow/example_dags/example_python_decorator.py took 0.052 seconds
[2024-10-20T10:28:59.496+0000] {processor.py:161} INFO - Started process (PID=1031) to work on /home/airflow/.local/lib/python3.8/site-packages/airflow/example_dags/example_python_decorator.py
[2024-10-20T10:28:59.497+0000] {processor.py:830} INFO - Processing file /home/airflow/.local/lib/python3.8/site-packages/airflow/example_dags/example_python_decorator.py for tasks to queue
[2024-10-20T10:28:59.498+0000] {logging_mixin.py:188} INFO - [2024-10-20T10:28:59.498+0000] {dagbag.py:540} INFO - Filling up the DagBag from /home/airflow/.local/lib/python3.8/site-packages/airflow/example_dags/example_python_decorator.py
[2024-10-20T10:28:59.507+0000] {processor.py:840} INFO - DAG(s) 'example_python_decorator' retrieved from /home/airflow/.local/lib/python3.8/site-packages/airflow/example_dags/example_python_decorator.py
[2024-10-20T10:28:59.521+0000] {logging_mixin.py:188} INFO - [2024-10-20T10:28:59.521+0000] {dag.py:3047} INFO - Sync 1 DAGs
[2024-10-20T10:28:59.528+0000] {logging_mixin.py:188} INFO - [2024-10-20T10:28:59.528+0000] {dag.py:3834} INFO - Setting next_dagrun for example_python_decorator to None, run_after=None
[2024-10-20T10:28:59.542+0000] {processor.py:183} INFO - Processing /home/airflow/.local/lib/python3.8/site-packages/airflow/example_dags/example_python_decorator.py took 0.049 seconds
[2024-10-20T10:29:30.161+0000] {processor.py:161} INFO - Started process (PID=1086) to work on /home/airflow/.local/lib/python3.8/site-packages/airflow/example_dags/example_python_decorator.py
[2024-10-20T10:29:30.165+0000] {processor.py:830} INFO - Processing file /home/airflow/.local/lib/python3.8/site-packages/airflow/example_dags/example_python_decorator.py for tasks to queue
[2024-10-20T10:29:30.166+0000] {logging_mixin.py:188} INFO - [2024-10-20T10:29:30.166+0000] {dagbag.py:540} INFO - Filling up the DagBag from /home/airflow/.local/lib/python3.8/site-packages/airflow/example_dags/example_python_decorator.py
[2024-10-20T10:29:30.175+0000] {processor.py:840} INFO - DAG(s) 'example_python_decorator' retrieved from /home/airflow/.local/lib/python3.8/site-packages/airflow/example_dags/example_python_decorator.py
[2024-10-20T10:29:30.192+0000] {logging_mixin.py:188} INFO - [2024-10-20T10:29:30.192+0000] {dag.py:3047} INFO - Sync 1 DAGs
[2024-10-20T10:29:30.200+0000] {logging_mixin.py:188} INFO - [2024-10-20T10:29:30.200+0000] {dag.py:3834} INFO - Setting next_dagrun for example_python_decorator to None, run_after=None
[2024-10-20T10:29:30.212+0000] {processor.py:183} INFO - Processing /home/airflow/.local/lib/python3.8/site-packages/airflow/example_dags/example_python_decorator.py took 0.053 seconds
[2024-10-20T10:30:01.022+0000] {processor.py:161} INFO - Started process (PID=1141) to work on /home/airflow/.local/lib/python3.8/site-packages/airflow/example_dags/example_python_decorator.py
[2024-10-20T10:30:01.024+0000] {processor.py:830} INFO - Processing file /home/airflow/.local/lib/python3.8/site-packages/airflow/example_dags/example_python_decorator.py for tasks to queue
[2024-10-20T10:30:01.030+0000] {logging_mixin.py:188} INFO - [2024-10-20T10:30:01.029+0000] {dagbag.py:540} INFO - Filling up the DagBag from /home/airflow/.local/lib/python3.8/site-packages/airflow/example_dags/example_python_decorator.py
[2024-10-20T10:30:01.050+0000] {processor.py:840} INFO - DAG(s) 'example_python_decorator' retrieved from /home/airflow/.local/lib/python3.8/site-packages/airflow/example_dags/example_python_decorator.py
[2024-10-20T10:30:01.100+0000] {logging_mixin.py:188} INFO - [2024-10-20T10:30:01.100+0000] {dag.py:3047} INFO - Sync 1 DAGs
[2024-10-20T10:30:01.119+0000] {logging_mixin.py:188} INFO - [2024-10-20T10:30:01.118+0000] {dag.py:3834} INFO - Setting next_dagrun for example_python_decorator to None, run_after=None
[2024-10-20T10:30:01.152+0000] {processor.py:183} INFO - Processing /home/airflow/.local/lib/python3.8/site-packages/airflow/example_dags/example_python_decorator.py took 0.133 seconds
[2024-10-20T10:30:31.613+0000] {processor.py:161} INFO - Started process (PID=1196) to work on /home/airflow/.local/lib/python3.8/site-packages/airflow/example_dags/example_python_decorator.py
[2024-10-20T10:30:31.615+0000] {processor.py:830} INFO - Processing file /home/airflow/.local/lib/python3.8/site-packages/airflow/example_dags/example_python_decorator.py for tasks to queue
[2024-10-20T10:30:31.618+0000] {logging_mixin.py:188} INFO - [2024-10-20T10:30:31.618+0000] {dagbag.py:540} INFO - Filling up the DagBag from /home/airflow/.local/lib/python3.8/site-packages/airflow/example_dags/example_python_decorator.py
[2024-10-20T10:30:31.627+0000] {processor.py:840} INFO - DAG(s) 'example_python_decorator' retrieved from /home/airflow/.local/lib/python3.8/site-packages/airflow/example_dags/example_python_decorator.py
[2024-10-20T10:30:31.644+0000] {logging_mixin.py:188} INFO - [2024-10-20T10:30:31.644+0000] {dag.py:3047} INFO - Sync 1 DAGs
[2024-10-20T10:30:31.653+0000] {logging_mixin.py:188} INFO - [2024-10-20T10:30:31.653+0000] {dag.py:3834} INFO - Setting next_dagrun for example_python_decorator to None, run_after=None
[2024-10-20T10:30:31.664+0000] {processor.py:183} INFO - Processing /home/airflow/.local/lib/python3.8/site-packages/airflow/example_dags/example_python_decorator.py took 0.054 seconds
[2024-10-20T10:31:02.280+0000] {processor.py:161} INFO - Started process (PID=1251) to work on /home/airflow/.local/lib/python3.8/site-packages/airflow/example_dags/example_python_decorator.py
[2024-10-20T10:31:02.281+0000] {processor.py:830} INFO - Processing file /home/airflow/.local/lib/python3.8/site-packages/airflow/example_dags/example_python_decorator.py for tasks to queue
[2024-10-20T10:31:02.283+0000] {logging_mixin.py:188} INFO - [2024-10-20T10:31:02.283+0000] {dagbag.py:540} INFO - Filling up the DagBag from /home/airflow/.local/lib/python3.8/site-packages/airflow/example_dags/example_python_decorator.py
[2024-10-20T10:31:02.292+0000] {processor.py:840} INFO - DAG(s) 'example_python_decorator' retrieved from /home/airflow/.local/lib/python3.8/site-packages/airflow/example_dags/example_python_decorator.py
[2024-10-20T10:31:02.305+0000] {logging_mixin.py:188} INFO - [2024-10-20T10:31:02.305+0000] {dag.py:3047} INFO - Sync 1 DAGs
[2024-10-20T10:31:02.315+0000] {logging_mixin.py:188} INFO - [2024-10-20T10:31:02.314+0000] {dag.py:3834} INFO - Setting next_dagrun for example_python_decorator to None, run_after=None
[2024-10-20T10:31:02.326+0000] {processor.py:183} INFO - Processing /home/airflow/.local/lib/python3.8/site-packages/airflow/example_dags/example_python_decorator.py took 0.049 seconds
[2024-10-20T10:31:33.000+0000] {processor.py:161} INFO - Started process (PID=1306) to work on /home/airflow/.local/lib/python3.8/site-packages/airflow/example_dags/example_python_decorator.py
[2024-10-20T10:31:33.001+0000] {processor.py:830} INFO - Processing file /home/airflow/.local/lib/python3.8/site-packages/airflow/example_dags/example_python_decorator.py for tasks to queue
[2024-10-20T10:31:33.002+0000] {logging_mixin.py:188} INFO - [2024-10-20T10:31:33.002+0000] {dagbag.py:540} INFO - Filling up the DagBag from /home/airflow/.local/lib/python3.8/site-packages/airflow/example_dags/example_python_decorator.py
[2024-10-20T10:31:33.011+0000] {processor.py:840} INFO - DAG(s) 'example_python_decorator' retrieved from /home/airflow/.local/lib/python3.8/site-packages/airflow/example_dags/example_python_decorator.py
[2024-10-20T10:31:33.027+0000] {logging_mixin.py:188} INFO - [2024-10-20T10:31:33.027+0000] {dag.py:3047} INFO - Sync 1 DAGs
[2024-10-20T10:31:33.036+0000] {logging_mixin.py:188} INFO - [2024-10-20T10:31:33.036+0000] {dag.py:3834} INFO - Setting next_dagrun for example_python_decorator to None, run_after=None
[2024-10-20T10:31:33.047+0000] {processor.py:183} INFO - Processing /home/airflow/.local/lib/python3.8/site-packages/airflow/example_dags/example_python_decorator.py took 0.049 seconds
[2024-10-20T10:32:03.102+0000] {processor.py:161} INFO - Started process (PID=1361) to work on /home/airflow/.local/lib/python3.8/site-packages/airflow/example_dags/example_python_decorator.py
[2024-10-20T10:32:03.103+0000] {processor.py:830} INFO - Processing file /home/airflow/.local/lib/python3.8/site-packages/airflow/example_dags/example_python_decorator.py for tasks to queue
[2024-10-20T10:32:03.104+0000] {logging_mixin.py:188} INFO - [2024-10-20T10:32:03.104+0000] {dagbag.py:540} INFO - Filling up the DagBag from /home/airflow/.local/lib/python3.8/site-packages/airflow/example_dags/example_python_decorator.py
[2024-10-20T10:32:03.113+0000] {processor.py:840} INFO - DAG(s) 'example_python_decorator' retrieved from /home/airflow/.local/lib/python3.8/site-packages/airflow/example_dags/example_python_decorator.py
[2024-10-20T10:32:03.128+0000] {logging_mixin.py:188} INFO - [2024-10-20T10:32:03.127+0000] {dag.py:3047} INFO - Sync 1 DAGs
[2024-10-20T10:32:03.138+0000] {logging_mixin.py:188} INFO - [2024-10-20T10:32:03.138+0000] {dag.py:3834} INFO - Setting next_dagrun for example_python_decorator to None, run_after=None
[2024-10-20T10:32:03.150+0000] {processor.py:183} INFO - Processing /home/airflow/.local/lib/python3.8/site-packages/airflow/example_dags/example_python_decorator.py took 0.050 seconds
[2024-10-20T10:32:33.847+0000] {processor.py:161} INFO - Started process (PID=1416) to work on /home/airflow/.local/lib/python3.8/site-packages/airflow/example_dags/example_python_decorator.py
[2024-10-20T10:32:33.849+0000] {processor.py:830} INFO - Processing file /home/airflow/.local/lib/python3.8/site-packages/airflow/example_dags/example_python_decorator.py for tasks to queue
[2024-10-20T10:32:33.853+0000] {logging_mixin.py:188} INFO - [2024-10-20T10:32:33.853+0000] {dagbag.py:540} INFO - Filling up the DagBag from /home/airflow/.local/lib/python3.8/site-packages/airflow/example_dags/example_python_decorator.py
[2024-10-20T10:32:33.864+0000] {processor.py:840} INFO - DAG(s) 'example_python_decorator' retrieved from /home/airflow/.local/lib/python3.8/site-packages/airflow/example_dags/example_python_decorator.py
[2024-10-20T10:32:33.877+0000] {logging_mixin.py:188} INFO - [2024-10-20T10:32:33.877+0000] {dag.py:3047} INFO - Sync 1 DAGs
[2024-10-20T10:32:33.886+0000] {logging_mixin.py:188} INFO - [2024-10-20T10:32:33.886+0000] {dag.py:3834} INFO - Setting next_dagrun for example_python_decorator to None, run_after=None
[2024-10-20T10:32:33.898+0000] {processor.py:183} INFO - Processing /home/airflow/.local/lib/python3.8/site-packages/airflow/example_dags/example_python_decorator.py took 0.053 seconds
[2024-10-20T10:33:04.602+0000] {processor.py:161} INFO - Started process (PID=1471) to work on /home/airflow/.local/lib/python3.8/site-packages/airflow/example_dags/example_python_decorator.py
[2024-10-20T10:33:04.604+0000] {processor.py:830} INFO - Processing file /home/airflow/.local/lib/python3.8/site-packages/airflow/example_dags/example_python_decorator.py for tasks to queue
[2024-10-20T10:33:04.606+0000] {logging_mixin.py:188} INFO - [2024-10-20T10:33:04.605+0000] {dagbag.py:540} INFO - Filling up the DagBag from /home/airflow/.local/lib/python3.8/site-packages/airflow/example_dags/example_python_decorator.py
[2024-10-20T10:33:04.615+0000] {processor.py:840} INFO - DAG(s) 'example_python_decorator' retrieved from /home/airflow/.local/lib/python3.8/site-packages/airflow/example_dags/example_python_decorator.py
[2024-10-20T10:33:04.629+0000] {logging_mixin.py:188} INFO - [2024-10-20T10:33:04.628+0000] {dag.py:3047} INFO - Sync 1 DAGs
[2024-10-20T10:33:04.637+0000] {logging_mixin.py:188} INFO - [2024-10-20T10:33:04.637+0000] {dag.py:3834} INFO - Setting next_dagrun for example_python_decorator to None, run_after=None
[2024-10-20T10:33:04.648+0000] {processor.py:183} INFO - Processing /home/airflow/.local/lib/python3.8/site-packages/airflow/example_dags/example_python_decorator.py took 0.048 seconds
[2024-10-20T10:33:34.700+0000] {processor.py:161} INFO - Started process (PID=1526) to work on /home/airflow/.local/lib/python3.8/site-packages/airflow/example_dags/example_python_decorator.py
[2024-10-20T10:33:34.702+0000] {processor.py:830} INFO - Processing file /home/airflow/.local/lib/python3.8/site-packages/airflow/example_dags/example_python_decorator.py for tasks to queue
[2024-10-20T10:33:34.705+0000] {logging_mixin.py:188} INFO - [2024-10-20T10:33:34.705+0000] {dagbag.py:540} INFO - Filling up the DagBag from /home/airflow/.local/lib/python3.8/site-packages/airflow/example_dags/example_python_decorator.py
[2024-10-20T10:33:34.714+0000] {processor.py:840} INFO - DAG(s) 'example_python_decorator' retrieved from /home/airflow/.local/lib/python3.8/site-packages/airflow/example_dags/example_python_decorator.py
[2024-10-20T10:33:34.729+0000] {logging_mixin.py:188} INFO - [2024-10-20T10:33:34.729+0000] {dag.py:3047} INFO - Sync 1 DAGs
[2024-10-20T10:33:34.738+0000] {logging_mixin.py:188} INFO - [2024-10-20T10:33:34.738+0000] {dag.py:3834} INFO - Setting next_dagrun for example_python_decorator to None, run_after=None
[2024-10-20T10:33:34.749+0000] {processor.py:183} INFO - Processing /home/airflow/.local/lib/python3.8/site-packages/airflow/example_dags/example_python_decorator.py took 0.051 seconds
[2024-10-20T10:34:04.826+0000] {processor.py:161} INFO - Started process (PID=1581) to work on /home/airflow/.local/lib/python3.8/site-packages/airflow/example_dags/example_python_decorator.py
[2024-10-20T10:34:04.827+0000] {processor.py:830} INFO - Processing file /home/airflow/.local/lib/python3.8/site-packages/airflow/example_dags/example_python_decorator.py for tasks to queue
[2024-10-20T10:34:04.828+0000] {logging_mixin.py:188} INFO - [2024-10-20T10:34:04.828+0000] {dagbag.py:540} INFO - Filling up the DagBag from /home/airflow/.local/lib/python3.8/site-packages/airflow/example_dags/example_python_decorator.py
[2024-10-20T10:34:04.837+0000] {processor.py:840} INFO - DAG(s) 'example_python_decorator' retrieved from /home/airflow/.local/lib/python3.8/site-packages/airflow/example_dags/example_python_decorator.py
[2024-10-20T10:34:04.851+0000] {logging_mixin.py:188} INFO - [2024-10-20T10:34:04.851+0000] {dag.py:3047} INFO - Sync 1 DAGs
[2024-10-20T10:34:04.859+0000] {logging_mixin.py:188} INFO - [2024-10-20T10:34:04.859+0000] {dag.py:3834} INFO - Setting next_dagrun for example_python_decorator to None, run_after=None
[2024-10-20T10:34:04.872+0000] {processor.py:183} INFO - Processing /home/airflow/.local/lib/python3.8/site-packages/airflow/example_dags/example_python_decorator.py took 0.048 seconds
[2024-10-20T10:34:35.548+0000] {processor.py:161} INFO - Started process (PID=1636) to work on /home/airflow/.local/lib/python3.8/site-packages/airflow/example_dags/example_python_decorator.py
[2024-10-20T10:34:35.548+0000] {processor.py:830} INFO - Processing file /home/airflow/.local/lib/python3.8/site-packages/airflow/example_dags/example_python_decorator.py for tasks to queue
[2024-10-20T10:34:35.549+0000] {logging_mixin.py:188} INFO - [2024-10-20T10:34:35.549+0000] {dagbag.py:540} INFO - Filling up the DagBag from /home/airflow/.local/lib/python3.8/site-packages/airflow/example_dags/example_python_decorator.py
[2024-10-20T10:34:35.559+0000] {processor.py:840} INFO - DAG(s) 'example_python_decorator' retrieved from /home/airflow/.local/lib/python3.8/site-packages/airflow/example_dags/example_python_decorator.py
[2024-10-20T10:34:35.573+0000] {logging_mixin.py:188} INFO - [2024-10-20T10:34:35.573+0000] {dag.py:3047} INFO - Sync 1 DAGs
[2024-10-20T10:34:35.581+0000] {logging_mixin.py:188} INFO - [2024-10-20T10:34:35.581+0000] {dag.py:3834} INFO - Setting next_dagrun for example_python_decorator to None, run_after=None
[2024-10-20T10:34:35.592+0000] {processor.py:183} INFO - Processing /home/airflow/.local/lib/python3.8/site-packages/airflow/example_dags/example_python_decorator.py took 0.047 seconds
[2024-10-20T10:35:49.873+0000] {processor.py:161} INFO - Started process (PID=78) to work on /home/airflow/.local/lib/python3.8/site-packages/airflow/example_dags/example_python_decorator.py
[2024-10-20T10:35:49.877+0000] {processor.py:830} INFO - Processing file /home/airflow/.local/lib/python3.8/site-packages/airflow/example_dags/example_python_decorator.py for tasks to queue
[2024-10-20T10:35:49.882+0000] {logging_mixin.py:188} INFO - [2024-10-20T10:35:49.882+0000] {dagbag.py:540} INFO - Filling up the DagBag from /home/airflow/.local/lib/python3.8/site-packages/airflow/example_dags/example_python_decorator.py
[2024-10-20T10:35:49.908+0000] {processor.py:840} INFO - DAG(s) 'example_python_decorator' retrieved from /home/airflow/.local/lib/python3.8/site-packages/airflow/example_dags/example_python_decorator.py
[2024-10-20T10:35:49.930+0000] {logging_mixin.py:188} INFO - [2024-10-20T10:35:49.930+0000] {dag.py:3047} INFO - Sync 1 DAGs
[2024-10-20T10:35:49.951+0000] {logging_mixin.py:188} INFO - [2024-10-20T10:35:49.951+0000] {dag.py:3834} INFO - Setting next_dagrun for example_python_decorator to None, run_after=None
[2024-10-20T10:35:50.005+0000] {processor.py:183} INFO - Processing /home/airflow/.local/lib/python3.8/site-packages/airflow/example_dags/example_python_decorator.py took 0.136 seconds
[2024-10-20T10:36:20.322+0000] {processor.py:161} INFO - Started process (PID=133) to work on /home/airflow/.local/lib/python3.8/site-packages/airflow/example_dags/example_python_decorator.py
[2024-10-20T10:36:20.324+0000] {processor.py:830} INFO - Processing file /home/airflow/.local/lib/python3.8/site-packages/airflow/example_dags/example_python_decorator.py for tasks to queue
[2024-10-20T10:36:20.326+0000] {logging_mixin.py:188} INFO - [2024-10-20T10:36:20.326+0000] {dagbag.py:540} INFO - Filling up the DagBag from /home/airflow/.local/lib/python3.8/site-packages/airflow/example_dags/example_python_decorator.py
[2024-10-20T10:36:20.341+0000] {processor.py:840} INFO - DAG(s) 'example_python_decorator' retrieved from /home/airflow/.local/lib/python3.8/site-packages/airflow/example_dags/example_python_decorator.py
[2024-10-20T10:36:20.422+0000] {logging_mixin.py:188} INFO - [2024-10-20T10:36:20.421+0000] {dag.py:3047} INFO - Sync 1 DAGs
[2024-10-20T10:36:20.433+0000] {logging_mixin.py:188} INFO - [2024-10-20T10:36:20.432+0000] {dag.py:3834} INFO - Setting next_dagrun for example_python_decorator to None, run_after=None
[2024-10-20T10:36:20.448+0000] {processor.py:183} INFO - Processing /home/airflow/.local/lib/python3.8/site-packages/airflow/example_dags/example_python_decorator.py took 0.130 seconds
[2024-10-20T10:36:50.498+0000] {processor.py:161} INFO - Started process (PID=189) to work on /home/airflow/.local/lib/python3.8/site-packages/airflow/example_dags/example_python_decorator.py
[2024-10-20T10:36:50.500+0000] {processor.py:830} INFO - Processing file /home/airflow/.local/lib/python3.8/site-packages/airflow/example_dags/example_python_decorator.py for tasks to queue
[2024-10-20T10:36:50.501+0000] {logging_mixin.py:188} INFO - [2024-10-20T10:36:50.501+0000] {dagbag.py:540} INFO - Filling up the DagBag from /home/airflow/.local/lib/python3.8/site-packages/airflow/example_dags/example_python_decorator.py
[2024-10-20T10:36:50.511+0000] {processor.py:840} INFO - DAG(s) 'example_python_decorator' retrieved from /home/airflow/.local/lib/python3.8/site-packages/airflow/example_dags/example_python_decorator.py
[2024-10-20T10:36:50.532+0000] {logging_mixin.py:188} INFO - [2024-10-20T10:36:50.531+0000] {dag.py:3047} INFO - Sync 1 DAGs
[2024-10-20T10:36:50.540+0000] {logging_mixin.py:188} INFO - [2024-10-20T10:36:50.540+0000] {dag.py:3834} INFO - Setting next_dagrun for example_python_decorator to None, run_after=None
[2024-10-20T10:36:50.558+0000] {processor.py:183} INFO - Processing /home/airflow/.local/lib/python3.8/site-packages/airflow/example_dags/example_python_decorator.py took 0.062 seconds
[2024-10-20T10:37:20.875+0000] {processor.py:161} INFO - Started process (PID=251) to work on /home/airflow/.local/lib/python3.8/site-packages/airflow/example_dags/example_python_decorator.py
[2024-10-20T10:37:20.876+0000] {processor.py:830} INFO - Processing file /home/airflow/.local/lib/python3.8/site-packages/airflow/example_dags/example_python_decorator.py for tasks to queue
[2024-10-20T10:37:20.879+0000] {logging_mixin.py:188} INFO - [2024-10-20T10:37:20.878+0000] {dagbag.py:540} INFO - Filling up the DagBag from /home/airflow/.local/lib/python3.8/site-packages/airflow/example_dags/example_python_decorator.py
[2024-10-20T10:37:20.893+0000] {processor.py:840} INFO - DAG(s) 'example_python_decorator' retrieved from /home/airflow/.local/lib/python3.8/site-packages/airflow/example_dags/example_python_decorator.py
[2024-10-20T10:37:20.926+0000] {logging_mixin.py:188} INFO - [2024-10-20T10:37:20.926+0000] {dag.py:3047} INFO - Sync 1 DAGs
[2024-10-20T10:37:20.940+0000] {logging_mixin.py:188} INFO - [2024-10-20T10:37:20.940+0000] {dag.py:3834} INFO - Setting next_dagrun for example_python_decorator to None, run_after=None
[2024-10-20T10:37:20.964+0000] {processor.py:183} INFO - Processing /home/airflow/.local/lib/python3.8/site-packages/airflow/example_dags/example_python_decorator.py took 0.093 seconds
[2024-10-20T10:37:51.484+0000] {processor.py:161} INFO - Started process (PID=306) to work on /home/airflow/.local/lib/python3.8/site-packages/airflow/example_dags/example_python_decorator.py
[2024-10-20T10:37:51.485+0000] {processor.py:830} INFO - Processing file /home/airflow/.local/lib/python3.8/site-packages/airflow/example_dags/example_python_decorator.py for tasks to queue
[2024-10-20T10:37:51.486+0000] {logging_mixin.py:188} INFO - [2024-10-20T10:37:51.486+0000] {dagbag.py:540} INFO - Filling up the DagBag from /home/airflow/.local/lib/python3.8/site-packages/airflow/example_dags/example_python_decorator.py
[2024-10-20T10:37:51.496+0000] {processor.py:840} INFO - DAG(s) 'example_python_decorator' retrieved from /home/airflow/.local/lib/python3.8/site-packages/airflow/example_dags/example_python_decorator.py
[2024-10-20T10:37:51.512+0000] {logging_mixin.py:188} INFO - [2024-10-20T10:37:51.512+0000] {dag.py:3047} INFO - Sync 1 DAGs
[2024-10-20T10:37:51.522+0000] {logging_mixin.py:188} INFO - [2024-10-20T10:37:51.522+0000] {dag.py:3834} INFO - Setting next_dagrun for example_python_decorator to None, run_after=None
[2024-10-20T10:37:51.543+0000] {processor.py:183} INFO - Processing /home/airflow/.local/lib/python3.8/site-packages/airflow/example_dags/example_python_decorator.py took 0.062 seconds
[2024-10-20T10:38:21.597+0000] {processor.py:161} INFO - Started process (PID=362) to work on /home/airflow/.local/lib/python3.8/site-packages/airflow/example_dags/example_python_decorator.py
[2024-10-20T10:38:21.598+0000] {processor.py:830} INFO - Processing file /home/airflow/.local/lib/python3.8/site-packages/airflow/example_dags/example_python_decorator.py for tasks to queue
[2024-10-20T10:38:21.600+0000] {logging_mixin.py:188} INFO - [2024-10-20T10:38:21.600+0000] {dagbag.py:540} INFO - Filling up the DagBag from /home/airflow/.local/lib/python3.8/site-packages/airflow/example_dags/example_python_decorator.py
[2024-10-20T10:38:21.614+0000] {processor.py:840} INFO - DAG(s) 'example_python_decorator' retrieved from /home/airflow/.local/lib/python3.8/site-packages/airflow/example_dags/example_python_decorator.py
[2024-10-20T10:38:21.633+0000] {logging_mixin.py:188} INFO - [2024-10-20T10:38:21.633+0000] {dag.py:3047} INFO - Sync 1 DAGs
[2024-10-20T10:38:21.643+0000] {logging_mixin.py:188} INFO - [2024-10-20T10:38:21.643+0000] {dag.py:3834} INFO - Setting next_dagrun for example_python_decorator to None, run_after=None
[2024-10-20T10:38:21.656+0000] {processor.py:183} INFO - Processing /home/airflow/.local/lib/python3.8/site-packages/airflow/example_dags/example_python_decorator.py took 0.062 seconds
[2024-10-20T10:38:51.949+0000] {processor.py:161} INFO - Started process (PID=418) to work on /home/airflow/.local/lib/python3.8/site-packages/airflow/example_dags/example_python_decorator.py
[2024-10-20T10:38:51.950+0000] {processor.py:830} INFO - Processing file /home/airflow/.local/lib/python3.8/site-packages/airflow/example_dags/example_python_decorator.py for tasks to queue
[2024-10-20T10:38:51.953+0000] {logging_mixin.py:188} INFO - [2024-10-20T10:38:51.953+0000] {dagbag.py:540} INFO - Filling up the DagBag from /home/airflow/.local/lib/python3.8/site-packages/airflow/example_dags/example_python_decorator.py
[2024-10-20T10:38:51.963+0000] {processor.py:840} INFO - DAG(s) 'example_python_decorator' retrieved from /home/airflow/.local/lib/python3.8/site-packages/airflow/example_dags/example_python_decorator.py
[2024-10-20T10:38:51.978+0000] {logging_mixin.py:188} INFO - [2024-10-20T10:38:51.977+0000] {dag.py:3047} INFO - Sync 1 DAGs
[2024-10-20T10:38:51.986+0000] {logging_mixin.py:188} INFO - [2024-10-20T10:38:51.986+0000] {dag.py:3834} INFO - Setting next_dagrun for example_python_decorator to None, run_after=None
[2024-10-20T10:38:52.000+0000] {processor.py:183} INFO - Processing /home/airflow/.local/lib/python3.8/site-packages/airflow/example_dags/example_python_decorator.py took 0.054 seconds
[2024-10-20T10:39:22.088+0000] {processor.py:161} INFO - Started process (PID=474) to work on /home/airflow/.local/lib/python3.8/site-packages/airflow/example_dags/example_python_decorator.py
[2024-10-20T10:39:22.089+0000] {processor.py:830} INFO - Processing file /home/airflow/.local/lib/python3.8/site-packages/airflow/example_dags/example_python_decorator.py for tasks to queue
[2024-10-20T10:39:22.090+0000] {logging_mixin.py:188} INFO - [2024-10-20T10:39:22.090+0000] {dagbag.py:540} INFO - Filling up the DagBag from /home/airflow/.local/lib/python3.8/site-packages/airflow/example_dags/example_python_decorator.py
[2024-10-20T10:39:22.103+0000] {processor.py:840} INFO - DAG(s) 'example_python_decorator' retrieved from /home/airflow/.local/lib/python3.8/site-packages/airflow/example_dags/example_python_decorator.py
[2024-10-20T10:39:22.126+0000] {logging_mixin.py:188} INFO - [2024-10-20T10:39:22.126+0000] {dag.py:3047} INFO - Sync 1 DAGs
[2024-10-20T10:39:22.140+0000] {logging_mixin.py:188} INFO - [2024-10-20T10:39:22.139+0000] {dag.py:3834} INFO - Setting next_dagrun for example_python_decorator to None, run_after=None
[2024-10-20T10:39:22.159+0000] {processor.py:183} INFO - Processing /home/airflow/.local/lib/python3.8/site-packages/airflow/example_dags/example_python_decorator.py took 0.074 seconds
[2024-10-20T10:39:52.470+0000] {processor.py:161} INFO - Started process (PID=530) to work on /home/airflow/.local/lib/python3.8/site-packages/airflow/example_dags/example_python_decorator.py
[2024-10-20T10:39:52.471+0000] {processor.py:830} INFO - Processing file /home/airflow/.local/lib/python3.8/site-packages/airflow/example_dags/example_python_decorator.py for tasks to queue
[2024-10-20T10:39:52.473+0000] {logging_mixin.py:188} INFO - [2024-10-20T10:39:52.473+0000] {dagbag.py:540} INFO - Filling up the DagBag from /home/airflow/.local/lib/python3.8/site-packages/airflow/example_dags/example_python_decorator.py
[2024-10-20T10:39:52.486+0000] {processor.py:840} INFO - DAG(s) 'example_python_decorator' retrieved from /home/airflow/.local/lib/python3.8/site-packages/airflow/example_dags/example_python_decorator.py
[2024-10-20T10:39:52.507+0000] {logging_mixin.py:188} INFO - [2024-10-20T10:39:52.507+0000] {dag.py:3047} INFO - Sync 1 DAGs
[2024-10-20T10:39:52.515+0000] {logging_mixin.py:188} INFO - [2024-10-20T10:39:52.515+0000] {dag.py:3834} INFO - Setting next_dagrun for example_python_decorator to None, run_after=None
[2024-10-20T10:39:52.539+0000] {processor.py:183} INFO - Processing /home/airflow/.local/lib/python3.8/site-packages/airflow/example_dags/example_python_decorator.py took 0.072 seconds
[2024-10-20T10:40:22.618+0000] {processor.py:161} INFO - Started process (PID=586) to work on /home/airflow/.local/lib/python3.8/site-packages/airflow/example_dags/example_python_decorator.py
[2024-10-20T10:40:22.619+0000] {processor.py:830} INFO - Processing file /home/airflow/.local/lib/python3.8/site-packages/airflow/example_dags/example_python_decorator.py for tasks to queue
[2024-10-20T10:40:22.621+0000] {logging_mixin.py:188} INFO - [2024-10-20T10:40:22.620+0000] {dagbag.py:540} INFO - Filling up the DagBag from /home/airflow/.local/lib/python3.8/site-packages/airflow/example_dags/example_python_decorator.py
[2024-10-20T10:40:22.629+0000] {processor.py:840} INFO - DAG(s) 'example_python_decorator' retrieved from /home/airflow/.local/lib/python3.8/site-packages/airflow/example_dags/example_python_decorator.py
[2024-10-20T10:40:22.646+0000] {logging_mixin.py:188} INFO - [2024-10-20T10:40:22.645+0000] {dag.py:3047} INFO - Sync 1 DAGs
[2024-10-20T10:40:22.654+0000] {logging_mixin.py:188} INFO - [2024-10-20T10:40:22.654+0000] {dag.py:3834} INFO - Setting next_dagrun for example_python_decorator to None, run_after=None
[2024-10-20T10:40:22.674+0000] {processor.py:183} INFO - Processing /home/airflow/.local/lib/python3.8/site-packages/airflow/example_dags/example_python_decorator.py took 0.058 seconds
[2024-10-20T10:40:52.738+0000] {processor.py:161} INFO - Started process (PID=642) to work on /home/airflow/.local/lib/python3.8/site-packages/airflow/example_dags/example_python_decorator.py
[2024-10-20T10:40:52.739+0000] {processor.py:830} INFO - Processing file /home/airflow/.local/lib/python3.8/site-packages/airflow/example_dags/example_python_decorator.py for tasks to queue
[2024-10-20T10:40:52.741+0000] {logging_mixin.py:188} INFO - [2024-10-20T10:40:52.740+0000] {dagbag.py:540} INFO - Filling up the DagBag from /home/airflow/.local/lib/python3.8/site-packages/airflow/example_dags/example_python_decorator.py
[2024-10-20T10:40:52.750+0000] {processor.py:840} INFO - DAG(s) 'example_python_decorator' retrieved from /home/airflow/.local/lib/python3.8/site-packages/airflow/example_dags/example_python_decorator.py
[2024-10-20T10:40:52.766+0000] {logging_mixin.py:188} INFO - [2024-10-20T10:40:52.766+0000] {dag.py:3047} INFO - Sync 1 DAGs
[2024-10-20T10:40:52.775+0000] {logging_mixin.py:188} INFO - [2024-10-20T10:40:52.775+0000] {dag.py:3834} INFO - Setting next_dagrun for example_python_decorator to None, run_after=None
[2024-10-20T10:40:52.788+0000] {processor.py:183} INFO - Processing /home/airflow/.local/lib/python3.8/site-packages/airflow/example_dags/example_python_decorator.py took 0.053 seconds
[2024-10-20T10:41:23.232+0000] {processor.py:161} INFO - Started process (PID=698) to work on /home/airflow/.local/lib/python3.8/site-packages/airflow/example_dags/example_python_decorator.py
[2024-10-20T10:41:23.233+0000] {processor.py:830} INFO - Processing file /home/airflow/.local/lib/python3.8/site-packages/airflow/example_dags/example_python_decorator.py for tasks to queue
[2024-10-20T10:41:23.234+0000] {logging_mixin.py:188} INFO - [2024-10-20T10:41:23.234+0000] {dagbag.py:540} INFO - Filling up the DagBag from /home/airflow/.local/lib/python3.8/site-packages/airflow/example_dags/example_python_decorator.py
[2024-10-20T10:41:23.246+0000] {processor.py:840} INFO - DAG(s) 'example_python_decorator' retrieved from /home/airflow/.local/lib/python3.8/site-packages/airflow/example_dags/example_python_decorator.py
[2024-10-20T10:41:23.261+0000] {logging_mixin.py:188} INFO - [2024-10-20T10:41:23.261+0000] {dag.py:3047} INFO - Sync 1 DAGs
[2024-10-20T10:41:23.269+0000] {logging_mixin.py:188} INFO - [2024-10-20T10:41:23.268+0000] {dag.py:3834} INFO - Setting next_dagrun for example_python_decorator to None, run_after=None
[2024-10-20T10:41:23.286+0000] {processor.py:183} INFO - Processing /home/airflow/.local/lib/python3.8/site-packages/airflow/example_dags/example_python_decorator.py took 0.056 seconds
[2024-10-20T10:41:53.823+0000] {processor.py:161} INFO - Started process (PID=754) to work on /home/airflow/.local/lib/python3.8/site-packages/airflow/example_dags/example_python_decorator.py
[2024-10-20T10:41:53.825+0000] {processor.py:830} INFO - Processing file /home/airflow/.local/lib/python3.8/site-packages/airflow/example_dags/example_python_decorator.py for tasks to queue
[2024-10-20T10:41:53.827+0000] {logging_mixin.py:188} INFO - [2024-10-20T10:41:53.826+0000] {dagbag.py:540} INFO - Filling up the DagBag from /home/airflow/.local/lib/python3.8/site-packages/airflow/example_dags/example_python_decorator.py
[2024-10-20T10:41:53.841+0000] {processor.py:840} INFO - DAG(s) 'example_python_decorator' retrieved from /home/airflow/.local/lib/python3.8/site-packages/airflow/example_dags/example_python_decorator.py
[2024-10-20T10:41:53.871+0000] {logging_mixin.py:188} INFO - [2024-10-20T10:41:53.871+0000] {dag.py:3047} INFO - Sync 1 DAGs
[2024-10-20T10:41:53.895+0000] {logging_mixin.py:188} INFO - [2024-10-20T10:41:53.894+0000] {dag.py:3834} INFO - Setting next_dagrun for example_python_decorator to None, run_after=None
[2024-10-20T10:41:53.925+0000] {processor.py:183} INFO - Processing /home/airflow/.local/lib/python3.8/site-packages/airflow/example_dags/example_python_decorator.py took 0.106 seconds
[2024-10-20T10:42:23.968+0000] {processor.py:161} INFO - Started process (PID=810) to work on /home/airflow/.local/lib/python3.8/site-packages/airflow/example_dags/example_python_decorator.py
[2024-10-20T10:42:23.969+0000] {processor.py:830} INFO - Processing file /home/airflow/.local/lib/python3.8/site-packages/airflow/example_dags/example_python_decorator.py for tasks to queue
[2024-10-20T10:42:23.971+0000] {logging_mixin.py:188} INFO - [2024-10-20T10:42:23.970+0000] {dagbag.py:540} INFO - Filling up the DagBag from /home/airflow/.local/lib/python3.8/site-packages/airflow/example_dags/example_python_decorator.py
[2024-10-20T10:42:23.979+0000] {processor.py:840} INFO - DAG(s) 'example_python_decorator' retrieved from /home/airflow/.local/lib/python3.8/site-packages/airflow/example_dags/example_python_decorator.py
[2024-10-20T10:42:23.993+0000] {logging_mixin.py:188} INFO - [2024-10-20T10:42:23.993+0000] {dag.py:3047} INFO - Sync 1 DAGs
[2024-10-20T10:42:24.001+0000] {logging_mixin.py:188} INFO - [2024-10-20T10:42:24.001+0000] {dag.py:3834} INFO - Setting next_dagrun for example_python_decorator to None, run_after=None
[2024-10-20T10:42:24.014+0000] {processor.py:183} INFO - Processing /home/airflow/.local/lib/python3.8/site-packages/airflow/example_dags/example_python_decorator.py took 0.048 seconds
[2024-10-20T10:42:54.247+0000] {processor.py:161} INFO - Started process (PID=866) to work on /home/airflow/.local/lib/python3.8/site-packages/airflow/example_dags/example_python_decorator.py
[2024-10-20T10:42:54.249+0000] {processor.py:830} INFO - Processing file /home/airflow/.local/lib/python3.8/site-packages/airflow/example_dags/example_python_decorator.py for tasks to queue
[2024-10-20T10:42:54.252+0000] {logging_mixin.py:188} INFO - [2024-10-20T10:42:54.251+0000] {dagbag.py:540} INFO - Filling up the DagBag from /home/airflow/.local/lib/python3.8/site-packages/airflow/example_dags/example_python_decorator.py
[2024-10-20T10:42:54.263+0000] {processor.py:840} INFO - DAG(s) 'example_python_decorator' retrieved from /home/airflow/.local/lib/python3.8/site-packages/airflow/example_dags/example_python_decorator.py
[2024-10-20T10:42:54.284+0000] {logging_mixin.py:188} INFO - [2024-10-20T10:42:54.284+0000] {dag.py:3047} INFO - Sync 1 DAGs
[2024-10-20T10:42:54.293+0000] {logging_mixin.py:188} INFO - [2024-10-20T10:42:54.293+0000] {dag.py:3834} INFO - Setting next_dagrun for example_python_decorator to None, run_after=None
[2024-10-20T10:42:54.315+0000] {processor.py:183} INFO - Processing /home/airflow/.local/lib/python3.8/site-packages/airflow/example_dags/example_python_decorator.py took 0.070 seconds
[2024-10-20T10:43:24.657+0000] {processor.py:161} INFO - Started process (PID=922) to work on /home/airflow/.local/lib/python3.8/site-packages/airflow/example_dags/example_python_decorator.py
[2024-10-20T10:43:24.659+0000] {processor.py:830} INFO - Processing file /home/airflow/.local/lib/python3.8/site-packages/airflow/example_dags/example_python_decorator.py for tasks to queue
[2024-10-20T10:43:24.660+0000] {logging_mixin.py:188} INFO - [2024-10-20T10:43:24.660+0000] {dagbag.py:540} INFO - Filling up the DagBag from /home/airflow/.local/lib/python3.8/site-packages/airflow/example_dags/example_python_decorator.py
[2024-10-20T10:43:24.675+0000] {processor.py:840} INFO - DAG(s) 'example_python_decorator' retrieved from /home/airflow/.local/lib/python3.8/site-packages/airflow/example_dags/example_python_decorator.py
[2024-10-20T10:43:24.694+0000] {logging_mixin.py:188} INFO - [2024-10-20T10:43:24.694+0000] {dag.py:3047} INFO - Sync 1 DAGs
[2024-10-20T10:43:24.708+0000] {logging_mixin.py:188} INFO - [2024-10-20T10:43:24.707+0000] {dag.py:3834} INFO - Setting next_dagrun for example_python_decorator to None, run_after=None
[2024-10-20T10:43:24.727+0000] {processor.py:183} INFO - Processing /home/airflow/.local/lib/python3.8/site-packages/airflow/example_dags/example_python_decorator.py took 0.073 seconds
[2024-10-20T10:43:54.925+0000] {processor.py:161} INFO - Started process (PID=978) to work on /home/airflow/.local/lib/python3.8/site-packages/airflow/example_dags/example_python_decorator.py
[2024-10-20T10:43:54.926+0000] {processor.py:830} INFO - Processing file /home/airflow/.local/lib/python3.8/site-packages/airflow/example_dags/example_python_decorator.py for tasks to queue
[2024-10-20T10:43:54.927+0000] {logging_mixin.py:188} INFO - [2024-10-20T10:43:54.927+0000] {dagbag.py:540} INFO - Filling up the DagBag from /home/airflow/.local/lib/python3.8/site-packages/airflow/example_dags/example_python_decorator.py
[2024-10-20T10:43:54.940+0000] {processor.py:840} INFO - DAG(s) 'example_python_decorator' retrieved from /home/airflow/.local/lib/python3.8/site-packages/airflow/example_dags/example_python_decorator.py
[2024-10-20T10:43:54.962+0000] {logging_mixin.py:188} INFO - [2024-10-20T10:43:54.962+0000] {dag.py:3047} INFO - Sync 1 DAGs
[2024-10-20T10:43:54.975+0000] {logging_mixin.py:188} INFO - [2024-10-20T10:43:54.975+0000] {dag.py:3834} INFO - Setting next_dagrun for example_python_decorator to None, run_after=None
[2024-10-20T10:43:55.003+0000] {processor.py:183} INFO - Processing /home/airflow/.local/lib/python3.8/site-packages/airflow/example_dags/example_python_decorator.py took 0.081 seconds
[2024-10-20T10:44:25.088+0000] {processor.py:161} INFO - Started process (PID=1034) to work on /home/airflow/.local/lib/python3.8/site-packages/airflow/example_dags/example_python_decorator.py
[2024-10-20T10:44:25.089+0000] {processor.py:830} INFO - Processing file /home/airflow/.local/lib/python3.8/site-packages/airflow/example_dags/example_python_decorator.py for tasks to queue
[2024-10-20T10:44:25.090+0000] {logging_mixin.py:188} INFO - [2024-10-20T10:44:25.090+0000] {dagbag.py:540} INFO - Filling up the DagBag from /home/airflow/.local/lib/python3.8/site-packages/airflow/example_dags/example_python_decorator.py
[2024-10-20T10:44:25.101+0000] {processor.py:840} INFO - DAG(s) 'example_python_decorator' retrieved from /home/airflow/.local/lib/python3.8/site-packages/airflow/example_dags/example_python_decorator.py
[2024-10-20T10:44:25.120+0000] {logging_mixin.py:188} INFO - [2024-10-20T10:44:25.119+0000] {dag.py:3047} INFO - Sync 1 DAGs
[2024-10-20T10:44:25.127+0000] {logging_mixin.py:188} INFO - [2024-10-20T10:44:25.127+0000] {dag.py:3834} INFO - Setting next_dagrun for example_python_decorator to None, run_after=None
[2024-10-20T10:44:25.144+0000] {processor.py:183} INFO - Processing /home/airflow/.local/lib/python3.8/site-packages/airflow/example_dags/example_python_decorator.py took 0.058 seconds
[2024-10-20T10:44:55.384+0000] {processor.py:161} INFO - Started process (PID=1090) to work on /home/airflow/.local/lib/python3.8/site-packages/airflow/example_dags/example_python_decorator.py
[2024-10-20T10:44:55.385+0000] {processor.py:830} INFO - Processing file /home/airflow/.local/lib/python3.8/site-packages/airflow/example_dags/example_python_decorator.py for tasks to queue
[2024-10-20T10:44:55.387+0000] {logging_mixin.py:188} INFO - [2024-10-20T10:44:55.387+0000] {dagbag.py:540} INFO - Filling up the DagBag from /home/airflow/.local/lib/python3.8/site-packages/airflow/example_dags/example_python_decorator.py
[2024-10-20T10:44:55.397+0000] {processor.py:840} INFO - DAG(s) 'example_python_decorator' retrieved from /home/airflow/.local/lib/python3.8/site-packages/airflow/example_dags/example_python_decorator.py
[2024-10-20T10:44:55.413+0000] {logging_mixin.py:188} INFO - [2024-10-20T10:44:55.413+0000] {dag.py:3047} INFO - Sync 1 DAGs
[2024-10-20T10:44:55.424+0000] {logging_mixin.py:188} INFO - [2024-10-20T10:44:55.424+0000] {dag.py:3834} INFO - Setting next_dagrun for example_python_decorator to None, run_after=None
[2024-10-20T10:44:55.441+0000] {processor.py:183} INFO - Processing /home/airflow/.local/lib/python3.8/site-packages/airflow/example_dags/example_python_decorator.py took 0.059 seconds
[2024-10-20T10:45:25.639+0000] {processor.py:161} INFO - Started process (PID=1146) to work on /home/airflow/.local/lib/python3.8/site-packages/airflow/example_dags/example_python_decorator.py
[2024-10-20T10:45:25.641+0000] {processor.py:830} INFO - Processing file /home/airflow/.local/lib/python3.8/site-packages/airflow/example_dags/example_python_decorator.py for tasks to queue
[2024-10-20T10:45:25.642+0000] {logging_mixin.py:188} INFO - [2024-10-20T10:45:25.642+0000] {dagbag.py:540} INFO - Filling up the DagBag from /home/airflow/.local/lib/python3.8/site-packages/airflow/example_dags/example_python_decorator.py
[2024-10-20T10:45:25.652+0000] {processor.py:840} INFO - DAG(s) 'example_python_decorator' retrieved from /home/airflow/.local/lib/python3.8/site-packages/airflow/example_dags/example_python_decorator.py
[2024-10-20T10:45:25.671+0000] {logging_mixin.py:188} INFO - [2024-10-20T10:45:25.671+0000] {dag.py:3047} INFO - Sync 1 DAGs
[2024-10-20T10:45:25.680+0000] {logging_mixin.py:188} INFO - [2024-10-20T10:45:25.680+0000] {dag.py:3834} INFO - Setting next_dagrun for example_python_decorator to None, run_after=None
[2024-10-20T10:45:25.705+0000] {processor.py:183} INFO - Processing /home/airflow/.local/lib/python3.8/site-packages/airflow/example_dags/example_python_decorator.py took 0.068 seconds
[2024-10-20T10:45:55.907+0000] {processor.py:161} INFO - Started process (PID=1202) to work on /home/airflow/.local/lib/python3.8/site-packages/airflow/example_dags/example_python_decorator.py
[2024-10-20T10:45:55.908+0000] {processor.py:830} INFO - Processing file /home/airflow/.local/lib/python3.8/site-packages/airflow/example_dags/example_python_decorator.py for tasks to queue
[2024-10-20T10:45:55.909+0000] {logging_mixin.py:188} INFO - [2024-10-20T10:45:55.909+0000] {dagbag.py:540} INFO - Filling up the DagBag from /home/airflow/.local/lib/python3.8/site-packages/airflow/example_dags/example_python_decorator.py
[2024-10-20T10:45:55.921+0000] {processor.py:840} INFO - DAG(s) 'example_python_decorator' retrieved from /home/airflow/.local/lib/python3.8/site-packages/airflow/example_dags/example_python_decorator.py
[2024-10-20T10:45:55.941+0000] {logging_mixin.py:188} INFO - [2024-10-20T10:45:55.941+0000] {dag.py:3047} INFO - Sync 1 DAGs
[2024-10-20T10:45:55.950+0000] {logging_mixin.py:188} INFO - [2024-10-20T10:45:55.949+0000] {dag.py:3834} INFO - Setting next_dagrun for example_python_decorator to None, run_after=None
[2024-10-20T10:45:55.965+0000] {processor.py:183} INFO - Processing /home/airflow/.local/lib/python3.8/site-packages/airflow/example_dags/example_python_decorator.py took 0.061 seconds
[2024-10-20T10:46:26.086+0000] {processor.py:161} INFO - Started process (PID=1258) to work on /home/airflow/.local/lib/python3.8/site-packages/airflow/example_dags/example_python_decorator.py
[2024-10-20T10:46:26.088+0000] {processor.py:830} INFO - Processing file /home/airflow/.local/lib/python3.8/site-packages/airflow/example_dags/example_python_decorator.py for tasks to queue
[2024-10-20T10:46:26.089+0000] {logging_mixin.py:188} INFO - [2024-10-20T10:46:26.089+0000] {dagbag.py:540} INFO - Filling up the DagBag from /home/airflow/.local/lib/python3.8/site-packages/airflow/example_dags/example_python_decorator.py
[2024-10-20T10:46:26.098+0000] {processor.py:840} INFO - DAG(s) 'example_python_decorator' retrieved from /home/airflow/.local/lib/python3.8/site-packages/airflow/example_dags/example_python_decorator.py
[2024-10-20T10:46:26.117+0000] {logging_mixin.py:188} INFO - [2024-10-20T10:46:26.117+0000] {dag.py:3047} INFO - Sync 1 DAGs
[2024-10-20T10:46:26.125+0000] {logging_mixin.py:188} INFO - [2024-10-20T10:46:26.125+0000] {dag.py:3834} INFO - Setting next_dagrun for example_python_decorator to None, run_after=None
[2024-10-20T10:46:26.143+0000] {processor.py:183} INFO - Processing /home/airflow/.local/lib/python3.8/site-packages/airflow/example_dags/example_python_decorator.py took 0.059 seconds
[2024-10-20T10:46:56.514+0000] {processor.py:161} INFO - Started process (PID=1314) to work on /home/airflow/.local/lib/python3.8/site-packages/airflow/example_dags/example_python_decorator.py
[2024-10-20T10:46:56.516+0000] {processor.py:830} INFO - Processing file /home/airflow/.local/lib/python3.8/site-packages/airflow/example_dags/example_python_decorator.py for tasks to queue
[2024-10-20T10:46:56.518+0000] {logging_mixin.py:188} INFO - [2024-10-20T10:46:56.518+0000] {dagbag.py:540} INFO - Filling up the DagBag from /home/airflow/.local/lib/python3.8/site-packages/airflow/example_dags/example_python_decorator.py
[2024-10-20T10:46:56.532+0000] {processor.py:840} INFO - DAG(s) 'example_python_decorator' retrieved from /home/airflow/.local/lib/python3.8/site-packages/airflow/example_dags/example_python_decorator.py
[2024-10-20T10:46:56.556+0000] {logging_mixin.py:188} INFO - [2024-10-20T10:46:56.556+0000] {dag.py:3047} INFO - Sync 1 DAGs
[2024-10-20T10:46:56.571+0000] {logging_mixin.py:188} INFO - [2024-10-20T10:46:56.571+0000] {dag.py:3834} INFO - Setting next_dagrun for example_python_decorator to None, run_after=None
[2024-10-20T10:46:56.591+0000] {processor.py:183} INFO - Processing /home/airflow/.local/lib/python3.8/site-packages/airflow/example_dags/example_python_decorator.py took 0.081 seconds
[2024-10-20T10:47:26.950+0000] {processor.py:161} INFO - Started process (PID=1370) to work on /home/airflow/.local/lib/python3.8/site-packages/airflow/example_dags/example_python_decorator.py
[2024-10-20T10:47:26.952+0000] {processor.py:830} INFO - Processing file /home/airflow/.local/lib/python3.8/site-packages/airflow/example_dags/example_python_decorator.py for tasks to queue
[2024-10-20T10:47:26.953+0000] {logging_mixin.py:188} INFO - [2024-10-20T10:47:26.953+0000] {dagbag.py:540} INFO - Filling up the DagBag from /home/airflow/.local/lib/python3.8/site-packages/airflow/example_dags/example_python_decorator.py
[2024-10-20T10:47:26.965+0000] {processor.py:840} INFO - DAG(s) 'example_python_decorator' retrieved from /home/airflow/.local/lib/python3.8/site-packages/airflow/example_dags/example_python_decorator.py
[2024-10-20T10:47:26.986+0000] {logging_mixin.py:188} INFO - [2024-10-20T10:47:26.986+0000] {dag.py:3047} INFO - Sync 1 DAGs
[2024-10-20T10:47:26.998+0000] {logging_mixin.py:188} INFO - [2024-10-20T10:47:26.998+0000] {dag.py:3834} INFO - Setting next_dagrun for example_python_decorator to None, run_after=None
[2024-10-20T10:47:27.014+0000] {processor.py:183} INFO - Processing /home/airflow/.local/lib/python3.8/site-packages/airflow/example_dags/example_python_decorator.py took 0.066 seconds
[2024-10-20T10:47:57.346+0000] {processor.py:161} INFO - Started process (PID=1426) to work on /home/airflow/.local/lib/python3.8/site-packages/airflow/example_dags/example_python_decorator.py
[2024-10-20T10:47:57.348+0000] {processor.py:830} INFO - Processing file /home/airflow/.local/lib/python3.8/site-packages/airflow/example_dags/example_python_decorator.py for tasks to queue
[2024-10-20T10:47:57.349+0000] {logging_mixin.py:188} INFO - [2024-10-20T10:47:57.349+0000] {dagbag.py:540} INFO - Filling up the DagBag from /home/airflow/.local/lib/python3.8/site-packages/airflow/example_dags/example_python_decorator.py
[2024-10-20T10:47:57.358+0000] {processor.py:840} INFO - DAG(s) 'example_python_decorator' retrieved from /home/airflow/.local/lib/python3.8/site-packages/airflow/example_dags/example_python_decorator.py
[2024-10-20T10:47:57.377+0000] {logging_mixin.py:188} INFO - [2024-10-20T10:47:57.377+0000] {dag.py:3047} INFO - Sync 1 DAGs
[2024-10-20T10:47:57.390+0000] {logging_mixin.py:188} INFO - [2024-10-20T10:47:57.390+0000] {dag.py:3834} INFO - Setting next_dagrun for example_python_decorator to None, run_after=None
[2024-10-20T10:47:57.423+0000] {processor.py:183} INFO - Processing /home/airflow/.local/lib/python3.8/site-packages/airflow/example_dags/example_python_decorator.py took 0.079 seconds
[2024-10-20T10:48:27.591+0000] {processor.py:161} INFO - Started process (PID=1482) to work on /home/airflow/.local/lib/python3.8/site-packages/airflow/example_dags/example_python_decorator.py
[2024-10-20T10:48:27.593+0000] {processor.py:830} INFO - Processing file /home/airflow/.local/lib/python3.8/site-packages/airflow/example_dags/example_python_decorator.py for tasks to queue
[2024-10-20T10:48:27.595+0000] {logging_mixin.py:188} INFO - [2024-10-20T10:48:27.594+0000] {dagbag.py:540} INFO - Filling up the DagBag from /home/airflow/.local/lib/python3.8/site-packages/airflow/example_dags/example_python_decorator.py
[2024-10-20T10:48:27.608+0000] {processor.py:840} INFO - DAG(s) 'example_python_decorator' retrieved from /home/airflow/.local/lib/python3.8/site-packages/airflow/example_dags/example_python_decorator.py
[2024-10-20T10:48:27.632+0000] {logging_mixin.py:188} INFO - [2024-10-20T10:48:27.631+0000] {dag.py:3047} INFO - Sync 1 DAGs
[2024-10-20T10:48:27.640+0000] {logging_mixin.py:188} INFO - [2024-10-20T10:48:27.640+0000] {dag.py:3834} INFO - Setting next_dagrun for example_python_decorator to None, run_after=None
[2024-10-20T10:48:27.662+0000] {processor.py:183} INFO - Processing /home/airflow/.local/lib/python3.8/site-packages/airflow/example_dags/example_python_decorator.py took 0.073 seconds
[2024-10-20T10:48:57.836+0000] {processor.py:161} INFO - Started process (PID=1538) to work on /home/airflow/.local/lib/python3.8/site-packages/airflow/example_dags/example_python_decorator.py
[2024-10-20T10:48:57.842+0000] {processor.py:830} INFO - Processing file /home/airflow/.local/lib/python3.8/site-packages/airflow/example_dags/example_python_decorator.py for tasks to queue
[2024-10-20T10:48:57.844+0000] {logging_mixin.py:188} INFO - [2024-10-20T10:48:57.843+0000] {dagbag.py:540} INFO - Filling up the DagBag from /home/airflow/.local/lib/python3.8/site-packages/airflow/example_dags/example_python_decorator.py
[2024-10-20T10:48:57.854+0000] {processor.py:840} INFO - DAG(s) 'example_python_decorator' retrieved from /home/airflow/.local/lib/python3.8/site-packages/airflow/example_dags/example_python_decorator.py
[2024-10-20T10:48:57.880+0000] {logging_mixin.py:188} INFO - [2024-10-20T10:48:57.880+0000] {dag.py:3047} INFO - Sync 1 DAGs
[2024-10-20T10:48:57.892+0000] {logging_mixin.py:188} INFO - [2024-10-20T10:48:57.891+0000] {dag.py:3834} INFO - Setting next_dagrun for example_python_decorator to None, run_after=None
[2024-10-20T10:48:57.914+0000] {processor.py:183} INFO - Processing /home/airflow/.local/lib/python3.8/site-packages/airflow/example_dags/example_python_decorator.py took 0.081 seconds
[2024-10-20T10:49:28.226+0000] {processor.py:161} INFO - Started process (PID=1594) to work on /home/airflow/.local/lib/python3.8/site-packages/airflow/example_dags/example_python_decorator.py
[2024-10-20T10:49:28.227+0000] {processor.py:830} INFO - Processing file /home/airflow/.local/lib/python3.8/site-packages/airflow/example_dags/example_python_decorator.py for tasks to queue
[2024-10-20T10:49:28.228+0000] {logging_mixin.py:188} INFO - [2024-10-20T10:49:28.228+0000] {dagbag.py:540} INFO - Filling up the DagBag from /home/airflow/.local/lib/python3.8/site-packages/airflow/example_dags/example_python_decorator.py
[2024-10-20T10:49:28.237+0000] {processor.py:840} INFO - DAG(s) 'example_python_decorator' retrieved from /home/airflow/.local/lib/python3.8/site-packages/airflow/example_dags/example_python_decorator.py
[2024-10-20T10:49:28.258+0000] {logging_mixin.py:188} INFO - [2024-10-20T10:49:28.257+0000] {dag.py:3047} INFO - Sync 1 DAGs
[2024-10-20T10:49:28.265+0000] {logging_mixin.py:188} INFO - [2024-10-20T10:49:28.265+0000] {dag.py:3834} INFO - Setting next_dagrun for example_python_decorator to None, run_after=None
[2024-10-20T10:49:28.283+0000] {processor.py:183} INFO - Processing /home/airflow/.local/lib/python3.8/site-packages/airflow/example_dags/example_python_decorator.py took 0.060 seconds
[2024-10-20T10:49:58.759+0000] {processor.py:161} INFO - Started process (PID=1650) to work on /home/airflow/.local/lib/python3.8/site-packages/airflow/example_dags/example_python_decorator.py
[2024-10-20T10:49:58.760+0000] {processor.py:830} INFO - Processing file /home/airflow/.local/lib/python3.8/site-packages/airflow/example_dags/example_python_decorator.py for tasks to queue
[2024-10-20T10:49:58.762+0000] {logging_mixin.py:188} INFO - [2024-10-20T10:49:58.762+0000] {dagbag.py:540} INFO - Filling up the DagBag from /home/airflow/.local/lib/python3.8/site-packages/airflow/example_dags/example_python_decorator.py
[2024-10-20T10:49:58.771+0000] {processor.py:840} INFO - DAG(s) 'example_python_decorator' retrieved from /home/airflow/.local/lib/python3.8/site-packages/airflow/example_dags/example_python_decorator.py
[2024-10-20T10:49:58.788+0000] {logging_mixin.py:188} INFO - [2024-10-20T10:49:58.788+0000] {dag.py:3047} INFO - Sync 1 DAGs
[2024-10-20T10:49:58.796+0000] {logging_mixin.py:188} INFO - [2024-10-20T10:49:58.796+0000] {dag.py:3834} INFO - Setting next_dagrun for example_python_decorator to None, run_after=None
[2024-10-20T10:49:58.811+0000] {processor.py:183} INFO - Processing /home/airflow/.local/lib/python3.8/site-packages/airflow/example_dags/example_python_decorator.py took 0.055 seconds
[2024-10-20T10:50:28.860+0000] {processor.py:161} INFO - Started process (PID=1706) to work on /home/airflow/.local/lib/python3.8/site-packages/airflow/example_dags/example_python_decorator.py
[2024-10-20T10:50:28.862+0000] {processor.py:830} INFO - Processing file /home/airflow/.local/lib/python3.8/site-packages/airflow/example_dags/example_python_decorator.py for tasks to queue
[2024-10-20T10:50:28.863+0000] {logging_mixin.py:188} INFO - [2024-10-20T10:50:28.863+0000] {dagbag.py:540} INFO - Filling up the DagBag from /home/airflow/.local/lib/python3.8/site-packages/airflow/example_dags/example_python_decorator.py
[2024-10-20T10:50:28.872+0000] {processor.py:840} INFO - DAG(s) 'example_python_decorator' retrieved from /home/airflow/.local/lib/python3.8/site-packages/airflow/example_dags/example_python_decorator.py
[2024-10-20T10:50:28.888+0000] {logging_mixin.py:188} INFO - [2024-10-20T10:50:28.888+0000] {dag.py:3047} INFO - Sync 1 DAGs
[2024-10-20T10:50:28.897+0000] {logging_mixin.py:188} INFO - [2024-10-20T10:50:28.897+0000] {dag.py:3834} INFO - Setting next_dagrun for example_python_decorator to None, run_after=None
[2024-10-20T10:50:28.918+0000] {processor.py:183} INFO - Processing /home/airflow/.local/lib/python3.8/site-packages/airflow/example_dags/example_python_decorator.py took 0.060 seconds
[2024-10-20T10:50:58.953+0000] {processor.py:161} INFO - Started process (PID=1762) to work on /home/airflow/.local/lib/python3.8/site-packages/airflow/example_dags/example_python_decorator.py
[2024-10-20T10:50:58.954+0000] {processor.py:830} INFO - Processing file /home/airflow/.local/lib/python3.8/site-packages/airflow/example_dags/example_python_decorator.py for tasks to queue
[2024-10-20T10:50:58.955+0000] {logging_mixin.py:188} INFO - [2024-10-20T10:50:58.955+0000] {dagbag.py:540} INFO - Filling up the DagBag from /home/airflow/.local/lib/python3.8/site-packages/airflow/example_dags/example_python_decorator.py
[2024-10-20T10:50:58.965+0000] {processor.py:840} INFO - DAG(s) 'example_python_decorator' retrieved from /home/airflow/.local/lib/python3.8/site-packages/airflow/example_dags/example_python_decorator.py
[2024-10-20T10:50:58.981+0000] {logging_mixin.py:188} INFO - [2024-10-20T10:50:58.981+0000] {dag.py:3047} INFO - Sync 1 DAGs
[2024-10-20T10:50:58.990+0000] {logging_mixin.py:188} INFO - [2024-10-20T10:50:58.989+0000] {dag.py:3834} INFO - Setting next_dagrun for example_python_decorator to None, run_after=None
[2024-10-20T10:50:59.005+0000] {processor.py:183} INFO - Processing /home/airflow/.local/lib/python3.8/site-packages/airflow/example_dags/example_python_decorator.py took 0.055 seconds
[2024-10-20T10:51:29.081+0000] {processor.py:161} INFO - Started process (PID=1818) to work on /home/airflow/.local/lib/python3.8/site-packages/airflow/example_dags/example_python_decorator.py
[2024-10-20T10:51:29.083+0000] {processor.py:830} INFO - Processing file /home/airflow/.local/lib/python3.8/site-packages/airflow/example_dags/example_python_decorator.py for tasks to queue
[2024-10-20T10:51:29.085+0000] {logging_mixin.py:188} INFO - [2024-10-20T10:51:29.085+0000] {dagbag.py:540} INFO - Filling up the DagBag from /home/airflow/.local/lib/python3.8/site-packages/airflow/example_dags/example_python_decorator.py
[2024-10-20T10:51:29.095+0000] {processor.py:840} INFO - DAG(s) 'example_python_decorator' retrieved from /home/airflow/.local/lib/python3.8/site-packages/airflow/example_dags/example_python_decorator.py
[2024-10-20T10:51:29.110+0000] {logging_mixin.py:188} INFO - [2024-10-20T10:51:29.110+0000] {dag.py:3047} INFO - Sync 1 DAGs
[2024-10-20T10:51:29.118+0000] {logging_mixin.py:188} INFO - [2024-10-20T10:51:29.118+0000] {dag.py:3834} INFO - Setting next_dagrun for example_python_decorator to None, run_after=None
[2024-10-20T10:51:29.131+0000] {processor.py:183} INFO - Processing /home/airflow/.local/lib/python3.8/site-packages/airflow/example_dags/example_python_decorator.py took 0.052 seconds
[2024-10-20T10:51:59.382+0000] {processor.py:161} INFO - Started process (PID=1874) to work on /home/airflow/.local/lib/python3.8/site-packages/airflow/example_dags/example_python_decorator.py
[2024-10-20T10:51:59.384+0000] {processor.py:830} INFO - Processing file /home/airflow/.local/lib/python3.8/site-packages/airflow/example_dags/example_python_decorator.py for tasks to queue
[2024-10-20T10:51:59.385+0000] {logging_mixin.py:188} INFO - [2024-10-20T10:51:59.385+0000] {dagbag.py:540} INFO - Filling up the DagBag from /home/airflow/.local/lib/python3.8/site-packages/airflow/example_dags/example_python_decorator.py
[2024-10-20T10:51:59.399+0000] {processor.py:840} INFO - DAG(s) 'example_python_decorator' retrieved from /home/airflow/.local/lib/python3.8/site-packages/airflow/example_dags/example_python_decorator.py
[2024-10-20T10:51:59.421+0000] {logging_mixin.py:188} INFO - [2024-10-20T10:51:59.420+0000] {dag.py:3047} INFO - Sync 1 DAGs
[2024-10-20T10:51:59.431+0000] {logging_mixin.py:188} INFO - [2024-10-20T10:51:59.431+0000] {dag.py:3834} INFO - Setting next_dagrun for example_python_decorator to None, run_after=None
[2024-10-20T10:51:59.443+0000] {processor.py:183} INFO - Processing /home/airflow/.local/lib/python3.8/site-packages/airflow/example_dags/example_python_decorator.py took 0.063 seconds
[2024-10-20T10:52:29.495+0000] {processor.py:161} INFO - Started process (PID=1929) to work on /home/airflow/.local/lib/python3.8/site-packages/airflow/example_dags/example_python_decorator.py
[2024-10-20T10:52:29.497+0000] {processor.py:830} INFO - Processing file /home/airflow/.local/lib/python3.8/site-packages/airflow/example_dags/example_python_decorator.py for tasks to queue
[2024-10-20T10:52:29.498+0000] {logging_mixin.py:188} INFO - [2024-10-20T10:52:29.498+0000] {dagbag.py:540} INFO - Filling up the DagBag from /home/airflow/.local/lib/python3.8/site-packages/airflow/example_dags/example_python_decorator.py
[2024-10-20T10:52:29.509+0000] {processor.py:840} INFO - DAG(s) 'example_python_decorator' retrieved from /home/airflow/.local/lib/python3.8/site-packages/airflow/example_dags/example_python_decorator.py
[2024-10-20T10:52:29.528+0000] {logging_mixin.py:188} INFO - [2024-10-20T10:52:29.527+0000] {dag.py:3047} INFO - Sync 1 DAGs
[2024-10-20T10:52:29.535+0000] {logging_mixin.py:188} INFO - [2024-10-20T10:52:29.535+0000] {dag.py:3834} INFO - Setting next_dagrun for example_python_decorator to None, run_after=None
[2024-10-20T10:52:29.549+0000] {processor.py:183} INFO - Processing /home/airflow/.local/lib/python3.8/site-packages/airflow/example_dags/example_python_decorator.py took 0.056 seconds
[2024-10-20T10:52:59.595+0000] {processor.py:161} INFO - Started process (PID=1985) to work on /home/airflow/.local/lib/python3.8/site-packages/airflow/example_dags/example_python_decorator.py
[2024-10-20T10:52:59.598+0000] {processor.py:830} INFO - Processing file /home/airflow/.local/lib/python3.8/site-packages/airflow/example_dags/example_python_decorator.py for tasks to queue
[2024-10-20T10:52:59.599+0000] {logging_mixin.py:188} INFO - [2024-10-20T10:52:59.599+0000] {dagbag.py:540} INFO - Filling up the DagBag from /home/airflow/.local/lib/python3.8/site-packages/airflow/example_dags/example_python_decorator.py
[2024-10-20T10:52:59.608+0000] {processor.py:840} INFO - DAG(s) 'example_python_decorator' retrieved from /home/airflow/.local/lib/python3.8/site-packages/airflow/example_dags/example_python_decorator.py
[2024-10-20T10:52:59.625+0000] {logging_mixin.py:188} INFO - [2024-10-20T10:52:59.625+0000] {dag.py:3047} INFO - Sync 1 DAGs
[2024-10-20T10:52:59.638+0000] {logging_mixin.py:188} INFO - [2024-10-20T10:52:59.638+0000] {dag.py:3834} INFO - Setting next_dagrun for example_python_decorator to None, run_after=None
[2024-10-20T10:52:59.651+0000] {processor.py:183} INFO - Processing /home/airflow/.local/lib/python3.8/site-packages/airflow/example_dags/example_python_decorator.py took 0.059 seconds
[2024-10-20T10:53:29.788+0000] {processor.py:161} INFO - Started process (PID=2041) to work on /home/airflow/.local/lib/python3.8/site-packages/airflow/example_dags/example_python_decorator.py
[2024-10-20T10:53:29.789+0000] {processor.py:830} INFO - Processing file /home/airflow/.local/lib/python3.8/site-packages/airflow/example_dags/example_python_decorator.py for tasks to queue
[2024-10-20T10:53:29.790+0000] {logging_mixin.py:188} INFO - [2024-10-20T10:53:29.790+0000] {dagbag.py:540} INFO - Filling up the DagBag from /home/airflow/.local/lib/python3.8/site-packages/airflow/example_dags/example_python_decorator.py
[2024-10-20T10:53:29.799+0000] {processor.py:840} INFO - DAG(s) 'example_python_decorator' retrieved from /home/airflow/.local/lib/python3.8/site-packages/airflow/example_dags/example_python_decorator.py
[2024-10-20T10:53:29.813+0000] {logging_mixin.py:188} INFO - [2024-10-20T10:53:29.813+0000] {dag.py:3047} INFO - Sync 1 DAGs
[2024-10-20T10:53:29.821+0000] {logging_mixin.py:188} INFO - [2024-10-20T10:53:29.821+0000] {dag.py:3834} INFO - Setting next_dagrun for example_python_decorator to None, run_after=None
[2024-10-20T10:53:29.832+0000] {processor.py:183} INFO - Processing /home/airflow/.local/lib/python3.8/site-packages/airflow/example_dags/example_python_decorator.py took 0.046 seconds
[2024-10-20T10:53:59.897+0000] {processor.py:161} INFO - Started process (PID=2097) to work on /home/airflow/.local/lib/python3.8/site-packages/airflow/example_dags/example_python_decorator.py
[2024-10-20T10:53:59.901+0000] {processor.py:830} INFO - Processing file /home/airflow/.local/lib/python3.8/site-packages/airflow/example_dags/example_python_decorator.py for tasks to queue
[2024-10-20T10:53:59.903+0000] {logging_mixin.py:188} INFO - [2024-10-20T10:53:59.902+0000] {dagbag.py:540} INFO - Filling up the DagBag from /home/airflow/.local/lib/python3.8/site-packages/airflow/example_dags/example_python_decorator.py
[2024-10-20T10:53:59.915+0000] {processor.py:840} INFO - DAG(s) 'example_python_decorator' retrieved from /home/airflow/.local/lib/python3.8/site-packages/airflow/example_dags/example_python_decorator.py
[2024-10-20T10:53:59.931+0000] {logging_mixin.py:188} INFO - [2024-10-20T10:53:59.931+0000] {dag.py:3047} INFO - Sync 1 DAGs
[2024-10-20T10:53:59.939+0000] {logging_mixin.py:188} INFO - [2024-10-20T10:53:59.939+0000] {dag.py:3834} INFO - Setting next_dagrun for example_python_decorator to None, run_after=None
[2024-10-20T10:53:59.957+0000] {processor.py:183} INFO - Processing /home/airflow/.local/lib/python3.8/site-packages/airflow/example_dags/example_python_decorator.py took 0.063 seconds
[2024-10-20T10:54:30.136+0000] {processor.py:161} INFO - Started process (PID=2153) to work on /home/airflow/.local/lib/python3.8/site-packages/airflow/example_dags/example_python_decorator.py
[2024-10-20T10:54:30.138+0000] {processor.py:830} INFO - Processing file /home/airflow/.local/lib/python3.8/site-packages/airflow/example_dags/example_python_decorator.py for tasks to queue
[2024-10-20T10:54:30.139+0000] {logging_mixin.py:188} INFO - [2024-10-20T10:54:30.139+0000] {dagbag.py:540} INFO - Filling up the DagBag from /home/airflow/.local/lib/python3.8/site-packages/airflow/example_dags/example_python_decorator.py
[2024-10-20T10:54:30.151+0000] {processor.py:840} INFO - DAG(s) 'example_python_decorator' retrieved from /home/airflow/.local/lib/python3.8/site-packages/airflow/example_dags/example_python_decorator.py
[2024-10-20T10:54:30.166+0000] {logging_mixin.py:188} INFO - [2024-10-20T10:54:30.165+0000] {dag.py:3047} INFO - Sync 1 DAGs
[2024-10-20T10:54:30.173+0000] {logging_mixin.py:188} INFO - [2024-10-20T10:54:30.173+0000] {dag.py:3834} INFO - Setting next_dagrun for example_python_decorator to None, run_after=None
[2024-10-20T10:54:30.189+0000] {processor.py:183} INFO - Processing /home/airflow/.local/lib/python3.8/site-packages/airflow/example_dags/example_python_decorator.py took 0.055 seconds
[2024-10-20T10:55:00.504+0000] {processor.py:161} INFO - Started process (PID=2209) to work on /home/airflow/.local/lib/python3.8/site-packages/airflow/example_dags/example_python_decorator.py
[2024-10-20T10:55:00.505+0000] {processor.py:830} INFO - Processing file /home/airflow/.local/lib/python3.8/site-packages/airflow/example_dags/example_python_decorator.py for tasks to queue
[2024-10-20T10:55:00.506+0000] {logging_mixin.py:188} INFO - [2024-10-20T10:55:00.506+0000] {dagbag.py:540} INFO - Filling up the DagBag from /home/airflow/.local/lib/python3.8/site-packages/airflow/example_dags/example_python_decorator.py
[2024-10-20T10:55:00.514+0000] {processor.py:840} INFO - DAG(s) 'example_python_decorator' retrieved from /home/airflow/.local/lib/python3.8/site-packages/airflow/example_dags/example_python_decorator.py
[2024-10-20T10:55:00.530+0000] {logging_mixin.py:188} INFO - [2024-10-20T10:55:00.530+0000] {dag.py:3047} INFO - Sync 1 DAGs
[2024-10-20T10:55:00.538+0000] {logging_mixin.py:188} INFO - [2024-10-20T10:55:00.538+0000] {dag.py:3834} INFO - Setting next_dagrun for example_python_decorator to None, run_after=None
[2024-10-20T10:55:00.550+0000] {processor.py:183} INFO - Processing /home/airflow/.local/lib/python3.8/site-packages/airflow/example_dags/example_python_decorator.py took 0.049 seconds
[2024-10-20T10:55:31.335+0000] {processor.py:161} INFO - Started process (PID=2264) to work on /home/airflow/.local/lib/python3.8/site-packages/airflow/example_dags/example_python_decorator.py
[2024-10-20T10:55:31.337+0000] {processor.py:830} INFO - Processing file /home/airflow/.local/lib/python3.8/site-packages/airflow/example_dags/example_python_decorator.py for tasks to queue
[2024-10-20T10:55:31.338+0000] {logging_mixin.py:188} INFO - [2024-10-20T10:55:31.338+0000] {dagbag.py:540} INFO - Filling up the DagBag from /home/airflow/.local/lib/python3.8/site-packages/airflow/example_dags/example_python_decorator.py
[2024-10-20T10:55:31.359+0000] {processor.py:840} INFO - DAG(s) 'example_python_decorator' retrieved from /home/airflow/.local/lib/python3.8/site-packages/airflow/example_dags/example_python_decorator.py
[2024-10-20T10:55:31.392+0000] {logging_mixin.py:188} INFO - [2024-10-20T10:55:31.392+0000] {dag.py:3047} INFO - Sync 1 DAGs
[2024-10-20T10:55:31.403+0000] {logging_mixin.py:188} INFO - [2024-10-20T10:55:31.403+0000] {dag.py:3834} INFO - Setting next_dagrun for example_python_decorator to None, run_after=None
[2024-10-20T10:55:31.417+0000] {processor.py:183} INFO - Processing /home/airflow/.local/lib/python3.8/site-packages/airflow/example_dags/example_python_decorator.py took 0.090 seconds
[2024-10-20T10:56:01.555+0000] {processor.py:161} INFO - Started process (PID=2320) to work on /home/airflow/.local/lib/python3.8/site-packages/airflow/example_dags/example_python_decorator.py
[2024-10-20T10:56:01.556+0000] {processor.py:830} INFO - Processing file /home/airflow/.local/lib/python3.8/site-packages/airflow/example_dags/example_python_decorator.py for tasks to queue
[2024-10-20T10:56:01.557+0000] {logging_mixin.py:188} INFO - [2024-10-20T10:56:01.557+0000] {dagbag.py:540} INFO - Filling up the DagBag from /home/airflow/.local/lib/python3.8/site-packages/airflow/example_dags/example_python_decorator.py
[2024-10-20T10:56:01.567+0000] {processor.py:840} INFO - DAG(s) 'example_python_decorator' retrieved from /home/airflow/.local/lib/python3.8/site-packages/airflow/example_dags/example_python_decorator.py
[2024-10-20T10:56:01.587+0000] {logging_mixin.py:188} INFO - [2024-10-20T10:56:01.587+0000] {dag.py:3047} INFO - Sync 1 DAGs
[2024-10-20T10:56:01.595+0000] {logging_mixin.py:188} INFO - [2024-10-20T10:56:01.595+0000] {dag.py:3834} INFO - Setting next_dagrun for example_python_decorator to None, run_after=None
[2024-10-20T10:56:01.614+0000] {processor.py:183} INFO - Processing /home/airflow/.local/lib/python3.8/site-packages/airflow/example_dags/example_python_decorator.py took 0.061 seconds
