[2024-10-20T10:20:14.138+0000] {processor.py:161} INFO - Started process (PID=71) to work on /home/airflow/.local/lib/python3.8/site-packages/airflow/example_dags/example_complex.py
[2024-10-20T10:20:14.145+0000] {processor.py:830} INFO - Processing file /home/airflow/.local/lib/python3.8/site-packages/airflow/example_dags/example_complex.py for tasks to queue
[2024-10-20T10:20:14.151+0000] {logging_mixin.py:188} INFO - [2024-10-20T10:20:14.151+0000] {dagbag.py:540} INFO - Filling up the DagBag from /home/airflow/.local/lib/python3.8/site-packages/airflow/example_dags/example_complex.py
[2024-10-20T10:20:14.324+0000] {processor.py:840} INFO - DAG(s) 'example_complex' retrieved from /home/airflow/.local/lib/python3.8/site-packages/airflow/example_dags/example_complex.py
[2024-10-20T10:20:14.900+0000] {logging_mixin.py:188} INFO - [2024-10-20T10:20:14.899+0000] {dag.py:3047} INFO - Sync 1 DAGs
[2024-10-20T10:20:14.921+0000] {logging_mixin.py:188} INFO - [2024-10-20T10:20:14.920+0000] {dag.py:3834} INFO - Setting next_dagrun for example_complex to None, run_after=None
[2024-10-20T10:20:14.968+0000] {processor.py:183} INFO - Processing /home/airflow/.local/lib/python3.8/site-packages/airflow/example_dags/example_complex.py took 0.837 seconds
[2024-10-20T10:20:45.357+0000] {processor.py:161} INFO - Started process (PID=126) to work on /home/airflow/.local/lib/python3.8/site-packages/airflow/example_dags/example_complex.py
[2024-10-20T10:20:45.358+0000] {processor.py:830} INFO - Processing file /home/airflow/.local/lib/python3.8/site-packages/airflow/example_dags/example_complex.py for tasks to queue
[2024-10-20T10:20:45.359+0000] {logging_mixin.py:188} INFO - [2024-10-20T10:20:45.359+0000] {dagbag.py:540} INFO - Filling up the DagBag from /home/airflow/.local/lib/python3.8/site-packages/airflow/example_dags/example_complex.py
[2024-10-20T10:20:45.368+0000] {processor.py:840} INFO - DAG(s) 'example_complex' retrieved from /home/airflow/.local/lib/python3.8/site-packages/airflow/example_dags/example_complex.py
[2024-10-20T10:20:45.389+0000] {logging_mixin.py:188} INFO - [2024-10-20T10:20:45.389+0000] {dag.py:3047} INFO - Sync 1 DAGs
[2024-10-20T10:20:45.396+0000] {logging_mixin.py:188} INFO - [2024-10-20T10:20:45.396+0000] {dag.py:3834} INFO - Setting next_dagrun for example_complex to None, run_after=None
[2024-10-20T10:20:45.407+0000] {processor.py:183} INFO - Processing /home/airflow/.local/lib/python3.8/site-packages/airflow/example_dags/example_complex.py took 0.053 seconds
[2024-10-20T10:21:16.185+0000] {processor.py:161} INFO - Started process (PID=181) to work on /home/airflow/.local/lib/python3.8/site-packages/airflow/example_dags/example_complex.py
[2024-10-20T10:21:16.186+0000] {processor.py:830} INFO - Processing file /home/airflow/.local/lib/python3.8/site-packages/airflow/example_dags/example_complex.py for tasks to queue
[2024-10-20T10:21:16.187+0000] {logging_mixin.py:188} INFO - [2024-10-20T10:21:16.187+0000] {dagbag.py:540} INFO - Filling up the DagBag from /home/airflow/.local/lib/python3.8/site-packages/airflow/example_dags/example_complex.py
[2024-10-20T10:21:16.195+0000] {processor.py:840} INFO - DAG(s) 'example_complex' retrieved from /home/airflow/.local/lib/python3.8/site-packages/airflow/example_dags/example_complex.py
[2024-10-20T10:21:16.217+0000] {logging_mixin.py:188} INFO - [2024-10-20T10:21:16.216+0000] {dag.py:3047} INFO - Sync 1 DAGs
[2024-10-20T10:21:16.224+0000] {logging_mixin.py:188} INFO - [2024-10-20T10:21:16.224+0000] {dag.py:3834} INFO - Setting next_dagrun for example_complex to None, run_after=None
[2024-10-20T10:21:16.239+0000] {processor.py:183} INFO - Processing /home/airflow/.local/lib/python3.8/site-packages/airflow/example_dags/example_complex.py took 0.056 seconds
[2024-10-20T10:21:46.940+0000] {processor.py:161} INFO - Started process (PID=236) to work on /home/airflow/.local/lib/python3.8/site-packages/airflow/example_dags/example_complex.py
[2024-10-20T10:21:46.941+0000] {processor.py:830} INFO - Processing file /home/airflow/.local/lib/python3.8/site-packages/airflow/example_dags/example_complex.py for tasks to queue
[2024-10-20T10:21:46.943+0000] {logging_mixin.py:188} INFO - [2024-10-20T10:21:46.943+0000] {dagbag.py:540} INFO - Filling up the DagBag from /home/airflow/.local/lib/python3.8/site-packages/airflow/example_dags/example_complex.py
[2024-10-20T10:21:46.954+0000] {processor.py:840} INFO - DAG(s) 'example_complex' retrieved from /home/airflow/.local/lib/python3.8/site-packages/airflow/example_dags/example_complex.py
[2024-10-20T10:21:46.977+0000] {logging_mixin.py:188} INFO - [2024-10-20T10:21:46.977+0000] {dag.py:3047} INFO - Sync 1 DAGs
[2024-10-20T10:21:46.986+0000] {logging_mixin.py:188} INFO - [2024-10-20T10:21:46.986+0000] {dag.py:3834} INFO - Setting next_dagrun for example_complex to None, run_after=None
[2024-10-20T10:21:46.998+0000] {processor.py:183} INFO - Processing /home/airflow/.local/lib/python3.8/site-packages/airflow/example_dags/example_complex.py took 0.062 seconds
[2024-10-20T10:22:17.031+0000] {processor.py:161} INFO - Started process (PID=291) to work on /home/airflow/.local/lib/python3.8/site-packages/airflow/example_dags/example_complex.py
[2024-10-20T10:22:17.032+0000] {processor.py:830} INFO - Processing file /home/airflow/.local/lib/python3.8/site-packages/airflow/example_dags/example_complex.py for tasks to queue
[2024-10-20T10:22:17.034+0000] {logging_mixin.py:188} INFO - [2024-10-20T10:22:17.033+0000] {dagbag.py:540} INFO - Filling up the DagBag from /home/airflow/.local/lib/python3.8/site-packages/airflow/example_dags/example_complex.py
[2024-10-20T10:22:17.042+0000] {processor.py:840} INFO - DAG(s) 'example_complex' retrieved from /home/airflow/.local/lib/python3.8/site-packages/airflow/example_dags/example_complex.py
[2024-10-20T10:22:17.063+0000] {logging_mixin.py:188} INFO - [2024-10-20T10:22:17.063+0000] {dag.py:3047} INFO - Sync 1 DAGs
[2024-10-20T10:22:17.071+0000] {logging_mixin.py:188} INFO - [2024-10-20T10:22:17.071+0000] {dag.py:3834} INFO - Setting next_dagrun for example_complex to None, run_after=None
[2024-10-20T10:22:17.083+0000] {processor.py:183} INFO - Processing /home/airflow/.local/lib/python3.8/site-packages/airflow/example_dags/example_complex.py took 0.055 seconds
[2024-10-20T10:22:47.278+0000] {processor.py:161} INFO - Started process (PID=346) to work on /home/airflow/.local/lib/python3.8/site-packages/airflow/example_dags/example_complex.py
[2024-10-20T10:22:47.279+0000] {processor.py:830} INFO - Processing file /home/airflow/.local/lib/python3.8/site-packages/airflow/example_dags/example_complex.py for tasks to queue
[2024-10-20T10:22:47.280+0000] {logging_mixin.py:188} INFO - [2024-10-20T10:22:47.280+0000] {dagbag.py:540} INFO - Filling up the DagBag from /home/airflow/.local/lib/python3.8/site-packages/airflow/example_dags/example_complex.py
[2024-10-20T10:22:47.288+0000] {processor.py:840} INFO - DAG(s) 'example_complex' retrieved from /home/airflow/.local/lib/python3.8/site-packages/airflow/example_dags/example_complex.py
[2024-10-20T10:22:47.309+0000] {logging_mixin.py:188} INFO - [2024-10-20T10:22:47.309+0000] {dag.py:3047} INFO - Sync 1 DAGs
[2024-10-20T10:22:47.316+0000] {logging_mixin.py:188} INFO - [2024-10-20T10:22:47.316+0000] {dag.py:3834} INFO - Setting next_dagrun for example_complex to None, run_after=None
[2024-10-20T10:22:47.329+0000] {processor.py:183} INFO - Processing /home/airflow/.local/lib/python3.8/site-packages/airflow/example_dags/example_complex.py took 0.053 seconds
[2024-10-20T10:23:18.058+0000] {processor.py:161} INFO - Started process (PID=401) to work on /home/airflow/.local/lib/python3.8/site-packages/airflow/example_dags/example_complex.py
[2024-10-20T10:23:18.059+0000] {processor.py:830} INFO - Processing file /home/airflow/.local/lib/python3.8/site-packages/airflow/example_dags/example_complex.py for tasks to queue
[2024-10-20T10:23:18.060+0000] {logging_mixin.py:188} INFO - [2024-10-20T10:23:18.060+0000] {dagbag.py:540} INFO - Filling up the DagBag from /home/airflow/.local/lib/python3.8/site-packages/airflow/example_dags/example_complex.py
[2024-10-20T10:23:18.068+0000] {processor.py:840} INFO - DAG(s) 'example_complex' retrieved from /home/airflow/.local/lib/python3.8/site-packages/airflow/example_dags/example_complex.py
[2024-10-20T10:23:18.088+0000] {logging_mixin.py:188} INFO - [2024-10-20T10:23:18.088+0000] {dag.py:3047} INFO - Sync 1 DAGs
[2024-10-20T10:23:18.096+0000] {logging_mixin.py:188} INFO - [2024-10-20T10:23:18.096+0000] {dag.py:3834} INFO - Setting next_dagrun for example_complex to None, run_after=None
[2024-10-20T10:23:18.107+0000] {processor.py:183} INFO - Processing /home/airflow/.local/lib/python3.8/site-packages/airflow/example_dags/example_complex.py took 0.053 seconds
[2024-10-20T10:23:48.146+0000] {processor.py:161} INFO - Started process (PID=456) to work on /home/airflow/.local/lib/python3.8/site-packages/airflow/example_dags/example_complex.py
[2024-10-20T10:23:48.147+0000] {processor.py:830} INFO - Processing file /home/airflow/.local/lib/python3.8/site-packages/airflow/example_dags/example_complex.py for tasks to queue
[2024-10-20T10:23:48.150+0000] {logging_mixin.py:188} INFO - [2024-10-20T10:23:48.150+0000] {dagbag.py:540} INFO - Filling up the DagBag from /home/airflow/.local/lib/python3.8/site-packages/airflow/example_dags/example_complex.py
[2024-10-20T10:23:48.159+0000] {processor.py:840} INFO - DAG(s) 'example_complex' retrieved from /home/airflow/.local/lib/python3.8/site-packages/airflow/example_dags/example_complex.py
[2024-10-20T10:23:48.180+0000] {logging_mixin.py:188} INFO - [2024-10-20T10:23:48.180+0000] {dag.py:3047} INFO - Sync 1 DAGs
[2024-10-20T10:23:48.188+0000] {logging_mixin.py:188} INFO - [2024-10-20T10:23:48.188+0000] {dag.py:3834} INFO - Setting next_dagrun for example_complex to None, run_after=None
[2024-10-20T10:23:48.204+0000] {processor.py:183} INFO - Processing /home/airflow/.local/lib/python3.8/site-packages/airflow/example_dags/example_complex.py took 0.061 seconds
[2024-10-20T10:24:18.300+0000] {processor.py:161} INFO - Started process (PID=511) to work on /home/airflow/.local/lib/python3.8/site-packages/airflow/example_dags/example_complex.py
[2024-10-20T10:24:18.301+0000] {processor.py:830} INFO - Processing file /home/airflow/.local/lib/python3.8/site-packages/airflow/example_dags/example_complex.py for tasks to queue
[2024-10-20T10:24:18.302+0000] {logging_mixin.py:188} INFO - [2024-10-20T10:24:18.302+0000] {dagbag.py:540} INFO - Filling up the DagBag from /home/airflow/.local/lib/python3.8/site-packages/airflow/example_dags/example_complex.py
[2024-10-20T10:24:18.310+0000] {processor.py:840} INFO - DAG(s) 'example_complex' retrieved from /home/airflow/.local/lib/python3.8/site-packages/airflow/example_dags/example_complex.py
[2024-10-20T10:24:18.331+0000] {logging_mixin.py:188} INFO - [2024-10-20T10:24:18.331+0000] {dag.py:3047} INFO - Sync 1 DAGs
[2024-10-20T10:24:18.338+0000] {logging_mixin.py:188} INFO - [2024-10-20T10:24:18.338+0000] {dag.py:3834} INFO - Setting next_dagrun for example_complex to None, run_after=None
[2024-10-20T10:24:18.349+0000] {processor.py:183} INFO - Processing /home/airflow/.local/lib/python3.8/site-packages/airflow/example_dags/example_complex.py took 0.051 seconds
[2024-10-20T10:24:48.461+0000] {processor.py:161} INFO - Started process (PID=566) to work on /home/airflow/.local/lib/python3.8/site-packages/airflow/example_dags/example_complex.py
[2024-10-20T10:24:48.462+0000] {processor.py:830} INFO - Processing file /home/airflow/.local/lib/python3.8/site-packages/airflow/example_dags/example_complex.py for tasks to queue
[2024-10-20T10:24:48.464+0000] {logging_mixin.py:188} INFO - [2024-10-20T10:24:48.463+0000] {dagbag.py:540} INFO - Filling up the DagBag from /home/airflow/.local/lib/python3.8/site-packages/airflow/example_dags/example_complex.py
[2024-10-20T10:24:48.471+0000] {processor.py:840} INFO - DAG(s) 'example_complex' retrieved from /home/airflow/.local/lib/python3.8/site-packages/airflow/example_dags/example_complex.py
[2024-10-20T10:24:48.492+0000] {logging_mixin.py:188} INFO - [2024-10-20T10:24:48.492+0000] {dag.py:3047} INFO - Sync 1 DAGs
[2024-10-20T10:24:48.500+0000] {logging_mixin.py:188} INFO - [2024-10-20T10:24:48.500+0000] {dag.py:3834} INFO - Setting next_dagrun for example_complex to None, run_after=None
[2024-10-20T10:24:48.511+0000] {processor.py:183} INFO - Processing /home/airflow/.local/lib/python3.8/site-packages/airflow/example_dags/example_complex.py took 0.052 seconds
[2024-10-20T10:25:18.711+0000] {processor.py:161} INFO - Started process (PID=621) to work on /home/airflow/.local/lib/python3.8/site-packages/airflow/example_dags/example_complex.py
[2024-10-20T10:25:18.712+0000] {processor.py:830} INFO - Processing file /home/airflow/.local/lib/python3.8/site-packages/airflow/example_dags/example_complex.py for tasks to queue
[2024-10-20T10:25:18.714+0000] {logging_mixin.py:188} INFO - [2024-10-20T10:25:18.713+0000] {dagbag.py:540} INFO - Filling up the DagBag from /home/airflow/.local/lib/python3.8/site-packages/airflow/example_dags/example_complex.py
[2024-10-20T10:25:18.721+0000] {processor.py:840} INFO - DAG(s) 'example_complex' retrieved from /home/airflow/.local/lib/python3.8/site-packages/airflow/example_dags/example_complex.py
[2024-10-20T10:25:18.744+0000] {logging_mixin.py:188} INFO - [2024-10-20T10:25:18.743+0000] {dag.py:3047} INFO - Sync 1 DAGs
[2024-10-20T10:25:18.754+0000] {logging_mixin.py:188} INFO - [2024-10-20T10:25:18.754+0000] {dag.py:3834} INFO - Setting next_dagrun for example_complex to None, run_after=None
[2024-10-20T10:25:18.771+0000] {processor.py:183} INFO - Processing /home/airflow/.local/lib/python3.8/site-packages/airflow/example_dags/example_complex.py took 0.062 seconds
[2024-10-20T10:25:49.015+0000] {processor.py:161} INFO - Started process (PID=676) to work on /home/airflow/.local/lib/python3.8/site-packages/airflow/example_dags/example_complex.py
[2024-10-20T10:25:49.016+0000] {processor.py:830} INFO - Processing file /home/airflow/.local/lib/python3.8/site-packages/airflow/example_dags/example_complex.py for tasks to queue
[2024-10-20T10:25:49.019+0000] {logging_mixin.py:188} INFO - [2024-10-20T10:25:49.018+0000] {dagbag.py:540} INFO - Filling up the DagBag from /home/airflow/.local/lib/python3.8/site-packages/airflow/example_dags/example_complex.py
[2024-10-20T10:25:49.027+0000] {processor.py:840} INFO - DAG(s) 'example_complex' retrieved from /home/airflow/.local/lib/python3.8/site-packages/airflow/example_dags/example_complex.py
[2024-10-20T10:25:49.050+0000] {logging_mixin.py:188} INFO - [2024-10-20T10:25:49.050+0000] {dag.py:3047} INFO - Sync 1 DAGs
[2024-10-20T10:25:49.059+0000] {logging_mixin.py:188} INFO - [2024-10-20T10:25:49.059+0000] {dag.py:3834} INFO - Setting next_dagrun for example_complex to None, run_after=None
[2024-10-20T10:25:49.070+0000] {processor.py:183} INFO - Processing /home/airflow/.local/lib/python3.8/site-packages/airflow/example_dags/example_complex.py took 0.058 seconds
[2024-10-20T10:26:19.745+0000] {processor.py:161} INFO - Started process (PID=731) to work on /home/airflow/.local/lib/python3.8/site-packages/airflow/example_dags/example_complex.py
[2024-10-20T10:26:19.746+0000] {processor.py:830} INFO - Processing file /home/airflow/.local/lib/python3.8/site-packages/airflow/example_dags/example_complex.py for tasks to queue
[2024-10-20T10:26:19.748+0000] {logging_mixin.py:188} INFO - [2024-10-20T10:26:19.748+0000] {dagbag.py:540} INFO - Filling up the DagBag from /home/airflow/.local/lib/python3.8/site-packages/airflow/example_dags/example_complex.py
[2024-10-20T10:26:19.756+0000] {processor.py:840} INFO - DAG(s) 'example_complex' retrieved from /home/airflow/.local/lib/python3.8/site-packages/airflow/example_dags/example_complex.py
[2024-10-20T10:26:19.778+0000] {logging_mixin.py:188} INFO - [2024-10-20T10:26:19.778+0000] {dag.py:3047} INFO - Sync 1 DAGs
[2024-10-20T10:26:19.786+0000] {logging_mixin.py:188} INFO - [2024-10-20T10:26:19.785+0000] {dag.py:3834} INFO - Setting next_dagrun for example_complex to None, run_after=None
[2024-10-20T10:26:19.797+0000] {processor.py:183} INFO - Processing /home/airflow/.local/lib/python3.8/site-packages/airflow/example_dags/example_complex.py took 0.054 seconds
[2024-10-20T10:26:50.481+0000] {processor.py:161} INFO - Started process (PID=786) to work on /home/airflow/.local/lib/python3.8/site-packages/airflow/example_dags/example_complex.py
[2024-10-20T10:26:50.482+0000] {processor.py:830} INFO - Processing file /home/airflow/.local/lib/python3.8/site-packages/airflow/example_dags/example_complex.py for tasks to queue
[2024-10-20T10:26:50.483+0000] {logging_mixin.py:188} INFO - [2024-10-20T10:26:50.483+0000] {dagbag.py:540} INFO - Filling up the DagBag from /home/airflow/.local/lib/python3.8/site-packages/airflow/example_dags/example_complex.py
[2024-10-20T10:26:50.490+0000] {processor.py:840} INFO - DAG(s) 'example_complex' retrieved from /home/airflow/.local/lib/python3.8/site-packages/airflow/example_dags/example_complex.py
[2024-10-20T10:26:50.514+0000] {logging_mixin.py:188} INFO - [2024-10-20T10:26:50.514+0000] {dag.py:3047} INFO - Sync 1 DAGs
[2024-10-20T10:26:50.522+0000] {logging_mixin.py:188} INFO - [2024-10-20T10:26:50.522+0000] {dag.py:3834} INFO - Setting next_dagrun for example_complex to None, run_after=None
[2024-10-20T10:26:50.536+0000] {processor.py:183} INFO - Processing /home/airflow/.local/lib/python3.8/site-packages/airflow/example_dags/example_complex.py took 0.057 seconds
[2024-10-20T10:27:21.154+0000] {processor.py:161} INFO - Started process (PID=841) to work on /home/airflow/.local/lib/python3.8/site-packages/airflow/example_dags/example_complex.py
[2024-10-20T10:27:21.155+0000] {processor.py:830} INFO - Processing file /home/airflow/.local/lib/python3.8/site-packages/airflow/example_dags/example_complex.py for tasks to queue
[2024-10-20T10:27:21.157+0000] {logging_mixin.py:188} INFO - [2024-10-20T10:27:21.156+0000] {dagbag.py:540} INFO - Filling up the DagBag from /home/airflow/.local/lib/python3.8/site-packages/airflow/example_dags/example_complex.py
[2024-10-20T10:27:21.164+0000] {processor.py:840} INFO - DAG(s) 'example_complex' retrieved from /home/airflow/.local/lib/python3.8/site-packages/airflow/example_dags/example_complex.py
[2024-10-20T10:27:21.186+0000] {logging_mixin.py:188} INFO - [2024-10-20T10:27:21.186+0000] {dag.py:3047} INFO - Sync 1 DAGs
[2024-10-20T10:27:21.194+0000] {logging_mixin.py:188} INFO - [2024-10-20T10:27:21.194+0000] {dag.py:3834} INFO - Setting next_dagrun for example_complex to None, run_after=None
[2024-10-20T10:27:21.206+0000] {processor.py:183} INFO - Processing /home/airflow/.local/lib/python3.8/site-packages/airflow/example_dags/example_complex.py took 0.055 seconds
[2024-10-20T10:27:51.757+0000] {processor.py:161} INFO - Started process (PID=896) to work on /home/airflow/.local/lib/python3.8/site-packages/airflow/example_dags/example_complex.py
[2024-10-20T10:27:51.758+0000] {processor.py:830} INFO - Processing file /home/airflow/.local/lib/python3.8/site-packages/airflow/example_dags/example_complex.py for tasks to queue
[2024-10-20T10:27:51.759+0000] {logging_mixin.py:188} INFO - [2024-10-20T10:27:51.759+0000] {dagbag.py:540} INFO - Filling up the DagBag from /home/airflow/.local/lib/python3.8/site-packages/airflow/example_dags/example_complex.py
[2024-10-20T10:27:51.766+0000] {processor.py:840} INFO - DAG(s) 'example_complex' retrieved from /home/airflow/.local/lib/python3.8/site-packages/airflow/example_dags/example_complex.py
[2024-10-20T10:27:51.787+0000] {logging_mixin.py:188} INFO - [2024-10-20T10:27:51.787+0000] {dag.py:3047} INFO - Sync 1 DAGs
[2024-10-20T10:27:51.795+0000] {logging_mixin.py:188} INFO - [2024-10-20T10:27:51.795+0000] {dag.py:3834} INFO - Setting next_dagrun for example_complex to None, run_after=None
[2024-10-20T10:27:51.806+0000] {processor.py:183} INFO - Processing /home/airflow/.local/lib/python3.8/site-packages/airflow/example_dags/example_complex.py took 0.052 seconds
[2024-10-20T10:28:22.063+0000] {processor.py:161} INFO - Started process (PID=951) to work on /home/airflow/.local/lib/python3.8/site-packages/airflow/example_dags/example_complex.py
[2024-10-20T10:28:22.065+0000] {processor.py:830} INFO - Processing file /home/airflow/.local/lib/python3.8/site-packages/airflow/example_dags/example_complex.py for tasks to queue
[2024-10-20T10:28:22.067+0000] {logging_mixin.py:188} INFO - [2024-10-20T10:28:22.067+0000] {dagbag.py:540} INFO - Filling up the DagBag from /home/airflow/.local/lib/python3.8/site-packages/airflow/example_dags/example_complex.py
[2024-10-20T10:28:22.077+0000] {processor.py:840} INFO - DAG(s) 'example_complex' retrieved from /home/airflow/.local/lib/python3.8/site-packages/airflow/example_dags/example_complex.py
[2024-10-20T10:28:22.099+0000] {logging_mixin.py:188} INFO - [2024-10-20T10:28:22.099+0000] {dag.py:3047} INFO - Sync 1 DAGs
[2024-10-20T10:28:22.108+0000] {logging_mixin.py:188} INFO - [2024-10-20T10:28:22.108+0000] {dag.py:3834} INFO - Setting next_dagrun for example_complex to None, run_after=None
[2024-10-20T10:28:22.120+0000] {processor.py:183} INFO - Processing /home/airflow/.local/lib/python3.8/site-packages/airflow/example_dags/example_complex.py took 0.060 seconds
[2024-10-20T10:28:52.681+0000] {processor.py:161} INFO - Started process (PID=1006) to work on /home/airflow/.local/lib/python3.8/site-packages/airflow/example_dags/example_complex.py
[2024-10-20T10:28:52.682+0000] {processor.py:830} INFO - Processing file /home/airflow/.local/lib/python3.8/site-packages/airflow/example_dags/example_complex.py for tasks to queue
[2024-10-20T10:28:52.684+0000] {logging_mixin.py:188} INFO - [2024-10-20T10:28:52.683+0000] {dagbag.py:540} INFO - Filling up the DagBag from /home/airflow/.local/lib/python3.8/site-packages/airflow/example_dags/example_complex.py
[2024-10-20T10:28:52.691+0000] {processor.py:840} INFO - DAG(s) 'example_complex' retrieved from /home/airflow/.local/lib/python3.8/site-packages/airflow/example_dags/example_complex.py
[2024-10-20T10:28:52.712+0000] {logging_mixin.py:188} INFO - [2024-10-20T10:28:52.712+0000] {dag.py:3047} INFO - Sync 1 DAGs
[2024-10-20T10:28:52.720+0000] {logging_mixin.py:188} INFO - [2024-10-20T10:28:52.720+0000] {dag.py:3834} INFO - Setting next_dagrun for example_complex to None, run_after=None
[2024-10-20T10:28:52.731+0000] {processor.py:183} INFO - Processing /home/airflow/.local/lib/python3.8/site-packages/airflow/example_dags/example_complex.py took 0.052 seconds
[2024-10-20T10:29:23.410+0000] {processor.py:161} INFO - Started process (PID=1061) to work on /home/airflow/.local/lib/python3.8/site-packages/airflow/example_dags/example_complex.py
[2024-10-20T10:29:23.410+0000] {processor.py:830} INFO - Processing file /home/airflow/.local/lib/python3.8/site-packages/airflow/example_dags/example_complex.py for tasks to queue
[2024-10-20T10:29:23.412+0000] {logging_mixin.py:188} INFO - [2024-10-20T10:29:23.412+0000] {dagbag.py:540} INFO - Filling up the DagBag from /home/airflow/.local/lib/python3.8/site-packages/airflow/example_dags/example_complex.py
[2024-10-20T10:29:23.421+0000] {processor.py:840} INFO - DAG(s) 'example_complex' retrieved from /home/airflow/.local/lib/python3.8/site-packages/airflow/example_dags/example_complex.py
[2024-10-20T10:29:23.441+0000] {logging_mixin.py:188} INFO - [2024-10-20T10:29:23.441+0000] {dag.py:3047} INFO - Sync 1 DAGs
[2024-10-20T10:29:23.449+0000] {logging_mixin.py:188} INFO - [2024-10-20T10:29:23.449+0000] {dag.py:3834} INFO - Setting next_dagrun for example_complex to None, run_after=None
[2024-10-20T10:29:23.460+0000] {processor.py:183} INFO - Processing /home/airflow/.local/lib/python3.8/site-packages/airflow/example_dags/example_complex.py took 0.053 seconds
[2024-10-20T10:29:54.143+0000] {processor.py:161} INFO - Started process (PID=1116) to work on /home/airflow/.local/lib/python3.8/site-packages/airflow/example_dags/example_complex.py
[2024-10-20T10:29:54.144+0000] {processor.py:830} INFO - Processing file /home/airflow/.local/lib/python3.8/site-packages/airflow/example_dags/example_complex.py for tasks to queue
[2024-10-20T10:29:54.145+0000] {logging_mixin.py:188} INFO - [2024-10-20T10:29:54.145+0000] {dagbag.py:540} INFO - Filling up the DagBag from /home/airflow/.local/lib/python3.8/site-packages/airflow/example_dags/example_complex.py
[2024-10-20T10:29:54.153+0000] {processor.py:840} INFO - DAG(s) 'example_complex' retrieved from /home/airflow/.local/lib/python3.8/site-packages/airflow/example_dags/example_complex.py
[2024-10-20T10:29:54.174+0000] {logging_mixin.py:188} INFO - [2024-10-20T10:29:54.174+0000] {dag.py:3047} INFO - Sync 1 DAGs
[2024-10-20T10:29:54.182+0000] {logging_mixin.py:188} INFO - [2024-10-20T10:29:54.181+0000] {dag.py:3834} INFO - Setting next_dagrun for example_complex to None, run_after=None
[2024-10-20T10:29:54.193+0000] {processor.py:183} INFO - Processing /home/airflow/.local/lib/python3.8/site-packages/airflow/example_dags/example_complex.py took 0.052 seconds
[2024-10-20T10:30:24.864+0000] {processor.py:161} INFO - Started process (PID=1171) to work on /home/airflow/.local/lib/python3.8/site-packages/airflow/example_dags/example_complex.py
[2024-10-20T10:30:24.865+0000] {processor.py:830} INFO - Processing file /home/airflow/.local/lib/python3.8/site-packages/airflow/example_dags/example_complex.py for tasks to queue
[2024-10-20T10:30:24.867+0000] {logging_mixin.py:188} INFO - [2024-10-20T10:30:24.867+0000] {dagbag.py:540} INFO - Filling up the DagBag from /home/airflow/.local/lib/python3.8/site-packages/airflow/example_dags/example_complex.py
[2024-10-20T10:30:24.876+0000] {processor.py:840} INFO - DAG(s) 'example_complex' retrieved from /home/airflow/.local/lib/python3.8/site-packages/airflow/example_dags/example_complex.py
[2024-10-20T10:30:24.899+0000] {logging_mixin.py:188} INFO - [2024-10-20T10:30:24.898+0000] {dag.py:3047} INFO - Sync 1 DAGs
[2024-10-20T10:30:24.906+0000] {logging_mixin.py:188} INFO - [2024-10-20T10:30:24.906+0000] {dag.py:3834} INFO - Setting next_dagrun for example_complex to None, run_after=None
[2024-10-20T10:30:24.917+0000] {processor.py:183} INFO - Processing /home/airflow/.local/lib/python3.8/site-packages/airflow/example_dags/example_complex.py took 0.057 seconds
[2024-10-20T10:30:55.523+0000] {processor.py:161} INFO - Started process (PID=1226) to work on /home/airflow/.local/lib/python3.8/site-packages/airflow/example_dags/example_complex.py
[2024-10-20T10:30:55.524+0000] {processor.py:830} INFO - Processing file /home/airflow/.local/lib/python3.8/site-packages/airflow/example_dags/example_complex.py for tasks to queue
[2024-10-20T10:30:55.525+0000] {logging_mixin.py:188} INFO - [2024-10-20T10:30:55.525+0000] {dagbag.py:540} INFO - Filling up the DagBag from /home/airflow/.local/lib/python3.8/site-packages/airflow/example_dags/example_complex.py
[2024-10-20T10:30:55.533+0000] {processor.py:840} INFO - DAG(s) 'example_complex' retrieved from /home/airflow/.local/lib/python3.8/site-packages/airflow/example_dags/example_complex.py
[2024-10-20T10:30:55.552+0000] {logging_mixin.py:188} INFO - [2024-10-20T10:30:55.552+0000] {dag.py:3047} INFO - Sync 1 DAGs
[2024-10-20T10:30:55.560+0000] {logging_mixin.py:188} INFO - [2024-10-20T10:30:55.560+0000] {dag.py:3834} INFO - Setting next_dagrun for example_complex to None, run_after=None
[2024-10-20T10:30:55.571+0000] {processor.py:183} INFO - Processing /home/airflow/.local/lib/python3.8/site-packages/airflow/example_dags/example_complex.py took 0.050 seconds
[2024-10-20T10:31:26.159+0000] {processor.py:161} INFO - Started process (PID=1281) to work on /home/airflow/.local/lib/python3.8/site-packages/airflow/example_dags/example_complex.py
[2024-10-20T10:31:26.160+0000] {processor.py:830} INFO - Processing file /home/airflow/.local/lib/python3.8/site-packages/airflow/example_dags/example_complex.py for tasks to queue
[2024-10-20T10:31:26.161+0000] {logging_mixin.py:188} INFO - [2024-10-20T10:31:26.161+0000] {dagbag.py:540} INFO - Filling up the DagBag from /home/airflow/.local/lib/python3.8/site-packages/airflow/example_dags/example_complex.py
[2024-10-20T10:31:26.169+0000] {processor.py:840} INFO - DAG(s) 'example_complex' retrieved from /home/airflow/.local/lib/python3.8/site-packages/airflow/example_dags/example_complex.py
[2024-10-20T10:31:26.193+0000] {logging_mixin.py:188} INFO - [2024-10-20T10:31:26.193+0000] {dag.py:3047} INFO - Sync 1 DAGs
[2024-10-20T10:31:26.201+0000] {logging_mixin.py:188} INFO - [2024-10-20T10:31:26.201+0000] {dag.py:3834} INFO - Setting next_dagrun for example_complex to None, run_after=None
[2024-10-20T10:31:26.212+0000] {processor.py:183} INFO - Processing /home/airflow/.local/lib/python3.8/site-packages/airflow/example_dags/example_complex.py took 0.056 seconds
[2024-10-20T10:31:56.273+0000] {processor.py:161} INFO - Started process (PID=1336) to work on /home/airflow/.local/lib/python3.8/site-packages/airflow/example_dags/example_complex.py
[2024-10-20T10:31:56.274+0000] {processor.py:830} INFO - Processing file /home/airflow/.local/lib/python3.8/site-packages/airflow/example_dags/example_complex.py for tasks to queue
[2024-10-20T10:31:56.275+0000] {logging_mixin.py:188} INFO - [2024-10-20T10:31:56.275+0000] {dagbag.py:540} INFO - Filling up the DagBag from /home/airflow/.local/lib/python3.8/site-packages/airflow/example_dags/example_complex.py
[2024-10-20T10:31:56.283+0000] {processor.py:840} INFO - DAG(s) 'example_complex' retrieved from /home/airflow/.local/lib/python3.8/site-packages/airflow/example_dags/example_complex.py
[2024-10-20T10:31:56.304+0000] {logging_mixin.py:188} INFO - [2024-10-20T10:31:56.303+0000] {dag.py:3047} INFO - Sync 1 DAGs
[2024-10-20T10:31:56.311+0000] {logging_mixin.py:188} INFO - [2024-10-20T10:31:56.311+0000] {dag.py:3834} INFO - Setting next_dagrun for example_complex to None, run_after=None
[2024-10-20T10:31:56.322+0000] {processor.py:183} INFO - Processing /home/airflow/.local/lib/python3.8/site-packages/airflow/example_dags/example_complex.py took 0.052 seconds
[2024-10-20T10:32:27.075+0000] {processor.py:161} INFO - Started process (PID=1391) to work on /home/airflow/.local/lib/python3.8/site-packages/airflow/example_dags/example_complex.py
[2024-10-20T10:32:27.078+0000] {processor.py:830} INFO - Processing file /home/airflow/.local/lib/python3.8/site-packages/airflow/example_dags/example_complex.py for tasks to queue
[2024-10-20T10:32:27.080+0000] {logging_mixin.py:188} INFO - [2024-10-20T10:32:27.080+0000] {dagbag.py:540} INFO - Filling up the DagBag from /home/airflow/.local/lib/python3.8/site-packages/airflow/example_dags/example_complex.py
[2024-10-20T10:32:27.092+0000] {processor.py:840} INFO - DAG(s) 'example_complex' retrieved from /home/airflow/.local/lib/python3.8/site-packages/airflow/example_dags/example_complex.py
[2024-10-20T10:32:27.115+0000] {logging_mixin.py:188} INFO - [2024-10-20T10:32:27.115+0000] {dag.py:3047} INFO - Sync 1 DAGs
[2024-10-20T10:32:27.126+0000] {logging_mixin.py:188} INFO - [2024-10-20T10:32:27.126+0000] {dag.py:3834} INFO - Setting next_dagrun for example_complex to None, run_after=None
[2024-10-20T10:32:27.142+0000] {processor.py:183} INFO - Processing /home/airflow/.local/lib/python3.8/site-packages/airflow/example_dags/example_complex.py took 0.072 seconds
[2024-10-20T10:32:57.738+0000] {processor.py:161} INFO - Started process (PID=1446) to work on /home/airflow/.local/lib/python3.8/site-packages/airflow/example_dags/example_complex.py
[2024-10-20T10:32:57.739+0000] {processor.py:830} INFO - Processing file /home/airflow/.local/lib/python3.8/site-packages/airflow/example_dags/example_complex.py for tasks to queue
[2024-10-20T10:32:57.741+0000] {logging_mixin.py:188} INFO - [2024-10-20T10:32:57.741+0000] {dagbag.py:540} INFO - Filling up the DagBag from /home/airflow/.local/lib/python3.8/site-packages/airflow/example_dags/example_complex.py
[2024-10-20T10:32:57.749+0000] {processor.py:840} INFO - DAG(s) 'example_complex' retrieved from /home/airflow/.local/lib/python3.8/site-packages/airflow/example_dags/example_complex.py
[2024-10-20T10:32:57.771+0000] {logging_mixin.py:188} INFO - [2024-10-20T10:32:57.771+0000] {dag.py:3047} INFO - Sync 1 DAGs
[2024-10-20T10:32:57.779+0000] {logging_mixin.py:188} INFO - [2024-10-20T10:32:57.779+0000] {dag.py:3834} INFO - Setting next_dagrun for example_complex to None, run_after=None
[2024-10-20T10:32:57.792+0000] {processor.py:183} INFO - Processing /home/airflow/.local/lib/python3.8/site-packages/airflow/example_dags/example_complex.py took 0.057 seconds
[2024-10-20T10:33:27.817+0000] {processor.py:161} INFO - Started process (PID=1501) to work on /home/airflow/.local/lib/python3.8/site-packages/airflow/example_dags/example_complex.py
[2024-10-20T10:33:27.818+0000] {processor.py:830} INFO - Processing file /home/airflow/.local/lib/python3.8/site-packages/airflow/example_dags/example_complex.py for tasks to queue
[2024-10-20T10:33:27.820+0000] {logging_mixin.py:188} INFO - [2024-10-20T10:33:27.819+0000] {dagbag.py:540} INFO - Filling up the DagBag from /home/airflow/.local/lib/python3.8/site-packages/airflow/example_dags/example_complex.py
[2024-10-20T10:33:27.828+0000] {processor.py:840} INFO - DAG(s) 'example_complex' retrieved from /home/airflow/.local/lib/python3.8/site-packages/airflow/example_dags/example_complex.py
[2024-10-20T10:33:27.850+0000] {logging_mixin.py:188} INFO - [2024-10-20T10:33:27.850+0000] {dag.py:3047} INFO - Sync 1 DAGs
[2024-10-20T10:33:27.861+0000] {logging_mixin.py:188} INFO - [2024-10-20T10:33:27.860+0000] {dag.py:3834} INFO - Setting next_dagrun for example_complex to None, run_after=None
[2024-10-20T10:33:27.872+0000] {processor.py:183} INFO - Processing /home/airflow/.local/lib/python3.8/site-packages/airflow/example_dags/example_complex.py took 0.058 seconds
[2024-10-20T10:33:58.070+0000] {processor.py:161} INFO - Started process (PID=1556) to work on /home/airflow/.local/lib/python3.8/site-packages/airflow/example_dags/example_complex.py
[2024-10-20T10:33:58.071+0000] {processor.py:830} INFO - Processing file /home/airflow/.local/lib/python3.8/site-packages/airflow/example_dags/example_complex.py for tasks to queue
[2024-10-20T10:33:58.072+0000] {logging_mixin.py:188} INFO - [2024-10-20T10:33:58.072+0000] {dagbag.py:540} INFO - Filling up the DagBag from /home/airflow/.local/lib/python3.8/site-packages/airflow/example_dags/example_complex.py
[2024-10-20T10:33:58.080+0000] {processor.py:840} INFO - DAG(s) 'example_complex' retrieved from /home/airflow/.local/lib/python3.8/site-packages/airflow/example_dags/example_complex.py
[2024-10-20T10:33:58.102+0000] {logging_mixin.py:188} INFO - [2024-10-20T10:33:58.102+0000] {dag.py:3047} INFO - Sync 1 DAGs
[2024-10-20T10:33:58.110+0000] {logging_mixin.py:188} INFO - [2024-10-20T10:33:58.110+0000] {dag.py:3834} INFO - Setting next_dagrun for example_complex to None, run_after=None
[2024-10-20T10:33:58.121+0000] {processor.py:183} INFO - Processing /home/airflow/.local/lib/python3.8/site-packages/airflow/example_dags/example_complex.py took 0.054 seconds
[2024-10-20T10:34:28.787+0000] {processor.py:161} INFO - Started process (PID=1611) to work on /home/airflow/.local/lib/python3.8/site-packages/airflow/example_dags/example_complex.py
[2024-10-20T10:34:28.788+0000] {processor.py:830} INFO - Processing file /home/airflow/.local/lib/python3.8/site-packages/airflow/example_dags/example_complex.py for tasks to queue
[2024-10-20T10:34:28.790+0000] {logging_mixin.py:188} INFO - [2024-10-20T10:34:28.789+0000] {dagbag.py:540} INFO - Filling up the DagBag from /home/airflow/.local/lib/python3.8/site-packages/airflow/example_dags/example_complex.py
[2024-10-20T10:34:28.800+0000] {processor.py:840} INFO - DAG(s) 'example_complex' retrieved from /home/airflow/.local/lib/python3.8/site-packages/airflow/example_dags/example_complex.py
[2024-10-20T10:34:28.822+0000] {logging_mixin.py:188} INFO - [2024-10-20T10:34:28.822+0000] {dag.py:3047} INFO - Sync 1 DAGs
[2024-10-20T10:34:28.830+0000] {logging_mixin.py:188} INFO - [2024-10-20T10:34:28.830+0000] {dag.py:3834} INFO - Setting next_dagrun for example_complex to None, run_after=None
[2024-10-20T10:34:28.843+0000] {processor.py:183} INFO - Processing /home/airflow/.local/lib/python3.8/site-packages/airflow/example_dags/example_complex.py took 0.060 seconds
[2024-10-20T10:35:46.395+0000] {processor.py:161} INFO - Started process (PID=53) to work on /home/airflow/.local/lib/python3.8/site-packages/airflow/example_dags/example_complex.py
[2024-10-20T10:35:46.400+0000] {processor.py:830} INFO - Processing file /home/airflow/.local/lib/python3.8/site-packages/airflow/example_dags/example_complex.py for tasks to queue
[2024-10-20T10:35:46.403+0000] {logging_mixin.py:188} INFO - [2024-10-20T10:35:46.403+0000] {dagbag.py:540} INFO - Filling up the DagBag from /home/airflow/.local/lib/python3.8/site-packages/airflow/example_dags/example_complex.py
[2024-10-20T10:35:46.494+0000] {processor.py:840} INFO - DAG(s) 'example_complex' retrieved from /home/airflow/.local/lib/python3.8/site-packages/airflow/example_dags/example_complex.py
[2024-10-20T10:35:46.550+0000] {logging_mixin.py:188} INFO - [2024-10-20T10:35:46.550+0000] {dag.py:3047} INFO - Sync 1 DAGs
[2024-10-20T10:35:46.577+0000] {logging_mixin.py:188} INFO - [2024-10-20T10:35:46.577+0000] {dag.py:3834} INFO - Setting next_dagrun for example_complex to None, run_after=None
[2024-10-20T10:35:46.613+0000] {processor.py:183} INFO - Processing /home/airflow/.local/lib/python3.8/site-packages/airflow/example_dags/example_complex.py took 0.222 seconds
[2024-10-20T10:36:16.927+0000] {processor.py:161} INFO - Started process (PID=107) to work on /home/airflow/.local/lib/python3.8/site-packages/airflow/example_dags/example_complex.py
[2024-10-20T10:36:16.928+0000] {processor.py:830} INFO - Processing file /home/airflow/.local/lib/python3.8/site-packages/airflow/example_dags/example_complex.py for tasks to queue
[2024-10-20T10:36:16.931+0000] {logging_mixin.py:188} INFO - [2024-10-20T10:36:16.930+0000] {dagbag.py:540} INFO - Filling up the DagBag from /home/airflow/.local/lib/python3.8/site-packages/airflow/example_dags/example_complex.py
[2024-10-20T10:36:16.941+0000] {processor.py:840} INFO - DAG(s) 'example_complex' retrieved from /home/airflow/.local/lib/python3.8/site-packages/airflow/example_dags/example_complex.py
[2024-10-20T10:36:17.037+0000] {logging_mixin.py:188} INFO - [2024-10-20T10:36:17.037+0000] {dag.py:3047} INFO - Sync 1 DAGs
[2024-10-20T10:36:17.046+0000] {logging_mixin.py:188} INFO - [2024-10-20T10:36:17.046+0000] {dag.py:3834} INFO - Setting next_dagrun for example_complex to None, run_after=None
[2024-10-20T10:36:17.064+0000] {processor.py:183} INFO - Processing /home/airflow/.local/lib/python3.8/site-packages/airflow/example_dags/example_complex.py took 0.141 seconds
[2024-10-20T10:36:47.311+0000] {processor.py:161} INFO - Started process (PID=163) to work on /home/airflow/.local/lib/python3.8/site-packages/airflow/example_dags/example_complex.py
[2024-10-20T10:36:47.313+0000] {processor.py:830} INFO - Processing file /home/airflow/.local/lib/python3.8/site-packages/airflow/example_dags/example_complex.py for tasks to queue
[2024-10-20T10:36:47.314+0000] {logging_mixin.py:188} INFO - [2024-10-20T10:36:47.314+0000] {dagbag.py:540} INFO - Filling up the DagBag from /home/airflow/.local/lib/python3.8/site-packages/airflow/example_dags/example_complex.py
[2024-10-20T10:36:47.323+0000] {processor.py:840} INFO - DAG(s) 'example_complex' retrieved from /home/airflow/.local/lib/python3.8/site-packages/airflow/example_dags/example_complex.py
[2024-10-20T10:36:47.347+0000] {logging_mixin.py:188} INFO - [2024-10-20T10:36:47.347+0000] {dag.py:3047} INFO - Sync 1 DAGs
[2024-10-20T10:36:47.355+0000] {logging_mixin.py:188} INFO - [2024-10-20T10:36:47.355+0000] {dag.py:3834} INFO - Setting next_dagrun for example_complex to None, run_after=None
[2024-10-20T10:36:47.372+0000] {processor.py:183} INFO - Processing /home/airflow/.local/lib/python3.8/site-packages/airflow/example_dags/example_complex.py took 0.064 seconds
[2024-10-20T10:37:17.627+0000] {processor.py:161} INFO - Started process (PID=219) to work on /home/airflow/.local/lib/python3.8/site-packages/airflow/example_dags/example_complex.py
[2024-10-20T10:37:17.629+0000] {processor.py:830} INFO - Processing file /home/airflow/.local/lib/python3.8/site-packages/airflow/example_dags/example_complex.py for tasks to queue
[2024-10-20T10:37:17.630+0000] {logging_mixin.py:188} INFO - [2024-10-20T10:37:17.630+0000] {dagbag.py:540} INFO - Filling up the DagBag from /home/airflow/.local/lib/python3.8/site-packages/airflow/example_dags/example_complex.py
[2024-10-20T10:37:17.643+0000] {processor.py:840} INFO - DAG(s) 'example_complex' retrieved from /home/airflow/.local/lib/python3.8/site-packages/airflow/example_dags/example_complex.py
[2024-10-20T10:37:17.671+0000] {logging_mixin.py:188} INFO - [2024-10-20T10:37:17.671+0000] {dag.py:3047} INFO - Sync 1 DAGs
[2024-10-20T10:37:17.680+0000] {logging_mixin.py:188} INFO - [2024-10-20T10:37:17.680+0000] {dag.py:3834} INFO - Setting next_dagrun for example_complex to None, run_after=None
[2024-10-20T10:37:17.699+0000] {processor.py:183} INFO - Processing /home/airflow/.local/lib/python3.8/site-packages/airflow/example_dags/example_complex.py took 0.075 seconds
[2024-10-20T10:37:48.366+0000] {processor.py:161} INFO - Started process (PID=275) to work on /home/airflow/.local/lib/python3.8/site-packages/airflow/example_dags/example_complex.py
[2024-10-20T10:37:48.369+0000] {processor.py:830} INFO - Processing file /home/airflow/.local/lib/python3.8/site-packages/airflow/example_dags/example_complex.py for tasks to queue
[2024-10-20T10:37:48.372+0000] {logging_mixin.py:188} INFO - [2024-10-20T10:37:48.372+0000] {dagbag.py:540} INFO - Filling up the DagBag from /home/airflow/.local/lib/python3.8/site-packages/airflow/example_dags/example_complex.py
[2024-10-20T10:37:48.384+0000] {processor.py:840} INFO - DAG(s) 'example_complex' retrieved from /home/airflow/.local/lib/python3.8/site-packages/airflow/example_dags/example_complex.py
[2024-10-20T10:37:48.414+0000] {logging_mixin.py:188} INFO - [2024-10-20T10:37:48.414+0000] {dag.py:3047} INFO - Sync 1 DAGs
[2024-10-20T10:37:48.423+0000] {logging_mixin.py:188} INFO - [2024-10-20T10:37:48.423+0000] {dag.py:3834} INFO - Setting next_dagrun for example_complex to None, run_after=None
[2024-10-20T10:37:48.437+0000] {processor.py:183} INFO - Processing /home/airflow/.local/lib/python3.8/site-packages/airflow/example_dags/example_complex.py took 0.075 seconds
[2024-10-20T10:38:18.523+0000] {processor.py:161} INFO - Started process (PID=330) to work on /home/airflow/.local/lib/python3.8/site-packages/airflow/example_dags/example_complex.py
[2024-10-20T10:38:18.524+0000] {processor.py:830} INFO - Processing file /home/airflow/.local/lib/python3.8/site-packages/airflow/example_dags/example_complex.py for tasks to queue
[2024-10-20T10:38:18.526+0000] {logging_mixin.py:188} INFO - [2024-10-20T10:38:18.525+0000] {dagbag.py:540} INFO - Filling up the DagBag from /home/airflow/.local/lib/python3.8/site-packages/airflow/example_dags/example_complex.py
[2024-10-20T10:38:18.534+0000] {processor.py:840} INFO - DAG(s) 'example_complex' retrieved from /home/airflow/.local/lib/python3.8/site-packages/airflow/example_dags/example_complex.py
[2024-10-20T10:38:18.562+0000] {logging_mixin.py:188} INFO - [2024-10-20T10:38:18.562+0000] {dag.py:3047} INFO - Sync 1 DAGs
[2024-10-20T10:38:18.572+0000] {logging_mixin.py:188} INFO - [2024-10-20T10:38:18.572+0000] {dag.py:3834} INFO - Setting next_dagrun for example_complex to None, run_after=None
[2024-10-20T10:38:18.589+0000] {processor.py:183} INFO - Processing /home/airflow/.local/lib/python3.8/site-packages/airflow/example_dags/example_complex.py took 0.068 seconds
[2024-10-20T10:38:48.825+0000] {processor.py:161} INFO - Started process (PID=386) to work on /home/airflow/.local/lib/python3.8/site-packages/airflow/example_dags/example_complex.py
[2024-10-20T10:38:48.828+0000] {processor.py:830} INFO - Processing file /home/airflow/.local/lib/python3.8/site-packages/airflow/example_dags/example_complex.py for tasks to queue
[2024-10-20T10:38:48.831+0000] {logging_mixin.py:188} INFO - [2024-10-20T10:38:48.831+0000] {dagbag.py:540} INFO - Filling up the DagBag from /home/airflow/.local/lib/python3.8/site-packages/airflow/example_dags/example_complex.py
[2024-10-20T10:38:48.843+0000] {processor.py:840} INFO - DAG(s) 'example_complex' retrieved from /home/airflow/.local/lib/python3.8/site-packages/airflow/example_dags/example_complex.py
[2024-10-20T10:38:48.872+0000] {logging_mixin.py:188} INFO - [2024-10-20T10:38:48.872+0000] {dag.py:3047} INFO - Sync 1 DAGs
[2024-10-20T10:38:48.882+0000] {logging_mixin.py:188} INFO - [2024-10-20T10:38:48.882+0000] {dag.py:3834} INFO - Setting next_dagrun for example_complex to None, run_after=None
[2024-10-20T10:38:48.896+0000] {processor.py:183} INFO - Processing /home/airflow/.local/lib/python3.8/site-packages/airflow/example_dags/example_complex.py took 0.074 seconds
[2024-10-20T10:39:18.975+0000] {processor.py:161} INFO - Started process (PID=442) to work on /home/airflow/.local/lib/python3.8/site-packages/airflow/example_dags/example_complex.py
[2024-10-20T10:39:18.976+0000] {processor.py:830} INFO - Processing file /home/airflow/.local/lib/python3.8/site-packages/airflow/example_dags/example_complex.py for tasks to queue
[2024-10-20T10:39:18.978+0000] {logging_mixin.py:188} INFO - [2024-10-20T10:39:18.978+0000] {dagbag.py:540} INFO - Filling up the DagBag from /home/airflow/.local/lib/python3.8/site-packages/airflow/example_dags/example_complex.py
[2024-10-20T10:39:18.988+0000] {processor.py:840} INFO - DAG(s) 'example_complex' retrieved from /home/airflow/.local/lib/python3.8/site-packages/airflow/example_dags/example_complex.py
[2024-10-20T10:39:19.018+0000] {logging_mixin.py:188} INFO - [2024-10-20T10:39:19.018+0000] {dag.py:3047} INFO - Sync 1 DAGs
[2024-10-20T10:39:19.027+0000] {logging_mixin.py:188} INFO - [2024-10-20T10:39:19.027+0000] {dag.py:3834} INFO - Setting next_dagrun for example_complex to None, run_after=None
[2024-10-20T10:39:19.041+0000] {processor.py:183} INFO - Processing /home/airflow/.local/lib/python3.8/site-packages/airflow/example_dags/example_complex.py took 0.070 seconds
[2024-10-20T10:39:49.379+0000] {processor.py:161} INFO - Started process (PID=498) to work on /home/airflow/.local/lib/python3.8/site-packages/airflow/example_dags/example_complex.py
[2024-10-20T10:39:49.381+0000] {processor.py:830} INFO - Processing file /home/airflow/.local/lib/python3.8/site-packages/airflow/example_dags/example_complex.py for tasks to queue
[2024-10-20T10:39:49.383+0000] {logging_mixin.py:188} INFO - [2024-10-20T10:39:49.382+0000] {dagbag.py:540} INFO - Filling up the DagBag from /home/airflow/.local/lib/python3.8/site-packages/airflow/example_dags/example_complex.py
[2024-10-20T10:39:49.395+0000] {processor.py:840} INFO - DAG(s) 'example_complex' retrieved from /home/airflow/.local/lib/python3.8/site-packages/airflow/example_dags/example_complex.py
[2024-10-20T10:39:49.425+0000] {logging_mixin.py:188} INFO - [2024-10-20T10:39:49.425+0000] {dag.py:3047} INFO - Sync 1 DAGs
[2024-10-20T10:39:49.436+0000] {logging_mixin.py:188} INFO - [2024-10-20T10:39:49.436+0000] {dag.py:3834} INFO - Setting next_dagrun for example_complex to None, run_after=None
[2024-10-20T10:39:49.455+0000] {processor.py:183} INFO - Processing /home/airflow/.local/lib/python3.8/site-packages/airflow/example_dags/example_complex.py took 0.081 seconds
[2024-10-20T10:40:19.549+0000] {processor.py:161} INFO - Started process (PID=554) to work on /home/airflow/.local/lib/python3.8/site-packages/airflow/example_dags/example_complex.py
[2024-10-20T10:40:19.552+0000] {processor.py:830} INFO - Processing file /home/airflow/.local/lib/python3.8/site-packages/airflow/example_dags/example_complex.py for tasks to queue
[2024-10-20T10:40:19.554+0000] {logging_mixin.py:188} INFO - [2024-10-20T10:40:19.553+0000] {dagbag.py:540} INFO - Filling up the DagBag from /home/airflow/.local/lib/python3.8/site-packages/airflow/example_dags/example_complex.py
[2024-10-20T10:40:19.564+0000] {processor.py:840} INFO - DAG(s) 'example_complex' retrieved from /home/airflow/.local/lib/python3.8/site-packages/airflow/example_dags/example_complex.py
[2024-10-20T10:40:19.594+0000] {logging_mixin.py:188} INFO - [2024-10-20T10:40:19.594+0000] {dag.py:3047} INFO - Sync 1 DAGs
[2024-10-20T10:40:19.604+0000] {logging_mixin.py:188} INFO - [2024-10-20T10:40:19.604+0000] {dag.py:3834} INFO - Setting next_dagrun for example_complex to None, run_after=None
[2024-10-20T10:40:19.621+0000] {processor.py:183} INFO - Processing /home/airflow/.local/lib/python3.8/site-packages/airflow/example_dags/example_complex.py took 0.075 seconds
[2024-10-20T10:40:49.710+0000] {processor.py:161} INFO - Started process (PID=610) to work on /home/airflow/.local/lib/python3.8/site-packages/airflow/example_dags/example_complex.py
[2024-10-20T10:40:49.711+0000] {processor.py:830} INFO - Processing file /home/airflow/.local/lib/python3.8/site-packages/airflow/example_dags/example_complex.py for tasks to queue
[2024-10-20T10:40:49.713+0000] {logging_mixin.py:188} INFO - [2024-10-20T10:40:49.712+0000] {dagbag.py:540} INFO - Filling up the DagBag from /home/airflow/.local/lib/python3.8/site-packages/airflow/example_dags/example_complex.py
[2024-10-20T10:40:49.721+0000] {processor.py:840} INFO - DAG(s) 'example_complex' retrieved from /home/airflow/.local/lib/python3.8/site-packages/airflow/example_dags/example_complex.py
[2024-10-20T10:40:49.741+0000] {logging_mixin.py:188} INFO - [2024-10-20T10:40:49.741+0000] {dag.py:3047} INFO - Sync 1 DAGs
[2024-10-20T10:40:49.749+0000] {logging_mixin.py:188} INFO - [2024-10-20T10:40:49.749+0000] {dag.py:3834} INFO - Setting next_dagrun for example_complex to None, run_after=None
[2024-10-20T10:40:49.764+0000] {processor.py:183} INFO - Processing /home/airflow/.local/lib/python3.8/site-packages/airflow/example_dags/example_complex.py took 0.057 seconds
[2024-10-20T10:41:20.216+0000] {processor.py:161} INFO - Started process (PID=666) to work on /home/airflow/.local/lib/python3.8/site-packages/airflow/example_dags/example_complex.py
[2024-10-20T10:41:20.217+0000] {processor.py:830} INFO - Processing file /home/airflow/.local/lib/python3.8/site-packages/airflow/example_dags/example_complex.py for tasks to queue
[2024-10-20T10:41:20.219+0000] {logging_mixin.py:188} INFO - [2024-10-20T10:41:20.219+0000] {dagbag.py:540} INFO - Filling up the DagBag from /home/airflow/.local/lib/python3.8/site-packages/airflow/example_dags/example_complex.py
[2024-10-20T10:41:20.227+0000] {processor.py:840} INFO - DAG(s) 'example_complex' retrieved from /home/airflow/.local/lib/python3.8/site-packages/airflow/example_dags/example_complex.py
[2024-10-20T10:41:20.253+0000] {logging_mixin.py:188} INFO - [2024-10-20T10:41:20.252+0000] {dag.py:3047} INFO - Sync 1 DAGs
[2024-10-20T10:41:20.261+0000] {logging_mixin.py:188} INFO - [2024-10-20T10:41:20.261+0000] {dag.py:3834} INFO - Setting next_dagrun for example_complex to None, run_after=None
[2024-10-20T10:41:20.273+0000] {processor.py:183} INFO - Processing /home/airflow/.local/lib/python3.8/site-packages/airflow/example_dags/example_complex.py took 0.060 seconds
[2024-10-20T10:41:50.571+0000] {processor.py:161} INFO - Started process (PID=722) to work on /home/airflow/.local/lib/python3.8/site-packages/airflow/example_dags/example_complex.py
[2024-10-20T10:41:50.573+0000] {processor.py:830} INFO - Processing file /home/airflow/.local/lib/python3.8/site-packages/airflow/example_dags/example_complex.py for tasks to queue
[2024-10-20T10:41:50.575+0000] {logging_mixin.py:188} INFO - [2024-10-20T10:41:50.575+0000] {dagbag.py:540} INFO - Filling up the DagBag from /home/airflow/.local/lib/python3.8/site-packages/airflow/example_dags/example_complex.py
[2024-10-20T10:41:50.586+0000] {processor.py:840} INFO - DAG(s) 'example_complex' retrieved from /home/airflow/.local/lib/python3.8/site-packages/airflow/example_dags/example_complex.py
[2024-10-20T10:41:50.611+0000] {logging_mixin.py:188} INFO - [2024-10-20T10:41:50.611+0000] {dag.py:3047} INFO - Sync 1 DAGs
[2024-10-20T10:41:50.620+0000] {logging_mixin.py:188} INFO - [2024-10-20T10:41:50.620+0000] {dag.py:3834} INFO - Setting next_dagrun for example_complex to None, run_after=None
[2024-10-20T10:41:50.640+0000] {processor.py:183} INFO - Processing /home/airflow/.local/lib/python3.8/site-packages/airflow/example_dags/example_complex.py took 0.072 seconds
[2024-10-20T10:42:20.719+0000] {processor.py:161} INFO - Started process (PID=778) to work on /home/airflow/.local/lib/python3.8/site-packages/airflow/example_dags/example_complex.py
[2024-10-20T10:42:20.720+0000] {processor.py:830} INFO - Processing file /home/airflow/.local/lib/python3.8/site-packages/airflow/example_dags/example_complex.py for tasks to queue
[2024-10-20T10:42:20.722+0000] {logging_mixin.py:188} INFO - [2024-10-20T10:42:20.721+0000] {dagbag.py:540} INFO - Filling up the DagBag from /home/airflow/.local/lib/python3.8/site-packages/airflow/example_dags/example_complex.py
[2024-10-20T10:42:20.731+0000] {processor.py:840} INFO - DAG(s) 'example_complex' retrieved from /home/airflow/.local/lib/python3.8/site-packages/airflow/example_dags/example_complex.py
[2024-10-20T10:42:20.753+0000] {logging_mixin.py:188} INFO - [2024-10-20T10:42:20.753+0000] {dag.py:3047} INFO - Sync 1 DAGs
[2024-10-20T10:42:20.762+0000] {logging_mixin.py:188} INFO - [2024-10-20T10:42:20.762+0000] {dag.py:3834} INFO - Setting next_dagrun for example_complex to None, run_after=None
[2024-10-20T10:42:20.784+0000] {processor.py:183} INFO - Processing /home/airflow/.local/lib/python3.8/site-packages/airflow/example_dags/example_complex.py took 0.068 seconds
[2024-10-20T10:42:51.165+0000] {processor.py:161} INFO - Started process (PID=834) to work on /home/airflow/.local/lib/python3.8/site-packages/airflow/example_dags/example_complex.py
[2024-10-20T10:42:51.166+0000] {processor.py:830} INFO - Processing file /home/airflow/.local/lib/python3.8/site-packages/airflow/example_dags/example_complex.py for tasks to queue
[2024-10-20T10:42:51.167+0000] {logging_mixin.py:188} INFO - [2024-10-20T10:42:51.167+0000] {dagbag.py:540} INFO - Filling up the DagBag from /home/airflow/.local/lib/python3.8/site-packages/airflow/example_dags/example_complex.py
[2024-10-20T10:42:51.175+0000] {processor.py:840} INFO - DAG(s) 'example_complex' retrieved from /home/airflow/.local/lib/python3.8/site-packages/airflow/example_dags/example_complex.py
[2024-10-20T10:42:51.202+0000] {logging_mixin.py:188} INFO - [2024-10-20T10:42:51.202+0000] {dag.py:3047} INFO - Sync 1 DAGs
[2024-10-20T10:42:51.214+0000] {logging_mixin.py:188} INFO - [2024-10-20T10:42:51.214+0000] {dag.py:3834} INFO - Setting next_dagrun for example_complex to None, run_after=None
[2024-10-20T10:42:51.232+0000] {processor.py:183} INFO - Processing /home/airflow/.local/lib/python3.8/site-packages/airflow/example_dags/example_complex.py took 0.070 seconds
[2024-10-20T10:43:21.488+0000] {processor.py:161} INFO - Started process (PID=896) to work on /home/airflow/.local/lib/python3.8/site-packages/airflow/example_dags/example_complex.py
[2024-10-20T10:43:21.490+0000] {processor.py:830} INFO - Processing file /home/airflow/.local/lib/python3.8/site-packages/airflow/example_dags/example_complex.py for tasks to queue
[2024-10-20T10:43:21.492+0000] {logging_mixin.py:188} INFO - [2024-10-20T10:43:21.491+0000] {dagbag.py:540} INFO - Filling up the DagBag from /home/airflow/.local/lib/python3.8/site-packages/airflow/example_dags/example_complex.py
[2024-10-20T10:43:21.505+0000] {processor.py:840} INFO - DAG(s) 'example_complex' retrieved from /home/airflow/.local/lib/python3.8/site-packages/airflow/example_dags/example_complex.py
[2024-10-20T10:43:21.529+0000] {logging_mixin.py:188} INFO - [2024-10-20T10:43:21.529+0000] {dag.py:3047} INFO - Sync 1 DAGs
[2024-10-20T10:43:21.541+0000] {logging_mixin.py:188} INFO - [2024-10-20T10:43:21.540+0000] {dag.py:3834} INFO - Setting next_dagrun for example_complex to None, run_after=None
[2024-10-20T10:43:21.557+0000] {processor.py:183} INFO - Processing /home/airflow/.local/lib/python3.8/site-packages/airflow/example_dags/example_complex.py took 0.072 seconds
[2024-10-20T10:43:51.793+0000] {processor.py:161} INFO - Started process (PID=952) to work on /home/airflow/.local/lib/python3.8/site-packages/airflow/example_dags/example_complex.py
[2024-10-20T10:43:51.794+0000] {processor.py:830} INFO - Processing file /home/airflow/.local/lib/python3.8/site-packages/airflow/example_dags/example_complex.py for tasks to queue
[2024-10-20T10:43:51.796+0000] {logging_mixin.py:188} INFO - [2024-10-20T10:43:51.796+0000] {dagbag.py:540} INFO - Filling up the DagBag from /home/airflow/.local/lib/python3.8/site-packages/airflow/example_dags/example_complex.py
[2024-10-20T10:43:51.805+0000] {processor.py:840} INFO - DAG(s) 'example_complex' retrieved from /home/airflow/.local/lib/python3.8/site-packages/airflow/example_dags/example_complex.py
[2024-10-20T10:43:51.828+0000] {logging_mixin.py:188} INFO - [2024-10-20T10:43:51.828+0000] {dag.py:3047} INFO - Sync 1 DAGs
[2024-10-20T10:43:51.837+0000] {logging_mixin.py:188} INFO - [2024-10-20T10:43:51.837+0000] {dag.py:3834} INFO - Setting next_dagrun for example_complex to None, run_after=None
[2024-10-20T10:43:51.855+0000] {processor.py:183} INFO - Processing /home/airflow/.local/lib/python3.8/site-packages/airflow/example_dags/example_complex.py took 0.064 seconds
[2024-10-20T10:44:22.070+0000] {processor.py:161} INFO - Started process (PID=1008) to work on /home/airflow/.local/lib/python3.8/site-packages/airflow/example_dags/example_complex.py
[2024-10-20T10:44:22.071+0000] {processor.py:830} INFO - Processing file /home/airflow/.local/lib/python3.8/site-packages/airflow/example_dags/example_complex.py for tasks to queue
[2024-10-20T10:44:22.074+0000] {logging_mixin.py:188} INFO - [2024-10-20T10:44:22.073+0000] {dagbag.py:540} INFO - Filling up the DagBag from /home/airflow/.local/lib/python3.8/site-packages/airflow/example_dags/example_complex.py
[2024-10-20T10:44:22.081+0000] {processor.py:840} INFO - DAG(s) 'example_complex' retrieved from /home/airflow/.local/lib/python3.8/site-packages/airflow/example_dags/example_complex.py
[2024-10-20T10:44:22.106+0000] {logging_mixin.py:188} INFO - [2024-10-20T10:44:22.106+0000] {dag.py:3047} INFO - Sync 1 DAGs
[2024-10-20T10:44:22.115+0000] {logging_mixin.py:188} INFO - [2024-10-20T10:44:22.115+0000] {dag.py:3834} INFO - Setting next_dagrun for example_complex to None, run_after=None
[2024-10-20T10:44:22.131+0000] {processor.py:183} INFO - Processing /home/airflow/.local/lib/python3.8/site-packages/airflow/example_dags/example_complex.py took 0.063 seconds
[2024-10-20T10:44:52.170+0000] {processor.py:161} INFO - Started process (PID=1064) to work on /home/airflow/.local/lib/python3.8/site-packages/airflow/example_dags/example_complex.py
[2024-10-20T10:44:52.171+0000] {processor.py:830} INFO - Processing file /home/airflow/.local/lib/python3.8/site-packages/airflow/example_dags/example_complex.py for tasks to queue
[2024-10-20T10:44:52.174+0000] {logging_mixin.py:188} INFO - [2024-10-20T10:44:52.174+0000] {dagbag.py:540} INFO - Filling up the DagBag from /home/airflow/.local/lib/python3.8/site-packages/airflow/example_dags/example_complex.py
[2024-10-20T10:44:52.186+0000] {processor.py:840} INFO - DAG(s) 'example_complex' retrieved from /home/airflow/.local/lib/python3.8/site-packages/airflow/example_dags/example_complex.py
[2024-10-20T10:44:52.215+0000] {logging_mixin.py:188} INFO - [2024-10-20T10:44:52.215+0000] {dag.py:3047} INFO - Sync 1 DAGs
[2024-10-20T10:44:52.225+0000] {logging_mixin.py:188} INFO - [2024-10-20T10:44:52.224+0000] {dag.py:3834} INFO - Setting next_dagrun for example_complex to None, run_after=None
[2024-10-20T10:44:52.238+0000] {processor.py:183} INFO - Processing /home/airflow/.local/lib/python3.8/site-packages/airflow/example_dags/example_complex.py took 0.071 seconds
[2024-10-20T10:45:22.603+0000] {processor.py:161} INFO - Started process (PID=1120) to work on /home/airflow/.local/lib/python3.8/site-packages/airflow/example_dags/example_complex.py
[2024-10-20T10:45:22.605+0000] {processor.py:830} INFO - Processing file /home/airflow/.local/lib/python3.8/site-packages/airflow/example_dags/example_complex.py for tasks to queue
[2024-10-20T10:45:22.606+0000] {logging_mixin.py:188} INFO - [2024-10-20T10:45:22.606+0000] {dagbag.py:540} INFO - Filling up the DagBag from /home/airflow/.local/lib/python3.8/site-packages/airflow/example_dags/example_complex.py
[2024-10-20T10:45:22.619+0000] {processor.py:840} INFO - DAG(s) 'example_complex' retrieved from /home/airflow/.local/lib/python3.8/site-packages/airflow/example_dags/example_complex.py
[2024-10-20T10:45:22.652+0000] {logging_mixin.py:188} INFO - [2024-10-20T10:45:22.652+0000] {dag.py:3047} INFO - Sync 1 DAGs
[2024-10-20T10:45:22.662+0000] {logging_mixin.py:188} INFO - [2024-10-20T10:45:22.662+0000] {dag.py:3834} INFO - Setting next_dagrun for example_complex to None, run_after=None
[2024-10-20T10:45:22.685+0000] {processor.py:183} INFO - Processing /home/airflow/.local/lib/python3.8/site-packages/airflow/example_dags/example_complex.py took 0.085 seconds
[2024-10-20T10:45:52.711+0000] {processor.py:161} INFO - Started process (PID=1176) to work on /home/airflow/.local/lib/python3.8/site-packages/airflow/example_dags/example_complex.py
[2024-10-20T10:45:52.714+0000] {processor.py:830} INFO - Processing file /home/airflow/.local/lib/python3.8/site-packages/airflow/example_dags/example_complex.py for tasks to queue
[2024-10-20T10:45:52.715+0000] {logging_mixin.py:188} INFO - [2024-10-20T10:45:52.715+0000] {dagbag.py:540} INFO - Filling up the DagBag from /home/airflow/.local/lib/python3.8/site-packages/airflow/example_dags/example_complex.py
[2024-10-20T10:45:52.723+0000] {processor.py:840} INFO - DAG(s) 'example_complex' retrieved from /home/airflow/.local/lib/python3.8/site-packages/airflow/example_dags/example_complex.py
[2024-10-20T10:45:52.744+0000] {logging_mixin.py:188} INFO - [2024-10-20T10:45:52.744+0000] {dag.py:3047} INFO - Sync 1 DAGs
[2024-10-20T10:45:52.754+0000] {logging_mixin.py:188} INFO - [2024-10-20T10:45:52.754+0000] {dag.py:3834} INFO - Setting next_dagrun for example_complex to None, run_after=None
[2024-10-20T10:45:52.765+0000] {processor.py:183} INFO - Processing /home/airflow/.local/lib/python3.8/site-packages/airflow/example_dags/example_complex.py took 0.057 seconds
[2024-10-20T10:46:22.923+0000] {processor.py:161} INFO - Started process (PID=1232) to work on /home/airflow/.local/lib/python3.8/site-packages/airflow/example_dags/example_complex.py
[2024-10-20T10:46:22.924+0000] {processor.py:830} INFO - Processing file /home/airflow/.local/lib/python3.8/site-packages/airflow/example_dags/example_complex.py for tasks to queue
[2024-10-20T10:46:22.927+0000] {logging_mixin.py:188} INFO - [2024-10-20T10:46:22.927+0000] {dagbag.py:540} INFO - Filling up the DagBag from /home/airflow/.local/lib/python3.8/site-packages/airflow/example_dags/example_complex.py
[2024-10-20T10:46:22.935+0000] {processor.py:840} INFO - DAG(s) 'example_complex' retrieved from /home/airflow/.local/lib/python3.8/site-packages/airflow/example_dags/example_complex.py
[2024-10-20T10:46:22.960+0000] {logging_mixin.py:188} INFO - [2024-10-20T10:46:22.960+0000] {dag.py:3047} INFO - Sync 1 DAGs
[2024-10-20T10:46:22.969+0000] {logging_mixin.py:188} INFO - [2024-10-20T10:46:22.969+0000] {dag.py:3834} INFO - Setting next_dagrun for example_complex to None, run_after=None
[2024-10-20T10:46:22.982+0000] {processor.py:183} INFO - Processing /home/airflow/.local/lib/python3.8/site-packages/airflow/example_dags/example_complex.py took 0.062 seconds
[2024-10-20T10:46:53.147+0000] {processor.py:161} INFO - Started process (PID=1288) to work on /home/airflow/.local/lib/python3.8/site-packages/airflow/example_dags/example_complex.py
[2024-10-20T10:46:53.148+0000] {processor.py:830} INFO - Processing file /home/airflow/.local/lib/python3.8/site-packages/airflow/example_dags/example_complex.py for tasks to queue
[2024-10-20T10:46:53.151+0000] {logging_mixin.py:188} INFO - [2024-10-20T10:46:53.151+0000] {dagbag.py:540} INFO - Filling up the DagBag from /home/airflow/.local/lib/python3.8/site-packages/airflow/example_dags/example_complex.py
[2024-10-20T10:46:53.160+0000] {processor.py:840} INFO - DAG(s) 'example_complex' retrieved from /home/airflow/.local/lib/python3.8/site-packages/airflow/example_dags/example_complex.py
[2024-10-20T10:46:53.191+0000] {logging_mixin.py:188} INFO - [2024-10-20T10:46:53.191+0000] {dag.py:3047} INFO - Sync 1 DAGs
[2024-10-20T10:46:53.202+0000] {logging_mixin.py:188} INFO - [2024-10-20T10:46:53.202+0000] {dag.py:3834} INFO - Setting next_dagrun for example_complex to None, run_after=None
[2024-10-20T10:46:53.218+0000] {processor.py:183} INFO - Processing /home/airflow/.local/lib/python3.8/site-packages/airflow/example_dags/example_complex.py took 0.073 seconds
[2024-10-20T10:47:23.864+0000] {processor.py:161} INFO - Started process (PID=1344) to work on /home/airflow/.local/lib/python3.8/site-packages/airflow/example_dags/example_complex.py
[2024-10-20T10:47:23.866+0000] {processor.py:830} INFO - Processing file /home/airflow/.local/lib/python3.8/site-packages/airflow/example_dags/example_complex.py for tasks to queue
[2024-10-20T10:47:23.868+0000] {logging_mixin.py:188} INFO - [2024-10-20T10:47:23.868+0000] {dagbag.py:540} INFO - Filling up the DagBag from /home/airflow/.local/lib/python3.8/site-packages/airflow/example_dags/example_complex.py
[2024-10-20T10:47:23.878+0000] {processor.py:840} INFO - DAG(s) 'example_complex' retrieved from /home/airflow/.local/lib/python3.8/site-packages/airflow/example_dags/example_complex.py
[2024-10-20T10:47:23.902+0000] {logging_mixin.py:188} INFO - [2024-10-20T10:47:23.902+0000] {dag.py:3047} INFO - Sync 1 DAGs
[2024-10-20T10:47:23.911+0000] {logging_mixin.py:188} INFO - [2024-10-20T10:47:23.910+0000] {dag.py:3834} INFO - Setting next_dagrun for example_complex to None, run_after=None
[2024-10-20T10:47:23.929+0000] {processor.py:183} INFO - Processing /home/airflow/.local/lib/python3.8/site-packages/airflow/example_dags/example_complex.py took 0.069 seconds
[2024-10-20T10:47:54.135+0000] {processor.py:161} INFO - Started process (PID=1400) to work on /home/airflow/.local/lib/python3.8/site-packages/airflow/example_dags/example_complex.py
[2024-10-20T10:47:54.136+0000] {processor.py:830} INFO - Processing file /home/airflow/.local/lib/python3.8/site-packages/airflow/example_dags/example_complex.py for tasks to queue
[2024-10-20T10:47:54.138+0000] {logging_mixin.py:188} INFO - [2024-10-20T10:47:54.137+0000] {dagbag.py:540} INFO - Filling up the DagBag from /home/airflow/.local/lib/python3.8/site-packages/airflow/example_dags/example_complex.py
[2024-10-20T10:47:54.146+0000] {processor.py:840} INFO - DAG(s) 'example_complex' retrieved from /home/airflow/.local/lib/python3.8/site-packages/airflow/example_dags/example_complex.py
[2024-10-20T10:47:54.176+0000] {logging_mixin.py:188} INFO - [2024-10-20T10:47:54.176+0000] {dag.py:3047} INFO - Sync 1 DAGs
[2024-10-20T10:47:54.187+0000] {logging_mixin.py:188} INFO - [2024-10-20T10:47:54.186+0000] {dag.py:3834} INFO - Setting next_dagrun for example_complex to None, run_after=None
[2024-10-20T10:47:54.204+0000] {processor.py:183} INFO - Processing /home/airflow/.local/lib/python3.8/site-packages/airflow/example_dags/example_complex.py took 0.072 seconds
[2024-10-20T10:48:24.448+0000] {processor.py:161} INFO - Started process (PID=1456) to work on /home/airflow/.local/lib/python3.8/site-packages/airflow/example_dags/example_complex.py
[2024-10-20T10:48:24.449+0000] {processor.py:830} INFO - Processing file /home/airflow/.local/lib/python3.8/site-packages/airflow/example_dags/example_complex.py for tasks to queue
[2024-10-20T10:48:24.451+0000] {logging_mixin.py:188} INFO - [2024-10-20T10:48:24.451+0000] {dagbag.py:540} INFO - Filling up the DagBag from /home/airflow/.local/lib/python3.8/site-packages/airflow/example_dags/example_complex.py
[2024-10-20T10:48:24.458+0000] {processor.py:840} INFO - DAG(s) 'example_complex' retrieved from /home/airflow/.local/lib/python3.8/site-packages/airflow/example_dags/example_complex.py
[2024-10-20T10:48:24.487+0000] {logging_mixin.py:188} INFO - [2024-10-20T10:48:24.487+0000] {dag.py:3047} INFO - Sync 1 DAGs
[2024-10-20T10:48:24.498+0000] {logging_mixin.py:188} INFO - [2024-10-20T10:48:24.498+0000] {dag.py:3834} INFO - Setting next_dagrun for example_complex to None, run_after=None
[2024-10-20T10:48:24.513+0000] {processor.py:183} INFO - Processing /home/airflow/.local/lib/python3.8/site-packages/airflow/example_dags/example_complex.py took 0.067 seconds
[2024-10-20T10:48:54.711+0000] {processor.py:161} INFO - Started process (PID=1512) to work on /home/airflow/.local/lib/python3.8/site-packages/airflow/example_dags/example_complex.py
[2024-10-20T10:48:54.712+0000] {processor.py:830} INFO - Processing file /home/airflow/.local/lib/python3.8/site-packages/airflow/example_dags/example_complex.py for tasks to queue
[2024-10-20T10:48:54.716+0000] {logging_mixin.py:188} INFO - [2024-10-20T10:48:54.715+0000] {dagbag.py:540} INFO - Filling up the DagBag from /home/airflow/.local/lib/python3.8/site-packages/airflow/example_dags/example_complex.py
[2024-10-20T10:48:54.728+0000] {processor.py:840} INFO - DAG(s) 'example_complex' retrieved from /home/airflow/.local/lib/python3.8/site-packages/airflow/example_dags/example_complex.py
[2024-10-20T10:48:54.758+0000] {logging_mixin.py:188} INFO - [2024-10-20T10:48:54.757+0000] {dag.py:3047} INFO - Sync 1 DAGs
[2024-10-20T10:48:54.768+0000] {logging_mixin.py:188} INFO - [2024-10-20T10:48:54.768+0000] {dag.py:3834} INFO - Setting next_dagrun for example_complex to None, run_after=None
[2024-10-20T10:48:54.784+0000] {processor.py:183} INFO - Processing /home/airflow/.local/lib/python3.8/site-packages/airflow/example_dags/example_complex.py took 0.077 seconds
[2024-10-20T10:49:25.277+0000] {processor.py:161} INFO - Started process (PID=1568) to work on /home/airflow/.local/lib/python3.8/site-packages/airflow/example_dags/example_complex.py
[2024-10-20T10:49:25.279+0000] {processor.py:830} INFO - Processing file /home/airflow/.local/lib/python3.8/site-packages/airflow/example_dags/example_complex.py for tasks to queue
[2024-10-20T10:49:25.281+0000] {logging_mixin.py:188} INFO - [2024-10-20T10:49:25.281+0000] {dagbag.py:540} INFO - Filling up the DagBag from /home/airflow/.local/lib/python3.8/site-packages/airflow/example_dags/example_complex.py
[2024-10-20T10:49:25.291+0000] {processor.py:840} INFO - DAG(s) 'example_complex' retrieved from /home/airflow/.local/lib/python3.8/site-packages/airflow/example_dags/example_complex.py
[2024-10-20T10:49:25.313+0000] {logging_mixin.py:188} INFO - [2024-10-20T10:49:25.313+0000] {dag.py:3047} INFO - Sync 1 DAGs
[2024-10-20T10:49:25.321+0000] {logging_mixin.py:188} INFO - [2024-10-20T10:49:25.321+0000] {dag.py:3834} INFO - Setting next_dagrun for example_complex to None, run_after=None
[2024-10-20T10:49:25.338+0000] {processor.py:183} INFO - Processing /home/airflow/.local/lib/python3.8/site-packages/airflow/example_dags/example_complex.py took 0.063 seconds
[2024-10-20T10:49:55.566+0000] {processor.py:161} INFO - Started process (PID=1624) to work on /home/airflow/.local/lib/python3.8/site-packages/airflow/example_dags/example_complex.py
[2024-10-20T10:49:55.569+0000] {processor.py:830} INFO - Processing file /home/airflow/.local/lib/python3.8/site-packages/airflow/example_dags/example_complex.py for tasks to queue
[2024-10-20T10:49:55.570+0000] {logging_mixin.py:188} INFO - [2024-10-20T10:49:55.570+0000] {dagbag.py:540} INFO - Filling up the DagBag from /home/airflow/.local/lib/python3.8/site-packages/airflow/example_dags/example_complex.py
[2024-10-20T10:49:55.580+0000] {processor.py:840} INFO - DAG(s) 'example_complex' retrieved from /home/airflow/.local/lib/python3.8/site-packages/airflow/example_dags/example_complex.py
[2024-10-20T10:49:55.604+0000] {logging_mixin.py:188} INFO - [2024-10-20T10:49:55.604+0000] {dag.py:3047} INFO - Sync 1 DAGs
[2024-10-20T10:49:55.612+0000] {logging_mixin.py:188} INFO - [2024-10-20T10:49:55.611+0000] {dag.py:3834} INFO - Setting next_dagrun for example_complex to None, run_after=None
[2024-10-20T10:49:55.628+0000] {processor.py:183} INFO - Processing /home/airflow/.local/lib/python3.8/site-packages/airflow/example_dags/example_complex.py took 0.065 seconds
[2024-10-20T10:50:25.745+0000] {processor.py:161} INFO - Started process (PID=1680) to work on /home/airflow/.local/lib/python3.8/site-packages/airflow/example_dags/example_complex.py
[2024-10-20T10:50:25.748+0000] {processor.py:830} INFO - Processing file /home/airflow/.local/lib/python3.8/site-packages/airflow/example_dags/example_complex.py for tasks to queue
[2024-10-20T10:50:25.749+0000] {logging_mixin.py:188} INFO - [2024-10-20T10:50:25.749+0000] {dagbag.py:540} INFO - Filling up the DagBag from /home/airflow/.local/lib/python3.8/site-packages/airflow/example_dags/example_complex.py
[2024-10-20T10:50:25.760+0000] {processor.py:840} INFO - DAG(s) 'example_complex' retrieved from /home/airflow/.local/lib/python3.8/site-packages/airflow/example_dags/example_complex.py
[2024-10-20T10:50:25.784+0000] {logging_mixin.py:188} INFO - [2024-10-20T10:50:25.784+0000] {dag.py:3047} INFO - Sync 1 DAGs
[2024-10-20T10:50:25.793+0000] {logging_mixin.py:188} INFO - [2024-10-20T10:50:25.793+0000] {dag.py:3834} INFO - Setting next_dagrun for example_complex to None, run_after=None
[2024-10-20T10:50:25.807+0000] {processor.py:183} INFO - Processing /home/airflow/.local/lib/python3.8/site-packages/airflow/example_dags/example_complex.py took 0.065 seconds
[2024-10-20T10:50:55.889+0000] {processor.py:161} INFO - Started process (PID=1736) to work on /home/airflow/.local/lib/python3.8/site-packages/airflow/example_dags/example_complex.py
[2024-10-20T10:50:55.890+0000] {processor.py:830} INFO - Processing file /home/airflow/.local/lib/python3.8/site-packages/airflow/example_dags/example_complex.py for tasks to queue
[2024-10-20T10:50:55.891+0000] {logging_mixin.py:188} INFO - [2024-10-20T10:50:55.891+0000] {dagbag.py:540} INFO - Filling up the DagBag from /home/airflow/.local/lib/python3.8/site-packages/airflow/example_dags/example_complex.py
[2024-10-20T10:50:55.899+0000] {processor.py:840} INFO - DAG(s) 'example_complex' retrieved from /home/airflow/.local/lib/python3.8/site-packages/airflow/example_dags/example_complex.py
[2024-10-20T10:50:55.919+0000] {logging_mixin.py:188} INFO - [2024-10-20T10:50:55.919+0000] {dag.py:3047} INFO - Sync 1 DAGs
[2024-10-20T10:50:55.927+0000] {logging_mixin.py:188} INFO - [2024-10-20T10:50:55.927+0000] {dag.py:3834} INFO - Setting next_dagrun for example_complex to None, run_after=None
[2024-10-20T10:50:55.941+0000] {processor.py:183} INFO - Processing /home/airflow/.local/lib/python3.8/site-packages/airflow/example_dags/example_complex.py took 0.055 seconds
[2024-10-20T10:51:25.979+0000] {processor.py:161} INFO - Started process (PID=1792) to work on /home/airflow/.local/lib/python3.8/site-packages/airflow/example_dags/example_complex.py
[2024-10-20T10:51:25.980+0000] {processor.py:830} INFO - Processing file /home/airflow/.local/lib/python3.8/site-packages/airflow/example_dags/example_complex.py for tasks to queue
[2024-10-20T10:51:25.982+0000] {logging_mixin.py:188} INFO - [2024-10-20T10:51:25.982+0000] {dagbag.py:540} INFO - Filling up the DagBag from /home/airflow/.local/lib/python3.8/site-packages/airflow/example_dags/example_complex.py
[2024-10-20T10:51:25.992+0000] {processor.py:840} INFO - DAG(s) 'example_complex' retrieved from /home/airflow/.local/lib/python3.8/site-packages/airflow/example_dags/example_complex.py
[2024-10-20T10:51:26.020+0000] {logging_mixin.py:188} INFO - [2024-10-20T10:51:26.020+0000] {dag.py:3047} INFO - Sync 1 DAGs
[2024-10-20T10:51:26.031+0000] {logging_mixin.py:188} INFO - [2024-10-20T10:51:26.031+0000] {dag.py:3834} INFO - Setting next_dagrun for example_complex to None, run_after=None
[2024-10-20T10:51:26.045+0000] {processor.py:183} INFO - Processing /home/airflow/.local/lib/python3.8/site-packages/airflow/example_dags/example_complex.py took 0.069 seconds
[2024-10-20T10:51:56.260+0000] {processor.py:161} INFO - Started process (PID=1848) to work on /home/airflow/.local/lib/python3.8/site-packages/airflow/example_dags/example_complex.py
[2024-10-20T10:51:56.262+0000] {processor.py:830} INFO - Processing file /home/airflow/.local/lib/python3.8/site-packages/airflow/example_dags/example_complex.py for tasks to queue
[2024-10-20T10:51:56.264+0000] {logging_mixin.py:188} INFO - [2024-10-20T10:51:56.264+0000] {dagbag.py:540} INFO - Filling up the DagBag from /home/airflow/.local/lib/python3.8/site-packages/airflow/example_dags/example_complex.py
[2024-10-20T10:51:56.272+0000] {processor.py:840} INFO - DAG(s) 'example_complex' retrieved from /home/airflow/.local/lib/python3.8/site-packages/airflow/example_dags/example_complex.py
[2024-10-20T10:51:56.297+0000] {logging_mixin.py:188} INFO - [2024-10-20T10:51:56.297+0000] {dag.py:3047} INFO - Sync 1 DAGs
[2024-10-20T10:51:56.307+0000] {logging_mixin.py:188} INFO - [2024-10-20T10:51:56.307+0000] {dag.py:3834} INFO - Setting next_dagrun for example_complex to None, run_after=None
[2024-10-20T10:51:56.322+0000] {processor.py:183} INFO - Processing /home/airflow/.local/lib/python3.8/site-packages/airflow/example_dags/example_complex.py took 0.064 seconds
[2024-10-20T10:52:26.382+0000] {processor.py:161} INFO - Started process (PID=1904) to work on /home/airflow/.local/lib/python3.8/site-packages/airflow/example_dags/example_complex.py
[2024-10-20T10:52:26.383+0000] {processor.py:830} INFO - Processing file /home/airflow/.local/lib/python3.8/site-packages/airflow/example_dags/example_complex.py for tasks to queue
[2024-10-20T10:52:26.385+0000] {logging_mixin.py:188} INFO - [2024-10-20T10:52:26.384+0000] {dagbag.py:540} INFO - Filling up the DagBag from /home/airflow/.local/lib/python3.8/site-packages/airflow/example_dags/example_complex.py
[2024-10-20T10:52:26.392+0000] {processor.py:840} INFO - DAG(s) 'example_complex' retrieved from /home/airflow/.local/lib/python3.8/site-packages/airflow/example_dags/example_complex.py
[2024-10-20T10:52:26.414+0000] {logging_mixin.py:188} INFO - [2024-10-20T10:52:26.414+0000] {dag.py:3047} INFO - Sync 1 DAGs
[2024-10-20T10:52:26.422+0000] {logging_mixin.py:188} INFO - [2024-10-20T10:52:26.422+0000] {dag.py:3834} INFO - Setting next_dagrun for example_complex to None, run_after=None
[2024-10-20T10:52:26.433+0000] {processor.py:183} INFO - Processing /home/airflow/.local/lib/python3.8/site-packages/airflow/example_dags/example_complex.py took 0.053 seconds
[2024-10-20T10:52:56.575+0000] {processor.py:161} INFO - Started process (PID=1959) to work on /home/airflow/.local/lib/python3.8/site-packages/airflow/example_dags/example_complex.py
[2024-10-20T10:52:56.576+0000] {processor.py:830} INFO - Processing file /home/airflow/.local/lib/python3.8/site-packages/airflow/example_dags/example_complex.py for tasks to queue
[2024-10-20T10:52:56.578+0000] {logging_mixin.py:188} INFO - [2024-10-20T10:52:56.578+0000] {dagbag.py:540} INFO - Filling up the DagBag from /home/airflow/.local/lib/python3.8/site-packages/airflow/example_dags/example_complex.py
[2024-10-20T10:52:56.587+0000] {processor.py:840} INFO - DAG(s) 'example_complex' retrieved from /home/airflow/.local/lib/python3.8/site-packages/airflow/example_dags/example_complex.py
[2024-10-20T10:52:56.609+0000] {logging_mixin.py:188} INFO - [2024-10-20T10:52:56.609+0000] {dag.py:3047} INFO - Sync 1 DAGs
[2024-10-20T10:52:56.617+0000] {logging_mixin.py:188} INFO - [2024-10-20T10:52:56.617+0000] {dag.py:3834} INFO - Setting next_dagrun for example_complex to None, run_after=None
[2024-10-20T10:52:56.632+0000] {processor.py:183} INFO - Processing /home/airflow/.local/lib/python3.8/site-packages/airflow/example_dags/example_complex.py took 0.059 seconds
[2024-10-20T10:53:26.679+0000] {processor.py:161} INFO - Started process (PID=2015) to work on /home/airflow/.local/lib/python3.8/site-packages/airflow/example_dags/example_complex.py
[2024-10-20T10:53:26.681+0000] {processor.py:830} INFO - Processing file /home/airflow/.local/lib/python3.8/site-packages/airflow/example_dags/example_complex.py for tasks to queue
[2024-10-20T10:53:26.683+0000] {logging_mixin.py:188} INFO - [2024-10-20T10:53:26.683+0000] {dagbag.py:540} INFO - Filling up the DagBag from /home/airflow/.local/lib/python3.8/site-packages/airflow/example_dags/example_complex.py
[2024-10-20T10:53:26.696+0000] {processor.py:840} INFO - DAG(s) 'example_complex' retrieved from /home/airflow/.local/lib/python3.8/site-packages/airflow/example_dags/example_complex.py
[2024-10-20T10:53:26.727+0000] {logging_mixin.py:188} INFO - [2024-10-20T10:53:26.727+0000] {dag.py:3047} INFO - Sync 1 DAGs
[2024-10-20T10:53:26.736+0000] {logging_mixin.py:188} INFO - [2024-10-20T10:53:26.736+0000] {dag.py:3834} INFO - Setting next_dagrun for example_complex to None, run_after=None
[2024-10-20T10:53:26.750+0000] {processor.py:183} INFO - Processing /home/airflow/.local/lib/python3.8/site-packages/airflow/example_dags/example_complex.py took 0.075 seconds
[2024-10-20T10:53:56.890+0000] {processor.py:161} INFO - Started process (PID=2071) to work on /home/airflow/.local/lib/python3.8/site-packages/airflow/example_dags/example_complex.py
[2024-10-20T10:53:56.893+0000] {processor.py:830} INFO - Processing file /home/airflow/.local/lib/python3.8/site-packages/airflow/example_dags/example_complex.py for tasks to queue
[2024-10-20T10:53:56.895+0000] {logging_mixin.py:188} INFO - [2024-10-20T10:53:56.895+0000] {dagbag.py:540} INFO - Filling up the DagBag from /home/airflow/.local/lib/python3.8/site-packages/airflow/example_dags/example_complex.py
[2024-10-20T10:53:56.904+0000] {processor.py:840} INFO - DAG(s) 'example_complex' retrieved from /home/airflow/.local/lib/python3.8/site-packages/airflow/example_dags/example_complex.py
[2024-10-20T10:53:56.926+0000] {logging_mixin.py:188} INFO - [2024-10-20T10:53:56.926+0000] {dag.py:3047} INFO - Sync 1 DAGs
[2024-10-20T10:53:56.935+0000] {logging_mixin.py:188} INFO - [2024-10-20T10:53:56.935+0000] {dag.py:3834} INFO - Setting next_dagrun for example_complex to None, run_after=None
[2024-10-20T10:53:56.947+0000] {processor.py:183} INFO - Processing /home/airflow/.local/lib/python3.8/site-packages/airflow/example_dags/example_complex.py took 0.060 seconds
[2024-10-20T10:54:27.184+0000] {processor.py:161} INFO - Started process (PID=2127) to work on /home/airflow/.local/lib/python3.8/site-packages/airflow/example_dags/example_complex.py
[2024-10-20T10:54:27.186+0000] {processor.py:830} INFO - Processing file /home/airflow/.local/lib/python3.8/site-packages/airflow/example_dags/example_complex.py for tasks to queue
[2024-10-20T10:54:27.195+0000] {logging_mixin.py:188} INFO - [2024-10-20T10:54:27.194+0000] {dagbag.py:540} INFO - Filling up the DagBag from /home/airflow/.local/lib/python3.8/site-packages/airflow/example_dags/example_complex.py
[2024-10-20T10:54:27.216+0000] {processor.py:840} INFO - DAG(s) 'example_complex' retrieved from /home/airflow/.local/lib/python3.8/site-packages/airflow/example_dags/example_complex.py
[2024-10-20T10:54:27.248+0000] {logging_mixin.py:188} INFO - [2024-10-20T10:54:27.248+0000] {dag.py:3047} INFO - Sync 1 DAGs
[2024-10-20T10:54:27.258+0000] {logging_mixin.py:188} INFO - [2024-10-20T10:54:27.258+0000] {dag.py:3834} INFO - Setting next_dagrun for example_complex to None, run_after=None
[2024-10-20T10:54:27.275+0000] {processor.py:183} INFO - Processing /home/airflow/.local/lib/python3.8/site-packages/airflow/example_dags/example_complex.py took 0.095 seconds
[2024-10-20T10:54:57.470+0000] {processor.py:161} INFO - Started process (PID=2183) to work on /home/airflow/.local/lib/python3.8/site-packages/airflow/example_dags/example_complex.py
[2024-10-20T10:54:57.471+0000] {processor.py:830} INFO - Processing file /home/airflow/.local/lib/python3.8/site-packages/airflow/example_dags/example_complex.py for tasks to queue
[2024-10-20T10:54:57.473+0000] {logging_mixin.py:188} INFO - [2024-10-20T10:54:57.473+0000] {dagbag.py:540} INFO - Filling up the DagBag from /home/airflow/.local/lib/python3.8/site-packages/airflow/example_dags/example_complex.py
[2024-10-20T10:54:57.482+0000] {processor.py:840} INFO - DAG(s) 'example_complex' retrieved from /home/airflow/.local/lib/python3.8/site-packages/airflow/example_dags/example_complex.py
[2024-10-20T10:54:57.505+0000] {logging_mixin.py:188} INFO - [2024-10-20T10:54:57.505+0000] {dag.py:3047} INFO - Sync 1 DAGs
[2024-10-20T10:54:57.513+0000] {logging_mixin.py:188} INFO - [2024-10-20T10:54:57.513+0000] {dag.py:3834} INFO - Setting next_dagrun for example_complex to None, run_after=None
[2024-10-20T10:54:57.525+0000] {processor.py:183} INFO - Processing /home/airflow/.local/lib/python3.8/site-packages/airflow/example_dags/example_complex.py took 0.057 seconds
[2024-10-20T10:55:28.452+0000] {processor.py:161} INFO - Started process (PID=2236) to work on /home/airflow/.local/lib/python3.8/site-packages/airflow/example_dags/example_complex.py
[2024-10-20T10:55:28.454+0000] {processor.py:830} INFO - Processing file /home/airflow/.local/lib/python3.8/site-packages/airflow/example_dags/example_complex.py for tasks to queue
[2024-10-20T10:55:28.456+0000] {logging_mixin.py:188} INFO - [2024-10-20T10:55:28.456+0000] {dagbag.py:540} INFO - Filling up the DagBag from /home/airflow/.local/lib/python3.8/site-packages/airflow/example_dags/example_complex.py
[2024-10-20T10:55:28.466+0000] {processor.py:840} INFO - DAG(s) 'example_complex' retrieved from /home/airflow/.local/lib/python3.8/site-packages/airflow/example_dags/example_complex.py
[2024-10-20T10:55:28.493+0000] {logging_mixin.py:188} INFO - [2024-10-20T10:55:28.493+0000] {dag.py:3047} INFO - Sync 1 DAGs
[2024-10-20T10:55:28.503+0000] {logging_mixin.py:188} INFO - [2024-10-20T10:55:28.503+0000] {dag.py:3834} INFO - Setting next_dagrun for example_complex to None, run_after=None
[2024-10-20T10:55:28.523+0000] {processor.py:183} INFO - Processing /home/airflow/.local/lib/python3.8/site-packages/airflow/example_dags/example_complex.py took 0.074 seconds
[2024-10-20T10:55:59.444+0000] {processor.py:161} INFO - Started process (PID=2293) to work on /home/airflow/.local/lib/python3.8/site-packages/airflow/example_dags/example_complex.py
[2024-10-20T10:55:59.447+0000] {processor.py:830} INFO - Processing file /home/airflow/.local/lib/python3.8/site-packages/airflow/example_dags/example_complex.py for tasks to queue
[2024-10-20T10:55:59.448+0000] {logging_mixin.py:188} INFO - [2024-10-20T10:55:59.448+0000] {dagbag.py:540} INFO - Filling up the DagBag from /home/airflow/.local/lib/python3.8/site-packages/airflow/example_dags/example_complex.py
[2024-10-20T10:55:59.459+0000] {processor.py:840} INFO - DAG(s) 'example_complex' retrieved from /home/airflow/.local/lib/python3.8/site-packages/airflow/example_dags/example_complex.py
[2024-10-20T10:55:59.487+0000] {logging_mixin.py:188} INFO - [2024-10-20T10:55:59.487+0000] {dag.py:3047} INFO - Sync 1 DAGs
[2024-10-20T10:55:59.495+0000] {logging_mixin.py:188} INFO - [2024-10-20T10:55:59.495+0000] {dag.py:3834} INFO - Setting next_dagrun for example_complex to None, run_after=None
[2024-10-20T10:55:59.515+0000] {processor.py:183} INFO - Processing /home/airflow/.local/lib/python3.8/site-packages/airflow/example_dags/example_complex.py took 0.073 seconds
