[2024-10-20T10:20:19.043+0000] {processor.py:161} INFO - Started process (PID=98) to work on /home/airflow/.local/lib/python3.8/site-packages/airflow/example_dags/example_dag_decorator.py
[2024-10-20T10:20:19.044+0000] {processor.py:830} INFO - Processing file /home/airflow/.local/lib/python3.8/site-packages/airflow/example_dags/example_dag_decorator.py for tasks to queue
[2024-10-20T10:20:19.048+0000] {logging_mixin.py:188} INFO - [2024-10-20T10:20:19.047+0000] {dagbag.py:540} INFO - Filling up the DagBag from /home/airflow/.local/lib/python3.8/site-packages/airflow/example_dags/example_dag_decorator.py
[2024-10-20T10:20:19.321+0000] {processor.py:840} INFO - DAG(s) 'example_dag_decorator' retrieved from /home/airflow/.local/lib/python3.8/site-packages/airflow/example_dags/example_dag_decorator.py
[2024-10-20T10:20:19.468+0000] {logging_mixin.py:188} INFO - [2024-10-20T10:20:19.467+0000] {dag.py:3047} INFO - Sync 1 DAGs
[2024-10-20T10:20:19.488+0000] {logging_mixin.py:188} INFO - [2024-10-20T10:20:19.487+0000] {dag.py:3834} INFO - Setting next_dagrun for example_dag_decorator to None, run_after=None
[2024-10-20T10:20:19.516+0000] {processor.py:183} INFO - Processing /home/airflow/.local/lib/python3.8/site-packages/airflow/example_dags/example_dag_decorator.py took 0.475 seconds
[2024-10-20T10:20:50.229+0000] {processor.py:161} INFO - Started process (PID=153) to work on /home/airflow/.local/lib/python3.8/site-packages/airflow/example_dags/example_dag_decorator.py
[2024-10-20T10:20:50.230+0000] {processor.py:830} INFO - Processing file /home/airflow/.local/lib/python3.8/site-packages/airflow/example_dags/example_dag_decorator.py for tasks to queue
[2024-10-20T10:20:50.231+0000] {logging_mixin.py:188} INFO - [2024-10-20T10:20:50.231+0000] {dagbag.py:540} INFO - Filling up the DagBag from /home/airflow/.local/lib/python3.8/site-packages/airflow/example_dags/example_dag_decorator.py
[2024-10-20T10:20:50.311+0000] {processor.py:840} INFO - DAG(s) 'example_dag_decorator' retrieved from /home/airflow/.local/lib/python3.8/site-packages/airflow/example_dags/example_dag_decorator.py
[2024-10-20T10:20:50.380+0000] {logging_mixin.py:188} INFO - [2024-10-20T10:20:50.380+0000] {dag.py:3047} INFO - Sync 1 DAGs
[2024-10-20T10:20:50.389+0000] {logging_mixin.py:188} INFO - [2024-10-20T10:20:50.389+0000] {dag.py:3834} INFO - Setting next_dagrun for example_dag_decorator to None, run_after=None
[2024-10-20T10:20:50.404+0000] {processor.py:183} INFO - Processing /home/airflow/.local/lib/python3.8/site-packages/airflow/example_dags/example_dag_decorator.py took 0.177 seconds
[2024-10-20T10:21:21.086+0000] {processor.py:161} INFO - Started process (PID=208) to work on /home/airflow/.local/lib/python3.8/site-packages/airflow/example_dags/example_dag_decorator.py
[2024-10-20T10:21:21.087+0000] {processor.py:830} INFO - Processing file /home/airflow/.local/lib/python3.8/site-packages/airflow/example_dags/example_dag_decorator.py for tasks to queue
[2024-10-20T10:21:21.089+0000] {logging_mixin.py:188} INFO - [2024-10-20T10:21:21.088+0000] {dagbag.py:540} INFO - Filling up the DagBag from /home/airflow/.local/lib/python3.8/site-packages/airflow/example_dags/example_dag_decorator.py
[2024-10-20T10:21:21.147+0000] {processor.py:840} INFO - DAG(s) 'example_dag_decorator' retrieved from /home/airflow/.local/lib/python3.8/site-packages/airflow/example_dags/example_dag_decorator.py
[2024-10-20T10:21:21.225+0000] {logging_mixin.py:188} INFO - [2024-10-20T10:21:21.225+0000] {dag.py:3047} INFO - Sync 1 DAGs
[2024-10-20T10:21:21.232+0000] {logging_mixin.py:188} INFO - [2024-10-20T10:21:21.232+0000] {dag.py:3834} INFO - Setting next_dagrun for example_dag_decorator to None, run_after=None
[2024-10-20T10:21:21.245+0000] {processor.py:183} INFO - Processing /home/airflow/.local/lib/python3.8/site-packages/airflow/example_dags/example_dag_decorator.py took 0.161 seconds
[2024-10-20T10:21:51.939+0000] {processor.py:161} INFO - Started process (PID=263) to work on /home/airflow/.local/lib/python3.8/site-packages/airflow/example_dags/example_dag_decorator.py
[2024-10-20T10:21:51.940+0000] {processor.py:830} INFO - Processing file /home/airflow/.local/lib/python3.8/site-packages/airflow/example_dags/example_dag_decorator.py for tasks to queue
[2024-10-20T10:21:51.941+0000] {logging_mixin.py:188} INFO - [2024-10-20T10:21:51.941+0000] {dagbag.py:540} INFO - Filling up the DagBag from /home/airflow/.local/lib/python3.8/site-packages/airflow/example_dags/example_dag_decorator.py
[2024-10-20T10:21:52.012+0000] {processor.py:840} INFO - DAG(s) 'example_dag_decorator' retrieved from /home/airflow/.local/lib/python3.8/site-packages/airflow/example_dags/example_dag_decorator.py
[2024-10-20T10:21:52.097+0000] {logging_mixin.py:188} INFO - [2024-10-20T10:21:52.096+0000] {dag.py:3047} INFO - Sync 1 DAGs
[2024-10-20T10:21:52.104+0000] {logging_mixin.py:188} INFO - [2024-10-20T10:21:52.104+0000] {dag.py:3834} INFO - Setting next_dagrun for example_dag_decorator to None, run_after=None
[2024-10-20T10:21:52.118+0000] {processor.py:183} INFO - Processing /home/airflow/.local/lib/python3.8/site-packages/airflow/example_dags/example_dag_decorator.py took 0.182 seconds
[2024-10-20T10:22:22.178+0000] {processor.py:161} INFO - Started process (PID=320) to work on /home/airflow/.local/lib/python3.8/site-packages/airflow/example_dags/example_dag_decorator.py
[2024-10-20T10:22:22.179+0000] {processor.py:830} INFO - Processing file /home/airflow/.local/lib/python3.8/site-packages/airflow/example_dags/example_dag_decorator.py for tasks to queue
[2024-10-20T10:22:22.184+0000] {logging_mixin.py:188} INFO - [2024-10-20T10:22:22.184+0000] {dagbag.py:540} INFO - Filling up the DagBag from /home/airflow/.local/lib/python3.8/site-packages/airflow/example_dags/example_dag_decorator.py
[2024-10-20T10:22:22.247+0000] {processor.py:840} INFO - DAG(s) 'example_dag_decorator' retrieved from /home/airflow/.local/lib/python3.8/site-packages/airflow/example_dags/example_dag_decorator.py
[2024-10-20T10:22:22.324+0000] {logging_mixin.py:188} INFO - [2024-10-20T10:22:22.324+0000] {dag.py:3047} INFO - Sync 1 DAGs
[2024-10-20T10:22:22.331+0000] {logging_mixin.py:188} INFO - [2024-10-20T10:22:22.331+0000] {dag.py:3834} INFO - Setting next_dagrun for example_dag_decorator to None, run_after=None
[2024-10-20T10:22:22.345+0000] {processor.py:183} INFO - Processing /home/airflow/.local/lib/python3.8/site-packages/airflow/example_dags/example_dag_decorator.py took 0.169 seconds
[2024-10-20T10:22:52.386+0000] {processor.py:161} INFO - Started process (PID=377) to work on /home/airflow/.local/lib/python3.8/site-packages/airflow/example_dags/example_dag_decorator.py
[2024-10-20T10:22:52.387+0000] {processor.py:830} INFO - Processing file /home/airflow/.local/lib/python3.8/site-packages/airflow/example_dags/example_dag_decorator.py for tasks to queue
[2024-10-20T10:22:52.390+0000] {logging_mixin.py:188} INFO - [2024-10-20T10:22:52.390+0000] {dagbag.py:540} INFO - Filling up the DagBag from /home/airflow/.local/lib/python3.8/site-packages/airflow/example_dags/example_dag_decorator.py
[2024-10-20T10:22:52.455+0000] {processor.py:840} INFO - DAG(s) 'example_dag_decorator' retrieved from /home/airflow/.local/lib/python3.8/site-packages/airflow/example_dags/example_dag_decorator.py
[2024-10-20T10:22:52.527+0000] {logging_mixin.py:188} INFO - [2024-10-20T10:22:52.526+0000] {dag.py:3047} INFO - Sync 1 DAGs
[2024-10-20T10:22:52.533+0000] {logging_mixin.py:188} INFO - [2024-10-20T10:22:52.533+0000] {dag.py:3834} INFO - Setting next_dagrun for example_dag_decorator to None, run_after=None
[2024-10-20T10:22:52.547+0000] {processor.py:183} INFO - Processing /home/airflow/.local/lib/python3.8/site-packages/airflow/example_dags/example_dag_decorator.py took 0.163 seconds
[2024-10-20T10:23:23.132+0000] {processor.py:161} INFO - Started process (PID=428) to work on /home/airflow/.local/lib/python3.8/site-packages/airflow/example_dags/example_dag_decorator.py
[2024-10-20T10:23:23.133+0000] {processor.py:830} INFO - Processing file /home/airflow/.local/lib/python3.8/site-packages/airflow/example_dags/example_dag_decorator.py for tasks to queue
[2024-10-20T10:23:23.134+0000] {logging_mixin.py:188} INFO - [2024-10-20T10:23:23.134+0000] {dagbag.py:540} INFO - Filling up the DagBag from /home/airflow/.local/lib/python3.8/site-packages/airflow/example_dags/example_dag_decorator.py
[2024-10-20T10:23:23.195+0000] {processor.py:840} INFO - DAG(s) 'example_dag_decorator' retrieved from /home/airflow/.local/lib/python3.8/site-packages/airflow/example_dags/example_dag_decorator.py
[2024-10-20T10:23:23.268+0000] {logging_mixin.py:188} INFO - [2024-10-20T10:23:23.268+0000] {dag.py:3047} INFO - Sync 1 DAGs
[2024-10-20T10:23:23.279+0000] {logging_mixin.py:188} INFO - [2024-10-20T10:23:23.279+0000] {dag.py:3834} INFO - Setting next_dagrun for example_dag_decorator to None, run_after=None
[2024-10-20T10:23:23.290+0000] {processor.py:183} INFO - Processing /home/airflow/.local/lib/python3.8/site-packages/airflow/example_dags/example_dag_decorator.py took 0.161 seconds
[2024-10-20T10:23:54.139+0000] {processor.py:161} INFO - Started process (PID=483) to work on /home/airflow/.local/lib/python3.8/site-packages/airflow/example_dags/example_dag_decorator.py
[2024-10-20T10:23:54.140+0000] {processor.py:830} INFO - Processing file /home/airflow/.local/lib/python3.8/site-packages/airflow/example_dags/example_dag_decorator.py for tasks to queue
[2024-10-20T10:23:54.141+0000] {logging_mixin.py:188} INFO - [2024-10-20T10:23:54.141+0000] {dagbag.py:540} INFO - Filling up the DagBag from /home/airflow/.local/lib/python3.8/site-packages/airflow/example_dags/example_dag_decorator.py
[2024-10-20T10:23:54.203+0000] {processor.py:840} INFO - DAG(s) 'example_dag_decorator' retrieved from /home/airflow/.local/lib/python3.8/site-packages/airflow/example_dags/example_dag_decorator.py
[2024-10-20T10:23:54.277+0000] {logging_mixin.py:188} INFO - [2024-10-20T10:23:54.277+0000] {dag.py:3047} INFO - Sync 1 DAGs
[2024-10-20T10:23:54.286+0000] {logging_mixin.py:188} INFO - [2024-10-20T10:23:54.286+0000] {dag.py:3834} INFO - Setting next_dagrun for example_dag_decorator to None, run_after=None
[2024-10-20T10:23:54.299+0000] {processor.py:183} INFO - Processing /home/airflow/.local/lib/python3.8/site-packages/airflow/example_dags/example_dag_decorator.py took 0.162 seconds
[2024-10-20T10:24:24.361+0000] {processor.py:161} INFO - Started process (PID=540) to work on /home/airflow/.local/lib/python3.8/site-packages/airflow/example_dags/example_dag_decorator.py
[2024-10-20T10:24:24.361+0000] {processor.py:830} INFO - Processing file /home/airflow/.local/lib/python3.8/site-packages/airflow/example_dags/example_dag_decorator.py for tasks to queue
[2024-10-20T10:24:24.363+0000] {logging_mixin.py:188} INFO - [2024-10-20T10:24:24.362+0000] {dagbag.py:540} INFO - Filling up the DagBag from /home/airflow/.local/lib/python3.8/site-packages/airflow/example_dags/example_dag_decorator.py
[2024-10-20T10:24:24.424+0000] {processor.py:840} INFO - DAG(s) 'example_dag_decorator' retrieved from /home/airflow/.local/lib/python3.8/site-packages/airflow/example_dags/example_dag_decorator.py
[2024-10-20T10:24:24.496+0000] {logging_mixin.py:188} INFO - [2024-10-20T10:24:24.496+0000] {dag.py:3047} INFO - Sync 1 DAGs
[2024-10-20T10:24:24.504+0000] {logging_mixin.py:188} INFO - [2024-10-20T10:24:24.504+0000] {dag.py:3834} INFO - Setting next_dagrun for example_dag_decorator to None, run_after=None
[2024-10-20T10:24:24.517+0000] {processor.py:183} INFO - Processing /home/airflow/.local/lib/python3.8/site-packages/airflow/example_dags/example_dag_decorator.py took 0.159 seconds
[2024-10-20T10:24:54.812+0000] {processor.py:161} INFO - Started process (PID=593) to work on /home/airflow/.local/lib/python3.8/site-packages/airflow/example_dags/example_dag_decorator.py
[2024-10-20T10:24:54.813+0000] {processor.py:830} INFO - Processing file /home/airflow/.local/lib/python3.8/site-packages/airflow/example_dags/example_dag_decorator.py for tasks to queue
[2024-10-20T10:24:54.814+0000] {logging_mixin.py:188} INFO - [2024-10-20T10:24:54.814+0000] {dagbag.py:540} INFO - Filling up the DagBag from /home/airflow/.local/lib/python3.8/site-packages/airflow/example_dags/example_dag_decorator.py
[2024-10-20T10:24:54.876+0000] {processor.py:840} INFO - DAG(s) 'example_dag_decorator' retrieved from /home/airflow/.local/lib/python3.8/site-packages/airflow/example_dags/example_dag_decorator.py
[2024-10-20T10:24:54.951+0000] {logging_mixin.py:188} INFO - [2024-10-20T10:24:54.951+0000] {dag.py:3047} INFO - Sync 1 DAGs
[2024-10-20T10:24:54.961+0000] {logging_mixin.py:188} INFO - [2024-10-20T10:24:54.961+0000] {dag.py:3834} INFO - Setting next_dagrun for example_dag_decorator to None, run_after=None
[2024-10-20T10:24:54.976+0000] {processor.py:183} INFO - Processing /home/airflow/.local/lib/python3.8/site-packages/airflow/example_dags/example_dag_decorator.py took 0.166 seconds
[2024-10-20T10:25:25.807+0000] {processor.py:161} INFO - Started process (PID=648) to work on /home/airflow/.local/lib/python3.8/site-packages/airflow/example_dags/example_dag_decorator.py
[2024-10-20T10:25:25.814+0000] {processor.py:830} INFO - Processing file /home/airflow/.local/lib/python3.8/site-packages/airflow/example_dags/example_dag_decorator.py for tasks to queue
[2024-10-20T10:25:25.828+0000] {logging_mixin.py:188} INFO - [2024-10-20T10:25:25.825+0000] {dagbag.py:540} INFO - Filling up the DagBag from /home/airflow/.local/lib/python3.8/site-packages/airflow/example_dags/example_dag_decorator.py
[2024-10-20T10:25:26.268+0000] {processor.py:840} INFO - DAG(s) 'example_dag_decorator' retrieved from /home/airflow/.local/lib/python3.8/site-packages/airflow/example_dags/example_dag_decorator.py
[2024-10-20T10:25:26.451+0000] {logging_mixin.py:188} INFO - [2024-10-20T10:25:26.451+0000] {dag.py:3047} INFO - Sync 1 DAGs
[2024-10-20T10:25:26.474+0000] {logging_mixin.py:188} INFO - [2024-10-20T10:25:26.473+0000] {dag.py:3834} INFO - Setting next_dagrun for example_dag_decorator to None, run_after=None
[2024-10-20T10:25:26.522+0000] {processor.py:183} INFO - Processing /home/airflow/.local/lib/python3.8/site-packages/airflow/example_dags/example_dag_decorator.py took 0.738 seconds
[2024-10-20T10:25:56.910+0000] {processor.py:161} INFO - Started process (PID=703) to work on /home/airflow/.local/lib/python3.8/site-packages/airflow/example_dags/example_dag_decorator.py
[2024-10-20T10:25:56.911+0000] {processor.py:830} INFO - Processing file /home/airflow/.local/lib/python3.8/site-packages/airflow/example_dags/example_dag_decorator.py for tasks to queue
[2024-10-20T10:25:56.912+0000] {logging_mixin.py:188} INFO - [2024-10-20T10:25:56.912+0000] {dagbag.py:540} INFO - Filling up the DagBag from /home/airflow/.local/lib/python3.8/site-packages/airflow/example_dags/example_dag_decorator.py
[2024-10-20T10:25:56.988+0000] {processor.py:840} INFO - DAG(s) 'example_dag_decorator' retrieved from /home/airflow/.local/lib/python3.8/site-packages/airflow/example_dags/example_dag_decorator.py
[2024-10-20T10:25:57.076+0000] {logging_mixin.py:188} INFO - [2024-10-20T10:25:57.076+0000] {dag.py:3047} INFO - Sync 1 DAGs
[2024-10-20T10:25:57.088+0000] {logging_mixin.py:188} INFO - [2024-10-20T10:25:57.087+0000] {dag.py:3834} INFO - Setting next_dagrun for example_dag_decorator to None, run_after=None
[2024-10-20T10:25:57.105+0000] {processor.py:183} INFO - Processing /home/airflow/.local/lib/python3.8/site-packages/airflow/example_dags/example_dag_decorator.py took 0.198 seconds
[2024-10-20T10:26:27.620+0000] {processor.py:161} INFO - Started process (PID=758) to work on /home/airflow/.local/lib/python3.8/site-packages/airflow/example_dags/example_dag_decorator.py
[2024-10-20T10:26:27.620+0000] {processor.py:830} INFO - Processing file /home/airflow/.local/lib/python3.8/site-packages/airflow/example_dags/example_dag_decorator.py for tasks to queue
[2024-10-20T10:26:27.622+0000] {logging_mixin.py:188} INFO - [2024-10-20T10:26:27.621+0000] {dagbag.py:540} INFO - Filling up the DagBag from /home/airflow/.local/lib/python3.8/site-packages/airflow/example_dags/example_dag_decorator.py
[2024-10-20T10:26:27.683+0000] {processor.py:840} INFO - DAG(s) 'example_dag_decorator' retrieved from /home/airflow/.local/lib/python3.8/site-packages/airflow/example_dags/example_dag_decorator.py
[2024-10-20T10:26:27.754+0000] {logging_mixin.py:188} INFO - [2024-10-20T10:26:27.754+0000] {dag.py:3047} INFO - Sync 1 DAGs
[2024-10-20T10:26:27.761+0000] {logging_mixin.py:188} INFO - [2024-10-20T10:26:27.761+0000] {dag.py:3834} INFO - Setting next_dagrun for example_dag_decorator to None, run_after=None
[2024-10-20T10:26:27.773+0000] {processor.py:183} INFO - Processing /home/airflow/.local/lib/python3.8/site-packages/airflow/example_dags/example_dag_decorator.py took 0.156 seconds
[2024-10-20T10:26:58.350+0000] {processor.py:161} INFO - Started process (PID=813) to work on /home/airflow/.local/lib/python3.8/site-packages/airflow/example_dags/example_dag_decorator.py
[2024-10-20T10:26:58.351+0000] {processor.py:830} INFO - Processing file /home/airflow/.local/lib/python3.8/site-packages/airflow/example_dags/example_dag_decorator.py for tasks to queue
[2024-10-20T10:26:58.353+0000] {logging_mixin.py:188} INFO - [2024-10-20T10:26:58.352+0000] {dagbag.py:540} INFO - Filling up the DagBag from /home/airflow/.local/lib/python3.8/site-packages/airflow/example_dags/example_dag_decorator.py
[2024-10-20T10:26:58.412+0000] {processor.py:840} INFO - DAG(s) 'example_dag_decorator' retrieved from /home/airflow/.local/lib/python3.8/site-packages/airflow/example_dags/example_dag_decorator.py
[2024-10-20T10:26:58.479+0000] {logging_mixin.py:188} INFO - [2024-10-20T10:26:58.479+0000] {dag.py:3047} INFO - Sync 1 DAGs
[2024-10-20T10:26:58.486+0000] {logging_mixin.py:188} INFO - [2024-10-20T10:26:58.486+0000] {dag.py:3834} INFO - Setting next_dagrun for example_dag_decorator to None, run_after=None
[2024-10-20T10:26:58.502+0000] {processor.py:183} INFO - Processing /home/airflow/.local/lib/python3.8/site-packages/airflow/example_dags/example_dag_decorator.py took 0.154 seconds
[2024-10-20T10:27:29.016+0000] {processor.py:161} INFO - Started process (PID=868) to work on /home/airflow/.local/lib/python3.8/site-packages/airflow/example_dags/example_dag_decorator.py
[2024-10-20T10:27:29.017+0000] {processor.py:830} INFO - Processing file /home/airflow/.local/lib/python3.8/site-packages/airflow/example_dags/example_dag_decorator.py for tasks to queue
[2024-10-20T10:27:29.018+0000] {logging_mixin.py:188} INFO - [2024-10-20T10:27:29.018+0000] {dagbag.py:540} INFO - Filling up the DagBag from /home/airflow/.local/lib/python3.8/site-packages/airflow/example_dags/example_dag_decorator.py
[2024-10-20T10:27:29.081+0000] {processor.py:840} INFO - DAG(s) 'example_dag_decorator' retrieved from /home/airflow/.local/lib/python3.8/site-packages/airflow/example_dags/example_dag_decorator.py
[2024-10-20T10:27:29.149+0000] {logging_mixin.py:188} INFO - [2024-10-20T10:27:29.149+0000] {dag.py:3047} INFO - Sync 1 DAGs
[2024-10-20T10:27:29.156+0000] {logging_mixin.py:188} INFO - [2024-10-20T10:27:29.156+0000] {dag.py:3834} INFO - Setting next_dagrun for example_dag_decorator to None, run_after=None
[2024-10-20T10:27:29.168+0000] {processor.py:183} INFO - Processing /home/airflow/.local/lib/python3.8/site-packages/airflow/example_dags/example_dag_decorator.py took 0.154 seconds
[2024-10-20T10:27:59.939+0000] {processor.py:161} INFO - Started process (PID=923) to work on /home/airflow/.local/lib/python3.8/site-packages/airflow/example_dags/example_dag_decorator.py
[2024-10-20T10:27:59.939+0000] {processor.py:830} INFO - Processing file /home/airflow/.local/lib/python3.8/site-packages/airflow/example_dags/example_dag_decorator.py for tasks to queue
[2024-10-20T10:27:59.941+0000] {logging_mixin.py:188} INFO - [2024-10-20T10:27:59.941+0000] {dagbag.py:540} INFO - Filling up the DagBag from /home/airflow/.local/lib/python3.8/site-packages/airflow/example_dags/example_dag_decorator.py
[2024-10-20T10:28:00.003+0000] {processor.py:840} INFO - DAG(s) 'example_dag_decorator' retrieved from /home/airflow/.local/lib/python3.8/site-packages/airflow/example_dags/example_dag_decorator.py
[2024-10-20T10:28:00.077+0000] {logging_mixin.py:188} INFO - [2024-10-20T10:28:00.077+0000] {dag.py:3047} INFO - Sync 1 DAGs
[2024-10-20T10:28:00.084+0000] {logging_mixin.py:188} INFO - [2024-10-20T10:28:00.084+0000] {dag.py:3834} INFO - Setting next_dagrun for example_dag_decorator to None, run_after=None
[2024-10-20T10:28:00.096+0000] {processor.py:183} INFO - Processing /home/airflow/.local/lib/python3.8/site-packages/airflow/example_dags/example_dag_decorator.py took 0.160 seconds
[2024-10-20T10:28:30.903+0000] {processor.py:161} INFO - Started process (PID=978) to work on /home/airflow/.local/lib/python3.8/site-packages/airflow/example_dags/example_dag_decorator.py
[2024-10-20T10:28:30.904+0000] {processor.py:830} INFO - Processing file /home/airflow/.local/lib/python3.8/site-packages/airflow/example_dags/example_dag_decorator.py for tasks to queue
[2024-10-20T10:28:30.905+0000] {logging_mixin.py:188} INFO - [2024-10-20T10:28:30.905+0000] {dagbag.py:540} INFO - Filling up the DagBag from /home/airflow/.local/lib/python3.8/site-packages/airflow/example_dags/example_dag_decorator.py
[2024-10-20T10:28:30.973+0000] {processor.py:840} INFO - DAG(s) 'example_dag_decorator' retrieved from /home/airflow/.local/lib/python3.8/site-packages/airflow/example_dags/example_dag_decorator.py
[2024-10-20T10:28:31.053+0000] {logging_mixin.py:188} INFO - [2024-10-20T10:28:31.052+0000] {dag.py:3047} INFO - Sync 1 DAGs
[2024-10-20T10:28:31.059+0000] {logging_mixin.py:188} INFO - [2024-10-20T10:28:31.059+0000] {dag.py:3834} INFO - Setting next_dagrun for example_dag_decorator to None, run_after=None
[2024-10-20T10:28:31.070+0000] {processor.py:183} INFO - Processing /home/airflow/.local/lib/python3.8/site-packages/airflow/example_dags/example_dag_decorator.py took 0.170 seconds
[2024-10-20T10:29:01.579+0000] {processor.py:161} INFO - Started process (PID=1033) to work on /home/airflow/.local/lib/python3.8/site-packages/airflow/example_dags/example_dag_decorator.py
[2024-10-20T10:29:01.580+0000] {processor.py:830} INFO - Processing file /home/airflow/.local/lib/python3.8/site-packages/airflow/example_dags/example_dag_decorator.py for tasks to queue
[2024-10-20T10:29:01.582+0000] {logging_mixin.py:188} INFO - [2024-10-20T10:29:01.582+0000] {dagbag.py:540} INFO - Filling up the DagBag from /home/airflow/.local/lib/python3.8/site-packages/airflow/example_dags/example_dag_decorator.py
[2024-10-20T10:29:01.650+0000] {processor.py:840} INFO - DAG(s) 'example_dag_decorator' retrieved from /home/airflow/.local/lib/python3.8/site-packages/airflow/example_dags/example_dag_decorator.py
[2024-10-20T10:29:01.724+0000] {logging_mixin.py:188} INFO - [2024-10-20T10:29:01.724+0000] {dag.py:3047} INFO - Sync 1 DAGs
[2024-10-20T10:29:01.733+0000] {logging_mixin.py:188} INFO - [2024-10-20T10:29:01.733+0000] {dag.py:3834} INFO - Setting next_dagrun for example_dag_decorator to None, run_after=None
[2024-10-20T10:29:01.745+0000] {processor.py:183} INFO - Processing /home/airflow/.local/lib/python3.8/site-packages/airflow/example_dags/example_dag_decorator.py took 0.169 seconds
[2024-10-20T10:29:32.241+0000] {processor.py:161} INFO - Started process (PID=1088) to work on /home/airflow/.local/lib/python3.8/site-packages/airflow/example_dags/example_dag_decorator.py
[2024-10-20T10:29:32.242+0000] {processor.py:830} INFO - Processing file /home/airflow/.local/lib/python3.8/site-packages/airflow/example_dags/example_dag_decorator.py for tasks to queue
[2024-10-20T10:29:32.244+0000] {logging_mixin.py:188} INFO - [2024-10-20T10:29:32.243+0000] {dagbag.py:540} INFO - Filling up the DagBag from /home/airflow/.local/lib/python3.8/site-packages/airflow/example_dags/example_dag_decorator.py
[2024-10-20T10:29:32.308+0000] {processor.py:840} INFO - DAG(s) 'example_dag_decorator' retrieved from /home/airflow/.local/lib/python3.8/site-packages/airflow/example_dags/example_dag_decorator.py
[2024-10-20T10:29:32.388+0000] {logging_mixin.py:188} INFO - [2024-10-20T10:29:32.388+0000] {dag.py:3047} INFO - Sync 1 DAGs
[2024-10-20T10:29:32.396+0000] {logging_mixin.py:188} INFO - [2024-10-20T10:29:32.396+0000] {dag.py:3834} INFO - Setting next_dagrun for example_dag_decorator to None, run_after=None
[2024-10-20T10:29:32.412+0000] {processor.py:183} INFO - Processing /home/airflow/.local/lib/python3.8/site-packages/airflow/example_dags/example_dag_decorator.py took 0.174 seconds
[2024-10-20T10:30:02.492+0000] {processor.py:161} INFO - Started process (PID=1145) to work on /home/airflow/.local/lib/python3.8/site-packages/airflow/example_dags/example_dag_decorator.py
[2024-10-20T10:30:02.493+0000] {processor.py:830} INFO - Processing file /home/airflow/.local/lib/python3.8/site-packages/airflow/example_dags/example_dag_decorator.py for tasks to queue
[2024-10-20T10:30:02.494+0000] {logging_mixin.py:188} INFO - [2024-10-20T10:30:02.494+0000] {dagbag.py:540} INFO - Filling up the DagBag from /home/airflow/.local/lib/python3.8/site-packages/airflow/example_dags/example_dag_decorator.py
[2024-10-20T10:30:02.562+0000] {processor.py:840} INFO - DAG(s) 'example_dag_decorator' retrieved from /home/airflow/.local/lib/python3.8/site-packages/airflow/example_dags/example_dag_decorator.py
[2024-10-20T10:30:02.638+0000] {logging_mixin.py:188} INFO - [2024-10-20T10:30:02.637+0000] {dag.py:3047} INFO - Sync 1 DAGs
[2024-10-20T10:30:02.645+0000] {logging_mixin.py:188} INFO - [2024-10-20T10:30:02.645+0000] {dag.py:3834} INFO - Setting next_dagrun for example_dag_decorator to None, run_after=None
[2024-10-20T10:30:02.658+0000] {processor.py:183} INFO - Processing /home/airflow/.local/lib/python3.8/site-packages/airflow/example_dags/example_dag_decorator.py took 0.169 seconds
[2024-10-20T10:30:32.685+0000] {processor.py:161} INFO - Started process (PID=1198) to work on /home/airflow/.local/lib/python3.8/site-packages/airflow/example_dags/example_dag_decorator.py
[2024-10-20T10:30:32.686+0000] {processor.py:830} INFO - Processing file /home/airflow/.local/lib/python3.8/site-packages/airflow/example_dags/example_dag_decorator.py for tasks to queue
[2024-10-20T10:30:32.687+0000] {logging_mixin.py:188} INFO - [2024-10-20T10:30:32.687+0000] {dagbag.py:540} INFO - Filling up the DagBag from /home/airflow/.local/lib/python3.8/site-packages/airflow/example_dags/example_dag_decorator.py
[2024-10-20T10:30:32.750+0000] {processor.py:840} INFO - DAG(s) 'example_dag_decorator' retrieved from /home/airflow/.local/lib/python3.8/site-packages/airflow/example_dags/example_dag_decorator.py
[2024-10-20T10:30:32.820+0000] {logging_mixin.py:188} INFO - [2024-10-20T10:30:32.820+0000] {dag.py:3047} INFO - Sync 1 DAGs
[2024-10-20T10:30:32.828+0000] {logging_mixin.py:188} INFO - [2024-10-20T10:30:32.828+0000] {dag.py:3834} INFO - Setting next_dagrun for example_dag_decorator to None, run_after=None
[2024-10-20T10:30:32.840+0000] {processor.py:183} INFO - Processing /home/airflow/.local/lib/python3.8/site-packages/airflow/example_dags/example_dag_decorator.py took 0.157 seconds
[2024-10-20T10:31:03.352+0000] {processor.py:161} INFO - Started process (PID=1253) to work on /home/airflow/.local/lib/python3.8/site-packages/airflow/example_dags/example_dag_decorator.py
[2024-10-20T10:31:03.353+0000] {processor.py:830} INFO - Processing file /home/airflow/.local/lib/python3.8/site-packages/airflow/example_dags/example_dag_decorator.py for tasks to queue
[2024-10-20T10:31:03.354+0000] {logging_mixin.py:188} INFO - [2024-10-20T10:31:03.354+0000] {dagbag.py:540} INFO - Filling up the DagBag from /home/airflow/.local/lib/python3.8/site-packages/airflow/example_dags/example_dag_decorator.py
[2024-10-20T10:31:03.414+0000] {processor.py:840} INFO - DAG(s) 'example_dag_decorator' retrieved from /home/airflow/.local/lib/python3.8/site-packages/airflow/example_dags/example_dag_decorator.py
[2024-10-20T10:31:03.483+0000] {logging_mixin.py:188} INFO - [2024-10-20T10:31:03.483+0000] {dag.py:3047} INFO - Sync 1 DAGs
[2024-10-20T10:31:03.491+0000] {logging_mixin.py:188} INFO - [2024-10-20T10:31:03.490+0000] {dag.py:3834} INFO - Setting next_dagrun for example_dag_decorator to None, run_after=None
[2024-10-20T10:31:03.504+0000] {processor.py:183} INFO - Processing /home/airflow/.local/lib/python3.8/site-packages/airflow/example_dags/example_dag_decorator.py took 0.155 seconds
[2024-10-20T10:31:34.078+0000] {processor.py:161} INFO - Started process (PID=1308) to work on /home/airflow/.local/lib/python3.8/site-packages/airflow/example_dags/example_dag_decorator.py
[2024-10-20T10:31:34.079+0000] {processor.py:830} INFO - Processing file /home/airflow/.local/lib/python3.8/site-packages/airflow/example_dags/example_dag_decorator.py for tasks to queue
[2024-10-20T10:31:34.080+0000] {logging_mixin.py:188} INFO - [2024-10-20T10:31:34.080+0000] {dagbag.py:540} INFO - Filling up the DagBag from /home/airflow/.local/lib/python3.8/site-packages/airflow/example_dags/example_dag_decorator.py
[2024-10-20T10:31:34.142+0000] {processor.py:840} INFO - DAG(s) 'example_dag_decorator' retrieved from /home/airflow/.local/lib/python3.8/site-packages/airflow/example_dags/example_dag_decorator.py
[2024-10-20T10:31:34.227+0000] {logging_mixin.py:188} INFO - [2024-10-20T10:31:34.227+0000] {dag.py:3047} INFO - Sync 1 DAGs
[2024-10-20T10:31:34.235+0000] {logging_mixin.py:188} INFO - [2024-10-20T10:31:34.235+0000] {dag.py:3834} INFO - Setting next_dagrun for example_dag_decorator to None, run_after=None
[2024-10-20T10:31:34.248+0000] {processor.py:183} INFO - Processing /home/airflow/.local/lib/python3.8/site-packages/airflow/example_dags/example_dag_decorator.py took 0.173 seconds
[2024-10-20T10:32:04.302+0000] {processor.py:161} INFO - Started process (PID=1365) to work on /home/airflow/.local/lib/python3.8/site-packages/airflow/example_dags/example_dag_decorator.py
[2024-10-20T10:32:04.303+0000] {processor.py:830} INFO - Processing file /home/airflow/.local/lib/python3.8/site-packages/airflow/example_dags/example_dag_decorator.py for tasks to queue
[2024-10-20T10:32:04.305+0000] {logging_mixin.py:188} INFO - [2024-10-20T10:32:04.304+0000] {dagbag.py:540} INFO - Filling up the DagBag from /home/airflow/.local/lib/python3.8/site-packages/airflow/example_dags/example_dag_decorator.py
[2024-10-20T10:32:04.368+0000] {processor.py:840} INFO - DAG(s) 'example_dag_decorator' retrieved from /home/airflow/.local/lib/python3.8/site-packages/airflow/example_dags/example_dag_decorator.py
[2024-10-20T10:32:04.384+0000] {logging_mixin.py:188} INFO - [2024-10-20T10:32:04.384+0000] {dag.py:3047} INFO - Sync 1 DAGs
[2024-10-20T10:32:04.393+0000] {logging_mixin.py:188} INFO - [2024-10-20T10:32:04.393+0000] {dag.py:3834} INFO - Setting next_dagrun for example_dag_decorator to None, run_after=None
[2024-10-20T10:32:04.404+0000] {processor.py:183} INFO - Processing /home/airflow/.local/lib/python3.8/site-packages/airflow/example_dags/example_dag_decorator.py took 0.104 seconds
[2024-10-20T10:32:34.922+0000] {processor.py:161} INFO - Started process (PID=1418) to work on /home/airflow/.local/lib/python3.8/site-packages/airflow/example_dags/example_dag_decorator.py
[2024-10-20T10:32:34.924+0000] {processor.py:830} INFO - Processing file /home/airflow/.local/lib/python3.8/site-packages/airflow/example_dags/example_dag_decorator.py for tasks to queue
[2024-10-20T10:32:34.925+0000] {logging_mixin.py:188} INFO - [2024-10-20T10:32:34.925+0000] {dagbag.py:540} INFO - Filling up the DagBag from /home/airflow/.local/lib/python3.8/site-packages/airflow/example_dags/example_dag_decorator.py
[2024-10-20T10:32:34.987+0000] {processor.py:840} INFO - DAG(s) 'example_dag_decorator' retrieved from /home/airflow/.local/lib/python3.8/site-packages/airflow/example_dags/example_dag_decorator.py
[2024-10-20T10:32:35.056+0000] {logging_mixin.py:188} INFO - [2024-10-20T10:32:35.056+0000] {dag.py:3047} INFO - Sync 1 DAGs
[2024-10-20T10:32:35.064+0000] {logging_mixin.py:188} INFO - [2024-10-20T10:32:35.064+0000] {dag.py:3834} INFO - Setting next_dagrun for example_dag_decorator to None, run_after=None
[2024-10-20T10:32:35.077+0000] {processor.py:183} INFO - Processing /home/airflow/.local/lib/python3.8/site-packages/airflow/example_dags/example_dag_decorator.py took 0.157 seconds
[2024-10-20T10:33:05.682+0000] {processor.py:161} INFO - Started process (PID=1473) to work on /home/airflow/.local/lib/python3.8/site-packages/airflow/example_dags/example_dag_decorator.py
[2024-10-20T10:33:05.683+0000] {processor.py:830} INFO - Processing file /home/airflow/.local/lib/python3.8/site-packages/airflow/example_dags/example_dag_decorator.py for tasks to queue
[2024-10-20T10:33:05.685+0000] {logging_mixin.py:188} INFO - [2024-10-20T10:33:05.684+0000] {dagbag.py:540} INFO - Filling up the DagBag from /home/airflow/.local/lib/python3.8/site-packages/airflow/example_dags/example_dag_decorator.py
[2024-10-20T10:33:05.749+0000] {processor.py:840} INFO - DAG(s) 'example_dag_decorator' retrieved from /home/airflow/.local/lib/python3.8/site-packages/airflow/example_dags/example_dag_decorator.py
[2024-10-20T10:33:05.818+0000] {logging_mixin.py:188} INFO - [2024-10-20T10:33:05.818+0000] {dag.py:3047} INFO - Sync 1 DAGs
[2024-10-20T10:33:05.828+0000] {logging_mixin.py:188} INFO - [2024-10-20T10:33:05.828+0000] {dag.py:3834} INFO - Setting next_dagrun for example_dag_decorator to None, run_after=None
[2024-10-20T10:33:05.841+0000] {processor.py:183} INFO - Processing /home/airflow/.local/lib/python3.8/site-packages/airflow/example_dags/example_dag_decorator.py took 0.162 seconds
[2024-10-20T10:33:35.897+0000] {processor.py:161} INFO - Started process (PID=1530) to work on /home/airflow/.local/lib/python3.8/site-packages/airflow/example_dags/example_dag_decorator.py
[2024-10-20T10:33:35.898+0000] {processor.py:830} INFO - Processing file /home/airflow/.local/lib/python3.8/site-packages/airflow/example_dags/example_dag_decorator.py for tasks to queue
[2024-10-20T10:33:35.899+0000] {logging_mixin.py:188} INFO - [2024-10-20T10:33:35.899+0000] {dagbag.py:540} INFO - Filling up the DagBag from /home/airflow/.local/lib/python3.8/site-packages/airflow/example_dags/example_dag_decorator.py
[2024-10-20T10:33:35.961+0000] {processor.py:840} INFO - DAG(s) 'example_dag_decorator' retrieved from /home/airflow/.local/lib/python3.8/site-packages/airflow/example_dags/example_dag_decorator.py
[2024-10-20T10:33:35.976+0000] {logging_mixin.py:188} INFO - [2024-10-20T10:33:35.975+0000] {dag.py:3047} INFO - Sync 1 DAGs
[2024-10-20T10:33:35.984+0000] {logging_mixin.py:188} INFO - [2024-10-20T10:33:35.984+0000] {dag.py:3834} INFO - Setting next_dagrun for example_dag_decorator to None, run_after=None
[2024-10-20T10:33:35.998+0000] {processor.py:183} INFO - Processing /home/airflow/.local/lib/python3.8/site-packages/airflow/example_dags/example_dag_decorator.py took 0.103 seconds
[2024-10-20T10:34:06.976+0000] {processor.py:161} INFO - Started process (PID=1585) to work on /home/airflow/.local/lib/python3.8/site-packages/airflow/example_dags/example_dag_decorator.py
[2024-10-20T10:34:06.977+0000] {processor.py:830} INFO - Processing file /home/airflow/.local/lib/python3.8/site-packages/airflow/example_dags/example_dag_decorator.py for tasks to queue
[2024-10-20T10:34:06.978+0000] {logging_mixin.py:188} INFO - [2024-10-20T10:34:06.978+0000] {dagbag.py:540} INFO - Filling up the DagBag from /home/airflow/.local/lib/python3.8/site-packages/airflow/example_dags/example_dag_decorator.py
[2024-10-20T10:34:07.040+0000] {processor.py:840} INFO - DAG(s) 'example_dag_decorator' retrieved from /home/airflow/.local/lib/python3.8/site-packages/airflow/example_dags/example_dag_decorator.py
[2024-10-20T10:34:07.110+0000] {logging_mixin.py:188} INFO - [2024-10-20T10:34:07.110+0000] {dag.py:3047} INFO - Sync 1 DAGs
[2024-10-20T10:34:07.119+0000] {logging_mixin.py:188} INFO - [2024-10-20T10:34:07.119+0000] {dag.py:3834} INFO - Setting next_dagrun for example_dag_decorator to None, run_after=None
[2024-10-20T10:34:07.131+0000] {processor.py:183} INFO - Processing /home/airflow/.local/lib/python3.8/site-packages/airflow/example_dags/example_dag_decorator.py took 0.157 seconds
[2024-10-20T10:34:37.680+0000] {processor.py:161} INFO - Started process (PID=1640) to work on /home/airflow/.local/lib/python3.8/site-packages/airflow/example_dags/example_dag_decorator.py
[2024-10-20T10:34:37.680+0000] {processor.py:830} INFO - Processing file /home/airflow/.local/lib/python3.8/site-packages/airflow/example_dags/example_dag_decorator.py for tasks to queue
[2024-10-20T10:34:37.682+0000] {logging_mixin.py:188} INFO - [2024-10-20T10:34:37.682+0000] {dagbag.py:540} INFO - Filling up the DagBag from /home/airflow/.local/lib/python3.8/site-packages/airflow/example_dags/example_dag_decorator.py
[2024-10-20T10:34:37.748+0000] {processor.py:840} INFO - DAG(s) 'example_dag_decorator' retrieved from /home/airflow/.local/lib/python3.8/site-packages/airflow/example_dags/example_dag_decorator.py
[2024-10-20T10:34:37.821+0000] {logging_mixin.py:188} INFO - [2024-10-20T10:34:37.821+0000] {dag.py:3047} INFO - Sync 1 DAGs
[2024-10-20T10:34:37.951+0000] {logging_mixin.py:188} INFO - [2024-10-20T10:34:37.951+0000] {dag.py:3834} INFO - Setting next_dagrun for example_dag_decorator to None, run_after=None
[2024-10-20T10:34:37.961+0000] {processor.py:183} INFO - Processing /home/airflow/.local/lib/python3.8/site-packages/airflow/example_dags/example_dag_decorator.py took 0.285 seconds
[2024-10-20T10:35:50.206+0000] {processor.py:161} INFO - Started process (PID=80) to work on /home/airflow/.local/lib/python3.8/site-packages/airflow/example_dags/example_dag_decorator.py
[2024-10-20T10:35:50.211+0000] {processor.py:830} INFO - Processing file /home/airflow/.local/lib/python3.8/site-packages/airflow/example_dags/example_dag_decorator.py for tasks to queue
[2024-10-20T10:35:50.218+0000] {logging_mixin.py:188} INFO - [2024-10-20T10:35:50.217+0000] {dagbag.py:540} INFO - Filling up the DagBag from /home/airflow/.local/lib/python3.8/site-packages/airflow/example_dags/example_dag_decorator.py
[2024-10-20T10:35:50.619+0000] {processor.py:840} INFO - DAG(s) 'example_dag_decorator' retrieved from /home/airflow/.local/lib/python3.8/site-packages/airflow/example_dags/example_dag_decorator.py
[2024-10-20T10:35:50.638+0000] {logging_mixin.py:188} INFO - [2024-10-20T10:35:50.638+0000] {dag.py:3047} INFO - Sync 1 DAGs
[2024-10-20T10:35:50.658+0000] {logging_mixin.py:188} INFO - [2024-10-20T10:35:50.658+0000] {dag.py:3834} INFO - Setting next_dagrun for example_dag_decorator to None, run_after=None
[2024-10-20T10:35:50.710+0000] {processor.py:183} INFO - Processing /home/airflow/.local/lib/python3.8/site-packages/airflow/example_dags/example_dag_decorator.py took 0.508 seconds
[2024-10-20T10:36:20.769+0000] {processor.py:161} INFO - Started process (PID=143) to work on /home/airflow/.local/lib/python3.8/site-packages/airflow/example_dags/example_dag_decorator.py
[2024-10-20T10:36:20.770+0000] {processor.py:830} INFO - Processing file /home/airflow/.local/lib/python3.8/site-packages/airflow/example_dags/example_dag_decorator.py for tasks to queue
[2024-10-20T10:36:20.771+0000] {logging_mixin.py:188} INFO - [2024-10-20T10:36:20.771+0000] {dagbag.py:540} INFO - Filling up the DagBag from /home/airflow/.local/lib/python3.8/site-packages/airflow/example_dags/example_dag_decorator.py
[2024-10-20T10:36:20.840+0000] {processor.py:840} INFO - DAG(s) 'example_dag_decorator' retrieved from /home/airflow/.local/lib/python3.8/site-packages/airflow/example_dags/example_dag_decorator.py
[2024-10-20T10:36:20.911+0000] {logging_mixin.py:188} INFO - [2024-10-20T10:36:20.911+0000] {dag.py:3047} INFO - Sync 1 DAGs
[2024-10-20T10:36:20.918+0000] {logging_mixin.py:188} INFO - [2024-10-20T10:36:20.918+0000] {dag.py:3834} INFO - Setting next_dagrun for example_dag_decorator to None, run_after=None
[2024-10-20T10:36:20.931+0000] {processor.py:183} INFO - Processing /home/airflow/.local/lib/python3.8/site-packages/airflow/example_dags/example_dag_decorator.py took 0.166 seconds
[2024-10-20T10:36:51.578+0000] {processor.py:161} INFO - Started process (PID=197) to work on /home/airflow/.local/lib/python3.8/site-packages/airflow/example_dags/example_dag_decorator.py
[2024-10-20T10:36:51.579+0000] {processor.py:830} INFO - Processing file /home/airflow/.local/lib/python3.8/site-packages/airflow/example_dags/example_dag_decorator.py for tasks to queue
[2024-10-20T10:36:51.581+0000] {logging_mixin.py:188} INFO - [2024-10-20T10:36:51.581+0000] {dagbag.py:540} INFO - Filling up the DagBag from /home/airflow/.local/lib/python3.8/site-packages/airflow/example_dags/example_dag_decorator.py
[2024-10-20T10:36:51.651+0000] {processor.py:840} INFO - DAG(s) 'example_dag_decorator' retrieved from /home/airflow/.local/lib/python3.8/site-packages/airflow/example_dags/example_dag_decorator.py
[2024-10-20T10:36:51.733+0000] {logging_mixin.py:188} INFO - [2024-10-20T10:36:51.733+0000] {dag.py:3047} INFO - Sync 1 DAGs
[2024-10-20T10:36:51.741+0000] {logging_mixin.py:188} INFO - [2024-10-20T10:36:51.741+0000] {dag.py:3834} INFO - Setting next_dagrun for example_dag_decorator to None, run_after=None
[2024-10-20T10:36:51.760+0000] {processor.py:183} INFO - Processing /home/airflow/.local/lib/python3.8/site-packages/airflow/example_dags/example_dag_decorator.py took 0.184 seconds
[2024-10-20T10:37:21.990+0000] {processor.py:161} INFO - Started process (PID=253) to work on /home/airflow/.local/lib/python3.8/site-packages/airflow/example_dags/example_dag_decorator.py
[2024-10-20T10:37:21.992+0000] {processor.py:830} INFO - Processing file /home/airflow/.local/lib/python3.8/site-packages/airflow/example_dags/example_dag_decorator.py for tasks to queue
[2024-10-20T10:37:21.993+0000] {logging_mixin.py:188} INFO - [2024-10-20T10:37:21.993+0000] {dagbag.py:540} INFO - Filling up the DagBag from /home/airflow/.local/lib/python3.8/site-packages/airflow/example_dags/example_dag_decorator.py
[2024-10-20T10:37:22.062+0000] {processor.py:840} INFO - DAG(s) 'example_dag_decorator' retrieved from /home/airflow/.local/lib/python3.8/site-packages/airflow/example_dags/example_dag_decorator.py
[2024-10-20T10:37:22.154+0000] {logging_mixin.py:188} INFO - [2024-10-20T10:37:22.154+0000] {dag.py:3047} INFO - Sync 1 DAGs
[2024-10-20T10:37:22.162+0000] {logging_mixin.py:188} INFO - [2024-10-20T10:37:22.162+0000] {dag.py:3834} INFO - Setting next_dagrun for example_dag_decorator to None, run_after=None
[2024-10-20T10:37:22.183+0000] {processor.py:183} INFO - Processing /home/airflow/.local/lib/python3.8/site-packages/airflow/example_dags/example_dag_decorator.py took 0.196 seconds
[2024-10-20T10:37:52.571+0000] {processor.py:161} INFO - Started process (PID=308) to work on /home/airflow/.local/lib/python3.8/site-packages/airflow/example_dags/example_dag_decorator.py
[2024-10-20T10:37:52.572+0000] {processor.py:830} INFO - Processing file /home/airflow/.local/lib/python3.8/site-packages/airflow/example_dags/example_dag_decorator.py for tasks to queue
[2024-10-20T10:37:52.573+0000] {logging_mixin.py:188} INFO - [2024-10-20T10:37:52.573+0000] {dagbag.py:540} INFO - Filling up the DagBag from /home/airflow/.local/lib/python3.8/site-packages/airflow/example_dags/example_dag_decorator.py
[2024-10-20T10:37:52.639+0000] {processor.py:840} INFO - DAG(s) 'example_dag_decorator' retrieved from /home/airflow/.local/lib/python3.8/site-packages/airflow/example_dags/example_dag_decorator.py
[2024-10-20T10:37:52.658+0000] {logging_mixin.py:188} INFO - [2024-10-20T10:37:52.658+0000] {dag.py:3047} INFO - Sync 1 DAGs
[2024-10-20T10:37:52.667+0000] {logging_mixin.py:188} INFO - [2024-10-20T10:37:52.667+0000] {dag.py:3834} INFO - Setting next_dagrun for example_dag_decorator to None, run_after=None
[2024-10-20T10:37:52.682+0000] {processor.py:183} INFO - Processing /home/airflow/.local/lib/python3.8/site-packages/airflow/example_dags/example_dag_decorator.py took 0.114 seconds
[2024-10-20T10:38:22.749+0000] {processor.py:161} INFO - Started process (PID=365) to work on /home/airflow/.local/lib/python3.8/site-packages/airflow/example_dags/example_dag_decorator.py
[2024-10-20T10:38:22.755+0000] {processor.py:830} INFO - Processing file /home/airflow/.local/lib/python3.8/site-packages/airflow/example_dags/example_dag_decorator.py for tasks to queue
[2024-10-20T10:38:22.756+0000] {logging_mixin.py:188} INFO - [2024-10-20T10:38:22.756+0000] {dagbag.py:540} INFO - Filling up the DagBag from /home/airflow/.local/lib/python3.8/site-packages/airflow/example_dags/example_dag_decorator.py
[2024-10-20T10:38:22.828+0000] {processor.py:840} INFO - DAG(s) 'example_dag_decorator' retrieved from /home/airflow/.local/lib/python3.8/site-packages/airflow/example_dags/example_dag_decorator.py
[2024-10-20T10:38:22.920+0000] {logging_mixin.py:188} INFO - [2024-10-20T10:38:22.919+0000] {dag.py:3047} INFO - Sync 1 DAGs
[2024-10-20T10:38:22.928+0000] {logging_mixin.py:188} INFO - [2024-10-20T10:38:22.928+0000] {dag.py:3834} INFO - Setting next_dagrun for example_dag_decorator to None, run_after=None
[2024-10-20T10:38:22.943+0000] {processor.py:183} INFO - Processing /home/airflow/.local/lib/python3.8/site-packages/airflow/example_dags/example_dag_decorator.py took 0.197 seconds
[2024-10-20T10:38:53.027+0000] {processor.py:161} INFO - Started process (PID=420) to work on /home/airflow/.local/lib/python3.8/site-packages/airflow/example_dags/example_dag_decorator.py
[2024-10-20T10:38:53.028+0000] {processor.py:830} INFO - Processing file /home/airflow/.local/lib/python3.8/site-packages/airflow/example_dags/example_dag_decorator.py for tasks to queue
[2024-10-20T10:38:53.029+0000] {logging_mixin.py:188} INFO - [2024-10-20T10:38:53.029+0000] {dagbag.py:540} INFO - Filling up the DagBag from /home/airflow/.local/lib/python3.8/site-packages/airflow/example_dags/example_dag_decorator.py
[2024-10-20T10:38:53.094+0000] {processor.py:840} INFO - DAG(s) 'example_dag_decorator' retrieved from /home/airflow/.local/lib/python3.8/site-packages/airflow/example_dags/example_dag_decorator.py
[2024-10-20T10:38:53.181+0000] {logging_mixin.py:188} INFO - [2024-10-20T10:38:53.180+0000] {dag.py:3047} INFO - Sync 1 DAGs
[2024-10-20T10:38:53.189+0000] {logging_mixin.py:188} INFO - [2024-10-20T10:38:53.189+0000] {dag.py:3834} INFO - Setting next_dagrun for example_dag_decorator to None, run_after=None
[2024-10-20T10:38:53.205+0000] {processor.py:183} INFO - Processing /home/airflow/.local/lib/python3.8/site-packages/airflow/example_dags/example_dag_decorator.py took 0.181 seconds
[2024-10-20T10:39:23.262+0000] {processor.py:161} INFO - Started process (PID=477) to work on /home/airflow/.local/lib/python3.8/site-packages/airflow/example_dags/example_dag_decorator.py
[2024-10-20T10:39:23.263+0000] {processor.py:830} INFO - Processing file /home/airflow/.local/lib/python3.8/site-packages/airflow/example_dags/example_dag_decorator.py for tasks to queue
[2024-10-20T10:39:23.265+0000] {logging_mixin.py:188} INFO - [2024-10-20T10:39:23.265+0000] {dagbag.py:540} INFO - Filling up the DagBag from /home/airflow/.local/lib/python3.8/site-packages/airflow/example_dags/example_dag_decorator.py
[2024-10-20T10:39:23.342+0000] {processor.py:840} INFO - DAG(s) 'example_dag_decorator' retrieved from /home/airflow/.local/lib/python3.8/site-packages/airflow/example_dags/example_dag_decorator.py
[2024-10-20T10:39:23.430+0000] {logging_mixin.py:188} INFO - [2024-10-20T10:39:23.430+0000] {dag.py:3047} INFO - Sync 1 DAGs
[2024-10-20T10:39:23.437+0000] {logging_mixin.py:188} INFO - [2024-10-20T10:39:23.437+0000] {dag.py:3834} INFO - Setting next_dagrun for example_dag_decorator to None, run_after=None
[2024-10-20T10:39:23.450+0000] {processor.py:183} INFO - Processing /home/airflow/.local/lib/python3.8/site-packages/airflow/example_dags/example_dag_decorator.py took 0.191 seconds
[2024-10-20T10:39:53.565+0000] {processor.py:161} INFO - Started process (PID=532) to work on /home/airflow/.local/lib/python3.8/site-packages/airflow/example_dags/example_dag_decorator.py
[2024-10-20T10:39:53.567+0000] {processor.py:830} INFO - Processing file /home/airflow/.local/lib/python3.8/site-packages/airflow/example_dags/example_dag_decorator.py for tasks to queue
[2024-10-20T10:39:53.568+0000] {logging_mixin.py:188} INFO - [2024-10-20T10:39:53.568+0000] {dagbag.py:540} INFO - Filling up the DagBag from /home/airflow/.local/lib/python3.8/site-packages/airflow/example_dags/example_dag_decorator.py
[2024-10-20T10:39:53.637+0000] {processor.py:840} INFO - DAG(s) 'example_dag_decorator' retrieved from /home/airflow/.local/lib/python3.8/site-packages/airflow/example_dags/example_dag_decorator.py
[2024-10-20T10:39:53.716+0000] {logging_mixin.py:188} INFO - [2024-10-20T10:39:53.716+0000] {dag.py:3047} INFO - Sync 1 DAGs
[2024-10-20T10:39:53.725+0000] {logging_mixin.py:188} INFO - [2024-10-20T10:39:53.725+0000] {dag.py:3834} INFO - Setting next_dagrun for example_dag_decorator to None, run_after=None
[2024-10-20T10:39:53.745+0000] {processor.py:183} INFO - Processing /home/airflow/.local/lib/python3.8/site-packages/airflow/example_dags/example_dag_decorator.py took 0.183 seconds
[2024-10-20T10:40:23.773+0000] {processor.py:161} INFO - Started process (PID=589) to work on /home/airflow/.local/lib/python3.8/site-packages/airflow/example_dags/example_dag_decorator.py
[2024-10-20T10:40:23.776+0000] {processor.py:830} INFO - Processing file /home/airflow/.local/lib/python3.8/site-packages/airflow/example_dags/example_dag_decorator.py for tasks to queue
[2024-10-20T10:40:23.777+0000] {logging_mixin.py:188} INFO - [2024-10-20T10:40:23.777+0000] {dagbag.py:540} INFO - Filling up the DagBag from /home/airflow/.local/lib/python3.8/site-packages/airflow/example_dags/example_dag_decorator.py
[2024-10-20T10:40:23.846+0000] {processor.py:840} INFO - DAG(s) 'example_dag_decorator' retrieved from /home/airflow/.local/lib/python3.8/site-packages/airflow/example_dags/example_dag_decorator.py
[2024-10-20T10:40:23.924+0000] {logging_mixin.py:188} INFO - [2024-10-20T10:40:23.924+0000] {dag.py:3047} INFO - Sync 1 DAGs
[2024-10-20T10:40:23.931+0000] {logging_mixin.py:188} INFO - [2024-10-20T10:40:23.930+0000] {dag.py:3834} INFO - Setting next_dagrun for example_dag_decorator to None, run_after=None
[2024-10-20T10:40:23.949+0000] {processor.py:183} INFO - Processing /home/airflow/.local/lib/python3.8/site-packages/airflow/example_dags/example_dag_decorator.py took 0.179 seconds
[2024-10-20T10:40:53.996+0000] {processor.py:161} INFO - Started process (PID=647) to work on /home/airflow/.local/lib/python3.8/site-packages/airflow/example_dags/example_dag_decorator.py
[2024-10-20T10:40:53.997+0000] {processor.py:830} INFO - Processing file /home/airflow/.local/lib/python3.8/site-packages/airflow/example_dags/example_dag_decorator.py for tasks to queue
[2024-10-20T10:40:53.998+0000] {logging_mixin.py:188} INFO - [2024-10-20T10:40:53.998+0000] {dagbag.py:540} INFO - Filling up the DagBag from /home/airflow/.local/lib/python3.8/site-packages/airflow/example_dags/example_dag_decorator.py
[2024-10-20T10:40:54.058+0000] {processor.py:840} INFO - DAG(s) 'example_dag_decorator' retrieved from /home/airflow/.local/lib/python3.8/site-packages/airflow/example_dags/example_dag_decorator.py
[2024-10-20T10:40:54.126+0000] {logging_mixin.py:188} INFO - [2024-10-20T10:40:54.125+0000] {dag.py:3047} INFO - Sync 1 DAGs
[2024-10-20T10:40:54.132+0000] {logging_mixin.py:188} INFO - [2024-10-20T10:40:54.132+0000] {dag.py:3834} INFO - Setting next_dagrun for example_dag_decorator to None, run_after=None
[2024-10-20T10:40:54.144+0000] {processor.py:183} INFO - Processing /home/airflow/.local/lib/python3.8/site-packages/airflow/example_dags/example_dag_decorator.py took 0.150 seconds
[2024-10-20T10:41:24.312+0000] {processor.py:161} INFO - Started process (PID=700) to work on /home/airflow/.local/lib/python3.8/site-packages/airflow/example_dags/example_dag_decorator.py
[2024-10-20T10:41:24.315+0000] {processor.py:830} INFO - Processing file /home/airflow/.local/lib/python3.8/site-packages/airflow/example_dags/example_dag_decorator.py for tasks to queue
[2024-10-20T10:41:24.317+0000] {logging_mixin.py:188} INFO - [2024-10-20T10:41:24.316+0000] {dagbag.py:540} INFO - Filling up the DagBag from /home/airflow/.local/lib/python3.8/site-packages/airflow/example_dags/example_dag_decorator.py
[2024-10-20T10:41:24.379+0000] {processor.py:840} INFO - DAG(s) 'example_dag_decorator' retrieved from /home/airflow/.local/lib/python3.8/site-packages/airflow/example_dags/example_dag_decorator.py
[2024-10-20T10:41:24.458+0000] {logging_mixin.py:188} INFO - [2024-10-20T10:41:24.458+0000] {dag.py:3047} INFO - Sync 1 DAGs
[2024-10-20T10:41:24.465+0000] {logging_mixin.py:188} INFO - [2024-10-20T10:41:24.465+0000] {dag.py:3834} INFO - Setting next_dagrun for example_dag_decorator to None, run_after=None
[2024-10-20T10:41:24.485+0000] {processor.py:183} INFO - Processing /home/airflow/.local/lib/python3.8/site-packages/airflow/example_dags/example_dag_decorator.py took 0.176 seconds
[2024-10-20T10:41:54.962+0000] {processor.py:161} INFO - Started process (PID=756) to work on /home/airflow/.local/lib/python3.8/site-packages/airflow/example_dags/example_dag_decorator.py
[2024-10-20T10:41:54.964+0000] {processor.py:830} INFO - Processing file /home/airflow/.local/lib/python3.8/site-packages/airflow/example_dags/example_dag_decorator.py for tasks to queue
[2024-10-20T10:41:54.965+0000] {logging_mixin.py:188} INFO - [2024-10-20T10:41:54.965+0000] {dagbag.py:540} INFO - Filling up the DagBag from /home/airflow/.local/lib/python3.8/site-packages/airflow/example_dags/example_dag_decorator.py
[2024-10-20T10:41:55.030+0000] {processor.py:840} INFO - DAG(s) 'example_dag_decorator' retrieved from /home/airflow/.local/lib/python3.8/site-packages/airflow/example_dags/example_dag_decorator.py
[2024-10-20T10:41:55.116+0000] {logging_mixin.py:188} INFO - [2024-10-20T10:41:55.116+0000] {dag.py:3047} INFO - Sync 1 DAGs
[2024-10-20T10:41:55.124+0000] {logging_mixin.py:188} INFO - [2024-10-20T10:41:55.124+0000] {dag.py:3834} INFO - Setting next_dagrun for example_dag_decorator to None, run_after=None
[2024-10-20T10:41:55.139+0000] {processor.py:183} INFO - Processing /home/airflow/.local/lib/python3.8/site-packages/airflow/example_dags/example_dag_decorator.py took 0.180 seconds
[2024-10-20T10:42:25.164+0000] {processor.py:161} INFO - Started process (PID=813) to work on /home/airflow/.local/lib/python3.8/site-packages/airflow/example_dags/example_dag_decorator.py
[2024-10-20T10:42:25.165+0000] {processor.py:830} INFO - Processing file /home/airflow/.local/lib/python3.8/site-packages/airflow/example_dags/example_dag_decorator.py for tasks to queue
[2024-10-20T10:42:25.167+0000] {logging_mixin.py:188} INFO - [2024-10-20T10:42:25.166+0000] {dagbag.py:540} INFO - Filling up the DagBag from /home/airflow/.local/lib/python3.8/site-packages/airflow/example_dags/example_dag_decorator.py
[2024-10-20T10:42:25.235+0000] {processor.py:840} INFO - DAG(s) 'example_dag_decorator' retrieved from /home/airflow/.local/lib/python3.8/site-packages/airflow/example_dags/example_dag_decorator.py
[2024-10-20T10:42:25.326+0000] {logging_mixin.py:188} INFO - [2024-10-20T10:42:25.326+0000] {dag.py:3047} INFO - Sync 1 DAGs
[2024-10-20T10:42:25.339+0000] {logging_mixin.py:188} INFO - [2024-10-20T10:42:25.338+0000] {dag.py:3834} INFO - Setting next_dagrun for example_dag_decorator to None, run_after=None
[2024-10-20T10:42:25.360+0000] {processor.py:183} INFO - Processing /home/airflow/.local/lib/python3.8/site-packages/airflow/example_dags/example_dag_decorator.py took 0.198 seconds
[2024-10-20T10:42:55.435+0000] {processor.py:161} INFO - Started process (PID=871) to work on /home/airflow/.local/lib/python3.8/site-packages/airflow/example_dags/example_dag_decorator.py
[2024-10-20T10:42:55.442+0000] {processor.py:830} INFO - Processing file /home/airflow/.local/lib/python3.8/site-packages/airflow/example_dags/example_dag_decorator.py for tasks to queue
[2024-10-20T10:42:55.446+0000] {logging_mixin.py:188} INFO - [2024-10-20T10:42:55.445+0000] {dagbag.py:540} INFO - Filling up the DagBag from /home/airflow/.local/lib/python3.8/site-packages/airflow/example_dags/example_dag_decorator.py
[2024-10-20T10:42:55.598+0000] {processor.py:840} INFO - DAG(s) 'example_dag_decorator' retrieved from /home/airflow/.local/lib/python3.8/site-packages/airflow/example_dags/example_dag_decorator.py
[2024-10-20T10:42:55.692+0000] {logging_mixin.py:188} INFO - [2024-10-20T10:42:55.692+0000] {dag.py:3047} INFO - Sync 1 DAGs
[2024-10-20T10:42:55.704+0000] {logging_mixin.py:188} INFO - [2024-10-20T10:42:55.703+0000] {dag.py:3834} INFO - Setting next_dagrun for example_dag_decorator to None, run_after=None
[2024-10-20T10:42:55.716+0000] {processor.py:183} INFO - Processing /home/airflow/.local/lib/python3.8/site-packages/airflow/example_dags/example_dag_decorator.py took 0.284 seconds
[2024-10-20T10:43:25.750+0000] {processor.py:161} INFO - Started process (PID=924) to work on /home/airflow/.local/lib/python3.8/site-packages/airflow/example_dags/example_dag_decorator.py
[2024-10-20T10:43:25.751+0000] {processor.py:830} INFO - Processing file /home/airflow/.local/lib/python3.8/site-packages/airflow/example_dags/example_dag_decorator.py for tasks to queue
[2024-10-20T10:43:25.753+0000] {logging_mixin.py:188} INFO - [2024-10-20T10:43:25.752+0000] {dagbag.py:540} INFO - Filling up the DagBag from /home/airflow/.local/lib/python3.8/site-packages/airflow/example_dags/example_dag_decorator.py
[2024-10-20T10:43:25.827+0000] {processor.py:840} INFO - DAG(s) 'example_dag_decorator' retrieved from /home/airflow/.local/lib/python3.8/site-packages/airflow/example_dags/example_dag_decorator.py
[2024-10-20T10:43:25.903+0000] {logging_mixin.py:188} INFO - [2024-10-20T10:43:25.903+0000] {dag.py:3047} INFO - Sync 1 DAGs
[2024-10-20T10:43:25.910+0000] {logging_mixin.py:188} INFO - [2024-10-20T10:43:25.910+0000] {dag.py:3834} INFO - Setting next_dagrun for example_dag_decorator to None, run_after=None
[2024-10-20T10:43:25.931+0000] {processor.py:183} INFO - Processing /home/airflow/.local/lib/python3.8/site-packages/airflow/example_dags/example_dag_decorator.py took 0.184 seconds
[2024-10-20T10:43:56.027+0000] {processor.py:161} INFO - Started process (PID=980) to work on /home/airflow/.local/lib/python3.8/site-packages/airflow/example_dags/example_dag_decorator.py
[2024-10-20T10:43:56.028+0000] {processor.py:830} INFO - Processing file /home/airflow/.local/lib/python3.8/site-packages/airflow/example_dags/example_dag_decorator.py for tasks to queue
[2024-10-20T10:43:56.030+0000] {logging_mixin.py:188} INFO - [2024-10-20T10:43:56.029+0000] {dagbag.py:540} INFO - Filling up the DagBag from /home/airflow/.local/lib/python3.8/site-packages/airflow/example_dags/example_dag_decorator.py
[2024-10-20T10:43:56.090+0000] {processor.py:840} INFO - DAG(s) 'example_dag_decorator' retrieved from /home/airflow/.local/lib/python3.8/site-packages/airflow/example_dags/example_dag_decorator.py
[2024-10-20T10:43:56.167+0000] {logging_mixin.py:188} INFO - [2024-10-20T10:43:56.167+0000] {dag.py:3047} INFO - Sync 1 DAGs
[2024-10-20T10:43:56.178+0000] {logging_mixin.py:188} INFO - [2024-10-20T10:43:56.177+0000] {dag.py:3834} INFO - Setting next_dagrun for example_dag_decorator to None, run_after=None
[2024-10-20T10:43:56.191+0000] {processor.py:183} INFO - Processing /home/airflow/.local/lib/python3.8/site-packages/airflow/example_dags/example_dag_decorator.py took 0.166 seconds
[2024-10-20T10:44:26.216+0000] {processor.py:161} INFO - Started process (PID=1037) to work on /home/airflow/.local/lib/python3.8/site-packages/airflow/example_dags/example_dag_decorator.py
[2024-10-20T10:44:26.217+0000] {processor.py:830} INFO - Processing file /home/airflow/.local/lib/python3.8/site-packages/airflow/example_dags/example_dag_decorator.py for tasks to queue
[2024-10-20T10:44:26.218+0000] {logging_mixin.py:188} INFO - [2024-10-20T10:44:26.218+0000] {dagbag.py:540} INFO - Filling up the DagBag from /home/airflow/.local/lib/python3.8/site-packages/airflow/example_dags/example_dag_decorator.py
[2024-10-20T10:44:26.281+0000] {processor.py:840} INFO - DAG(s) 'example_dag_decorator' retrieved from /home/airflow/.local/lib/python3.8/site-packages/airflow/example_dags/example_dag_decorator.py
[2024-10-20T10:44:26.355+0000] {logging_mixin.py:188} INFO - [2024-10-20T10:44:26.355+0000] {dag.py:3047} INFO - Sync 1 DAGs
[2024-10-20T10:44:26.363+0000] {logging_mixin.py:188} INFO - [2024-10-20T10:44:26.363+0000] {dag.py:3834} INFO - Setting next_dagrun for example_dag_decorator to None, run_after=None
[2024-10-20T10:44:26.374+0000] {processor.py:183} INFO - Processing /home/airflow/.local/lib/python3.8/site-packages/airflow/example_dags/example_dag_decorator.py took 0.161 seconds
[2024-10-20T10:44:56.477+0000] {processor.py:161} INFO - Started process (PID=1092) to work on /home/airflow/.local/lib/python3.8/site-packages/airflow/example_dags/example_dag_decorator.py
[2024-10-20T10:44:56.478+0000] {processor.py:830} INFO - Processing file /home/airflow/.local/lib/python3.8/site-packages/airflow/example_dags/example_dag_decorator.py for tasks to queue
[2024-10-20T10:44:56.483+0000] {logging_mixin.py:188} INFO - [2024-10-20T10:44:56.483+0000] {dagbag.py:540} INFO - Filling up the DagBag from /home/airflow/.local/lib/python3.8/site-packages/airflow/example_dags/example_dag_decorator.py
[2024-10-20T10:44:56.556+0000] {processor.py:840} INFO - DAG(s) 'example_dag_decorator' retrieved from /home/airflow/.local/lib/python3.8/site-packages/airflow/example_dags/example_dag_decorator.py
[2024-10-20T10:44:56.641+0000] {logging_mixin.py:188} INFO - [2024-10-20T10:44:56.641+0000] {dag.py:3047} INFO - Sync 1 DAGs
[2024-10-20T10:44:56.651+0000] {logging_mixin.py:188} INFO - [2024-10-20T10:44:56.651+0000] {dag.py:3834} INFO - Setting next_dagrun for example_dag_decorator to None, run_after=None
[2024-10-20T10:44:56.668+0000] {processor.py:183} INFO - Processing /home/airflow/.local/lib/python3.8/site-packages/airflow/example_dags/example_dag_decorator.py took 0.194 seconds
[2024-10-20T10:45:26.730+0000] {processor.py:161} INFO - Started process (PID=1148) to work on /home/airflow/.local/lib/python3.8/site-packages/airflow/example_dags/example_dag_decorator.py
[2024-10-20T10:45:26.731+0000] {processor.py:830} INFO - Processing file /home/airflow/.local/lib/python3.8/site-packages/airflow/example_dags/example_dag_decorator.py for tasks to queue
[2024-10-20T10:45:26.732+0000] {logging_mixin.py:188} INFO - [2024-10-20T10:45:26.732+0000] {dagbag.py:540} INFO - Filling up the DagBag from /home/airflow/.local/lib/python3.8/site-packages/airflow/example_dags/example_dag_decorator.py
[2024-10-20T10:45:26.795+0000] {processor.py:840} INFO - DAG(s) 'example_dag_decorator' retrieved from /home/airflow/.local/lib/python3.8/site-packages/airflow/example_dags/example_dag_decorator.py
[2024-10-20T10:45:26.873+0000] {logging_mixin.py:188} INFO - [2024-10-20T10:45:26.873+0000] {dag.py:3047} INFO - Sync 1 DAGs
[2024-10-20T10:45:26.880+0000] {logging_mixin.py:188} INFO - [2024-10-20T10:45:26.880+0000] {dag.py:3834} INFO - Setting next_dagrun for example_dag_decorator to None, run_after=None
[2024-10-20T10:45:26.898+0000] {processor.py:183} INFO - Processing /home/airflow/.local/lib/python3.8/site-packages/airflow/example_dags/example_dag_decorator.py took 0.171 seconds
[2024-10-20T10:45:56.993+0000] {processor.py:161} INFO - Started process (PID=1204) to work on /home/airflow/.local/lib/python3.8/site-packages/airflow/example_dags/example_dag_decorator.py
[2024-10-20T10:45:56.994+0000] {processor.py:830} INFO - Processing file /home/airflow/.local/lib/python3.8/site-packages/airflow/example_dags/example_dag_decorator.py for tasks to queue
[2024-10-20T10:45:56.996+0000] {logging_mixin.py:188} INFO - [2024-10-20T10:45:56.995+0000] {dagbag.py:540} INFO - Filling up the DagBag from /home/airflow/.local/lib/python3.8/site-packages/airflow/example_dags/example_dag_decorator.py
[2024-10-20T10:45:57.067+0000] {processor.py:840} INFO - DAG(s) 'example_dag_decorator' retrieved from /home/airflow/.local/lib/python3.8/site-packages/airflow/example_dags/example_dag_decorator.py
[2024-10-20T10:45:57.149+0000] {logging_mixin.py:188} INFO - [2024-10-20T10:45:57.149+0000] {dag.py:3047} INFO - Sync 1 DAGs
[2024-10-20T10:45:57.157+0000] {logging_mixin.py:188} INFO - [2024-10-20T10:45:57.157+0000] {dag.py:3834} INFO - Setting next_dagrun for example_dag_decorator to None, run_after=None
[2024-10-20T10:45:57.171+0000] {processor.py:183} INFO - Processing /home/airflow/.local/lib/python3.8/site-packages/airflow/example_dags/example_dag_decorator.py took 0.181 seconds
[2024-10-20T10:46:27.245+0000] {processor.py:161} INFO - Started process (PID=1262) to work on /home/airflow/.local/lib/python3.8/site-packages/airflow/example_dags/example_dag_decorator.py
[2024-10-20T10:46:27.246+0000] {processor.py:830} INFO - Processing file /home/airflow/.local/lib/python3.8/site-packages/airflow/example_dags/example_dag_decorator.py for tasks to queue
[2024-10-20T10:46:27.247+0000] {logging_mixin.py:188} INFO - [2024-10-20T10:46:27.247+0000] {dagbag.py:540} INFO - Filling up the DagBag from /home/airflow/.local/lib/python3.8/site-packages/airflow/example_dags/example_dag_decorator.py
[2024-10-20T10:46:27.306+0000] {processor.py:840} INFO - DAG(s) 'example_dag_decorator' retrieved from /home/airflow/.local/lib/python3.8/site-packages/airflow/example_dags/example_dag_decorator.py
[2024-10-20T10:46:27.372+0000] {logging_mixin.py:188} INFO - [2024-10-20T10:46:27.372+0000] {dag.py:3047} INFO - Sync 1 DAGs
[2024-10-20T10:46:27.379+0000] {logging_mixin.py:188} INFO - [2024-10-20T10:46:27.379+0000] {dag.py:3834} INFO - Setting next_dagrun for example_dag_decorator to None, run_after=None
[2024-10-20T10:46:27.391+0000] {processor.py:183} INFO - Processing /home/airflow/.local/lib/python3.8/site-packages/airflow/example_dags/example_dag_decorator.py took 0.149 seconds
[2024-10-20T10:46:57.616+0000] {processor.py:161} INFO - Started process (PID=1316) to work on /home/airflow/.local/lib/python3.8/site-packages/airflow/example_dags/example_dag_decorator.py
[2024-10-20T10:46:57.617+0000] {processor.py:830} INFO - Processing file /home/airflow/.local/lib/python3.8/site-packages/airflow/example_dags/example_dag_decorator.py for tasks to queue
[2024-10-20T10:46:57.618+0000] {logging_mixin.py:188} INFO - [2024-10-20T10:46:57.618+0000] {dagbag.py:540} INFO - Filling up the DagBag from /home/airflow/.local/lib/python3.8/site-packages/airflow/example_dags/example_dag_decorator.py
[2024-10-20T10:46:57.700+0000] {processor.py:840} INFO - DAG(s) 'example_dag_decorator' retrieved from /home/airflow/.local/lib/python3.8/site-packages/airflow/example_dags/example_dag_decorator.py
[2024-10-20T10:46:57.858+0000] {logging_mixin.py:188} INFO - [2024-10-20T10:46:57.858+0000] {dag.py:3047} INFO - Sync 1 DAGs
[2024-10-20T10:46:57.875+0000] {logging_mixin.py:188} INFO - [2024-10-20T10:46:57.874+0000] {dag.py:3834} INFO - Setting next_dagrun for example_dag_decorator to None, run_after=None
[2024-10-20T10:46:57.899+0000] {processor.py:183} INFO - Processing /home/airflow/.local/lib/python3.8/site-packages/airflow/example_dags/example_dag_decorator.py took 0.286 seconds
[2024-10-20T10:47:28.038+0000] {processor.py:161} INFO - Started process (PID=1372) to work on /home/airflow/.local/lib/python3.8/site-packages/airflow/example_dags/example_dag_decorator.py
[2024-10-20T10:47:28.040+0000] {processor.py:830} INFO - Processing file /home/airflow/.local/lib/python3.8/site-packages/airflow/example_dags/example_dag_decorator.py for tasks to queue
[2024-10-20T10:47:28.041+0000] {logging_mixin.py:188} INFO - [2024-10-20T10:47:28.041+0000] {dagbag.py:540} INFO - Filling up the DagBag from /home/airflow/.local/lib/python3.8/site-packages/airflow/example_dags/example_dag_decorator.py
[2024-10-20T10:47:28.104+0000] {processor.py:840} INFO - DAG(s) 'example_dag_decorator' retrieved from /home/airflow/.local/lib/python3.8/site-packages/airflow/example_dags/example_dag_decorator.py
[2024-10-20T10:47:28.124+0000] {logging_mixin.py:188} INFO - [2024-10-20T10:47:28.124+0000] {dag.py:3047} INFO - Sync 1 DAGs
[2024-10-20T10:47:28.136+0000] {logging_mixin.py:188} INFO - [2024-10-20T10:47:28.136+0000] {dag.py:3834} INFO - Setting next_dagrun for example_dag_decorator to None, run_after=None
[2024-10-20T10:47:28.156+0000] {processor.py:183} INFO - Processing /home/airflow/.local/lib/python3.8/site-packages/airflow/example_dags/example_dag_decorator.py took 0.120 seconds
[2024-10-20T10:47:58.449+0000] {processor.py:161} INFO - Started process (PID=1428) to work on /home/airflow/.local/lib/python3.8/site-packages/airflow/example_dags/example_dag_decorator.py
[2024-10-20T10:47:58.450+0000] {processor.py:830} INFO - Processing file /home/airflow/.local/lib/python3.8/site-packages/airflow/example_dags/example_dag_decorator.py for tasks to queue
[2024-10-20T10:47:58.451+0000] {logging_mixin.py:188} INFO - [2024-10-20T10:47:58.451+0000] {dagbag.py:540} INFO - Filling up the DagBag from /home/airflow/.local/lib/python3.8/site-packages/airflow/example_dags/example_dag_decorator.py
[2024-10-20T10:47:58.520+0000] {processor.py:840} INFO - DAG(s) 'example_dag_decorator' retrieved from /home/airflow/.local/lib/python3.8/site-packages/airflow/example_dags/example_dag_decorator.py
[2024-10-20T10:47:58.603+0000] {logging_mixin.py:188} INFO - [2024-10-20T10:47:58.603+0000] {dag.py:3047} INFO - Sync 1 DAGs
[2024-10-20T10:47:58.612+0000] {logging_mixin.py:188} INFO - [2024-10-20T10:47:58.611+0000] {dag.py:3834} INFO - Setting next_dagrun for example_dag_decorator to None, run_after=None
[2024-10-20T10:47:58.626+0000] {processor.py:183} INFO - Processing /home/airflow/.local/lib/python3.8/site-packages/airflow/example_dags/example_dag_decorator.py took 0.180 seconds
[2024-10-20T10:48:28.690+0000] {processor.py:161} INFO - Started process (PID=1484) to work on /home/airflow/.local/lib/python3.8/site-packages/airflow/example_dags/example_dag_decorator.py
[2024-10-20T10:48:28.692+0000] {processor.py:830} INFO - Processing file /home/airflow/.local/lib/python3.8/site-packages/airflow/example_dags/example_dag_decorator.py for tasks to queue
[2024-10-20T10:48:28.693+0000] {logging_mixin.py:188} INFO - [2024-10-20T10:48:28.693+0000] {dagbag.py:540} INFO - Filling up the DagBag from /home/airflow/.local/lib/python3.8/site-packages/airflow/example_dags/example_dag_decorator.py
[2024-10-20T10:48:28.767+0000] {processor.py:840} INFO - DAG(s) 'example_dag_decorator' retrieved from /home/airflow/.local/lib/python3.8/site-packages/airflow/example_dags/example_dag_decorator.py
[2024-10-20T10:48:28.802+0000] {logging_mixin.py:188} INFO - [2024-10-20T10:48:28.801+0000] {dag.py:3047} INFO - Sync 1 DAGs
[2024-10-20T10:48:28.823+0000] {logging_mixin.py:188} INFO - [2024-10-20T10:48:28.823+0000] {dag.py:3834} INFO - Setting next_dagrun for example_dag_decorator to None, run_after=None
[2024-10-20T10:48:28.844+0000] {processor.py:183} INFO - Processing /home/airflow/.local/lib/python3.8/site-packages/airflow/example_dags/example_dag_decorator.py took 0.157 seconds
[2024-10-20T10:48:58.936+0000] {processor.py:161} INFO - Started process (PID=1540) to work on /home/airflow/.local/lib/python3.8/site-packages/airflow/example_dags/example_dag_decorator.py
[2024-10-20T10:48:58.937+0000] {processor.py:830} INFO - Processing file /home/airflow/.local/lib/python3.8/site-packages/airflow/example_dags/example_dag_decorator.py for tasks to queue
[2024-10-20T10:48:58.939+0000] {logging_mixin.py:188} INFO - [2024-10-20T10:48:58.939+0000] {dagbag.py:540} INFO - Filling up the DagBag from /home/airflow/.local/lib/python3.8/site-packages/airflow/example_dags/example_dag_decorator.py
[2024-10-20T10:48:59.008+0000] {processor.py:840} INFO - DAG(s) 'example_dag_decorator' retrieved from /home/airflow/.local/lib/python3.8/site-packages/airflow/example_dags/example_dag_decorator.py
[2024-10-20T10:48:59.084+0000] {logging_mixin.py:188} INFO - [2024-10-20T10:48:59.084+0000] {dag.py:3047} INFO - Sync 1 DAGs
[2024-10-20T10:48:59.091+0000] {logging_mixin.py:188} INFO - [2024-10-20T10:48:59.091+0000] {dag.py:3834} INFO - Setting next_dagrun for example_dag_decorator to None, run_after=None
[2024-10-20T10:48:59.108+0000] {processor.py:183} INFO - Processing /home/airflow/.local/lib/python3.8/site-packages/airflow/example_dags/example_dag_decorator.py took 0.175 seconds
[2024-10-20T10:49:29.307+0000] {processor.py:161} INFO - Started process (PID=1596) to work on /home/airflow/.local/lib/python3.8/site-packages/airflow/example_dags/example_dag_decorator.py
[2024-10-20T10:49:29.309+0000] {processor.py:830} INFO - Processing file /home/airflow/.local/lib/python3.8/site-packages/airflow/example_dags/example_dag_decorator.py for tasks to queue
[2024-10-20T10:49:29.310+0000] {logging_mixin.py:188} INFO - [2024-10-20T10:49:29.310+0000] {dagbag.py:540} INFO - Filling up the DagBag from /home/airflow/.local/lib/python3.8/site-packages/airflow/example_dags/example_dag_decorator.py
[2024-10-20T10:49:29.373+0000] {processor.py:840} INFO - DAG(s) 'example_dag_decorator' retrieved from /home/airflow/.local/lib/python3.8/site-packages/airflow/example_dags/example_dag_decorator.py
[2024-10-20T10:49:29.447+0000] {logging_mixin.py:188} INFO - [2024-10-20T10:49:29.446+0000] {dag.py:3047} INFO - Sync 1 DAGs
[2024-10-20T10:49:29.454+0000] {logging_mixin.py:188} INFO - [2024-10-20T10:49:29.453+0000] {dag.py:3834} INFO - Setting next_dagrun for example_dag_decorator to None, run_after=None
[2024-10-20T10:49:29.469+0000] {processor.py:183} INFO - Processing /home/airflow/.local/lib/python3.8/site-packages/airflow/example_dags/example_dag_decorator.py took 0.165 seconds
[2024-10-20T10:49:59.766+0000] {processor.py:161} INFO - Started process (PID=1652) to work on /home/airflow/.local/lib/python3.8/site-packages/airflow/example_dags/example_dag_decorator.py
[2024-10-20T10:49:59.769+0000] {processor.py:830} INFO - Processing file /home/airflow/.local/lib/python3.8/site-packages/airflow/example_dags/example_dag_decorator.py for tasks to queue
[2024-10-20T10:49:59.771+0000] {logging_mixin.py:188} INFO - [2024-10-20T10:49:59.771+0000] {dagbag.py:540} INFO - Filling up the DagBag from /home/airflow/.local/lib/python3.8/site-packages/airflow/example_dags/example_dag_decorator.py
[2024-10-20T10:49:59.833+0000] {processor.py:840} INFO - DAG(s) 'example_dag_decorator' retrieved from /home/airflow/.local/lib/python3.8/site-packages/airflow/example_dags/example_dag_decorator.py
[2024-10-20T10:49:59.910+0000] {logging_mixin.py:188} INFO - [2024-10-20T10:49:59.910+0000] {dag.py:3047} INFO - Sync 1 DAGs
[2024-10-20T10:49:59.920+0000] {logging_mixin.py:188} INFO - [2024-10-20T10:49:59.920+0000] {dag.py:3834} INFO - Setting next_dagrun for example_dag_decorator to None, run_after=None
[2024-10-20T10:49:59.936+0000] {processor.py:183} INFO - Processing /home/airflow/.local/lib/python3.8/site-packages/airflow/example_dags/example_dag_decorator.py took 0.172 seconds
[2024-10-20T10:50:30.014+0000] {processor.py:161} INFO - Started process (PID=1710) to work on /home/airflow/.local/lib/python3.8/site-packages/airflow/example_dags/example_dag_decorator.py
[2024-10-20T10:50:30.015+0000] {processor.py:830} INFO - Processing file /home/airflow/.local/lib/python3.8/site-packages/airflow/example_dags/example_dag_decorator.py for tasks to queue
[2024-10-20T10:50:30.017+0000] {logging_mixin.py:188} INFO - [2024-10-20T10:50:30.016+0000] {dagbag.py:540} INFO - Filling up the DagBag from /home/airflow/.local/lib/python3.8/site-packages/airflow/example_dags/example_dag_decorator.py
[2024-10-20T10:50:30.084+0000] {processor.py:840} INFO - DAG(s) 'example_dag_decorator' retrieved from /home/airflow/.local/lib/python3.8/site-packages/airflow/example_dags/example_dag_decorator.py
[2024-10-20T10:50:30.160+0000] {logging_mixin.py:188} INFO - [2024-10-20T10:50:30.160+0000] {dag.py:3047} INFO - Sync 1 DAGs
[2024-10-20T10:50:30.167+0000] {logging_mixin.py:188} INFO - [2024-10-20T10:50:30.167+0000] {dag.py:3834} INFO - Setting next_dagrun for example_dag_decorator to None, run_after=None
[2024-10-20T10:50:30.180+0000] {processor.py:183} INFO - Processing /home/airflow/.local/lib/python3.8/site-packages/airflow/example_dags/example_dag_decorator.py took 0.169 seconds
[2024-10-20T10:51:01.118+0000] {processor.py:161} INFO - Started process (PID=1767) to work on /home/airflow/.local/lib/python3.8/site-packages/airflow/example_dags/example_dag_decorator.py
[2024-10-20T10:51:01.119+0000] {processor.py:830} INFO - Processing file /home/airflow/.local/lib/python3.8/site-packages/airflow/example_dags/example_dag_decorator.py for tasks to queue
[2024-10-20T10:51:01.121+0000] {logging_mixin.py:188} INFO - [2024-10-20T10:51:01.121+0000] {dagbag.py:540} INFO - Filling up the DagBag from /home/airflow/.local/lib/python3.8/site-packages/airflow/example_dags/example_dag_decorator.py
[2024-10-20T10:51:01.190+0000] {processor.py:840} INFO - DAG(s) 'example_dag_decorator' retrieved from /home/airflow/.local/lib/python3.8/site-packages/airflow/example_dags/example_dag_decorator.py
[2024-10-20T10:51:01.263+0000] {logging_mixin.py:188} INFO - [2024-10-20T10:51:01.263+0000] {dag.py:3047} INFO - Sync 1 DAGs
[2024-10-20T10:51:01.270+0000] {logging_mixin.py:188} INFO - [2024-10-20T10:51:01.270+0000] {dag.py:3834} INFO - Setting next_dagrun for example_dag_decorator to None, run_after=None
[2024-10-20T10:51:01.285+0000] {processor.py:183} INFO - Processing /home/airflow/.local/lib/python3.8/site-packages/airflow/example_dags/example_dag_decorator.py took 0.169 seconds
[2024-10-20T10:51:31.347+0000] {processor.py:161} INFO - Started process (PID=1825) to work on /home/airflow/.local/lib/python3.8/site-packages/airflow/example_dags/example_dag_decorator.py
[2024-10-20T10:51:31.347+0000] {processor.py:830} INFO - Processing file /home/airflow/.local/lib/python3.8/site-packages/airflow/example_dags/example_dag_decorator.py for tasks to queue
[2024-10-20T10:51:31.349+0000] {logging_mixin.py:188} INFO - [2024-10-20T10:51:31.349+0000] {dagbag.py:540} INFO - Filling up the DagBag from /home/airflow/.local/lib/python3.8/site-packages/airflow/example_dags/example_dag_decorator.py
[2024-10-20T10:51:31.408+0000] {processor.py:840} INFO - DAG(s) 'example_dag_decorator' retrieved from /home/airflow/.local/lib/python3.8/site-packages/airflow/example_dags/example_dag_decorator.py
[2024-10-20T10:51:31.474+0000] {logging_mixin.py:188} INFO - [2024-10-20T10:51:31.474+0000] {dag.py:3047} INFO - Sync 1 DAGs
[2024-10-20T10:51:31.481+0000] {logging_mixin.py:188} INFO - [2024-10-20T10:51:31.481+0000] {dag.py:3834} INFO - Setting next_dagrun for example_dag_decorator to None, run_after=None
[2024-10-20T10:51:31.493+0000] {processor.py:183} INFO - Processing /home/airflow/.local/lib/python3.8/site-packages/airflow/example_dags/example_dag_decorator.py took 0.149 seconds
[2024-10-20T10:52:01.561+0000] {processor.py:161} INFO - Started process (PID=1879) to work on /home/airflow/.local/lib/python3.8/site-packages/airflow/example_dags/example_dag_decorator.py
[2024-10-20T10:52:01.563+0000] {processor.py:830} INFO - Processing file /home/airflow/.local/lib/python3.8/site-packages/airflow/example_dags/example_dag_decorator.py for tasks to queue
[2024-10-20T10:52:01.565+0000] {logging_mixin.py:188} INFO - [2024-10-20T10:52:01.565+0000] {dagbag.py:540} INFO - Filling up the DagBag from /home/airflow/.local/lib/python3.8/site-packages/airflow/example_dags/example_dag_decorator.py
[2024-10-20T10:52:01.627+0000] {processor.py:840} INFO - DAG(s) 'example_dag_decorator' retrieved from /home/airflow/.local/lib/python3.8/site-packages/airflow/example_dags/example_dag_decorator.py
[2024-10-20T10:52:01.703+0000] {logging_mixin.py:188} INFO - [2024-10-20T10:52:01.702+0000] {dag.py:3047} INFO - Sync 1 DAGs
[2024-10-20T10:52:01.710+0000] {logging_mixin.py:188} INFO - [2024-10-20T10:52:01.710+0000] {dag.py:3834} INFO - Setting next_dagrun for example_dag_decorator to None, run_after=None
[2024-10-20T10:52:01.728+0000] {processor.py:183} INFO - Processing /home/airflow/.local/lib/python3.8/site-packages/airflow/example_dags/example_dag_decorator.py took 0.170 seconds
[2024-10-20T10:52:31.761+0000] {processor.py:161} INFO - Started process (PID=1936) to work on /home/airflow/.local/lib/python3.8/site-packages/airflow/example_dags/example_dag_decorator.py
[2024-10-20T10:52:31.762+0000] {processor.py:830} INFO - Processing file /home/airflow/.local/lib/python3.8/site-packages/airflow/example_dags/example_dag_decorator.py for tasks to queue
[2024-10-20T10:52:31.763+0000] {logging_mixin.py:188} INFO - [2024-10-20T10:52:31.763+0000] {dagbag.py:540} INFO - Filling up the DagBag from /home/airflow/.local/lib/python3.8/site-packages/airflow/example_dags/example_dag_decorator.py
[2024-10-20T10:52:31.825+0000] {processor.py:840} INFO - DAG(s) 'example_dag_decorator' retrieved from /home/airflow/.local/lib/python3.8/site-packages/airflow/example_dags/example_dag_decorator.py
[2024-10-20T10:52:31.892+0000] {logging_mixin.py:188} INFO - [2024-10-20T10:52:31.892+0000] {dag.py:3047} INFO - Sync 1 DAGs
[2024-10-20T10:52:31.898+0000] {logging_mixin.py:188} INFO - [2024-10-20T10:52:31.898+0000] {dag.py:3834} INFO - Setting next_dagrun for example_dag_decorator to None, run_after=None
[2024-10-20T10:52:31.910+0000] {processor.py:183} INFO - Processing /home/airflow/.local/lib/python3.8/site-packages/airflow/example_dags/example_dag_decorator.py took 0.151 seconds
[2024-10-20T10:53:02.848+0000] {processor.py:161} INFO - Started process (PID=1992) to work on /home/airflow/.local/lib/python3.8/site-packages/airflow/example_dags/example_dag_decorator.py
[2024-10-20T10:53:02.849+0000] {processor.py:830} INFO - Processing file /home/airflow/.local/lib/python3.8/site-packages/airflow/example_dags/example_dag_decorator.py for tasks to queue
[2024-10-20T10:53:02.851+0000] {logging_mixin.py:188} INFO - [2024-10-20T10:53:02.850+0000] {dagbag.py:540} INFO - Filling up the DagBag from /home/airflow/.local/lib/python3.8/site-packages/airflow/example_dags/example_dag_decorator.py
[2024-10-20T10:53:02.916+0000] {processor.py:840} INFO - DAG(s) 'example_dag_decorator' retrieved from /home/airflow/.local/lib/python3.8/site-packages/airflow/example_dags/example_dag_decorator.py
[2024-10-20T10:53:02.987+0000] {logging_mixin.py:188} INFO - [2024-10-20T10:53:02.987+0000] {dag.py:3047} INFO - Sync 1 DAGs
[2024-10-20T10:53:03.098+0000] {logging_mixin.py:188} INFO - [2024-10-20T10:53:03.098+0000] {dag.py:3834} INFO - Setting next_dagrun for example_dag_decorator to None, run_after=None
[2024-10-20T10:53:03.118+0000] {processor.py:183} INFO - Processing /home/airflow/.local/lib/python3.8/site-packages/airflow/example_dags/example_dag_decorator.py took 0.272 seconds
[2024-10-20T10:53:33.193+0000] {processor.py:161} INFO - Started process (PID=2051) to work on /home/airflow/.local/lib/python3.8/site-packages/airflow/example_dags/example_dag_decorator.py
[2024-10-20T10:53:33.194+0000] {processor.py:830} INFO - Processing file /home/airflow/.local/lib/python3.8/site-packages/airflow/example_dags/example_dag_decorator.py for tasks to queue
[2024-10-20T10:53:33.196+0000] {logging_mixin.py:188} INFO - [2024-10-20T10:53:33.196+0000] {dagbag.py:540} INFO - Filling up the DagBag from /home/airflow/.local/lib/python3.8/site-packages/airflow/example_dags/example_dag_decorator.py
[2024-10-20T10:53:33.268+0000] {processor.py:840} INFO - DAG(s) 'example_dag_decorator' retrieved from /home/airflow/.local/lib/python3.8/site-packages/airflow/example_dags/example_dag_decorator.py
[2024-10-20T10:53:33.343+0000] {logging_mixin.py:188} INFO - [2024-10-20T10:53:33.343+0000] {dag.py:3047} INFO - Sync 1 DAGs
[2024-10-20T10:53:33.476+0000] {logging_mixin.py:188} INFO - [2024-10-20T10:53:33.476+0000] {dag.py:3834} INFO - Setting next_dagrun for example_dag_decorator to None, run_after=None
[2024-10-20T10:53:33.492+0000] {processor.py:183} INFO - Processing /home/airflow/.local/lib/python3.8/site-packages/airflow/example_dags/example_dag_decorator.py took 0.302 seconds
[2024-10-20T10:54:04.206+0000] {processor.py:161} INFO - Started process (PID=2107) to work on /home/airflow/.local/lib/python3.8/site-packages/airflow/example_dags/example_dag_decorator.py
[2024-10-20T10:54:04.209+0000] {processor.py:830} INFO - Processing file /home/airflow/.local/lib/python3.8/site-packages/airflow/example_dags/example_dag_decorator.py for tasks to queue
[2024-10-20T10:54:04.211+0000] {logging_mixin.py:188} INFO - [2024-10-20T10:54:04.211+0000] {dagbag.py:540} INFO - Filling up the DagBag from /home/airflow/.local/lib/python3.8/site-packages/airflow/example_dags/example_dag_decorator.py
[2024-10-20T10:54:04.275+0000] {processor.py:840} INFO - DAG(s) 'example_dag_decorator' retrieved from /home/airflow/.local/lib/python3.8/site-packages/airflow/example_dags/example_dag_decorator.py
[2024-10-20T10:54:04.350+0000] {logging_mixin.py:188} INFO - [2024-10-20T10:54:04.350+0000] {dag.py:3047} INFO - Sync 1 DAGs
[2024-10-20T10:54:04.358+0000] {logging_mixin.py:188} INFO - [2024-10-20T10:54:04.358+0000] {dag.py:3834} INFO - Setting next_dagrun for example_dag_decorator to None, run_after=None
[2024-10-20T10:54:04.474+0000] {processor.py:183} INFO - Processing /home/airflow/.local/lib/python3.8/site-packages/airflow/example_dags/example_dag_decorator.py took 0.270 seconds
[2024-10-20T10:54:34.590+0000] {processor.py:161} INFO - Started process (PID=2166) to work on /home/airflow/.local/lib/python3.8/site-packages/airflow/example_dags/example_dag_decorator.py
[2024-10-20T10:54:34.591+0000] {processor.py:830} INFO - Processing file /home/airflow/.local/lib/python3.8/site-packages/airflow/example_dags/example_dag_decorator.py for tasks to queue
[2024-10-20T10:54:34.592+0000] {logging_mixin.py:188} INFO - [2024-10-20T10:54:34.592+0000] {dagbag.py:540} INFO - Filling up the DagBag from /home/airflow/.local/lib/python3.8/site-packages/airflow/example_dags/example_dag_decorator.py
[2024-10-20T10:54:34.658+0000] {processor.py:840} INFO - DAG(s) 'example_dag_decorator' retrieved from /home/airflow/.local/lib/python3.8/site-packages/airflow/example_dags/example_dag_decorator.py
[2024-10-20T10:54:34.736+0000] {logging_mixin.py:188} INFO - [2024-10-20T10:54:34.736+0000] {dag.py:3047} INFO - Sync 1 DAGs
[2024-10-20T10:54:34.745+0000] {logging_mixin.py:188} INFO - [2024-10-20T10:54:34.744+0000] {dag.py:3834} INFO - Setting next_dagrun for example_dag_decorator to None, run_after=None
[2024-10-20T10:54:34.893+0000] {processor.py:183} INFO - Processing /home/airflow/.local/lib/python3.8/site-packages/airflow/example_dags/example_dag_decorator.py took 0.307 seconds
[2024-10-20T10:55:05.007+0000] {processor.py:161} INFO - Started process (PID=2224) to work on /home/airflow/.local/lib/python3.8/site-packages/airflow/example_dags/example_dag_decorator.py
[2024-10-20T10:55:05.009+0000] {processor.py:830} INFO - Processing file /home/airflow/.local/lib/python3.8/site-packages/airflow/example_dags/example_dag_decorator.py for tasks to queue
[2024-10-20T10:55:05.011+0000] {logging_mixin.py:188} INFO - [2024-10-20T10:55:05.011+0000] {dagbag.py:540} INFO - Filling up the DagBag from /home/airflow/.local/lib/python3.8/site-packages/airflow/example_dags/example_dag_decorator.py
[2024-10-20T10:55:05.073+0000] {processor.py:840} INFO - DAG(s) 'example_dag_decorator' retrieved from /home/airflow/.local/lib/python3.8/site-packages/airflow/example_dags/example_dag_decorator.py
[2024-10-20T10:55:05.141+0000] {logging_mixin.py:188} INFO - [2024-10-20T10:55:05.141+0000] {dag.py:3047} INFO - Sync 1 DAGs
[2024-10-20T10:55:05.152+0000] {logging_mixin.py:188} INFO - [2024-10-20T10:55:05.152+0000] {dag.py:3834} INFO - Setting next_dagrun for example_dag_decorator to None, run_after=None
[2024-10-20T10:55:05.277+0000] {processor.py:183} INFO - Processing /home/airflow/.local/lib/python3.8/site-packages/airflow/example_dags/example_dag_decorator.py took 0.273 seconds
[2024-10-20T10:55:35.727+0000] {processor.py:161} INFO - Started process (PID=2274) to work on /home/airflow/.local/lib/python3.8/site-packages/airflow/example_dags/example_dag_decorator.py
[2024-10-20T10:55:35.729+0000] {processor.py:830} INFO - Processing file /home/airflow/.local/lib/python3.8/site-packages/airflow/example_dags/example_dag_decorator.py for tasks to queue
[2024-10-20T10:55:35.730+0000] {logging_mixin.py:188} INFO - [2024-10-20T10:55:35.730+0000] {dagbag.py:540} INFO - Filling up the DagBag from /home/airflow/.local/lib/python3.8/site-packages/airflow/example_dags/example_dag_decorator.py
[2024-10-20T10:55:35.803+0000] {processor.py:840} INFO - DAG(s) 'example_dag_decorator' retrieved from /home/airflow/.local/lib/python3.8/site-packages/airflow/example_dags/example_dag_decorator.py
[2024-10-20T10:55:35.989+0000] {logging_mixin.py:188} INFO - [2024-10-20T10:55:35.989+0000] {dag.py:3047} INFO - Sync 1 DAGs
[2024-10-20T10:55:35.996+0000] {logging_mixin.py:188} INFO - [2024-10-20T10:55:35.996+0000] {dag.py:3834} INFO - Setting next_dagrun for example_dag_decorator to None, run_after=None
[2024-10-20T10:55:36.014+0000] {processor.py:183} INFO - Processing /home/airflow/.local/lib/python3.8/site-packages/airflow/example_dags/example_dag_decorator.py took 0.289 seconds
[2024-10-20T10:56:06.051+0000] {processor.py:161} INFO - Started process (PID=2333) to work on /home/airflow/.local/lib/python3.8/site-packages/airflow/example_dags/example_dag_decorator.py
[2024-10-20T10:56:06.052+0000] {processor.py:830} INFO - Processing file /home/airflow/.local/lib/python3.8/site-packages/airflow/example_dags/example_dag_decorator.py for tasks to queue
[2024-10-20T10:56:06.054+0000] {logging_mixin.py:188} INFO - [2024-10-20T10:56:06.054+0000] {dagbag.py:540} INFO - Filling up the DagBag from /home/airflow/.local/lib/python3.8/site-packages/airflow/example_dags/example_dag_decorator.py
[2024-10-20T10:56:06.120+0000] {processor.py:840} INFO - DAG(s) 'example_dag_decorator' retrieved from /home/airflow/.local/lib/python3.8/site-packages/airflow/example_dags/example_dag_decorator.py
[2024-10-20T10:56:06.292+0000] {logging_mixin.py:188} INFO - [2024-10-20T10:56:06.292+0000] {dag.py:3047} INFO - Sync 1 DAGs
[2024-10-20T10:56:06.300+0000] {logging_mixin.py:188} INFO - [2024-10-20T10:56:06.300+0000] {dag.py:3834} INFO - Setting next_dagrun for example_dag_decorator to None, run_after=None
[2024-10-20T10:56:06.320+0000] {processor.py:183} INFO - Processing /home/airflow/.local/lib/python3.8/site-packages/airflow/example_dags/example_dag_decorator.py took 0.271 seconds
[2024-10-20T10:56:36.386+0000] {processor.py:161} INFO - Started process (PID=2390) to work on /home/airflow/.local/lib/python3.8/site-packages/airflow/example_dags/example_dag_decorator.py
[2024-10-20T10:56:36.387+0000] {processor.py:830} INFO - Processing file /home/airflow/.local/lib/python3.8/site-packages/airflow/example_dags/example_dag_decorator.py for tasks to queue
[2024-10-20T10:56:36.388+0000] {logging_mixin.py:188} INFO - [2024-10-20T10:56:36.388+0000] {dagbag.py:540} INFO - Filling up the DagBag from /home/airflow/.local/lib/python3.8/site-packages/airflow/example_dags/example_dag_decorator.py
[2024-10-20T10:56:36.459+0000] {processor.py:840} INFO - DAG(s) 'example_dag_decorator' retrieved from /home/airflow/.local/lib/python3.8/site-packages/airflow/example_dags/example_dag_decorator.py
[2024-10-20T10:56:36.663+0000] {logging_mixin.py:188} INFO - [2024-10-20T10:56:36.662+0000] {dag.py:3047} INFO - Sync 1 DAGs
[2024-10-20T10:56:36.672+0000] {logging_mixin.py:188} INFO - [2024-10-20T10:56:36.672+0000] {dag.py:3834} INFO - Setting next_dagrun for example_dag_decorator to None, run_after=None
[2024-10-20T10:56:36.694+0000] {processor.py:183} INFO - Processing /home/airflow/.local/lib/python3.8/site-packages/airflow/example_dags/example_dag_decorator.py took 0.311 seconds
[2024-10-20T10:57:06.973+0000] {processor.py:161} INFO - Started process (PID=2450) to work on /home/airflow/.local/lib/python3.8/site-packages/airflow/example_dags/example_dag_decorator.py
[2024-10-20T10:57:06.974+0000] {processor.py:830} INFO - Processing file /home/airflow/.local/lib/python3.8/site-packages/airflow/example_dags/example_dag_decorator.py for tasks to queue
[2024-10-20T10:57:06.976+0000] {logging_mixin.py:188} INFO - [2024-10-20T10:57:06.975+0000] {dagbag.py:540} INFO - Filling up the DagBag from /home/airflow/.local/lib/python3.8/site-packages/airflow/example_dags/example_dag_decorator.py
[2024-10-20T10:57:07.042+0000] {processor.py:840} INFO - DAG(s) 'example_dag_decorator' retrieved from /home/airflow/.local/lib/python3.8/site-packages/airflow/example_dags/example_dag_decorator.py
[2024-10-20T10:57:07.212+0000] {logging_mixin.py:188} INFO - [2024-10-20T10:57:07.212+0000] {dag.py:3047} INFO - Sync 1 DAGs
[2024-10-20T10:57:07.218+0000] {logging_mixin.py:188} INFO - [2024-10-20T10:57:07.218+0000] {dag.py:3834} INFO - Setting next_dagrun for example_dag_decorator to None, run_after=None
[2024-10-20T10:57:07.229+0000] {processor.py:183} INFO - Processing /home/airflow/.local/lib/python3.8/site-packages/airflow/example_dags/example_dag_decorator.py took 0.258 seconds
[2024-10-20T10:57:37.596+0000] {processor.py:161} INFO - Started process (PID=2506) to work on /home/airflow/.local/lib/python3.8/site-packages/airflow/example_dags/example_dag_decorator.py
[2024-10-20T10:57:37.601+0000] {processor.py:830} INFO - Processing file /home/airflow/.local/lib/python3.8/site-packages/airflow/example_dags/example_dag_decorator.py for tasks to queue
[2024-10-20T10:57:37.604+0000] {logging_mixin.py:188} INFO - [2024-10-20T10:57:37.604+0000] {dagbag.py:540} INFO - Filling up the DagBag from /home/airflow/.local/lib/python3.8/site-packages/airflow/example_dags/example_dag_decorator.py
[2024-10-20T10:57:37.689+0000] {processor.py:840} INFO - DAG(s) 'example_dag_decorator' retrieved from /home/airflow/.local/lib/python3.8/site-packages/airflow/example_dags/example_dag_decorator.py
[2024-10-20T10:57:38.032+0000] {logging_mixin.py:188} INFO - [2024-10-20T10:57:38.032+0000] {dag.py:3047} INFO - Sync 1 DAGs
[2024-10-20T10:57:38.038+0000] {logging_mixin.py:188} INFO - [2024-10-20T10:57:38.038+0000] {dag.py:3834} INFO - Setting next_dagrun for example_dag_decorator to None, run_after=None
[2024-10-20T10:57:38.050+0000] {processor.py:183} INFO - Processing /home/airflow/.local/lib/python3.8/site-packages/airflow/example_dags/example_dag_decorator.py took 0.457 seconds
[2024-10-20T10:58:08.077+0000] {processor.py:161} INFO - Started process (PID=2565) to work on /home/airflow/.local/lib/python3.8/site-packages/airflow/example_dags/example_dag_decorator.py
[2024-10-20T10:58:08.078+0000] {processor.py:830} INFO - Processing file /home/airflow/.local/lib/python3.8/site-packages/airflow/example_dags/example_dag_decorator.py for tasks to queue
[2024-10-20T10:58:08.079+0000] {logging_mixin.py:188} INFO - [2024-10-20T10:58:08.079+0000] {dagbag.py:540} INFO - Filling up the DagBag from /home/airflow/.local/lib/python3.8/site-packages/airflow/example_dags/example_dag_decorator.py
[2024-10-20T10:58:08.141+0000] {processor.py:840} INFO - DAG(s) 'example_dag_decorator' retrieved from /home/airflow/.local/lib/python3.8/site-packages/airflow/example_dags/example_dag_decorator.py
[2024-10-20T10:58:08.319+0000] {logging_mixin.py:188} INFO - [2024-10-20T10:58:08.319+0000] {dag.py:3047} INFO - Sync 1 DAGs
[2024-10-20T10:58:08.325+0000] {logging_mixin.py:188} INFO - [2024-10-20T10:58:08.325+0000] {dag.py:3834} INFO - Setting next_dagrun for example_dag_decorator to None, run_after=None
[2024-10-20T10:58:08.336+0000] {processor.py:183} INFO - Processing /home/airflow/.local/lib/python3.8/site-packages/airflow/example_dags/example_dag_decorator.py took 0.262 seconds
[2024-10-20T10:58:38.375+0000] {processor.py:161} INFO - Started process (PID=2621) to work on /home/airflow/.local/lib/python3.8/site-packages/airflow/example_dags/example_dag_decorator.py
[2024-10-20T10:58:38.376+0000] {processor.py:830} INFO - Processing file /home/airflow/.local/lib/python3.8/site-packages/airflow/example_dags/example_dag_decorator.py for tasks to queue
[2024-10-20T10:58:38.378+0000] {logging_mixin.py:188} INFO - [2024-10-20T10:58:38.377+0000] {dagbag.py:540} INFO - Filling up the DagBag from /home/airflow/.local/lib/python3.8/site-packages/airflow/example_dags/example_dag_decorator.py
[2024-10-20T10:58:38.438+0000] {processor.py:840} INFO - DAG(s) 'example_dag_decorator' retrieved from /home/airflow/.local/lib/python3.8/site-packages/airflow/example_dags/example_dag_decorator.py
[2024-10-20T10:58:38.597+0000] {logging_mixin.py:188} INFO - [2024-10-20T10:58:38.597+0000] {dag.py:3047} INFO - Sync 1 DAGs
[2024-10-20T10:58:38.603+0000] {logging_mixin.py:188} INFO - [2024-10-20T10:58:38.603+0000] {dag.py:3834} INFO - Setting next_dagrun for example_dag_decorator to None, run_after=None
[2024-10-20T10:58:38.614+0000] {processor.py:183} INFO - Processing /home/airflow/.local/lib/python3.8/site-packages/airflow/example_dags/example_dag_decorator.py took 0.242 seconds
