[2024-10-20T10:20:20.862+0000] {processor.py:161} INFO - Started process (PID=109) to work on /home/airflow/.local/lib/python3.8/site-packages/airflow/example_dags/example_skip_dag.py
[2024-10-20T10:20:20.864+0000] {processor.py:830} INFO - Processing file /home/airflow/.local/lib/python3.8/site-packages/airflow/example_dags/example_skip_dag.py for tasks to queue
[2024-10-20T10:20:20.867+0000] {logging_mixin.py:188} INFO - [2024-10-20T10:20:20.866+0000] {dagbag.py:540} INFO - Filling up the DagBag from /home/airflow/.local/lib/python3.8/site-packages/airflow/example_dags/example_skip_dag.py
[2024-10-20T10:20:20.885+0000] {processor.py:840} INFO - DAG(s) 'example_skip_dag' retrieved from /home/airflow/.local/lib/python3.8/site-packages/airflow/example_dags/example_skip_dag.py
[2024-10-20T10:20:21.143+0000] {logging_mixin.py:188} INFO - [2024-10-20T10:20:21.142+0000] {dag.py:3047} INFO - Sync 1 DAGs
[2024-10-20T10:20:21.224+0000] {logging_mixin.py:188} INFO - [2024-10-20T10:20:21.224+0000] {dag.py:3834} INFO - Setting next_dagrun for example_skip_dag to 2024-10-19 00:00:00+00:00, run_after=2024-10-20 00:00:00+00:00
[2024-10-20T10:20:21.262+0000] {processor.py:183} INFO - Processing /home/airflow/.local/lib/python3.8/site-packages/airflow/example_dags/example_skip_dag.py took 0.405 seconds
[2024-10-20T10:20:51.720+0000] {processor.py:161} INFO - Started process (PID=164) to work on /home/airflow/.local/lib/python3.8/site-packages/airflow/example_dags/example_skip_dag.py
[2024-10-20T10:20:51.720+0000] {processor.py:830} INFO - Processing file /home/airflow/.local/lib/python3.8/site-packages/airflow/example_dags/example_skip_dag.py for tasks to queue
[2024-10-20T10:20:51.721+0000] {logging_mixin.py:188} INFO - [2024-10-20T10:20:51.721+0000] {dagbag.py:540} INFO - Filling up the DagBag from /home/airflow/.local/lib/python3.8/site-packages/airflow/example_dags/example_skip_dag.py
[2024-10-20T10:20:51.726+0000] {processor.py:840} INFO - DAG(s) 'example_skip_dag' retrieved from /home/airflow/.local/lib/python3.8/site-packages/airflow/example_dags/example_skip_dag.py
[2024-10-20T10:20:51.742+0000] {logging_mixin.py:188} INFO - [2024-10-20T10:20:51.741+0000] {dag.py:3047} INFO - Sync 1 DAGs
[2024-10-20T10:20:51.755+0000] {logging_mixin.py:188} INFO - [2024-10-20T10:20:51.755+0000] {dag.py:3834} INFO - Setting next_dagrun for example_skip_dag to 2024-10-19 00:00:00+00:00, run_after=2024-10-20 00:00:00+00:00
[2024-10-20T10:20:51.765+0000] {processor.py:183} INFO - Processing /home/airflow/.local/lib/python3.8/site-packages/airflow/example_dags/example_skip_dag.py took 0.048 seconds
[2024-10-20T10:21:22.470+0000] {processor.py:161} INFO - Started process (PID=219) to work on /home/airflow/.local/lib/python3.8/site-packages/airflow/example_dags/example_skip_dag.py
[2024-10-20T10:21:22.474+0000] {processor.py:830} INFO - Processing file /home/airflow/.local/lib/python3.8/site-packages/airflow/example_dags/example_skip_dag.py for tasks to queue
[2024-10-20T10:21:22.475+0000] {logging_mixin.py:188} INFO - [2024-10-20T10:21:22.475+0000] {dagbag.py:540} INFO - Filling up the DagBag from /home/airflow/.local/lib/python3.8/site-packages/airflow/example_dags/example_skip_dag.py
[2024-10-20T10:21:22.480+0000] {processor.py:840} INFO - DAG(s) 'example_skip_dag' retrieved from /home/airflow/.local/lib/python3.8/site-packages/airflow/example_dags/example_skip_dag.py
[2024-10-20T10:21:22.493+0000] {logging_mixin.py:188} INFO - [2024-10-20T10:21:22.493+0000] {dag.py:3047} INFO - Sync 1 DAGs
[2024-10-20T10:21:22.508+0000] {logging_mixin.py:188} INFO - [2024-10-20T10:21:22.508+0000] {dag.py:3834} INFO - Setting next_dagrun for example_skip_dag to 2024-10-19 00:00:00+00:00, run_after=2024-10-20 00:00:00+00:00
[2024-10-20T10:21:22.522+0000] {processor.py:183} INFO - Processing /home/airflow/.local/lib/python3.8/site-packages/airflow/example_dags/example_skip_dag.py took 0.055 seconds
[2024-10-20T10:21:53.437+0000] {processor.py:161} INFO - Started process (PID=274) to work on /home/airflow/.local/lib/python3.8/site-packages/airflow/example_dags/example_skip_dag.py
[2024-10-20T10:21:53.438+0000] {processor.py:830} INFO - Processing file /home/airflow/.local/lib/python3.8/site-packages/airflow/example_dags/example_skip_dag.py for tasks to queue
[2024-10-20T10:21:53.439+0000] {logging_mixin.py:188} INFO - [2024-10-20T10:21:53.439+0000] {dagbag.py:540} INFO - Filling up the DagBag from /home/airflow/.local/lib/python3.8/site-packages/airflow/example_dags/example_skip_dag.py
[2024-10-20T10:21:53.445+0000] {processor.py:840} INFO - DAG(s) 'example_skip_dag' retrieved from /home/airflow/.local/lib/python3.8/site-packages/airflow/example_dags/example_skip_dag.py
[2024-10-20T10:21:53.463+0000] {logging_mixin.py:188} INFO - [2024-10-20T10:21:53.463+0000] {dag.py:3047} INFO - Sync 1 DAGs
[2024-10-20T10:21:53.480+0000] {logging_mixin.py:188} INFO - [2024-10-20T10:21:53.480+0000] {dag.py:3834} INFO - Setting next_dagrun for example_skip_dag to 2024-10-19 00:00:00+00:00, run_after=2024-10-20 00:00:00+00:00
[2024-10-20T10:21:53.494+0000] {processor.py:183} INFO - Processing /home/airflow/.local/lib/python3.8/site-packages/airflow/example_dags/example_skip_dag.py took 0.060 seconds
[2024-10-20T10:22:23.557+0000] {processor.py:161} INFO - Started process (PID=329) to work on /home/airflow/.local/lib/python3.8/site-packages/airflow/example_dags/example_skip_dag.py
[2024-10-20T10:22:23.558+0000] {processor.py:830} INFO - Processing file /home/airflow/.local/lib/python3.8/site-packages/airflow/example_dags/example_skip_dag.py for tasks to queue
[2024-10-20T10:22:23.559+0000] {logging_mixin.py:188} INFO - [2024-10-20T10:22:23.559+0000] {dagbag.py:540} INFO - Filling up the DagBag from /home/airflow/.local/lib/python3.8/site-packages/airflow/example_dags/example_skip_dag.py
[2024-10-20T10:22:23.564+0000] {processor.py:840} INFO - DAG(s) 'example_skip_dag' retrieved from /home/airflow/.local/lib/python3.8/site-packages/airflow/example_dags/example_skip_dag.py
[2024-10-20T10:22:23.579+0000] {logging_mixin.py:188} INFO - [2024-10-20T10:22:23.579+0000] {dag.py:3047} INFO - Sync 1 DAGs
[2024-10-20T10:22:23.593+0000] {logging_mixin.py:188} INFO - [2024-10-20T10:22:23.593+0000] {dag.py:3834} INFO - Setting next_dagrun for example_skip_dag to 2024-10-19 00:00:00+00:00, run_after=2024-10-20 00:00:00+00:00
[2024-10-20T10:22:23.604+0000] {processor.py:183} INFO - Processing /home/airflow/.local/lib/python3.8/site-packages/airflow/example_dags/example_skip_dag.py took 0.050 seconds
[2024-10-20T10:22:53.695+0000] {processor.py:161} INFO - Started process (PID=384) to work on /home/airflow/.local/lib/python3.8/site-packages/airflow/example_dags/example_skip_dag.py
[2024-10-20T10:22:53.696+0000] {processor.py:830} INFO - Processing file /home/airflow/.local/lib/python3.8/site-packages/airflow/example_dags/example_skip_dag.py for tasks to queue
[2024-10-20T10:22:53.697+0000] {logging_mixin.py:188} INFO - [2024-10-20T10:22:53.697+0000] {dagbag.py:540} INFO - Filling up the DagBag from /home/airflow/.local/lib/python3.8/site-packages/airflow/example_dags/example_skip_dag.py
[2024-10-20T10:22:53.702+0000] {processor.py:840} INFO - DAG(s) 'example_skip_dag' retrieved from /home/airflow/.local/lib/python3.8/site-packages/airflow/example_dags/example_skip_dag.py
[2024-10-20T10:22:53.717+0000] {logging_mixin.py:188} INFO - [2024-10-20T10:22:53.717+0000] {dag.py:3047} INFO - Sync 1 DAGs
[2024-10-20T10:22:53.733+0000] {logging_mixin.py:188} INFO - [2024-10-20T10:22:53.732+0000] {dag.py:3834} INFO - Setting next_dagrun for example_skip_dag to 2024-10-19 00:00:00+00:00, run_after=2024-10-20 00:00:00+00:00
[2024-10-20T10:22:53.744+0000] {processor.py:183} INFO - Processing /home/airflow/.local/lib/python3.8/site-packages/airflow/example_dags/example_skip_dag.py took 0.052 seconds
[2024-10-20T10:23:24.511+0000] {processor.py:161} INFO - Started process (PID=439) to work on /home/airflow/.local/lib/python3.8/site-packages/airflow/example_dags/example_skip_dag.py
[2024-10-20T10:23:24.516+0000] {processor.py:830} INFO - Processing file /home/airflow/.local/lib/python3.8/site-packages/airflow/example_dags/example_skip_dag.py for tasks to queue
[2024-10-20T10:23:24.517+0000] {logging_mixin.py:188} INFO - [2024-10-20T10:23:24.517+0000] {dagbag.py:540} INFO - Filling up the DagBag from /home/airflow/.local/lib/python3.8/site-packages/airflow/example_dags/example_skip_dag.py
[2024-10-20T10:23:24.523+0000] {processor.py:840} INFO - DAG(s) 'example_skip_dag' retrieved from /home/airflow/.local/lib/python3.8/site-packages/airflow/example_dags/example_skip_dag.py
[2024-10-20T10:23:24.537+0000] {logging_mixin.py:188} INFO - [2024-10-20T10:23:24.537+0000] {dag.py:3047} INFO - Sync 1 DAGs
[2024-10-20T10:23:24.552+0000] {logging_mixin.py:188} INFO - [2024-10-20T10:23:24.552+0000] {dag.py:3834} INFO - Setting next_dagrun for example_skip_dag to 2024-10-19 00:00:00+00:00, run_after=2024-10-20 00:00:00+00:00
[2024-10-20T10:23:24.563+0000] {processor.py:183} INFO - Processing /home/airflow/.local/lib/python3.8/site-packages/airflow/example_dags/example_skip_dag.py took 0.054 seconds
[2024-10-20T10:23:55.548+0000] {processor.py:161} INFO - Started process (PID=494) to work on /home/airflow/.local/lib/python3.8/site-packages/airflow/example_dags/example_skip_dag.py
[2024-10-20T10:23:55.550+0000] {processor.py:830} INFO - Processing file /home/airflow/.local/lib/python3.8/site-packages/airflow/example_dags/example_skip_dag.py for tasks to queue
[2024-10-20T10:23:55.554+0000] {logging_mixin.py:188} INFO - [2024-10-20T10:23:55.554+0000] {dagbag.py:540} INFO - Filling up the DagBag from /home/airflow/.local/lib/python3.8/site-packages/airflow/example_dags/example_skip_dag.py
[2024-10-20T10:23:55.559+0000] {processor.py:840} INFO - DAG(s) 'example_skip_dag' retrieved from /home/airflow/.local/lib/python3.8/site-packages/airflow/example_dags/example_skip_dag.py
[2024-10-20T10:23:55.572+0000] {logging_mixin.py:188} INFO - [2024-10-20T10:23:55.572+0000] {dag.py:3047} INFO - Sync 1 DAGs
[2024-10-20T10:23:55.587+0000] {logging_mixin.py:188} INFO - [2024-10-20T10:23:55.587+0000] {dag.py:3834} INFO - Setting next_dagrun for example_skip_dag to 2024-10-19 00:00:00+00:00, run_after=2024-10-20 00:00:00+00:00
[2024-10-20T10:23:55.598+0000] {processor.py:183} INFO - Processing /home/airflow/.local/lib/python3.8/site-packages/airflow/example_dags/example_skip_dag.py took 0.052 seconds
[2024-10-20T10:24:25.725+0000] {processor.py:161} INFO - Started process (PID=549) to work on /home/airflow/.local/lib/python3.8/site-packages/airflow/example_dags/example_skip_dag.py
[2024-10-20T10:24:25.726+0000] {processor.py:830} INFO - Processing file /home/airflow/.local/lib/python3.8/site-packages/airflow/example_dags/example_skip_dag.py for tasks to queue
[2024-10-20T10:24:25.727+0000] {logging_mixin.py:188} INFO - [2024-10-20T10:24:25.727+0000] {dagbag.py:540} INFO - Filling up the DagBag from /home/airflow/.local/lib/python3.8/site-packages/airflow/example_dags/example_skip_dag.py
[2024-10-20T10:24:25.731+0000] {processor.py:840} INFO - DAG(s) 'example_skip_dag' retrieved from /home/airflow/.local/lib/python3.8/site-packages/airflow/example_dags/example_skip_dag.py
[2024-10-20T10:24:25.745+0000] {logging_mixin.py:188} INFO - [2024-10-20T10:24:25.745+0000] {dag.py:3047} INFO - Sync 1 DAGs
[2024-10-20T10:24:25.758+0000] {logging_mixin.py:188} INFO - [2024-10-20T10:24:25.758+0000] {dag.py:3834} INFO - Setting next_dagrun for example_skip_dag to 2024-10-19 00:00:00+00:00, run_after=2024-10-20 00:00:00+00:00
[2024-10-20T10:24:25.769+0000] {processor.py:183} INFO - Processing /home/airflow/.local/lib/python3.8/site-packages/airflow/example_dags/example_skip_dag.py took 0.046 seconds
[2024-10-20T10:24:56.272+0000] {processor.py:161} INFO - Started process (PID=604) to work on /home/airflow/.local/lib/python3.8/site-packages/airflow/example_dags/example_skip_dag.py
[2024-10-20T10:24:56.273+0000] {processor.py:830} INFO - Processing file /home/airflow/.local/lib/python3.8/site-packages/airflow/example_dags/example_skip_dag.py for tasks to queue
[2024-10-20T10:24:56.274+0000] {logging_mixin.py:188} INFO - [2024-10-20T10:24:56.274+0000] {dagbag.py:540} INFO - Filling up the DagBag from /home/airflow/.local/lib/python3.8/site-packages/airflow/example_dags/example_skip_dag.py
[2024-10-20T10:24:56.279+0000] {processor.py:840} INFO - DAG(s) 'example_skip_dag' retrieved from /home/airflow/.local/lib/python3.8/site-packages/airflow/example_dags/example_skip_dag.py
[2024-10-20T10:24:56.293+0000] {logging_mixin.py:188} INFO - [2024-10-20T10:24:56.293+0000] {dag.py:3047} INFO - Sync 1 DAGs
[2024-10-20T10:24:56.307+0000] {logging_mixin.py:188} INFO - [2024-10-20T10:24:56.307+0000] {dag.py:3834} INFO - Setting next_dagrun for example_skip_dag to 2024-10-19 00:00:00+00:00, run_after=2024-10-20 00:00:00+00:00
[2024-10-20T10:24:56.318+0000] {processor.py:183} INFO - Processing /home/airflow/.local/lib/python3.8/site-packages/airflow/example_dags/example_skip_dag.py took 0.048 seconds
[2024-10-20T10:25:27.105+0000] {processor.py:161} INFO - Started process (PID=659) to work on /home/airflow/.local/lib/python3.8/site-packages/airflow/example_dags/example_skip_dag.py
[2024-10-20T10:25:27.108+0000] {processor.py:830} INFO - Processing file /home/airflow/.local/lib/python3.8/site-packages/airflow/example_dags/example_skip_dag.py for tasks to queue
[2024-10-20T10:25:27.111+0000] {logging_mixin.py:188} INFO - [2024-10-20T10:25:27.110+0000] {dagbag.py:540} INFO - Filling up the DagBag from /home/airflow/.local/lib/python3.8/site-packages/airflow/example_dags/example_skip_dag.py
[2024-10-20T10:25:27.118+0000] {processor.py:840} INFO - DAG(s) 'example_skip_dag' retrieved from /home/airflow/.local/lib/python3.8/site-packages/airflow/example_dags/example_skip_dag.py
[2024-10-20T10:25:27.142+0000] {logging_mixin.py:188} INFO - [2024-10-20T10:25:27.142+0000] {dag.py:3047} INFO - Sync 1 DAGs
[2024-10-20T10:25:27.167+0000] {logging_mixin.py:188} INFO - [2024-10-20T10:25:27.167+0000] {dag.py:3834} INFO - Setting next_dagrun for example_skip_dag to 2024-10-19 00:00:00+00:00, run_after=2024-10-20 00:00:00+00:00
[2024-10-20T10:25:27.187+0000] {processor.py:183} INFO - Processing /home/airflow/.local/lib/python3.8/site-packages/airflow/example_dags/example_skip_dag.py took 0.086 seconds
[2024-10-20T10:25:57.393+0000] {processor.py:161} INFO - Started process (PID=714) to work on /home/airflow/.local/lib/python3.8/site-packages/airflow/example_dags/example_skip_dag.py
[2024-10-20T10:25:57.395+0000] {processor.py:830} INFO - Processing file /home/airflow/.local/lib/python3.8/site-packages/airflow/example_dags/example_skip_dag.py for tasks to queue
[2024-10-20T10:25:57.396+0000] {logging_mixin.py:188} INFO - [2024-10-20T10:25:57.396+0000] {dagbag.py:540} INFO - Filling up the DagBag from /home/airflow/.local/lib/python3.8/site-packages/airflow/example_dags/example_skip_dag.py
[2024-10-20T10:25:57.404+0000] {processor.py:840} INFO - DAG(s) 'example_skip_dag' retrieved from /home/airflow/.local/lib/python3.8/site-packages/airflow/example_dags/example_skip_dag.py
[2024-10-20T10:25:57.420+0000] {logging_mixin.py:188} INFO - [2024-10-20T10:25:57.420+0000] {dag.py:3047} INFO - Sync 1 DAGs
[2024-10-20T10:25:57.435+0000] {logging_mixin.py:188} INFO - [2024-10-20T10:25:57.435+0000] {dag.py:3834} INFO - Setting next_dagrun for example_skip_dag to 2024-10-19 00:00:00+00:00, run_after=2024-10-20 00:00:00+00:00
[2024-10-20T10:25:57.448+0000] {processor.py:183} INFO - Processing /home/airflow/.local/lib/python3.8/site-packages/airflow/example_dags/example_skip_dag.py took 0.057 seconds
[2024-10-20T10:26:28.016+0000] {processor.py:161} INFO - Started process (PID=769) to work on /home/airflow/.local/lib/python3.8/site-packages/airflow/example_dags/example_skip_dag.py
[2024-10-20T10:26:28.019+0000] {processor.py:830} INFO - Processing file /home/airflow/.local/lib/python3.8/site-packages/airflow/example_dags/example_skip_dag.py for tasks to queue
[2024-10-20T10:26:28.020+0000] {logging_mixin.py:188} INFO - [2024-10-20T10:26:28.020+0000] {dagbag.py:540} INFO - Filling up the DagBag from /home/airflow/.local/lib/python3.8/site-packages/airflow/example_dags/example_skip_dag.py
[2024-10-20T10:26:28.026+0000] {processor.py:840} INFO - DAG(s) 'example_skip_dag' retrieved from /home/airflow/.local/lib/python3.8/site-packages/airflow/example_dags/example_skip_dag.py
[2024-10-20T10:26:28.044+0000] {logging_mixin.py:188} INFO - [2024-10-20T10:26:28.044+0000] {dag.py:3047} INFO - Sync 1 DAGs
[2024-10-20T10:26:28.058+0000] {logging_mixin.py:188} INFO - [2024-10-20T10:26:28.058+0000] {dag.py:3834} INFO - Setting next_dagrun for example_skip_dag to 2024-10-19 00:00:00+00:00, run_after=2024-10-20 00:00:00+00:00
[2024-10-20T10:26:28.072+0000] {processor.py:183} INFO - Processing /home/airflow/.local/lib/python3.8/site-packages/airflow/example_dags/example_skip_dag.py took 0.059 seconds
[2024-10-20T10:26:58.758+0000] {processor.py:161} INFO - Started process (PID=824) to work on /home/airflow/.local/lib/python3.8/site-packages/airflow/example_dags/example_skip_dag.py
[2024-10-20T10:26:58.759+0000] {processor.py:830} INFO - Processing file /home/airflow/.local/lib/python3.8/site-packages/airflow/example_dags/example_skip_dag.py for tasks to queue
[2024-10-20T10:26:58.761+0000] {logging_mixin.py:188} INFO - [2024-10-20T10:26:58.760+0000] {dagbag.py:540} INFO - Filling up the DagBag from /home/airflow/.local/lib/python3.8/site-packages/airflow/example_dags/example_skip_dag.py
[2024-10-20T10:26:58.766+0000] {processor.py:840} INFO - DAG(s) 'example_skip_dag' retrieved from /home/airflow/.local/lib/python3.8/site-packages/airflow/example_dags/example_skip_dag.py
[2024-10-20T10:26:58.785+0000] {logging_mixin.py:188} INFO - [2024-10-20T10:26:58.785+0000] {dag.py:3047} INFO - Sync 1 DAGs
[2024-10-20T10:26:58.799+0000] {logging_mixin.py:188} INFO - [2024-10-20T10:26:58.799+0000] {dag.py:3834} INFO - Setting next_dagrun for example_skip_dag to 2024-10-19 00:00:00+00:00, run_after=2024-10-20 00:00:00+00:00
[2024-10-20T10:26:58.810+0000] {processor.py:183} INFO - Processing /home/airflow/.local/lib/python3.8/site-packages/airflow/example_dags/example_skip_dag.py took 0.054 seconds
[2024-10-20T10:27:29.415+0000] {processor.py:161} INFO - Started process (PID=879) to work on /home/airflow/.local/lib/python3.8/site-packages/airflow/example_dags/example_skip_dag.py
[2024-10-20T10:27:29.416+0000] {processor.py:830} INFO - Processing file /home/airflow/.local/lib/python3.8/site-packages/airflow/example_dags/example_skip_dag.py for tasks to queue
[2024-10-20T10:27:29.418+0000] {logging_mixin.py:188} INFO - [2024-10-20T10:27:29.418+0000] {dagbag.py:540} INFO - Filling up the DagBag from /home/airflow/.local/lib/python3.8/site-packages/airflow/example_dags/example_skip_dag.py
[2024-10-20T10:27:29.423+0000] {processor.py:840} INFO - DAG(s) 'example_skip_dag' retrieved from /home/airflow/.local/lib/python3.8/site-packages/airflow/example_dags/example_skip_dag.py
[2024-10-20T10:27:29.438+0000] {logging_mixin.py:188} INFO - [2024-10-20T10:27:29.438+0000] {dag.py:3047} INFO - Sync 1 DAGs
[2024-10-20T10:27:29.452+0000] {logging_mixin.py:188} INFO - [2024-10-20T10:27:29.452+0000] {dag.py:3834} INFO - Setting next_dagrun for example_skip_dag to 2024-10-19 00:00:00+00:00, run_after=2024-10-20 00:00:00+00:00
[2024-10-20T10:27:29.466+0000] {processor.py:183} INFO - Processing /home/airflow/.local/lib/python3.8/site-packages/airflow/example_dags/example_skip_dag.py took 0.053 seconds
[2024-10-20T10:28:00.342+0000] {processor.py:161} INFO - Started process (PID=934) to work on /home/airflow/.local/lib/python3.8/site-packages/airflow/example_dags/example_skip_dag.py
[2024-10-20T10:28:00.343+0000] {processor.py:830} INFO - Processing file /home/airflow/.local/lib/python3.8/site-packages/airflow/example_dags/example_skip_dag.py for tasks to queue
[2024-10-20T10:28:00.344+0000] {logging_mixin.py:188} INFO - [2024-10-20T10:28:00.344+0000] {dagbag.py:540} INFO - Filling up the DagBag from /home/airflow/.local/lib/python3.8/site-packages/airflow/example_dags/example_skip_dag.py
[2024-10-20T10:28:00.349+0000] {processor.py:840} INFO - DAG(s) 'example_skip_dag' retrieved from /home/airflow/.local/lib/python3.8/site-packages/airflow/example_dags/example_skip_dag.py
[2024-10-20T10:28:00.365+0000] {logging_mixin.py:188} INFO - [2024-10-20T10:28:00.365+0000] {dag.py:3047} INFO - Sync 1 DAGs
[2024-10-20T10:28:00.380+0000] {logging_mixin.py:188} INFO - [2024-10-20T10:28:00.380+0000] {dag.py:3834} INFO - Setting next_dagrun for example_skip_dag to 2024-10-19 00:00:00+00:00, run_after=2024-10-20 00:00:00+00:00
[2024-10-20T10:28:00.391+0000] {processor.py:183} INFO - Processing /home/airflow/.local/lib/python3.8/site-packages/airflow/example_dags/example_skip_dag.py took 0.051 seconds
[2024-10-20T10:28:31.295+0000] {processor.py:161} INFO - Started process (PID=989) to work on /home/airflow/.local/lib/python3.8/site-packages/airflow/example_dags/example_skip_dag.py
[2024-10-20T10:28:31.296+0000] {processor.py:830} INFO - Processing file /home/airflow/.local/lib/python3.8/site-packages/airflow/example_dags/example_skip_dag.py for tasks to queue
[2024-10-20T10:28:31.297+0000] {logging_mixin.py:188} INFO - [2024-10-20T10:28:31.297+0000] {dagbag.py:540} INFO - Filling up the DagBag from /home/airflow/.local/lib/python3.8/site-packages/airflow/example_dags/example_skip_dag.py
[2024-10-20T10:28:31.303+0000] {processor.py:840} INFO - DAG(s) 'example_skip_dag' retrieved from /home/airflow/.local/lib/python3.8/site-packages/airflow/example_dags/example_skip_dag.py
[2024-10-20T10:28:31.316+0000] {logging_mixin.py:188} INFO - [2024-10-20T10:28:31.316+0000] {dag.py:3047} INFO - Sync 1 DAGs
[2024-10-20T10:28:31.330+0000] {logging_mixin.py:188} INFO - [2024-10-20T10:28:31.330+0000] {dag.py:3834} INFO - Setting next_dagrun for example_skip_dag to 2024-10-19 00:00:00+00:00, run_after=2024-10-20 00:00:00+00:00
[2024-10-20T10:28:31.344+0000] {processor.py:183} INFO - Processing /home/airflow/.local/lib/python3.8/site-packages/airflow/example_dags/example_skip_dag.py took 0.052 seconds
[2024-10-20T10:29:01.992+0000] {processor.py:161} INFO - Started process (PID=1044) to work on /home/airflow/.local/lib/python3.8/site-packages/airflow/example_dags/example_skip_dag.py
[2024-10-20T10:29:01.992+0000] {processor.py:830} INFO - Processing file /home/airflow/.local/lib/python3.8/site-packages/airflow/example_dags/example_skip_dag.py for tasks to queue
[2024-10-20T10:29:01.994+0000] {logging_mixin.py:188} INFO - [2024-10-20T10:29:01.993+0000] {dagbag.py:540} INFO - Filling up the DagBag from /home/airflow/.local/lib/python3.8/site-packages/airflow/example_dags/example_skip_dag.py
[2024-10-20T10:29:01.999+0000] {processor.py:840} INFO - DAG(s) 'example_skip_dag' retrieved from /home/airflow/.local/lib/python3.8/site-packages/airflow/example_dags/example_skip_dag.py
[2024-10-20T10:29:02.014+0000] {logging_mixin.py:188} INFO - [2024-10-20T10:29:02.014+0000] {dag.py:3047} INFO - Sync 1 DAGs
[2024-10-20T10:29:02.029+0000] {logging_mixin.py:188} INFO - [2024-10-20T10:29:02.029+0000] {dag.py:3834} INFO - Setting next_dagrun for example_skip_dag to 2024-10-19 00:00:00+00:00, run_after=2024-10-20 00:00:00+00:00
[2024-10-20T10:29:02.041+0000] {processor.py:183} INFO - Processing /home/airflow/.local/lib/python3.8/site-packages/airflow/example_dags/example_skip_dag.py took 0.052 seconds
[2024-10-20T10:29:32.695+0000] {processor.py:161} INFO - Started process (PID=1099) to work on /home/airflow/.local/lib/python3.8/site-packages/airflow/example_dags/example_skip_dag.py
[2024-10-20T10:29:32.698+0000] {processor.py:830} INFO - Processing file /home/airflow/.local/lib/python3.8/site-packages/airflow/example_dags/example_skip_dag.py for tasks to queue
[2024-10-20T10:29:32.699+0000] {logging_mixin.py:188} INFO - [2024-10-20T10:29:32.699+0000] {dagbag.py:540} INFO - Filling up the DagBag from /home/airflow/.local/lib/python3.8/site-packages/airflow/example_dags/example_skip_dag.py
[2024-10-20T10:29:32.704+0000] {processor.py:840} INFO - DAG(s) 'example_skip_dag' retrieved from /home/airflow/.local/lib/python3.8/site-packages/airflow/example_dags/example_skip_dag.py
[2024-10-20T10:29:32.721+0000] {logging_mixin.py:188} INFO - [2024-10-20T10:29:32.721+0000] {dag.py:3047} INFO - Sync 1 DAGs
[2024-10-20T10:29:32.741+0000] {logging_mixin.py:188} INFO - [2024-10-20T10:29:32.741+0000] {dag.py:3834} INFO - Setting next_dagrun for example_skip_dag to 2024-10-19 00:00:00+00:00, run_after=2024-10-20 00:00:00+00:00
[2024-10-20T10:29:32.760+0000] {processor.py:183} INFO - Processing /home/airflow/.local/lib/python3.8/site-packages/airflow/example_dags/example_skip_dag.py took 0.068 seconds
[2024-10-20T10:30:03.188+0000] {processor.py:161} INFO - Started process (PID=1154) to work on /home/airflow/.local/lib/python3.8/site-packages/airflow/example_dags/example_skip_dag.py
[2024-10-20T10:30:03.193+0000] {processor.py:830} INFO - Processing file /home/airflow/.local/lib/python3.8/site-packages/airflow/example_dags/example_skip_dag.py for tasks to queue
[2024-10-20T10:30:03.195+0000] {logging_mixin.py:188} INFO - [2024-10-20T10:30:03.195+0000] {dagbag.py:540} INFO - Filling up the DagBag from /home/airflow/.local/lib/python3.8/site-packages/airflow/example_dags/example_skip_dag.py
[2024-10-20T10:30:03.207+0000] {processor.py:840} INFO - DAG(s) 'example_skip_dag' retrieved from /home/airflow/.local/lib/python3.8/site-packages/airflow/example_dags/example_skip_dag.py
[2024-10-20T10:30:03.241+0000] {logging_mixin.py:188} INFO - [2024-10-20T10:30:03.241+0000] {dag.py:3047} INFO - Sync 1 DAGs
[2024-10-20T10:30:03.267+0000] {logging_mixin.py:188} INFO - [2024-10-20T10:30:03.266+0000] {dag.py:3834} INFO - Setting next_dagrun for example_skip_dag to 2024-10-19 00:00:00+00:00, run_after=2024-10-20 00:00:00+00:00
[2024-10-20T10:30:03.291+0000] {processor.py:183} INFO - Processing /home/airflow/.local/lib/python3.8/site-packages/airflow/example_dags/example_skip_dag.py took 0.108 seconds
[2024-10-20T10:30:34.102+0000] {processor.py:161} INFO - Started process (PID=1209) to work on /home/airflow/.local/lib/python3.8/site-packages/airflow/example_dags/example_skip_dag.py
[2024-10-20T10:30:34.105+0000] {processor.py:830} INFO - Processing file /home/airflow/.local/lib/python3.8/site-packages/airflow/example_dags/example_skip_dag.py for tasks to queue
[2024-10-20T10:30:34.106+0000] {logging_mixin.py:188} INFO - [2024-10-20T10:30:34.106+0000] {dagbag.py:540} INFO - Filling up the DagBag from /home/airflow/.local/lib/python3.8/site-packages/airflow/example_dags/example_skip_dag.py
[2024-10-20T10:30:34.111+0000] {processor.py:840} INFO - DAG(s) 'example_skip_dag' retrieved from /home/airflow/.local/lib/python3.8/site-packages/airflow/example_dags/example_skip_dag.py
[2024-10-20T10:30:34.126+0000] {logging_mixin.py:188} INFO - [2024-10-20T10:30:34.126+0000] {dag.py:3047} INFO - Sync 1 DAGs
[2024-10-20T10:30:34.140+0000] {logging_mixin.py:188} INFO - [2024-10-20T10:30:34.139+0000] {dag.py:3834} INFO - Setting next_dagrun for example_skip_dag to 2024-10-19 00:00:00+00:00, run_after=2024-10-20 00:00:00+00:00
[2024-10-20T10:30:34.151+0000] {processor.py:183} INFO - Processing /home/airflow/.local/lib/python3.8/site-packages/airflow/example_dags/example_skip_dag.py took 0.052 seconds
[2024-10-20T10:31:04.779+0000] {processor.py:161} INFO - Started process (PID=1264) to work on /home/airflow/.local/lib/python3.8/site-packages/airflow/example_dags/example_skip_dag.py
[2024-10-20T10:31:04.780+0000] {processor.py:830} INFO - Processing file /home/airflow/.local/lib/python3.8/site-packages/airflow/example_dags/example_skip_dag.py for tasks to queue
[2024-10-20T10:31:04.781+0000] {logging_mixin.py:188} INFO - [2024-10-20T10:31:04.781+0000] {dagbag.py:540} INFO - Filling up the DagBag from /home/airflow/.local/lib/python3.8/site-packages/airflow/example_dags/example_skip_dag.py
[2024-10-20T10:31:04.786+0000] {processor.py:840} INFO - DAG(s) 'example_skip_dag' retrieved from /home/airflow/.local/lib/python3.8/site-packages/airflow/example_dags/example_skip_dag.py
[2024-10-20T10:31:04.800+0000] {logging_mixin.py:188} INFO - [2024-10-20T10:31:04.799+0000] {dag.py:3047} INFO - Sync 1 DAGs
[2024-10-20T10:31:04.813+0000] {logging_mixin.py:188} INFO - [2024-10-20T10:31:04.813+0000] {dag.py:3834} INFO - Setting next_dagrun for example_skip_dag to 2024-10-19 00:00:00+00:00, run_after=2024-10-20 00:00:00+00:00
[2024-10-20T10:31:04.824+0000] {processor.py:183} INFO - Processing /home/airflow/.local/lib/python3.8/site-packages/airflow/example_dags/example_skip_dag.py took 0.048 seconds
[2024-10-20T10:31:35.529+0000] {processor.py:161} INFO - Started process (PID=1319) to work on /home/airflow/.local/lib/python3.8/site-packages/airflow/example_dags/example_skip_dag.py
[2024-10-20T10:31:35.530+0000] {processor.py:830} INFO - Processing file /home/airflow/.local/lib/python3.8/site-packages/airflow/example_dags/example_skip_dag.py for tasks to queue
[2024-10-20T10:31:35.531+0000] {logging_mixin.py:188} INFO - [2024-10-20T10:31:35.531+0000] {dagbag.py:540} INFO - Filling up the DagBag from /home/airflow/.local/lib/python3.8/site-packages/airflow/example_dags/example_skip_dag.py
[2024-10-20T10:31:35.536+0000] {processor.py:840} INFO - DAG(s) 'example_skip_dag' retrieved from /home/airflow/.local/lib/python3.8/site-packages/airflow/example_dags/example_skip_dag.py
[2024-10-20T10:31:35.551+0000] {logging_mixin.py:188} INFO - [2024-10-20T10:31:35.551+0000] {dag.py:3047} INFO - Sync 1 DAGs
[2024-10-20T10:31:35.567+0000] {logging_mixin.py:188} INFO - [2024-10-20T10:31:35.567+0000] {dag.py:3834} INFO - Setting next_dagrun for example_skip_dag to 2024-10-19 00:00:00+00:00, run_after=2024-10-20 00:00:00+00:00
[2024-10-20T10:31:35.582+0000] {processor.py:183} INFO - Processing /home/airflow/.local/lib/python3.8/site-packages/airflow/example_dags/example_skip_dag.py took 0.055 seconds
[2024-10-20T10:32:05.621+0000] {processor.py:161} INFO - Started process (PID=1374) to work on /home/airflow/.local/lib/python3.8/site-packages/airflow/example_dags/example_skip_dag.py
[2024-10-20T10:32:05.622+0000] {processor.py:830} INFO - Processing file /home/airflow/.local/lib/python3.8/site-packages/airflow/example_dags/example_skip_dag.py for tasks to queue
[2024-10-20T10:32:05.624+0000] {logging_mixin.py:188} INFO - [2024-10-20T10:32:05.623+0000] {dagbag.py:540} INFO - Filling up the DagBag from /home/airflow/.local/lib/python3.8/site-packages/airflow/example_dags/example_skip_dag.py
[2024-10-20T10:32:05.628+0000] {processor.py:840} INFO - DAG(s) 'example_skip_dag' retrieved from /home/airflow/.local/lib/python3.8/site-packages/airflow/example_dags/example_skip_dag.py
[2024-10-20T10:32:05.642+0000] {logging_mixin.py:188} INFO - [2024-10-20T10:32:05.642+0000] {dag.py:3047} INFO - Sync 1 DAGs
[2024-10-20T10:32:05.660+0000] {logging_mixin.py:188} INFO - [2024-10-20T10:32:05.660+0000] {dag.py:3834} INFO - Setting next_dagrun for example_skip_dag to 2024-10-19 00:00:00+00:00, run_after=2024-10-20 00:00:00+00:00
[2024-10-20T10:32:05.671+0000] {processor.py:183} INFO - Processing /home/airflow/.local/lib/python3.8/site-packages/airflow/example_dags/example_skip_dag.py took 0.052 seconds
[2024-10-20T10:32:36.353+0000] {processor.py:161} INFO - Started process (PID=1429) to work on /home/airflow/.local/lib/python3.8/site-packages/airflow/example_dags/example_skip_dag.py
[2024-10-20T10:32:36.353+0000] {processor.py:830} INFO - Processing file /home/airflow/.local/lib/python3.8/site-packages/airflow/example_dags/example_skip_dag.py for tasks to queue
[2024-10-20T10:32:36.355+0000] {logging_mixin.py:188} INFO - [2024-10-20T10:32:36.354+0000] {dagbag.py:540} INFO - Filling up the DagBag from /home/airflow/.local/lib/python3.8/site-packages/airflow/example_dags/example_skip_dag.py
[2024-10-20T10:32:36.359+0000] {processor.py:840} INFO - DAG(s) 'example_skip_dag' retrieved from /home/airflow/.local/lib/python3.8/site-packages/airflow/example_dags/example_skip_dag.py
[2024-10-20T10:32:36.373+0000] {logging_mixin.py:188} INFO - [2024-10-20T10:32:36.373+0000] {dag.py:3047} INFO - Sync 1 DAGs
[2024-10-20T10:32:36.388+0000] {logging_mixin.py:188} INFO - [2024-10-20T10:32:36.388+0000] {dag.py:3834} INFO - Setting next_dagrun for example_skip_dag to 2024-10-19 00:00:00+00:00, run_after=2024-10-20 00:00:00+00:00
[2024-10-20T10:32:36.402+0000] {processor.py:183} INFO - Processing /home/airflow/.local/lib/python3.8/site-packages/airflow/example_dags/example_skip_dag.py took 0.052 seconds
[2024-10-20T10:33:07.105+0000] {processor.py:161} INFO - Started process (PID=1484) to work on /home/airflow/.local/lib/python3.8/site-packages/airflow/example_dags/example_skip_dag.py
[2024-10-20T10:33:07.105+0000] {processor.py:830} INFO - Processing file /home/airflow/.local/lib/python3.8/site-packages/airflow/example_dags/example_skip_dag.py for tasks to queue
[2024-10-20T10:33:07.107+0000] {logging_mixin.py:188} INFO - [2024-10-20T10:33:07.106+0000] {dagbag.py:540} INFO - Filling up the DagBag from /home/airflow/.local/lib/python3.8/site-packages/airflow/example_dags/example_skip_dag.py
[2024-10-20T10:33:07.111+0000] {processor.py:840} INFO - DAG(s) 'example_skip_dag' retrieved from /home/airflow/.local/lib/python3.8/site-packages/airflow/example_dags/example_skip_dag.py
[2024-10-20T10:33:07.125+0000] {logging_mixin.py:188} INFO - [2024-10-20T10:33:07.125+0000] {dag.py:3047} INFO - Sync 1 DAGs
[2024-10-20T10:33:07.140+0000] {logging_mixin.py:188} INFO - [2024-10-20T10:33:07.140+0000] {dag.py:3834} INFO - Setting next_dagrun for example_skip_dag to 2024-10-19 00:00:00+00:00, run_after=2024-10-20 00:00:00+00:00
[2024-10-20T10:33:07.154+0000] {processor.py:183} INFO - Processing /home/airflow/.local/lib/python3.8/site-packages/airflow/example_dags/example_skip_dag.py took 0.052 seconds
[2024-10-20T10:33:37.281+0000] {processor.py:161} INFO - Started process (PID=1539) to work on /home/airflow/.local/lib/python3.8/site-packages/airflow/example_dags/example_skip_dag.py
[2024-10-20T10:33:37.282+0000] {processor.py:830} INFO - Processing file /home/airflow/.local/lib/python3.8/site-packages/airflow/example_dags/example_skip_dag.py for tasks to queue
[2024-10-20T10:33:37.283+0000] {logging_mixin.py:188} INFO - [2024-10-20T10:33:37.283+0000] {dagbag.py:540} INFO - Filling up the DagBag from /home/airflow/.local/lib/python3.8/site-packages/airflow/example_dags/example_skip_dag.py
[2024-10-20T10:33:37.287+0000] {processor.py:840} INFO - DAG(s) 'example_skip_dag' retrieved from /home/airflow/.local/lib/python3.8/site-packages/airflow/example_dags/example_skip_dag.py
[2024-10-20T10:33:37.303+0000] {logging_mixin.py:188} INFO - [2024-10-20T10:33:37.303+0000] {dag.py:3047} INFO - Sync 1 DAGs
[2024-10-20T10:33:37.317+0000] {logging_mixin.py:188} INFO - [2024-10-20T10:33:37.317+0000] {dag.py:3834} INFO - Setting next_dagrun for example_skip_dag to 2024-10-19 00:00:00+00:00, run_after=2024-10-20 00:00:00+00:00
[2024-10-20T10:33:37.328+0000] {processor.py:183} INFO - Processing /home/airflow/.local/lib/python3.8/site-packages/airflow/example_dags/example_skip_dag.py took 0.050 seconds
[2024-10-20T10:34:08.316+0000] {processor.py:161} INFO - Started process (PID=1594) to work on /home/airflow/.local/lib/python3.8/site-packages/airflow/example_dags/example_skip_dag.py
[2024-10-20T10:34:08.317+0000] {processor.py:830} INFO - Processing file /home/airflow/.local/lib/python3.8/site-packages/airflow/example_dags/example_skip_dag.py for tasks to queue
[2024-10-20T10:34:08.319+0000] {logging_mixin.py:188} INFO - [2024-10-20T10:34:08.319+0000] {dagbag.py:540} INFO - Filling up the DagBag from /home/airflow/.local/lib/python3.8/site-packages/airflow/example_dags/example_skip_dag.py
[2024-10-20T10:34:08.325+0000] {processor.py:840} INFO - DAG(s) 'example_skip_dag' retrieved from /home/airflow/.local/lib/python3.8/site-packages/airflow/example_dags/example_skip_dag.py
[2024-10-20T10:34:08.342+0000] {logging_mixin.py:188} INFO - [2024-10-20T10:34:08.342+0000] {dag.py:3047} INFO - Sync 1 DAGs
[2024-10-20T10:34:08.358+0000] {logging_mixin.py:188} INFO - [2024-10-20T10:34:08.358+0000] {dag.py:3834} INFO - Setting next_dagrun for example_skip_dag to 2024-10-19 00:00:00+00:00, run_after=2024-10-20 00:00:00+00:00
[2024-10-20T10:34:08.370+0000] {processor.py:183} INFO - Processing /home/airflow/.local/lib/python3.8/site-packages/airflow/example_dags/example_skip_dag.py took 0.057 seconds
[2024-10-20T10:34:39.087+0000] {processor.py:161} INFO - Started process (PID=1649) to work on /home/airflow/.local/lib/python3.8/site-packages/airflow/example_dags/example_skip_dag.py
[2024-10-20T10:34:39.091+0000] {processor.py:830} INFO - Processing file /home/airflow/.local/lib/python3.8/site-packages/airflow/example_dags/example_skip_dag.py for tasks to queue
[2024-10-20T10:34:39.092+0000] {logging_mixin.py:188} INFO - [2024-10-20T10:34:39.092+0000] {dagbag.py:540} INFO - Filling up the DagBag from /home/airflow/.local/lib/python3.8/site-packages/airflow/example_dags/example_skip_dag.py
[2024-10-20T10:34:39.096+0000] {processor.py:840} INFO - DAG(s) 'example_skip_dag' retrieved from /home/airflow/.local/lib/python3.8/site-packages/airflow/example_dags/example_skip_dag.py
[2024-10-20T10:34:39.112+0000] {logging_mixin.py:188} INFO - [2024-10-20T10:34:39.111+0000] {dag.py:3047} INFO - Sync 1 DAGs
[2024-10-20T10:34:39.126+0000] {logging_mixin.py:188} INFO - [2024-10-20T10:34:39.126+0000] {dag.py:3834} INFO - Setting next_dagrun for example_skip_dag to 2024-10-19 00:00:00+00:00, run_after=2024-10-20 00:00:00+00:00
[2024-10-20T10:34:39.138+0000] {processor.py:183} INFO - Processing /home/airflow/.local/lib/python3.8/site-packages/airflow/example_dags/example_skip_dag.py took 0.053 seconds
[2024-10-20T10:35:51.362+0000] {processor.py:161} INFO - Started process (PID=96) to work on /home/airflow/.local/lib/python3.8/site-packages/airflow/example_dags/example_skip_dag.py
[2024-10-20T10:35:51.367+0000] {processor.py:830} INFO - Processing file /home/airflow/.local/lib/python3.8/site-packages/airflow/example_dags/example_skip_dag.py for tasks to queue
[2024-10-20T10:35:51.369+0000] {logging_mixin.py:188} INFO - [2024-10-20T10:35:51.368+0000] {dagbag.py:540} INFO - Filling up the DagBag from /home/airflow/.local/lib/python3.8/site-packages/airflow/example_dags/example_skip_dag.py
[2024-10-20T10:35:51.381+0000] {processor.py:840} INFO - DAG(s) 'example_skip_dag' retrieved from /home/airflow/.local/lib/python3.8/site-packages/airflow/example_dags/example_skip_dag.py
[2024-10-20T10:35:51.397+0000] {logging_mixin.py:188} INFO - [2024-10-20T10:35:51.397+0000] {dag.py:3047} INFO - Sync 1 DAGs
[2024-10-20T10:35:51.442+0000] {logging_mixin.py:188} INFO - [2024-10-20T10:35:51.442+0000] {dag.py:3834} INFO - Setting next_dagrun for example_skip_dag to 2024-10-19 00:00:00+00:00, run_after=2024-10-20 00:00:00+00:00
[2024-10-20T10:35:51.480+0000] {processor.py:183} INFO - Processing /home/airflow/.local/lib/python3.8/site-packages/airflow/example_dags/example_skip_dag.py took 0.122 seconds
[2024-10-20T10:36:21.644+0000] {processor.py:161} INFO - Started process (PID=152) to work on /home/airflow/.local/lib/python3.8/site-packages/airflow/example_dags/example_skip_dag.py
[2024-10-20T10:36:21.645+0000] {processor.py:830} INFO - Processing file /home/airflow/.local/lib/python3.8/site-packages/airflow/example_dags/example_skip_dag.py for tasks to queue
[2024-10-20T10:36:21.646+0000] {logging_mixin.py:188} INFO - [2024-10-20T10:36:21.646+0000] {dagbag.py:540} INFO - Filling up the DagBag from /home/airflow/.local/lib/python3.8/site-packages/airflow/example_dags/example_skip_dag.py
[2024-10-20T10:36:21.651+0000] {processor.py:840} INFO - DAG(s) 'example_skip_dag' retrieved from /home/airflow/.local/lib/python3.8/site-packages/airflow/example_dags/example_skip_dag.py
[2024-10-20T10:36:21.733+0000] {logging_mixin.py:188} INFO - [2024-10-20T10:36:21.733+0000] {dag.py:3047} INFO - Sync 1 DAGs
[2024-10-20T10:36:21.748+0000] {logging_mixin.py:188} INFO - [2024-10-20T10:36:21.747+0000] {dag.py:3834} INFO - Setting next_dagrun for example_skip_dag to 2024-10-19 00:00:00+00:00, run_after=2024-10-20 00:00:00+00:00
[2024-10-20T10:36:21.764+0000] {processor.py:183} INFO - Processing /home/airflow/.local/lib/python3.8/site-packages/airflow/example_dags/example_skip_dag.py took 0.123 seconds
[2024-10-20T10:36:52.075+0000] {processor.py:161} INFO - Started process (PID=208) to work on /home/airflow/.local/lib/python3.8/site-packages/airflow/example_dags/example_skip_dag.py
[2024-10-20T10:36:52.078+0000] {processor.py:830} INFO - Processing file /home/airflow/.local/lib/python3.8/site-packages/airflow/example_dags/example_skip_dag.py for tasks to queue
[2024-10-20T10:36:52.080+0000] {logging_mixin.py:188} INFO - [2024-10-20T10:36:52.080+0000] {dagbag.py:540} INFO - Filling up the DagBag from /home/airflow/.local/lib/python3.8/site-packages/airflow/example_dags/example_skip_dag.py
[2024-10-20T10:36:52.089+0000] {processor.py:840} INFO - DAG(s) 'example_skip_dag' retrieved from /home/airflow/.local/lib/python3.8/site-packages/airflow/example_dags/example_skip_dag.py
[2024-10-20T10:36:52.107+0000] {logging_mixin.py:188} INFO - [2024-10-20T10:36:52.107+0000] {dag.py:3047} INFO - Sync 1 DAGs
[2024-10-20T10:36:52.122+0000] {logging_mixin.py:188} INFO - [2024-10-20T10:36:52.122+0000] {dag.py:3834} INFO - Setting next_dagrun for example_skip_dag to 2024-10-19 00:00:00+00:00, run_after=2024-10-20 00:00:00+00:00
[2024-10-20T10:36:52.141+0000] {processor.py:183} INFO - Processing /home/airflow/.local/lib/python3.8/site-packages/airflow/example_dags/example_skip_dag.py took 0.069 seconds
[2024-10-20T10:37:22.575+0000] {processor.py:161} INFO - Started process (PID=264) to work on /home/airflow/.local/lib/python3.8/site-packages/airflow/example_dags/example_skip_dag.py
[2024-10-20T10:37:22.579+0000] {processor.py:830} INFO - Processing file /home/airflow/.local/lib/python3.8/site-packages/airflow/example_dags/example_skip_dag.py for tasks to queue
[2024-10-20T10:37:22.581+0000] {logging_mixin.py:188} INFO - [2024-10-20T10:37:22.580+0000] {dagbag.py:540} INFO - Filling up the DagBag from /home/airflow/.local/lib/python3.8/site-packages/airflow/example_dags/example_skip_dag.py
[2024-10-20T10:37:22.589+0000] {processor.py:840} INFO - DAG(s) 'example_skip_dag' retrieved from /home/airflow/.local/lib/python3.8/site-packages/airflow/example_dags/example_skip_dag.py
[2024-10-20T10:37:22.625+0000] {logging_mixin.py:188} INFO - [2024-10-20T10:37:22.625+0000] {dag.py:3047} INFO - Sync 1 DAGs
[2024-10-20T10:37:22.653+0000] {logging_mixin.py:188} INFO - [2024-10-20T10:37:22.653+0000] {dag.py:3834} INFO - Setting next_dagrun for example_skip_dag to 2024-10-19 00:00:00+00:00, run_after=2024-10-20 00:00:00+00:00
[2024-10-20T10:37:22.675+0000] {processor.py:183} INFO - Processing /home/airflow/.local/lib/python3.8/site-packages/airflow/example_dags/example_skip_dag.py took 0.104 seconds
[2024-10-20T10:37:53.018+0000] {processor.py:161} INFO - Started process (PID=319) to work on /home/airflow/.local/lib/python3.8/site-packages/airflow/example_dags/example_skip_dag.py
[2024-10-20T10:37:53.019+0000] {processor.py:830} INFO - Processing file /home/airflow/.local/lib/python3.8/site-packages/airflow/example_dags/example_skip_dag.py for tasks to queue
[2024-10-20T10:37:53.020+0000] {logging_mixin.py:188} INFO - [2024-10-20T10:37:53.020+0000] {dagbag.py:540} INFO - Filling up the DagBag from /home/airflow/.local/lib/python3.8/site-packages/airflow/example_dags/example_skip_dag.py
[2024-10-20T10:37:53.026+0000] {processor.py:840} INFO - DAG(s) 'example_skip_dag' retrieved from /home/airflow/.local/lib/python3.8/site-packages/airflow/example_dags/example_skip_dag.py
[2024-10-20T10:37:53.044+0000] {logging_mixin.py:188} INFO - [2024-10-20T10:37:53.044+0000] {dag.py:3047} INFO - Sync 1 DAGs
[2024-10-20T10:37:53.061+0000] {logging_mixin.py:188} INFO - [2024-10-20T10:37:53.061+0000] {dag.py:3834} INFO - Setting next_dagrun for example_skip_dag to 2024-10-19 00:00:00+00:00, run_after=2024-10-20 00:00:00+00:00
[2024-10-20T10:37:53.077+0000] {processor.py:183} INFO - Processing /home/airflow/.local/lib/python3.8/site-packages/airflow/example_dags/example_skip_dag.py took 0.061 seconds
[2024-10-20T10:38:23.205+0000] {processor.py:161} INFO - Started process (PID=375) to work on /home/airflow/.local/lib/python3.8/site-packages/airflow/example_dags/example_skip_dag.py
[2024-10-20T10:38:23.208+0000] {processor.py:830} INFO - Processing file /home/airflow/.local/lib/python3.8/site-packages/airflow/example_dags/example_skip_dag.py for tasks to queue
[2024-10-20T10:38:23.209+0000] {logging_mixin.py:188} INFO - [2024-10-20T10:38:23.209+0000] {dagbag.py:540} INFO - Filling up the DagBag from /home/airflow/.local/lib/python3.8/site-packages/airflow/example_dags/example_skip_dag.py
[2024-10-20T10:38:23.216+0000] {processor.py:840} INFO - DAG(s) 'example_skip_dag' retrieved from /home/airflow/.local/lib/python3.8/site-packages/airflow/example_dags/example_skip_dag.py
[2024-10-20T10:38:23.236+0000] {logging_mixin.py:188} INFO - [2024-10-20T10:38:23.236+0000] {dag.py:3047} INFO - Sync 1 DAGs
[2024-10-20T10:38:23.256+0000] {logging_mixin.py:188} INFO - [2024-10-20T10:38:23.256+0000] {dag.py:3834} INFO - Setting next_dagrun for example_skip_dag to 2024-10-19 00:00:00+00:00, run_after=2024-10-20 00:00:00+00:00
[2024-10-20T10:38:23.269+0000] {processor.py:183} INFO - Processing /home/airflow/.local/lib/python3.8/site-packages/airflow/example_dags/example_skip_dag.py took 0.066 seconds
[2024-10-20T10:38:53.482+0000] {processor.py:161} INFO - Started process (PID=431) to work on /home/airflow/.local/lib/python3.8/site-packages/airflow/example_dags/example_skip_dag.py
[2024-10-20T10:38:53.483+0000] {processor.py:830} INFO - Processing file /home/airflow/.local/lib/python3.8/site-packages/airflow/example_dags/example_skip_dag.py for tasks to queue
[2024-10-20T10:38:53.486+0000] {logging_mixin.py:188} INFO - [2024-10-20T10:38:53.486+0000] {dagbag.py:540} INFO - Filling up the DagBag from /home/airflow/.local/lib/python3.8/site-packages/airflow/example_dags/example_skip_dag.py
[2024-10-20T10:38:53.491+0000] {processor.py:840} INFO - DAG(s) 'example_skip_dag' retrieved from /home/airflow/.local/lib/python3.8/site-packages/airflow/example_dags/example_skip_dag.py
[2024-10-20T10:38:53.509+0000] {logging_mixin.py:188} INFO - [2024-10-20T10:38:53.508+0000] {dag.py:3047} INFO - Sync 1 DAGs
[2024-10-20T10:38:53.524+0000] {logging_mixin.py:188} INFO - [2024-10-20T10:38:53.524+0000] {dag.py:3834} INFO - Setting next_dagrun for example_skip_dag to 2024-10-19 00:00:00+00:00, run_after=2024-10-20 00:00:00+00:00
[2024-10-20T10:38:53.537+0000] {processor.py:183} INFO - Processing /home/airflow/.local/lib/python3.8/site-packages/airflow/example_dags/example_skip_dag.py took 0.057 seconds
[2024-10-20T10:39:23.715+0000] {processor.py:161} INFO - Started process (PID=487) to work on /home/airflow/.local/lib/python3.8/site-packages/airflow/example_dags/example_skip_dag.py
[2024-10-20T10:39:23.716+0000] {processor.py:830} INFO - Processing file /home/airflow/.local/lib/python3.8/site-packages/airflow/example_dags/example_skip_dag.py for tasks to queue
[2024-10-20T10:39:23.719+0000] {logging_mixin.py:188} INFO - [2024-10-20T10:39:23.719+0000] {dagbag.py:540} INFO - Filling up the DagBag from /home/airflow/.local/lib/python3.8/site-packages/airflow/example_dags/example_skip_dag.py
[2024-10-20T10:39:23.724+0000] {processor.py:840} INFO - DAG(s) 'example_skip_dag' retrieved from /home/airflow/.local/lib/python3.8/site-packages/airflow/example_dags/example_skip_dag.py
[2024-10-20T10:39:23.746+0000] {logging_mixin.py:188} INFO - [2024-10-20T10:39:23.746+0000] {dag.py:3047} INFO - Sync 1 DAGs
[2024-10-20T10:39:23.766+0000] {logging_mixin.py:188} INFO - [2024-10-20T10:39:23.766+0000] {dag.py:3834} INFO - Setting next_dagrun for example_skip_dag to 2024-10-19 00:00:00+00:00, run_after=2024-10-20 00:00:00+00:00
[2024-10-20T10:39:23.782+0000] {processor.py:183} INFO - Processing /home/airflow/.local/lib/python3.8/site-packages/airflow/example_dags/example_skip_dag.py took 0.070 seconds
[2024-10-20T10:39:54.051+0000] {processor.py:161} INFO - Started process (PID=543) to work on /home/airflow/.local/lib/python3.8/site-packages/airflow/example_dags/example_skip_dag.py
[2024-10-20T10:39:54.053+0000] {processor.py:830} INFO - Processing file /home/airflow/.local/lib/python3.8/site-packages/airflow/example_dags/example_skip_dag.py for tasks to queue
[2024-10-20T10:39:54.055+0000] {logging_mixin.py:188} INFO - [2024-10-20T10:39:54.055+0000] {dagbag.py:540} INFO - Filling up the DagBag from /home/airflow/.local/lib/python3.8/site-packages/airflow/example_dags/example_skip_dag.py
[2024-10-20T10:39:54.061+0000] {processor.py:840} INFO - DAG(s) 'example_skip_dag' retrieved from /home/airflow/.local/lib/python3.8/site-packages/airflow/example_dags/example_skip_dag.py
[2024-10-20T10:39:54.079+0000] {logging_mixin.py:188} INFO - [2024-10-20T10:39:54.079+0000] {dag.py:3047} INFO - Sync 1 DAGs
[2024-10-20T10:39:54.095+0000] {logging_mixin.py:188} INFO - [2024-10-20T10:39:54.095+0000] {dag.py:3834} INFO - Setting next_dagrun for example_skip_dag to 2024-10-19 00:00:00+00:00, run_after=2024-10-20 00:00:00+00:00
[2024-10-20T10:39:54.113+0000] {processor.py:183} INFO - Processing /home/airflow/.local/lib/python3.8/site-packages/airflow/example_dags/example_skip_dag.py took 0.064 seconds
[2024-10-20T10:40:24.206+0000] {processor.py:161} INFO - Started process (PID=599) to work on /home/airflow/.local/lib/python3.8/site-packages/airflow/example_dags/example_skip_dag.py
[2024-10-20T10:40:24.207+0000] {processor.py:830} INFO - Processing file /home/airflow/.local/lib/python3.8/site-packages/airflow/example_dags/example_skip_dag.py for tasks to queue
[2024-10-20T10:40:24.208+0000] {logging_mixin.py:188} INFO - [2024-10-20T10:40:24.208+0000] {dagbag.py:540} INFO - Filling up the DagBag from /home/airflow/.local/lib/python3.8/site-packages/airflow/example_dags/example_skip_dag.py
[2024-10-20T10:40:24.213+0000] {processor.py:840} INFO - DAG(s) 'example_skip_dag' retrieved from /home/airflow/.local/lib/python3.8/site-packages/airflow/example_dags/example_skip_dag.py
[2024-10-20T10:40:24.229+0000] {logging_mixin.py:188} INFO - [2024-10-20T10:40:24.229+0000] {dag.py:3047} INFO - Sync 1 DAGs
[2024-10-20T10:40:24.249+0000] {logging_mixin.py:188} INFO - [2024-10-20T10:40:24.249+0000] {dag.py:3834} INFO - Setting next_dagrun for example_skip_dag to 2024-10-19 00:00:00+00:00, run_after=2024-10-20 00:00:00+00:00
[2024-10-20T10:40:24.266+0000] {processor.py:183} INFO - Processing /home/airflow/.local/lib/python3.8/site-packages/airflow/example_dags/example_skip_dag.py took 0.063 seconds
[2024-10-20T10:40:54.433+0000] {processor.py:161} INFO - Started process (PID=655) to work on /home/airflow/.local/lib/python3.8/site-packages/airflow/example_dags/example_skip_dag.py
[2024-10-20T10:40:54.437+0000] {processor.py:830} INFO - Processing file /home/airflow/.local/lib/python3.8/site-packages/airflow/example_dags/example_skip_dag.py for tasks to queue
[2024-10-20T10:40:54.442+0000] {logging_mixin.py:188} INFO - [2024-10-20T10:40:54.441+0000] {dagbag.py:540} INFO - Filling up the DagBag from /home/airflow/.local/lib/python3.8/site-packages/airflow/example_dags/example_skip_dag.py
[2024-10-20T10:40:54.454+0000] {processor.py:840} INFO - DAG(s) 'example_skip_dag' retrieved from /home/airflow/.local/lib/python3.8/site-packages/airflow/example_dags/example_skip_dag.py
[2024-10-20T10:40:54.485+0000] {logging_mixin.py:188} INFO - [2024-10-20T10:40:54.484+0000] {dag.py:3047} INFO - Sync 1 DAGs
[2024-10-20T10:40:54.517+0000] {logging_mixin.py:188} INFO - [2024-10-20T10:40:54.517+0000] {dag.py:3834} INFO - Setting next_dagrun for example_skip_dag to 2024-10-19 00:00:00+00:00, run_after=2024-10-20 00:00:00+00:00
[2024-10-20T10:40:54.549+0000] {processor.py:183} INFO - Processing /home/airflow/.local/lib/python3.8/site-packages/airflow/example_dags/example_skip_dag.py took 0.120 seconds
[2024-10-20T10:41:24.763+0000] {processor.py:161} INFO - Started process (PID=711) to work on /home/airflow/.local/lib/python3.8/site-packages/airflow/example_dags/example_skip_dag.py
[2024-10-20T10:41:24.764+0000] {processor.py:830} INFO - Processing file /home/airflow/.local/lib/python3.8/site-packages/airflow/example_dags/example_skip_dag.py for tasks to queue
[2024-10-20T10:41:24.766+0000] {logging_mixin.py:188} INFO - [2024-10-20T10:41:24.765+0000] {dagbag.py:540} INFO - Filling up the DagBag from /home/airflow/.local/lib/python3.8/site-packages/airflow/example_dags/example_skip_dag.py
[2024-10-20T10:41:24.772+0000] {processor.py:840} INFO - DAG(s) 'example_skip_dag' retrieved from /home/airflow/.local/lib/python3.8/site-packages/airflow/example_dags/example_skip_dag.py
[2024-10-20T10:41:24.795+0000] {logging_mixin.py:188} INFO - [2024-10-20T10:41:24.795+0000] {dag.py:3047} INFO - Sync 1 DAGs
[2024-10-20T10:41:24.810+0000] {logging_mixin.py:188} INFO - [2024-10-20T10:41:24.810+0000] {dag.py:3834} INFO - Setting next_dagrun for example_skip_dag to 2024-10-19 00:00:00+00:00, run_after=2024-10-20 00:00:00+00:00
[2024-10-20T10:41:24.828+0000] {processor.py:183} INFO - Processing /home/airflow/.local/lib/python3.8/site-packages/airflow/example_dags/example_skip_dag.py took 0.067 seconds
[2024-10-20T10:41:55.668+0000] {processor.py:161} INFO - Started process (PID=767) to work on /home/airflow/.local/lib/python3.8/site-packages/airflow/example_dags/example_skip_dag.py
[2024-10-20T10:41:55.673+0000] {processor.py:830} INFO - Processing file /home/airflow/.local/lib/python3.8/site-packages/airflow/example_dags/example_skip_dag.py for tasks to queue
[2024-10-20T10:41:55.680+0000] {logging_mixin.py:188} INFO - [2024-10-20T10:41:55.680+0000] {dagbag.py:540} INFO - Filling up the DagBag from /home/airflow/.local/lib/python3.8/site-packages/airflow/example_dags/example_skip_dag.py
[2024-10-20T10:41:55.689+0000] {processor.py:840} INFO - DAG(s) 'example_skip_dag' retrieved from /home/airflow/.local/lib/python3.8/site-packages/airflow/example_dags/example_skip_dag.py
[2024-10-20T10:41:55.739+0000] {logging_mixin.py:188} INFO - [2024-10-20T10:41:55.739+0000] {dag.py:3047} INFO - Sync 1 DAGs
[2024-10-20T10:41:55.787+0000] {logging_mixin.py:188} INFO - [2024-10-20T10:41:55.786+0000] {dag.py:3834} INFO - Setting next_dagrun for example_skip_dag to 2024-10-19 00:00:00+00:00, run_after=2024-10-20 00:00:00+00:00
[2024-10-20T10:41:55.826+0000] {processor.py:183} INFO - Processing /home/airflow/.local/lib/python3.8/site-packages/airflow/example_dags/example_skip_dag.py took 0.161 seconds
[2024-10-20T10:42:26.627+0000] {processor.py:161} INFO - Started process (PID=823) to work on /home/airflow/.local/lib/python3.8/site-packages/airflow/example_dags/example_skip_dag.py
[2024-10-20T10:42:26.629+0000] {processor.py:830} INFO - Processing file /home/airflow/.local/lib/python3.8/site-packages/airflow/example_dags/example_skip_dag.py for tasks to queue
[2024-10-20T10:42:26.631+0000] {logging_mixin.py:188} INFO - [2024-10-20T10:42:26.630+0000] {dagbag.py:540} INFO - Filling up the DagBag from /home/airflow/.local/lib/python3.8/site-packages/airflow/example_dags/example_skip_dag.py
[2024-10-20T10:42:26.637+0000] {processor.py:840} INFO - DAG(s) 'example_skip_dag' retrieved from /home/airflow/.local/lib/python3.8/site-packages/airflow/example_dags/example_skip_dag.py
[2024-10-20T10:42:26.662+0000] {logging_mixin.py:188} INFO - [2024-10-20T10:42:26.662+0000] {dag.py:3047} INFO - Sync 1 DAGs
[2024-10-20T10:42:26.677+0000] {logging_mixin.py:188} INFO - [2024-10-20T10:42:26.677+0000] {dag.py:3834} INFO - Setting next_dagrun for example_skip_dag to 2024-10-19 00:00:00+00:00, run_after=2024-10-20 00:00:00+00:00
[2024-10-20T10:42:26.692+0000] {processor.py:183} INFO - Processing /home/airflow/.local/lib/python3.8/site-packages/airflow/example_dags/example_skip_dag.py took 0.068 seconds
[2024-10-20T10:42:56.962+0000] {processor.py:161} INFO - Started process (PID=879) to work on /home/airflow/.local/lib/python3.8/site-packages/airflow/example_dags/example_skip_dag.py
[2024-10-20T10:42:56.964+0000] {processor.py:830} INFO - Processing file /home/airflow/.local/lib/python3.8/site-packages/airflow/example_dags/example_skip_dag.py for tasks to queue
[2024-10-20T10:42:56.966+0000] {logging_mixin.py:188} INFO - [2024-10-20T10:42:56.965+0000] {dagbag.py:540} INFO - Filling up the DagBag from /home/airflow/.local/lib/python3.8/site-packages/airflow/example_dags/example_skip_dag.py
[2024-10-20T10:42:56.974+0000] {processor.py:840} INFO - DAG(s) 'example_skip_dag' retrieved from /home/airflow/.local/lib/python3.8/site-packages/airflow/example_dags/example_skip_dag.py
[2024-10-20T10:42:56.994+0000] {logging_mixin.py:188} INFO - [2024-10-20T10:42:56.993+0000] {dag.py:3047} INFO - Sync 1 DAGs
[2024-10-20T10:42:57.012+0000] {logging_mixin.py:188} INFO - [2024-10-20T10:42:57.012+0000] {dag.py:3834} INFO - Setting next_dagrun for example_skip_dag to 2024-10-19 00:00:00+00:00, run_after=2024-10-20 00:00:00+00:00
[2024-10-20T10:42:57.029+0000] {processor.py:183} INFO - Processing /home/airflow/.local/lib/python3.8/site-packages/airflow/example_dags/example_skip_dag.py took 0.071 seconds
[2024-10-20T10:43:27.201+0000] {processor.py:161} INFO - Started process (PID=935) to work on /home/airflow/.local/lib/python3.8/site-packages/airflow/example_dags/example_skip_dag.py
[2024-10-20T10:43:27.201+0000] {processor.py:830} INFO - Processing file /home/airflow/.local/lib/python3.8/site-packages/airflow/example_dags/example_skip_dag.py for tasks to queue
[2024-10-20T10:43:27.204+0000] {logging_mixin.py:188} INFO - [2024-10-20T10:43:27.204+0000] {dagbag.py:540} INFO - Filling up the DagBag from /home/airflow/.local/lib/python3.8/site-packages/airflow/example_dags/example_skip_dag.py
[2024-10-20T10:43:27.209+0000] {processor.py:840} INFO - DAG(s) 'example_skip_dag' retrieved from /home/airflow/.local/lib/python3.8/site-packages/airflow/example_dags/example_skip_dag.py
[2024-10-20T10:43:27.230+0000] {logging_mixin.py:188} INFO - [2024-10-20T10:43:27.229+0000] {dag.py:3047} INFO - Sync 1 DAGs
[2024-10-20T10:43:27.246+0000] {logging_mixin.py:188} INFO - [2024-10-20T10:43:27.245+0000] {dag.py:3834} INFO - Setting next_dagrun for example_skip_dag to 2024-10-19 00:00:00+00:00, run_after=2024-10-20 00:00:00+00:00
[2024-10-20T10:43:27.259+0000] {processor.py:183} INFO - Processing /home/airflow/.local/lib/python3.8/site-packages/airflow/example_dags/example_skip_dag.py took 0.061 seconds
[2024-10-20T10:43:57.524+0000] {processor.py:161} INFO - Started process (PID=991) to work on /home/airflow/.local/lib/python3.8/site-packages/airflow/example_dags/example_skip_dag.py
[2024-10-20T10:43:57.527+0000] {processor.py:830} INFO - Processing file /home/airflow/.local/lib/python3.8/site-packages/airflow/example_dags/example_skip_dag.py for tasks to queue
[2024-10-20T10:43:57.528+0000] {logging_mixin.py:188} INFO - [2024-10-20T10:43:57.528+0000] {dagbag.py:540} INFO - Filling up the DagBag from /home/airflow/.local/lib/python3.8/site-packages/airflow/example_dags/example_skip_dag.py
[2024-10-20T10:43:57.532+0000] {processor.py:840} INFO - DAG(s) 'example_skip_dag' retrieved from /home/airflow/.local/lib/python3.8/site-packages/airflow/example_dags/example_skip_dag.py
[2024-10-20T10:43:57.556+0000] {logging_mixin.py:188} INFO - [2024-10-20T10:43:57.556+0000] {dag.py:3047} INFO - Sync 1 DAGs
[2024-10-20T10:43:57.571+0000] {logging_mixin.py:188} INFO - [2024-10-20T10:43:57.571+0000] {dag.py:3834} INFO - Setting next_dagrun for example_skip_dag to 2024-10-19 00:00:00+00:00, run_after=2024-10-20 00:00:00+00:00
[2024-10-20T10:43:57.590+0000] {processor.py:183} INFO - Processing /home/airflow/.local/lib/python3.8/site-packages/airflow/example_dags/example_skip_dag.py took 0.069 seconds
[2024-10-20T10:44:27.667+0000] {processor.py:161} INFO - Started process (PID=1047) to work on /home/airflow/.local/lib/python3.8/site-packages/airflow/example_dags/example_skip_dag.py
[2024-10-20T10:44:27.668+0000] {processor.py:830} INFO - Processing file /home/airflow/.local/lib/python3.8/site-packages/airflow/example_dags/example_skip_dag.py for tasks to queue
[2024-10-20T10:44:27.670+0000] {logging_mixin.py:188} INFO - [2024-10-20T10:44:27.670+0000] {dagbag.py:540} INFO - Filling up the DagBag from /home/airflow/.local/lib/python3.8/site-packages/airflow/example_dags/example_skip_dag.py
[2024-10-20T10:44:27.674+0000] {processor.py:840} INFO - DAG(s) 'example_skip_dag' retrieved from /home/airflow/.local/lib/python3.8/site-packages/airflow/example_dags/example_skip_dag.py
[2024-10-20T10:44:27.693+0000] {logging_mixin.py:188} INFO - [2024-10-20T10:44:27.693+0000] {dag.py:3047} INFO - Sync 1 DAGs
[2024-10-20T10:44:27.710+0000] {logging_mixin.py:188} INFO - [2024-10-20T10:44:27.709+0000] {dag.py:3834} INFO - Setting next_dagrun for example_skip_dag to 2024-10-19 00:00:00+00:00, run_after=2024-10-20 00:00:00+00:00
[2024-10-20T10:44:27.724+0000] {processor.py:183} INFO - Processing /home/airflow/.local/lib/python3.8/site-packages/airflow/example_dags/example_skip_dag.py took 0.059 seconds
[2024-10-20T10:44:58.019+0000] {processor.py:161} INFO - Started process (PID=1103) to work on /home/airflow/.local/lib/python3.8/site-packages/airflow/example_dags/example_skip_dag.py
[2024-10-20T10:44:58.022+0000] {processor.py:830} INFO - Processing file /home/airflow/.local/lib/python3.8/site-packages/airflow/example_dags/example_skip_dag.py for tasks to queue
[2024-10-20T10:44:58.023+0000] {logging_mixin.py:188} INFO - [2024-10-20T10:44:58.023+0000] {dagbag.py:540} INFO - Filling up the DagBag from /home/airflow/.local/lib/python3.8/site-packages/airflow/example_dags/example_skip_dag.py
[2024-10-20T10:44:58.028+0000] {processor.py:840} INFO - DAG(s) 'example_skip_dag' retrieved from /home/airflow/.local/lib/python3.8/site-packages/airflow/example_dags/example_skip_dag.py
[2024-10-20T10:44:58.051+0000] {logging_mixin.py:188} INFO - [2024-10-20T10:44:58.051+0000] {dag.py:3047} INFO - Sync 1 DAGs
[2024-10-20T10:44:58.066+0000] {logging_mixin.py:188} INFO - [2024-10-20T10:44:58.066+0000] {dag.py:3834} INFO - Setting next_dagrun for example_skip_dag to 2024-10-19 00:00:00+00:00, run_after=2024-10-20 00:00:00+00:00
[2024-10-20T10:44:58.081+0000] {processor.py:183} INFO - Processing /home/airflow/.local/lib/python3.8/site-packages/airflow/example_dags/example_skip_dag.py took 0.064 seconds
[2024-10-20T10:45:28.211+0000] {processor.py:161} INFO - Started process (PID=1159) to work on /home/airflow/.local/lib/python3.8/site-packages/airflow/example_dags/example_skip_dag.py
[2024-10-20T10:45:28.213+0000] {processor.py:830} INFO - Processing file /home/airflow/.local/lib/python3.8/site-packages/airflow/example_dags/example_skip_dag.py for tasks to queue
[2024-10-20T10:45:28.215+0000] {logging_mixin.py:188} INFO - [2024-10-20T10:45:28.214+0000] {dagbag.py:540} INFO - Filling up the DagBag from /home/airflow/.local/lib/python3.8/site-packages/airflow/example_dags/example_skip_dag.py
[2024-10-20T10:45:28.221+0000] {processor.py:840} INFO - DAG(s) 'example_skip_dag' retrieved from /home/airflow/.local/lib/python3.8/site-packages/airflow/example_dags/example_skip_dag.py
[2024-10-20T10:45:28.239+0000] {logging_mixin.py:188} INFO - [2024-10-20T10:45:28.239+0000] {dag.py:3047} INFO - Sync 1 DAGs
[2024-10-20T10:45:28.255+0000] {logging_mixin.py:188} INFO - [2024-10-20T10:45:28.255+0000] {dag.py:3834} INFO - Setting next_dagrun for example_skip_dag to 2024-10-19 00:00:00+00:00, run_after=2024-10-20 00:00:00+00:00
[2024-10-20T10:45:28.271+0000] {processor.py:183} INFO - Processing /home/airflow/.local/lib/python3.8/site-packages/airflow/example_dags/example_skip_dag.py took 0.063 seconds
[2024-10-20T10:45:58.431+0000] {processor.py:161} INFO - Started process (PID=1215) to work on /home/airflow/.local/lib/python3.8/site-packages/airflow/example_dags/example_skip_dag.py
[2024-10-20T10:45:58.433+0000] {processor.py:830} INFO - Processing file /home/airflow/.local/lib/python3.8/site-packages/airflow/example_dags/example_skip_dag.py for tasks to queue
[2024-10-20T10:45:58.435+0000] {logging_mixin.py:188} INFO - [2024-10-20T10:45:58.435+0000] {dagbag.py:540} INFO - Filling up the DagBag from /home/airflow/.local/lib/python3.8/site-packages/airflow/example_dags/example_skip_dag.py
[2024-10-20T10:45:58.442+0000] {processor.py:840} INFO - DAG(s) 'example_skip_dag' retrieved from /home/airflow/.local/lib/python3.8/site-packages/airflow/example_dags/example_skip_dag.py
[2024-10-20T10:45:58.459+0000] {logging_mixin.py:188} INFO - [2024-10-20T10:45:58.458+0000] {dag.py:3047} INFO - Sync 1 DAGs
[2024-10-20T10:45:58.473+0000] {logging_mixin.py:188} INFO - [2024-10-20T10:45:58.473+0000] {dag.py:3834} INFO - Setting next_dagrun for example_skip_dag to 2024-10-19 00:00:00+00:00, run_after=2024-10-20 00:00:00+00:00
[2024-10-20T10:45:58.490+0000] {processor.py:183} INFO - Processing /home/airflow/.local/lib/python3.8/site-packages/airflow/example_dags/example_skip_dag.py took 0.061 seconds
[2024-10-20T10:46:28.676+0000] {processor.py:161} INFO - Started process (PID=1271) to work on /home/airflow/.local/lib/python3.8/site-packages/airflow/example_dags/example_skip_dag.py
[2024-10-20T10:46:28.677+0000] {processor.py:830} INFO - Processing file /home/airflow/.local/lib/python3.8/site-packages/airflow/example_dags/example_skip_dag.py for tasks to queue
[2024-10-20T10:46:28.679+0000] {logging_mixin.py:188} INFO - [2024-10-20T10:46:28.678+0000] {dagbag.py:540} INFO - Filling up the DagBag from /home/airflow/.local/lib/python3.8/site-packages/airflow/example_dags/example_skip_dag.py
[2024-10-20T10:46:28.683+0000] {processor.py:840} INFO - DAG(s) 'example_skip_dag' retrieved from /home/airflow/.local/lib/python3.8/site-packages/airflow/example_dags/example_skip_dag.py
[2024-10-20T10:46:28.697+0000] {logging_mixin.py:188} INFO - [2024-10-20T10:46:28.697+0000] {dag.py:3047} INFO - Sync 1 DAGs
[2024-10-20T10:46:28.711+0000] {logging_mixin.py:188} INFO - [2024-10-20T10:46:28.710+0000] {dag.py:3834} INFO - Setting next_dagrun for example_skip_dag to 2024-10-19 00:00:00+00:00, run_after=2024-10-20 00:00:00+00:00
[2024-10-20T10:46:28.722+0000] {processor.py:183} INFO - Processing /home/airflow/.local/lib/python3.8/site-packages/airflow/example_dags/example_skip_dag.py took 0.049 seconds
[2024-10-20T10:46:59.352+0000] {processor.py:161} INFO - Started process (PID=1327) to work on /home/airflow/.local/lib/python3.8/site-packages/airflow/example_dags/example_skip_dag.py
[2024-10-20T10:46:59.355+0000] {processor.py:830} INFO - Processing file /home/airflow/.local/lib/python3.8/site-packages/airflow/example_dags/example_skip_dag.py for tasks to queue
[2024-10-20T10:46:59.357+0000] {logging_mixin.py:188} INFO - [2024-10-20T10:46:59.357+0000] {dagbag.py:540} INFO - Filling up the DagBag from /home/airflow/.local/lib/python3.8/site-packages/airflow/example_dags/example_skip_dag.py
[2024-10-20T10:46:59.367+0000] {processor.py:840} INFO - DAG(s) 'example_skip_dag' retrieved from /home/airflow/.local/lib/python3.8/site-packages/airflow/example_dags/example_skip_dag.py
[2024-10-20T10:46:59.383+0000] {logging_mixin.py:188} INFO - [2024-10-20T10:46:59.383+0000] {dag.py:3047} INFO - Sync 1 DAGs
[2024-10-20T10:46:59.398+0000] {logging_mixin.py:188} INFO - [2024-10-20T10:46:59.398+0000] {dag.py:3834} INFO - Setting next_dagrun for example_skip_dag to 2024-10-19 00:00:00+00:00, run_after=2024-10-20 00:00:00+00:00
[2024-10-20T10:46:59.412+0000] {processor.py:183} INFO - Processing /home/airflow/.local/lib/python3.8/site-packages/airflow/example_dags/example_skip_dag.py took 0.063 seconds
[2024-10-20T10:47:29.603+0000] {processor.py:161} INFO - Started process (PID=1383) to work on /home/airflow/.local/lib/python3.8/site-packages/airflow/example_dags/example_skip_dag.py
[2024-10-20T10:47:29.605+0000] {processor.py:830} INFO - Processing file /home/airflow/.local/lib/python3.8/site-packages/airflow/example_dags/example_skip_dag.py for tasks to queue
[2024-10-20T10:47:29.606+0000] {logging_mixin.py:188} INFO - [2024-10-20T10:47:29.606+0000] {dagbag.py:540} INFO - Filling up the DagBag from /home/airflow/.local/lib/python3.8/site-packages/airflow/example_dags/example_skip_dag.py
[2024-10-20T10:47:29.612+0000] {processor.py:840} INFO - DAG(s) 'example_skip_dag' retrieved from /home/airflow/.local/lib/python3.8/site-packages/airflow/example_dags/example_skip_dag.py
[2024-10-20T10:47:29.660+0000] {logging_mixin.py:188} INFO - [2024-10-20T10:47:29.660+0000] {dag.py:3047} INFO - Sync 1 DAGs
[2024-10-20T10:47:29.679+0000] {logging_mixin.py:188} INFO - [2024-10-20T10:47:29.679+0000] {dag.py:3834} INFO - Setting next_dagrun for example_skip_dag to 2024-10-19 00:00:00+00:00, run_after=2024-10-20 00:00:00+00:00
[2024-10-20T10:47:29.700+0000] {processor.py:183} INFO - Processing /home/airflow/.local/lib/python3.8/site-packages/airflow/example_dags/example_skip_dag.py took 0.100 seconds
[2024-10-20T10:47:59.944+0000] {processor.py:161} INFO - Started process (PID=1439) to work on /home/airflow/.local/lib/python3.8/site-packages/airflow/example_dags/example_skip_dag.py
[2024-10-20T10:47:59.945+0000] {processor.py:830} INFO - Processing file /home/airflow/.local/lib/python3.8/site-packages/airflow/example_dags/example_skip_dag.py for tasks to queue
[2024-10-20T10:47:59.947+0000] {logging_mixin.py:188} INFO - [2024-10-20T10:47:59.947+0000] {dagbag.py:540} INFO - Filling up the DagBag from /home/airflow/.local/lib/python3.8/site-packages/airflow/example_dags/example_skip_dag.py
[2024-10-20T10:47:59.955+0000] {processor.py:840} INFO - DAG(s) 'example_skip_dag' retrieved from /home/airflow/.local/lib/python3.8/site-packages/airflow/example_dags/example_skip_dag.py
[2024-10-20T10:47:59.982+0000] {logging_mixin.py:188} INFO - [2024-10-20T10:47:59.982+0000] {dag.py:3047} INFO - Sync 1 DAGs
[2024-10-20T10:48:00.008+0000] {logging_mixin.py:188} INFO - [2024-10-20T10:48:00.008+0000] {dag.py:3834} INFO - Setting next_dagrun for example_skip_dag to 2024-10-19 00:00:00+00:00, run_after=2024-10-20 00:00:00+00:00
[2024-10-20T10:48:00.026+0000] {processor.py:183} INFO - Processing /home/airflow/.local/lib/python3.8/site-packages/airflow/example_dags/example_skip_dag.py took 0.085 seconds
[2024-10-20T10:48:30.215+0000] {processor.py:161} INFO - Started process (PID=1495) to work on /home/airflow/.local/lib/python3.8/site-packages/airflow/example_dags/example_skip_dag.py
[2024-10-20T10:48:30.218+0000] {processor.py:830} INFO - Processing file /home/airflow/.local/lib/python3.8/site-packages/airflow/example_dags/example_skip_dag.py for tasks to queue
[2024-10-20T10:48:30.221+0000] {logging_mixin.py:188} INFO - [2024-10-20T10:48:30.221+0000] {dagbag.py:540} INFO - Filling up the DagBag from /home/airflow/.local/lib/python3.8/site-packages/airflow/example_dags/example_skip_dag.py
[2024-10-20T10:48:30.226+0000] {processor.py:840} INFO - DAG(s) 'example_skip_dag' retrieved from /home/airflow/.local/lib/python3.8/site-packages/airflow/example_dags/example_skip_dag.py
[2024-10-20T10:48:30.243+0000] {logging_mixin.py:188} INFO - [2024-10-20T10:48:30.242+0000] {dag.py:3047} INFO - Sync 1 DAGs
[2024-10-20T10:48:30.260+0000] {logging_mixin.py:188} INFO - [2024-10-20T10:48:30.260+0000] {dag.py:3834} INFO - Setting next_dagrun for example_skip_dag to 2024-10-19 00:00:00+00:00, run_after=2024-10-20 00:00:00+00:00
[2024-10-20T10:48:30.279+0000] {processor.py:183} INFO - Processing /home/airflow/.local/lib/python3.8/site-packages/airflow/example_dags/example_skip_dag.py took 0.066 seconds
[2024-10-20T10:49:00.515+0000] {processor.py:161} INFO - Started process (PID=1551) to work on /home/airflow/.local/lib/python3.8/site-packages/airflow/example_dags/example_skip_dag.py
[2024-10-20T10:49:00.516+0000] {processor.py:830} INFO - Processing file /home/airflow/.local/lib/python3.8/site-packages/airflow/example_dags/example_skip_dag.py for tasks to queue
[2024-10-20T10:49:00.518+0000] {logging_mixin.py:188} INFO - [2024-10-20T10:49:00.518+0000] {dagbag.py:540} INFO - Filling up the DagBag from /home/airflow/.local/lib/python3.8/site-packages/airflow/example_dags/example_skip_dag.py
[2024-10-20T10:49:00.525+0000] {processor.py:840} INFO - DAG(s) 'example_skip_dag' retrieved from /home/airflow/.local/lib/python3.8/site-packages/airflow/example_dags/example_skip_dag.py
[2024-10-20T10:49:00.563+0000] {logging_mixin.py:188} INFO - [2024-10-20T10:49:00.562+0000] {dag.py:3047} INFO - Sync 1 DAGs
[2024-10-20T10:49:00.593+0000] {logging_mixin.py:188} INFO - [2024-10-20T10:49:00.593+0000] {dag.py:3834} INFO - Setting next_dagrun for example_skip_dag to 2024-10-19 00:00:00+00:00, run_after=2024-10-20 00:00:00+00:00
[2024-10-20T10:49:00.637+0000] {processor.py:183} INFO - Processing /home/airflow/.local/lib/python3.8/site-packages/airflow/example_dags/example_skip_dag.py took 0.125 seconds
[2024-10-20T10:49:30.781+0000] {processor.py:161} INFO - Started process (PID=1607) to work on /home/airflow/.local/lib/python3.8/site-packages/airflow/example_dags/example_skip_dag.py
[2024-10-20T10:49:30.784+0000] {processor.py:830} INFO - Processing file /home/airflow/.local/lib/python3.8/site-packages/airflow/example_dags/example_skip_dag.py for tasks to queue
[2024-10-20T10:49:30.786+0000] {logging_mixin.py:188} INFO - [2024-10-20T10:49:30.786+0000] {dagbag.py:540} INFO - Filling up the DagBag from /home/airflow/.local/lib/python3.8/site-packages/airflow/example_dags/example_skip_dag.py
[2024-10-20T10:49:30.792+0000] {processor.py:840} INFO - DAG(s) 'example_skip_dag' retrieved from /home/airflow/.local/lib/python3.8/site-packages/airflow/example_dags/example_skip_dag.py
[2024-10-20T10:49:30.808+0000] {logging_mixin.py:188} INFO - [2024-10-20T10:49:30.808+0000] {dag.py:3047} INFO - Sync 1 DAGs
[2024-10-20T10:49:30.826+0000] {logging_mixin.py:188} INFO - [2024-10-20T10:49:30.826+0000] {dag.py:3834} INFO - Setting next_dagrun for example_skip_dag to 2024-10-19 00:00:00+00:00, run_after=2024-10-20 00:00:00+00:00
[2024-10-20T10:49:30.844+0000] {processor.py:183} INFO - Processing /home/airflow/.local/lib/python3.8/site-packages/airflow/example_dags/example_skip_dag.py took 0.066 seconds
[2024-10-20T10:50:01.271+0000] {processor.py:161} INFO - Started process (PID=1663) to work on /home/airflow/.local/lib/python3.8/site-packages/airflow/example_dags/example_skip_dag.py
[2024-10-20T10:50:01.272+0000] {processor.py:830} INFO - Processing file /home/airflow/.local/lib/python3.8/site-packages/airflow/example_dags/example_skip_dag.py for tasks to queue
[2024-10-20T10:50:01.274+0000] {logging_mixin.py:188} INFO - [2024-10-20T10:50:01.273+0000] {dagbag.py:540} INFO - Filling up the DagBag from /home/airflow/.local/lib/python3.8/site-packages/airflow/example_dags/example_skip_dag.py
[2024-10-20T10:50:01.279+0000] {processor.py:840} INFO - DAG(s) 'example_skip_dag' retrieved from /home/airflow/.local/lib/python3.8/site-packages/airflow/example_dags/example_skip_dag.py
[2024-10-20T10:50:01.299+0000] {logging_mixin.py:188} INFO - [2024-10-20T10:50:01.299+0000] {dag.py:3047} INFO - Sync 1 DAGs
[2024-10-20T10:50:01.318+0000] {logging_mixin.py:188} INFO - [2024-10-20T10:50:01.318+0000] {dag.py:3834} INFO - Setting next_dagrun for example_skip_dag to 2024-10-19 00:00:00+00:00, run_after=2024-10-20 00:00:00+00:00
[2024-10-20T10:50:01.334+0000] {processor.py:183} INFO - Processing /home/airflow/.local/lib/python3.8/site-packages/airflow/example_dags/example_skip_dag.py took 0.065 seconds
[2024-10-20T10:50:31.418+0000] {processor.py:161} INFO - Started process (PID=1719) to work on /home/airflow/.local/lib/python3.8/site-packages/airflow/example_dags/example_skip_dag.py
[2024-10-20T10:50:31.419+0000] {processor.py:830} INFO - Processing file /home/airflow/.local/lib/python3.8/site-packages/airflow/example_dags/example_skip_dag.py for tasks to queue
[2024-10-20T10:50:31.420+0000] {logging_mixin.py:188} INFO - [2024-10-20T10:50:31.420+0000] {dagbag.py:540} INFO - Filling up the DagBag from /home/airflow/.local/lib/python3.8/site-packages/airflow/example_dags/example_skip_dag.py
[2024-10-20T10:50:31.425+0000] {processor.py:840} INFO - DAG(s) 'example_skip_dag' retrieved from /home/airflow/.local/lib/python3.8/site-packages/airflow/example_dags/example_skip_dag.py
[2024-10-20T10:50:31.443+0000] {logging_mixin.py:188} INFO - [2024-10-20T10:50:31.443+0000] {dag.py:3047} INFO - Sync 1 DAGs
[2024-10-20T10:50:31.459+0000] {logging_mixin.py:188} INFO - [2024-10-20T10:50:31.459+0000] {dag.py:3834} INFO - Setting next_dagrun for example_skip_dag to 2024-10-19 00:00:00+00:00, run_after=2024-10-20 00:00:00+00:00
[2024-10-20T10:50:31.476+0000] {processor.py:183} INFO - Processing /home/airflow/.local/lib/python3.8/site-packages/airflow/example_dags/example_skip_dag.py took 0.060 seconds
[2024-10-20T10:51:01.502+0000] {processor.py:161} INFO - Started process (PID=1775) to work on /home/airflow/.local/lib/python3.8/site-packages/airflow/example_dags/example_skip_dag.py
[2024-10-20T10:51:01.503+0000] {processor.py:830} INFO - Processing file /home/airflow/.local/lib/python3.8/site-packages/airflow/example_dags/example_skip_dag.py for tasks to queue
[2024-10-20T10:51:01.505+0000] {logging_mixin.py:188} INFO - [2024-10-20T10:51:01.505+0000] {dagbag.py:540} INFO - Filling up the DagBag from /home/airflow/.local/lib/python3.8/site-packages/airflow/example_dags/example_skip_dag.py
[2024-10-20T10:51:01.510+0000] {processor.py:840} INFO - DAG(s) 'example_skip_dag' retrieved from /home/airflow/.local/lib/python3.8/site-packages/airflow/example_dags/example_skip_dag.py
[2024-10-20T10:51:01.529+0000] {logging_mixin.py:188} INFO - [2024-10-20T10:51:01.529+0000] {dag.py:3047} INFO - Sync 1 DAGs
[2024-10-20T10:51:01.544+0000] {logging_mixin.py:188} INFO - [2024-10-20T10:51:01.544+0000] {dag.py:3834} INFO - Setting next_dagrun for example_skip_dag to 2024-10-19 00:00:00+00:00, run_after=2024-10-20 00:00:00+00:00
[2024-10-20T10:51:01.557+0000] {processor.py:183} INFO - Processing /home/airflow/.local/lib/python3.8/site-packages/airflow/example_dags/example_skip_dag.py took 0.058 seconds
[2024-10-20T10:51:31.766+0000] {processor.py:161} INFO - Started process (PID=1831) to work on /home/airflow/.local/lib/python3.8/site-packages/airflow/example_dags/example_skip_dag.py
[2024-10-20T10:51:31.769+0000] {processor.py:830} INFO - Processing file /home/airflow/.local/lib/python3.8/site-packages/airflow/example_dags/example_skip_dag.py for tasks to queue
[2024-10-20T10:51:31.770+0000] {logging_mixin.py:188} INFO - [2024-10-20T10:51:31.770+0000] {dagbag.py:540} INFO - Filling up the DagBag from /home/airflow/.local/lib/python3.8/site-packages/airflow/example_dags/example_skip_dag.py
[2024-10-20T10:51:31.775+0000] {processor.py:840} INFO - DAG(s) 'example_skip_dag' retrieved from /home/airflow/.local/lib/python3.8/site-packages/airflow/example_dags/example_skip_dag.py
[2024-10-20T10:51:31.794+0000] {logging_mixin.py:188} INFO - [2024-10-20T10:51:31.794+0000] {dag.py:3047} INFO - Sync 1 DAGs
[2024-10-20T10:51:31.810+0000] {logging_mixin.py:188} INFO - [2024-10-20T10:51:31.810+0000] {dag.py:3834} INFO - Setting next_dagrun for example_skip_dag to 2024-10-19 00:00:00+00:00, run_after=2024-10-20 00:00:00+00:00
[2024-10-20T10:51:31.826+0000] {processor.py:183} INFO - Processing /home/airflow/.local/lib/python3.8/site-packages/airflow/example_dags/example_skip_dag.py took 0.063 seconds
[2024-10-20T10:52:01.887+0000] {processor.py:161} INFO - Started process (PID=1887) to work on /home/airflow/.local/lib/python3.8/site-packages/airflow/example_dags/example_skip_dag.py
[2024-10-20T10:52:01.888+0000] {processor.py:830} INFO - Processing file /home/airflow/.local/lib/python3.8/site-packages/airflow/example_dags/example_skip_dag.py for tasks to queue
[2024-10-20T10:52:01.891+0000] {logging_mixin.py:188} INFO - [2024-10-20T10:52:01.891+0000] {dagbag.py:540} INFO - Filling up the DagBag from /home/airflow/.local/lib/python3.8/site-packages/airflow/example_dags/example_skip_dag.py
[2024-10-20T10:52:01.896+0000] {processor.py:840} INFO - DAG(s) 'example_skip_dag' retrieved from /home/airflow/.local/lib/python3.8/site-packages/airflow/example_dags/example_skip_dag.py
[2024-10-20T10:52:01.914+0000] {logging_mixin.py:188} INFO - [2024-10-20T10:52:01.914+0000] {dag.py:3047} INFO - Sync 1 DAGs
[2024-10-20T10:52:01.930+0000] {logging_mixin.py:188} INFO - [2024-10-20T10:52:01.929+0000] {dag.py:3834} INFO - Setting next_dagrun for example_skip_dag to 2024-10-19 00:00:00+00:00, run_after=2024-10-20 00:00:00+00:00
[2024-10-20T10:52:01.941+0000] {processor.py:183} INFO - Processing /home/airflow/.local/lib/python3.8/site-packages/airflow/example_dags/example_skip_dag.py took 0.055 seconds
[2024-10-20T10:52:32.080+0000] {processor.py:161} INFO - Started process (PID=1942) to work on /home/airflow/.local/lib/python3.8/site-packages/airflow/example_dags/example_skip_dag.py
[2024-10-20T10:52:32.080+0000] {processor.py:830} INFO - Processing file /home/airflow/.local/lib/python3.8/site-packages/airflow/example_dags/example_skip_dag.py for tasks to queue
[2024-10-20T10:52:32.082+0000] {logging_mixin.py:188} INFO - [2024-10-20T10:52:32.081+0000] {dagbag.py:540} INFO - Filling up the DagBag from /home/airflow/.local/lib/python3.8/site-packages/airflow/example_dags/example_skip_dag.py
[2024-10-20T10:52:32.088+0000] {processor.py:840} INFO - DAG(s) 'example_skip_dag' retrieved from /home/airflow/.local/lib/python3.8/site-packages/airflow/example_dags/example_skip_dag.py
[2024-10-20T10:52:32.102+0000] {logging_mixin.py:188} INFO - [2024-10-20T10:52:32.102+0000] {dag.py:3047} INFO - Sync 1 DAGs
[2024-10-20T10:52:32.117+0000] {logging_mixin.py:188} INFO - [2024-10-20T10:52:32.117+0000] {dag.py:3834} INFO - Setting next_dagrun for example_skip_dag to 2024-10-19 00:00:00+00:00, run_after=2024-10-20 00:00:00+00:00
[2024-10-20T10:52:32.134+0000] {processor.py:183} INFO - Processing /home/airflow/.local/lib/python3.8/site-packages/airflow/example_dags/example_skip_dag.py took 0.056 seconds
[2024-10-20T10:53:03.161+0000] {processor.py:161} INFO - Started process (PID=1998) to work on /home/airflow/.local/lib/python3.8/site-packages/airflow/example_dags/example_skip_dag.py
[2024-10-20T10:53:03.162+0000] {processor.py:830} INFO - Processing file /home/airflow/.local/lib/python3.8/site-packages/airflow/example_dags/example_skip_dag.py for tasks to queue
[2024-10-20T10:53:03.165+0000] {logging_mixin.py:188} INFO - [2024-10-20T10:53:03.165+0000] {dagbag.py:540} INFO - Filling up the DagBag from /home/airflow/.local/lib/python3.8/site-packages/airflow/example_dags/example_skip_dag.py
[2024-10-20T10:53:03.169+0000] {processor.py:840} INFO - DAG(s) 'example_skip_dag' retrieved from /home/airflow/.local/lib/python3.8/site-packages/airflow/example_dags/example_skip_dag.py
[2024-10-20T10:53:03.185+0000] {logging_mixin.py:188} INFO - [2024-10-20T10:53:03.185+0000] {dag.py:3047} INFO - Sync 1 DAGs
[2024-10-20T10:53:03.200+0000] {logging_mixin.py:188} INFO - [2024-10-20T10:53:03.200+0000] {dag.py:3834} INFO - Setting next_dagrun for example_skip_dag to 2024-10-19 00:00:00+00:00, run_after=2024-10-20 00:00:00+00:00
[2024-10-20T10:53:03.211+0000] {processor.py:183} INFO - Processing /home/airflow/.local/lib/python3.8/site-packages/airflow/example_dags/example_skip_dag.py took 0.053 seconds
[2024-10-20T10:53:33.347+0000] {processor.py:161} INFO - Started process (PID=2054) to work on /home/airflow/.local/lib/python3.8/site-packages/airflow/example_dags/example_skip_dag.py
[2024-10-20T10:53:33.349+0000] {processor.py:830} INFO - Processing file /home/airflow/.local/lib/python3.8/site-packages/airflow/example_dags/example_skip_dag.py for tasks to queue
[2024-10-20T10:53:33.350+0000] {logging_mixin.py:188} INFO - [2024-10-20T10:53:33.350+0000] {dagbag.py:540} INFO - Filling up the DagBag from /home/airflow/.local/lib/python3.8/site-packages/airflow/example_dags/example_skip_dag.py
[2024-10-20T10:53:33.357+0000] {processor.py:840} INFO - DAG(s) 'example_skip_dag' retrieved from /home/airflow/.local/lib/python3.8/site-packages/airflow/example_dags/example_skip_dag.py
[2024-10-20T10:53:33.380+0000] {logging_mixin.py:188} INFO - [2024-10-20T10:53:33.379+0000] {dag.py:3047} INFO - Sync 1 DAGs
[2024-10-20T10:53:33.403+0000] {logging_mixin.py:188} INFO - [2024-10-20T10:53:33.403+0000] {dag.py:3834} INFO - Setting next_dagrun for example_skip_dag to 2024-10-19 00:00:00+00:00, run_after=2024-10-20 00:00:00+00:00
[2024-10-20T10:53:33.417+0000] {processor.py:183} INFO - Processing /home/airflow/.local/lib/python3.8/site-packages/airflow/example_dags/example_skip_dag.py took 0.073 seconds
[2024-10-20T10:54:04.337+0000] {processor.py:161} INFO - Started process (PID=2110) to work on /home/airflow/.local/lib/python3.8/site-packages/airflow/example_dags/example_skip_dag.py
[2024-10-20T10:54:04.338+0000] {processor.py:830} INFO - Processing file /home/airflow/.local/lib/python3.8/site-packages/airflow/example_dags/example_skip_dag.py for tasks to queue
[2024-10-20T10:54:04.340+0000] {logging_mixin.py:188} INFO - [2024-10-20T10:54:04.339+0000] {dagbag.py:540} INFO - Filling up the DagBag from /home/airflow/.local/lib/python3.8/site-packages/airflow/example_dags/example_skip_dag.py
[2024-10-20T10:54:04.344+0000] {processor.py:840} INFO - DAG(s) 'example_skip_dag' retrieved from /home/airflow/.local/lib/python3.8/site-packages/airflow/example_dags/example_skip_dag.py
[2024-10-20T10:54:04.362+0000] {logging_mixin.py:188} INFO - [2024-10-20T10:54:04.362+0000] {dag.py:3047} INFO - Sync 1 DAGs
[2024-10-20T10:54:04.381+0000] {logging_mixin.py:188} INFO - [2024-10-20T10:54:04.381+0000] {dag.py:3834} INFO - Setting next_dagrun for example_skip_dag to 2024-10-19 00:00:00+00:00, run_after=2024-10-20 00:00:00+00:00
[2024-10-20T10:54:04.397+0000] {processor.py:183} INFO - Processing /home/airflow/.local/lib/python3.8/site-packages/airflow/example_dags/example_skip_dag.py took 0.062 seconds
[2024-10-20T10:54:34.529+0000] {processor.py:161} INFO - Started process (PID=2165) to work on /home/airflow/.local/lib/python3.8/site-packages/airflow/example_dags/example_skip_dag.py
[2024-10-20T10:54:34.530+0000] {processor.py:830} INFO - Processing file /home/airflow/.local/lib/python3.8/site-packages/airflow/example_dags/example_skip_dag.py for tasks to queue
[2024-10-20T10:54:34.531+0000] {logging_mixin.py:188} INFO - [2024-10-20T10:54:34.531+0000] {dagbag.py:540} INFO - Filling up the DagBag from /home/airflow/.local/lib/python3.8/site-packages/airflow/example_dags/example_skip_dag.py
[2024-10-20T10:54:34.535+0000] {processor.py:840} INFO - DAG(s) 'example_skip_dag' retrieved from /home/airflow/.local/lib/python3.8/site-packages/airflow/example_dags/example_skip_dag.py
[2024-10-20T10:54:34.549+0000] {logging_mixin.py:188} INFO - [2024-10-20T10:54:34.549+0000] {dag.py:3047} INFO - Sync 1 DAGs
[2024-10-20T10:54:34.564+0000] {logging_mixin.py:188} INFO - [2024-10-20T10:54:34.564+0000] {dag.py:3834} INFO - Setting next_dagrun for example_skip_dag to 2024-10-19 00:00:00+00:00, run_after=2024-10-20 00:00:00+00:00
[2024-10-20T10:54:34.574+0000] {processor.py:183} INFO - Processing /home/airflow/.local/lib/python3.8/site-packages/airflow/example_dags/example_skip_dag.py took 0.048 seconds
[2024-10-20T10:55:04.881+0000] {processor.py:161} INFO - Started process (PID=2221) to work on /home/airflow/.local/lib/python3.8/site-packages/airflow/example_dags/example_skip_dag.py
[2024-10-20T10:55:04.882+0000] {processor.py:830} INFO - Processing file /home/airflow/.local/lib/python3.8/site-packages/airflow/example_dags/example_skip_dag.py for tasks to queue
[2024-10-20T10:55:04.883+0000] {logging_mixin.py:188} INFO - [2024-10-20T10:55:04.883+0000] {dagbag.py:540} INFO - Filling up the DagBag from /home/airflow/.local/lib/python3.8/site-packages/airflow/example_dags/example_skip_dag.py
[2024-10-20T10:55:04.887+0000] {processor.py:840} INFO - DAG(s) 'example_skip_dag' retrieved from /home/airflow/.local/lib/python3.8/site-packages/airflow/example_dags/example_skip_dag.py
[2024-10-20T10:55:04.901+0000] {logging_mixin.py:188} INFO - [2024-10-20T10:55:04.901+0000] {dag.py:3047} INFO - Sync 1 DAGs
[2024-10-20T10:55:04.915+0000] {logging_mixin.py:188} INFO - [2024-10-20T10:55:04.915+0000] {dag.py:3834} INFO - Setting next_dagrun for example_skip_dag to 2024-10-19 00:00:00+00:00, run_after=2024-10-20 00:00:00+00:00
[2024-10-20T10:55:04.926+0000] {processor.py:183} INFO - Processing /home/airflow/.local/lib/python3.8/site-packages/airflow/example_dags/example_skip_dag.py took 0.048 seconds
[2024-10-20T10:55:35.886+0000] {processor.py:161} INFO - Started process (PID=2277) to work on /home/airflow/.local/lib/python3.8/site-packages/airflow/example_dags/example_skip_dag.py
[2024-10-20T10:55:35.887+0000] {processor.py:830} INFO - Processing file /home/airflow/.local/lib/python3.8/site-packages/airflow/example_dags/example_skip_dag.py for tasks to queue
[2024-10-20T10:55:35.889+0000] {logging_mixin.py:188} INFO - [2024-10-20T10:55:35.888+0000] {dagbag.py:540} INFO - Filling up the DagBag from /home/airflow/.local/lib/python3.8/site-packages/airflow/example_dags/example_skip_dag.py
[2024-10-20T10:55:35.894+0000] {processor.py:840} INFO - DAG(s) 'example_skip_dag' retrieved from /home/airflow/.local/lib/python3.8/site-packages/airflow/example_dags/example_skip_dag.py
[2024-10-20T10:55:35.909+0000] {logging_mixin.py:188} INFO - [2024-10-20T10:55:35.909+0000] {dag.py:3047} INFO - Sync 1 DAGs
[2024-10-20T10:55:35.924+0000] {logging_mixin.py:188} INFO - [2024-10-20T10:55:35.924+0000] {dag.py:3834} INFO - Setting next_dagrun for example_skip_dag to 2024-10-19 00:00:00+00:00, run_after=2024-10-20 00:00:00+00:00
[2024-10-20T10:55:35.936+0000] {processor.py:183} INFO - Processing /home/airflow/.local/lib/python3.8/site-packages/airflow/example_dags/example_skip_dag.py took 0.053 seconds
[2024-10-20T10:56:05.990+0000] {processor.py:161} INFO - Started process (PID=2332) to work on /home/airflow/.local/lib/python3.8/site-packages/airflow/example_dags/example_skip_dag.py
[2024-10-20T10:56:05.991+0000] {processor.py:830} INFO - Processing file /home/airflow/.local/lib/python3.8/site-packages/airflow/example_dags/example_skip_dag.py for tasks to queue
[2024-10-20T10:56:05.992+0000] {logging_mixin.py:188} INFO - [2024-10-20T10:56:05.992+0000] {dagbag.py:540} INFO - Filling up the DagBag from /home/airflow/.local/lib/python3.8/site-packages/airflow/example_dags/example_skip_dag.py
[2024-10-20T10:56:05.997+0000] {processor.py:840} INFO - DAG(s) 'example_skip_dag' retrieved from /home/airflow/.local/lib/python3.8/site-packages/airflow/example_dags/example_skip_dag.py
[2024-10-20T10:56:06.010+0000] {logging_mixin.py:188} INFO - [2024-10-20T10:56:06.010+0000] {dag.py:3047} INFO - Sync 1 DAGs
[2024-10-20T10:56:06.024+0000] {logging_mixin.py:188} INFO - [2024-10-20T10:56:06.024+0000] {dag.py:3834} INFO - Setting next_dagrun for example_skip_dag to 2024-10-19 00:00:00+00:00, run_after=2024-10-20 00:00:00+00:00
[2024-10-20T10:56:06.035+0000] {processor.py:183} INFO - Processing /home/airflow/.local/lib/python3.8/site-packages/airflow/example_dags/example_skip_dag.py took 0.047 seconds
[2024-10-20T10:56:36.305+0000] {processor.py:161} INFO - Started process (PID=2388) to work on /home/airflow/.local/lib/python3.8/site-packages/airflow/example_dags/example_skip_dag.py
[2024-10-20T10:56:36.306+0000] {processor.py:830} INFO - Processing file /home/airflow/.local/lib/python3.8/site-packages/airflow/example_dags/example_skip_dag.py for tasks to queue
[2024-10-20T10:56:36.307+0000] {logging_mixin.py:188} INFO - [2024-10-20T10:56:36.307+0000] {dagbag.py:540} INFO - Filling up the DagBag from /home/airflow/.local/lib/python3.8/site-packages/airflow/example_dags/example_skip_dag.py
[2024-10-20T10:56:36.312+0000] {processor.py:840} INFO - DAG(s) 'example_skip_dag' retrieved from /home/airflow/.local/lib/python3.8/site-packages/airflow/example_dags/example_skip_dag.py
[2024-10-20T10:56:36.332+0000] {logging_mixin.py:188} INFO - [2024-10-20T10:56:36.332+0000] {dag.py:3047} INFO - Sync 1 DAGs
[2024-10-20T10:56:36.352+0000] {logging_mixin.py:188} INFO - [2024-10-20T10:56:36.351+0000] {dag.py:3834} INFO - Setting next_dagrun for example_skip_dag to 2024-10-19 00:00:00+00:00, run_after=2024-10-20 00:00:00+00:00
[2024-10-20T10:56:36.367+0000] {processor.py:183} INFO - Processing /home/airflow/.local/lib/python3.8/site-packages/airflow/example_dags/example_skip_dag.py took 0.065 seconds
[2024-10-20T10:57:06.748+0000] {processor.py:161} INFO - Started process (PID=2444) to work on /home/airflow/.local/lib/python3.8/site-packages/airflow/example_dags/example_skip_dag.py
[2024-10-20T10:57:06.749+0000] {processor.py:830} INFO - Processing file /home/airflow/.local/lib/python3.8/site-packages/airflow/example_dags/example_skip_dag.py for tasks to queue
[2024-10-20T10:57:06.750+0000] {logging_mixin.py:188} INFO - [2024-10-20T10:57:06.750+0000] {dagbag.py:540} INFO - Filling up the DagBag from /home/airflow/.local/lib/python3.8/site-packages/airflow/example_dags/example_skip_dag.py
[2024-10-20T10:57:06.755+0000] {processor.py:840} INFO - DAG(s) 'example_skip_dag' retrieved from /home/airflow/.local/lib/python3.8/site-packages/airflow/example_dags/example_skip_dag.py
[2024-10-20T10:57:06.775+0000] {logging_mixin.py:188} INFO - [2024-10-20T10:57:06.775+0000] {dag.py:3047} INFO - Sync 1 DAGs
[2024-10-20T10:57:06.794+0000] {logging_mixin.py:188} INFO - [2024-10-20T10:57:06.794+0000] {dag.py:3834} INFO - Setting next_dagrun for example_skip_dag to 2024-10-19 00:00:00+00:00, run_after=2024-10-20 00:00:00+00:00
[2024-10-20T10:57:06.810+0000] {processor.py:183} INFO - Processing /home/airflow/.local/lib/python3.8/site-packages/airflow/example_dags/example_skip_dag.py took 0.064 seconds
[2024-10-20T10:57:37.151+0000] {processor.py:161} INFO - Started process (PID=2500) to work on /home/airflow/.local/lib/python3.8/site-packages/airflow/example_dags/example_skip_dag.py
[2024-10-20T10:57:37.153+0000] {processor.py:830} INFO - Processing file /home/airflow/.local/lib/python3.8/site-packages/airflow/example_dags/example_skip_dag.py for tasks to queue
[2024-10-20T10:57:37.156+0000] {logging_mixin.py:188} INFO - [2024-10-20T10:57:37.156+0000] {dagbag.py:540} INFO - Filling up the DagBag from /home/airflow/.local/lib/python3.8/site-packages/airflow/example_dags/example_skip_dag.py
[2024-10-20T10:57:37.164+0000] {processor.py:840} INFO - DAG(s) 'example_skip_dag' retrieved from /home/airflow/.local/lib/python3.8/site-packages/airflow/example_dags/example_skip_dag.py
[2024-10-20T10:57:37.184+0000] {logging_mixin.py:188} INFO - [2024-10-20T10:57:37.184+0000] {dag.py:3047} INFO - Sync 1 DAGs
[2024-10-20T10:57:37.211+0000] {logging_mixin.py:188} INFO - [2024-10-20T10:57:37.210+0000] {dag.py:3834} INFO - Setting next_dagrun for example_skip_dag to 2024-10-19 00:00:00+00:00, run_after=2024-10-20 00:00:00+00:00
[2024-10-20T10:57:37.223+0000] {processor.py:183} INFO - Processing /home/airflow/.local/lib/python3.8/site-packages/airflow/example_dags/example_skip_dag.py took 0.077 seconds
[2024-10-20T10:58:07.753+0000] {processor.py:161} INFO - Started process (PID=2556) to work on /home/airflow/.local/lib/python3.8/site-packages/airflow/example_dags/example_skip_dag.py
[2024-10-20T10:58:07.754+0000] {processor.py:830} INFO - Processing file /home/airflow/.local/lib/python3.8/site-packages/airflow/example_dags/example_skip_dag.py for tasks to queue
[2024-10-20T10:58:07.756+0000] {logging_mixin.py:188} INFO - [2024-10-20T10:58:07.756+0000] {dagbag.py:540} INFO - Filling up the DagBag from /home/airflow/.local/lib/python3.8/site-packages/airflow/example_dags/example_skip_dag.py
[2024-10-20T10:58:07.760+0000] {processor.py:840} INFO - DAG(s) 'example_skip_dag' retrieved from /home/airflow/.local/lib/python3.8/site-packages/airflow/example_dags/example_skip_dag.py
[2024-10-20T10:58:07.776+0000] {logging_mixin.py:188} INFO - [2024-10-20T10:58:07.776+0000] {dag.py:3047} INFO - Sync 1 DAGs
[2024-10-20T10:58:07.792+0000] {logging_mixin.py:188} INFO - [2024-10-20T10:58:07.792+0000] {dag.py:3834} INFO - Setting next_dagrun for example_skip_dag to 2024-10-19 00:00:00+00:00, run_after=2024-10-20 00:00:00+00:00
[2024-10-20T10:58:07.804+0000] {processor.py:183} INFO - Processing /home/airflow/.local/lib/python3.8/site-packages/airflow/example_dags/example_skip_dag.py took 0.053 seconds
[2024-10-20T10:58:38.059+0000] {processor.py:161} INFO - Started process (PID=2612) to work on /home/airflow/.local/lib/python3.8/site-packages/airflow/example_dags/example_skip_dag.py
[2024-10-20T10:58:38.060+0000] {processor.py:830} INFO - Processing file /home/airflow/.local/lib/python3.8/site-packages/airflow/example_dags/example_skip_dag.py for tasks to queue
[2024-10-20T10:58:38.061+0000] {logging_mixin.py:188} INFO - [2024-10-20T10:58:38.061+0000] {dagbag.py:540} INFO - Filling up the DagBag from /home/airflow/.local/lib/python3.8/site-packages/airflow/example_dags/example_skip_dag.py
[2024-10-20T10:58:38.065+0000] {processor.py:840} INFO - DAG(s) 'example_skip_dag' retrieved from /home/airflow/.local/lib/python3.8/site-packages/airflow/example_dags/example_skip_dag.py
[2024-10-20T10:58:38.079+0000] {logging_mixin.py:188} INFO - [2024-10-20T10:58:38.079+0000] {dag.py:3047} INFO - Sync 1 DAGs
[2024-10-20T10:58:38.093+0000] {logging_mixin.py:188} INFO - [2024-10-20T10:58:38.093+0000] {dag.py:3834} INFO - Setting next_dagrun for example_skip_dag to 2024-10-19 00:00:00+00:00, run_after=2024-10-20 00:00:00+00:00
[2024-10-20T10:58:38.103+0000] {processor.py:183} INFO - Processing /home/airflow/.local/lib/python3.8/site-packages/airflow/example_dags/example_skip_dag.py took 0.047 seconds
