[2024-10-20T10:20:15.005+0000] {processor.py:161} INFO - Started process (PID=73) to work on /home/airflow/.local/lib/python3.8/site-packages/airflow/example_dags/example_bash_operator.py
[2024-10-20T10:20:15.008+0000] {processor.py:830} INFO - Processing file /home/airflow/.local/lib/python3.8/site-packages/airflow/example_dags/example_bash_operator.py for tasks to queue
[2024-10-20T10:20:15.012+0000] {logging_mixin.py:188} INFO - [2024-10-20T10:20:15.011+0000] {dagbag.py:540} INFO - Filling up the DagBag from /home/airflow/.local/lib/python3.8/site-packages/airflow/example_dags/example_bash_operator.py
[2024-10-20T10:20:15.038+0000] {processor.py:840} INFO - DAG(s) 'example_bash_operator' retrieved from /home/airflow/.local/lib/python3.8/site-packages/airflow/example_dags/example_bash_operator.py
[2024-10-20T10:20:15.272+0000] {logging_mixin.py:188} INFO - [2024-10-20T10:20:15.271+0000] {dag.py:3047} INFO - Sync 1 DAGs
[2024-10-20T10:20:15.300+0000] {logging_mixin.py:188} INFO - [2024-10-20T10:20:15.299+0000] {dag.py:3834} INFO - Setting next_dagrun for example_bash_operator to 2024-10-19 00:00:00+00:00, run_after=2024-10-20 00:00:00+00:00
[2024-10-20T10:20:15.349+0000] {processor.py:183} INFO - Processing /home/airflow/.local/lib/python3.8/site-packages/airflow/example_dags/example_bash_operator.py took 0.351 seconds
[2024-10-20T10:20:45.422+0000] {processor.py:161} INFO - Started process (PID=128) to work on /home/airflow/.local/lib/python3.8/site-packages/airflow/example_dags/example_bash_operator.py
[2024-10-20T10:20:45.422+0000] {processor.py:830} INFO - Processing file /home/airflow/.local/lib/python3.8/site-packages/airflow/example_dags/example_bash_operator.py for tasks to queue
[2024-10-20T10:20:45.424+0000] {logging_mixin.py:188} INFO - [2024-10-20T10:20:45.423+0000] {dagbag.py:540} INFO - Filling up the DagBag from /home/airflow/.local/lib/python3.8/site-packages/airflow/example_dags/example_bash_operator.py
[2024-10-20T10:20:45.432+0000] {processor.py:840} INFO - DAG(s) 'example_bash_operator' retrieved from /home/airflow/.local/lib/python3.8/site-packages/airflow/example_dags/example_bash_operator.py
[2024-10-20T10:20:45.450+0000] {logging_mixin.py:188} INFO - [2024-10-20T10:20:45.450+0000] {dag.py:3047} INFO - Sync 1 DAGs
[2024-10-20T10:20:45.465+0000] {logging_mixin.py:188} INFO - [2024-10-20T10:20:45.465+0000] {dag.py:3834} INFO - Setting next_dagrun for example_bash_operator to 2024-10-19 00:00:00+00:00, run_after=2024-10-20 00:00:00+00:00
[2024-10-20T10:20:45.475+0000] {processor.py:183} INFO - Processing /home/airflow/.local/lib/python3.8/site-packages/airflow/example_dags/example_bash_operator.py took 0.056 seconds
[2024-10-20T10:21:16.250+0000] {processor.py:161} INFO - Started process (PID=183) to work on /home/airflow/.local/lib/python3.8/site-packages/airflow/example_dags/example_bash_operator.py
[2024-10-20T10:21:16.251+0000] {processor.py:830} INFO - Processing file /home/airflow/.local/lib/python3.8/site-packages/airflow/example_dags/example_bash_operator.py for tasks to queue
[2024-10-20T10:21:16.252+0000] {logging_mixin.py:188} INFO - [2024-10-20T10:21:16.252+0000] {dagbag.py:540} INFO - Filling up the DagBag from /home/airflow/.local/lib/python3.8/site-packages/airflow/example_dags/example_bash_operator.py
[2024-10-20T10:21:16.260+0000] {processor.py:840} INFO - DAG(s) 'example_bash_operator' retrieved from /home/airflow/.local/lib/python3.8/site-packages/airflow/example_dags/example_bash_operator.py
[2024-10-20T10:21:16.278+0000] {logging_mixin.py:188} INFO - [2024-10-20T10:21:16.278+0000] {dag.py:3047} INFO - Sync 1 DAGs
[2024-10-20T10:21:16.292+0000] {logging_mixin.py:188} INFO - [2024-10-20T10:21:16.292+0000] {dag.py:3834} INFO - Setting next_dagrun for example_bash_operator to 2024-10-19 00:00:00+00:00, run_after=2024-10-20 00:00:00+00:00
[2024-10-20T10:21:16.302+0000] {processor.py:183} INFO - Processing /home/airflow/.local/lib/python3.8/site-packages/airflow/example_dags/example_bash_operator.py took 0.054 seconds
[2024-10-20T10:21:47.013+0000] {processor.py:161} INFO - Started process (PID=238) to work on /home/airflow/.local/lib/python3.8/site-packages/airflow/example_dags/example_bash_operator.py
[2024-10-20T10:21:47.014+0000] {processor.py:830} INFO - Processing file /home/airflow/.local/lib/python3.8/site-packages/airflow/example_dags/example_bash_operator.py for tasks to queue
[2024-10-20T10:21:47.015+0000] {logging_mixin.py:188} INFO - [2024-10-20T10:21:47.015+0000] {dagbag.py:540} INFO - Filling up the DagBag from /home/airflow/.local/lib/python3.8/site-packages/airflow/example_dags/example_bash_operator.py
[2024-10-20T10:21:47.024+0000] {processor.py:840} INFO - DAG(s) 'example_bash_operator' retrieved from /home/airflow/.local/lib/python3.8/site-packages/airflow/example_dags/example_bash_operator.py
[2024-10-20T10:21:47.042+0000] {logging_mixin.py:188} INFO - [2024-10-20T10:21:47.042+0000] {dag.py:3047} INFO - Sync 1 DAGs
[2024-10-20T10:21:47.060+0000] {logging_mixin.py:188} INFO - [2024-10-20T10:21:47.060+0000] {dag.py:3834} INFO - Setting next_dagrun for example_bash_operator to 2024-10-19 00:00:00+00:00, run_after=2024-10-20 00:00:00+00:00
[2024-10-20T10:21:47.074+0000] {processor.py:183} INFO - Processing /home/airflow/.local/lib/python3.8/site-packages/airflow/example_dags/example_bash_operator.py took 0.063 seconds
[2024-10-20T10:22:17.095+0000] {processor.py:161} INFO - Started process (PID=293) to work on /home/airflow/.local/lib/python3.8/site-packages/airflow/example_dags/example_bash_operator.py
[2024-10-20T10:22:17.097+0000] {processor.py:830} INFO - Processing file /home/airflow/.local/lib/python3.8/site-packages/airflow/example_dags/example_bash_operator.py for tasks to queue
[2024-10-20T10:22:17.098+0000] {logging_mixin.py:188} INFO - [2024-10-20T10:22:17.098+0000] {dagbag.py:540} INFO - Filling up the DagBag from /home/airflow/.local/lib/python3.8/site-packages/airflow/example_dags/example_bash_operator.py
[2024-10-20T10:22:17.106+0000] {processor.py:840} INFO - DAG(s) 'example_bash_operator' retrieved from /home/airflow/.local/lib/python3.8/site-packages/airflow/example_dags/example_bash_operator.py
[2024-10-20T10:22:17.124+0000] {logging_mixin.py:188} INFO - [2024-10-20T10:22:17.124+0000] {dag.py:3047} INFO - Sync 1 DAGs
[2024-10-20T10:22:17.139+0000] {logging_mixin.py:188} INFO - [2024-10-20T10:22:17.139+0000] {dag.py:3834} INFO - Setting next_dagrun for example_bash_operator to 2024-10-19 00:00:00+00:00, run_after=2024-10-20 00:00:00+00:00
[2024-10-20T10:22:17.150+0000] {processor.py:183} INFO - Processing /home/airflow/.local/lib/python3.8/site-packages/airflow/example_dags/example_bash_operator.py took 0.057 seconds
[2024-10-20T10:22:47.341+0000] {processor.py:161} INFO - Started process (PID=348) to work on /home/airflow/.local/lib/python3.8/site-packages/airflow/example_dags/example_bash_operator.py
[2024-10-20T10:22:47.342+0000] {processor.py:830} INFO - Processing file /home/airflow/.local/lib/python3.8/site-packages/airflow/example_dags/example_bash_operator.py for tasks to queue
[2024-10-20T10:22:47.343+0000] {logging_mixin.py:188} INFO - [2024-10-20T10:22:47.343+0000] {dagbag.py:540} INFO - Filling up the DagBag from /home/airflow/.local/lib/python3.8/site-packages/airflow/example_dags/example_bash_operator.py
[2024-10-20T10:22:47.350+0000] {processor.py:840} INFO - DAG(s) 'example_bash_operator' retrieved from /home/airflow/.local/lib/python3.8/site-packages/airflow/example_dags/example_bash_operator.py
[2024-10-20T10:22:47.369+0000] {logging_mixin.py:188} INFO - [2024-10-20T10:22:47.368+0000] {dag.py:3047} INFO - Sync 1 DAGs
[2024-10-20T10:22:47.383+0000] {logging_mixin.py:188} INFO - [2024-10-20T10:22:47.383+0000] {dag.py:3834} INFO - Setting next_dagrun for example_bash_operator to 2024-10-19 00:00:00+00:00, run_after=2024-10-20 00:00:00+00:00
[2024-10-20T10:22:47.396+0000] {processor.py:183} INFO - Processing /home/airflow/.local/lib/python3.8/site-packages/airflow/example_dags/example_bash_operator.py took 0.057 seconds
[2024-10-20T10:23:18.121+0000] {processor.py:161} INFO - Started process (PID=403) to work on /home/airflow/.local/lib/python3.8/site-packages/airflow/example_dags/example_bash_operator.py
[2024-10-20T10:23:18.122+0000] {processor.py:830} INFO - Processing file /home/airflow/.local/lib/python3.8/site-packages/airflow/example_dags/example_bash_operator.py for tasks to queue
[2024-10-20T10:23:18.123+0000] {logging_mixin.py:188} INFO - [2024-10-20T10:23:18.123+0000] {dagbag.py:540} INFO - Filling up the DagBag from /home/airflow/.local/lib/python3.8/site-packages/airflow/example_dags/example_bash_operator.py
[2024-10-20T10:23:18.131+0000] {processor.py:840} INFO - DAG(s) 'example_bash_operator' retrieved from /home/airflow/.local/lib/python3.8/site-packages/airflow/example_dags/example_bash_operator.py
[2024-10-20T10:23:18.151+0000] {logging_mixin.py:188} INFO - [2024-10-20T10:23:18.151+0000] {dag.py:3047} INFO - Sync 1 DAGs
[2024-10-20T10:23:18.165+0000] {logging_mixin.py:188} INFO - [2024-10-20T10:23:18.165+0000] {dag.py:3834} INFO - Setting next_dagrun for example_bash_operator to 2024-10-19 00:00:00+00:00, run_after=2024-10-20 00:00:00+00:00
[2024-10-20T10:23:18.176+0000] {processor.py:183} INFO - Processing /home/airflow/.local/lib/python3.8/site-packages/airflow/example_dags/example_bash_operator.py took 0.057 seconds
[2024-10-20T10:23:48.210+0000] {processor.py:161} INFO - Started process (PID=458) to work on /home/airflow/.local/lib/python3.8/site-packages/airflow/example_dags/example_bash_operator.py
[2024-10-20T10:23:48.211+0000] {processor.py:830} INFO - Processing file /home/airflow/.local/lib/python3.8/site-packages/airflow/example_dags/example_bash_operator.py for tasks to queue
[2024-10-20T10:23:48.213+0000] {logging_mixin.py:188} INFO - [2024-10-20T10:23:48.213+0000] {dagbag.py:540} INFO - Filling up the DagBag from /home/airflow/.local/lib/python3.8/site-packages/airflow/example_dags/example_bash_operator.py
[2024-10-20T10:23:48.221+0000] {processor.py:840} INFO - DAG(s) 'example_bash_operator' retrieved from /home/airflow/.local/lib/python3.8/site-packages/airflow/example_dags/example_bash_operator.py
[2024-10-20T10:23:48.241+0000] {logging_mixin.py:188} INFO - [2024-10-20T10:23:48.240+0000] {dag.py:3047} INFO - Sync 1 DAGs
[2024-10-20T10:23:48.255+0000] {logging_mixin.py:188} INFO - [2024-10-20T10:23:48.255+0000] {dag.py:3834} INFO - Setting next_dagrun for example_bash_operator to 2024-10-19 00:00:00+00:00, run_after=2024-10-20 00:00:00+00:00
[2024-10-20T10:23:48.266+0000] {processor.py:183} INFO - Processing /home/airflow/.local/lib/python3.8/site-packages/airflow/example_dags/example_bash_operator.py took 0.058 seconds
[2024-10-20T10:24:18.362+0000] {processor.py:161} INFO - Started process (PID=513) to work on /home/airflow/.local/lib/python3.8/site-packages/airflow/example_dags/example_bash_operator.py
[2024-10-20T10:24:18.363+0000] {processor.py:830} INFO - Processing file /home/airflow/.local/lib/python3.8/site-packages/airflow/example_dags/example_bash_operator.py for tasks to queue
[2024-10-20T10:24:18.364+0000] {logging_mixin.py:188} INFO - [2024-10-20T10:24:18.364+0000] {dagbag.py:540} INFO - Filling up the DagBag from /home/airflow/.local/lib/python3.8/site-packages/airflow/example_dags/example_bash_operator.py
[2024-10-20T10:24:18.371+0000] {processor.py:840} INFO - DAG(s) 'example_bash_operator' retrieved from /home/airflow/.local/lib/python3.8/site-packages/airflow/example_dags/example_bash_operator.py
[2024-10-20T10:24:18.389+0000] {logging_mixin.py:188} INFO - [2024-10-20T10:24:18.389+0000] {dag.py:3047} INFO - Sync 1 DAGs
[2024-10-20T10:24:18.403+0000] {logging_mixin.py:188} INFO - [2024-10-20T10:24:18.403+0000] {dag.py:3834} INFO - Setting next_dagrun for example_bash_operator to 2024-10-19 00:00:00+00:00, run_after=2024-10-20 00:00:00+00:00
[2024-10-20T10:24:18.414+0000] {processor.py:183} INFO - Processing /home/airflow/.local/lib/python3.8/site-packages/airflow/example_dags/example_bash_operator.py took 0.054 seconds
[2024-10-20T10:24:48.523+0000] {processor.py:161} INFO - Started process (PID=568) to work on /home/airflow/.local/lib/python3.8/site-packages/airflow/example_dags/example_bash_operator.py
[2024-10-20T10:24:48.524+0000] {processor.py:830} INFO - Processing file /home/airflow/.local/lib/python3.8/site-packages/airflow/example_dags/example_bash_operator.py for tasks to queue
[2024-10-20T10:24:48.527+0000] {logging_mixin.py:188} INFO - [2024-10-20T10:24:48.527+0000] {dagbag.py:540} INFO - Filling up the DagBag from /home/airflow/.local/lib/python3.8/site-packages/airflow/example_dags/example_bash_operator.py
[2024-10-20T10:24:48.535+0000] {processor.py:840} INFO - DAG(s) 'example_bash_operator' retrieved from /home/airflow/.local/lib/python3.8/site-packages/airflow/example_dags/example_bash_operator.py
[2024-10-20T10:24:48.553+0000] {logging_mixin.py:188} INFO - [2024-10-20T10:24:48.553+0000] {dag.py:3047} INFO - Sync 1 DAGs
[2024-10-20T10:24:48.568+0000] {logging_mixin.py:188} INFO - [2024-10-20T10:24:48.567+0000] {dag.py:3834} INFO - Setting next_dagrun for example_bash_operator to 2024-10-19 00:00:00+00:00, run_after=2024-10-20 00:00:00+00:00
[2024-10-20T10:24:48.578+0000] {processor.py:183} INFO - Processing /home/airflow/.local/lib/python3.8/site-packages/airflow/example_dags/example_bash_operator.py took 0.057 seconds
[2024-10-20T10:25:18.775+0000] {processor.py:161} INFO - Started process (PID=623) to work on /home/airflow/.local/lib/python3.8/site-packages/airflow/example_dags/example_bash_operator.py
[2024-10-20T10:25:18.776+0000] {processor.py:830} INFO - Processing file /home/airflow/.local/lib/python3.8/site-packages/airflow/example_dags/example_bash_operator.py for tasks to queue
[2024-10-20T10:25:18.779+0000] {logging_mixin.py:188} INFO - [2024-10-20T10:25:18.779+0000] {dagbag.py:540} INFO - Filling up the DagBag from /home/airflow/.local/lib/python3.8/site-packages/airflow/example_dags/example_bash_operator.py
[2024-10-20T10:25:18.790+0000] {processor.py:840} INFO - DAG(s) 'example_bash_operator' retrieved from /home/airflow/.local/lib/python3.8/site-packages/airflow/example_dags/example_bash_operator.py
[2024-10-20T10:25:18.810+0000] {logging_mixin.py:188} INFO - [2024-10-20T10:25:18.810+0000] {dag.py:3047} INFO - Sync 1 DAGs
[2024-10-20T10:25:18.827+0000] {logging_mixin.py:188} INFO - [2024-10-20T10:25:18.827+0000] {dag.py:3834} INFO - Setting next_dagrun for example_bash_operator to 2024-10-19 00:00:00+00:00, run_after=2024-10-20 00:00:00+00:00
[2024-10-20T10:25:18.839+0000] {processor.py:183} INFO - Processing /home/airflow/.local/lib/python3.8/site-packages/airflow/example_dags/example_bash_operator.py took 0.067 seconds
[2024-10-20T10:25:49.081+0000] {processor.py:161} INFO - Started process (PID=678) to work on /home/airflow/.local/lib/python3.8/site-packages/airflow/example_dags/example_bash_operator.py
[2024-10-20T10:25:49.082+0000] {processor.py:830} INFO - Processing file /home/airflow/.local/lib/python3.8/site-packages/airflow/example_dags/example_bash_operator.py for tasks to queue
[2024-10-20T10:25:49.083+0000] {logging_mixin.py:188} INFO - [2024-10-20T10:25:49.083+0000] {dagbag.py:540} INFO - Filling up the DagBag from /home/airflow/.local/lib/python3.8/site-packages/airflow/example_dags/example_bash_operator.py
[2024-10-20T10:25:49.092+0000] {processor.py:840} INFO - DAG(s) 'example_bash_operator' retrieved from /home/airflow/.local/lib/python3.8/site-packages/airflow/example_dags/example_bash_operator.py
[2024-10-20T10:25:49.111+0000] {logging_mixin.py:188} INFO - [2024-10-20T10:25:49.111+0000] {dag.py:3047} INFO - Sync 1 DAGs
[2024-10-20T10:25:49.125+0000] {logging_mixin.py:188} INFO - [2024-10-20T10:25:49.125+0000] {dag.py:3834} INFO - Setting next_dagrun for example_bash_operator to 2024-10-19 00:00:00+00:00, run_after=2024-10-20 00:00:00+00:00
[2024-10-20T10:25:49.136+0000] {processor.py:183} INFO - Processing /home/airflow/.local/lib/python3.8/site-packages/airflow/example_dags/example_bash_operator.py took 0.057 seconds
[2024-10-20T10:26:19.807+0000] {processor.py:161} INFO - Started process (PID=733) to work on /home/airflow/.local/lib/python3.8/site-packages/airflow/example_dags/example_bash_operator.py
[2024-10-20T10:26:19.807+0000] {processor.py:830} INFO - Processing file /home/airflow/.local/lib/python3.8/site-packages/airflow/example_dags/example_bash_operator.py for tasks to queue
[2024-10-20T10:26:19.809+0000] {logging_mixin.py:188} INFO - [2024-10-20T10:26:19.808+0000] {dagbag.py:540} INFO - Filling up the DagBag from /home/airflow/.local/lib/python3.8/site-packages/airflow/example_dags/example_bash_operator.py
[2024-10-20T10:26:19.817+0000] {processor.py:840} INFO - DAG(s) 'example_bash_operator' retrieved from /home/airflow/.local/lib/python3.8/site-packages/airflow/example_dags/example_bash_operator.py
[2024-10-20T10:26:19.835+0000] {logging_mixin.py:188} INFO - [2024-10-20T10:26:19.835+0000] {dag.py:3047} INFO - Sync 1 DAGs
[2024-10-20T10:26:19.850+0000] {logging_mixin.py:188} INFO - [2024-10-20T10:26:19.849+0000] {dag.py:3834} INFO - Setting next_dagrun for example_bash_operator to 2024-10-19 00:00:00+00:00, run_after=2024-10-20 00:00:00+00:00
[2024-10-20T10:26:19.860+0000] {processor.py:183} INFO - Processing /home/airflow/.local/lib/python3.8/site-packages/airflow/example_dags/example_bash_operator.py took 0.055 seconds
[2024-10-20T10:26:50.545+0000] {processor.py:161} INFO - Started process (PID=788) to work on /home/airflow/.local/lib/python3.8/site-packages/airflow/example_dags/example_bash_operator.py
[2024-10-20T10:26:50.546+0000] {processor.py:830} INFO - Processing file /home/airflow/.local/lib/python3.8/site-packages/airflow/example_dags/example_bash_operator.py for tasks to queue
[2024-10-20T10:26:50.547+0000] {logging_mixin.py:188} INFO - [2024-10-20T10:26:50.547+0000] {dagbag.py:540} INFO - Filling up the DagBag from /home/airflow/.local/lib/python3.8/site-packages/airflow/example_dags/example_bash_operator.py
[2024-10-20T10:26:50.555+0000] {processor.py:840} INFO - DAG(s) 'example_bash_operator' retrieved from /home/airflow/.local/lib/python3.8/site-packages/airflow/example_dags/example_bash_operator.py
[2024-10-20T10:26:50.573+0000] {logging_mixin.py:188} INFO - [2024-10-20T10:26:50.573+0000] {dag.py:3047} INFO - Sync 1 DAGs
[2024-10-20T10:26:50.588+0000] {logging_mixin.py:188} INFO - [2024-10-20T10:26:50.588+0000] {dag.py:3834} INFO - Setting next_dagrun for example_bash_operator to 2024-10-19 00:00:00+00:00, run_after=2024-10-20 00:00:00+00:00
[2024-10-20T10:26:50.599+0000] {processor.py:183} INFO - Processing /home/airflow/.local/lib/python3.8/site-packages/airflow/example_dags/example_bash_operator.py took 0.056 seconds
[2024-10-20T10:27:21.215+0000] {processor.py:161} INFO - Started process (PID=843) to work on /home/airflow/.local/lib/python3.8/site-packages/airflow/example_dags/example_bash_operator.py
[2024-10-20T10:27:21.216+0000] {processor.py:830} INFO - Processing file /home/airflow/.local/lib/python3.8/site-packages/airflow/example_dags/example_bash_operator.py for tasks to queue
[2024-10-20T10:27:21.218+0000] {logging_mixin.py:188} INFO - [2024-10-20T10:27:21.217+0000] {dagbag.py:540} INFO - Filling up the DagBag from /home/airflow/.local/lib/python3.8/site-packages/airflow/example_dags/example_bash_operator.py
[2024-10-20T10:27:21.225+0000] {processor.py:840} INFO - DAG(s) 'example_bash_operator' retrieved from /home/airflow/.local/lib/python3.8/site-packages/airflow/example_dags/example_bash_operator.py
[2024-10-20T10:27:21.243+0000] {logging_mixin.py:188} INFO - [2024-10-20T10:27:21.243+0000] {dag.py:3047} INFO - Sync 1 DAGs
[2024-10-20T10:27:21.258+0000] {logging_mixin.py:188} INFO - [2024-10-20T10:27:21.258+0000] {dag.py:3834} INFO - Setting next_dagrun for example_bash_operator to 2024-10-19 00:00:00+00:00, run_after=2024-10-20 00:00:00+00:00
[2024-10-20T10:27:21.268+0000] {processor.py:183} INFO - Processing /home/airflow/.local/lib/python3.8/site-packages/airflow/example_dags/example_bash_operator.py took 0.055 seconds
[2024-10-20T10:27:51.821+0000] {processor.py:161} INFO - Started process (PID=898) to work on /home/airflow/.local/lib/python3.8/site-packages/airflow/example_dags/example_bash_operator.py
[2024-10-20T10:27:51.821+0000] {processor.py:830} INFO - Processing file /home/airflow/.local/lib/python3.8/site-packages/airflow/example_dags/example_bash_operator.py for tasks to queue
[2024-10-20T10:27:51.823+0000] {logging_mixin.py:188} INFO - [2024-10-20T10:27:51.822+0000] {dagbag.py:540} INFO - Filling up the DagBag from /home/airflow/.local/lib/python3.8/site-packages/airflow/example_dags/example_bash_operator.py
[2024-10-20T10:27:51.830+0000] {processor.py:840} INFO - DAG(s) 'example_bash_operator' retrieved from /home/airflow/.local/lib/python3.8/site-packages/airflow/example_dags/example_bash_operator.py
[2024-10-20T10:27:51.849+0000] {logging_mixin.py:188} INFO - [2024-10-20T10:27:51.848+0000] {dag.py:3047} INFO - Sync 1 DAGs
[2024-10-20T10:27:51.863+0000] {logging_mixin.py:188} INFO - [2024-10-20T10:27:51.863+0000] {dag.py:3834} INFO - Setting next_dagrun for example_bash_operator to 2024-10-19 00:00:00+00:00, run_after=2024-10-20 00:00:00+00:00
[2024-10-20T10:27:51.874+0000] {processor.py:183} INFO - Processing /home/airflow/.local/lib/python3.8/site-packages/airflow/example_dags/example_bash_operator.py took 0.055 seconds
[2024-10-20T10:28:22.127+0000] {processor.py:161} INFO - Started process (PID=953) to work on /home/airflow/.local/lib/python3.8/site-packages/airflow/example_dags/example_bash_operator.py
[2024-10-20T10:28:22.128+0000] {processor.py:830} INFO - Processing file /home/airflow/.local/lib/python3.8/site-packages/airflow/example_dags/example_bash_operator.py for tasks to queue
[2024-10-20T10:28:22.129+0000] {logging_mixin.py:188} INFO - [2024-10-20T10:28:22.129+0000] {dagbag.py:540} INFO - Filling up the DagBag from /home/airflow/.local/lib/python3.8/site-packages/airflow/example_dags/example_bash_operator.py
[2024-10-20T10:28:22.137+0000] {processor.py:840} INFO - DAG(s) 'example_bash_operator' retrieved from /home/airflow/.local/lib/python3.8/site-packages/airflow/example_dags/example_bash_operator.py
[2024-10-20T10:28:22.156+0000] {logging_mixin.py:188} INFO - [2024-10-20T10:28:22.155+0000] {dag.py:3047} INFO - Sync 1 DAGs
[2024-10-20T10:28:22.171+0000] {logging_mixin.py:188} INFO - [2024-10-20T10:28:22.171+0000] {dag.py:3834} INFO - Setting next_dagrun for example_bash_operator to 2024-10-19 00:00:00+00:00, run_after=2024-10-20 00:00:00+00:00
[2024-10-20T10:28:22.181+0000] {processor.py:183} INFO - Processing /home/airflow/.local/lib/python3.8/site-packages/airflow/example_dags/example_bash_operator.py took 0.057 seconds
[2024-10-20T10:28:52.744+0000] {processor.py:161} INFO - Started process (PID=1008) to work on /home/airflow/.local/lib/python3.8/site-packages/airflow/example_dags/example_bash_operator.py
[2024-10-20T10:28:52.745+0000] {processor.py:830} INFO - Processing file /home/airflow/.local/lib/python3.8/site-packages/airflow/example_dags/example_bash_operator.py for tasks to queue
[2024-10-20T10:28:52.746+0000] {logging_mixin.py:188} INFO - [2024-10-20T10:28:52.746+0000] {dagbag.py:540} INFO - Filling up the DagBag from /home/airflow/.local/lib/python3.8/site-packages/airflow/example_dags/example_bash_operator.py
[2024-10-20T10:28:52.754+0000] {processor.py:840} INFO - DAG(s) 'example_bash_operator' retrieved from /home/airflow/.local/lib/python3.8/site-packages/airflow/example_dags/example_bash_operator.py
[2024-10-20T10:28:52.772+0000] {logging_mixin.py:188} INFO - [2024-10-20T10:28:52.772+0000] {dag.py:3047} INFO - Sync 1 DAGs
[2024-10-20T10:28:52.788+0000] {logging_mixin.py:188} INFO - [2024-10-20T10:28:52.787+0000] {dag.py:3834} INFO - Setting next_dagrun for example_bash_operator to 2024-10-19 00:00:00+00:00, run_after=2024-10-20 00:00:00+00:00
[2024-10-20T10:28:52.799+0000] {processor.py:183} INFO - Processing /home/airflow/.local/lib/python3.8/site-packages/airflow/example_dags/example_bash_operator.py took 0.057 seconds
[2024-10-20T10:29:23.466+0000] {processor.py:161} INFO - Started process (PID=1063) to work on /home/airflow/.local/lib/python3.8/site-packages/airflow/example_dags/example_bash_operator.py
[2024-10-20T10:29:23.467+0000] {processor.py:830} INFO - Processing file /home/airflow/.local/lib/python3.8/site-packages/airflow/example_dags/example_bash_operator.py for tasks to queue
[2024-10-20T10:29:23.468+0000] {logging_mixin.py:188} INFO - [2024-10-20T10:29:23.468+0000] {dagbag.py:540} INFO - Filling up the DagBag from /home/airflow/.local/lib/python3.8/site-packages/airflow/example_dags/example_bash_operator.py
[2024-10-20T10:29:23.476+0000] {processor.py:840} INFO - DAG(s) 'example_bash_operator' retrieved from /home/airflow/.local/lib/python3.8/site-packages/airflow/example_dags/example_bash_operator.py
[2024-10-20T10:29:23.493+0000] {logging_mixin.py:188} INFO - [2024-10-20T10:29:23.493+0000] {dag.py:3047} INFO - Sync 1 DAGs
[2024-10-20T10:29:23.507+0000] {logging_mixin.py:188} INFO - [2024-10-20T10:29:23.507+0000] {dag.py:3834} INFO - Setting next_dagrun for example_bash_operator to 2024-10-19 00:00:00+00:00, run_after=2024-10-20 00:00:00+00:00
[2024-10-20T10:29:23.518+0000] {processor.py:183} INFO - Processing /home/airflow/.local/lib/python3.8/site-packages/airflow/example_dags/example_bash_operator.py took 0.055 seconds
[2024-10-20T10:29:54.206+0000] {processor.py:161} INFO - Started process (PID=1118) to work on /home/airflow/.local/lib/python3.8/site-packages/airflow/example_dags/example_bash_operator.py
[2024-10-20T10:29:54.206+0000] {processor.py:830} INFO - Processing file /home/airflow/.local/lib/python3.8/site-packages/airflow/example_dags/example_bash_operator.py for tasks to queue
[2024-10-20T10:29:54.208+0000] {logging_mixin.py:188} INFO - [2024-10-20T10:29:54.207+0000] {dagbag.py:540} INFO - Filling up the DagBag from /home/airflow/.local/lib/python3.8/site-packages/airflow/example_dags/example_bash_operator.py
[2024-10-20T10:29:54.216+0000] {processor.py:840} INFO - DAG(s) 'example_bash_operator' retrieved from /home/airflow/.local/lib/python3.8/site-packages/airflow/example_dags/example_bash_operator.py
[2024-10-20T10:29:54.234+0000] {logging_mixin.py:188} INFO - [2024-10-20T10:29:54.234+0000] {dag.py:3047} INFO - Sync 1 DAGs
[2024-10-20T10:29:54.249+0000] {logging_mixin.py:188} INFO - [2024-10-20T10:29:54.249+0000] {dag.py:3834} INFO - Setting next_dagrun for example_bash_operator to 2024-10-19 00:00:00+00:00, run_after=2024-10-20 00:00:00+00:00
[2024-10-20T10:29:54.259+0000] {processor.py:183} INFO - Processing /home/airflow/.local/lib/python3.8/site-packages/airflow/example_dags/example_bash_operator.py took 0.056 seconds
[2024-10-20T10:30:24.928+0000] {processor.py:161} INFO - Started process (PID=1173) to work on /home/airflow/.local/lib/python3.8/site-packages/airflow/example_dags/example_bash_operator.py
[2024-10-20T10:30:24.929+0000] {processor.py:830} INFO - Processing file /home/airflow/.local/lib/python3.8/site-packages/airflow/example_dags/example_bash_operator.py for tasks to queue
[2024-10-20T10:30:24.930+0000] {logging_mixin.py:188} INFO - [2024-10-20T10:30:24.930+0000] {dagbag.py:540} INFO - Filling up the DagBag from /home/airflow/.local/lib/python3.8/site-packages/airflow/example_dags/example_bash_operator.py
[2024-10-20T10:30:24.939+0000] {processor.py:840} INFO - DAG(s) 'example_bash_operator' retrieved from /home/airflow/.local/lib/python3.8/site-packages/airflow/example_dags/example_bash_operator.py
[2024-10-20T10:30:24.959+0000] {logging_mixin.py:188} INFO - [2024-10-20T10:30:24.959+0000] {dag.py:3047} INFO - Sync 1 DAGs
[2024-10-20T10:30:24.974+0000] {logging_mixin.py:188} INFO - [2024-10-20T10:30:24.974+0000] {dag.py:3834} INFO - Setting next_dagrun for example_bash_operator to 2024-10-19 00:00:00+00:00, run_after=2024-10-20 00:00:00+00:00
[2024-10-20T10:30:24.985+0000] {processor.py:183} INFO - Processing /home/airflow/.local/lib/python3.8/site-packages/airflow/example_dags/example_bash_operator.py took 0.059 seconds
[2024-10-20T10:30:55.583+0000] {processor.py:161} INFO - Started process (PID=1228) to work on /home/airflow/.local/lib/python3.8/site-packages/airflow/example_dags/example_bash_operator.py
[2024-10-20T10:30:55.584+0000] {processor.py:830} INFO - Processing file /home/airflow/.local/lib/python3.8/site-packages/airflow/example_dags/example_bash_operator.py for tasks to queue
[2024-10-20T10:30:55.585+0000] {logging_mixin.py:188} INFO - [2024-10-20T10:30:55.585+0000] {dagbag.py:540} INFO - Filling up the DagBag from /home/airflow/.local/lib/python3.8/site-packages/airflow/example_dags/example_bash_operator.py
[2024-10-20T10:30:55.594+0000] {processor.py:840} INFO - DAG(s) 'example_bash_operator' retrieved from /home/airflow/.local/lib/python3.8/site-packages/airflow/example_dags/example_bash_operator.py
[2024-10-20T10:30:55.615+0000] {logging_mixin.py:188} INFO - [2024-10-20T10:30:55.614+0000] {dag.py:3047} INFO - Sync 1 DAGs
[2024-10-20T10:30:55.631+0000] {logging_mixin.py:188} INFO - [2024-10-20T10:30:55.631+0000] {dag.py:3834} INFO - Setting next_dagrun for example_bash_operator to 2024-10-19 00:00:00+00:00, run_after=2024-10-20 00:00:00+00:00
[2024-10-20T10:30:55.644+0000] {processor.py:183} INFO - Processing /home/airflow/.local/lib/python3.8/site-packages/airflow/example_dags/example_bash_operator.py took 0.063 seconds
[2024-10-20T10:31:26.225+0000] {processor.py:161} INFO - Started process (PID=1283) to work on /home/airflow/.local/lib/python3.8/site-packages/airflow/example_dags/example_bash_operator.py
[2024-10-20T10:31:26.226+0000] {processor.py:830} INFO - Processing file /home/airflow/.local/lib/python3.8/site-packages/airflow/example_dags/example_bash_operator.py for tasks to queue
[2024-10-20T10:31:26.227+0000] {logging_mixin.py:188} INFO - [2024-10-20T10:31:26.227+0000] {dagbag.py:540} INFO - Filling up the DagBag from /home/airflow/.local/lib/python3.8/site-packages/airflow/example_dags/example_bash_operator.py
[2024-10-20T10:31:26.235+0000] {processor.py:840} INFO - DAG(s) 'example_bash_operator' retrieved from /home/airflow/.local/lib/python3.8/site-packages/airflow/example_dags/example_bash_operator.py
[2024-10-20T10:31:26.254+0000] {logging_mixin.py:188} INFO - [2024-10-20T10:31:26.254+0000] {dag.py:3047} INFO - Sync 1 DAGs
[2024-10-20T10:31:26.268+0000] {logging_mixin.py:188} INFO - [2024-10-20T10:31:26.268+0000] {dag.py:3834} INFO - Setting next_dagrun for example_bash_operator to 2024-10-19 00:00:00+00:00, run_after=2024-10-20 00:00:00+00:00
[2024-10-20T10:31:26.278+0000] {processor.py:183} INFO - Processing /home/airflow/.local/lib/python3.8/site-packages/airflow/example_dags/example_bash_operator.py took 0.055 seconds
[2024-10-20T10:31:56.337+0000] {processor.py:161} INFO - Started process (PID=1338) to work on /home/airflow/.local/lib/python3.8/site-packages/airflow/example_dags/example_bash_operator.py
[2024-10-20T10:31:56.338+0000] {processor.py:830} INFO - Processing file /home/airflow/.local/lib/python3.8/site-packages/airflow/example_dags/example_bash_operator.py for tasks to queue
[2024-10-20T10:31:56.339+0000] {logging_mixin.py:188} INFO - [2024-10-20T10:31:56.339+0000] {dagbag.py:540} INFO - Filling up the DagBag from /home/airflow/.local/lib/python3.8/site-packages/airflow/example_dags/example_bash_operator.py
[2024-10-20T10:31:56.346+0000] {processor.py:840} INFO - DAG(s) 'example_bash_operator' retrieved from /home/airflow/.local/lib/python3.8/site-packages/airflow/example_dags/example_bash_operator.py
[2024-10-20T10:31:56.364+0000] {logging_mixin.py:188} INFO - [2024-10-20T10:31:56.364+0000] {dag.py:3047} INFO - Sync 1 DAGs
[2024-10-20T10:31:56.381+0000] {logging_mixin.py:188} INFO - [2024-10-20T10:31:56.381+0000] {dag.py:3834} INFO - Setting next_dagrun for example_bash_operator to 2024-10-19 00:00:00+00:00, run_after=2024-10-20 00:00:00+00:00
[2024-10-20T10:31:56.393+0000] {processor.py:183} INFO - Processing /home/airflow/.local/lib/python3.8/site-packages/airflow/example_dags/example_bash_operator.py took 0.058 seconds
[2024-10-20T10:32:27.149+0000] {processor.py:161} INFO - Started process (PID=1393) to work on /home/airflow/.local/lib/python3.8/site-packages/airflow/example_dags/example_bash_operator.py
[2024-10-20T10:32:27.150+0000] {processor.py:830} INFO - Processing file /home/airflow/.local/lib/python3.8/site-packages/airflow/example_dags/example_bash_operator.py for tasks to queue
[2024-10-20T10:32:27.151+0000] {logging_mixin.py:188} INFO - [2024-10-20T10:32:27.151+0000] {dagbag.py:540} INFO - Filling up the DagBag from /home/airflow/.local/lib/python3.8/site-packages/airflow/example_dags/example_bash_operator.py
[2024-10-20T10:32:27.159+0000] {processor.py:840} INFO - DAG(s) 'example_bash_operator' retrieved from /home/airflow/.local/lib/python3.8/site-packages/airflow/example_dags/example_bash_operator.py
[2024-10-20T10:32:27.177+0000] {logging_mixin.py:188} INFO - [2024-10-20T10:32:27.177+0000] {dag.py:3047} INFO - Sync 1 DAGs
[2024-10-20T10:32:27.192+0000] {logging_mixin.py:188} INFO - [2024-10-20T10:32:27.191+0000] {dag.py:3834} INFO - Setting next_dagrun for example_bash_operator to 2024-10-19 00:00:00+00:00, run_after=2024-10-20 00:00:00+00:00
[2024-10-20T10:32:27.202+0000] {processor.py:183} INFO - Processing /home/airflow/.local/lib/python3.8/site-packages/airflow/example_dags/example_bash_operator.py took 0.056 seconds
[2024-10-20T10:32:57.804+0000] {processor.py:161} INFO - Started process (PID=1448) to work on /home/airflow/.local/lib/python3.8/site-packages/airflow/example_dags/example_bash_operator.py
[2024-10-20T10:32:57.805+0000] {processor.py:830} INFO - Processing file /home/airflow/.local/lib/python3.8/site-packages/airflow/example_dags/example_bash_operator.py for tasks to queue
[2024-10-20T10:32:57.806+0000] {logging_mixin.py:188} INFO - [2024-10-20T10:32:57.806+0000] {dagbag.py:540} INFO - Filling up the DagBag from /home/airflow/.local/lib/python3.8/site-packages/airflow/example_dags/example_bash_operator.py
[2024-10-20T10:32:57.814+0000] {processor.py:840} INFO - DAG(s) 'example_bash_operator' retrieved from /home/airflow/.local/lib/python3.8/site-packages/airflow/example_dags/example_bash_operator.py
[2024-10-20T10:32:57.831+0000] {logging_mixin.py:188} INFO - [2024-10-20T10:32:57.831+0000] {dag.py:3047} INFO - Sync 1 DAGs
[2024-10-20T10:32:57.846+0000] {logging_mixin.py:188} INFO - [2024-10-20T10:32:57.846+0000] {dag.py:3834} INFO - Setting next_dagrun for example_bash_operator to 2024-10-19 00:00:00+00:00, run_after=2024-10-20 00:00:00+00:00
[2024-10-20T10:32:57.859+0000] {processor.py:183} INFO - Processing /home/airflow/.local/lib/python3.8/site-packages/airflow/example_dags/example_bash_operator.py took 0.057 seconds
[2024-10-20T10:33:27.884+0000] {processor.py:161} INFO - Started process (PID=1503) to work on /home/airflow/.local/lib/python3.8/site-packages/airflow/example_dags/example_bash_operator.py
[2024-10-20T10:33:27.885+0000] {processor.py:830} INFO - Processing file /home/airflow/.local/lib/python3.8/site-packages/airflow/example_dags/example_bash_operator.py for tasks to queue
[2024-10-20T10:33:27.886+0000] {logging_mixin.py:188} INFO - [2024-10-20T10:33:27.886+0000] {dagbag.py:540} INFO - Filling up the DagBag from /home/airflow/.local/lib/python3.8/site-packages/airflow/example_dags/example_bash_operator.py
[2024-10-20T10:33:27.895+0000] {processor.py:840} INFO - DAG(s) 'example_bash_operator' retrieved from /home/airflow/.local/lib/python3.8/site-packages/airflow/example_dags/example_bash_operator.py
[2024-10-20T10:33:27.913+0000] {logging_mixin.py:188} INFO - [2024-10-20T10:33:27.913+0000] {dag.py:3047} INFO - Sync 1 DAGs
[2024-10-20T10:33:27.928+0000] {logging_mixin.py:188} INFO - [2024-10-20T10:33:27.928+0000] {dag.py:3834} INFO - Setting next_dagrun for example_bash_operator to 2024-10-19 00:00:00+00:00, run_after=2024-10-20 00:00:00+00:00
[2024-10-20T10:33:27.939+0000] {processor.py:183} INFO - Processing /home/airflow/.local/lib/python3.8/site-packages/airflow/example_dags/example_bash_operator.py took 0.057 seconds
[2024-10-20T10:33:58.133+0000] {processor.py:161} INFO - Started process (PID=1558) to work on /home/airflow/.local/lib/python3.8/site-packages/airflow/example_dags/example_bash_operator.py
[2024-10-20T10:33:58.134+0000] {processor.py:830} INFO - Processing file /home/airflow/.local/lib/python3.8/site-packages/airflow/example_dags/example_bash_operator.py for tasks to queue
[2024-10-20T10:33:58.136+0000] {logging_mixin.py:188} INFO - [2024-10-20T10:33:58.135+0000] {dagbag.py:540} INFO - Filling up the DagBag from /home/airflow/.local/lib/python3.8/site-packages/airflow/example_dags/example_bash_operator.py
[2024-10-20T10:33:58.143+0000] {processor.py:840} INFO - DAG(s) 'example_bash_operator' retrieved from /home/airflow/.local/lib/python3.8/site-packages/airflow/example_dags/example_bash_operator.py
[2024-10-20T10:33:58.162+0000] {logging_mixin.py:188} INFO - [2024-10-20T10:33:58.161+0000] {dag.py:3047} INFO - Sync 1 DAGs
[2024-10-20T10:33:58.177+0000] {logging_mixin.py:188} INFO - [2024-10-20T10:33:58.177+0000] {dag.py:3834} INFO - Setting next_dagrun for example_bash_operator to 2024-10-19 00:00:00+00:00, run_after=2024-10-20 00:00:00+00:00
[2024-10-20T10:33:58.188+0000] {processor.py:183} INFO - Processing /home/airflow/.local/lib/python3.8/site-packages/airflow/example_dags/example_bash_operator.py took 0.057 seconds
[2024-10-20T10:34:28.854+0000] {processor.py:161} INFO - Started process (PID=1613) to work on /home/airflow/.local/lib/python3.8/site-packages/airflow/example_dags/example_bash_operator.py
[2024-10-20T10:34:28.855+0000] {processor.py:830} INFO - Processing file /home/airflow/.local/lib/python3.8/site-packages/airflow/example_dags/example_bash_operator.py for tasks to queue
[2024-10-20T10:34:28.857+0000] {logging_mixin.py:188} INFO - [2024-10-20T10:34:28.857+0000] {dagbag.py:540} INFO - Filling up the DagBag from /home/airflow/.local/lib/python3.8/site-packages/airflow/example_dags/example_bash_operator.py
[2024-10-20T10:34:28.865+0000] {processor.py:840} INFO - DAG(s) 'example_bash_operator' retrieved from /home/airflow/.local/lib/python3.8/site-packages/airflow/example_dags/example_bash_operator.py
[2024-10-20T10:34:28.883+0000] {logging_mixin.py:188} INFO - [2024-10-20T10:34:28.883+0000] {dag.py:3047} INFO - Sync 1 DAGs
[2024-10-20T10:34:28.898+0000] {logging_mixin.py:188} INFO - [2024-10-20T10:34:28.898+0000] {dag.py:3834} INFO - Setting next_dagrun for example_bash_operator to 2024-10-19 00:00:00+00:00, run_after=2024-10-20 00:00:00+00:00
[2024-10-20T10:34:28.909+0000] {processor.py:183} INFO - Processing /home/airflow/.local/lib/python3.8/site-packages/airflow/example_dags/example_bash_operator.py took 0.057 seconds
[2024-10-20T10:35:46.924+0000] {processor.py:161} INFO - Started process (PID=55) to work on /home/airflow/.local/lib/python3.8/site-packages/airflow/example_dags/example_bash_operator.py
[2024-10-20T10:35:46.927+0000] {processor.py:830} INFO - Processing file /home/airflow/.local/lib/python3.8/site-packages/airflow/example_dags/example_bash_operator.py for tasks to queue
[2024-10-20T10:35:46.932+0000] {logging_mixin.py:188} INFO - [2024-10-20T10:35:46.932+0000] {dagbag.py:540} INFO - Filling up the DagBag from /home/airflow/.local/lib/python3.8/site-packages/airflow/example_dags/example_bash_operator.py
[2024-10-20T10:35:46.965+0000] {processor.py:840} INFO - DAG(s) 'example_bash_operator' retrieved from /home/airflow/.local/lib/python3.8/site-packages/airflow/example_dags/example_bash_operator.py
[2024-10-20T10:35:47.012+0000] {logging_mixin.py:188} INFO - [2024-10-20T10:35:47.011+0000] {dag.py:3047} INFO - Sync 1 DAGs
[2024-10-20T10:35:47.060+0000] {logging_mixin.py:188} INFO - [2024-10-20T10:35:47.059+0000] {dag.py:3834} INFO - Setting next_dagrun for example_bash_operator to 2024-10-19 00:00:00+00:00, run_after=2024-10-20 00:00:00+00:00
[2024-10-20T10:35:47.130+0000] {processor.py:183} INFO - Processing /home/airflow/.local/lib/python3.8/site-packages/airflow/example_dags/example_bash_operator.py took 0.211 seconds
[2024-10-20T10:36:17.968+0000] {processor.py:161} INFO - Started process (PID=110) to work on /home/airflow/.local/lib/python3.8/site-packages/airflow/example_dags/example_bash_operator.py
[2024-10-20T10:36:17.970+0000] {processor.py:830} INFO - Processing file /home/airflow/.local/lib/python3.8/site-packages/airflow/example_dags/example_bash_operator.py for tasks to queue
[2024-10-20T10:36:17.972+0000] {logging_mixin.py:188} INFO - [2024-10-20T10:36:17.972+0000] {dagbag.py:540} INFO - Filling up the DagBag from /home/airflow/.local/lib/python3.8/site-packages/airflow/example_dags/example_bash_operator.py
[2024-10-20T10:36:17.990+0000] {processor.py:840} INFO - DAG(s) 'example_bash_operator' retrieved from /home/airflow/.local/lib/python3.8/site-packages/airflow/example_dags/example_bash_operator.py
[2024-10-20T10:36:18.109+0000] {logging_mixin.py:188} INFO - [2024-10-20T10:36:18.109+0000] {dag.py:3047} INFO - Sync 1 DAGs
[2024-10-20T10:36:18.127+0000] {logging_mixin.py:188} INFO - [2024-10-20T10:36:18.127+0000] {dag.py:3834} INFO - Setting next_dagrun for example_bash_operator to 2024-10-19 00:00:00+00:00, run_after=2024-10-20 00:00:00+00:00
[2024-10-20T10:36:18.160+0000] {processor.py:183} INFO - Processing /home/airflow/.local/lib/python3.8/site-packages/airflow/example_dags/example_bash_operator.py took 0.195 seconds
[2024-10-20T10:36:48.343+0000] {processor.py:161} INFO - Started process (PID=166) to work on /home/airflow/.local/lib/python3.8/site-packages/airflow/example_dags/example_bash_operator.py
[2024-10-20T10:36:48.345+0000] {processor.py:830} INFO - Processing file /home/airflow/.local/lib/python3.8/site-packages/airflow/example_dags/example_bash_operator.py for tasks to queue
[2024-10-20T10:36:48.347+0000] {logging_mixin.py:188} INFO - [2024-10-20T10:36:48.347+0000] {dagbag.py:540} INFO - Filling up the DagBag from /home/airflow/.local/lib/python3.8/site-packages/airflow/example_dags/example_bash_operator.py
[2024-10-20T10:36:48.365+0000] {processor.py:840} INFO - DAG(s) 'example_bash_operator' retrieved from /home/airflow/.local/lib/python3.8/site-packages/airflow/example_dags/example_bash_operator.py
[2024-10-20T10:36:48.419+0000] {logging_mixin.py:188} INFO - [2024-10-20T10:36:48.419+0000] {dag.py:3047} INFO - Sync 1 DAGs
[2024-10-20T10:36:48.448+0000] {logging_mixin.py:188} INFO - [2024-10-20T10:36:48.448+0000] {dag.py:3834} INFO - Setting next_dagrun for example_bash_operator to 2024-10-19 00:00:00+00:00, run_after=2024-10-20 00:00:00+00:00
[2024-10-20T10:36:48.466+0000] {processor.py:183} INFO - Processing /home/airflow/.local/lib/python3.8/site-packages/airflow/example_dags/example_bash_operator.py took 0.125 seconds
[2024-10-20T10:37:18.659+0000] {processor.py:161} INFO - Started process (PID=222) to work on /home/airflow/.local/lib/python3.8/site-packages/airflow/example_dags/example_bash_operator.py
[2024-10-20T10:37:18.660+0000] {processor.py:830} INFO - Processing file /home/airflow/.local/lib/python3.8/site-packages/airflow/example_dags/example_bash_operator.py for tasks to queue
[2024-10-20T10:37:18.661+0000] {logging_mixin.py:188} INFO - [2024-10-20T10:37:18.661+0000] {dagbag.py:540} INFO - Filling up the DagBag from /home/airflow/.local/lib/python3.8/site-packages/airflow/example_dags/example_bash_operator.py
[2024-10-20T10:37:18.672+0000] {processor.py:840} INFO - DAG(s) 'example_bash_operator' retrieved from /home/airflow/.local/lib/python3.8/site-packages/airflow/example_dags/example_bash_operator.py
[2024-10-20T10:37:18.696+0000] {logging_mixin.py:188} INFO - [2024-10-20T10:37:18.696+0000] {dag.py:3047} INFO - Sync 1 DAGs
[2024-10-20T10:37:18.712+0000] {logging_mixin.py:188} INFO - [2024-10-20T10:37:18.712+0000] {dag.py:3834} INFO - Setting next_dagrun for example_bash_operator to 2024-10-19 00:00:00+00:00, run_after=2024-10-20 00:00:00+00:00
[2024-10-20T10:37:18.728+0000] {processor.py:183} INFO - Processing /home/airflow/.local/lib/python3.8/site-packages/airflow/example_dags/example_bash_operator.py took 0.072 seconds
[2024-10-20T10:37:49.458+0000] {processor.py:161} INFO - Started process (PID=278) to work on /home/airflow/.local/lib/python3.8/site-packages/airflow/example_dags/example_bash_operator.py
[2024-10-20T10:37:49.459+0000] {processor.py:830} INFO - Processing file /home/airflow/.local/lib/python3.8/site-packages/airflow/example_dags/example_bash_operator.py for tasks to queue
[2024-10-20T10:37:49.461+0000] {logging_mixin.py:188} INFO - [2024-10-20T10:37:49.460+0000] {dagbag.py:540} INFO - Filling up the DagBag from /home/airflow/.local/lib/python3.8/site-packages/airflow/example_dags/example_bash_operator.py
[2024-10-20T10:37:49.474+0000] {processor.py:840} INFO - DAG(s) 'example_bash_operator' retrieved from /home/airflow/.local/lib/python3.8/site-packages/airflow/example_dags/example_bash_operator.py
[2024-10-20T10:37:49.496+0000] {logging_mixin.py:188} INFO - [2024-10-20T10:37:49.496+0000] {dag.py:3047} INFO - Sync 1 DAGs
[2024-10-20T10:37:49.514+0000] {logging_mixin.py:188} INFO - [2024-10-20T10:37:49.514+0000] {dag.py:3834} INFO - Setting next_dagrun for example_bash_operator to 2024-10-19 00:00:00+00:00, run_after=2024-10-20 00:00:00+00:00
[2024-10-20T10:37:49.530+0000] {processor.py:183} INFO - Processing /home/airflow/.local/lib/python3.8/site-packages/airflow/example_dags/example_bash_operator.py took 0.075 seconds
[2024-10-20T10:38:19.610+0000] {processor.py:161} INFO - Started process (PID=333) to work on /home/airflow/.local/lib/python3.8/site-packages/airflow/example_dags/example_bash_operator.py
[2024-10-20T10:38:19.611+0000] {processor.py:830} INFO - Processing file /home/airflow/.local/lib/python3.8/site-packages/airflow/example_dags/example_bash_operator.py for tasks to queue
[2024-10-20T10:38:19.614+0000] {logging_mixin.py:188} INFO - [2024-10-20T10:38:19.613+0000] {dagbag.py:540} INFO - Filling up the DagBag from /home/airflow/.local/lib/python3.8/site-packages/airflow/example_dags/example_bash_operator.py
[2024-10-20T10:38:19.625+0000] {processor.py:840} INFO - DAG(s) 'example_bash_operator' retrieved from /home/airflow/.local/lib/python3.8/site-packages/airflow/example_dags/example_bash_operator.py
[2024-10-20T10:38:19.647+0000] {logging_mixin.py:188} INFO - [2024-10-20T10:38:19.647+0000] {dag.py:3047} INFO - Sync 1 DAGs
[2024-10-20T10:38:19.664+0000] {logging_mixin.py:188} INFO - [2024-10-20T10:38:19.663+0000] {dag.py:3834} INFO - Setting next_dagrun for example_bash_operator to 2024-10-19 00:00:00+00:00, run_after=2024-10-20 00:00:00+00:00
[2024-10-20T10:38:19.677+0000] {processor.py:183} INFO - Processing /home/airflow/.local/lib/python3.8/site-packages/airflow/example_dags/example_bash_operator.py took 0.069 seconds
[2024-10-20T10:38:49.914+0000] {processor.py:161} INFO - Started process (PID=389) to work on /home/airflow/.local/lib/python3.8/site-packages/airflow/example_dags/example_bash_operator.py
[2024-10-20T10:38:49.916+0000] {processor.py:830} INFO - Processing file /home/airflow/.local/lib/python3.8/site-packages/airflow/example_dags/example_bash_operator.py for tasks to queue
[2024-10-20T10:38:49.917+0000] {logging_mixin.py:188} INFO - [2024-10-20T10:38:49.917+0000] {dagbag.py:540} INFO - Filling up the DagBag from /home/airflow/.local/lib/python3.8/site-packages/airflow/example_dags/example_bash_operator.py
[2024-10-20T10:38:49.935+0000] {processor.py:840} INFO - DAG(s) 'example_bash_operator' retrieved from /home/airflow/.local/lib/python3.8/site-packages/airflow/example_dags/example_bash_operator.py
[2024-10-20T10:38:49.954+0000] {logging_mixin.py:188} INFO - [2024-10-20T10:38:49.954+0000] {dag.py:3047} INFO - Sync 1 DAGs
[2024-10-20T10:38:49.970+0000] {logging_mixin.py:188} INFO - [2024-10-20T10:38:49.970+0000] {dag.py:3834} INFO - Setting next_dagrun for example_bash_operator to 2024-10-19 00:00:00+00:00, run_after=2024-10-20 00:00:00+00:00
[2024-10-20T10:38:49.985+0000] {processor.py:183} INFO - Processing /home/airflow/.local/lib/python3.8/site-packages/airflow/example_dags/example_bash_operator.py took 0.073 seconds
[2024-10-20T10:39:20.006+0000] {processor.py:161} INFO - Started process (PID=445) to work on /home/airflow/.local/lib/python3.8/site-packages/airflow/example_dags/example_bash_operator.py
[2024-10-20T10:39:20.007+0000] {processor.py:830} INFO - Processing file /home/airflow/.local/lib/python3.8/site-packages/airflow/example_dags/example_bash_operator.py for tasks to queue
[2024-10-20T10:39:20.009+0000] {logging_mixin.py:188} INFO - [2024-10-20T10:39:20.009+0000] {dagbag.py:540} INFO - Filling up the DagBag from /home/airflow/.local/lib/python3.8/site-packages/airflow/example_dags/example_bash_operator.py
[2024-10-20T10:39:20.021+0000] {processor.py:840} INFO - DAG(s) 'example_bash_operator' retrieved from /home/airflow/.local/lib/python3.8/site-packages/airflow/example_dags/example_bash_operator.py
[2024-10-20T10:39:20.045+0000] {logging_mixin.py:188} INFO - [2024-10-20T10:39:20.045+0000] {dag.py:3047} INFO - Sync 1 DAGs
[2024-10-20T10:39:20.064+0000] {logging_mixin.py:188} INFO - [2024-10-20T10:39:20.064+0000] {dag.py:3834} INFO - Setting next_dagrun for example_bash_operator to 2024-10-19 00:00:00+00:00, run_after=2024-10-20 00:00:00+00:00
[2024-10-20T10:39:20.079+0000] {processor.py:183} INFO - Processing /home/airflow/.local/lib/python3.8/site-packages/airflow/example_dags/example_bash_operator.py took 0.075 seconds
[2024-10-20T10:39:50.419+0000] {processor.py:161} INFO - Started process (PID=501) to work on /home/airflow/.local/lib/python3.8/site-packages/airflow/example_dags/example_bash_operator.py
[2024-10-20T10:39:50.420+0000] {processor.py:830} INFO - Processing file /home/airflow/.local/lib/python3.8/site-packages/airflow/example_dags/example_bash_operator.py for tasks to queue
[2024-10-20T10:39:50.421+0000] {logging_mixin.py:188} INFO - [2024-10-20T10:39:50.421+0000] {dagbag.py:540} INFO - Filling up the DagBag from /home/airflow/.local/lib/python3.8/site-packages/airflow/example_dags/example_bash_operator.py
[2024-10-20T10:39:50.432+0000] {processor.py:840} INFO - DAG(s) 'example_bash_operator' retrieved from /home/airflow/.local/lib/python3.8/site-packages/airflow/example_dags/example_bash_operator.py
[2024-10-20T10:39:50.461+0000] {logging_mixin.py:188} INFO - [2024-10-20T10:39:50.460+0000] {dag.py:3047} INFO - Sync 1 DAGs
[2024-10-20T10:39:50.481+0000] {logging_mixin.py:188} INFO - [2024-10-20T10:39:50.481+0000] {dag.py:3834} INFO - Setting next_dagrun for example_bash_operator to 2024-10-19 00:00:00+00:00, run_after=2024-10-20 00:00:00+00:00
[2024-10-20T10:39:50.502+0000] {processor.py:183} INFO - Processing /home/airflow/.local/lib/python3.8/site-packages/airflow/example_dags/example_bash_operator.py took 0.086 seconds
[2024-10-20T10:40:20.642+0000] {processor.py:161} INFO - Started process (PID=557) to work on /home/airflow/.local/lib/python3.8/site-packages/airflow/example_dags/example_bash_operator.py
[2024-10-20T10:40:20.644+0000] {processor.py:830} INFO - Processing file /home/airflow/.local/lib/python3.8/site-packages/airflow/example_dags/example_bash_operator.py for tasks to queue
[2024-10-20T10:40:20.645+0000] {logging_mixin.py:188} INFO - [2024-10-20T10:40:20.645+0000] {dagbag.py:540} INFO - Filling up the DagBag from /home/airflow/.local/lib/python3.8/site-packages/airflow/example_dags/example_bash_operator.py
[2024-10-20T10:40:20.657+0000] {processor.py:840} INFO - DAG(s) 'example_bash_operator' retrieved from /home/airflow/.local/lib/python3.8/site-packages/airflow/example_dags/example_bash_operator.py
[2024-10-20T10:40:20.677+0000] {logging_mixin.py:188} INFO - [2024-10-20T10:40:20.677+0000] {dag.py:3047} INFO - Sync 1 DAGs
[2024-10-20T10:40:20.696+0000] {logging_mixin.py:188} INFO - [2024-10-20T10:40:20.696+0000] {dag.py:3834} INFO - Setting next_dagrun for example_bash_operator to 2024-10-19 00:00:00+00:00, run_after=2024-10-20 00:00:00+00:00
[2024-10-20T10:40:20.711+0000] {processor.py:183} INFO - Processing /home/airflow/.local/lib/python3.8/site-packages/airflow/example_dags/example_bash_operator.py took 0.071 seconds
[2024-10-20T10:40:50.787+0000] {processor.py:161} INFO - Started process (PID=613) to work on /home/airflow/.local/lib/python3.8/site-packages/airflow/example_dags/example_bash_operator.py
[2024-10-20T10:40:50.789+0000] {processor.py:830} INFO - Processing file /home/airflow/.local/lib/python3.8/site-packages/airflow/example_dags/example_bash_operator.py for tasks to queue
[2024-10-20T10:40:50.790+0000] {logging_mixin.py:188} INFO - [2024-10-20T10:40:50.790+0000] {dagbag.py:540} INFO - Filling up the DagBag from /home/airflow/.local/lib/python3.8/site-packages/airflow/example_dags/example_bash_operator.py
[2024-10-20T10:40:50.801+0000] {processor.py:840} INFO - DAG(s) 'example_bash_operator' retrieved from /home/airflow/.local/lib/python3.8/site-packages/airflow/example_dags/example_bash_operator.py
[2024-10-20T10:40:50.825+0000] {logging_mixin.py:188} INFO - [2024-10-20T10:40:50.825+0000] {dag.py:3047} INFO - Sync 1 DAGs
[2024-10-20T10:40:50.840+0000] {logging_mixin.py:188} INFO - [2024-10-20T10:40:50.840+0000] {dag.py:3834} INFO - Setting next_dagrun for example_bash_operator to 2024-10-19 00:00:00+00:00, run_after=2024-10-20 00:00:00+00:00
[2024-10-20T10:40:50.853+0000] {processor.py:183} INFO - Processing /home/airflow/.local/lib/python3.8/site-packages/airflow/example_dags/example_bash_operator.py took 0.069 seconds
[2024-10-20T10:41:21.238+0000] {processor.py:161} INFO - Started process (PID=675) to work on /home/airflow/.local/lib/python3.8/site-packages/airflow/example_dags/example_bash_operator.py
[2024-10-20T10:41:21.239+0000] {processor.py:830} INFO - Processing file /home/airflow/.local/lib/python3.8/site-packages/airflow/example_dags/example_bash_operator.py for tasks to queue
[2024-10-20T10:41:21.241+0000] {logging_mixin.py:188} INFO - [2024-10-20T10:41:21.241+0000] {dagbag.py:540} INFO - Filling up the DagBag from /home/airflow/.local/lib/python3.8/site-packages/airflow/example_dags/example_bash_operator.py
[2024-10-20T10:41:21.251+0000] {processor.py:840} INFO - DAG(s) 'example_bash_operator' retrieved from /home/airflow/.local/lib/python3.8/site-packages/airflow/example_dags/example_bash_operator.py
[2024-10-20T10:41:21.276+0000] {logging_mixin.py:188} INFO - [2024-10-20T10:41:21.276+0000] {dag.py:3047} INFO - Sync 1 DAGs
[2024-10-20T10:41:21.292+0000] {logging_mixin.py:188} INFO - [2024-10-20T10:41:21.292+0000] {dag.py:3834} INFO - Setting next_dagrun for example_bash_operator to 2024-10-19 00:00:00+00:00, run_after=2024-10-20 00:00:00+00:00
[2024-10-20T10:41:21.305+0000] {processor.py:183} INFO - Processing /home/airflow/.local/lib/python3.8/site-packages/airflow/example_dags/example_bash_operator.py took 0.069 seconds
[2024-10-20T10:41:51.659+0000] {processor.py:161} INFO - Started process (PID=731) to work on /home/airflow/.local/lib/python3.8/site-packages/airflow/example_dags/example_bash_operator.py
[2024-10-20T10:41:51.661+0000] {processor.py:830} INFO - Processing file /home/airflow/.local/lib/python3.8/site-packages/airflow/example_dags/example_bash_operator.py for tasks to queue
[2024-10-20T10:41:51.663+0000] {logging_mixin.py:188} INFO - [2024-10-20T10:41:51.663+0000] {dagbag.py:540} INFO - Filling up the DagBag from /home/airflow/.local/lib/python3.8/site-packages/airflow/example_dags/example_bash_operator.py
[2024-10-20T10:41:51.673+0000] {processor.py:840} INFO - DAG(s) 'example_bash_operator' retrieved from /home/airflow/.local/lib/python3.8/site-packages/airflow/example_dags/example_bash_operator.py
[2024-10-20T10:41:51.693+0000] {logging_mixin.py:188} INFO - [2024-10-20T10:41:51.693+0000] {dag.py:3047} INFO - Sync 1 DAGs
[2024-10-20T10:41:51.709+0000] {logging_mixin.py:188} INFO - [2024-10-20T10:41:51.709+0000] {dag.py:3834} INFO - Setting next_dagrun for example_bash_operator to 2024-10-19 00:00:00+00:00, run_after=2024-10-20 00:00:00+00:00
[2024-10-20T10:41:51.722+0000] {processor.py:183} INFO - Processing /home/airflow/.local/lib/python3.8/site-packages/airflow/example_dags/example_bash_operator.py took 0.064 seconds
[2024-10-20T10:42:21.809+0000] {processor.py:161} INFO - Started process (PID=787) to work on /home/airflow/.local/lib/python3.8/site-packages/airflow/example_dags/example_bash_operator.py
[2024-10-20T10:42:21.810+0000] {processor.py:830} INFO - Processing file /home/airflow/.local/lib/python3.8/site-packages/airflow/example_dags/example_bash_operator.py for tasks to queue
[2024-10-20T10:42:21.812+0000] {logging_mixin.py:188} INFO - [2024-10-20T10:42:21.812+0000] {dagbag.py:540} INFO - Filling up the DagBag from /home/airflow/.local/lib/python3.8/site-packages/airflow/example_dags/example_bash_operator.py
[2024-10-20T10:42:21.824+0000] {processor.py:840} INFO - DAG(s) 'example_bash_operator' retrieved from /home/airflow/.local/lib/python3.8/site-packages/airflow/example_dags/example_bash_operator.py
[2024-10-20T10:42:21.847+0000] {logging_mixin.py:188} INFO - [2024-10-20T10:42:21.847+0000] {dag.py:3047} INFO - Sync 1 DAGs
[2024-10-20T10:42:21.865+0000] {logging_mixin.py:188} INFO - [2024-10-20T10:42:21.865+0000] {dag.py:3834} INFO - Setting next_dagrun for example_bash_operator to 2024-10-19 00:00:00+00:00, run_after=2024-10-20 00:00:00+00:00
[2024-10-20T10:42:21.883+0000] {processor.py:183} INFO - Processing /home/airflow/.local/lib/python3.8/site-packages/airflow/example_dags/example_bash_operator.py took 0.076 seconds
[2024-10-20T10:42:52.249+0000] {processor.py:161} INFO - Started process (PID=843) to work on /home/airflow/.local/lib/python3.8/site-packages/airflow/example_dags/example_bash_operator.py
[2024-10-20T10:42:52.251+0000] {processor.py:830} INFO - Processing file /home/airflow/.local/lib/python3.8/site-packages/airflow/example_dags/example_bash_operator.py for tasks to queue
[2024-10-20T10:42:52.252+0000] {logging_mixin.py:188} INFO - [2024-10-20T10:42:52.252+0000] {dagbag.py:540} INFO - Filling up the DagBag from /home/airflow/.local/lib/python3.8/site-packages/airflow/example_dags/example_bash_operator.py
[2024-10-20T10:42:52.263+0000] {processor.py:840} INFO - DAG(s) 'example_bash_operator' retrieved from /home/airflow/.local/lib/python3.8/site-packages/airflow/example_dags/example_bash_operator.py
[2024-10-20T10:42:52.286+0000] {logging_mixin.py:188} INFO - [2024-10-20T10:42:52.286+0000] {dag.py:3047} INFO - Sync 1 DAGs
[2024-10-20T10:42:52.307+0000] {logging_mixin.py:188} INFO - [2024-10-20T10:42:52.307+0000] {dag.py:3834} INFO - Setting next_dagrun for example_bash_operator to 2024-10-19 00:00:00+00:00, run_after=2024-10-20 00:00:00+00:00
[2024-10-20T10:42:52.328+0000] {processor.py:183} INFO - Processing /home/airflow/.local/lib/python3.8/site-packages/airflow/example_dags/example_bash_operator.py took 0.080 seconds
[2024-10-20T10:43:22.577+0000] {processor.py:161} INFO - Started process (PID=899) to work on /home/airflow/.local/lib/python3.8/site-packages/airflow/example_dags/example_bash_operator.py
[2024-10-20T10:43:22.578+0000] {processor.py:830} INFO - Processing file /home/airflow/.local/lib/python3.8/site-packages/airflow/example_dags/example_bash_operator.py for tasks to queue
[2024-10-20T10:43:22.579+0000] {logging_mixin.py:188} INFO - [2024-10-20T10:43:22.579+0000] {dagbag.py:540} INFO - Filling up the DagBag from /home/airflow/.local/lib/python3.8/site-packages/airflow/example_dags/example_bash_operator.py
[2024-10-20T10:43:22.587+0000] {processor.py:840} INFO - DAG(s) 'example_bash_operator' retrieved from /home/airflow/.local/lib/python3.8/site-packages/airflow/example_dags/example_bash_operator.py
[2024-10-20T10:43:22.613+0000] {logging_mixin.py:188} INFO - [2024-10-20T10:43:22.612+0000] {dag.py:3047} INFO - Sync 1 DAGs
[2024-10-20T10:43:22.632+0000] {logging_mixin.py:188} INFO - [2024-10-20T10:43:22.631+0000] {dag.py:3834} INFO - Setting next_dagrun for example_bash_operator to 2024-10-19 00:00:00+00:00, run_after=2024-10-20 00:00:00+00:00
[2024-10-20T10:43:22.651+0000] {processor.py:183} INFO - Processing /home/airflow/.local/lib/python3.8/site-packages/airflow/example_dags/example_bash_operator.py took 0.076 seconds
[2024-10-20T10:43:52.876+0000] {processor.py:161} INFO - Started process (PID=955) to work on /home/airflow/.local/lib/python3.8/site-packages/airflow/example_dags/example_bash_operator.py
[2024-10-20T10:43:52.876+0000] {processor.py:830} INFO - Processing file /home/airflow/.local/lib/python3.8/site-packages/airflow/example_dags/example_bash_operator.py for tasks to queue
[2024-10-20T10:43:52.878+0000] {logging_mixin.py:188} INFO - [2024-10-20T10:43:52.878+0000] {dagbag.py:540} INFO - Filling up the DagBag from /home/airflow/.local/lib/python3.8/site-packages/airflow/example_dags/example_bash_operator.py
[2024-10-20T10:43:52.889+0000] {processor.py:840} INFO - DAG(s) 'example_bash_operator' retrieved from /home/airflow/.local/lib/python3.8/site-packages/airflow/example_dags/example_bash_operator.py
[2024-10-20T10:43:52.912+0000] {logging_mixin.py:188} INFO - [2024-10-20T10:43:52.912+0000] {dag.py:3047} INFO - Sync 1 DAGs
[2024-10-20T10:43:52.928+0000] {logging_mixin.py:188} INFO - [2024-10-20T10:43:52.927+0000] {dag.py:3834} INFO - Setting next_dagrun for example_bash_operator to 2024-10-19 00:00:00+00:00, run_after=2024-10-20 00:00:00+00:00
[2024-10-20T10:43:52.945+0000] {processor.py:183} INFO - Processing /home/airflow/.local/lib/python3.8/site-packages/airflow/example_dags/example_bash_operator.py took 0.072 seconds
[2024-10-20T10:44:23.152+0000] {processor.py:161} INFO - Started process (PID=1011) to work on /home/airflow/.local/lib/python3.8/site-packages/airflow/example_dags/example_bash_operator.py
[2024-10-20T10:44:23.154+0000] {processor.py:830} INFO - Processing file /home/airflow/.local/lib/python3.8/site-packages/airflow/example_dags/example_bash_operator.py for tasks to queue
[2024-10-20T10:44:23.156+0000] {logging_mixin.py:188} INFO - [2024-10-20T10:44:23.156+0000] {dagbag.py:540} INFO - Filling up the DagBag from /home/airflow/.local/lib/python3.8/site-packages/airflow/example_dags/example_bash_operator.py
[2024-10-20T10:44:23.164+0000] {processor.py:840} INFO - DAG(s) 'example_bash_operator' retrieved from /home/airflow/.local/lib/python3.8/site-packages/airflow/example_dags/example_bash_operator.py
[2024-10-20T10:44:23.191+0000] {logging_mixin.py:188} INFO - [2024-10-20T10:44:23.191+0000] {dag.py:3047} INFO - Sync 1 DAGs
[2024-10-20T10:44:23.207+0000] {logging_mixin.py:188} INFO - [2024-10-20T10:44:23.207+0000] {dag.py:3834} INFO - Setting next_dagrun for example_bash_operator to 2024-10-19 00:00:00+00:00, run_after=2024-10-20 00:00:00+00:00
[2024-10-20T10:44:23.220+0000] {processor.py:183} INFO - Processing /home/airflow/.local/lib/python3.8/site-packages/airflow/example_dags/example_bash_operator.py took 0.070 seconds
[2024-10-20T10:44:53.258+0000] {processor.py:161} INFO - Started process (PID=1067) to work on /home/airflow/.local/lib/python3.8/site-packages/airflow/example_dags/example_bash_operator.py
[2024-10-20T10:44:53.259+0000] {processor.py:830} INFO - Processing file /home/airflow/.local/lib/python3.8/site-packages/airflow/example_dags/example_bash_operator.py for tasks to queue
[2024-10-20T10:44:53.261+0000] {logging_mixin.py:188} INFO - [2024-10-20T10:44:53.261+0000] {dagbag.py:540} INFO - Filling up the DagBag from /home/airflow/.local/lib/python3.8/site-packages/airflow/example_dags/example_bash_operator.py
[2024-10-20T10:44:53.273+0000] {processor.py:840} INFO - DAG(s) 'example_bash_operator' retrieved from /home/airflow/.local/lib/python3.8/site-packages/airflow/example_dags/example_bash_operator.py
[2024-10-20T10:44:53.294+0000] {logging_mixin.py:188} INFO - [2024-10-20T10:44:53.294+0000] {dag.py:3047} INFO - Sync 1 DAGs
[2024-10-20T10:44:53.309+0000] {logging_mixin.py:188} INFO - [2024-10-20T10:44:53.309+0000] {dag.py:3834} INFO - Setting next_dagrun for example_bash_operator to 2024-10-19 00:00:00+00:00, run_after=2024-10-20 00:00:00+00:00
[2024-10-20T10:44:53.327+0000] {processor.py:183} INFO - Processing /home/airflow/.local/lib/python3.8/site-packages/airflow/example_dags/example_bash_operator.py took 0.071 seconds
[2024-10-20T10:45:23.706+0000] {processor.py:161} INFO - Started process (PID=1123) to work on /home/airflow/.local/lib/python3.8/site-packages/airflow/example_dags/example_bash_operator.py
[2024-10-20T10:45:23.707+0000] {processor.py:830} INFO - Processing file /home/airflow/.local/lib/python3.8/site-packages/airflow/example_dags/example_bash_operator.py for tasks to queue
[2024-10-20T10:45:23.710+0000] {logging_mixin.py:188} INFO - [2024-10-20T10:45:23.710+0000] {dagbag.py:540} INFO - Filling up the DagBag from /home/airflow/.local/lib/python3.8/site-packages/airflow/example_dags/example_bash_operator.py
[2024-10-20T10:45:23.718+0000] {processor.py:840} INFO - DAG(s) 'example_bash_operator' retrieved from /home/airflow/.local/lib/python3.8/site-packages/airflow/example_dags/example_bash_operator.py
[2024-10-20T10:45:23.741+0000] {logging_mixin.py:188} INFO - [2024-10-20T10:45:23.741+0000] {dag.py:3047} INFO - Sync 1 DAGs
[2024-10-20T10:45:23.757+0000] {logging_mixin.py:188} INFO - [2024-10-20T10:45:23.757+0000] {dag.py:3834} INFO - Setting next_dagrun for example_bash_operator to 2024-10-19 00:00:00+00:00, run_after=2024-10-20 00:00:00+00:00
[2024-10-20T10:45:23.771+0000] {processor.py:183} INFO - Processing /home/airflow/.local/lib/python3.8/site-packages/airflow/example_dags/example_bash_operator.py took 0.067 seconds
[2024-10-20T10:45:53.846+0000] {processor.py:161} INFO - Started process (PID=1179) to work on /home/airflow/.local/lib/python3.8/site-packages/airflow/example_dags/example_bash_operator.py
[2024-10-20T10:45:53.847+0000] {processor.py:830} INFO - Processing file /home/airflow/.local/lib/python3.8/site-packages/airflow/example_dags/example_bash_operator.py for tasks to queue
[2024-10-20T10:45:53.849+0000] {logging_mixin.py:188} INFO - [2024-10-20T10:45:53.848+0000] {dagbag.py:540} INFO - Filling up the DagBag from /home/airflow/.local/lib/python3.8/site-packages/airflow/example_dags/example_bash_operator.py
[2024-10-20T10:45:53.857+0000] {processor.py:840} INFO - DAG(s) 'example_bash_operator' retrieved from /home/airflow/.local/lib/python3.8/site-packages/airflow/example_dags/example_bash_operator.py
[2024-10-20T10:45:53.879+0000] {logging_mixin.py:188} INFO - [2024-10-20T10:45:53.879+0000] {dag.py:3047} INFO - Sync 1 DAGs
[2024-10-20T10:45:53.894+0000] {logging_mixin.py:188} INFO - [2024-10-20T10:45:53.894+0000] {dag.py:3834} INFO - Setting next_dagrun for example_bash_operator to 2024-10-19 00:00:00+00:00, run_after=2024-10-20 00:00:00+00:00
[2024-10-20T10:45:53.905+0000] {processor.py:183} INFO - Processing /home/airflow/.local/lib/python3.8/site-packages/airflow/example_dags/example_bash_operator.py took 0.061 seconds
[2024-10-20T10:46:24.004+0000] {processor.py:161} INFO - Started process (PID=1235) to work on /home/airflow/.local/lib/python3.8/site-packages/airflow/example_dags/example_bash_operator.py
[2024-10-20T10:46:24.005+0000] {processor.py:830} INFO - Processing file /home/airflow/.local/lib/python3.8/site-packages/airflow/example_dags/example_bash_operator.py for tasks to queue
[2024-10-20T10:46:24.007+0000] {logging_mixin.py:188} INFO - [2024-10-20T10:46:24.006+0000] {dagbag.py:540} INFO - Filling up the DagBag from /home/airflow/.local/lib/python3.8/site-packages/airflow/example_dags/example_bash_operator.py
[2024-10-20T10:46:24.018+0000] {processor.py:840} INFO - DAG(s) 'example_bash_operator' retrieved from /home/airflow/.local/lib/python3.8/site-packages/airflow/example_dags/example_bash_operator.py
[2024-10-20T10:46:24.041+0000] {logging_mixin.py:188} INFO - [2024-10-20T10:46:24.040+0000] {dag.py:3047} INFO - Sync 1 DAGs
[2024-10-20T10:46:24.056+0000] {logging_mixin.py:188} INFO - [2024-10-20T10:46:24.056+0000] {dag.py:3834} INFO - Setting next_dagrun for example_bash_operator to 2024-10-19 00:00:00+00:00, run_after=2024-10-20 00:00:00+00:00
[2024-10-20T10:46:24.071+0000] {processor.py:183} INFO - Processing /home/airflow/.local/lib/python3.8/site-packages/airflow/example_dags/example_bash_operator.py took 0.070 seconds
[2024-10-20T10:46:54.234+0000] {processor.py:161} INFO - Started process (PID=1291) to work on /home/airflow/.local/lib/python3.8/site-packages/airflow/example_dags/example_bash_operator.py
[2024-10-20T10:46:54.236+0000] {processor.py:830} INFO - Processing file /home/airflow/.local/lib/python3.8/site-packages/airflow/example_dags/example_bash_operator.py for tasks to queue
[2024-10-20T10:46:54.237+0000] {logging_mixin.py:188} INFO - [2024-10-20T10:46:54.237+0000] {dagbag.py:540} INFO - Filling up the DagBag from /home/airflow/.local/lib/python3.8/site-packages/airflow/example_dags/example_bash_operator.py
[2024-10-20T10:46:54.249+0000] {processor.py:840} INFO - DAG(s) 'example_bash_operator' retrieved from /home/airflow/.local/lib/python3.8/site-packages/airflow/example_dags/example_bash_operator.py
[2024-10-20T10:46:54.279+0000] {logging_mixin.py:188} INFO - [2024-10-20T10:46:54.278+0000] {dag.py:3047} INFO - Sync 1 DAGs
[2024-10-20T10:46:54.298+0000] {logging_mixin.py:188} INFO - [2024-10-20T10:46:54.298+0000] {dag.py:3834} INFO - Setting next_dagrun for example_bash_operator to 2024-10-19 00:00:00+00:00, run_after=2024-10-20 00:00:00+00:00
[2024-10-20T10:46:54.315+0000] {processor.py:183} INFO - Processing /home/airflow/.local/lib/python3.8/site-packages/airflow/example_dags/example_bash_operator.py took 0.084 seconds
[2024-10-20T10:47:24.879+0000] {processor.py:161} INFO - Started process (PID=1347) to work on /home/airflow/.local/lib/python3.8/site-packages/airflow/example_dags/example_bash_operator.py
[2024-10-20T10:47:24.882+0000] {processor.py:830} INFO - Processing file /home/airflow/.local/lib/python3.8/site-packages/airflow/example_dags/example_bash_operator.py for tasks to queue
[2024-10-20T10:47:24.883+0000] {logging_mixin.py:188} INFO - [2024-10-20T10:47:24.883+0000] {dagbag.py:540} INFO - Filling up the DagBag from /home/airflow/.local/lib/python3.8/site-packages/airflow/example_dags/example_bash_operator.py
[2024-10-20T10:47:24.895+0000] {processor.py:840} INFO - DAG(s) 'example_bash_operator' retrieved from /home/airflow/.local/lib/python3.8/site-packages/airflow/example_dags/example_bash_operator.py
[2024-10-20T10:47:24.917+0000] {logging_mixin.py:188} INFO - [2024-10-20T10:47:24.916+0000] {dag.py:3047} INFO - Sync 1 DAGs
[2024-10-20T10:47:24.932+0000] {logging_mixin.py:188} INFO - [2024-10-20T10:47:24.932+0000] {dag.py:3834} INFO - Setting next_dagrun for example_bash_operator to 2024-10-19 00:00:00+00:00, run_after=2024-10-20 00:00:00+00:00
[2024-10-20T10:47:24.947+0000] {processor.py:183} INFO - Processing /home/airflow/.local/lib/python3.8/site-packages/airflow/example_dags/example_bash_operator.py took 0.071 seconds
[2024-10-20T10:47:55.223+0000] {processor.py:161} INFO - Started process (PID=1403) to work on /home/airflow/.local/lib/python3.8/site-packages/airflow/example_dags/example_bash_operator.py
[2024-10-20T10:47:55.224+0000] {processor.py:830} INFO - Processing file /home/airflow/.local/lib/python3.8/site-packages/airflow/example_dags/example_bash_operator.py for tasks to queue
[2024-10-20T10:47:55.225+0000] {logging_mixin.py:188} INFO - [2024-10-20T10:47:55.225+0000] {dagbag.py:540} INFO - Filling up the DagBag from /home/airflow/.local/lib/python3.8/site-packages/airflow/example_dags/example_bash_operator.py
[2024-10-20T10:47:55.236+0000] {processor.py:840} INFO - DAG(s) 'example_bash_operator' retrieved from /home/airflow/.local/lib/python3.8/site-packages/airflow/example_dags/example_bash_operator.py
[2024-10-20T10:47:55.262+0000] {logging_mixin.py:188} INFO - [2024-10-20T10:47:55.262+0000] {dag.py:3047} INFO - Sync 1 DAGs
[2024-10-20T10:47:55.282+0000] {logging_mixin.py:188} INFO - [2024-10-20T10:47:55.282+0000] {dag.py:3834} INFO - Setting next_dagrun for example_bash_operator to 2024-10-19 00:00:00+00:00, run_after=2024-10-20 00:00:00+00:00
[2024-10-20T10:47:55.296+0000] {processor.py:183} INFO - Processing /home/airflow/.local/lib/python3.8/site-packages/airflow/example_dags/example_bash_operator.py took 0.075 seconds
[2024-10-20T10:48:25.533+0000] {processor.py:161} INFO - Started process (PID=1459) to work on /home/airflow/.local/lib/python3.8/site-packages/airflow/example_dags/example_bash_operator.py
[2024-10-20T10:48:25.534+0000] {processor.py:830} INFO - Processing file /home/airflow/.local/lib/python3.8/site-packages/airflow/example_dags/example_bash_operator.py for tasks to queue
[2024-10-20T10:48:25.535+0000] {logging_mixin.py:188} INFO - [2024-10-20T10:48:25.535+0000] {dagbag.py:540} INFO - Filling up the DagBag from /home/airflow/.local/lib/python3.8/site-packages/airflow/example_dags/example_bash_operator.py
[2024-10-20T10:48:25.547+0000] {processor.py:840} INFO - DAG(s) 'example_bash_operator' retrieved from /home/airflow/.local/lib/python3.8/site-packages/airflow/example_dags/example_bash_operator.py
[2024-10-20T10:48:25.572+0000] {logging_mixin.py:188} INFO - [2024-10-20T10:48:25.571+0000] {dag.py:3047} INFO - Sync 1 DAGs
[2024-10-20T10:48:25.588+0000] {logging_mixin.py:188} INFO - [2024-10-20T10:48:25.588+0000] {dag.py:3834} INFO - Setting next_dagrun for example_bash_operator to 2024-10-19 00:00:00+00:00, run_after=2024-10-20 00:00:00+00:00
[2024-10-20T10:48:25.605+0000] {processor.py:183} INFO - Processing /home/airflow/.local/lib/python3.8/site-packages/airflow/example_dags/example_bash_operator.py took 0.075 seconds
[2024-10-20T10:48:55.805+0000] {processor.py:161} INFO - Started process (PID=1515) to work on /home/airflow/.local/lib/python3.8/site-packages/airflow/example_dags/example_bash_operator.py
[2024-10-20T10:48:55.806+0000] {processor.py:830} INFO - Processing file /home/airflow/.local/lib/python3.8/site-packages/airflow/example_dags/example_bash_operator.py for tasks to queue
[2024-10-20T10:48:55.807+0000] {logging_mixin.py:188} INFO - [2024-10-20T10:48:55.807+0000] {dagbag.py:540} INFO - Filling up the DagBag from /home/airflow/.local/lib/python3.8/site-packages/airflow/example_dags/example_bash_operator.py
[2024-10-20T10:48:55.819+0000] {processor.py:840} INFO - DAG(s) 'example_bash_operator' retrieved from /home/airflow/.local/lib/python3.8/site-packages/airflow/example_dags/example_bash_operator.py
[2024-10-20T10:48:55.846+0000] {logging_mixin.py:188} INFO - [2024-10-20T10:48:55.845+0000] {dag.py:3047} INFO - Sync 1 DAGs
[2024-10-20T10:48:55.860+0000] {logging_mixin.py:188} INFO - [2024-10-20T10:48:55.860+0000] {dag.py:3834} INFO - Setting next_dagrun for example_bash_operator to 2024-10-19 00:00:00+00:00, run_after=2024-10-20 00:00:00+00:00
[2024-10-20T10:48:55.875+0000] {processor.py:183} INFO - Processing /home/airflow/.local/lib/python3.8/site-packages/airflow/example_dags/example_bash_operator.py took 0.072 seconds
[2024-10-20T10:49:26.296+0000] {processor.py:161} INFO - Started process (PID=1571) to work on /home/airflow/.local/lib/python3.8/site-packages/airflow/example_dags/example_bash_operator.py
[2024-10-20T10:49:26.300+0000] {processor.py:830} INFO - Processing file /home/airflow/.local/lib/python3.8/site-packages/airflow/example_dags/example_bash_operator.py for tasks to queue
[2024-10-20T10:49:26.301+0000] {logging_mixin.py:188} INFO - [2024-10-20T10:49:26.301+0000] {dagbag.py:540} INFO - Filling up the DagBag from /home/airflow/.local/lib/python3.8/site-packages/airflow/example_dags/example_bash_operator.py
[2024-10-20T10:49:26.312+0000] {processor.py:840} INFO - DAG(s) 'example_bash_operator' retrieved from /home/airflow/.local/lib/python3.8/site-packages/airflow/example_dags/example_bash_operator.py
[2024-10-20T10:49:26.334+0000] {logging_mixin.py:188} INFO - [2024-10-20T10:49:26.334+0000] {dag.py:3047} INFO - Sync 1 DAGs
[2024-10-20T10:49:26.349+0000] {logging_mixin.py:188} INFO - [2024-10-20T10:49:26.348+0000] {dag.py:3834} INFO - Setting next_dagrun for example_bash_operator to 2024-10-19 00:00:00+00:00, run_after=2024-10-20 00:00:00+00:00
[2024-10-20T10:49:26.362+0000] {processor.py:183} INFO - Processing /home/airflow/.local/lib/python3.8/site-packages/airflow/example_dags/example_bash_operator.py took 0.069 seconds
[2024-10-20T10:49:56.652+0000] {processor.py:161} INFO - Started process (PID=1627) to work on /home/airflow/.local/lib/python3.8/site-packages/airflow/example_dags/example_bash_operator.py
[2024-10-20T10:49:56.653+0000] {processor.py:830} INFO - Processing file /home/airflow/.local/lib/python3.8/site-packages/airflow/example_dags/example_bash_operator.py for tasks to queue
[2024-10-20T10:49:56.655+0000] {logging_mixin.py:188} INFO - [2024-10-20T10:49:56.655+0000] {dagbag.py:540} INFO - Filling up the DagBag from /home/airflow/.local/lib/python3.8/site-packages/airflow/example_dags/example_bash_operator.py
[2024-10-20T10:49:56.663+0000] {processor.py:840} INFO - DAG(s) 'example_bash_operator' retrieved from /home/airflow/.local/lib/python3.8/site-packages/airflow/example_dags/example_bash_operator.py
[2024-10-20T10:49:56.689+0000] {logging_mixin.py:188} INFO - [2024-10-20T10:49:56.688+0000] {dag.py:3047} INFO - Sync 1 DAGs
[2024-10-20T10:49:56.704+0000] {logging_mixin.py:188} INFO - [2024-10-20T10:49:56.704+0000] {dag.py:3834} INFO - Setting next_dagrun for example_bash_operator to 2024-10-19 00:00:00+00:00, run_after=2024-10-20 00:00:00+00:00
[2024-10-20T10:49:56.720+0000] {processor.py:183} INFO - Processing /home/airflow/.local/lib/python3.8/site-packages/airflow/example_dags/example_bash_operator.py took 0.070 seconds
[2024-10-20T10:50:26.826+0000] {processor.py:161} INFO - Started process (PID=1683) to work on /home/airflow/.local/lib/python3.8/site-packages/airflow/example_dags/example_bash_operator.py
[2024-10-20T10:50:26.828+0000] {processor.py:830} INFO - Processing file /home/airflow/.local/lib/python3.8/site-packages/airflow/example_dags/example_bash_operator.py for tasks to queue
[2024-10-20T10:50:26.829+0000] {logging_mixin.py:188} INFO - [2024-10-20T10:50:26.829+0000] {dagbag.py:540} INFO - Filling up the DagBag from /home/airflow/.local/lib/python3.8/site-packages/airflow/example_dags/example_bash_operator.py
[2024-10-20T10:50:26.840+0000] {processor.py:840} INFO - DAG(s) 'example_bash_operator' retrieved from /home/airflow/.local/lib/python3.8/site-packages/airflow/example_dags/example_bash_operator.py
[2024-10-20T10:50:26.865+0000] {logging_mixin.py:188} INFO - [2024-10-20T10:50:26.865+0000] {dag.py:3047} INFO - Sync 1 DAGs
[2024-10-20T10:50:26.882+0000] {logging_mixin.py:188} INFO - [2024-10-20T10:50:26.882+0000] {dag.py:3834} INFO - Setting next_dagrun for example_bash_operator to 2024-10-19 00:00:00+00:00, run_after=2024-10-20 00:00:00+00:00
[2024-10-20T10:50:26.895+0000] {processor.py:183} INFO - Processing /home/airflow/.local/lib/python3.8/site-packages/airflow/example_dags/example_bash_operator.py took 0.072 seconds
[2024-10-20T10:50:56.963+0000] {processor.py:161} INFO - Started process (PID=1739) to work on /home/airflow/.local/lib/python3.8/site-packages/airflow/example_dags/example_bash_operator.py
[2024-10-20T10:50:56.964+0000] {processor.py:830} INFO - Processing file /home/airflow/.local/lib/python3.8/site-packages/airflow/example_dags/example_bash_operator.py for tasks to queue
[2024-10-20T10:50:56.965+0000] {logging_mixin.py:188} INFO - [2024-10-20T10:50:56.965+0000] {dagbag.py:540} INFO - Filling up the DagBag from /home/airflow/.local/lib/python3.8/site-packages/airflow/example_dags/example_bash_operator.py
[2024-10-20T10:50:56.980+0000] {processor.py:840} INFO - DAG(s) 'example_bash_operator' retrieved from /home/airflow/.local/lib/python3.8/site-packages/airflow/example_dags/example_bash_operator.py
[2024-10-20T10:50:57.003+0000] {logging_mixin.py:188} INFO - [2024-10-20T10:50:57.003+0000] {dag.py:3047} INFO - Sync 1 DAGs
[2024-10-20T10:50:57.018+0000] {logging_mixin.py:188} INFO - [2024-10-20T10:50:57.018+0000] {dag.py:3834} INFO - Setting next_dagrun for example_bash_operator to 2024-10-19 00:00:00+00:00, run_after=2024-10-20 00:00:00+00:00
[2024-10-20T10:50:57.032+0000] {processor.py:183} INFO - Processing /home/airflow/.local/lib/python3.8/site-packages/airflow/example_dags/example_bash_operator.py took 0.071 seconds
[2024-10-20T10:51:27.061+0000] {processor.py:161} INFO - Started process (PID=1795) to work on /home/airflow/.local/lib/python3.8/site-packages/airflow/example_dags/example_bash_operator.py
[2024-10-20T10:51:27.062+0000] {processor.py:830} INFO - Processing file /home/airflow/.local/lib/python3.8/site-packages/airflow/example_dags/example_bash_operator.py for tasks to queue
[2024-10-20T10:51:27.064+0000] {logging_mixin.py:188} INFO - [2024-10-20T10:51:27.064+0000] {dagbag.py:540} INFO - Filling up the DagBag from /home/airflow/.local/lib/python3.8/site-packages/airflow/example_dags/example_bash_operator.py
[2024-10-20T10:51:27.074+0000] {processor.py:840} INFO - DAG(s) 'example_bash_operator' retrieved from /home/airflow/.local/lib/python3.8/site-packages/airflow/example_dags/example_bash_operator.py
[2024-10-20T10:51:27.095+0000] {logging_mixin.py:188} INFO - [2024-10-20T10:51:27.095+0000] {dag.py:3047} INFO - Sync 1 DAGs
[2024-10-20T10:51:27.111+0000] {logging_mixin.py:188} INFO - [2024-10-20T10:51:27.111+0000] {dag.py:3834} INFO - Setting next_dagrun for example_bash_operator to 2024-10-19 00:00:00+00:00, run_after=2024-10-20 00:00:00+00:00
[2024-10-20T10:51:27.127+0000] {processor.py:183} INFO - Processing /home/airflow/.local/lib/python3.8/site-packages/airflow/example_dags/example_bash_operator.py took 0.068 seconds
[2024-10-20T10:51:57.342+0000] {processor.py:161} INFO - Started process (PID=1851) to work on /home/airflow/.local/lib/python3.8/site-packages/airflow/example_dags/example_bash_operator.py
[2024-10-20T10:51:57.343+0000] {processor.py:830} INFO - Processing file /home/airflow/.local/lib/python3.8/site-packages/airflow/example_dags/example_bash_operator.py for tasks to queue
[2024-10-20T10:51:57.345+0000] {logging_mixin.py:188} INFO - [2024-10-20T10:51:57.344+0000] {dagbag.py:540} INFO - Filling up the DagBag from /home/airflow/.local/lib/python3.8/site-packages/airflow/example_dags/example_bash_operator.py
[2024-10-20T10:51:57.356+0000] {processor.py:840} INFO - DAG(s) 'example_bash_operator' retrieved from /home/airflow/.local/lib/python3.8/site-packages/airflow/example_dags/example_bash_operator.py
[2024-10-20T10:51:57.375+0000] {logging_mixin.py:188} INFO - [2024-10-20T10:51:57.374+0000] {dag.py:3047} INFO - Sync 1 DAGs
[2024-10-20T10:51:57.390+0000] {logging_mixin.py:188} INFO - [2024-10-20T10:51:57.390+0000] {dag.py:3834} INFO - Setting next_dagrun for example_bash_operator to 2024-10-19 00:00:00+00:00, run_after=2024-10-20 00:00:00+00:00
[2024-10-20T10:51:57.405+0000] {processor.py:183} INFO - Processing /home/airflow/.local/lib/python3.8/site-packages/airflow/example_dags/example_bash_operator.py took 0.065 seconds
[2024-10-20T10:52:27.459+0000] {processor.py:161} INFO - Started process (PID=1906) to work on /home/airflow/.local/lib/python3.8/site-packages/airflow/example_dags/example_bash_operator.py
[2024-10-20T10:52:27.464+0000] {processor.py:830} INFO - Processing file /home/airflow/.local/lib/python3.8/site-packages/airflow/example_dags/example_bash_operator.py for tasks to queue
[2024-10-20T10:52:27.467+0000] {logging_mixin.py:188} INFO - [2024-10-20T10:52:27.466+0000] {dagbag.py:540} INFO - Filling up the DagBag from /home/airflow/.local/lib/python3.8/site-packages/airflow/example_dags/example_bash_operator.py
[2024-10-20T10:52:27.478+0000] {processor.py:840} INFO - DAG(s) 'example_bash_operator' retrieved from /home/airflow/.local/lib/python3.8/site-packages/airflow/example_dags/example_bash_operator.py
[2024-10-20T10:52:27.501+0000] {logging_mixin.py:188} INFO - [2024-10-20T10:52:27.501+0000] {dag.py:3047} INFO - Sync 1 DAGs
[2024-10-20T10:52:27.521+0000] {logging_mixin.py:188} INFO - [2024-10-20T10:52:27.521+0000] {dag.py:3834} INFO - Setting next_dagrun for example_bash_operator to 2024-10-19 00:00:00+00:00, run_after=2024-10-20 00:00:00+00:00
[2024-10-20T10:52:27.535+0000] {processor.py:183} INFO - Processing /home/airflow/.local/lib/python3.8/site-packages/airflow/example_dags/example_bash_operator.py took 0.078 seconds
[2024-10-20T10:52:57.652+0000] {processor.py:161} INFO - Started process (PID=1962) to work on /home/airflow/.local/lib/python3.8/site-packages/airflow/example_dags/example_bash_operator.py
[2024-10-20T10:52:57.653+0000] {processor.py:830} INFO - Processing file /home/airflow/.local/lib/python3.8/site-packages/airflow/example_dags/example_bash_operator.py for tasks to queue
[2024-10-20T10:52:57.655+0000] {logging_mixin.py:188} INFO - [2024-10-20T10:52:57.655+0000] {dagbag.py:540} INFO - Filling up the DagBag from /home/airflow/.local/lib/python3.8/site-packages/airflow/example_dags/example_bash_operator.py
[2024-10-20T10:52:57.665+0000] {processor.py:840} INFO - DAG(s) 'example_bash_operator' retrieved from /home/airflow/.local/lib/python3.8/site-packages/airflow/example_dags/example_bash_operator.py
[2024-10-20T10:52:57.688+0000] {logging_mixin.py:188} INFO - [2024-10-20T10:52:57.688+0000] {dag.py:3047} INFO - Sync 1 DAGs
[2024-10-20T10:52:57.702+0000] {logging_mixin.py:188} INFO - [2024-10-20T10:52:57.702+0000] {dag.py:3834} INFO - Setting next_dagrun for example_bash_operator to 2024-10-19 00:00:00+00:00, run_after=2024-10-20 00:00:00+00:00
[2024-10-20T10:52:57.715+0000] {processor.py:183} INFO - Processing /home/airflow/.local/lib/python3.8/site-packages/airflow/example_dags/example_bash_operator.py took 0.066 seconds
[2024-10-20T10:53:27.766+0000] {processor.py:161} INFO - Started process (PID=2018) to work on /home/airflow/.local/lib/python3.8/site-packages/airflow/example_dags/example_bash_operator.py
[2024-10-20T10:53:27.768+0000] {processor.py:830} INFO - Processing file /home/airflow/.local/lib/python3.8/site-packages/airflow/example_dags/example_bash_operator.py for tasks to queue
[2024-10-20T10:53:27.769+0000] {logging_mixin.py:188} INFO - [2024-10-20T10:53:27.769+0000] {dagbag.py:540} INFO - Filling up the DagBag from /home/airflow/.local/lib/python3.8/site-packages/airflow/example_dags/example_bash_operator.py
[2024-10-20T10:53:27.779+0000] {processor.py:840} INFO - DAG(s) 'example_bash_operator' retrieved from /home/airflow/.local/lib/python3.8/site-packages/airflow/example_dags/example_bash_operator.py
[2024-10-20T10:53:27.800+0000] {logging_mixin.py:188} INFO - [2024-10-20T10:53:27.800+0000] {dag.py:3047} INFO - Sync 1 DAGs
[2024-10-20T10:53:27.817+0000] {logging_mixin.py:188} INFO - [2024-10-20T10:53:27.817+0000] {dag.py:3834} INFO - Setting next_dagrun for example_bash_operator to 2024-10-19 00:00:00+00:00, run_after=2024-10-20 00:00:00+00:00
[2024-10-20T10:53:27.831+0000] {processor.py:183} INFO - Processing /home/airflow/.local/lib/python3.8/site-packages/airflow/example_dags/example_bash_operator.py took 0.067 seconds
[2024-10-20T10:53:57.968+0000] {processor.py:161} INFO - Started process (PID=2074) to work on /home/airflow/.local/lib/python3.8/site-packages/airflow/example_dags/example_bash_operator.py
[2024-10-20T10:53:57.969+0000] {processor.py:830} INFO - Processing file /home/airflow/.local/lib/python3.8/site-packages/airflow/example_dags/example_bash_operator.py for tasks to queue
[2024-10-20T10:53:57.971+0000] {logging_mixin.py:188} INFO - [2024-10-20T10:53:57.971+0000] {dagbag.py:540} INFO - Filling up the DagBag from /home/airflow/.local/lib/python3.8/site-packages/airflow/example_dags/example_bash_operator.py
[2024-10-20T10:53:57.981+0000] {processor.py:840} INFO - DAG(s) 'example_bash_operator' retrieved from /home/airflow/.local/lib/python3.8/site-packages/airflow/example_dags/example_bash_operator.py
[2024-10-20T10:53:58.001+0000] {logging_mixin.py:188} INFO - [2024-10-20T10:53:58.001+0000] {dag.py:3047} INFO - Sync 1 DAGs
[2024-10-20T10:53:58.018+0000] {logging_mixin.py:188} INFO - [2024-10-20T10:53:58.018+0000] {dag.py:3834} INFO - Setting next_dagrun for example_bash_operator to 2024-10-19 00:00:00+00:00, run_after=2024-10-20 00:00:00+00:00
[2024-10-20T10:53:58.031+0000] {processor.py:183} INFO - Processing /home/airflow/.local/lib/python3.8/site-packages/airflow/example_dags/example_bash_operator.py took 0.065 seconds
[2024-10-20T10:54:28.203+0000] {processor.py:161} INFO - Started process (PID=2130) to work on /home/airflow/.local/lib/python3.8/site-packages/airflow/example_dags/example_bash_operator.py
[2024-10-20T10:54:28.205+0000] {processor.py:830} INFO - Processing file /home/airflow/.local/lib/python3.8/site-packages/airflow/example_dags/example_bash_operator.py for tasks to queue
[2024-10-20T10:54:28.208+0000] {logging_mixin.py:188} INFO - [2024-10-20T10:54:28.207+0000] {dagbag.py:540} INFO - Filling up the DagBag from /home/airflow/.local/lib/python3.8/site-packages/airflow/example_dags/example_bash_operator.py
[2024-10-20T10:54:28.219+0000] {processor.py:840} INFO - DAG(s) 'example_bash_operator' retrieved from /home/airflow/.local/lib/python3.8/site-packages/airflow/example_dags/example_bash_operator.py
[2024-10-20T10:54:28.240+0000] {logging_mixin.py:188} INFO - [2024-10-20T10:54:28.239+0000] {dag.py:3047} INFO - Sync 1 DAGs
[2024-10-20T10:54:28.255+0000] {logging_mixin.py:188} INFO - [2024-10-20T10:54:28.255+0000] {dag.py:3834} INFO - Setting next_dagrun for example_bash_operator to 2024-10-19 00:00:00+00:00, run_after=2024-10-20 00:00:00+00:00
[2024-10-20T10:54:28.267+0000] {processor.py:183} INFO - Processing /home/airflow/.local/lib/python3.8/site-packages/airflow/example_dags/example_bash_operator.py took 0.067 seconds
[2024-10-20T10:54:58.540+0000] {processor.py:161} INFO - Started process (PID=2186) to work on /home/airflow/.local/lib/python3.8/site-packages/airflow/example_dags/example_bash_operator.py
[2024-10-20T10:54:58.542+0000] {processor.py:830} INFO - Processing file /home/airflow/.local/lib/python3.8/site-packages/airflow/example_dags/example_bash_operator.py for tasks to queue
[2024-10-20T10:54:58.543+0000] {logging_mixin.py:188} INFO - [2024-10-20T10:54:58.543+0000] {dagbag.py:540} INFO - Filling up the DagBag from /home/airflow/.local/lib/python3.8/site-packages/airflow/example_dags/example_bash_operator.py
[2024-10-20T10:54:58.554+0000] {processor.py:840} INFO - DAG(s) 'example_bash_operator' retrieved from /home/airflow/.local/lib/python3.8/site-packages/airflow/example_dags/example_bash_operator.py
[2024-10-20T10:54:58.573+0000] {logging_mixin.py:188} INFO - [2024-10-20T10:54:58.573+0000] {dag.py:3047} INFO - Sync 1 DAGs
[2024-10-20T10:54:58.589+0000] {logging_mixin.py:188} INFO - [2024-10-20T10:54:58.589+0000] {dag.py:3834} INFO - Setting next_dagrun for example_bash_operator to 2024-10-19 00:00:00+00:00, run_after=2024-10-20 00:00:00+00:00
[2024-10-20T10:54:58.601+0000] {processor.py:183} INFO - Processing /home/airflow/.local/lib/python3.8/site-packages/airflow/example_dags/example_bash_operator.py took 0.064 seconds
[2024-10-20T10:55:28.826+0000] {processor.py:161} INFO - Started process (PID=2241) to work on /home/airflow/.local/lib/python3.8/site-packages/airflow/example_dags/example_bash_operator.py
[2024-10-20T10:55:28.828+0000] {processor.py:830} INFO - Processing file /home/airflow/.local/lib/python3.8/site-packages/airflow/example_dags/example_bash_operator.py for tasks to queue
[2024-10-20T10:55:28.829+0000] {logging_mixin.py:188} INFO - [2024-10-20T10:55:28.829+0000] {dagbag.py:540} INFO - Filling up the DagBag from /home/airflow/.local/lib/python3.8/site-packages/airflow/example_dags/example_bash_operator.py
[2024-10-20T10:55:28.837+0000] {processor.py:840} INFO - DAG(s) 'example_bash_operator' retrieved from /home/airflow/.local/lib/python3.8/site-packages/airflow/example_dags/example_bash_operator.py
[2024-10-20T10:55:28.860+0000] {logging_mixin.py:188} INFO - [2024-10-20T10:55:28.860+0000] {dag.py:3047} INFO - Sync 1 DAGs
[2024-10-20T10:55:28.877+0000] {logging_mixin.py:188} INFO - [2024-10-20T10:55:28.876+0000] {dag.py:3834} INFO - Setting next_dagrun for example_bash_operator to 2024-10-19 00:00:00+00:00, run_after=2024-10-20 00:00:00+00:00
[2024-10-20T10:55:28.894+0000] {processor.py:183} INFO - Processing /home/airflow/.local/lib/python3.8/site-packages/airflow/example_dags/example_bash_operator.py took 0.070 seconds
[2024-10-20T10:55:59.578+0000] {processor.py:161} INFO - Started process (PID=2295) to work on /home/airflow/.local/lib/python3.8/site-packages/airflow/example_dags/example_bash_operator.py
[2024-10-20T10:55:59.579+0000] {processor.py:830} INFO - Processing file /home/airflow/.local/lib/python3.8/site-packages/airflow/example_dags/example_bash_operator.py for tasks to queue
[2024-10-20T10:55:59.582+0000] {logging_mixin.py:188} INFO - [2024-10-20T10:55:59.582+0000] {dagbag.py:540} INFO - Filling up the DagBag from /home/airflow/.local/lib/python3.8/site-packages/airflow/example_dags/example_bash_operator.py
[2024-10-20T10:55:59.596+0000] {processor.py:840} INFO - DAG(s) 'example_bash_operator' retrieved from /home/airflow/.local/lib/python3.8/site-packages/airflow/example_dags/example_bash_operator.py
[2024-10-20T10:55:59.617+0000] {logging_mixin.py:188} INFO - [2024-10-20T10:55:59.617+0000] {dag.py:3047} INFO - Sync 1 DAGs
[2024-10-20T10:55:59.638+0000] {logging_mixin.py:188} INFO - [2024-10-20T10:55:59.637+0000] {dag.py:3834} INFO - Setting next_dagrun for example_bash_operator to 2024-10-19 00:00:00+00:00, run_after=2024-10-20 00:00:00+00:00
[2024-10-20T10:55:59.656+0000] {processor.py:183} INFO - Processing /home/airflow/.local/lib/python3.8/site-packages/airflow/example_dags/example_bash_operator.py took 0.080 seconds
