[2024-10-20T10:20:17.323+0000] {processor.py:161} INFO - Started process (PID=86) to work on /home/airflow/.local/lib/python3.8/site-packages/airflow/example_dags/example_branch_labels.py
[2024-10-20T10:20:17.325+0000] {processor.py:830} INFO - Processing file /home/airflow/.local/lib/python3.8/site-packages/airflow/example_dags/example_branch_labels.py for tasks to queue
[2024-10-20T10:20:17.330+0000] {logging_mixin.py:188} INFO - [2024-10-20T10:20:17.330+0000] {dagbag.py:540} INFO - Filling up the DagBag from /home/airflow/.local/lib/python3.8/site-packages/airflow/example_dags/example_branch_labels.py
[2024-10-20T10:20:17.356+0000] {processor.py:840} INFO - DAG(s) 'example_branch_labels' retrieved from /home/airflow/.local/lib/python3.8/site-packages/airflow/example_dags/example_branch_labels.py
[2024-10-20T10:20:17.531+0000] {logging_mixin.py:188} INFO - [2024-10-20T10:20:17.530+0000] {dag.py:3047} INFO - Sync 1 DAGs
[2024-10-20T10:20:17.557+0000] {logging_mixin.py:188} INFO - [2024-10-20T10:20:17.557+0000] {dag.py:3834} INFO - Setting next_dagrun for example_branch_labels to 2024-10-19 00:00:00+00:00, run_after=2024-10-20 00:00:00+00:00
[2024-10-20T10:20:17.584+0000] {processor.py:183} INFO - Processing /home/airflow/.local/lib/python3.8/site-packages/airflow/example_dags/example_branch_labels.py took 0.265 seconds
[2024-10-20T10:20:47.810+0000] {processor.py:161} INFO - Started process (PID=141) to work on /home/airflow/.local/lib/python3.8/site-packages/airflow/example_dags/example_branch_labels.py
[2024-10-20T10:20:47.811+0000] {processor.py:830} INFO - Processing file /home/airflow/.local/lib/python3.8/site-packages/airflow/example_dags/example_branch_labels.py for tasks to queue
[2024-10-20T10:20:47.812+0000] {logging_mixin.py:188} INFO - [2024-10-20T10:20:47.812+0000] {dagbag.py:540} INFO - Filling up the DagBag from /home/airflow/.local/lib/python3.8/site-packages/airflow/example_dags/example_branch_labels.py
[2024-10-20T10:20:47.819+0000] {processor.py:840} INFO - DAG(s) 'example_branch_labels' retrieved from /home/airflow/.local/lib/python3.8/site-packages/airflow/example_dags/example_branch_labels.py
[2024-10-20T10:20:47.833+0000] {logging_mixin.py:188} INFO - [2024-10-20T10:20:47.833+0000] {dag.py:3047} INFO - Sync 1 DAGs
[2024-10-20T10:20:47.849+0000] {logging_mixin.py:188} INFO - [2024-10-20T10:20:47.849+0000] {dag.py:3834} INFO - Setting next_dagrun for example_branch_labels to 2024-10-19 00:00:00+00:00, run_after=2024-10-20 00:00:00+00:00
[2024-10-20T10:20:47.862+0000] {processor.py:183} INFO - Processing /home/airflow/.local/lib/python3.8/site-packages/airflow/example_dags/example_branch_labels.py took 0.055 seconds
[2024-10-20T10:21:18.696+0000] {processor.py:161} INFO - Started process (PID=196) to work on /home/airflow/.local/lib/python3.8/site-packages/airflow/example_dags/example_branch_labels.py
[2024-10-20T10:21:18.698+0000] {processor.py:830} INFO - Processing file /home/airflow/.local/lib/python3.8/site-packages/airflow/example_dags/example_branch_labels.py for tasks to queue
[2024-10-20T10:21:18.699+0000] {logging_mixin.py:188} INFO - [2024-10-20T10:21:18.699+0000] {dagbag.py:540} INFO - Filling up the DagBag from /home/airflow/.local/lib/python3.8/site-packages/airflow/example_dags/example_branch_labels.py
[2024-10-20T10:21:18.704+0000] {processor.py:840} INFO - DAG(s) 'example_branch_labels' retrieved from /home/airflow/.local/lib/python3.8/site-packages/airflow/example_dags/example_branch_labels.py
[2024-10-20T10:21:18.718+0000] {logging_mixin.py:188} INFO - [2024-10-20T10:21:18.718+0000] {dag.py:3047} INFO - Sync 1 DAGs
[2024-10-20T10:21:18.734+0000] {logging_mixin.py:188} INFO - [2024-10-20T10:21:18.733+0000] {dag.py:3834} INFO - Setting next_dagrun for example_branch_labels to 2024-10-19 00:00:00+00:00, run_after=2024-10-20 00:00:00+00:00
[2024-10-20T10:21:18.744+0000] {processor.py:183} INFO - Processing /home/airflow/.local/lib/python3.8/site-packages/airflow/example_dags/example_branch_labels.py took 0.050 seconds
[2024-10-20T10:21:49.501+0000] {processor.py:161} INFO - Started process (PID=251) to work on /home/airflow/.local/lib/python3.8/site-packages/airflow/example_dags/example_branch_labels.py
[2024-10-20T10:21:49.501+0000] {processor.py:830} INFO - Processing file /home/airflow/.local/lib/python3.8/site-packages/airflow/example_dags/example_branch_labels.py for tasks to queue
[2024-10-20T10:21:49.503+0000] {logging_mixin.py:188} INFO - [2024-10-20T10:21:49.503+0000] {dagbag.py:540} INFO - Filling up the DagBag from /home/airflow/.local/lib/python3.8/site-packages/airflow/example_dags/example_branch_labels.py
[2024-10-20T10:21:49.509+0000] {processor.py:840} INFO - DAG(s) 'example_branch_labels' retrieved from /home/airflow/.local/lib/python3.8/site-packages/airflow/example_dags/example_branch_labels.py
[2024-10-20T10:21:49.528+0000] {logging_mixin.py:188} INFO - [2024-10-20T10:21:49.528+0000] {dag.py:3047} INFO - Sync 1 DAGs
[2024-10-20T10:21:49.545+0000] {logging_mixin.py:188} INFO - [2024-10-20T10:21:49.545+0000] {dag.py:3834} INFO - Setting next_dagrun for example_branch_labels to 2024-10-19 00:00:00+00:00, run_after=2024-10-20 00:00:00+00:00
[2024-10-20T10:21:49.560+0000] {processor.py:183} INFO - Processing /home/airflow/.local/lib/python3.8/site-packages/airflow/example_dags/example_branch_labels.py took 0.062 seconds
[2024-10-20T10:22:19.651+0000] {processor.py:161} INFO - Started process (PID=306) to work on /home/airflow/.local/lib/python3.8/site-packages/airflow/example_dags/example_branch_labels.py
[2024-10-20T10:22:19.652+0000] {processor.py:830} INFO - Processing file /home/airflow/.local/lib/python3.8/site-packages/airflow/example_dags/example_branch_labels.py for tasks to queue
[2024-10-20T10:22:19.654+0000] {logging_mixin.py:188} INFO - [2024-10-20T10:22:19.654+0000] {dagbag.py:540} INFO - Filling up the DagBag from /home/airflow/.local/lib/python3.8/site-packages/airflow/example_dags/example_branch_labels.py
[2024-10-20T10:22:19.660+0000] {processor.py:840} INFO - DAG(s) 'example_branch_labels' retrieved from /home/airflow/.local/lib/python3.8/site-packages/airflow/example_dags/example_branch_labels.py
[2024-10-20T10:22:19.677+0000] {logging_mixin.py:188} INFO - [2024-10-20T10:22:19.677+0000] {dag.py:3047} INFO - Sync 1 DAGs
[2024-10-20T10:22:19.693+0000] {logging_mixin.py:188} INFO - [2024-10-20T10:22:19.693+0000] {dag.py:3834} INFO - Setting next_dagrun for example_branch_labels to 2024-10-19 00:00:00+00:00, run_after=2024-10-20 00:00:00+00:00
[2024-10-20T10:22:19.706+0000] {processor.py:183} INFO - Processing /home/airflow/.local/lib/python3.8/site-packages/airflow/example_dags/example_branch_labels.py took 0.058 seconds
[2024-10-20T10:22:49.772+0000] {processor.py:161} INFO - Started process (PID=361) to work on /home/airflow/.local/lib/python3.8/site-packages/airflow/example_dags/example_branch_labels.py
[2024-10-20T10:22:49.773+0000] {processor.py:830} INFO - Processing file /home/airflow/.local/lib/python3.8/site-packages/airflow/example_dags/example_branch_labels.py for tasks to queue
[2024-10-20T10:22:49.776+0000] {logging_mixin.py:188} INFO - [2024-10-20T10:22:49.775+0000] {dagbag.py:540} INFO - Filling up the DagBag from /home/airflow/.local/lib/python3.8/site-packages/airflow/example_dags/example_branch_labels.py
[2024-10-20T10:22:49.784+0000] {processor.py:840} INFO - DAG(s) 'example_branch_labels' retrieved from /home/airflow/.local/lib/python3.8/site-packages/airflow/example_dags/example_branch_labels.py
[2024-10-20T10:22:49.802+0000] {logging_mixin.py:188} INFO - [2024-10-20T10:22:49.801+0000] {dag.py:3047} INFO - Sync 1 DAGs
[2024-10-20T10:22:49.817+0000] {logging_mixin.py:188} INFO - [2024-10-20T10:22:49.817+0000] {dag.py:3834} INFO - Setting next_dagrun for example_branch_labels to 2024-10-19 00:00:00+00:00, run_after=2024-10-20 00:00:00+00:00
[2024-10-20T10:22:49.830+0000] {processor.py:183} INFO - Processing /home/airflow/.local/lib/python3.8/site-packages/airflow/example_dags/example_branch_labels.py took 0.061 seconds
[2024-10-20T10:23:20.645+0000] {processor.py:161} INFO - Started process (PID=416) to work on /home/airflow/.local/lib/python3.8/site-packages/airflow/example_dags/example_branch_labels.py
[2024-10-20T10:23:20.646+0000] {processor.py:830} INFO - Processing file /home/airflow/.local/lib/python3.8/site-packages/airflow/example_dags/example_branch_labels.py for tasks to queue
[2024-10-20T10:23:20.647+0000] {logging_mixin.py:188} INFO - [2024-10-20T10:23:20.647+0000] {dagbag.py:540} INFO - Filling up the DagBag from /home/airflow/.local/lib/python3.8/site-packages/airflow/example_dags/example_branch_labels.py
[2024-10-20T10:23:20.653+0000] {processor.py:840} INFO - DAG(s) 'example_branch_labels' retrieved from /home/airflow/.local/lib/python3.8/site-packages/airflow/example_dags/example_branch_labels.py
[2024-10-20T10:23:20.669+0000] {logging_mixin.py:188} INFO - [2024-10-20T10:23:20.669+0000] {dag.py:3047} INFO - Sync 1 DAGs
[2024-10-20T10:23:20.687+0000] {logging_mixin.py:188} INFO - [2024-10-20T10:23:20.686+0000] {dag.py:3834} INFO - Setting next_dagrun for example_branch_labels to 2024-10-19 00:00:00+00:00, run_after=2024-10-20 00:00:00+00:00
[2024-10-20T10:23:20.699+0000] {processor.py:183} INFO - Processing /home/airflow/.local/lib/python3.8/site-packages/airflow/example_dags/example_branch_labels.py took 0.057 seconds
[2024-10-20T10:23:51.655+0000] {processor.py:161} INFO - Started process (PID=471) to work on /home/airflow/.local/lib/python3.8/site-packages/airflow/example_dags/example_branch_labels.py
[2024-10-20T10:23:51.656+0000] {processor.py:830} INFO - Processing file /home/airflow/.local/lib/python3.8/site-packages/airflow/example_dags/example_branch_labels.py for tasks to queue
[2024-10-20T10:23:51.658+0000] {logging_mixin.py:188} INFO - [2024-10-20T10:23:51.658+0000] {dagbag.py:540} INFO - Filling up the DagBag from /home/airflow/.local/lib/python3.8/site-packages/airflow/example_dags/example_branch_labels.py
[2024-10-20T10:23:51.664+0000] {processor.py:840} INFO - DAG(s) 'example_branch_labels' retrieved from /home/airflow/.local/lib/python3.8/site-packages/airflow/example_dags/example_branch_labels.py
[2024-10-20T10:23:51.680+0000] {logging_mixin.py:188} INFO - [2024-10-20T10:23:51.680+0000] {dag.py:3047} INFO - Sync 1 DAGs
[2024-10-20T10:23:51.696+0000] {logging_mixin.py:188} INFO - [2024-10-20T10:23:51.696+0000] {dag.py:3834} INFO - Setting next_dagrun for example_branch_labels to 2024-10-19 00:00:00+00:00, run_after=2024-10-20 00:00:00+00:00
[2024-10-20T10:23:51.708+0000] {processor.py:183} INFO - Processing /home/airflow/.local/lib/python3.8/site-packages/airflow/example_dags/example_branch_labels.py took 0.055 seconds
[2024-10-20T10:24:21.789+0000] {processor.py:161} INFO - Started process (PID=526) to work on /home/airflow/.local/lib/python3.8/site-packages/airflow/example_dags/example_branch_labels.py
[2024-10-20T10:24:21.790+0000] {processor.py:830} INFO - Processing file /home/airflow/.local/lib/python3.8/site-packages/airflow/example_dags/example_branch_labels.py for tasks to queue
[2024-10-20T10:24:21.791+0000] {logging_mixin.py:188} INFO - [2024-10-20T10:24:21.791+0000] {dagbag.py:540} INFO - Filling up the DagBag from /home/airflow/.local/lib/python3.8/site-packages/airflow/example_dags/example_branch_labels.py
[2024-10-20T10:24:21.796+0000] {processor.py:840} INFO - DAG(s) 'example_branch_labels' retrieved from /home/airflow/.local/lib/python3.8/site-packages/airflow/example_dags/example_branch_labels.py
[2024-10-20T10:24:21.810+0000] {logging_mixin.py:188} INFO - [2024-10-20T10:24:21.809+0000] {dag.py:3047} INFO - Sync 1 DAGs
[2024-10-20T10:24:21.825+0000] {logging_mixin.py:188} INFO - [2024-10-20T10:24:21.825+0000] {dag.py:3834} INFO - Setting next_dagrun for example_branch_labels to 2024-10-19 00:00:00+00:00, run_after=2024-10-20 00:00:00+00:00
[2024-10-20T10:24:21.835+0000] {processor.py:183} INFO - Processing /home/airflow/.local/lib/python3.8/site-packages/airflow/example_dags/example_branch_labels.py took 0.049 seconds
[2024-10-20T10:24:51.993+0000] {processor.py:161} INFO - Started process (PID=581) to work on /home/airflow/.local/lib/python3.8/site-packages/airflow/example_dags/example_branch_labels.py
[2024-10-20T10:24:51.995+0000] {processor.py:830} INFO - Processing file /home/airflow/.local/lib/python3.8/site-packages/airflow/example_dags/example_branch_labels.py for tasks to queue
[2024-10-20T10:24:51.998+0000] {logging_mixin.py:188} INFO - [2024-10-20T10:24:51.997+0000] {dagbag.py:540} INFO - Filling up the DagBag from /home/airflow/.local/lib/python3.8/site-packages/airflow/example_dags/example_branch_labels.py
[2024-10-20T10:24:52.007+0000] {processor.py:840} INFO - DAG(s) 'example_branch_labels' retrieved from /home/airflow/.local/lib/python3.8/site-packages/airflow/example_dags/example_branch_labels.py
[2024-10-20T10:24:52.034+0000] {logging_mixin.py:188} INFO - [2024-10-20T10:24:52.033+0000] {dag.py:3047} INFO - Sync 1 DAGs
[2024-10-20T10:24:52.073+0000] {logging_mixin.py:188} INFO - [2024-10-20T10:24:52.073+0000] {dag.py:3834} INFO - Setting next_dagrun for example_branch_labels to 2024-10-19 00:00:00+00:00, run_after=2024-10-20 00:00:00+00:00
[2024-10-20T10:24:52.095+0000] {processor.py:183} INFO - Processing /home/airflow/.local/lib/python3.8/site-packages/airflow/example_dags/example_branch_labels.py took 0.106 seconds
[2024-10-20T10:25:22.218+0000] {processor.py:161} INFO - Started process (PID=636) to work on /home/airflow/.local/lib/python3.8/site-packages/airflow/example_dags/example_branch_labels.py
[2024-10-20T10:25:22.220+0000] {processor.py:830} INFO - Processing file /home/airflow/.local/lib/python3.8/site-packages/airflow/example_dags/example_branch_labels.py for tasks to queue
[2024-10-20T10:25:22.221+0000] {logging_mixin.py:188} INFO - [2024-10-20T10:25:22.221+0000] {dagbag.py:540} INFO - Filling up the DagBag from /home/airflow/.local/lib/python3.8/site-packages/airflow/example_dags/example_branch_labels.py
[2024-10-20T10:25:22.228+0000] {processor.py:840} INFO - DAG(s) 'example_branch_labels' retrieved from /home/airflow/.local/lib/python3.8/site-packages/airflow/example_dags/example_branch_labels.py
[2024-10-20T10:25:22.243+0000] {logging_mixin.py:188} INFO - [2024-10-20T10:25:22.243+0000] {dag.py:3047} INFO - Sync 1 DAGs
[2024-10-20T10:25:22.258+0000] {logging_mixin.py:188} INFO - [2024-10-20T10:25:22.258+0000] {dag.py:3834} INFO - Setting next_dagrun for example_branch_labels to 2024-10-19 00:00:00+00:00, run_after=2024-10-20 00:00:00+00:00
[2024-10-20T10:25:22.269+0000] {processor.py:183} INFO - Processing /home/airflow/.local/lib/python3.8/site-packages/airflow/example_dags/example_branch_labels.py took 0.053 seconds
[2024-10-20T10:25:52.508+0000] {processor.py:161} INFO - Started process (PID=691) to work on /home/airflow/.local/lib/python3.8/site-packages/airflow/example_dags/example_branch_labels.py
[2024-10-20T10:25:52.509+0000] {processor.py:830} INFO - Processing file /home/airflow/.local/lib/python3.8/site-packages/airflow/example_dags/example_branch_labels.py for tasks to queue
[2024-10-20T10:25:52.510+0000] {logging_mixin.py:188} INFO - [2024-10-20T10:25:52.510+0000] {dagbag.py:540} INFO - Filling up the DagBag from /home/airflow/.local/lib/python3.8/site-packages/airflow/example_dags/example_branch_labels.py
[2024-10-20T10:25:52.516+0000] {processor.py:840} INFO - DAG(s) 'example_branch_labels' retrieved from /home/airflow/.local/lib/python3.8/site-packages/airflow/example_dags/example_branch_labels.py
[2024-10-20T10:25:52.531+0000] {logging_mixin.py:188} INFO - [2024-10-20T10:25:52.531+0000] {dag.py:3047} INFO - Sync 1 DAGs
[2024-10-20T10:25:52.545+0000] {logging_mixin.py:188} INFO - [2024-10-20T10:25:52.545+0000] {dag.py:3834} INFO - Setting next_dagrun for example_branch_labels to 2024-10-19 00:00:00+00:00, run_after=2024-10-20 00:00:00+00:00
[2024-10-20T10:25:52.558+0000] {processor.py:183} INFO - Processing /home/airflow/.local/lib/python3.8/site-packages/airflow/example_dags/example_branch_labels.py took 0.052 seconds
[2024-10-20T10:26:23.241+0000] {processor.py:161} INFO - Started process (PID=746) to work on /home/airflow/.local/lib/python3.8/site-packages/airflow/example_dags/example_branch_labels.py
[2024-10-20T10:26:23.242+0000] {processor.py:830} INFO - Processing file /home/airflow/.local/lib/python3.8/site-packages/airflow/example_dags/example_branch_labels.py for tasks to queue
[2024-10-20T10:26:23.244+0000] {logging_mixin.py:188} INFO - [2024-10-20T10:26:23.244+0000] {dagbag.py:540} INFO - Filling up the DagBag from /home/airflow/.local/lib/python3.8/site-packages/airflow/example_dags/example_branch_labels.py
[2024-10-20T10:26:23.251+0000] {processor.py:840} INFO - DAG(s) 'example_branch_labels' retrieved from /home/airflow/.local/lib/python3.8/site-packages/airflow/example_dags/example_branch_labels.py
[2024-10-20T10:26:23.268+0000] {logging_mixin.py:188} INFO - [2024-10-20T10:26:23.268+0000] {dag.py:3047} INFO - Sync 1 DAGs
[2024-10-20T10:26:23.284+0000] {logging_mixin.py:188} INFO - [2024-10-20T10:26:23.284+0000] {dag.py:3834} INFO - Setting next_dagrun for example_branch_labels to 2024-10-19 00:00:00+00:00, run_after=2024-10-20 00:00:00+00:00
[2024-10-20T10:26:23.298+0000] {processor.py:183} INFO - Processing /home/airflow/.local/lib/python3.8/site-packages/airflow/example_dags/example_branch_labels.py took 0.060 seconds
[2024-10-20T10:26:53.932+0000] {processor.py:161} INFO - Started process (PID=801) to work on /home/airflow/.local/lib/python3.8/site-packages/airflow/example_dags/example_branch_labels.py
[2024-10-20T10:26:53.933+0000] {processor.py:830} INFO - Processing file /home/airflow/.local/lib/python3.8/site-packages/airflow/example_dags/example_branch_labels.py for tasks to queue
[2024-10-20T10:26:53.935+0000] {logging_mixin.py:188} INFO - [2024-10-20T10:26:53.935+0000] {dagbag.py:540} INFO - Filling up the DagBag from /home/airflow/.local/lib/python3.8/site-packages/airflow/example_dags/example_branch_labels.py
[2024-10-20T10:26:53.940+0000] {processor.py:840} INFO - DAG(s) 'example_branch_labels' retrieved from /home/airflow/.local/lib/python3.8/site-packages/airflow/example_dags/example_branch_labels.py
[2024-10-20T10:26:53.961+0000] {logging_mixin.py:188} INFO - [2024-10-20T10:26:53.961+0000] {dag.py:3047} INFO - Sync 1 DAGs
[2024-10-20T10:26:53.977+0000] {logging_mixin.py:188} INFO - [2024-10-20T10:26:53.976+0000] {dag.py:3834} INFO - Setting next_dagrun for example_branch_labels to 2024-10-19 00:00:00+00:00, run_after=2024-10-20 00:00:00+00:00
[2024-10-20T10:26:53.988+0000] {processor.py:183} INFO - Processing /home/airflow/.local/lib/python3.8/site-packages/airflow/example_dags/example_branch_labels.py took 0.059 seconds
[2024-10-20T10:27:24.601+0000] {processor.py:161} INFO - Started process (PID=856) to work on /home/airflow/.local/lib/python3.8/site-packages/airflow/example_dags/example_branch_labels.py
[2024-10-20T10:27:24.602+0000] {processor.py:830} INFO - Processing file /home/airflow/.local/lib/python3.8/site-packages/airflow/example_dags/example_branch_labels.py for tasks to queue
[2024-10-20T10:27:24.603+0000] {logging_mixin.py:188} INFO - [2024-10-20T10:27:24.603+0000] {dagbag.py:540} INFO - Filling up the DagBag from /home/airflow/.local/lib/python3.8/site-packages/airflow/example_dags/example_branch_labels.py
[2024-10-20T10:27:24.609+0000] {processor.py:840} INFO - DAG(s) 'example_branch_labels' retrieved from /home/airflow/.local/lib/python3.8/site-packages/airflow/example_dags/example_branch_labels.py
[2024-10-20T10:27:24.626+0000] {logging_mixin.py:188} INFO - [2024-10-20T10:27:24.625+0000] {dag.py:3047} INFO - Sync 1 DAGs
[2024-10-20T10:27:24.640+0000] {logging_mixin.py:188} INFO - [2024-10-20T10:27:24.640+0000] {dag.py:3834} INFO - Setting next_dagrun for example_branch_labels to 2024-10-19 00:00:00+00:00, run_after=2024-10-20 00:00:00+00:00
[2024-10-20T10:27:24.650+0000] {processor.py:183} INFO - Processing /home/airflow/.local/lib/python3.8/site-packages/airflow/example_dags/example_branch_labels.py took 0.052 seconds
[2024-10-20T10:27:55.288+0000] {processor.py:161} INFO - Started process (PID=911) to work on /home/airflow/.local/lib/python3.8/site-packages/airflow/example_dags/example_branch_labels.py
[2024-10-20T10:27:55.289+0000] {processor.py:830} INFO - Processing file /home/airflow/.local/lib/python3.8/site-packages/airflow/example_dags/example_branch_labels.py for tasks to queue
[2024-10-20T10:27:55.294+0000] {logging_mixin.py:188} INFO - [2024-10-20T10:27:55.294+0000] {dagbag.py:540} INFO - Filling up the DagBag from /home/airflow/.local/lib/python3.8/site-packages/airflow/example_dags/example_branch_labels.py
[2024-10-20T10:27:55.300+0000] {processor.py:840} INFO - DAG(s) 'example_branch_labels' retrieved from /home/airflow/.local/lib/python3.8/site-packages/airflow/example_dags/example_branch_labels.py
[2024-10-20T10:27:55.427+0000] {logging_mixin.py:188} INFO - [2024-10-20T10:27:55.427+0000] {dag.py:3047} INFO - Sync 1 DAGs
[2024-10-20T10:27:55.563+0000] {logging_mixin.py:188} INFO - [2024-10-20T10:27:55.563+0000] {dag.py:3834} INFO - Setting next_dagrun for example_branch_labels to 2024-10-19 00:00:00+00:00, run_after=2024-10-20 00:00:00+00:00
[2024-10-20T10:27:55.575+0000] {processor.py:183} INFO - Processing /home/airflow/.local/lib/python3.8/site-packages/airflow/example_dags/example_branch_labels.py took 0.289 seconds
[2024-10-20T10:28:26.517+0000] {processor.py:161} INFO - Started process (PID=966) to work on /home/airflow/.local/lib/python3.8/site-packages/airflow/example_dags/example_branch_labels.py
[2024-10-20T10:28:26.518+0000] {processor.py:830} INFO - Processing file /home/airflow/.local/lib/python3.8/site-packages/airflow/example_dags/example_branch_labels.py for tasks to queue
[2024-10-20T10:28:26.519+0000] {logging_mixin.py:188} INFO - [2024-10-20T10:28:26.519+0000] {dagbag.py:540} INFO - Filling up the DagBag from /home/airflow/.local/lib/python3.8/site-packages/airflow/example_dags/example_branch_labels.py
[2024-10-20T10:28:26.525+0000] {processor.py:840} INFO - DAG(s) 'example_branch_labels' retrieved from /home/airflow/.local/lib/python3.8/site-packages/airflow/example_dags/example_branch_labels.py
[2024-10-20T10:28:26.544+0000] {logging_mixin.py:188} INFO - [2024-10-20T10:28:26.543+0000] {dag.py:3047} INFO - Sync 1 DAGs
[2024-10-20T10:28:26.559+0000] {logging_mixin.py:188} INFO - [2024-10-20T10:28:26.558+0000] {dag.py:3834} INFO - Setting next_dagrun for example_branch_labels to 2024-10-19 00:00:00+00:00, run_after=2024-10-20 00:00:00+00:00
[2024-10-20T10:28:26.569+0000] {processor.py:183} INFO - Processing /home/airflow/.local/lib/python3.8/site-packages/airflow/example_dags/example_branch_labels.py took 0.055 seconds
[2024-10-20T10:28:57.197+0000] {processor.py:161} INFO - Started process (PID=1021) to work on /home/airflow/.local/lib/python3.8/site-packages/airflow/example_dags/example_branch_labels.py
[2024-10-20T10:28:57.198+0000] {processor.py:830} INFO - Processing file /home/airflow/.local/lib/python3.8/site-packages/airflow/example_dags/example_branch_labels.py for tasks to queue
[2024-10-20T10:28:57.200+0000] {logging_mixin.py:188} INFO - [2024-10-20T10:28:57.200+0000] {dagbag.py:540} INFO - Filling up the DagBag from /home/airflow/.local/lib/python3.8/site-packages/airflow/example_dags/example_branch_labels.py
[2024-10-20T10:28:57.206+0000] {processor.py:840} INFO - DAG(s) 'example_branch_labels' retrieved from /home/airflow/.local/lib/python3.8/site-packages/airflow/example_dags/example_branch_labels.py
[2024-10-20T10:28:57.220+0000] {logging_mixin.py:188} INFO - [2024-10-20T10:28:57.220+0000] {dag.py:3047} INFO - Sync 1 DAGs
[2024-10-20T10:28:57.235+0000] {logging_mixin.py:188} INFO - [2024-10-20T10:28:57.235+0000] {dag.py:3834} INFO - Setting next_dagrun for example_branch_labels to 2024-10-19 00:00:00+00:00, run_after=2024-10-20 00:00:00+00:00
[2024-10-20T10:28:57.246+0000] {processor.py:183} INFO - Processing /home/airflow/.local/lib/python3.8/site-packages/airflow/example_dags/example_branch_labels.py took 0.051 seconds
[2024-10-20T10:29:27.863+0000] {processor.py:161} INFO - Started process (PID=1076) to work on /home/airflow/.local/lib/python3.8/site-packages/airflow/example_dags/example_branch_labels.py
[2024-10-20T10:29:27.864+0000] {processor.py:830} INFO - Processing file /home/airflow/.local/lib/python3.8/site-packages/airflow/example_dags/example_branch_labels.py for tasks to queue
[2024-10-20T10:29:27.865+0000] {logging_mixin.py:188} INFO - [2024-10-20T10:29:27.865+0000] {dagbag.py:540} INFO - Filling up the DagBag from /home/airflow/.local/lib/python3.8/site-packages/airflow/example_dags/example_branch_labels.py
[2024-10-20T10:29:27.871+0000] {processor.py:840} INFO - DAG(s) 'example_branch_labels' retrieved from /home/airflow/.local/lib/python3.8/site-packages/airflow/example_dags/example_branch_labels.py
[2024-10-20T10:29:27.886+0000] {logging_mixin.py:188} INFO - [2024-10-20T10:29:27.886+0000] {dag.py:3047} INFO - Sync 1 DAGs
[2024-10-20T10:29:27.901+0000] {logging_mixin.py:188} INFO - [2024-10-20T10:29:27.901+0000] {dag.py:3834} INFO - Setting next_dagrun for example_branch_labels to 2024-10-19 00:00:00+00:00, run_after=2024-10-20 00:00:00+00:00
[2024-10-20T10:29:27.912+0000] {processor.py:183} INFO - Processing /home/airflow/.local/lib/python3.8/site-packages/airflow/example_dags/example_branch_labels.py took 0.052 seconds
[2024-10-20T10:29:58.597+0000] {processor.py:161} INFO - Started process (PID=1131) to work on /home/airflow/.local/lib/python3.8/site-packages/airflow/example_dags/example_branch_labels.py
[2024-10-20T10:29:58.598+0000] {processor.py:830} INFO - Processing file /home/airflow/.local/lib/python3.8/site-packages/airflow/example_dags/example_branch_labels.py for tasks to queue
[2024-10-20T10:29:58.599+0000] {logging_mixin.py:188} INFO - [2024-10-20T10:29:58.599+0000] {dagbag.py:540} INFO - Filling up the DagBag from /home/airflow/.local/lib/python3.8/site-packages/airflow/example_dags/example_branch_labels.py
[2024-10-20T10:29:58.604+0000] {processor.py:840} INFO - DAG(s) 'example_branch_labels' retrieved from /home/airflow/.local/lib/python3.8/site-packages/airflow/example_dags/example_branch_labels.py
[2024-10-20T10:29:58.619+0000] {logging_mixin.py:188} INFO - [2024-10-20T10:29:58.619+0000] {dag.py:3047} INFO - Sync 1 DAGs
[2024-10-20T10:29:58.633+0000] {logging_mixin.py:188} INFO - [2024-10-20T10:29:58.633+0000] {dag.py:3834} INFO - Setting next_dagrun for example_branch_labels to 2024-10-19 00:00:00+00:00, run_after=2024-10-20 00:00:00+00:00
[2024-10-20T10:29:58.644+0000] {processor.py:183} INFO - Processing /home/airflow/.local/lib/python3.8/site-packages/airflow/example_dags/example_branch_labels.py took 0.049 seconds
[2024-10-20T10:30:29.317+0000] {processor.py:161} INFO - Started process (PID=1186) to work on /home/airflow/.local/lib/python3.8/site-packages/airflow/example_dags/example_branch_labels.py
[2024-10-20T10:30:29.318+0000] {processor.py:830} INFO - Processing file /home/airflow/.local/lib/python3.8/site-packages/airflow/example_dags/example_branch_labels.py for tasks to queue
[2024-10-20T10:30:29.320+0000] {logging_mixin.py:188} INFO - [2024-10-20T10:30:29.320+0000] {dagbag.py:540} INFO - Filling up the DagBag from /home/airflow/.local/lib/python3.8/site-packages/airflow/example_dags/example_branch_labels.py
[2024-10-20T10:30:29.326+0000] {processor.py:840} INFO - DAG(s) 'example_branch_labels' retrieved from /home/airflow/.local/lib/python3.8/site-packages/airflow/example_dags/example_branch_labels.py
[2024-10-20T10:30:29.339+0000] {logging_mixin.py:188} INFO - [2024-10-20T10:30:29.338+0000] {dag.py:3047} INFO - Sync 1 DAGs
[2024-10-20T10:30:29.353+0000] {logging_mixin.py:188} INFO - [2024-10-20T10:30:29.353+0000] {dag.py:3834} INFO - Setting next_dagrun for example_branch_labels to 2024-10-19 00:00:00+00:00, run_after=2024-10-20 00:00:00+00:00
[2024-10-20T10:30:29.363+0000] {processor.py:183} INFO - Processing /home/airflow/.local/lib/python3.8/site-packages/airflow/example_dags/example_branch_labels.py took 0.049 seconds
[2024-10-20T10:30:59.977+0000] {processor.py:161} INFO - Started process (PID=1241) to work on /home/airflow/.local/lib/python3.8/site-packages/airflow/example_dags/example_branch_labels.py
[2024-10-20T10:30:59.977+0000] {processor.py:830} INFO - Processing file /home/airflow/.local/lib/python3.8/site-packages/airflow/example_dags/example_branch_labels.py for tasks to queue
[2024-10-20T10:30:59.979+0000] {logging_mixin.py:188} INFO - [2024-10-20T10:30:59.979+0000] {dagbag.py:540} INFO - Filling up the DagBag from /home/airflow/.local/lib/python3.8/site-packages/airflow/example_dags/example_branch_labels.py
[2024-10-20T10:30:59.986+0000] {processor.py:840} INFO - DAG(s) 'example_branch_labels' retrieved from /home/airflow/.local/lib/python3.8/site-packages/airflow/example_dags/example_branch_labels.py
[2024-10-20T10:31:00.001+0000] {logging_mixin.py:188} INFO - [2024-10-20T10:31:00.001+0000] {dag.py:3047} INFO - Sync 1 DAGs
[2024-10-20T10:31:00.015+0000] {logging_mixin.py:188} INFO - [2024-10-20T10:31:00.015+0000] {dag.py:3834} INFO - Setting next_dagrun for example_branch_labels to 2024-10-19 00:00:00+00:00, run_after=2024-10-20 00:00:00+00:00
[2024-10-20T10:31:00.025+0000] {processor.py:183} INFO - Processing /home/airflow/.local/lib/python3.8/site-packages/airflow/example_dags/example_branch_labels.py took 0.051 seconds
[2024-10-20T10:31:30.688+0000] {processor.py:161} INFO - Started process (PID=1296) to work on /home/airflow/.local/lib/python3.8/site-packages/airflow/example_dags/example_branch_labels.py
[2024-10-20T10:31:30.689+0000] {processor.py:830} INFO - Processing file /home/airflow/.local/lib/python3.8/site-packages/airflow/example_dags/example_branch_labels.py for tasks to queue
[2024-10-20T10:31:30.691+0000] {logging_mixin.py:188} INFO - [2024-10-20T10:31:30.691+0000] {dagbag.py:540} INFO - Filling up the DagBag from /home/airflow/.local/lib/python3.8/site-packages/airflow/example_dags/example_branch_labels.py
[2024-10-20T10:31:30.697+0000] {processor.py:840} INFO - DAG(s) 'example_branch_labels' retrieved from /home/airflow/.local/lib/python3.8/site-packages/airflow/example_dags/example_branch_labels.py
[2024-10-20T10:31:30.713+0000] {logging_mixin.py:188} INFO - [2024-10-20T10:31:30.713+0000] {dag.py:3047} INFO - Sync 1 DAGs
[2024-10-20T10:31:30.728+0000] {logging_mixin.py:188} INFO - [2024-10-20T10:31:30.727+0000] {dag.py:3834} INFO - Setting next_dagrun for example_branch_labels to 2024-10-19 00:00:00+00:00, run_after=2024-10-20 00:00:00+00:00
[2024-10-20T10:31:30.738+0000] {processor.py:183} INFO - Processing /home/airflow/.local/lib/python3.8/site-packages/airflow/example_dags/example_branch_labels.py took 0.052 seconds
[2024-10-20T10:32:00.790+0000] {processor.py:161} INFO - Started process (PID=1351) to work on /home/airflow/.local/lib/python3.8/site-packages/airflow/example_dags/example_branch_labels.py
[2024-10-20T10:32:00.791+0000] {processor.py:830} INFO - Processing file /home/airflow/.local/lib/python3.8/site-packages/airflow/example_dags/example_branch_labels.py for tasks to queue
[2024-10-20T10:32:00.793+0000] {logging_mixin.py:188} INFO - [2024-10-20T10:32:00.793+0000] {dagbag.py:540} INFO - Filling up the DagBag from /home/airflow/.local/lib/python3.8/site-packages/airflow/example_dags/example_branch_labels.py
[2024-10-20T10:32:00.799+0000] {processor.py:840} INFO - DAG(s) 'example_branch_labels' retrieved from /home/airflow/.local/lib/python3.8/site-packages/airflow/example_dags/example_branch_labels.py
[2024-10-20T10:32:00.813+0000] {logging_mixin.py:188} INFO - [2024-10-20T10:32:00.813+0000] {dag.py:3047} INFO - Sync 1 DAGs
[2024-10-20T10:32:00.828+0000] {logging_mixin.py:188} INFO - [2024-10-20T10:32:00.827+0000] {dag.py:3834} INFO - Setting next_dagrun for example_branch_labels to 2024-10-19 00:00:00+00:00, run_after=2024-10-20 00:00:00+00:00
[2024-10-20T10:32:00.840+0000] {processor.py:183} INFO - Processing /home/airflow/.local/lib/python3.8/site-packages/airflow/example_dags/example_branch_labels.py took 0.053 seconds
[2024-10-20T10:32:31.548+0000] {processor.py:161} INFO - Started process (PID=1406) to work on /home/airflow/.local/lib/python3.8/site-packages/airflow/example_dags/example_branch_labels.py
[2024-10-20T10:32:31.549+0000] {processor.py:830} INFO - Processing file /home/airflow/.local/lib/python3.8/site-packages/airflow/example_dags/example_branch_labels.py for tasks to queue
[2024-10-20T10:32:31.551+0000] {logging_mixin.py:188} INFO - [2024-10-20T10:32:31.550+0000] {dagbag.py:540} INFO - Filling up the DagBag from /home/airflow/.local/lib/python3.8/site-packages/airflow/example_dags/example_branch_labels.py
[2024-10-20T10:32:31.558+0000] {processor.py:840} INFO - DAG(s) 'example_branch_labels' retrieved from /home/airflow/.local/lib/python3.8/site-packages/airflow/example_dags/example_branch_labels.py
[2024-10-20T10:32:31.573+0000] {logging_mixin.py:188} INFO - [2024-10-20T10:32:31.572+0000] {dag.py:3047} INFO - Sync 1 DAGs
[2024-10-20T10:32:31.587+0000] {logging_mixin.py:188} INFO - [2024-10-20T10:32:31.587+0000] {dag.py:3834} INFO - Setting next_dagrun for example_branch_labels to 2024-10-19 00:00:00+00:00, run_after=2024-10-20 00:00:00+00:00
[2024-10-20T10:32:31.598+0000] {processor.py:183} INFO - Processing /home/airflow/.local/lib/python3.8/site-packages/airflow/example_dags/example_branch_labels.py took 0.053 seconds
[2024-10-20T10:33:02.292+0000] {processor.py:161} INFO - Started process (PID=1461) to work on /home/airflow/.local/lib/python3.8/site-packages/airflow/example_dags/example_branch_labels.py
[2024-10-20T10:33:02.293+0000] {processor.py:830} INFO - Processing file /home/airflow/.local/lib/python3.8/site-packages/airflow/example_dags/example_branch_labels.py for tasks to queue
[2024-10-20T10:33:02.294+0000] {logging_mixin.py:188} INFO - [2024-10-20T10:33:02.294+0000] {dagbag.py:540} INFO - Filling up the DagBag from /home/airflow/.local/lib/python3.8/site-packages/airflow/example_dags/example_branch_labels.py
[2024-10-20T10:33:02.300+0000] {processor.py:840} INFO - DAG(s) 'example_branch_labels' retrieved from /home/airflow/.local/lib/python3.8/site-packages/airflow/example_dags/example_branch_labels.py
[2024-10-20T10:33:02.318+0000] {logging_mixin.py:188} INFO - [2024-10-20T10:33:02.318+0000] {dag.py:3047} INFO - Sync 1 DAGs
[2024-10-20T10:33:02.333+0000] {logging_mixin.py:188} INFO - [2024-10-20T10:33:02.333+0000] {dag.py:3834} INFO - Setting next_dagrun for example_branch_labels to 2024-10-19 00:00:00+00:00, run_after=2024-10-20 00:00:00+00:00
[2024-10-20T10:33:02.344+0000] {processor.py:183} INFO - Processing /home/airflow/.local/lib/python3.8/site-packages/airflow/example_dags/example_branch_labels.py took 0.055 seconds
[2024-10-20T10:33:32.380+0000] {processor.py:161} INFO - Started process (PID=1516) to work on /home/airflow/.local/lib/python3.8/site-packages/airflow/example_dags/example_branch_labels.py
[2024-10-20T10:33:32.381+0000] {processor.py:830} INFO - Processing file /home/airflow/.local/lib/python3.8/site-packages/airflow/example_dags/example_branch_labels.py for tasks to queue
[2024-10-20T10:33:32.383+0000] {logging_mixin.py:188} INFO - [2024-10-20T10:33:32.382+0000] {dagbag.py:540} INFO - Filling up the DagBag from /home/airflow/.local/lib/python3.8/site-packages/airflow/example_dags/example_branch_labels.py
[2024-10-20T10:33:32.389+0000] {processor.py:840} INFO - DAG(s) 'example_branch_labels' retrieved from /home/airflow/.local/lib/python3.8/site-packages/airflow/example_dags/example_branch_labels.py
[2024-10-20T10:33:32.406+0000] {logging_mixin.py:188} INFO - [2024-10-20T10:33:32.405+0000] {dag.py:3047} INFO - Sync 1 DAGs
[2024-10-20T10:33:32.420+0000] {logging_mixin.py:188} INFO - [2024-10-20T10:33:32.420+0000] {dag.py:3834} INFO - Setting next_dagrun for example_branch_labels to 2024-10-19 00:00:00+00:00, run_after=2024-10-20 00:00:00+00:00
[2024-10-20T10:33:32.432+0000] {processor.py:183} INFO - Processing /home/airflow/.local/lib/python3.8/site-packages/airflow/example_dags/example_branch_labels.py took 0.054 seconds
[2024-10-20T10:34:02.509+0000] {processor.py:161} INFO - Started process (PID=1571) to work on /home/airflow/.local/lib/python3.8/site-packages/airflow/example_dags/example_branch_labels.py
[2024-10-20T10:34:02.510+0000] {processor.py:830} INFO - Processing file /home/airflow/.local/lib/python3.8/site-packages/airflow/example_dags/example_branch_labels.py for tasks to queue
[2024-10-20T10:34:02.512+0000] {logging_mixin.py:188} INFO - [2024-10-20T10:34:02.512+0000] {dagbag.py:540} INFO - Filling up the DagBag from /home/airflow/.local/lib/python3.8/site-packages/airflow/example_dags/example_branch_labels.py
[2024-10-20T10:34:02.523+0000] {processor.py:840} INFO - DAG(s) 'example_branch_labels' retrieved from /home/airflow/.local/lib/python3.8/site-packages/airflow/example_dags/example_branch_labels.py
[2024-10-20T10:34:02.538+0000] {logging_mixin.py:188} INFO - [2024-10-20T10:34:02.538+0000] {dag.py:3047} INFO - Sync 1 DAGs
[2024-10-20T10:34:02.552+0000] {logging_mixin.py:188} INFO - [2024-10-20T10:34:02.552+0000] {dag.py:3834} INFO - Setting next_dagrun for example_branch_labels to 2024-10-19 00:00:00+00:00, run_after=2024-10-20 00:00:00+00:00
[2024-10-20T10:34:02.566+0000] {processor.py:183} INFO - Processing /home/airflow/.local/lib/python3.8/site-packages/airflow/example_dags/example_branch_labels.py took 0.059 seconds
[2024-10-20T10:34:33.257+0000] {processor.py:161} INFO - Started process (PID=1626) to work on /home/airflow/.local/lib/python3.8/site-packages/airflow/example_dags/example_branch_labels.py
[2024-10-20T10:34:33.257+0000] {processor.py:830} INFO - Processing file /home/airflow/.local/lib/python3.8/site-packages/airflow/example_dags/example_branch_labels.py for tasks to queue
[2024-10-20T10:34:33.259+0000] {logging_mixin.py:188} INFO - [2024-10-20T10:34:33.259+0000] {dagbag.py:540} INFO - Filling up the DagBag from /home/airflow/.local/lib/python3.8/site-packages/airflow/example_dags/example_branch_labels.py
[2024-10-20T10:34:33.265+0000] {processor.py:840} INFO - DAG(s) 'example_branch_labels' retrieved from /home/airflow/.local/lib/python3.8/site-packages/airflow/example_dags/example_branch_labels.py
[2024-10-20T10:34:33.280+0000] {logging_mixin.py:188} INFO - [2024-10-20T10:34:33.280+0000] {dag.py:3047} INFO - Sync 1 DAGs
[2024-10-20T10:34:33.293+0000] {logging_mixin.py:188} INFO - [2024-10-20T10:34:33.293+0000] {dag.py:3834} INFO - Setting next_dagrun for example_branch_labels to 2024-10-19 00:00:00+00:00, run_after=2024-10-20 00:00:00+00:00
[2024-10-20T10:34:33.306+0000] {processor.py:183} INFO - Processing /home/airflow/.local/lib/python3.8/site-packages/airflow/example_dags/example_branch_labels.py took 0.052 seconds
[2024-10-20T10:35:48.791+0000] {processor.py:161} INFO - Started process (PID=68) to work on /home/airflow/.local/lib/python3.8/site-packages/airflow/example_dags/example_branch_labels.py
[2024-10-20T10:35:48.794+0000] {processor.py:830} INFO - Processing file /home/airflow/.local/lib/python3.8/site-packages/airflow/example_dags/example_branch_labels.py for tasks to queue
[2024-10-20T10:35:48.797+0000] {logging_mixin.py:188} INFO - [2024-10-20T10:35:48.796+0000] {dagbag.py:540} INFO - Filling up the DagBag from /home/airflow/.local/lib/python3.8/site-packages/airflow/example_dags/example_branch_labels.py
[2024-10-20T10:35:48.817+0000] {processor.py:840} INFO - DAG(s) 'example_branch_labels' retrieved from /home/airflow/.local/lib/python3.8/site-packages/airflow/example_dags/example_branch_labels.py
[2024-10-20T10:35:48.874+0000] {logging_mixin.py:188} INFO - [2024-10-20T10:35:48.873+0000] {dag.py:3047} INFO - Sync 1 DAGs
[2024-10-20T10:35:48.914+0000] {logging_mixin.py:188} INFO - [2024-10-20T10:35:48.913+0000] {dag.py:3834} INFO - Setting next_dagrun for example_branch_labels to 2024-10-19 00:00:00+00:00, run_after=2024-10-20 00:00:00+00:00
[2024-10-20T10:35:48.952+0000] {processor.py:183} INFO - Processing /home/airflow/.local/lib/python3.8/site-packages/airflow/example_dags/example_branch_labels.py took 0.167 seconds
[2024-10-20T10:36:19.465+0000] {processor.py:161} INFO - Started process (PID=123) to work on /home/airflow/.local/lib/python3.8/site-packages/airflow/example_dags/example_branch_labels.py
[2024-10-20T10:36:19.467+0000] {processor.py:830} INFO - Processing file /home/airflow/.local/lib/python3.8/site-packages/airflow/example_dags/example_branch_labels.py for tasks to queue
[2024-10-20T10:36:19.468+0000] {logging_mixin.py:188} INFO - [2024-10-20T10:36:19.468+0000] {dagbag.py:540} INFO - Filling up the DagBag from /home/airflow/.local/lib/python3.8/site-packages/airflow/example_dags/example_branch_labels.py
[2024-10-20T10:36:19.478+0000] {processor.py:840} INFO - DAG(s) 'example_branch_labels' retrieved from /home/airflow/.local/lib/python3.8/site-packages/airflow/example_dags/example_branch_labels.py
[2024-10-20T10:36:19.558+0000] {logging_mixin.py:188} INFO - [2024-10-20T10:36:19.558+0000] {dag.py:3047} INFO - Sync 1 DAGs
[2024-10-20T10:36:19.574+0000] {logging_mixin.py:188} INFO - [2024-10-20T10:36:19.574+0000] {dag.py:3834} INFO - Setting next_dagrun for example_branch_labels to 2024-10-19 00:00:00+00:00, run_after=2024-10-20 00:00:00+00:00
[2024-10-20T10:36:19.597+0000] {processor.py:183} INFO - Processing /home/airflow/.local/lib/python3.8/site-packages/airflow/example_dags/example_branch_labels.py took 0.135 seconds
[2024-10-20T10:36:50.063+0000] {processor.py:161} INFO - Started process (PID=179) to work on /home/airflow/.local/lib/python3.8/site-packages/airflow/example_dags/example_branch_labels.py
[2024-10-20T10:36:50.064+0000] {processor.py:830} INFO - Processing file /home/airflow/.local/lib/python3.8/site-packages/airflow/example_dags/example_branch_labels.py for tasks to queue
[2024-10-20T10:36:50.065+0000] {logging_mixin.py:188} INFO - [2024-10-20T10:36:50.065+0000] {dagbag.py:540} INFO - Filling up the DagBag from /home/airflow/.local/lib/python3.8/site-packages/airflow/example_dags/example_branch_labels.py
[2024-10-20T10:36:50.071+0000] {processor.py:840} INFO - DAG(s) 'example_branch_labels' retrieved from /home/airflow/.local/lib/python3.8/site-packages/airflow/example_dags/example_branch_labels.py
[2024-10-20T10:36:50.088+0000] {logging_mixin.py:188} INFO - [2024-10-20T10:36:50.088+0000] {dag.py:3047} INFO - Sync 1 DAGs
[2024-10-20T10:36:50.107+0000] {logging_mixin.py:188} INFO - [2024-10-20T10:36:50.107+0000] {dag.py:3834} INFO - Setting next_dagrun for example_branch_labels to 2024-10-19 00:00:00+00:00, run_after=2024-10-20 00:00:00+00:00
[2024-10-20T10:36:50.122+0000] {processor.py:183} INFO - Processing /home/airflow/.local/lib/python3.8/site-packages/airflow/example_dags/example_branch_labels.py took 0.062 seconds
[2024-10-20T10:37:20.202+0000] {processor.py:161} INFO - Started process (PID=235) to work on /home/airflow/.local/lib/python3.8/site-packages/airflow/example_dags/example_branch_labels.py
[2024-10-20T10:37:20.203+0000] {processor.py:830} INFO - Processing file /home/airflow/.local/lib/python3.8/site-packages/airflow/example_dags/example_branch_labels.py for tasks to queue
[2024-10-20T10:37:20.204+0000] {logging_mixin.py:188} INFO - [2024-10-20T10:37:20.204+0000] {dagbag.py:540} INFO - Filling up the DagBag from /home/airflow/.local/lib/python3.8/site-packages/airflow/example_dags/example_branch_labels.py
[2024-10-20T10:37:20.210+0000] {processor.py:840} INFO - DAG(s) 'example_branch_labels' retrieved from /home/airflow/.local/lib/python3.8/site-packages/airflow/example_dags/example_branch_labels.py
[2024-10-20T10:37:20.228+0000] {logging_mixin.py:188} INFO - [2024-10-20T10:37:20.228+0000] {dag.py:3047} INFO - Sync 1 DAGs
[2024-10-20T10:37:20.248+0000] {logging_mixin.py:188} INFO - [2024-10-20T10:37:20.248+0000] {dag.py:3834} INFO - Setting next_dagrun for example_branch_labels to 2024-10-19 00:00:00+00:00, run_after=2024-10-20 00:00:00+00:00
[2024-10-20T10:37:20.267+0000] {processor.py:183} INFO - Processing /home/airflow/.local/lib/python3.8/site-packages/airflow/example_dags/example_branch_labels.py took 0.068 seconds
[2024-10-20T10:37:51.082+0000] {processor.py:161} INFO - Started process (PID=296) to work on /home/airflow/.local/lib/python3.8/site-packages/airflow/example_dags/example_branch_labels.py
[2024-10-20T10:37:51.083+0000] {processor.py:830} INFO - Processing file /home/airflow/.local/lib/python3.8/site-packages/airflow/example_dags/example_branch_labels.py for tasks to queue
[2024-10-20T10:37:51.084+0000] {logging_mixin.py:188} INFO - [2024-10-20T10:37:51.084+0000] {dagbag.py:540} INFO - Filling up the DagBag from /home/airflow/.local/lib/python3.8/site-packages/airflow/example_dags/example_branch_labels.py
[2024-10-20T10:37:51.090+0000] {processor.py:840} INFO - DAG(s) 'example_branch_labels' retrieved from /home/airflow/.local/lib/python3.8/site-packages/airflow/example_dags/example_branch_labels.py
[2024-10-20T10:37:51.105+0000] {logging_mixin.py:188} INFO - [2024-10-20T10:37:51.104+0000] {dag.py:3047} INFO - Sync 1 DAGs
[2024-10-20T10:37:51.120+0000] {logging_mixin.py:188} INFO - [2024-10-20T10:37:51.120+0000] {dag.py:3834} INFO - Setting next_dagrun for example_branch_labels to 2024-10-19 00:00:00+00:00, run_after=2024-10-20 00:00:00+00:00
[2024-10-20T10:37:51.139+0000] {processor.py:183} INFO - Processing /home/airflow/.local/lib/python3.8/site-packages/airflow/example_dags/example_branch_labels.py took 0.060 seconds
[2024-10-20T10:38:21.180+0000] {processor.py:161} INFO - Started process (PID=352) to work on /home/airflow/.local/lib/python3.8/site-packages/airflow/example_dags/example_branch_labels.py
[2024-10-20T10:38:21.182+0000] {processor.py:830} INFO - Processing file /home/airflow/.local/lib/python3.8/site-packages/airflow/example_dags/example_branch_labels.py for tasks to queue
[2024-10-20T10:38:21.184+0000] {logging_mixin.py:188} INFO - [2024-10-20T10:38:21.184+0000] {dagbag.py:540} INFO - Filling up the DagBag from /home/airflow/.local/lib/python3.8/site-packages/airflow/example_dags/example_branch_labels.py
[2024-10-20T10:38:21.191+0000] {processor.py:840} INFO - DAG(s) 'example_branch_labels' retrieved from /home/airflow/.local/lib/python3.8/site-packages/airflow/example_dags/example_branch_labels.py
[2024-10-20T10:38:21.208+0000] {logging_mixin.py:188} INFO - [2024-10-20T10:38:21.208+0000] {dag.py:3047} INFO - Sync 1 DAGs
[2024-10-20T10:38:21.223+0000] {logging_mixin.py:188} INFO - [2024-10-20T10:38:21.223+0000] {dag.py:3834} INFO - Setting next_dagrun for example_branch_labels to 2024-10-19 00:00:00+00:00, run_after=2024-10-20 00:00:00+00:00
[2024-10-20T10:38:21.238+0000] {processor.py:183} INFO - Processing /home/airflow/.local/lib/python3.8/site-packages/airflow/example_dags/example_branch_labels.py took 0.060 seconds
[2024-10-20T10:38:51.500+0000] {processor.py:161} INFO - Started process (PID=408) to work on /home/airflow/.local/lib/python3.8/site-packages/airflow/example_dags/example_branch_labels.py
[2024-10-20T10:38:51.501+0000] {processor.py:830} INFO - Processing file /home/airflow/.local/lib/python3.8/site-packages/airflow/example_dags/example_branch_labels.py for tasks to queue
[2024-10-20T10:38:51.502+0000] {logging_mixin.py:188} INFO - [2024-10-20T10:38:51.502+0000] {dagbag.py:540} INFO - Filling up the DagBag from /home/airflow/.local/lib/python3.8/site-packages/airflow/example_dags/example_branch_labels.py
[2024-10-20T10:38:51.508+0000] {processor.py:840} INFO - DAG(s) 'example_branch_labels' retrieved from /home/airflow/.local/lib/python3.8/site-packages/airflow/example_dags/example_branch_labels.py
[2024-10-20T10:38:51.528+0000] {logging_mixin.py:188} INFO - [2024-10-20T10:38:51.528+0000] {dag.py:3047} INFO - Sync 1 DAGs
[2024-10-20T10:38:51.544+0000] {logging_mixin.py:188} INFO - [2024-10-20T10:38:51.544+0000] {dag.py:3834} INFO - Setting next_dagrun for example_branch_labels to 2024-10-19 00:00:00+00:00, run_after=2024-10-20 00:00:00+00:00
[2024-10-20T10:38:51.561+0000] {processor.py:183} INFO - Processing /home/airflow/.local/lib/python3.8/site-packages/airflow/example_dags/example_branch_labels.py took 0.063 seconds
[2024-10-20T10:39:21.621+0000] {processor.py:161} INFO - Started process (PID=464) to work on /home/airflow/.local/lib/python3.8/site-packages/airflow/example_dags/example_branch_labels.py
[2024-10-20T10:39:21.622+0000] {processor.py:830} INFO - Processing file /home/airflow/.local/lib/python3.8/site-packages/airflow/example_dags/example_branch_labels.py for tasks to queue
[2024-10-20T10:39:21.624+0000] {logging_mixin.py:188} INFO - [2024-10-20T10:39:21.623+0000] {dagbag.py:540} INFO - Filling up the DagBag from /home/airflow/.local/lib/python3.8/site-packages/airflow/example_dags/example_branch_labels.py
[2024-10-20T10:39:21.629+0000] {processor.py:840} INFO - DAG(s) 'example_branch_labels' retrieved from /home/airflow/.local/lib/python3.8/site-packages/airflow/example_dags/example_branch_labels.py
[2024-10-20T10:39:21.647+0000] {logging_mixin.py:188} INFO - [2024-10-20T10:39:21.646+0000] {dag.py:3047} INFO - Sync 1 DAGs
[2024-10-20T10:39:21.663+0000] {logging_mixin.py:188} INFO - [2024-10-20T10:39:21.663+0000] {dag.py:3834} INFO - Setting next_dagrun for example_branch_labels to 2024-10-19 00:00:00+00:00, run_after=2024-10-20 00:00:00+00:00
[2024-10-20T10:39:21.683+0000] {processor.py:183} INFO - Processing /home/airflow/.local/lib/python3.8/site-packages/airflow/example_dags/example_branch_labels.py took 0.064 seconds
[2024-10-20T10:39:52.017+0000] {processor.py:161} INFO - Started process (PID=520) to work on /home/airflow/.local/lib/python3.8/site-packages/airflow/example_dags/example_branch_labels.py
[2024-10-20T10:39:52.019+0000] {processor.py:830} INFO - Processing file /home/airflow/.local/lib/python3.8/site-packages/airflow/example_dags/example_branch_labels.py for tasks to queue
[2024-10-20T10:39:52.020+0000] {logging_mixin.py:188} INFO - [2024-10-20T10:39:52.020+0000] {dagbag.py:540} INFO - Filling up the DagBag from /home/airflow/.local/lib/python3.8/site-packages/airflow/example_dags/example_branch_labels.py
[2024-10-20T10:39:52.026+0000] {processor.py:840} INFO - DAG(s) 'example_branch_labels' retrieved from /home/airflow/.local/lib/python3.8/site-packages/airflow/example_dags/example_branch_labels.py
[2024-10-20T10:39:52.046+0000] {logging_mixin.py:188} INFO - [2024-10-20T10:39:52.045+0000] {dag.py:3047} INFO - Sync 1 DAGs
[2024-10-20T10:39:52.060+0000] {logging_mixin.py:188} INFO - [2024-10-20T10:39:52.060+0000] {dag.py:3834} INFO - Setting next_dagrun for example_branch_labels to 2024-10-19 00:00:00+00:00, run_after=2024-10-20 00:00:00+00:00
[2024-10-20T10:39:52.077+0000] {processor.py:183} INFO - Processing /home/airflow/.local/lib/python3.8/site-packages/airflow/example_dags/example_branch_labels.py took 0.062 seconds
[2024-10-20T10:40:22.203+0000] {processor.py:161} INFO - Started process (PID=576) to work on /home/airflow/.local/lib/python3.8/site-packages/airflow/example_dags/example_branch_labels.py
[2024-10-20T10:40:22.204+0000] {processor.py:830} INFO - Processing file /home/airflow/.local/lib/python3.8/site-packages/airflow/example_dags/example_branch_labels.py for tasks to queue
[2024-10-20T10:40:22.205+0000] {logging_mixin.py:188} INFO - [2024-10-20T10:40:22.205+0000] {dagbag.py:540} INFO - Filling up the DagBag from /home/airflow/.local/lib/python3.8/site-packages/airflow/example_dags/example_branch_labels.py
[2024-10-20T10:40:22.210+0000] {processor.py:840} INFO - DAG(s) 'example_branch_labels' retrieved from /home/airflow/.local/lib/python3.8/site-packages/airflow/example_dags/example_branch_labels.py
[2024-10-20T10:40:22.224+0000] {logging_mixin.py:188} INFO - [2024-10-20T10:40:22.224+0000] {dag.py:3047} INFO - Sync 1 DAGs
[2024-10-20T10:40:22.240+0000] {logging_mixin.py:188} INFO - [2024-10-20T10:40:22.240+0000] {dag.py:3834} INFO - Setting next_dagrun for example_branch_labels to 2024-10-19 00:00:00+00:00, run_after=2024-10-20 00:00:00+00:00
[2024-10-20T10:40:22.250+0000] {processor.py:183} INFO - Processing /home/airflow/.local/lib/python3.8/site-packages/airflow/example_dags/example_branch_labels.py took 0.050 seconds
[2024-10-20T10:40:52.311+0000] {processor.py:161} INFO - Started process (PID=632) to work on /home/airflow/.local/lib/python3.8/site-packages/airflow/example_dags/example_branch_labels.py
[2024-10-20T10:40:52.312+0000] {processor.py:830} INFO - Processing file /home/airflow/.local/lib/python3.8/site-packages/airflow/example_dags/example_branch_labels.py for tasks to queue
[2024-10-20T10:40:52.313+0000] {logging_mixin.py:188} INFO - [2024-10-20T10:40:52.313+0000] {dagbag.py:540} INFO - Filling up the DagBag from /home/airflow/.local/lib/python3.8/site-packages/airflow/example_dags/example_branch_labels.py
[2024-10-20T10:40:52.319+0000] {processor.py:840} INFO - DAG(s) 'example_branch_labels' retrieved from /home/airflow/.local/lib/python3.8/site-packages/airflow/example_dags/example_branch_labels.py
[2024-10-20T10:40:52.334+0000] {logging_mixin.py:188} INFO - [2024-10-20T10:40:52.334+0000] {dag.py:3047} INFO - Sync 1 DAGs
[2024-10-20T10:40:52.349+0000] {logging_mixin.py:188} INFO - [2024-10-20T10:40:52.349+0000] {dag.py:3834} INFO - Setting next_dagrun for example_branch_labels to 2024-10-19 00:00:00+00:00, run_after=2024-10-20 00:00:00+00:00
[2024-10-20T10:40:52.366+0000] {processor.py:183} INFO - Processing /home/airflow/.local/lib/python3.8/site-packages/airflow/example_dags/example_branch_labels.py took 0.057 seconds
[2024-10-20T10:41:22.842+0000] {processor.py:161} INFO - Started process (PID=688) to work on /home/airflow/.local/lib/python3.8/site-packages/airflow/example_dags/example_branch_labels.py
[2024-10-20T10:41:22.842+0000] {processor.py:830} INFO - Processing file /home/airflow/.local/lib/python3.8/site-packages/airflow/example_dags/example_branch_labels.py for tasks to queue
[2024-10-20T10:41:22.844+0000] {logging_mixin.py:188} INFO - [2024-10-20T10:41:22.843+0000] {dagbag.py:540} INFO - Filling up the DagBag from /home/airflow/.local/lib/python3.8/site-packages/airflow/example_dags/example_branch_labels.py
[2024-10-20T10:41:22.849+0000] {processor.py:840} INFO - DAG(s) 'example_branch_labels' retrieved from /home/airflow/.local/lib/python3.8/site-packages/airflow/example_dags/example_branch_labels.py
[2024-10-20T10:41:22.871+0000] {logging_mixin.py:188} INFO - [2024-10-20T10:41:22.871+0000] {dag.py:3047} INFO - Sync 1 DAGs
[2024-10-20T10:41:22.887+0000] {logging_mixin.py:188} INFO - [2024-10-20T10:41:22.886+0000] {dag.py:3834} INFO - Setting next_dagrun for example_branch_labels to 2024-10-19 00:00:00+00:00, run_after=2024-10-20 00:00:00+00:00
[2024-10-20T10:41:22.900+0000] {processor.py:183} INFO - Processing /home/airflow/.local/lib/python3.8/site-packages/airflow/example_dags/example_branch_labels.py took 0.061 seconds
[2024-10-20T10:41:53.212+0000] {processor.py:161} INFO - Started process (PID=744) to work on /home/airflow/.local/lib/python3.8/site-packages/airflow/example_dags/example_branch_labels.py
[2024-10-20T10:41:53.214+0000] {processor.py:830} INFO - Processing file /home/airflow/.local/lib/python3.8/site-packages/airflow/example_dags/example_branch_labels.py for tasks to queue
[2024-10-20T10:41:53.216+0000] {logging_mixin.py:188} INFO - [2024-10-20T10:41:53.216+0000] {dagbag.py:540} INFO - Filling up the DagBag from /home/airflow/.local/lib/python3.8/site-packages/airflow/example_dags/example_branch_labels.py
[2024-10-20T10:41:53.225+0000] {processor.py:840} INFO - DAG(s) 'example_branch_labels' retrieved from /home/airflow/.local/lib/python3.8/site-packages/airflow/example_dags/example_branch_labels.py
[2024-10-20T10:41:53.245+0000] {logging_mixin.py:188} INFO - [2024-10-20T10:41:53.245+0000] {dag.py:3047} INFO - Sync 1 DAGs
[2024-10-20T10:41:53.265+0000] {logging_mixin.py:188} INFO - [2024-10-20T10:41:53.265+0000] {dag.py:3834} INFO - Setting next_dagrun for example_branch_labels to 2024-10-19 00:00:00+00:00, run_after=2024-10-20 00:00:00+00:00
[2024-10-20T10:41:53.284+0000] {processor.py:183} INFO - Processing /home/airflow/.local/lib/python3.8/site-packages/airflow/example_dags/example_branch_labels.py took 0.078 seconds
[2024-10-20T10:42:23.341+0000] {processor.py:161} INFO - Started process (PID=800) to work on /home/airflow/.local/lib/python3.8/site-packages/airflow/example_dags/example_branch_labels.py
[2024-10-20T10:42:23.342+0000] {processor.py:830} INFO - Processing file /home/airflow/.local/lib/python3.8/site-packages/airflow/example_dags/example_branch_labels.py for tasks to queue
[2024-10-20T10:42:23.344+0000] {logging_mixin.py:188} INFO - [2024-10-20T10:42:23.344+0000] {dagbag.py:540} INFO - Filling up the DagBag from /home/airflow/.local/lib/python3.8/site-packages/airflow/example_dags/example_branch_labels.py
[2024-10-20T10:42:23.351+0000] {processor.py:840} INFO - DAG(s) 'example_branch_labels' retrieved from /home/airflow/.local/lib/python3.8/site-packages/airflow/example_dags/example_branch_labels.py
[2024-10-20T10:42:23.366+0000] {logging_mixin.py:188} INFO - [2024-10-20T10:42:23.366+0000] {dag.py:3047} INFO - Sync 1 DAGs
[2024-10-20T10:42:23.392+0000] {logging_mixin.py:188} INFO - [2024-10-20T10:42:23.392+0000] {dag.py:3834} INFO - Setting next_dagrun for example_branch_labels to 2024-10-19 00:00:00+00:00, run_after=2024-10-20 00:00:00+00:00
[2024-10-20T10:42:23.403+0000] {processor.py:183} INFO - Processing /home/airflow/.local/lib/python3.8/site-packages/airflow/example_dags/example_branch_labels.py took 0.065 seconds
[2024-10-20T10:42:53.810+0000] {processor.py:161} INFO - Started process (PID=856) to work on /home/airflow/.local/lib/python3.8/site-packages/airflow/example_dags/example_branch_labels.py
[2024-10-20T10:42:53.812+0000] {processor.py:830} INFO - Processing file /home/airflow/.local/lib/python3.8/site-packages/airflow/example_dags/example_branch_labels.py for tasks to queue
[2024-10-20T10:42:53.813+0000] {logging_mixin.py:188} INFO - [2024-10-20T10:42:53.813+0000] {dagbag.py:540} INFO - Filling up the DagBag from /home/airflow/.local/lib/python3.8/site-packages/airflow/example_dags/example_branch_labels.py
[2024-10-20T10:42:53.820+0000] {processor.py:840} INFO - DAG(s) 'example_branch_labels' retrieved from /home/airflow/.local/lib/python3.8/site-packages/airflow/example_dags/example_branch_labels.py
[2024-10-20T10:42:53.834+0000] {logging_mixin.py:188} INFO - [2024-10-20T10:42:53.834+0000] {dag.py:3047} INFO - Sync 1 DAGs
[2024-10-20T10:42:53.850+0000] {logging_mixin.py:188} INFO - [2024-10-20T10:42:53.849+0000] {dag.py:3834} INFO - Setting next_dagrun for example_branch_labels to 2024-10-19 00:00:00+00:00, run_after=2024-10-20 00:00:00+00:00
[2024-10-20T10:42:53.868+0000] {processor.py:183} INFO - Processing /home/airflow/.local/lib/python3.8/site-packages/airflow/example_dags/example_branch_labels.py took 0.060 seconds
[2024-10-20T10:43:24.199+0000] {processor.py:161} INFO - Started process (PID=912) to work on /home/airflow/.local/lib/python3.8/site-packages/airflow/example_dags/example_branch_labels.py
[2024-10-20T10:43:24.202+0000] {processor.py:830} INFO - Processing file /home/airflow/.local/lib/python3.8/site-packages/airflow/example_dags/example_branch_labels.py for tasks to queue
[2024-10-20T10:43:24.203+0000] {logging_mixin.py:188} INFO - [2024-10-20T10:43:24.203+0000] {dagbag.py:540} INFO - Filling up the DagBag from /home/airflow/.local/lib/python3.8/site-packages/airflow/example_dags/example_branch_labels.py
[2024-10-20T10:43:24.211+0000] {processor.py:840} INFO - DAG(s) 'example_branch_labels' retrieved from /home/airflow/.local/lib/python3.8/site-packages/airflow/example_dags/example_branch_labels.py
[2024-10-20T10:43:24.227+0000] {logging_mixin.py:188} INFO - [2024-10-20T10:43:24.227+0000] {dag.py:3047} INFO - Sync 1 DAGs
[2024-10-20T10:43:24.258+0000] {logging_mixin.py:188} INFO - [2024-10-20T10:43:24.258+0000] {dag.py:3834} INFO - Setting next_dagrun for example_branch_labels to 2024-10-19 00:00:00+00:00, run_after=2024-10-20 00:00:00+00:00
[2024-10-20T10:43:24.275+0000] {processor.py:183} INFO - Processing /home/airflow/.local/lib/python3.8/site-packages/airflow/example_dags/example_branch_labels.py took 0.079 seconds
[2024-10-20T10:43:54.503+0000] {processor.py:161} INFO - Started process (PID=968) to work on /home/airflow/.local/lib/python3.8/site-packages/airflow/example_dags/example_branch_labels.py
[2024-10-20T10:43:54.504+0000] {processor.py:830} INFO - Processing file /home/airflow/.local/lib/python3.8/site-packages/airflow/example_dags/example_branch_labels.py for tasks to queue
[2024-10-20T10:43:54.505+0000] {logging_mixin.py:188} INFO - [2024-10-20T10:43:54.505+0000] {dagbag.py:540} INFO - Filling up the DagBag from /home/airflow/.local/lib/python3.8/site-packages/airflow/example_dags/example_branch_labels.py
[2024-10-20T10:43:54.511+0000] {processor.py:840} INFO - DAG(s) 'example_branch_labels' retrieved from /home/airflow/.local/lib/python3.8/site-packages/airflow/example_dags/example_branch_labels.py
[2024-10-20T10:43:54.535+0000] {logging_mixin.py:188} INFO - [2024-10-20T10:43:54.535+0000] {dag.py:3047} INFO - Sync 1 DAGs
[2024-10-20T10:43:54.553+0000] {logging_mixin.py:188} INFO - [2024-10-20T10:43:54.553+0000] {dag.py:3834} INFO - Setting next_dagrun for example_branch_labels to 2024-10-19 00:00:00+00:00, run_after=2024-10-20 00:00:00+00:00
[2024-10-20T10:43:54.570+0000] {processor.py:183} INFO - Processing /home/airflow/.local/lib/python3.8/site-packages/airflow/example_dags/example_branch_labels.py took 0.070 seconds
[2024-10-20T10:44:24.698+0000] {processor.py:161} INFO - Started process (PID=1024) to work on /home/airflow/.local/lib/python3.8/site-packages/airflow/example_dags/example_branch_labels.py
[2024-10-20T10:44:24.698+0000] {processor.py:830} INFO - Processing file /home/airflow/.local/lib/python3.8/site-packages/airflow/example_dags/example_branch_labels.py for tasks to queue
[2024-10-20T10:44:24.700+0000] {logging_mixin.py:188} INFO - [2024-10-20T10:44:24.700+0000] {dagbag.py:540} INFO - Filling up the DagBag from /home/airflow/.local/lib/python3.8/site-packages/airflow/example_dags/example_branch_labels.py
[2024-10-20T10:44:24.705+0000] {processor.py:840} INFO - DAG(s) 'example_branch_labels' retrieved from /home/airflow/.local/lib/python3.8/site-packages/airflow/example_dags/example_branch_labels.py
[2024-10-20T10:44:24.727+0000] {logging_mixin.py:188} INFO - [2024-10-20T10:44:24.727+0000] {dag.py:3047} INFO - Sync 1 DAGs
[2024-10-20T10:44:24.742+0000] {logging_mixin.py:188} INFO - [2024-10-20T10:44:24.742+0000] {dag.py:3834} INFO - Setting next_dagrun for example_branch_labels to 2024-10-19 00:00:00+00:00, run_after=2024-10-20 00:00:00+00:00
[2024-10-20T10:44:24.756+0000] {processor.py:183} INFO - Processing /home/airflow/.local/lib/python3.8/site-packages/airflow/example_dags/example_branch_labels.py took 0.061 seconds
[2024-10-20T10:44:54.862+0000] {processor.py:161} INFO - Started process (PID=1080) to work on /home/airflow/.local/lib/python3.8/site-packages/airflow/example_dags/example_branch_labels.py
[2024-10-20T10:44:54.863+0000] {processor.py:830} INFO - Processing file /home/airflow/.local/lib/python3.8/site-packages/airflow/example_dags/example_branch_labels.py for tasks to queue
[2024-10-20T10:44:54.867+0000] {logging_mixin.py:188} INFO - [2024-10-20T10:44:54.866+0000] {dagbag.py:540} INFO - Filling up the DagBag from /home/airflow/.local/lib/python3.8/site-packages/airflow/example_dags/example_branch_labels.py
[2024-10-20T10:44:54.872+0000] {processor.py:840} INFO - DAG(s) 'example_branch_labels' retrieved from /home/airflow/.local/lib/python3.8/site-packages/airflow/example_dags/example_branch_labels.py
[2024-10-20T10:44:54.889+0000] {logging_mixin.py:188} INFO - [2024-10-20T10:44:54.889+0000] {dag.py:3047} INFO - Sync 1 DAGs
[2024-10-20T10:44:54.908+0000] {logging_mixin.py:188} INFO - [2024-10-20T10:44:54.908+0000] {dag.py:3834} INFO - Setting next_dagrun for example_branch_labels to 2024-10-19 00:00:00+00:00, run_after=2024-10-20 00:00:00+00:00
[2024-10-20T10:44:54.923+0000] {processor.py:183} INFO - Processing /home/airflow/.local/lib/python3.8/site-packages/airflow/example_dags/example_branch_labels.py took 0.063 seconds
[2024-10-20T10:45:25.213+0000] {processor.py:161} INFO - Started process (PID=1136) to work on /home/airflow/.local/lib/python3.8/site-packages/airflow/example_dags/example_branch_labels.py
[2024-10-20T10:45:25.216+0000] {processor.py:830} INFO - Processing file /home/airflow/.local/lib/python3.8/site-packages/airflow/example_dags/example_branch_labels.py for tasks to queue
[2024-10-20T10:45:25.217+0000] {logging_mixin.py:188} INFO - [2024-10-20T10:45:25.217+0000] {dagbag.py:540} INFO - Filling up the DagBag from /home/airflow/.local/lib/python3.8/site-packages/airflow/example_dags/example_branch_labels.py
[2024-10-20T10:45:25.223+0000] {processor.py:840} INFO - DAG(s) 'example_branch_labels' retrieved from /home/airflow/.local/lib/python3.8/site-packages/airflow/example_dags/example_branch_labels.py
[2024-10-20T10:45:25.242+0000] {logging_mixin.py:188} INFO - [2024-10-20T10:45:25.242+0000] {dag.py:3047} INFO - Sync 1 DAGs
[2024-10-20T10:45:25.258+0000] {logging_mixin.py:188} INFO - [2024-10-20T10:45:25.257+0000] {dag.py:3834} INFO - Setting next_dagrun for example_branch_labels to 2024-10-19 00:00:00+00:00, run_after=2024-10-20 00:00:00+00:00
[2024-10-20T10:45:25.271+0000] {processor.py:183} INFO - Processing /home/airflow/.local/lib/python3.8/site-packages/airflow/example_dags/example_branch_labels.py took 0.061 seconds
[2024-10-20T10:45:55.505+0000] {processor.py:161} INFO - Started process (PID=1192) to work on /home/airflow/.local/lib/python3.8/site-packages/airflow/example_dags/example_branch_labels.py
[2024-10-20T10:45:55.506+0000] {processor.py:830} INFO - Processing file /home/airflow/.local/lib/python3.8/site-packages/airflow/example_dags/example_branch_labels.py for tasks to queue
[2024-10-20T10:45:55.507+0000] {logging_mixin.py:188} INFO - [2024-10-20T10:45:55.507+0000] {dagbag.py:540} INFO - Filling up the DagBag from /home/airflow/.local/lib/python3.8/site-packages/airflow/example_dags/example_branch_labels.py
[2024-10-20T10:45:55.514+0000] {processor.py:840} INFO - DAG(s) 'example_branch_labels' retrieved from /home/airflow/.local/lib/python3.8/site-packages/airflow/example_dags/example_branch_labels.py
[2024-10-20T10:45:55.533+0000] {logging_mixin.py:188} INFO - [2024-10-20T10:45:55.532+0000] {dag.py:3047} INFO - Sync 1 DAGs
[2024-10-20T10:45:55.549+0000] {logging_mixin.py:188} INFO - [2024-10-20T10:45:55.549+0000] {dag.py:3834} INFO - Setting next_dagrun for example_branch_labels to 2024-10-19 00:00:00+00:00, run_after=2024-10-20 00:00:00+00:00
[2024-10-20T10:45:55.565+0000] {processor.py:183} INFO - Processing /home/airflow/.local/lib/python3.8/site-packages/airflow/example_dags/example_branch_labels.py took 0.063 seconds
[2024-10-20T10:46:25.604+0000] {processor.py:161} INFO - Started process (PID=1248) to work on /home/airflow/.local/lib/python3.8/site-packages/airflow/example_dags/example_branch_labels.py
[2024-10-20T10:46:25.605+0000] {processor.py:830} INFO - Processing file /home/airflow/.local/lib/python3.8/site-packages/airflow/example_dags/example_branch_labels.py for tasks to queue
[2024-10-20T10:46:25.606+0000] {logging_mixin.py:188} INFO - [2024-10-20T10:46:25.606+0000] {dagbag.py:540} INFO - Filling up the DagBag from /home/airflow/.local/lib/python3.8/site-packages/airflow/example_dags/example_branch_labels.py
[2024-10-20T10:46:25.612+0000] {processor.py:840} INFO - DAG(s) 'example_branch_labels' retrieved from /home/airflow/.local/lib/python3.8/site-packages/airflow/example_dags/example_branch_labels.py
[2024-10-20T10:46:25.630+0000] {logging_mixin.py:188} INFO - [2024-10-20T10:46:25.630+0000] {dag.py:3047} INFO - Sync 1 DAGs
[2024-10-20T10:46:25.646+0000] {logging_mixin.py:188} INFO - [2024-10-20T10:46:25.646+0000] {dag.py:3834} INFO - Setting next_dagrun for example_branch_labels to 2024-10-19 00:00:00+00:00, run_after=2024-10-20 00:00:00+00:00
[2024-10-20T10:46:25.664+0000] {processor.py:183} INFO - Processing /home/airflow/.local/lib/python3.8/site-packages/airflow/example_dags/example_branch_labels.py took 0.063 seconds
[2024-10-20T10:46:55.946+0000] {processor.py:161} INFO - Started process (PID=1304) to work on /home/airflow/.local/lib/python3.8/site-packages/airflow/example_dags/example_branch_labels.py
[2024-10-20T10:46:55.949+0000] {processor.py:830} INFO - Processing file /home/airflow/.local/lib/python3.8/site-packages/airflow/example_dags/example_branch_labels.py for tasks to queue
[2024-10-20T10:46:55.950+0000] {logging_mixin.py:188} INFO - [2024-10-20T10:46:55.950+0000] {dagbag.py:540} INFO - Filling up the DagBag from /home/airflow/.local/lib/python3.8/site-packages/airflow/example_dags/example_branch_labels.py
[2024-10-20T10:46:55.958+0000] {processor.py:840} INFO - DAG(s) 'example_branch_labels' retrieved from /home/airflow/.local/lib/python3.8/site-packages/airflow/example_dags/example_branch_labels.py
[2024-10-20T10:46:55.978+0000] {logging_mixin.py:188} INFO - [2024-10-20T10:46:55.977+0000] {dag.py:3047} INFO - Sync 1 DAGs
[2024-10-20T10:46:55.999+0000] {logging_mixin.py:188} INFO - [2024-10-20T10:46:55.998+0000] {dag.py:3834} INFO - Setting next_dagrun for example_branch_labels to 2024-10-19 00:00:00+00:00, run_after=2024-10-20 00:00:00+00:00
[2024-10-20T10:46:56.016+0000] {processor.py:183} INFO - Processing /home/airflow/.local/lib/python3.8/site-packages/airflow/example_dags/example_branch_labels.py took 0.075 seconds
[2024-10-20T10:47:26.534+0000] {processor.py:161} INFO - Started process (PID=1360) to work on /home/airflow/.local/lib/python3.8/site-packages/airflow/example_dags/example_branch_labels.py
[2024-10-20T10:47:26.535+0000] {processor.py:830} INFO - Processing file /home/airflow/.local/lib/python3.8/site-packages/airflow/example_dags/example_branch_labels.py for tasks to queue
[2024-10-20T10:47:26.537+0000] {logging_mixin.py:188} INFO - [2024-10-20T10:47:26.537+0000] {dagbag.py:540} INFO - Filling up the DagBag from /home/airflow/.local/lib/python3.8/site-packages/airflow/example_dags/example_branch_labels.py
[2024-10-20T10:47:26.544+0000] {processor.py:840} INFO - DAG(s) 'example_branch_labels' retrieved from /home/airflow/.local/lib/python3.8/site-packages/airflow/example_dags/example_branch_labels.py
[2024-10-20T10:47:26.567+0000] {logging_mixin.py:188} INFO - [2024-10-20T10:47:26.567+0000] {dag.py:3047} INFO - Sync 1 DAGs
[2024-10-20T10:47:26.584+0000] {logging_mixin.py:188} INFO - [2024-10-20T10:47:26.584+0000] {dag.py:3834} INFO - Setting next_dagrun for example_branch_labels to 2024-10-19 00:00:00+00:00, run_after=2024-10-20 00:00:00+00:00
[2024-10-20T10:47:26.601+0000] {processor.py:183} INFO - Processing /home/airflow/.local/lib/python3.8/site-packages/airflow/example_dags/example_branch_labels.py took 0.070 seconds
[2024-10-20T10:47:56.823+0000] {processor.py:161} INFO - Started process (PID=1416) to work on /home/airflow/.local/lib/python3.8/site-packages/airflow/example_dags/example_branch_labels.py
[2024-10-20T10:47:56.825+0000] {processor.py:830} INFO - Processing file /home/airflow/.local/lib/python3.8/site-packages/airflow/example_dags/example_branch_labels.py for tasks to queue
[2024-10-20T10:47:56.828+0000] {logging_mixin.py:188} INFO - [2024-10-20T10:47:56.828+0000] {dagbag.py:540} INFO - Filling up the DagBag from /home/airflow/.local/lib/python3.8/site-packages/airflow/example_dags/example_branch_labels.py
[2024-10-20T10:47:56.836+0000] {processor.py:840} INFO - DAG(s) 'example_branch_labels' retrieved from /home/airflow/.local/lib/python3.8/site-packages/airflow/example_dags/example_branch_labels.py
[2024-10-20T10:47:56.856+0000] {logging_mixin.py:188} INFO - [2024-10-20T10:47:56.856+0000] {dag.py:3047} INFO - Sync 1 DAGs
[2024-10-20T10:47:56.872+0000] {logging_mixin.py:188} INFO - [2024-10-20T10:47:56.871+0000] {dag.py:3834} INFO - Setting next_dagrun for example_branch_labels to 2024-10-19 00:00:00+00:00, run_after=2024-10-20 00:00:00+00:00
[2024-10-20T10:47:56.895+0000] {processor.py:183} INFO - Processing /home/airflow/.local/lib/python3.8/site-packages/airflow/example_dags/example_branch_labels.py took 0.074 seconds
[2024-10-20T10:48:27.087+0000] {processor.py:161} INFO - Started process (PID=1472) to work on /home/airflow/.local/lib/python3.8/site-packages/airflow/example_dags/example_branch_labels.py
[2024-10-20T10:48:27.088+0000] {processor.py:830} INFO - Processing file /home/airflow/.local/lib/python3.8/site-packages/airflow/example_dags/example_branch_labels.py for tasks to queue
[2024-10-20T10:48:27.093+0000] {logging_mixin.py:188} INFO - [2024-10-20T10:48:27.093+0000] {dagbag.py:540} INFO - Filling up the DagBag from /home/airflow/.local/lib/python3.8/site-packages/airflow/example_dags/example_branch_labels.py
[2024-10-20T10:48:27.099+0000] {processor.py:840} INFO - DAG(s) 'example_branch_labels' retrieved from /home/airflow/.local/lib/python3.8/site-packages/airflow/example_dags/example_branch_labels.py
[2024-10-20T10:48:27.117+0000] {logging_mixin.py:188} INFO - [2024-10-20T10:48:27.117+0000] {dag.py:3047} INFO - Sync 1 DAGs
[2024-10-20T10:48:27.131+0000] {logging_mixin.py:188} INFO - [2024-10-20T10:48:27.131+0000] {dag.py:3834} INFO - Setting next_dagrun for example_branch_labels to 2024-10-19 00:00:00+00:00, run_after=2024-10-20 00:00:00+00:00
[2024-10-20T10:48:27.150+0000] {processor.py:183} INFO - Processing /home/airflow/.local/lib/python3.8/site-packages/airflow/example_dags/example_branch_labels.py took 0.066 seconds
[2024-10-20T10:48:57.359+0000] {processor.py:161} INFO - Started process (PID=1528) to work on /home/airflow/.local/lib/python3.8/site-packages/airflow/example_dags/example_branch_labels.py
[2024-10-20T10:48:57.360+0000] {processor.py:830} INFO - Processing file /home/airflow/.local/lib/python3.8/site-packages/airflow/example_dags/example_branch_labels.py for tasks to queue
[2024-10-20T10:48:57.361+0000] {logging_mixin.py:188} INFO - [2024-10-20T10:48:57.361+0000] {dagbag.py:540} INFO - Filling up the DagBag from /home/airflow/.local/lib/python3.8/site-packages/airflow/example_dags/example_branch_labels.py
[2024-10-20T10:48:57.367+0000] {processor.py:840} INFO - DAG(s) 'example_branch_labels' retrieved from /home/airflow/.local/lib/python3.8/site-packages/airflow/example_dags/example_branch_labels.py
[2024-10-20T10:48:57.380+0000] {logging_mixin.py:188} INFO - [2024-10-20T10:48:57.380+0000] {dag.py:3047} INFO - Sync 1 DAGs
[2024-10-20T10:48:57.394+0000] {logging_mixin.py:188} INFO - [2024-10-20T10:48:57.394+0000] {dag.py:3834} INFO - Setting next_dagrun for example_branch_labels to 2024-10-19 00:00:00+00:00, run_after=2024-10-20 00:00:00+00:00
[2024-10-20T10:48:57.408+0000] {processor.py:183} INFO - Processing /home/airflow/.local/lib/python3.8/site-packages/airflow/example_dags/example_branch_labels.py took 0.052 seconds
[2024-10-20T10:49:27.811+0000] {processor.py:161} INFO - Started process (PID=1584) to work on /home/airflow/.local/lib/python3.8/site-packages/airflow/example_dags/example_branch_labels.py
[2024-10-20T10:49:27.812+0000] {processor.py:830} INFO - Processing file /home/airflow/.local/lib/python3.8/site-packages/airflow/example_dags/example_branch_labels.py for tasks to queue
[2024-10-20T10:49:27.815+0000] {logging_mixin.py:188} INFO - [2024-10-20T10:49:27.814+0000] {dagbag.py:540} INFO - Filling up the DagBag from /home/airflow/.local/lib/python3.8/site-packages/airflow/example_dags/example_branch_labels.py
[2024-10-20T10:49:27.820+0000] {processor.py:840} INFO - DAG(s) 'example_branch_labels' retrieved from /home/airflow/.local/lib/python3.8/site-packages/airflow/example_dags/example_branch_labels.py
[2024-10-20T10:49:27.838+0000] {logging_mixin.py:188} INFO - [2024-10-20T10:49:27.837+0000] {dag.py:3047} INFO - Sync 1 DAGs
[2024-10-20T10:49:27.853+0000] {logging_mixin.py:188} INFO - [2024-10-20T10:49:27.853+0000] {dag.py:3834} INFO - Setting next_dagrun for example_branch_labels to 2024-10-19 00:00:00+00:00, run_after=2024-10-20 00:00:00+00:00
[2024-10-20T10:49:27.866+0000] {processor.py:183} INFO - Processing /home/airflow/.local/lib/python3.8/site-packages/airflow/example_dags/example_branch_labels.py took 0.058 seconds
[2024-10-20T10:49:58.287+0000] {processor.py:161} INFO - Started process (PID=1640) to work on /home/airflow/.local/lib/python3.8/site-packages/airflow/example_dags/example_branch_labels.py
[2024-10-20T10:49:58.288+0000] {processor.py:830} INFO - Processing file /home/airflow/.local/lib/python3.8/site-packages/airflow/example_dags/example_branch_labels.py for tasks to queue
[2024-10-20T10:49:58.290+0000] {logging_mixin.py:188} INFO - [2024-10-20T10:49:58.289+0000] {dagbag.py:540} INFO - Filling up the DagBag from /home/airflow/.local/lib/python3.8/site-packages/airflow/example_dags/example_branch_labels.py
[2024-10-20T10:49:58.298+0000] {processor.py:840} INFO - DAG(s) 'example_branch_labels' retrieved from /home/airflow/.local/lib/python3.8/site-packages/airflow/example_dags/example_branch_labels.py
[2024-10-20T10:49:58.317+0000] {logging_mixin.py:188} INFO - [2024-10-20T10:49:58.317+0000] {dag.py:3047} INFO - Sync 1 DAGs
[2024-10-20T10:49:58.335+0000] {logging_mixin.py:188} INFO - [2024-10-20T10:49:58.335+0000] {dag.py:3834} INFO - Setting next_dagrun for example_branch_labels to 2024-10-19 00:00:00+00:00, run_after=2024-10-20 00:00:00+00:00
[2024-10-20T10:49:58.351+0000] {processor.py:183} INFO - Processing /home/airflow/.local/lib/python3.8/site-packages/airflow/example_dags/example_branch_labels.py took 0.066 seconds
[2024-10-20T10:50:28.364+0000] {processor.py:161} INFO - Started process (PID=1696) to work on /home/airflow/.local/lib/python3.8/site-packages/airflow/example_dags/example_branch_labels.py
[2024-10-20T10:50:28.365+0000] {processor.py:830} INFO - Processing file /home/airflow/.local/lib/python3.8/site-packages/airflow/example_dags/example_branch_labels.py for tasks to queue
[2024-10-20T10:50:28.367+0000] {logging_mixin.py:188} INFO - [2024-10-20T10:50:28.367+0000] {dagbag.py:540} INFO - Filling up the DagBag from /home/airflow/.local/lib/python3.8/site-packages/airflow/example_dags/example_branch_labels.py
[2024-10-20T10:50:28.374+0000] {processor.py:840} INFO - DAG(s) 'example_branch_labels' retrieved from /home/airflow/.local/lib/python3.8/site-packages/airflow/example_dags/example_branch_labels.py
[2024-10-20T10:50:28.391+0000] {logging_mixin.py:188} INFO - [2024-10-20T10:50:28.391+0000] {dag.py:3047} INFO - Sync 1 DAGs
[2024-10-20T10:50:28.407+0000] {logging_mixin.py:188} INFO - [2024-10-20T10:50:28.407+0000] {dag.py:3834} INFO - Setting next_dagrun for example_branch_labels to 2024-10-19 00:00:00+00:00, run_after=2024-10-20 00:00:00+00:00
[2024-10-20T10:50:28.423+0000] {processor.py:183} INFO - Processing /home/airflow/.local/lib/python3.8/site-packages/airflow/example_dags/example_branch_labels.py took 0.061 seconds
[2024-10-20T10:50:58.536+0000] {processor.py:161} INFO - Started process (PID=1752) to work on /home/airflow/.local/lib/python3.8/site-packages/airflow/example_dags/example_branch_labels.py
[2024-10-20T10:50:58.538+0000] {processor.py:830} INFO - Processing file /home/airflow/.local/lib/python3.8/site-packages/airflow/example_dags/example_branch_labels.py for tasks to queue
[2024-10-20T10:50:58.540+0000] {logging_mixin.py:188} INFO - [2024-10-20T10:50:58.540+0000] {dagbag.py:540} INFO - Filling up the DagBag from /home/airflow/.local/lib/python3.8/site-packages/airflow/example_dags/example_branch_labels.py
[2024-10-20T10:50:58.546+0000] {processor.py:840} INFO - DAG(s) 'example_branch_labels' retrieved from /home/airflow/.local/lib/python3.8/site-packages/airflow/example_dags/example_branch_labels.py
[2024-10-20T10:50:58.561+0000] {logging_mixin.py:188} INFO - [2024-10-20T10:50:58.561+0000] {dag.py:3047} INFO - Sync 1 DAGs
[2024-10-20T10:50:58.575+0000] {logging_mixin.py:188} INFO - [2024-10-20T10:50:58.575+0000] {dag.py:3834} INFO - Setting next_dagrun for example_branch_labels to 2024-10-19 00:00:00+00:00, run_after=2024-10-20 00:00:00+00:00
[2024-10-20T10:50:58.587+0000] {processor.py:183} INFO - Processing /home/airflow/.local/lib/python3.8/site-packages/airflow/example_dags/example_branch_labels.py took 0.053 seconds
[2024-10-20T10:51:28.632+0000] {processor.py:161} INFO - Started process (PID=1808) to work on /home/airflow/.local/lib/python3.8/site-packages/airflow/example_dags/example_branch_labels.py
[2024-10-20T10:51:28.639+0000] {processor.py:830} INFO - Processing file /home/airflow/.local/lib/python3.8/site-packages/airflow/example_dags/example_branch_labels.py for tasks to queue
[2024-10-20T10:51:28.640+0000] {logging_mixin.py:188} INFO - [2024-10-20T10:51:28.640+0000] {dagbag.py:540} INFO - Filling up the DagBag from /home/airflow/.local/lib/python3.8/site-packages/airflow/example_dags/example_branch_labels.py
[2024-10-20T10:51:28.646+0000] {processor.py:840} INFO - DAG(s) 'example_branch_labels' retrieved from /home/airflow/.local/lib/python3.8/site-packages/airflow/example_dags/example_branch_labels.py
[2024-10-20T10:51:28.666+0000] {logging_mixin.py:188} INFO - [2024-10-20T10:51:28.666+0000] {dag.py:3047} INFO - Sync 1 DAGs
[2024-10-20T10:51:28.682+0000] {logging_mixin.py:188} INFO - [2024-10-20T10:51:28.682+0000] {dag.py:3834} INFO - Setting next_dagrun for example_branch_labels to 2024-10-19 00:00:00+00:00, run_after=2024-10-20 00:00:00+00:00
[2024-10-20T10:51:28.698+0000] {processor.py:183} INFO - Processing /home/airflow/.local/lib/python3.8/site-packages/airflow/example_dags/example_branch_labels.py took 0.068 seconds
[2024-10-20T10:51:58.917+0000] {processor.py:161} INFO - Started process (PID=1864) to work on /home/airflow/.local/lib/python3.8/site-packages/airflow/example_dags/example_branch_labels.py
[2024-10-20T10:51:58.921+0000] {processor.py:830} INFO - Processing file /home/airflow/.local/lib/python3.8/site-packages/airflow/example_dags/example_branch_labels.py for tasks to queue
[2024-10-20T10:51:58.923+0000] {logging_mixin.py:188} INFO - [2024-10-20T10:51:58.923+0000] {dagbag.py:540} INFO - Filling up the DagBag from /home/airflow/.local/lib/python3.8/site-packages/airflow/example_dags/example_branch_labels.py
[2024-10-20T10:51:58.930+0000] {processor.py:840} INFO - DAG(s) 'example_branch_labels' retrieved from /home/airflow/.local/lib/python3.8/site-packages/airflow/example_dags/example_branch_labels.py
[2024-10-20T10:51:58.952+0000] {logging_mixin.py:188} INFO - [2024-10-20T10:51:58.951+0000] {dag.py:3047} INFO - Sync 1 DAGs
[2024-10-20T10:51:58.967+0000] {logging_mixin.py:188} INFO - [2024-10-20T10:51:58.967+0000] {dag.py:3834} INFO - Setting next_dagrun for example_branch_labels to 2024-10-19 00:00:00+00:00, run_after=2024-10-20 00:00:00+00:00
[2024-10-20T10:51:58.988+0000] {processor.py:183} INFO - Processing /home/airflow/.local/lib/python3.8/site-packages/airflow/example_dags/example_branch_labels.py took 0.074 seconds
[2024-10-20T10:52:29.035+0000] {processor.py:161} INFO - Started process (PID=1919) to work on /home/airflow/.local/lib/python3.8/site-packages/airflow/example_dags/example_branch_labels.py
[2024-10-20T10:52:29.037+0000] {processor.py:830} INFO - Processing file /home/airflow/.local/lib/python3.8/site-packages/airflow/example_dags/example_branch_labels.py for tasks to queue
[2024-10-20T10:52:29.039+0000] {logging_mixin.py:188} INFO - [2024-10-20T10:52:29.039+0000] {dagbag.py:540} INFO - Filling up the DagBag from /home/airflow/.local/lib/python3.8/site-packages/airflow/example_dags/example_branch_labels.py
[2024-10-20T10:52:29.045+0000] {processor.py:840} INFO - DAG(s) 'example_branch_labels' retrieved from /home/airflow/.local/lib/python3.8/site-packages/airflow/example_dags/example_branch_labels.py
[2024-10-20T10:52:29.061+0000] {logging_mixin.py:188} INFO - [2024-10-20T10:52:29.061+0000] {dag.py:3047} INFO - Sync 1 DAGs
[2024-10-20T10:52:29.081+0000] {logging_mixin.py:188} INFO - [2024-10-20T10:52:29.081+0000] {dag.py:3834} INFO - Setting next_dagrun for example_branch_labels to 2024-10-19 00:00:00+00:00, run_after=2024-10-20 00:00:00+00:00
[2024-10-20T10:52:29.095+0000] {processor.py:183} INFO - Processing /home/airflow/.local/lib/python3.8/site-packages/airflow/example_dags/example_branch_labels.py took 0.063 seconds
[2024-10-20T10:52:59.199+0000] {processor.py:161} INFO - Started process (PID=1975) to work on /home/airflow/.local/lib/python3.8/site-packages/airflow/example_dags/example_branch_labels.py
[2024-10-20T10:52:59.201+0000] {processor.py:830} INFO - Processing file /home/airflow/.local/lib/python3.8/site-packages/airflow/example_dags/example_branch_labels.py for tasks to queue
[2024-10-20T10:52:59.203+0000] {logging_mixin.py:188} INFO - [2024-10-20T10:52:59.203+0000] {dagbag.py:540} INFO - Filling up the DagBag from /home/airflow/.local/lib/python3.8/site-packages/airflow/example_dags/example_branch_labels.py
[2024-10-20T10:52:59.210+0000] {processor.py:840} INFO - DAG(s) 'example_branch_labels' retrieved from /home/airflow/.local/lib/python3.8/site-packages/airflow/example_dags/example_branch_labels.py
[2024-10-20T10:52:59.228+0000] {logging_mixin.py:188} INFO - [2024-10-20T10:52:59.228+0000] {dag.py:3047} INFO - Sync 1 DAGs
[2024-10-20T10:52:59.243+0000] {logging_mixin.py:188} INFO - [2024-10-20T10:52:59.243+0000] {dag.py:3834} INFO - Setting next_dagrun for example_branch_labels to 2024-10-19 00:00:00+00:00, run_after=2024-10-20 00:00:00+00:00
[2024-10-20T10:52:59.259+0000] {processor.py:183} INFO - Processing /home/airflow/.local/lib/python3.8/site-packages/airflow/example_dags/example_branch_labels.py took 0.063 seconds
[2024-10-20T10:53:29.298+0000] {processor.py:161} INFO - Started process (PID=2031) to work on /home/airflow/.local/lib/python3.8/site-packages/airflow/example_dags/example_branch_labels.py
[2024-10-20T10:53:29.299+0000] {processor.py:830} INFO - Processing file /home/airflow/.local/lib/python3.8/site-packages/airflow/example_dags/example_branch_labels.py for tasks to queue
[2024-10-20T10:53:29.300+0000] {logging_mixin.py:188} INFO - [2024-10-20T10:53:29.300+0000] {dagbag.py:540} INFO - Filling up the DagBag from /home/airflow/.local/lib/python3.8/site-packages/airflow/example_dags/example_branch_labels.py
[2024-10-20T10:53:29.306+0000] {processor.py:840} INFO - DAG(s) 'example_branch_labels' retrieved from /home/airflow/.local/lib/python3.8/site-packages/airflow/example_dags/example_branch_labels.py
[2024-10-20T10:53:29.319+0000] {logging_mixin.py:188} INFO - [2024-10-20T10:53:29.319+0000] {dag.py:3047} INFO - Sync 1 DAGs
[2024-10-20T10:53:29.334+0000] {logging_mixin.py:188} INFO - [2024-10-20T10:53:29.334+0000] {dag.py:3834} INFO - Setting next_dagrun for example_branch_labels to 2024-10-19 00:00:00+00:00, run_after=2024-10-20 00:00:00+00:00
[2024-10-20T10:53:29.348+0000] {processor.py:183} INFO - Processing /home/airflow/.local/lib/python3.8/site-packages/airflow/example_dags/example_branch_labels.py took 0.052 seconds
[2024-10-20T10:53:59.506+0000] {processor.py:161} INFO - Started process (PID=2087) to work on /home/airflow/.local/lib/python3.8/site-packages/airflow/example_dags/example_branch_labels.py
[2024-10-20T10:53:59.511+0000] {processor.py:830} INFO - Processing file /home/airflow/.local/lib/python3.8/site-packages/airflow/example_dags/example_branch_labels.py for tasks to queue
[2024-10-20T10:53:59.513+0000] {logging_mixin.py:188} INFO - [2024-10-20T10:53:59.513+0000] {dagbag.py:540} INFO - Filling up the DagBag from /home/airflow/.local/lib/python3.8/site-packages/airflow/example_dags/example_branch_labels.py
[2024-10-20T10:53:59.520+0000] {processor.py:840} INFO - DAG(s) 'example_branch_labels' retrieved from /home/airflow/.local/lib/python3.8/site-packages/airflow/example_dags/example_branch_labels.py
[2024-10-20T10:53:59.534+0000] {logging_mixin.py:188} INFO - [2024-10-20T10:53:59.534+0000] {dag.py:3047} INFO - Sync 1 DAGs
[2024-10-20T10:53:59.548+0000] {logging_mixin.py:188} INFO - [2024-10-20T10:53:59.548+0000] {dag.py:3834} INFO - Setting next_dagrun for example_branch_labels to 2024-10-19 00:00:00+00:00, run_after=2024-10-20 00:00:00+00:00
[2024-10-20T10:53:59.561+0000] {processor.py:183} INFO - Processing /home/airflow/.local/lib/python3.8/site-packages/airflow/example_dags/example_branch_labels.py took 0.058 seconds
[2024-10-20T10:54:29.704+0000] {processor.py:161} INFO - Started process (PID=2143) to work on /home/airflow/.local/lib/python3.8/site-packages/airflow/example_dags/example_branch_labels.py
[2024-10-20T10:54:29.706+0000] {processor.py:830} INFO - Processing file /home/airflow/.local/lib/python3.8/site-packages/airflow/example_dags/example_branch_labels.py for tasks to queue
[2024-10-20T10:54:29.708+0000] {logging_mixin.py:188} INFO - [2024-10-20T10:54:29.708+0000] {dagbag.py:540} INFO - Filling up the DagBag from /home/airflow/.local/lib/python3.8/site-packages/airflow/example_dags/example_branch_labels.py
[2024-10-20T10:54:29.714+0000] {processor.py:840} INFO - DAG(s) 'example_branch_labels' retrieved from /home/airflow/.local/lib/python3.8/site-packages/airflow/example_dags/example_branch_labels.py
[2024-10-20T10:54:29.727+0000] {logging_mixin.py:188} INFO - [2024-10-20T10:54:29.727+0000] {dag.py:3047} INFO - Sync 1 DAGs
[2024-10-20T10:54:29.742+0000] {logging_mixin.py:188} INFO - [2024-10-20T10:54:29.741+0000] {dag.py:3834} INFO - Setting next_dagrun for example_branch_labels to 2024-10-19 00:00:00+00:00, run_after=2024-10-20 00:00:00+00:00
[2024-10-20T10:54:29.756+0000] {processor.py:183} INFO - Processing /home/airflow/.local/lib/python3.8/site-packages/airflow/example_dags/example_branch_labels.py took 0.054 seconds
[2024-10-20T10:55:00.076+0000] {processor.py:161} INFO - Started process (PID=2199) to work on /home/airflow/.local/lib/python3.8/site-packages/airflow/example_dags/example_branch_labels.py
[2024-10-20T10:55:00.077+0000] {processor.py:830} INFO - Processing file /home/airflow/.local/lib/python3.8/site-packages/airflow/example_dags/example_branch_labels.py for tasks to queue
[2024-10-20T10:55:00.078+0000] {logging_mixin.py:188} INFO - [2024-10-20T10:55:00.078+0000] {dagbag.py:540} INFO - Filling up the DagBag from /home/airflow/.local/lib/python3.8/site-packages/airflow/example_dags/example_branch_labels.py
[2024-10-20T10:55:00.084+0000] {processor.py:840} INFO - DAG(s) 'example_branch_labels' retrieved from /home/airflow/.local/lib/python3.8/site-packages/airflow/example_dags/example_branch_labels.py
[2024-10-20T10:55:00.102+0000] {logging_mixin.py:188} INFO - [2024-10-20T10:55:00.102+0000] {dag.py:3047} INFO - Sync 1 DAGs
[2024-10-20T10:55:00.117+0000] {logging_mixin.py:188} INFO - [2024-10-20T10:55:00.117+0000] {dag.py:3834} INFO - Setting next_dagrun for example_branch_labels to 2024-10-19 00:00:00+00:00, run_after=2024-10-20 00:00:00+00:00
[2024-10-20T10:55:00.132+0000] {processor.py:183} INFO - Processing /home/airflow/.local/lib/python3.8/site-packages/airflow/example_dags/example_branch_labels.py took 0.058 seconds
[2024-10-20T10:55:30.622+0000] {processor.py:161} INFO - Started process (PID=2254) to work on /home/airflow/.local/lib/python3.8/site-packages/airflow/example_dags/example_branch_labels.py
[2024-10-20T10:55:30.626+0000] {processor.py:830} INFO - Processing file /home/airflow/.local/lib/python3.8/site-packages/airflow/example_dags/example_branch_labels.py for tasks to queue
[2024-10-20T10:55:30.628+0000] {logging_mixin.py:188} INFO - [2024-10-20T10:55:30.627+0000] {dagbag.py:540} INFO - Filling up the DagBag from /home/airflow/.local/lib/python3.8/site-packages/airflow/example_dags/example_branch_labels.py
[2024-10-20T10:55:30.636+0000] {processor.py:840} INFO - DAG(s) 'example_branch_labels' retrieved from /home/airflow/.local/lib/python3.8/site-packages/airflow/example_dags/example_branch_labels.py
[2024-10-20T10:55:30.655+0000] {logging_mixin.py:188} INFO - [2024-10-20T10:55:30.655+0000] {dag.py:3047} INFO - Sync 1 DAGs
[2024-10-20T10:55:30.675+0000] {logging_mixin.py:188} INFO - [2024-10-20T10:55:30.674+0000] {dag.py:3834} INFO - Setting next_dagrun for example_branch_labels to 2024-10-19 00:00:00+00:00, run_after=2024-10-20 00:00:00+00:00
[2024-10-20T10:55:30.695+0000] {processor.py:183} INFO - Processing /home/airflow/.local/lib/python3.8/site-packages/airflow/example_dags/example_branch_labels.py took 0.078 seconds
[2024-10-20T10:56:01.119+0000] {processor.py:161} INFO - Started process (PID=2310) to work on /home/airflow/.local/lib/python3.8/site-packages/airflow/example_dags/example_branch_labels.py
[2024-10-20T10:56:01.124+0000] {processor.py:830} INFO - Processing file /home/airflow/.local/lib/python3.8/site-packages/airflow/example_dags/example_branch_labels.py for tasks to queue
[2024-10-20T10:56:01.125+0000] {logging_mixin.py:188} INFO - [2024-10-20T10:56:01.125+0000] {dagbag.py:540} INFO - Filling up the DagBag from /home/airflow/.local/lib/python3.8/site-packages/airflow/example_dags/example_branch_labels.py
[2024-10-20T10:56:01.130+0000] {processor.py:840} INFO - DAG(s) 'example_branch_labels' retrieved from /home/airflow/.local/lib/python3.8/site-packages/airflow/example_dags/example_branch_labels.py
[2024-10-20T10:56:01.152+0000] {logging_mixin.py:188} INFO - [2024-10-20T10:56:01.152+0000] {dag.py:3047} INFO - Sync 1 DAGs
[2024-10-20T10:56:01.170+0000] {logging_mixin.py:188} INFO - [2024-10-20T10:56:01.169+0000] {dag.py:3834} INFO - Setting next_dagrun for example_branch_labels to 2024-10-19 00:00:00+00:00, run_after=2024-10-20 00:00:00+00:00
[2024-10-20T10:56:01.187+0000] {processor.py:183} INFO - Processing /home/airflow/.local/lib/python3.8/site-packages/airflow/example_dags/example_branch_labels.py took 0.070 seconds
