[2024-10-20T10:20:18.564+0000] {processor.py:161} INFO - Started process (PID=93) to work on /home/airflow/.local/lib/python3.8/site-packages/airflow/example_dags/example_sensors.py
[2024-10-20T10:20:18.565+0000] {processor.py:830} INFO - Processing file /home/airflow/.local/lib/python3.8/site-packages/airflow/example_dags/example_sensors.py for tasks to queue
[2024-10-20T10:20:18.567+0000] {logging_mixin.py:188} INFO - [2024-10-20T10:20:18.567+0000] {dagbag.py:540} INFO - Filling up the DagBag from /home/airflow/.local/lib/python3.8/site-packages/airflow/example_dags/example_sensors.py
[2024-10-20T10:20:18.578+0000] {processor.py:840} INFO - DAG(s) 'example_sensors' retrieved from /home/airflow/.local/lib/python3.8/site-packages/airflow/example_dags/example_sensors.py
[2024-10-20T10:20:18.695+0000] {logging_mixin.py:188} INFO - [2024-10-20T10:20:18.694+0000] {dag.py:3047} INFO - Sync 1 DAGs
[2024-10-20T10:20:18.706+0000] {logging_mixin.py:188} INFO - [2024-10-20T10:20:18.706+0000] {dag.py:3834} INFO - Setting next_dagrun for example_sensors to None, run_after=None
[2024-10-20T10:20:18.727+0000] {processor.py:183} INFO - Processing /home/airflow/.local/lib/python3.8/site-packages/airflow/example_dags/example_sensors.py took 0.167 seconds
[2024-10-20T10:20:49.090+0000] {processor.py:161} INFO - Started process (PID=148) to work on /home/airflow/.local/lib/python3.8/site-packages/airflow/example_dags/example_sensors.py
[2024-10-20T10:20:49.091+0000] {processor.py:830} INFO - Processing file /home/airflow/.local/lib/python3.8/site-packages/airflow/example_dags/example_sensors.py for tasks to queue
[2024-10-20T10:20:49.092+0000] {logging_mixin.py:188} INFO - [2024-10-20T10:20:49.092+0000] {dagbag.py:540} INFO - Filling up the DagBag from /home/airflow/.local/lib/python3.8/site-packages/airflow/example_dags/example_sensors.py
[2024-10-20T10:20:49.099+0000] {processor.py:840} INFO - DAG(s) 'example_sensors' retrieved from /home/airflow/.local/lib/python3.8/site-packages/airflow/example_dags/example_sensors.py
[2024-10-20T10:20:49.115+0000] {logging_mixin.py:188} INFO - [2024-10-20T10:20:49.115+0000] {dag.py:3047} INFO - Sync 1 DAGs
[2024-10-20T10:20:49.122+0000] {logging_mixin.py:188} INFO - [2024-10-20T10:20:49.122+0000] {dag.py:3834} INFO - Setting next_dagrun for example_sensors to None, run_after=None
[2024-10-20T10:20:49.133+0000] {processor.py:183} INFO - Processing /home/airflow/.local/lib/python3.8/site-packages/airflow/example_dags/example_sensors.py took 0.045 seconds
[2024-10-20T10:21:19.932+0000] {processor.py:161} INFO - Started process (PID=203) to work on /home/airflow/.local/lib/python3.8/site-packages/airflow/example_dags/example_sensors.py
[2024-10-20T10:21:19.933+0000] {processor.py:830} INFO - Processing file /home/airflow/.local/lib/python3.8/site-packages/airflow/example_dags/example_sensors.py for tasks to queue
[2024-10-20T10:21:19.935+0000] {logging_mixin.py:188} INFO - [2024-10-20T10:21:19.935+0000] {dagbag.py:540} INFO - Filling up the DagBag from /home/airflow/.local/lib/python3.8/site-packages/airflow/example_dags/example_sensors.py
[2024-10-20T10:21:19.942+0000] {processor.py:840} INFO - DAG(s) 'example_sensors' retrieved from /home/airflow/.local/lib/python3.8/site-packages/airflow/example_dags/example_sensors.py
[2024-10-20T10:21:19.961+0000] {logging_mixin.py:188} INFO - [2024-10-20T10:21:19.961+0000] {dag.py:3047} INFO - Sync 1 DAGs
[2024-10-20T10:21:19.969+0000] {logging_mixin.py:188} INFO - [2024-10-20T10:21:19.969+0000] {dag.py:3834} INFO - Setting next_dagrun for example_sensors to None, run_after=None
[2024-10-20T10:21:19.979+0000] {processor.py:183} INFO - Processing /home/airflow/.local/lib/python3.8/site-packages/airflow/example_dags/example_sensors.py took 0.050 seconds
[2024-10-20T10:21:50.748+0000] {processor.py:161} INFO - Started process (PID=258) to work on /home/airflow/.local/lib/python3.8/site-packages/airflow/example_dags/example_sensors.py
[2024-10-20T10:21:50.748+0000] {processor.py:830} INFO - Processing file /home/airflow/.local/lib/python3.8/site-packages/airflow/example_dags/example_sensors.py for tasks to queue
[2024-10-20T10:21:50.750+0000] {logging_mixin.py:188} INFO - [2024-10-20T10:21:50.749+0000] {dagbag.py:540} INFO - Filling up the DagBag from /home/airflow/.local/lib/python3.8/site-packages/airflow/example_dags/example_sensors.py
[2024-10-20T10:21:50.756+0000] {processor.py:840} INFO - DAG(s) 'example_sensors' retrieved from /home/airflow/.local/lib/python3.8/site-packages/airflow/example_dags/example_sensors.py
[2024-10-20T10:21:50.772+0000] {logging_mixin.py:188} INFO - [2024-10-20T10:21:50.772+0000] {dag.py:3047} INFO - Sync 1 DAGs
[2024-10-20T10:21:50.779+0000] {logging_mixin.py:188} INFO - [2024-10-20T10:21:50.779+0000] {dag.py:3834} INFO - Setting next_dagrun for example_sensors to None, run_after=None
[2024-10-20T10:21:50.792+0000] {processor.py:183} INFO - Processing /home/airflow/.local/lib/python3.8/site-packages/airflow/example_dags/example_sensors.py took 0.047 seconds
[2024-10-20T10:22:20.878+0000] {processor.py:161} INFO - Started process (PID=313) to work on /home/airflow/.local/lib/python3.8/site-packages/airflow/example_dags/example_sensors.py
[2024-10-20T10:22:20.879+0000] {processor.py:830} INFO - Processing file /home/airflow/.local/lib/python3.8/site-packages/airflow/example_dags/example_sensors.py for tasks to queue
[2024-10-20T10:22:20.881+0000] {logging_mixin.py:188} INFO - [2024-10-20T10:22:20.881+0000] {dagbag.py:540} INFO - Filling up the DagBag from /home/airflow/.local/lib/python3.8/site-packages/airflow/example_dags/example_sensors.py
[2024-10-20T10:22:20.888+0000] {processor.py:840} INFO - DAG(s) 'example_sensors' retrieved from /home/airflow/.local/lib/python3.8/site-packages/airflow/example_dags/example_sensors.py
[2024-10-20T10:22:20.905+0000] {logging_mixin.py:188} INFO - [2024-10-20T10:22:20.905+0000] {dag.py:3047} INFO - Sync 1 DAGs
[2024-10-20T10:22:20.914+0000] {logging_mixin.py:188} INFO - [2024-10-20T10:22:20.914+0000] {dag.py:3834} INFO - Setting next_dagrun for example_sensors to None, run_after=None
[2024-10-20T10:22:20.925+0000] {processor.py:183} INFO - Processing /home/airflow/.local/lib/python3.8/site-packages/airflow/example_dags/example_sensors.py took 0.050 seconds
[2024-10-20T10:22:51.022+0000] {processor.py:161} INFO - Started process (PID=368) to work on /home/airflow/.local/lib/python3.8/site-packages/airflow/example_dags/example_sensors.py
[2024-10-20T10:22:51.024+0000] {processor.py:830} INFO - Processing file /home/airflow/.local/lib/python3.8/site-packages/airflow/example_dags/example_sensors.py for tasks to queue
[2024-10-20T10:22:51.026+0000] {logging_mixin.py:188} INFO - [2024-10-20T10:22:51.026+0000] {dagbag.py:540} INFO - Filling up the DagBag from /home/airflow/.local/lib/python3.8/site-packages/airflow/example_dags/example_sensors.py
[2024-10-20T10:22:51.033+0000] {processor.py:840} INFO - DAG(s) 'example_sensors' retrieved from /home/airflow/.local/lib/python3.8/site-packages/airflow/example_dags/example_sensors.py
[2024-10-20T10:22:51.050+0000] {logging_mixin.py:188} INFO - [2024-10-20T10:22:51.050+0000] {dag.py:3047} INFO - Sync 1 DAGs
[2024-10-20T10:22:51.058+0000] {logging_mixin.py:188} INFO - [2024-10-20T10:22:51.058+0000] {dag.py:3834} INFO - Setting next_dagrun for example_sensors to None, run_after=None
[2024-10-20T10:22:51.069+0000] {processor.py:183} INFO - Processing /home/airflow/.local/lib/python3.8/site-packages/airflow/example_dags/example_sensors.py took 0.049 seconds
[2024-10-20T10:23:21.932+0000] {processor.py:161} INFO - Started process (PID=423) to work on /home/airflow/.local/lib/python3.8/site-packages/airflow/example_dags/example_sensors.py
[2024-10-20T10:23:21.933+0000] {processor.py:830} INFO - Processing file /home/airflow/.local/lib/python3.8/site-packages/airflow/example_dags/example_sensors.py for tasks to queue
[2024-10-20T10:23:21.935+0000] {logging_mixin.py:188} INFO - [2024-10-20T10:23:21.934+0000] {dagbag.py:540} INFO - Filling up the DagBag from /home/airflow/.local/lib/python3.8/site-packages/airflow/example_dags/example_sensors.py
[2024-10-20T10:23:21.941+0000] {processor.py:840} INFO - DAG(s) 'example_sensors' retrieved from /home/airflow/.local/lib/python3.8/site-packages/airflow/example_dags/example_sensors.py
[2024-10-20T10:23:21.965+0000] {logging_mixin.py:188} INFO - [2024-10-20T10:23:21.965+0000] {dag.py:3047} INFO - Sync 1 DAGs
[2024-10-20T10:23:21.974+0000] {logging_mixin.py:188} INFO - [2024-10-20T10:23:21.974+0000] {dag.py:3834} INFO - Setting next_dagrun for example_sensors to None, run_after=None
[2024-10-20T10:23:21.987+0000] {processor.py:183} INFO - Processing /home/airflow/.local/lib/python3.8/site-packages/airflow/example_dags/example_sensors.py took 0.058 seconds
[2024-10-20T10:23:52.940+0000] {processor.py:161} INFO - Started process (PID=478) to work on /home/airflow/.local/lib/python3.8/site-packages/airflow/example_dags/example_sensors.py
[2024-10-20T10:23:52.941+0000] {processor.py:830} INFO - Processing file /home/airflow/.local/lib/python3.8/site-packages/airflow/example_dags/example_sensors.py for tasks to queue
[2024-10-20T10:23:52.943+0000] {logging_mixin.py:188} INFO - [2024-10-20T10:23:52.942+0000] {dagbag.py:540} INFO - Filling up the DagBag from /home/airflow/.local/lib/python3.8/site-packages/airflow/example_dags/example_sensors.py
[2024-10-20T10:23:52.949+0000] {processor.py:840} INFO - DAG(s) 'example_sensors' retrieved from /home/airflow/.local/lib/python3.8/site-packages/airflow/example_dags/example_sensors.py
[2024-10-20T10:23:52.967+0000] {logging_mixin.py:188} INFO - [2024-10-20T10:23:52.967+0000] {dag.py:3047} INFO - Sync 1 DAGs
[2024-10-20T10:23:52.975+0000] {logging_mixin.py:188} INFO - [2024-10-20T10:23:52.975+0000] {dag.py:3834} INFO - Setting next_dagrun for example_sensors to None, run_after=None
[2024-10-20T10:23:52.989+0000] {processor.py:183} INFO - Processing /home/airflow/.local/lib/python3.8/site-packages/airflow/example_dags/example_sensors.py took 0.051 seconds
[2024-10-20T10:24:23.074+0000] {processor.py:161} INFO - Started process (PID=533) to work on /home/airflow/.local/lib/python3.8/site-packages/airflow/example_dags/example_sensors.py
[2024-10-20T10:24:23.075+0000] {processor.py:830} INFO - Processing file /home/airflow/.local/lib/python3.8/site-packages/airflow/example_dags/example_sensors.py for tasks to queue
[2024-10-20T10:24:23.076+0000] {logging_mixin.py:188} INFO - [2024-10-20T10:24:23.076+0000] {dagbag.py:540} INFO - Filling up the DagBag from /home/airflow/.local/lib/python3.8/site-packages/airflow/example_dags/example_sensors.py
[2024-10-20T10:24:23.083+0000] {processor.py:840} INFO - DAG(s) 'example_sensors' retrieved from /home/airflow/.local/lib/python3.8/site-packages/airflow/example_dags/example_sensors.py
[2024-10-20T10:24:23.100+0000] {logging_mixin.py:188} INFO - [2024-10-20T10:24:23.099+0000] {dag.py:3047} INFO - Sync 1 DAGs
[2024-10-20T10:24:23.107+0000] {logging_mixin.py:188} INFO - [2024-10-20T10:24:23.107+0000] {dag.py:3834} INFO - Setting next_dagrun for example_sensors to None, run_after=None
[2024-10-20T10:24:23.118+0000] {processor.py:183} INFO - Processing /home/airflow/.local/lib/python3.8/site-packages/airflow/example_dags/example_sensors.py took 0.047 seconds
[2024-10-20T10:24:53.500+0000] {processor.py:161} INFO - Started process (PID=588) to work on /home/airflow/.local/lib/python3.8/site-packages/airflow/example_dags/example_sensors.py
[2024-10-20T10:24:53.502+0000] {processor.py:830} INFO - Processing file /home/airflow/.local/lib/python3.8/site-packages/airflow/example_dags/example_sensors.py for tasks to queue
[2024-10-20T10:24:53.503+0000] {logging_mixin.py:188} INFO - [2024-10-20T10:24:53.503+0000] {dagbag.py:540} INFO - Filling up the DagBag from /home/airflow/.local/lib/python3.8/site-packages/airflow/example_dags/example_sensors.py
[2024-10-20T10:24:53.515+0000] {processor.py:840} INFO - DAG(s) 'example_sensors' retrieved from /home/airflow/.local/lib/python3.8/site-packages/airflow/example_dags/example_sensors.py
[2024-10-20T10:24:53.541+0000] {logging_mixin.py:188} INFO - [2024-10-20T10:24:53.541+0000] {dag.py:3047} INFO - Sync 1 DAGs
[2024-10-20T10:24:53.554+0000] {logging_mixin.py:188} INFO - [2024-10-20T10:24:53.553+0000] {dag.py:3834} INFO - Setting next_dagrun for example_sensors to None, run_after=None
[2024-10-20T10:24:53.576+0000] {processor.py:183} INFO - Processing /home/airflow/.local/lib/python3.8/site-packages/airflow/example_dags/example_sensors.py took 0.080 seconds
[2024-10-20T10:25:23.614+0000] {processor.py:161} INFO - Started process (PID=643) to work on /home/airflow/.local/lib/python3.8/site-packages/airflow/example_dags/example_sensors.py
[2024-10-20T10:25:23.615+0000] {processor.py:830} INFO - Processing file /home/airflow/.local/lib/python3.8/site-packages/airflow/example_dags/example_sensors.py for tasks to queue
[2024-10-20T10:25:23.616+0000] {logging_mixin.py:188} INFO - [2024-10-20T10:25:23.616+0000] {dagbag.py:540} INFO - Filling up the DagBag from /home/airflow/.local/lib/python3.8/site-packages/airflow/example_dags/example_sensors.py
[2024-10-20T10:25:23.622+0000] {processor.py:840} INFO - DAG(s) 'example_sensors' retrieved from /home/airflow/.local/lib/python3.8/site-packages/airflow/example_dags/example_sensors.py
[2024-10-20T10:25:23.638+0000] {logging_mixin.py:188} INFO - [2024-10-20T10:25:23.638+0000] {dag.py:3047} INFO - Sync 1 DAGs
[2024-10-20T10:25:23.646+0000] {logging_mixin.py:188} INFO - [2024-10-20T10:25:23.646+0000] {dag.py:3834} INFO - Setting next_dagrun for example_sensors to None, run_after=None
[2024-10-20T10:25:23.658+0000] {processor.py:183} INFO - Processing /home/airflow/.local/lib/python3.8/site-packages/airflow/example_dags/example_sensors.py took 0.046 seconds
[2024-10-20T10:25:53.740+0000] {processor.py:161} INFO - Started process (PID=698) to work on /home/airflow/.local/lib/python3.8/site-packages/airflow/example_dags/example_sensors.py
[2024-10-20T10:25:53.741+0000] {processor.py:830} INFO - Processing file /home/airflow/.local/lib/python3.8/site-packages/airflow/example_dags/example_sensors.py for tasks to queue
[2024-10-20T10:25:53.745+0000] {logging_mixin.py:188} INFO - [2024-10-20T10:25:53.745+0000] {dagbag.py:540} INFO - Filling up the DagBag from /home/airflow/.local/lib/python3.8/site-packages/airflow/example_dags/example_sensors.py
[2024-10-20T10:25:53.751+0000] {processor.py:840} INFO - DAG(s) 'example_sensors' retrieved from /home/airflow/.local/lib/python3.8/site-packages/airflow/example_dags/example_sensors.py
[2024-10-20T10:25:53.768+0000] {logging_mixin.py:188} INFO - [2024-10-20T10:25:53.768+0000] {dag.py:3047} INFO - Sync 1 DAGs
[2024-10-20T10:25:53.776+0000] {logging_mixin.py:188} INFO - [2024-10-20T10:25:53.776+0000] {dag.py:3834} INFO - Setting next_dagrun for example_sensors to None, run_after=None
[2024-10-20T10:25:53.788+0000] {processor.py:183} INFO - Processing /home/airflow/.local/lib/python3.8/site-packages/airflow/example_dags/example_sensors.py took 0.051 seconds
[2024-10-20T10:26:24.471+0000] {processor.py:161} INFO - Started process (PID=753) to work on /home/airflow/.local/lib/python3.8/site-packages/airflow/example_dags/example_sensors.py
[2024-10-20T10:26:24.474+0000] {processor.py:830} INFO - Processing file /home/airflow/.local/lib/python3.8/site-packages/airflow/example_dags/example_sensors.py for tasks to queue
[2024-10-20T10:26:24.475+0000] {logging_mixin.py:188} INFO - [2024-10-20T10:26:24.475+0000] {dagbag.py:540} INFO - Filling up the DagBag from /home/airflow/.local/lib/python3.8/site-packages/airflow/example_dags/example_sensors.py
[2024-10-20T10:26:24.482+0000] {processor.py:840} INFO - DAG(s) 'example_sensors' retrieved from /home/airflow/.local/lib/python3.8/site-packages/airflow/example_dags/example_sensors.py
[2024-10-20T10:26:24.500+0000] {logging_mixin.py:188} INFO - [2024-10-20T10:26:24.499+0000] {dag.py:3047} INFO - Sync 1 DAGs
[2024-10-20T10:26:24.507+0000] {logging_mixin.py:188} INFO - [2024-10-20T10:26:24.507+0000] {dag.py:3834} INFO - Setting next_dagrun for example_sensors to None, run_after=None
[2024-10-20T10:26:24.518+0000] {processor.py:183} INFO - Processing /home/airflow/.local/lib/python3.8/site-packages/airflow/example_dags/example_sensors.py took 0.050 seconds
[2024-10-20T10:26:55.192+0000] {processor.py:161} INFO - Started process (PID=808) to work on /home/airflow/.local/lib/python3.8/site-packages/airflow/example_dags/example_sensors.py
[2024-10-20T10:26:55.193+0000] {processor.py:830} INFO - Processing file /home/airflow/.local/lib/python3.8/site-packages/airflow/example_dags/example_sensors.py for tasks to queue
[2024-10-20T10:26:55.194+0000] {logging_mixin.py:188} INFO - [2024-10-20T10:26:55.194+0000] {dagbag.py:540} INFO - Filling up the DagBag from /home/airflow/.local/lib/python3.8/site-packages/airflow/example_dags/example_sensors.py
[2024-10-20T10:26:55.200+0000] {processor.py:840} INFO - DAG(s) 'example_sensors' retrieved from /home/airflow/.local/lib/python3.8/site-packages/airflow/example_dags/example_sensors.py
[2024-10-20T10:26:55.219+0000] {logging_mixin.py:188} INFO - [2024-10-20T10:26:55.219+0000] {dag.py:3047} INFO - Sync 1 DAGs
[2024-10-20T10:26:55.228+0000] {logging_mixin.py:188} INFO - [2024-10-20T10:26:55.228+0000] {dag.py:3834} INFO - Setting next_dagrun for example_sensors to None, run_after=None
[2024-10-20T10:26:55.242+0000] {processor.py:183} INFO - Processing /home/airflow/.local/lib/python3.8/site-packages/airflow/example_dags/example_sensors.py took 0.052 seconds
[2024-10-20T10:27:25.858+0000] {processor.py:161} INFO - Started process (PID=863) to work on /home/airflow/.local/lib/python3.8/site-packages/airflow/example_dags/example_sensors.py
[2024-10-20T10:27:25.859+0000] {processor.py:830} INFO - Processing file /home/airflow/.local/lib/python3.8/site-packages/airflow/example_dags/example_sensors.py for tasks to queue
[2024-10-20T10:27:25.863+0000] {logging_mixin.py:188} INFO - [2024-10-20T10:27:25.863+0000] {dagbag.py:540} INFO - Filling up the DagBag from /home/airflow/.local/lib/python3.8/site-packages/airflow/example_dags/example_sensors.py
[2024-10-20T10:27:25.871+0000] {processor.py:840} INFO - DAG(s) 'example_sensors' retrieved from /home/airflow/.local/lib/python3.8/site-packages/airflow/example_dags/example_sensors.py
[2024-10-20T10:27:25.894+0000] {logging_mixin.py:188} INFO - [2024-10-20T10:27:25.894+0000] {dag.py:3047} INFO - Sync 1 DAGs
[2024-10-20T10:27:25.903+0000] {logging_mixin.py:188} INFO - [2024-10-20T10:27:25.903+0000] {dag.py:3834} INFO - Setting next_dagrun for example_sensors to None, run_after=None
[2024-10-20T10:27:25.916+0000] {processor.py:183} INFO - Processing /home/airflow/.local/lib/python3.8/site-packages/airflow/example_dags/example_sensors.py took 0.061 seconds
[2024-10-20T10:27:56.777+0000] {processor.py:161} INFO - Started process (PID=918) to work on /home/airflow/.local/lib/python3.8/site-packages/airflow/example_dags/example_sensors.py
[2024-10-20T10:27:56.778+0000] {processor.py:830} INFO - Processing file /home/airflow/.local/lib/python3.8/site-packages/airflow/example_dags/example_sensors.py for tasks to queue
[2024-10-20T10:27:56.783+0000] {logging_mixin.py:188} INFO - [2024-10-20T10:27:56.783+0000] {dagbag.py:540} INFO - Filling up the DagBag from /home/airflow/.local/lib/python3.8/site-packages/airflow/example_dags/example_sensors.py
[2024-10-20T10:27:56.790+0000] {processor.py:840} INFO - DAG(s) 'example_sensors' retrieved from /home/airflow/.local/lib/python3.8/site-packages/airflow/example_dags/example_sensors.py
[2024-10-20T10:27:56.807+0000] {logging_mixin.py:188} INFO - [2024-10-20T10:27:56.807+0000] {dag.py:3047} INFO - Sync 1 DAGs
[2024-10-20T10:27:56.815+0000] {logging_mixin.py:188} INFO - [2024-10-20T10:27:56.815+0000] {dag.py:3834} INFO - Setting next_dagrun for example_sensors to None, run_after=None
[2024-10-20T10:27:56.826+0000] {processor.py:183} INFO - Processing /home/airflow/.local/lib/python3.8/site-packages/airflow/example_dags/example_sensors.py took 0.052 seconds
[2024-10-20T10:28:27.744+0000] {processor.py:161} INFO - Started process (PID=973) to work on /home/airflow/.local/lib/python3.8/site-packages/airflow/example_dags/example_sensors.py
[2024-10-20T10:28:27.745+0000] {processor.py:830} INFO - Processing file /home/airflow/.local/lib/python3.8/site-packages/airflow/example_dags/example_sensors.py for tasks to queue
[2024-10-20T10:28:27.746+0000] {logging_mixin.py:188} INFO - [2024-10-20T10:28:27.746+0000] {dagbag.py:540} INFO - Filling up the DagBag from /home/airflow/.local/lib/python3.8/site-packages/airflow/example_dags/example_sensors.py
[2024-10-20T10:28:27.752+0000] {processor.py:840} INFO - DAG(s) 'example_sensors' retrieved from /home/airflow/.local/lib/python3.8/site-packages/airflow/example_dags/example_sensors.py
[2024-10-20T10:28:27.771+0000] {logging_mixin.py:188} INFO - [2024-10-20T10:28:27.771+0000] {dag.py:3047} INFO - Sync 1 DAGs
[2024-10-20T10:28:27.778+0000] {logging_mixin.py:188} INFO - [2024-10-20T10:28:27.778+0000] {dag.py:3834} INFO - Setting next_dagrun for example_sensors to None, run_after=None
[2024-10-20T10:28:27.789+0000] {processor.py:183} INFO - Processing /home/airflow/.local/lib/python3.8/site-packages/airflow/example_dags/example_sensors.py took 0.048 seconds
[2024-10-20T10:28:58.424+0000] {processor.py:161} INFO - Started process (PID=1028) to work on /home/airflow/.local/lib/python3.8/site-packages/airflow/example_dags/example_sensors.py
[2024-10-20T10:28:58.426+0000] {processor.py:830} INFO - Processing file /home/airflow/.local/lib/python3.8/site-packages/airflow/example_dags/example_sensors.py for tasks to queue
[2024-10-20T10:28:58.428+0000] {logging_mixin.py:188} INFO - [2024-10-20T10:28:58.427+0000] {dagbag.py:540} INFO - Filling up the DagBag from /home/airflow/.local/lib/python3.8/site-packages/airflow/example_dags/example_sensors.py
[2024-10-20T10:28:58.434+0000] {processor.py:840} INFO - DAG(s) 'example_sensors' retrieved from /home/airflow/.local/lib/python3.8/site-packages/airflow/example_dags/example_sensors.py
[2024-10-20T10:28:58.452+0000] {logging_mixin.py:188} INFO - [2024-10-20T10:28:58.451+0000] {dag.py:3047} INFO - Sync 1 DAGs
[2024-10-20T10:28:58.459+0000] {logging_mixin.py:188} INFO - [2024-10-20T10:28:58.459+0000] {dag.py:3834} INFO - Setting next_dagrun for example_sensors to None, run_after=None
[2024-10-20T10:28:58.471+0000] {processor.py:183} INFO - Processing /home/airflow/.local/lib/python3.8/site-packages/airflow/example_dags/example_sensors.py took 0.050 seconds
[2024-10-20T10:29:29.090+0000] {processor.py:161} INFO - Started process (PID=1083) to work on /home/airflow/.local/lib/python3.8/site-packages/airflow/example_dags/example_sensors.py
[2024-10-20T10:29:29.091+0000] {processor.py:830} INFO - Processing file /home/airflow/.local/lib/python3.8/site-packages/airflow/example_dags/example_sensors.py for tasks to queue
[2024-10-20T10:29:29.092+0000] {logging_mixin.py:188} INFO - [2024-10-20T10:29:29.092+0000] {dagbag.py:540} INFO - Filling up the DagBag from /home/airflow/.local/lib/python3.8/site-packages/airflow/example_dags/example_sensors.py
[2024-10-20T10:29:29.098+0000] {processor.py:840} INFO - DAG(s) 'example_sensors' retrieved from /home/airflow/.local/lib/python3.8/site-packages/airflow/example_dags/example_sensors.py
[2024-10-20T10:29:29.114+0000] {logging_mixin.py:188} INFO - [2024-10-20T10:29:29.114+0000] {dag.py:3047} INFO - Sync 1 DAGs
[2024-10-20T10:29:29.122+0000] {logging_mixin.py:188} INFO - [2024-10-20T10:29:29.122+0000] {dag.py:3834} INFO - Setting next_dagrun for example_sensors to None, run_after=None
[2024-10-20T10:29:29.132+0000] {processor.py:183} INFO - Processing /home/airflow/.local/lib/python3.8/site-packages/airflow/example_dags/example_sensors.py took 0.045 seconds
[2024-10-20T10:29:59.828+0000] {processor.py:161} INFO - Started process (PID=1138) to work on /home/airflow/.local/lib/python3.8/site-packages/airflow/example_dags/example_sensors.py
[2024-10-20T10:29:59.829+0000] {processor.py:830} INFO - Processing file /home/airflow/.local/lib/python3.8/site-packages/airflow/example_dags/example_sensors.py for tasks to queue
[2024-10-20T10:29:59.830+0000] {logging_mixin.py:188} INFO - [2024-10-20T10:29:59.830+0000] {dagbag.py:540} INFO - Filling up the DagBag from /home/airflow/.local/lib/python3.8/site-packages/airflow/example_dags/example_sensors.py
[2024-10-20T10:29:59.836+0000] {processor.py:840} INFO - DAG(s) 'example_sensors' retrieved from /home/airflow/.local/lib/python3.8/site-packages/airflow/example_dags/example_sensors.py
[2024-10-20T10:29:59.854+0000] {logging_mixin.py:188} INFO - [2024-10-20T10:29:59.854+0000] {dag.py:3047} INFO - Sync 1 DAGs
[2024-10-20T10:29:59.864+0000] {logging_mixin.py:188} INFO - [2024-10-20T10:29:59.864+0000] {dag.py:3834} INFO - Setting next_dagrun for example_sensors to None, run_after=None
[2024-10-20T10:29:59.876+0000] {processor.py:183} INFO - Processing /home/airflow/.local/lib/python3.8/site-packages/airflow/example_dags/example_sensors.py took 0.051 seconds
[2024-10-20T10:30:30.541+0000] {processor.py:161} INFO - Started process (PID=1193) to work on /home/airflow/.local/lib/python3.8/site-packages/airflow/example_dags/example_sensors.py
[2024-10-20T10:30:30.542+0000] {processor.py:830} INFO - Processing file /home/airflow/.local/lib/python3.8/site-packages/airflow/example_dags/example_sensors.py for tasks to queue
[2024-10-20T10:30:30.543+0000] {logging_mixin.py:188} INFO - [2024-10-20T10:30:30.543+0000] {dagbag.py:540} INFO - Filling up the DagBag from /home/airflow/.local/lib/python3.8/site-packages/airflow/example_dags/example_sensors.py
[2024-10-20T10:30:30.549+0000] {processor.py:840} INFO - DAG(s) 'example_sensors' retrieved from /home/airflow/.local/lib/python3.8/site-packages/airflow/example_dags/example_sensors.py
[2024-10-20T10:30:30.565+0000] {logging_mixin.py:188} INFO - [2024-10-20T10:30:30.565+0000] {dag.py:3047} INFO - Sync 1 DAGs
[2024-10-20T10:30:30.573+0000] {logging_mixin.py:188} INFO - [2024-10-20T10:30:30.573+0000] {dag.py:3834} INFO - Setting next_dagrun for example_sensors to None, run_after=None
[2024-10-20T10:30:30.583+0000] {processor.py:183} INFO - Processing /home/airflow/.local/lib/python3.8/site-packages/airflow/example_dags/example_sensors.py took 0.045 seconds
[2024-10-20T10:31:01.208+0000] {processor.py:161} INFO - Started process (PID=1248) to work on /home/airflow/.local/lib/python3.8/site-packages/airflow/example_dags/example_sensors.py
[2024-10-20T10:31:01.209+0000] {processor.py:830} INFO - Processing file /home/airflow/.local/lib/python3.8/site-packages/airflow/example_dags/example_sensors.py for tasks to queue
[2024-10-20T10:31:01.211+0000] {logging_mixin.py:188} INFO - [2024-10-20T10:31:01.210+0000] {dagbag.py:540} INFO - Filling up the DagBag from /home/airflow/.local/lib/python3.8/site-packages/airflow/example_dags/example_sensors.py
[2024-10-20T10:31:01.218+0000] {processor.py:840} INFO - DAG(s) 'example_sensors' retrieved from /home/airflow/.local/lib/python3.8/site-packages/airflow/example_dags/example_sensors.py
[2024-10-20T10:31:01.235+0000] {logging_mixin.py:188} INFO - [2024-10-20T10:31:01.235+0000] {dag.py:3047} INFO - Sync 1 DAGs
[2024-10-20T10:31:01.244+0000] {logging_mixin.py:188} INFO - [2024-10-20T10:31:01.243+0000] {dag.py:3834} INFO - Setting next_dagrun for example_sensors to None, run_after=None
[2024-10-20T10:31:01.255+0000] {processor.py:183} INFO - Processing /home/airflow/.local/lib/python3.8/site-packages/airflow/example_dags/example_sensors.py took 0.049 seconds
[2024-10-20T10:31:31.923+0000] {processor.py:161} INFO - Started process (PID=1303) to work on /home/airflow/.local/lib/python3.8/site-packages/airflow/example_dags/example_sensors.py
[2024-10-20T10:31:31.924+0000] {processor.py:830} INFO - Processing file /home/airflow/.local/lib/python3.8/site-packages/airflow/example_dags/example_sensors.py for tasks to queue
[2024-10-20T10:31:31.927+0000] {logging_mixin.py:188} INFO - [2024-10-20T10:31:31.926+0000] {dagbag.py:540} INFO - Filling up the DagBag from /home/airflow/.local/lib/python3.8/site-packages/airflow/example_dags/example_sensors.py
[2024-10-20T10:31:31.934+0000] {processor.py:840} INFO - DAG(s) 'example_sensors' retrieved from /home/airflow/.local/lib/python3.8/site-packages/airflow/example_dags/example_sensors.py
[2024-10-20T10:31:31.952+0000] {logging_mixin.py:188} INFO - [2024-10-20T10:31:31.952+0000] {dag.py:3047} INFO - Sync 1 DAGs
[2024-10-20T10:31:31.961+0000] {logging_mixin.py:188} INFO - [2024-10-20T10:31:31.961+0000] {dag.py:3834} INFO - Setting next_dagrun for example_sensors to None, run_after=None
[2024-10-20T10:31:31.973+0000] {processor.py:183} INFO - Processing /home/airflow/.local/lib/python3.8/site-packages/airflow/example_dags/example_sensors.py took 0.053 seconds
[2024-10-20T10:32:02.027+0000] {processor.py:161} INFO - Started process (PID=1358) to work on /home/airflow/.local/lib/python3.8/site-packages/airflow/example_dags/example_sensors.py
[2024-10-20T10:32:02.028+0000] {processor.py:830} INFO - Processing file /home/airflow/.local/lib/python3.8/site-packages/airflow/example_dags/example_sensors.py for tasks to queue
[2024-10-20T10:32:02.029+0000] {logging_mixin.py:188} INFO - [2024-10-20T10:32:02.029+0000] {dagbag.py:540} INFO - Filling up the DagBag from /home/airflow/.local/lib/python3.8/site-packages/airflow/example_dags/example_sensors.py
[2024-10-20T10:32:02.036+0000] {processor.py:840} INFO - DAG(s) 'example_sensors' retrieved from /home/airflow/.local/lib/python3.8/site-packages/airflow/example_dags/example_sensors.py
[2024-10-20T10:32:02.052+0000] {logging_mixin.py:188} INFO - [2024-10-20T10:32:02.052+0000] {dag.py:3047} INFO - Sync 1 DAGs
[2024-10-20T10:32:02.061+0000] {logging_mixin.py:188} INFO - [2024-10-20T10:32:02.061+0000] {dag.py:3834} INFO - Setting next_dagrun for example_sensors to None, run_after=None
[2024-10-20T10:32:02.073+0000] {processor.py:183} INFO - Processing /home/airflow/.local/lib/python3.8/site-packages/airflow/example_dags/example_sensors.py took 0.049 seconds
[2024-10-20T10:32:32.770+0000] {processor.py:161} INFO - Started process (PID=1413) to work on /home/airflow/.local/lib/python3.8/site-packages/airflow/example_dags/example_sensors.py
[2024-10-20T10:32:32.772+0000] {processor.py:830} INFO - Processing file /home/airflow/.local/lib/python3.8/site-packages/airflow/example_dags/example_sensors.py for tasks to queue
[2024-10-20T10:32:32.773+0000] {logging_mixin.py:188} INFO - [2024-10-20T10:32:32.773+0000] {dagbag.py:540} INFO - Filling up the DagBag from /home/airflow/.local/lib/python3.8/site-packages/airflow/example_dags/example_sensors.py
[2024-10-20T10:32:32.779+0000] {processor.py:840} INFO - DAG(s) 'example_sensors' retrieved from /home/airflow/.local/lib/python3.8/site-packages/airflow/example_dags/example_sensors.py
[2024-10-20T10:32:32.797+0000] {logging_mixin.py:188} INFO - [2024-10-20T10:32:32.797+0000] {dag.py:3047} INFO - Sync 1 DAGs
[2024-10-20T10:32:32.809+0000] {logging_mixin.py:188} INFO - [2024-10-20T10:32:32.809+0000] {dag.py:3834} INFO - Setting next_dagrun for example_sensors to None, run_after=None
[2024-10-20T10:32:32.821+0000] {processor.py:183} INFO - Processing /home/airflow/.local/lib/python3.8/site-packages/airflow/example_dags/example_sensors.py took 0.053 seconds
[2024-10-20T10:33:03.523+0000] {processor.py:161} INFO - Started process (PID=1468) to work on /home/airflow/.local/lib/python3.8/site-packages/airflow/example_dags/example_sensors.py
[2024-10-20T10:33:03.525+0000] {processor.py:830} INFO - Processing file /home/airflow/.local/lib/python3.8/site-packages/airflow/example_dags/example_sensors.py for tasks to queue
[2024-10-20T10:33:03.527+0000] {logging_mixin.py:188} INFO - [2024-10-20T10:33:03.527+0000] {dagbag.py:540} INFO - Filling up the DagBag from /home/airflow/.local/lib/python3.8/site-packages/airflow/example_dags/example_sensors.py
[2024-10-20T10:33:03.533+0000] {processor.py:840} INFO - DAG(s) 'example_sensors' retrieved from /home/airflow/.local/lib/python3.8/site-packages/airflow/example_dags/example_sensors.py
[2024-10-20T10:33:03.551+0000] {logging_mixin.py:188} INFO - [2024-10-20T10:33:03.550+0000] {dag.py:3047} INFO - Sync 1 DAGs
[2024-10-20T10:33:03.565+0000] {logging_mixin.py:188} INFO - [2024-10-20T10:33:03.564+0000] {dag.py:3834} INFO - Setting next_dagrun for example_sensors to None, run_after=None
[2024-10-20T10:33:03.579+0000] {processor.py:183} INFO - Processing /home/airflow/.local/lib/python3.8/site-packages/airflow/example_dags/example_sensors.py took 0.058 seconds
[2024-10-20T10:33:33.618+0000] {processor.py:161} INFO - Started process (PID=1523) to work on /home/airflow/.local/lib/python3.8/site-packages/airflow/example_dags/example_sensors.py
[2024-10-20T10:33:33.619+0000] {processor.py:830} INFO - Processing file /home/airflow/.local/lib/python3.8/site-packages/airflow/example_dags/example_sensors.py for tasks to queue
[2024-10-20T10:33:33.623+0000] {logging_mixin.py:188} INFO - [2024-10-20T10:33:33.623+0000] {dagbag.py:540} INFO - Filling up the DagBag from /home/airflow/.local/lib/python3.8/site-packages/airflow/example_dags/example_sensors.py
[2024-10-20T10:33:33.629+0000] {processor.py:840} INFO - DAG(s) 'example_sensors' retrieved from /home/airflow/.local/lib/python3.8/site-packages/airflow/example_dags/example_sensors.py
[2024-10-20T10:33:33.647+0000] {logging_mixin.py:188} INFO - [2024-10-20T10:33:33.646+0000] {dag.py:3047} INFO - Sync 1 DAGs
[2024-10-20T10:33:33.656+0000] {logging_mixin.py:188} INFO - [2024-10-20T10:33:33.656+0000] {dag.py:3834} INFO - Setting next_dagrun for example_sensors to None, run_after=None
[2024-10-20T10:33:33.667+0000] {processor.py:183} INFO - Processing /home/airflow/.local/lib/python3.8/site-packages/airflow/example_dags/example_sensors.py took 0.051 seconds
[2024-10-20T10:34:03.749+0000] {processor.py:161} INFO - Started process (PID=1578) to work on /home/airflow/.local/lib/python3.8/site-packages/airflow/example_dags/example_sensors.py
[2024-10-20T10:34:03.751+0000] {processor.py:830} INFO - Processing file /home/airflow/.local/lib/python3.8/site-packages/airflow/example_dags/example_sensors.py for tasks to queue
[2024-10-20T10:34:03.752+0000] {logging_mixin.py:188} INFO - [2024-10-20T10:34:03.752+0000] {dagbag.py:540} INFO - Filling up the DagBag from /home/airflow/.local/lib/python3.8/site-packages/airflow/example_dags/example_sensors.py
[2024-10-20T10:34:03.758+0000] {processor.py:840} INFO - DAG(s) 'example_sensors' retrieved from /home/airflow/.local/lib/python3.8/site-packages/airflow/example_dags/example_sensors.py
[2024-10-20T10:34:03.774+0000] {logging_mixin.py:188} INFO - [2024-10-20T10:34:03.774+0000] {dag.py:3047} INFO - Sync 1 DAGs
[2024-10-20T10:34:03.783+0000] {logging_mixin.py:188} INFO - [2024-10-20T10:34:03.782+0000] {dag.py:3834} INFO - Setting next_dagrun for example_sensors to None, run_after=None
[2024-10-20T10:34:03.800+0000] {processor.py:183} INFO - Processing /home/airflow/.local/lib/python3.8/site-packages/airflow/example_dags/example_sensors.py took 0.054 seconds
[2024-10-20T10:34:34.476+0000] {processor.py:161} INFO - Started process (PID=1633) to work on /home/airflow/.local/lib/python3.8/site-packages/airflow/example_dags/example_sensors.py
[2024-10-20T10:34:34.477+0000] {processor.py:830} INFO - Processing file /home/airflow/.local/lib/python3.8/site-packages/airflow/example_dags/example_sensors.py for tasks to queue
[2024-10-20T10:34:34.478+0000] {logging_mixin.py:188} INFO - [2024-10-20T10:34:34.478+0000] {dagbag.py:540} INFO - Filling up the DagBag from /home/airflow/.local/lib/python3.8/site-packages/airflow/example_dags/example_sensors.py
[2024-10-20T10:34:34.486+0000] {processor.py:840} INFO - DAG(s) 'example_sensors' retrieved from /home/airflow/.local/lib/python3.8/site-packages/airflow/example_dags/example_sensors.py
[2024-10-20T10:34:34.503+0000] {logging_mixin.py:188} INFO - [2024-10-20T10:34:34.503+0000] {dag.py:3047} INFO - Sync 1 DAGs
[2024-10-20T10:34:34.511+0000] {logging_mixin.py:188} INFO - [2024-10-20T10:34:34.511+0000] {dag.py:3834} INFO - Setting next_dagrun for example_sensors to None, run_after=None
[2024-10-20T10:34:34.524+0000] {processor.py:183} INFO - Processing /home/airflow/.local/lib/python3.8/site-packages/airflow/example_dags/example_sensors.py took 0.051 seconds
[2024-10-20T10:35:49.683+0000] {processor.py:161} INFO - Started process (PID=75) to work on /home/airflow/.local/lib/python3.8/site-packages/airflow/example_dags/example_sensors.py
[2024-10-20T10:35:49.686+0000] {processor.py:830} INFO - Processing file /home/airflow/.local/lib/python3.8/site-packages/airflow/example_dags/example_sensors.py for tasks to queue
[2024-10-20T10:35:49.693+0000] {logging_mixin.py:188} INFO - [2024-10-20T10:35:49.693+0000] {dagbag.py:540} INFO - Filling up the DagBag from /home/airflow/.local/lib/python3.8/site-packages/airflow/example_dags/example_sensors.py
[2024-10-20T10:35:49.709+0000] {processor.py:840} INFO - DAG(s) 'example_sensors' retrieved from /home/airflow/.local/lib/python3.8/site-packages/airflow/example_dags/example_sensors.py
[2024-10-20T10:35:49.739+0000] {logging_mixin.py:188} INFO - [2024-10-20T10:35:49.738+0000] {dag.py:3047} INFO - Sync 1 DAGs
[2024-10-20T10:35:49.760+0000] {logging_mixin.py:188} INFO - [2024-10-20T10:35:49.759+0000] {dag.py:3834} INFO - Setting next_dagrun for example_sensors to None, run_after=None
[2024-10-20T10:35:49.806+0000] {processor.py:183} INFO - Processing /home/airflow/.local/lib/python3.8/site-packages/airflow/example_dags/example_sensors.py took 0.127 seconds
[2024-10-20T10:36:20.044+0000] {processor.py:161} INFO - Started process (PID=130) to work on /home/airflow/.local/lib/python3.8/site-packages/airflow/example_dags/example_sensors.py
[2024-10-20T10:36:20.045+0000] {processor.py:830} INFO - Processing file /home/airflow/.local/lib/python3.8/site-packages/airflow/example_dags/example_sensors.py for tasks to queue
[2024-10-20T10:36:20.048+0000] {logging_mixin.py:188} INFO - [2024-10-20T10:36:20.047+0000] {dagbag.py:540} INFO - Filling up the DagBag from /home/airflow/.local/lib/python3.8/site-packages/airflow/example_dags/example_sensors.py
[2024-10-20T10:36:20.055+0000] {processor.py:840} INFO - DAG(s) 'example_sensors' retrieved from /home/airflow/.local/lib/python3.8/site-packages/airflow/example_dags/example_sensors.py
[2024-10-20T10:36:20.139+0000] {logging_mixin.py:188} INFO - [2024-10-20T10:36:20.139+0000] {dag.py:3047} INFO - Sync 1 DAGs
[2024-10-20T10:36:20.147+0000] {logging_mixin.py:188} INFO - [2024-10-20T10:36:20.147+0000] {dag.py:3834} INFO - Setting next_dagrun for example_sensors to None, run_after=None
[2024-10-20T10:36:20.171+0000] {processor.py:183} INFO - Processing /home/airflow/.local/lib/python3.8/site-packages/airflow/example_dags/example_sensors.py took 0.129 seconds
[2024-10-20T10:36:50.357+0000] {processor.py:161} INFO - Started process (PID=186) to work on /home/airflow/.local/lib/python3.8/site-packages/airflow/example_dags/example_sensors.py
[2024-10-20T10:36:50.358+0000] {processor.py:830} INFO - Processing file /home/airflow/.local/lib/python3.8/site-packages/airflow/example_dags/example_sensors.py for tasks to queue
[2024-10-20T10:36:50.360+0000] {logging_mixin.py:188} INFO - [2024-10-20T10:36:50.359+0000] {dagbag.py:540} INFO - Filling up the DagBag from /home/airflow/.local/lib/python3.8/site-packages/airflow/example_dags/example_sensors.py
[2024-10-20T10:36:50.367+0000] {processor.py:840} INFO - DAG(s) 'example_sensors' retrieved from /home/airflow/.local/lib/python3.8/site-packages/airflow/example_dags/example_sensors.py
[2024-10-20T10:36:50.390+0000] {logging_mixin.py:188} INFO - [2024-10-20T10:36:50.390+0000] {dag.py:3047} INFO - Sync 1 DAGs
[2024-10-20T10:36:50.398+0000] {logging_mixin.py:188} INFO - [2024-10-20T10:36:50.398+0000] {dag.py:3834} INFO - Setting next_dagrun for example_sensors to None, run_after=None
[2024-10-20T10:36:50.413+0000] {processor.py:183} INFO - Processing /home/airflow/.local/lib/python3.8/site-packages/airflow/example_dags/example_sensors.py took 0.058 seconds
[2024-10-20T10:37:20.620+0000] {processor.py:161} INFO - Started process (PID=242) to work on /home/airflow/.local/lib/python3.8/site-packages/airflow/example_dags/example_sensors.py
[2024-10-20T10:37:20.623+0000] {processor.py:830} INFO - Processing file /home/airflow/.local/lib/python3.8/site-packages/airflow/example_dags/example_sensors.py for tasks to queue
[2024-10-20T10:37:20.627+0000] {logging_mixin.py:188} INFO - [2024-10-20T10:37:20.627+0000] {dagbag.py:540} INFO - Filling up the DagBag from /home/airflow/.local/lib/python3.8/site-packages/airflow/example_dags/example_sensors.py
[2024-10-20T10:37:20.638+0000] {processor.py:840} INFO - DAG(s) 'example_sensors' retrieved from /home/airflow/.local/lib/python3.8/site-packages/airflow/example_dags/example_sensors.py
[2024-10-20T10:37:20.678+0000] {logging_mixin.py:188} INFO - [2024-10-20T10:37:20.678+0000] {dag.py:3047} INFO - Sync 1 DAGs
[2024-10-20T10:37:20.691+0000] {logging_mixin.py:188} INFO - [2024-10-20T10:37:20.691+0000] {dag.py:3834} INFO - Setting next_dagrun for example_sensors to None, run_after=None
[2024-10-20T10:37:20.724+0000] {processor.py:183} INFO - Processing /home/airflow/.local/lib/python3.8/site-packages/airflow/example_dags/example_sensors.py took 0.110 seconds
[2024-10-20T10:37:51.349+0000] {processor.py:161} INFO - Started process (PID=303) to work on /home/airflow/.local/lib/python3.8/site-packages/airflow/example_dags/example_sensors.py
[2024-10-20T10:37:51.350+0000] {processor.py:830} INFO - Processing file /home/airflow/.local/lib/python3.8/site-packages/airflow/example_dags/example_sensors.py for tasks to queue
[2024-10-20T10:37:51.351+0000] {logging_mixin.py:188} INFO - [2024-10-20T10:37:51.351+0000] {dagbag.py:540} INFO - Filling up the DagBag from /home/airflow/.local/lib/python3.8/site-packages/airflow/example_dags/example_sensors.py
[2024-10-20T10:37:51.357+0000] {processor.py:840} INFO - DAG(s) 'example_sensors' retrieved from /home/airflow/.local/lib/python3.8/site-packages/airflow/example_dags/example_sensors.py
[2024-10-20T10:37:51.379+0000] {logging_mixin.py:188} INFO - [2024-10-20T10:37:51.379+0000] {dag.py:3047} INFO - Sync 1 DAGs
[2024-10-20T10:37:51.391+0000] {logging_mixin.py:188} INFO - [2024-10-20T10:37:51.391+0000] {dag.py:3834} INFO - Setting next_dagrun for example_sensors to None, run_after=None
[2024-10-20T10:37:51.405+0000] {processor.py:183} INFO - Processing /home/airflow/.local/lib/python3.8/site-packages/airflow/example_dags/example_sensors.py took 0.059 seconds
[2024-10-20T10:38:21.477+0000] {processor.py:161} INFO - Started process (PID=359) to work on /home/airflow/.local/lib/python3.8/site-packages/airflow/example_dags/example_sensors.py
[2024-10-20T10:38:21.478+0000] {processor.py:830} INFO - Processing file /home/airflow/.local/lib/python3.8/site-packages/airflow/example_dags/example_sensors.py for tasks to queue
[2024-10-20T10:38:21.480+0000] {logging_mixin.py:188} INFO - [2024-10-20T10:38:21.480+0000] {dagbag.py:540} INFO - Filling up the DagBag from /home/airflow/.local/lib/python3.8/site-packages/airflow/example_dags/example_sensors.py
[2024-10-20T10:38:21.487+0000] {processor.py:840} INFO - DAG(s) 'example_sensors' retrieved from /home/airflow/.local/lib/python3.8/site-packages/airflow/example_dags/example_sensors.py
[2024-10-20T10:38:21.506+0000] {logging_mixin.py:188} INFO - [2024-10-20T10:38:21.506+0000] {dag.py:3047} INFO - Sync 1 DAGs
[2024-10-20T10:38:21.514+0000] {logging_mixin.py:188} INFO - [2024-10-20T10:38:21.514+0000] {dag.py:3834} INFO - Setting next_dagrun for example_sensors to None, run_after=None
[2024-10-20T10:38:21.526+0000] {processor.py:183} INFO - Processing /home/airflow/.local/lib/python3.8/site-packages/airflow/example_dags/example_sensors.py took 0.051 seconds
[2024-10-20T10:38:51.823+0000] {processor.py:161} INFO - Started process (PID=415) to work on /home/airflow/.local/lib/python3.8/site-packages/airflow/example_dags/example_sensors.py
[2024-10-20T10:38:51.825+0000] {processor.py:830} INFO - Processing file /home/airflow/.local/lib/python3.8/site-packages/airflow/example_dags/example_sensors.py for tasks to queue
[2024-10-20T10:38:51.826+0000] {logging_mixin.py:188} INFO - [2024-10-20T10:38:51.826+0000] {dagbag.py:540} INFO - Filling up the DagBag from /home/airflow/.local/lib/python3.8/site-packages/airflow/example_dags/example_sensors.py
[2024-10-20T10:38:51.832+0000] {processor.py:840} INFO - DAG(s) 'example_sensors' retrieved from /home/airflow/.local/lib/python3.8/site-packages/airflow/example_dags/example_sensors.py
[2024-10-20T10:38:51.857+0000] {logging_mixin.py:188} INFO - [2024-10-20T10:38:51.857+0000] {dag.py:3047} INFO - Sync 1 DAGs
[2024-10-20T10:38:51.868+0000] {logging_mixin.py:188} INFO - [2024-10-20T10:38:51.868+0000] {dag.py:3834} INFO - Setting next_dagrun for example_sensors to None, run_after=None
[2024-10-20T10:38:51.881+0000] {processor.py:183} INFO - Processing /home/airflow/.local/lib/python3.8/site-packages/airflow/example_dags/example_sensors.py took 0.060 seconds
[2024-10-20T10:39:21.954+0000] {processor.py:161} INFO - Started process (PID=471) to work on /home/airflow/.local/lib/python3.8/site-packages/airflow/example_dags/example_sensors.py
[2024-10-20T10:39:21.956+0000] {processor.py:830} INFO - Processing file /home/airflow/.local/lib/python3.8/site-packages/airflow/example_dags/example_sensors.py for tasks to queue
[2024-10-20T10:39:21.957+0000] {logging_mixin.py:188} INFO - [2024-10-20T10:39:21.957+0000] {dagbag.py:540} INFO - Filling up the DagBag from /home/airflow/.local/lib/python3.8/site-packages/airflow/example_dags/example_sensors.py
[2024-10-20T10:39:21.964+0000] {processor.py:840} INFO - DAG(s) 'example_sensors' retrieved from /home/airflow/.local/lib/python3.8/site-packages/airflow/example_dags/example_sensors.py
[2024-10-20T10:39:21.990+0000] {logging_mixin.py:188} INFO - [2024-10-20T10:39:21.989+0000] {dag.py:3047} INFO - Sync 1 DAGs
[2024-10-20T10:39:21.998+0000] {logging_mixin.py:188} INFO - [2024-10-20T10:39:21.997+0000] {dag.py:3834} INFO - Setting next_dagrun for example_sensors to None, run_after=None
[2024-10-20T10:39:22.011+0000] {processor.py:183} INFO - Processing /home/airflow/.local/lib/python3.8/site-packages/airflow/example_dags/example_sensors.py took 0.059 seconds
[2024-10-20T10:39:52.355+0000] {processor.py:161} INFO - Started process (PID=527) to work on /home/airflow/.local/lib/python3.8/site-packages/airflow/example_dags/example_sensors.py
[2024-10-20T10:39:52.356+0000] {processor.py:830} INFO - Processing file /home/airflow/.local/lib/python3.8/site-packages/airflow/example_dags/example_sensors.py for tasks to queue
[2024-10-20T10:39:52.357+0000] {logging_mixin.py:188} INFO - [2024-10-20T10:39:52.357+0000] {dagbag.py:540} INFO - Filling up the DagBag from /home/airflow/.local/lib/python3.8/site-packages/airflow/example_dags/example_sensors.py
[2024-10-20T10:39:52.365+0000] {processor.py:840} INFO - DAG(s) 'example_sensors' retrieved from /home/airflow/.local/lib/python3.8/site-packages/airflow/example_dags/example_sensors.py
[2024-10-20T10:39:52.386+0000] {logging_mixin.py:188} INFO - [2024-10-20T10:39:52.386+0000] {dag.py:3047} INFO - Sync 1 DAGs
[2024-10-20T10:39:52.394+0000] {logging_mixin.py:188} INFO - [2024-10-20T10:39:52.394+0000] {dag.py:3834} INFO - Setting next_dagrun for example_sensors to None, run_after=None
[2024-10-20T10:39:52.406+0000] {processor.py:183} INFO - Processing /home/airflow/.local/lib/python3.8/site-packages/airflow/example_dags/example_sensors.py took 0.053 seconds
[2024-10-20T10:40:22.493+0000] {processor.py:161} INFO - Started process (PID=583) to work on /home/airflow/.local/lib/python3.8/site-packages/airflow/example_dags/example_sensors.py
[2024-10-20T10:40:22.494+0000] {processor.py:830} INFO - Processing file /home/airflow/.local/lib/python3.8/site-packages/airflow/example_dags/example_sensors.py for tasks to queue
[2024-10-20T10:40:22.495+0000] {logging_mixin.py:188} INFO - [2024-10-20T10:40:22.495+0000] {dagbag.py:540} INFO - Filling up the DagBag from /home/airflow/.local/lib/python3.8/site-packages/airflow/example_dags/example_sensors.py
[2024-10-20T10:40:22.501+0000] {processor.py:840} INFO - DAG(s) 'example_sensors' retrieved from /home/airflow/.local/lib/python3.8/site-packages/airflow/example_dags/example_sensors.py
[2024-10-20T10:40:22.526+0000] {logging_mixin.py:188} INFO - [2024-10-20T10:40:22.525+0000] {dag.py:3047} INFO - Sync 1 DAGs
[2024-10-20T10:40:22.535+0000] {logging_mixin.py:188} INFO - [2024-10-20T10:40:22.535+0000] {dag.py:3834} INFO - Setting next_dagrun for example_sensors to None, run_after=None
[2024-10-20T10:40:22.549+0000] {processor.py:183} INFO - Processing /home/airflow/.local/lib/python3.8/site-packages/airflow/example_dags/example_sensors.py took 0.059 seconds
[2024-10-20T10:40:52.597+0000] {processor.py:161} INFO - Started process (PID=639) to work on /home/airflow/.local/lib/python3.8/site-packages/airflow/example_dags/example_sensors.py
[2024-10-20T10:40:52.598+0000] {processor.py:830} INFO - Processing file /home/airflow/.local/lib/python3.8/site-packages/airflow/example_dags/example_sensors.py for tasks to queue
[2024-10-20T10:40:52.600+0000] {logging_mixin.py:188} INFO - [2024-10-20T10:40:52.599+0000] {dagbag.py:540} INFO - Filling up the DagBag from /home/airflow/.local/lib/python3.8/site-packages/airflow/example_dags/example_sensors.py
[2024-10-20T10:40:52.607+0000] {processor.py:840} INFO - DAG(s) 'example_sensors' retrieved from /home/airflow/.local/lib/python3.8/site-packages/airflow/example_dags/example_sensors.py
[2024-10-20T10:40:52.630+0000] {logging_mixin.py:188} INFO - [2024-10-20T10:40:52.629+0000] {dag.py:3047} INFO - Sync 1 DAGs
[2024-10-20T10:40:52.638+0000] {logging_mixin.py:188} INFO - [2024-10-20T10:40:52.638+0000] {dag.py:3834} INFO - Setting next_dagrun for example_sensors to None, run_after=None
[2024-10-20T10:40:52.651+0000] {processor.py:183} INFO - Processing /home/airflow/.local/lib/python3.8/site-packages/airflow/example_dags/example_sensors.py took 0.056 seconds
[2024-10-20T10:41:23.145+0000] {processor.py:161} INFO - Started process (PID=695) to work on /home/airflow/.local/lib/python3.8/site-packages/airflow/example_dags/example_sensors.py
[2024-10-20T10:41:23.146+0000] {processor.py:830} INFO - Processing file /home/airflow/.local/lib/python3.8/site-packages/airflow/example_dags/example_sensors.py for tasks to queue
[2024-10-20T10:41:23.148+0000] {logging_mixin.py:188} INFO - [2024-10-20T10:41:23.147+0000] {dagbag.py:540} INFO - Filling up the DagBag from /home/airflow/.local/lib/python3.8/site-packages/airflow/example_dags/example_sensors.py
[2024-10-20T10:41:23.155+0000] {processor.py:840} INFO - DAG(s) 'example_sensors' retrieved from /home/airflow/.local/lib/python3.8/site-packages/airflow/example_dags/example_sensors.py
[2024-10-20T10:41:23.176+0000] {logging_mixin.py:188} INFO - [2024-10-20T10:41:23.176+0000] {dag.py:3047} INFO - Sync 1 DAGs
[2024-10-20T10:41:23.188+0000] {logging_mixin.py:188} INFO - [2024-10-20T10:41:23.188+0000] {dag.py:3834} INFO - Setting next_dagrun for example_sensors to None, run_after=None
[2024-10-20T10:41:23.201+0000] {processor.py:183} INFO - Processing /home/airflow/.local/lib/python3.8/site-packages/airflow/example_dags/example_sensors.py took 0.058 seconds
[2024-10-20T10:41:53.654+0000] {processor.py:161} INFO - Started process (PID=751) to work on /home/airflow/.local/lib/python3.8/site-packages/airflow/example_dags/example_sensors.py
[2024-10-20T10:41:53.655+0000] {processor.py:830} INFO - Processing file /home/airflow/.local/lib/python3.8/site-packages/airflow/example_dags/example_sensors.py for tasks to queue
[2024-10-20T10:41:53.658+0000] {logging_mixin.py:188} INFO - [2024-10-20T10:41:53.657+0000] {dagbag.py:540} INFO - Filling up the DagBag from /home/airflow/.local/lib/python3.8/site-packages/airflow/example_dags/example_sensors.py
[2024-10-20T10:41:53.667+0000] {processor.py:840} INFO - DAG(s) 'example_sensors' retrieved from /home/airflow/.local/lib/python3.8/site-packages/airflow/example_dags/example_sensors.py
[2024-10-20T10:41:53.701+0000] {logging_mixin.py:188} INFO - [2024-10-20T10:41:53.700+0000] {dag.py:3047} INFO - Sync 1 DAGs
[2024-10-20T10:41:53.714+0000] {logging_mixin.py:188} INFO - [2024-10-20T10:41:53.714+0000] {dag.py:3834} INFO - Setting next_dagrun for example_sensors to None, run_after=None
[2024-10-20T10:41:53.741+0000] {processor.py:183} INFO - Processing /home/airflow/.local/lib/python3.8/site-packages/airflow/example_dags/example_sensors.py took 0.090 seconds
[2024-10-20T10:42:23.777+0000] {processor.py:161} INFO - Started process (PID=807) to work on /home/airflow/.local/lib/python3.8/site-packages/airflow/example_dags/example_sensors.py
[2024-10-20T10:42:23.779+0000] {processor.py:830} INFO - Processing file /home/airflow/.local/lib/python3.8/site-packages/airflow/example_dags/example_sensors.py for tasks to queue
[2024-10-20T10:42:23.781+0000] {logging_mixin.py:188} INFO - [2024-10-20T10:42:23.781+0000] {dagbag.py:540} INFO - Filling up the DagBag from /home/airflow/.local/lib/python3.8/site-packages/airflow/example_dags/example_sensors.py
[2024-10-20T10:42:23.790+0000] {processor.py:840} INFO - DAG(s) 'example_sensors' retrieved from /home/airflow/.local/lib/python3.8/site-packages/airflow/example_dags/example_sensors.py
[2024-10-20T10:42:23.810+0000] {logging_mixin.py:188} INFO - [2024-10-20T10:42:23.810+0000] {dag.py:3047} INFO - Sync 1 DAGs
[2024-10-20T10:42:23.818+0000] {logging_mixin.py:188} INFO - [2024-10-20T10:42:23.818+0000] {dag.py:3834} INFO - Setting next_dagrun for example_sensors to None, run_after=None
[2024-10-20T10:42:23.836+0000] {processor.py:183} INFO - Processing /home/airflow/.local/lib/python3.8/site-packages/airflow/example_dags/example_sensors.py took 0.061 seconds
[2024-10-20T10:42:54.122+0000] {processor.py:161} INFO - Started process (PID=863) to work on /home/airflow/.local/lib/python3.8/site-packages/airflow/example_dags/example_sensors.py
[2024-10-20T10:42:54.128+0000] {processor.py:830} INFO - Processing file /home/airflow/.local/lib/python3.8/site-packages/airflow/example_dags/example_sensors.py for tasks to queue
[2024-10-20T10:42:54.130+0000] {logging_mixin.py:188} INFO - [2024-10-20T10:42:54.130+0000] {dagbag.py:540} INFO - Filling up the DagBag from /home/airflow/.local/lib/python3.8/site-packages/airflow/example_dags/example_sensors.py
[2024-10-20T10:42:54.141+0000] {processor.py:840} INFO - DAG(s) 'example_sensors' retrieved from /home/airflow/.local/lib/python3.8/site-packages/airflow/example_dags/example_sensors.py
[2024-10-20T10:42:54.164+0000] {logging_mixin.py:188} INFO - [2024-10-20T10:42:54.164+0000] {dag.py:3047} INFO - Sync 1 DAGs
[2024-10-20T10:42:54.173+0000] {logging_mixin.py:188} INFO - [2024-10-20T10:42:54.173+0000] {dag.py:3834} INFO - Setting next_dagrun for example_sensors to None, run_after=None
[2024-10-20T10:42:54.193+0000] {processor.py:183} INFO - Processing /home/airflow/.local/lib/python3.8/site-packages/airflow/example_dags/example_sensors.py took 0.074 seconds
[2024-10-20T10:43:24.570+0000] {processor.py:161} INFO - Started process (PID=919) to work on /home/airflow/.local/lib/python3.8/site-packages/airflow/example_dags/example_sensors.py
[2024-10-20T10:43:24.572+0000] {processor.py:830} INFO - Processing file /home/airflow/.local/lib/python3.8/site-packages/airflow/example_dags/example_sensors.py for tasks to queue
[2024-10-20T10:43:24.573+0000] {logging_mixin.py:188} INFO - [2024-10-20T10:43:24.573+0000] {dagbag.py:540} INFO - Filling up the DagBag from /home/airflow/.local/lib/python3.8/site-packages/airflow/example_dags/example_sensors.py
[2024-10-20T10:43:24.579+0000] {processor.py:840} INFO - DAG(s) 'example_sensors' retrieved from /home/airflow/.local/lib/python3.8/site-packages/airflow/example_dags/example_sensors.py
[2024-10-20T10:43:24.602+0000] {logging_mixin.py:188} INFO - [2024-10-20T10:43:24.601+0000] {dag.py:3047} INFO - Sync 1 DAGs
[2024-10-20T10:43:24.612+0000] {logging_mixin.py:188} INFO - [2024-10-20T10:43:24.612+0000] {dag.py:3834} INFO - Setting next_dagrun for example_sensors to None, run_after=None
[2024-10-20T10:43:24.634+0000] {processor.py:183} INFO - Processing /home/airflow/.local/lib/python3.8/site-packages/airflow/example_dags/example_sensors.py took 0.066 seconds
[2024-10-20T10:43:54.830+0000] {processor.py:161} INFO - Started process (PID=975) to work on /home/airflow/.local/lib/python3.8/site-packages/airflow/example_dags/example_sensors.py
[2024-10-20T10:43:54.831+0000] {processor.py:830} INFO - Processing file /home/airflow/.local/lib/python3.8/site-packages/airflow/example_dags/example_sensors.py for tasks to queue
[2024-10-20T10:43:54.832+0000] {logging_mixin.py:188} INFO - [2024-10-20T10:43:54.832+0000] {dagbag.py:540} INFO - Filling up the DagBag from /home/airflow/.local/lib/python3.8/site-packages/airflow/example_dags/example_sensors.py
[2024-10-20T10:43:54.840+0000] {processor.py:840} INFO - DAG(s) 'example_sensors' retrieved from /home/airflow/.local/lib/python3.8/site-packages/airflow/example_dags/example_sensors.py
[2024-10-20T10:43:54.869+0000] {logging_mixin.py:188} INFO - [2024-10-20T10:43:54.869+0000] {dag.py:3047} INFO - Sync 1 DAGs
[2024-10-20T10:43:54.880+0000] {logging_mixin.py:188} INFO - [2024-10-20T10:43:54.879+0000] {dag.py:3834} INFO - Setting next_dagrun for example_sensors to None, run_after=None
[2024-10-20T10:43:54.895+0000] {processor.py:183} INFO - Processing /home/airflow/.local/lib/python3.8/site-packages/airflow/example_dags/example_sensors.py took 0.068 seconds
[2024-10-20T10:44:25.003+0000] {processor.py:161} INFO - Started process (PID=1031) to work on /home/airflow/.local/lib/python3.8/site-packages/airflow/example_dags/example_sensors.py
[2024-10-20T10:44:25.004+0000] {processor.py:830} INFO - Processing file /home/airflow/.local/lib/python3.8/site-packages/airflow/example_dags/example_sensors.py for tasks to queue
[2024-10-20T10:44:25.005+0000] {logging_mixin.py:188} INFO - [2024-10-20T10:44:25.005+0000] {dagbag.py:540} INFO - Filling up the DagBag from /home/airflow/.local/lib/python3.8/site-packages/airflow/example_dags/example_sensors.py
[2024-10-20T10:44:25.011+0000] {processor.py:840} INFO - DAG(s) 'example_sensors' retrieved from /home/airflow/.local/lib/python3.8/site-packages/airflow/example_dags/example_sensors.py
[2024-10-20T10:44:25.037+0000] {logging_mixin.py:188} INFO - [2024-10-20T10:44:25.037+0000] {dag.py:3047} INFO - Sync 1 DAGs
[2024-10-20T10:44:25.046+0000] {logging_mixin.py:188} INFO - [2024-10-20T10:44:25.046+0000] {dag.py:3834} INFO - Setting next_dagrun for example_sensors to None, run_after=None
[2024-10-20T10:44:25.062+0000] {processor.py:183} INFO - Processing /home/airflow/.local/lib/python3.8/site-packages/airflow/example_dags/example_sensors.py took 0.061 seconds
[2024-10-20T10:44:55.266+0000] {processor.py:161} INFO - Started process (PID=1087) to work on /home/airflow/.local/lib/python3.8/site-packages/airflow/example_dags/example_sensors.py
[2024-10-20T10:44:55.267+0000] {processor.py:830} INFO - Processing file /home/airflow/.local/lib/python3.8/site-packages/airflow/example_dags/example_sensors.py for tasks to queue
[2024-10-20T10:44:55.268+0000] {logging_mixin.py:188} INFO - [2024-10-20T10:44:55.268+0000] {dagbag.py:540} INFO - Filling up the DagBag from /home/airflow/.local/lib/python3.8/site-packages/airflow/example_dags/example_sensors.py
[2024-10-20T10:44:55.275+0000] {processor.py:840} INFO - DAG(s) 'example_sensors' retrieved from /home/airflow/.local/lib/python3.8/site-packages/airflow/example_dags/example_sensors.py
[2024-10-20T10:44:55.297+0000] {logging_mixin.py:188} INFO - [2024-10-20T10:44:55.297+0000] {dag.py:3047} INFO - Sync 1 DAGs
[2024-10-20T10:44:55.306+0000] {logging_mixin.py:188} INFO - [2024-10-20T10:44:55.306+0000] {dag.py:3834} INFO - Setting next_dagrun for example_sensors to None, run_after=None
[2024-10-20T10:44:55.324+0000] {processor.py:183} INFO - Processing /home/airflow/.local/lib/python3.8/site-packages/airflow/example_dags/example_sensors.py took 0.061 seconds
[2024-10-20T10:45:25.510+0000] {processor.py:161} INFO - Started process (PID=1143) to work on /home/airflow/.local/lib/python3.8/site-packages/airflow/example_dags/example_sensors.py
[2024-10-20T10:45:25.515+0000] {processor.py:830} INFO - Processing file /home/airflow/.local/lib/python3.8/site-packages/airflow/example_dags/example_sensors.py for tasks to queue
[2024-10-20T10:45:25.516+0000] {logging_mixin.py:188} INFO - [2024-10-20T10:45:25.516+0000] {dagbag.py:540} INFO - Filling up the DagBag from /home/airflow/.local/lib/python3.8/site-packages/airflow/example_dags/example_sensors.py
[2024-10-20T10:45:25.523+0000] {processor.py:840} INFO - DAG(s) 'example_sensors' retrieved from /home/airflow/.local/lib/python3.8/site-packages/airflow/example_dags/example_sensors.py
[2024-10-20T10:45:25.545+0000] {logging_mixin.py:188} INFO - [2024-10-20T10:45:25.545+0000] {dag.py:3047} INFO - Sync 1 DAGs
[2024-10-20T10:45:25.553+0000] {logging_mixin.py:188} INFO - [2024-10-20T10:45:25.553+0000] {dag.py:3834} INFO - Setting next_dagrun for example_sensors to None, run_after=None
[2024-10-20T10:45:25.571+0000] {processor.py:183} INFO - Processing /home/airflow/.local/lib/python3.8/site-packages/airflow/example_dags/example_sensors.py took 0.065 seconds
[2024-10-20T10:45:55.822+0000] {processor.py:161} INFO - Started process (PID=1199) to work on /home/airflow/.local/lib/python3.8/site-packages/airflow/example_dags/example_sensors.py
[2024-10-20T10:45:55.822+0000] {processor.py:830} INFO - Processing file /home/airflow/.local/lib/python3.8/site-packages/airflow/example_dags/example_sensors.py for tasks to queue
[2024-10-20T10:45:55.824+0000] {logging_mixin.py:188} INFO - [2024-10-20T10:45:55.823+0000] {dagbag.py:540} INFO - Filling up the DagBag from /home/airflow/.local/lib/python3.8/site-packages/airflow/example_dags/example_sensors.py
[2024-10-20T10:45:55.830+0000] {processor.py:840} INFO - DAG(s) 'example_sensors' retrieved from /home/airflow/.local/lib/python3.8/site-packages/airflow/example_dags/example_sensors.py
[2024-10-20T10:45:55.855+0000] {logging_mixin.py:188} INFO - [2024-10-20T10:45:55.855+0000] {dag.py:3047} INFO - Sync 1 DAGs
[2024-10-20T10:45:55.864+0000] {logging_mixin.py:188} INFO - [2024-10-20T10:45:55.864+0000] {dag.py:3834} INFO - Setting next_dagrun for example_sensors to None, run_after=None
[2024-10-20T10:45:55.882+0000] {processor.py:183} INFO - Processing /home/airflow/.local/lib/python3.8/site-packages/airflow/example_dags/example_sensors.py took 0.063 seconds
[2024-10-20T10:46:25.942+0000] {processor.py:161} INFO - Started process (PID=1255) to work on /home/airflow/.local/lib/python3.8/site-packages/airflow/example_dags/example_sensors.py
[2024-10-20T10:46:25.943+0000] {processor.py:830} INFO - Processing file /home/airflow/.local/lib/python3.8/site-packages/airflow/example_dags/example_sensors.py for tasks to queue
[2024-10-20T10:46:25.944+0000] {logging_mixin.py:188} INFO - [2024-10-20T10:46:25.944+0000] {dagbag.py:540} INFO - Filling up the DagBag from /home/airflow/.local/lib/python3.8/site-packages/airflow/example_dags/example_sensors.py
[2024-10-20T10:46:25.951+0000] {processor.py:840} INFO - DAG(s) 'example_sensors' retrieved from /home/airflow/.local/lib/python3.8/site-packages/airflow/example_dags/example_sensors.py
[2024-10-20T10:46:25.974+0000] {logging_mixin.py:188} INFO - [2024-10-20T10:46:25.974+0000] {dag.py:3047} INFO - Sync 1 DAGs
[2024-10-20T10:46:25.984+0000] {logging_mixin.py:188} INFO - [2024-10-20T10:46:25.984+0000] {dag.py:3834} INFO - Setting next_dagrun for example_sensors to None, run_after=None
[2024-10-20T10:46:26.000+0000] {processor.py:183} INFO - Processing /home/airflow/.local/lib/python3.8/site-packages/airflow/example_dags/example_sensors.py took 0.061 seconds
[2024-10-20T10:46:56.326+0000] {processor.py:161} INFO - Started process (PID=1311) to work on /home/airflow/.local/lib/python3.8/site-packages/airflow/example_dags/example_sensors.py
[2024-10-20T10:46:56.329+0000] {processor.py:830} INFO - Processing file /home/airflow/.local/lib/python3.8/site-packages/airflow/example_dags/example_sensors.py for tasks to queue
[2024-10-20T10:46:56.331+0000] {logging_mixin.py:188} INFO - [2024-10-20T10:46:56.331+0000] {dagbag.py:540} INFO - Filling up the DagBag from /home/airflow/.local/lib/python3.8/site-packages/airflow/example_dags/example_sensors.py
[2024-10-20T10:46:56.341+0000] {processor.py:840} INFO - DAG(s) 'example_sensors' retrieved from /home/airflow/.local/lib/python3.8/site-packages/airflow/example_dags/example_sensors.py
[2024-10-20T10:46:56.376+0000] {logging_mixin.py:188} INFO - [2024-10-20T10:46:56.375+0000] {dag.py:3047} INFO - Sync 1 DAGs
[2024-10-20T10:46:56.390+0000] {logging_mixin.py:188} INFO - [2024-10-20T10:46:56.390+0000] {dag.py:3834} INFO - Setting next_dagrun for example_sensors to None, run_after=None
[2024-10-20T10:46:56.413+0000] {processor.py:183} INFO - Processing /home/airflow/.local/lib/python3.8/site-packages/airflow/example_dags/example_sensors.py took 0.091 seconds
[2024-10-20T10:47:26.864+0000] {processor.py:161} INFO - Started process (PID=1367) to work on /home/airflow/.local/lib/python3.8/site-packages/airflow/example_dags/example_sensors.py
[2024-10-20T10:47:26.868+0000] {processor.py:830} INFO - Processing file /home/airflow/.local/lib/python3.8/site-packages/airflow/example_dags/example_sensors.py for tasks to queue
[2024-10-20T10:47:26.869+0000] {logging_mixin.py:188} INFO - [2024-10-20T10:47:26.869+0000] {dagbag.py:540} INFO - Filling up the DagBag from /home/airflow/.local/lib/python3.8/site-packages/airflow/example_dags/example_sensors.py
[2024-10-20T10:47:26.876+0000] {processor.py:840} INFO - DAG(s) 'example_sensors' retrieved from /home/airflow/.local/lib/python3.8/site-packages/airflow/example_dags/example_sensors.py
[2024-10-20T10:47:26.896+0000] {logging_mixin.py:188} INFO - [2024-10-20T10:47:26.896+0000] {dag.py:3047} INFO - Sync 1 DAGs
[2024-10-20T10:47:26.905+0000] {logging_mixin.py:188} INFO - [2024-10-20T10:47:26.905+0000] {dag.py:3834} INFO - Setting next_dagrun for example_sensors to None, run_after=None
[2024-10-20T10:47:26.924+0000] {processor.py:183} INFO - Processing /home/airflow/.local/lib/python3.8/site-packages/airflow/example_dags/example_sensors.py took 0.062 seconds
[2024-10-20T10:47:57.209+0000] {processor.py:161} INFO - Started process (PID=1423) to work on /home/airflow/.local/lib/python3.8/site-packages/airflow/example_dags/example_sensors.py
[2024-10-20T10:47:57.213+0000] {processor.py:830} INFO - Processing file /home/airflow/.local/lib/python3.8/site-packages/airflow/example_dags/example_sensors.py for tasks to queue
[2024-10-20T10:47:57.215+0000] {logging_mixin.py:188} INFO - [2024-10-20T10:47:57.214+0000] {dagbag.py:540} INFO - Filling up the DagBag from /home/airflow/.local/lib/python3.8/site-packages/airflow/example_dags/example_sensors.py
[2024-10-20T10:47:57.221+0000] {processor.py:840} INFO - DAG(s) 'example_sensors' retrieved from /home/airflow/.local/lib/python3.8/site-packages/airflow/example_dags/example_sensors.py
[2024-10-20T10:47:57.250+0000] {logging_mixin.py:188} INFO - [2024-10-20T10:47:57.250+0000] {dag.py:3047} INFO - Sync 1 DAGs
[2024-10-20T10:47:57.262+0000] {logging_mixin.py:188} INFO - [2024-10-20T10:47:57.262+0000] {dag.py:3834} INFO - Setting next_dagrun for example_sensors to None, run_after=None
[2024-10-20T10:47:57.283+0000] {processor.py:183} INFO - Processing /home/airflow/.local/lib/python3.8/site-packages/airflow/example_dags/example_sensors.py took 0.077 seconds
[2024-10-20T10:48:27.468+0000] {processor.py:161} INFO - Started process (PID=1479) to work on /home/airflow/.local/lib/python3.8/site-packages/airflow/example_dags/example_sensors.py
[2024-10-20T10:48:27.469+0000] {processor.py:830} INFO - Processing file /home/airflow/.local/lib/python3.8/site-packages/airflow/example_dags/example_sensors.py for tasks to queue
[2024-10-20T10:48:27.471+0000] {logging_mixin.py:188} INFO - [2024-10-20T10:48:27.471+0000] {dagbag.py:540} INFO - Filling up the DagBag from /home/airflow/.local/lib/python3.8/site-packages/airflow/example_dags/example_sensors.py
[2024-10-20T10:48:27.477+0000] {processor.py:840} INFO - DAG(s) 'example_sensors' retrieved from /home/airflow/.local/lib/python3.8/site-packages/airflow/example_dags/example_sensors.py
[2024-10-20T10:48:27.501+0000] {logging_mixin.py:188} INFO - [2024-10-20T10:48:27.501+0000] {dag.py:3047} INFO - Sync 1 DAGs
[2024-10-20T10:48:27.510+0000] {logging_mixin.py:188} INFO - [2024-10-20T10:48:27.509+0000] {dag.py:3834} INFO - Setting next_dagrun for example_sensors to None, run_after=None
[2024-10-20T10:48:27.528+0000] {processor.py:183} INFO - Processing /home/airflow/.local/lib/python3.8/site-packages/airflow/example_dags/example_sensors.py took 0.063 seconds
[2024-10-20T10:48:57.727+0000] {processor.py:161} INFO - Started process (PID=1535) to work on /home/airflow/.local/lib/python3.8/site-packages/airflow/example_dags/example_sensors.py
[2024-10-20T10:48:57.730+0000] {processor.py:830} INFO - Processing file /home/airflow/.local/lib/python3.8/site-packages/airflow/example_dags/example_sensors.py for tasks to queue
[2024-10-20T10:48:57.732+0000] {logging_mixin.py:188} INFO - [2024-10-20T10:48:57.731+0000] {dagbag.py:540} INFO - Filling up the DagBag from /home/airflow/.local/lib/python3.8/site-packages/airflow/example_dags/example_sensors.py
[2024-10-20T10:48:57.739+0000] {processor.py:840} INFO - DAG(s) 'example_sensors' retrieved from /home/airflow/.local/lib/python3.8/site-packages/airflow/example_dags/example_sensors.py
[2024-10-20T10:48:57.765+0000] {logging_mixin.py:188} INFO - [2024-10-20T10:48:57.765+0000] {dag.py:3047} INFO - Sync 1 DAGs
[2024-10-20T10:48:57.776+0000] {logging_mixin.py:188} INFO - [2024-10-20T10:48:57.776+0000] {dag.py:3834} INFO - Setting next_dagrun for example_sensors to None, run_after=None
[2024-10-20T10:48:57.791+0000] {processor.py:183} INFO - Processing /home/airflow/.local/lib/python3.8/site-packages/airflow/example_dags/example_sensors.py took 0.067 seconds
[2024-10-20T10:49:28.095+0000] {processor.py:161} INFO - Started process (PID=1591) to work on /home/airflow/.local/lib/python3.8/site-packages/airflow/example_dags/example_sensors.py
[2024-10-20T10:49:28.096+0000] {processor.py:830} INFO - Processing file /home/airflow/.local/lib/python3.8/site-packages/airflow/example_dags/example_sensors.py for tasks to queue
[2024-10-20T10:49:28.097+0000] {logging_mixin.py:188} INFO - [2024-10-20T10:49:28.097+0000] {dagbag.py:540} INFO - Filling up the DagBag from /home/airflow/.local/lib/python3.8/site-packages/airflow/example_dags/example_sensors.py
[2024-10-20T10:49:28.106+0000] {processor.py:840} INFO - DAG(s) 'example_sensors' retrieved from /home/airflow/.local/lib/python3.8/site-packages/airflow/example_dags/example_sensors.py
[2024-10-20T10:49:28.129+0000] {logging_mixin.py:188} INFO - [2024-10-20T10:49:28.129+0000] {dag.py:3047} INFO - Sync 1 DAGs
[2024-10-20T10:49:28.137+0000] {logging_mixin.py:188} INFO - [2024-10-20T10:49:28.137+0000] {dag.py:3834} INFO - Setting next_dagrun for example_sensors to None, run_after=None
[2024-10-20T10:49:28.150+0000] {processor.py:183} INFO - Processing /home/airflow/.local/lib/python3.8/site-packages/airflow/example_dags/example_sensors.py took 0.058 seconds
[2024-10-20T10:49:58.622+0000] {processor.py:161} INFO - Started process (PID=1647) to work on /home/airflow/.local/lib/python3.8/site-packages/airflow/example_dags/example_sensors.py
[2024-10-20T10:49:58.624+0000] {processor.py:830} INFO - Processing file /home/airflow/.local/lib/python3.8/site-packages/airflow/example_dags/example_sensors.py for tasks to queue
[2024-10-20T10:49:58.625+0000] {logging_mixin.py:188} INFO - [2024-10-20T10:49:58.625+0000] {dagbag.py:540} INFO - Filling up the DagBag from /home/airflow/.local/lib/python3.8/site-packages/airflow/example_dags/example_sensors.py
[2024-10-20T10:49:58.632+0000] {processor.py:840} INFO - DAG(s) 'example_sensors' retrieved from /home/airflow/.local/lib/python3.8/site-packages/airflow/example_dags/example_sensors.py
[2024-10-20T10:49:58.655+0000] {logging_mixin.py:188} INFO - [2024-10-20T10:49:58.655+0000] {dag.py:3047} INFO - Sync 1 DAGs
[2024-10-20T10:49:58.663+0000] {logging_mixin.py:188} INFO - [2024-10-20T10:49:58.663+0000] {dag.py:3834} INFO - Setting next_dagrun for example_sensors to None, run_after=None
[2024-10-20T10:49:58.681+0000] {processor.py:183} INFO - Processing /home/airflow/.local/lib/python3.8/site-packages/airflow/example_dags/example_sensors.py took 0.061 seconds
[2024-10-20T10:50:28.747+0000] {processor.py:161} INFO - Started process (PID=1703) to work on /home/airflow/.local/lib/python3.8/site-packages/airflow/example_dags/example_sensors.py
[2024-10-20T10:50:28.748+0000] {processor.py:830} INFO - Processing file /home/airflow/.local/lib/python3.8/site-packages/airflow/example_dags/example_sensors.py for tasks to queue
[2024-10-20T10:50:28.751+0000] {logging_mixin.py:188} INFO - [2024-10-20T10:50:28.751+0000] {dagbag.py:540} INFO - Filling up the DagBag from /home/airflow/.local/lib/python3.8/site-packages/airflow/example_dags/example_sensors.py
[2024-10-20T10:50:28.758+0000] {processor.py:840} INFO - DAG(s) 'example_sensors' retrieved from /home/airflow/.local/lib/python3.8/site-packages/airflow/example_dags/example_sensors.py
[2024-10-20T10:50:28.777+0000] {logging_mixin.py:188} INFO - [2024-10-20T10:50:28.777+0000] {dag.py:3047} INFO - Sync 1 DAGs
[2024-10-20T10:50:28.788+0000] {logging_mixin.py:188} INFO - [2024-10-20T10:50:28.788+0000] {dag.py:3834} INFO - Setting next_dagrun for example_sensors to None, run_after=None
[2024-10-20T10:50:28.802+0000] {processor.py:183} INFO - Processing /home/airflow/.local/lib/python3.8/site-packages/airflow/example_dags/example_sensors.py took 0.057 seconds
[2024-10-20T10:50:58.847+0000] {processor.py:161} INFO - Started process (PID=1759) to work on /home/airflow/.local/lib/python3.8/site-packages/airflow/example_dags/example_sensors.py
[2024-10-20T10:50:58.848+0000] {processor.py:830} INFO - Processing file /home/airflow/.local/lib/python3.8/site-packages/airflow/example_dags/example_sensors.py for tasks to queue
[2024-10-20T10:50:58.850+0000] {logging_mixin.py:188} INFO - [2024-10-20T10:50:58.850+0000] {dagbag.py:540} INFO - Filling up the DagBag from /home/airflow/.local/lib/python3.8/site-packages/airflow/example_dags/example_sensors.py
[2024-10-20T10:50:58.856+0000] {processor.py:840} INFO - DAG(s) 'example_sensors' retrieved from /home/airflow/.local/lib/python3.8/site-packages/airflow/example_dags/example_sensors.py
[2024-10-20T10:50:58.876+0000] {logging_mixin.py:188} INFO - [2024-10-20T10:50:58.876+0000] {dag.py:3047} INFO - Sync 1 DAGs
[2024-10-20T10:50:58.884+0000] {logging_mixin.py:188} INFO - [2024-10-20T10:50:58.884+0000] {dag.py:3834} INFO - Setting next_dagrun for example_sensors to None, run_after=None
[2024-10-20T10:50:58.899+0000] {processor.py:183} INFO - Processing /home/airflow/.local/lib/python3.8/site-packages/airflow/example_dags/example_sensors.py took 0.055 seconds
[2024-10-20T10:51:28.956+0000] {processor.py:161} INFO - Started process (PID=1815) to work on /home/airflow/.local/lib/python3.8/site-packages/airflow/example_dags/example_sensors.py
[2024-10-20T10:51:28.957+0000] {processor.py:830} INFO - Processing file /home/airflow/.local/lib/python3.8/site-packages/airflow/example_dags/example_sensors.py for tasks to queue
[2024-10-20T10:51:28.959+0000] {logging_mixin.py:188} INFO - [2024-10-20T10:51:28.958+0000] {dagbag.py:540} INFO - Filling up the DagBag from /home/airflow/.local/lib/python3.8/site-packages/airflow/example_dags/example_sensors.py
[2024-10-20T10:51:28.964+0000] {processor.py:840} INFO - DAG(s) 'example_sensors' retrieved from /home/airflow/.local/lib/python3.8/site-packages/airflow/example_dags/example_sensors.py
[2024-10-20T10:51:28.984+0000] {logging_mixin.py:188} INFO - [2024-10-20T10:51:28.984+0000] {dag.py:3047} INFO - Sync 1 DAGs
[2024-10-20T10:51:28.992+0000] {logging_mixin.py:188} INFO - [2024-10-20T10:51:28.992+0000] {dag.py:3834} INFO - Setting next_dagrun for example_sensors to None, run_after=None
[2024-10-20T10:51:29.006+0000] {processor.py:183} INFO - Processing /home/airflow/.local/lib/python3.8/site-packages/airflow/example_dags/example_sensors.py took 0.052 seconds
[2024-10-20T10:51:59.301+0000] {processor.py:161} INFO - Started process (PID=1871) to work on /home/airflow/.local/lib/python3.8/site-packages/airflow/example_dags/example_sensors.py
[2024-10-20T10:51:59.302+0000] {processor.py:830} INFO - Processing file /home/airflow/.local/lib/python3.8/site-packages/airflow/example_dags/example_sensors.py for tasks to queue
[2024-10-20T10:51:59.303+0000] {logging_mixin.py:188} INFO - [2024-10-20T10:51:59.303+0000] {dagbag.py:540} INFO - Filling up the DagBag from /home/airflow/.local/lib/python3.8/site-packages/airflow/example_dags/example_sensors.py
[2024-10-20T10:51:59.309+0000] {processor.py:840} INFO - DAG(s) 'example_sensors' retrieved from /home/airflow/.local/lib/python3.8/site-packages/airflow/example_dags/example_sensors.py
[2024-10-20T10:51:59.331+0000] {logging_mixin.py:188} INFO - [2024-10-20T10:51:59.331+0000] {dag.py:3047} INFO - Sync 1 DAGs
[2024-10-20T10:51:59.340+0000] {logging_mixin.py:188} INFO - [2024-10-20T10:51:59.340+0000] {dag.py:3834} INFO - Setting next_dagrun for example_sensors to None, run_after=None
[2024-10-20T10:51:59.356+0000] {processor.py:183} INFO - Processing /home/airflow/.local/lib/python3.8/site-packages/airflow/example_dags/example_sensors.py took 0.058 seconds
[2024-10-20T10:52:29.413+0000] {processor.py:161} INFO - Started process (PID=1926) to work on /home/airflow/.local/lib/python3.8/site-packages/airflow/example_dags/example_sensors.py
[2024-10-20T10:52:29.417+0000] {processor.py:830} INFO - Processing file /home/airflow/.local/lib/python3.8/site-packages/airflow/example_dags/example_sensors.py for tasks to queue
[2024-10-20T10:52:29.418+0000] {logging_mixin.py:188} INFO - [2024-10-20T10:52:29.418+0000] {dagbag.py:540} INFO - Filling up the DagBag from /home/airflow/.local/lib/python3.8/site-packages/airflow/example_dags/example_sensors.py
[2024-10-20T10:52:29.424+0000] {processor.py:840} INFO - DAG(s) 'example_sensors' retrieved from /home/airflow/.local/lib/python3.8/site-packages/airflow/example_dags/example_sensors.py
[2024-10-20T10:52:29.444+0000] {logging_mixin.py:188} INFO - [2024-10-20T10:52:29.444+0000] {dag.py:3047} INFO - Sync 1 DAGs
[2024-10-20T10:52:29.453+0000] {logging_mixin.py:188} INFO - [2024-10-20T10:52:29.453+0000] {dag.py:3834} INFO - Setting next_dagrun for example_sensors to None, run_after=None
[2024-10-20T10:52:29.467+0000] {processor.py:183} INFO - Processing /home/airflow/.local/lib/python3.8/site-packages/airflow/example_dags/example_sensors.py took 0.056 seconds
[2024-10-20T10:52:59.516+0000] {processor.py:161} INFO - Started process (PID=1982) to work on /home/airflow/.local/lib/python3.8/site-packages/airflow/example_dags/example_sensors.py
[2024-10-20T10:52:59.517+0000] {processor.py:830} INFO - Processing file /home/airflow/.local/lib/python3.8/site-packages/airflow/example_dags/example_sensors.py for tasks to queue
[2024-10-20T10:52:59.518+0000] {logging_mixin.py:188} INFO - [2024-10-20T10:52:59.518+0000] {dagbag.py:540} INFO - Filling up the DagBag from /home/airflow/.local/lib/python3.8/site-packages/airflow/example_dags/example_sensors.py
[2024-10-20T10:52:59.524+0000] {processor.py:840} INFO - DAG(s) 'example_sensors' retrieved from /home/airflow/.local/lib/python3.8/site-packages/airflow/example_dags/example_sensors.py
[2024-10-20T10:52:59.542+0000] {logging_mixin.py:188} INFO - [2024-10-20T10:52:59.542+0000] {dag.py:3047} INFO - Sync 1 DAGs
[2024-10-20T10:52:59.551+0000] {logging_mixin.py:188} INFO - [2024-10-20T10:52:59.551+0000] {dag.py:3834} INFO - Setting next_dagrun for example_sensors to None, run_after=None
[2024-10-20T10:52:59.564+0000] {processor.py:183} INFO - Processing /home/airflow/.local/lib/python3.8/site-packages/airflow/example_dags/example_sensors.py took 0.051 seconds
[2024-10-20T10:53:29.658+0000] {processor.py:161} INFO - Started process (PID=2038) to work on /home/airflow/.local/lib/python3.8/site-packages/airflow/example_dags/example_sensors.py
[2024-10-20T10:53:29.659+0000] {processor.py:830} INFO - Processing file /home/airflow/.local/lib/python3.8/site-packages/airflow/example_dags/example_sensors.py for tasks to queue
[2024-10-20T10:53:29.660+0000] {logging_mixin.py:188} INFO - [2024-10-20T10:53:29.660+0000] {dagbag.py:540} INFO - Filling up the DagBag from /home/airflow/.local/lib/python3.8/site-packages/airflow/example_dags/example_sensors.py
[2024-10-20T10:53:29.666+0000] {processor.py:840} INFO - DAG(s) 'example_sensors' retrieved from /home/airflow/.local/lib/python3.8/site-packages/airflow/example_dags/example_sensors.py
[2024-10-20T10:53:29.682+0000] {logging_mixin.py:188} INFO - [2024-10-20T10:53:29.682+0000] {dag.py:3047} INFO - Sync 1 DAGs
[2024-10-20T10:53:29.690+0000] {logging_mixin.py:188} INFO - [2024-10-20T10:53:29.690+0000] {dag.py:3834} INFO - Setting next_dagrun for example_sensors to None, run_after=None
[2024-10-20T10:53:29.703+0000] {processor.py:183} INFO - Processing /home/airflow/.local/lib/python3.8/site-packages/airflow/example_dags/example_sensors.py took 0.048 seconds
[2024-10-20T10:53:59.811+0000] {processor.py:161} INFO - Started process (PID=2094) to work on /home/airflow/.local/lib/python3.8/site-packages/airflow/example_dags/example_sensors.py
[2024-10-20T10:53:59.812+0000] {processor.py:830} INFO - Processing file /home/airflow/.local/lib/python3.8/site-packages/airflow/example_dags/example_sensors.py for tasks to queue
[2024-10-20T10:53:59.815+0000] {logging_mixin.py:188} INFO - [2024-10-20T10:53:59.814+0000] {dagbag.py:540} INFO - Filling up the DagBag from /home/airflow/.local/lib/python3.8/site-packages/airflow/example_dags/example_sensors.py
[2024-10-20T10:53:59.822+0000] {processor.py:840} INFO - DAG(s) 'example_sensors' retrieved from /home/airflow/.local/lib/python3.8/site-packages/airflow/example_dags/example_sensors.py
[2024-10-20T10:53:59.838+0000] {logging_mixin.py:188} INFO - [2024-10-20T10:53:59.838+0000] {dag.py:3047} INFO - Sync 1 DAGs
[2024-10-20T10:53:59.846+0000] {logging_mixin.py:188} INFO - [2024-10-20T10:53:59.845+0000] {dag.py:3834} INFO - Setting next_dagrun for example_sensors to None, run_after=None
[2024-10-20T10:53:59.857+0000] {processor.py:183} INFO - Processing /home/airflow/.local/lib/python3.8/site-packages/airflow/example_dags/example_sensors.py took 0.048 seconds
[2024-10-20T10:54:30.058+0000] {processor.py:161} INFO - Started process (PID=2150) to work on /home/airflow/.local/lib/python3.8/site-packages/airflow/example_dags/example_sensors.py
[2024-10-20T10:54:30.059+0000] {processor.py:830} INFO - Processing file /home/airflow/.local/lib/python3.8/site-packages/airflow/example_dags/example_sensors.py for tasks to queue
[2024-10-20T10:54:30.061+0000] {logging_mixin.py:188} INFO - [2024-10-20T10:54:30.060+0000] {dagbag.py:540} INFO - Filling up the DagBag from /home/airflow/.local/lib/python3.8/site-packages/airflow/example_dags/example_sensors.py
[2024-10-20T10:54:30.067+0000] {processor.py:840} INFO - DAG(s) 'example_sensors' retrieved from /home/airflow/.local/lib/python3.8/site-packages/airflow/example_dags/example_sensors.py
[2024-10-20T10:54:30.084+0000] {logging_mixin.py:188} INFO - [2024-10-20T10:54:30.083+0000] {dag.py:3047} INFO - Sync 1 DAGs
[2024-10-20T10:54:30.093+0000] {logging_mixin.py:188} INFO - [2024-10-20T10:54:30.093+0000] {dag.py:3834} INFO - Setting next_dagrun for example_sensors to None, run_after=None
[2024-10-20T10:54:30.110+0000] {processor.py:183} INFO - Processing /home/airflow/.local/lib/python3.8/site-packages/airflow/example_dags/example_sensors.py took 0.054 seconds
[2024-10-20T10:55:00.392+0000] {processor.py:161} INFO - Started process (PID=2206) to work on /home/airflow/.local/lib/python3.8/site-packages/airflow/example_dags/example_sensors.py
[2024-10-20T10:55:00.394+0000] {processor.py:830} INFO - Processing file /home/airflow/.local/lib/python3.8/site-packages/airflow/example_dags/example_sensors.py for tasks to queue
[2024-10-20T10:55:00.395+0000] {logging_mixin.py:188} INFO - [2024-10-20T10:55:00.395+0000] {dagbag.py:540} INFO - Filling up the DagBag from /home/airflow/.local/lib/python3.8/site-packages/airflow/example_dags/example_sensors.py
[2024-10-20T10:55:00.402+0000] {processor.py:840} INFO - DAG(s) 'example_sensors' retrieved from /home/airflow/.local/lib/python3.8/site-packages/airflow/example_dags/example_sensors.py
[2024-10-20T10:55:00.420+0000] {logging_mixin.py:188} INFO - [2024-10-20T10:55:00.420+0000] {dag.py:3047} INFO - Sync 1 DAGs
[2024-10-20T10:55:00.430+0000] {logging_mixin.py:188} INFO - [2024-10-20T10:55:00.429+0000] {dag.py:3834} INFO - Setting next_dagrun for example_sensors to None, run_after=None
[2024-10-20T10:55:00.443+0000] {processor.py:183} INFO - Processing /home/airflow/.local/lib/python3.8/site-packages/airflow/example_dags/example_sensors.py took 0.054 seconds
[2024-10-20T10:55:31.181+0000] {processor.py:161} INFO - Started process (PID=2261) to work on /home/airflow/.local/lib/python3.8/site-packages/airflow/example_dags/example_sensors.py
[2024-10-20T10:55:31.184+0000] {processor.py:830} INFO - Processing file /home/airflow/.local/lib/python3.8/site-packages/airflow/example_dags/example_sensors.py for tasks to queue
[2024-10-20T10:55:31.186+0000] {logging_mixin.py:188} INFO - [2024-10-20T10:55:31.186+0000] {dagbag.py:540} INFO - Filling up the DagBag from /home/airflow/.local/lib/python3.8/site-packages/airflow/example_dags/example_sensors.py
[2024-10-20T10:55:31.194+0000] {processor.py:840} INFO - DAG(s) 'example_sensors' retrieved from /home/airflow/.local/lib/python3.8/site-packages/airflow/example_dags/example_sensors.py
[2024-10-20T10:55:31.223+0000] {logging_mixin.py:188} INFO - [2024-10-20T10:55:31.222+0000] {dag.py:3047} INFO - Sync 1 DAGs
[2024-10-20T10:55:31.241+0000] {logging_mixin.py:188} INFO - [2024-10-20T10:55:31.241+0000] {dag.py:3834} INFO - Setting next_dagrun for example_sensors to None, run_after=None
[2024-10-20T10:55:31.271+0000] {processor.py:183} INFO - Processing /home/airflow/.local/lib/python3.8/site-packages/airflow/example_dags/example_sensors.py took 0.093 seconds
[2024-10-20T10:56:01.426+0000] {processor.py:161} INFO - Started process (PID=2317) to work on /home/airflow/.local/lib/python3.8/site-packages/airflow/example_dags/example_sensors.py
[2024-10-20T10:56:01.428+0000] {processor.py:830} INFO - Processing file /home/airflow/.local/lib/python3.8/site-packages/airflow/example_dags/example_sensors.py for tasks to queue
[2024-10-20T10:56:01.429+0000] {logging_mixin.py:188} INFO - [2024-10-20T10:56:01.429+0000] {dagbag.py:540} INFO - Filling up the DagBag from /home/airflow/.local/lib/python3.8/site-packages/airflow/example_dags/example_sensors.py
[2024-10-20T10:56:01.435+0000] {processor.py:840} INFO - DAG(s) 'example_sensors' retrieved from /home/airflow/.local/lib/python3.8/site-packages/airflow/example_dags/example_sensors.py
[2024-10-20T10:56:01.460+0000] {logging_mixin.py:188} INFO - [2024-10-20T10:56:01.460+0000] {dag.py:3047} INFO - Sync 1 DAGs
[2024-10-20T10:56:01.469+0000] {logging_mixin.py:188} INFO - [2024-10-20T10:56:01.469+0000] {dag.py:3834} INFO - Setting next_dagrun for example_sensors to None, run_after=None
[2024-10-20T10:56:01.482+0000] {processor.py:183} INFO - Processing /home/airflow/.local/lib/python3.8/site-packages/airflow/example_dags/example_sensors.py took 0.059 seconds
[2024-10-20T10:56:31.797+0000] {processor.py:161} INFO - Started process (PID=2373) to work on /home/airflow/.local/lib/python3.8/site-packages/airflow/example_dags/example_sensors.py
[2024-10-20T10:56:31.798+0000] {processor.py:830} INFO - Processing file /home/airflow/.local/lib/python3.8/site-packages/airflow/example_dags/example_sensors.py for tasks to queue
[2024-10-20T10:56:31.799+0000] {logging_mixin.py:188} INFO - [2024-10-20T10:56:31.799+0000] {dagbag.py:540} INFO - Filling up the DagBag from /home/airflow/.local/lib/python3.8/site-packages/airflow/example_dags/example_sensors.py
[2024-10-20T10:56:31.806+0000] {processor.py:840} INFO - DAG(s) 'example_sensors' retrieved from /home/airflow/.local/lib/python3.8/site-packages/airflow/example_dags/example_sensors.py
[2024-10-20T10:56:31.824+0000] {logging_mixin.py:188} INFO - [2024-10-20T10:56:31.824+0000] {dag.py:3047} INFO - Sync 1 DAGs
[2024-10-20T10:56:31.836+0000] {logging_mixin.py:188} INFO - [2024-10-20T10:56:31.836+0000] {dag.py:3834} INFO - Setting next_dagrun for example_sensors to None, run_after=None
[2024-10-20T10:56:31.851+0000] {processor.py:183} INFO - Processing /home/airflow/.local/lib/python3.8/site-packages/airflow/example_dags/example_sensors.py took 0.057 seconds
[2024-10-20T10:57:02.173+0000] {processor.py:161} INFO - Started process (PID=2429) to work on /home/airflow/.local/lib/python3.8/site-packages/airflow/example_dags/example_sensors.py
[2024-10-20T10:57:02.175+0000] {processor.py:830} INFO - Processing file /home/airflow/.local/lib/python3.8/site-packages/airflow/example_dags/example_sensors.py for tasks to queue
[2024-10-20T10:57:02.177+0000] {logging_mixin.py:188} INFO - [2024-10-20T10:57:02.177+0000] {dagbag.py:540} INFO - Filling up the DagBag from /home/airflow/.local/lib/python3.8/site-packages/airflow/example_dags/example_sensors.py
[2024-10-20T10:57:02.185+0000] {processor.py:840} INFO - DAG(s) 'example_sensors' retrieved from /home/airflow/.local/lib/python3.8/site-packages/airflow/example_dags/example_sensors.py
[2024-10-20T10:57:02.209+0000] {logging_mixin.py:188} INFO - [2024-10-20T10:57:02.209+0000] {dag.py:3047} INFO - Sync 1 DAGs
[2024-10-20T10:57:02.222+0000] {logging_mixin.py:188} INFO - [2024-10-20T10:57:02.222+0000] {dag.py:3834} INFO - Setting next_dagrun for example_sensors to None, run_after=None
[2024-10-20T10:57:02.242+0000] {processor.py:183} INFO - Processing /home/airflow/.local/lib/python3.8/site-packages/airflow/example_dags/example_sensors.py took 0.071 seconds
[2024-10-20T10:57:32.601+0000] {processor.py:161} INFO - Started process (PID=2485) to work on /home/airflow/.local/lib/python3.8/site-packages/airflow/example_dags/example_sensors.py
[2024-10-20T10:57:32.604+0000] {processor.py:830} INFO - Processing file /home/airflow/.local/lib/python3.8/site-packages/airflow/example_dags/example_sensors.py for tasks to queue
[2024-10-20T10:57:32.605+0000] {logging_mixin.py:188} INFO - [2024-10-20T10:57:32.605+0000] {dagbag.py:540} INFO - Filling up the DagBag from /home/airflow/.local/lib/python3.8/site-packages/airflow/example_dags/example_sensors.py
[2024-10-20T10:57:32.611+0000] {processor.py:840} INFO - DAG(s) 'example_sensors' retrieved from /home/airflow/.local/lib/python3.8/site-packages/airflow/example_dags/example_sensors.py
[2024-10-20T10:57:32.628+0000] {logging_mixin.py:188} INFO - [2024-10-20T10:57:32.627+0000] {dag.py:3047} INFO - Sync 1 DAGs
[2024-10-20T10:57:32.636+0000] {logging_mixin.py:188} INFO - [2024-10-20T10:57:32.636+0000] {dag.py:3834} INFO - Setting next_dagrun for example_sensors to None, run_after=None
[2024-10-20T10:57:32.647+0000] {processor.py:183} INFO - Processing /home/airflow/.local/lib/python3.8/site-packages/airflow/example_dags/example_sensors.py took 0.049 seconds
[2024-10-20T10:58:03.180+0000] {processor.py:161} INFO - Started process (PID=2539) to work on /home/airflow/.local/lib/python3.8/site-packages/airflow/example_dags/example_sensors.py
[2024-10-20T10:58:03.182+0000] {processor.py:830} INFO - Processing file /home/airflow/.local/lib/python3.8/site-packages/airflow/example_dags/example_sensors.py for tasks to queue
[2024-10-20T10:58:03.183+0000] {logging_mixin.py:188} INFO - [2024-10-20T10:58:03.183+0000] {dagbag.py:540} INFO - Filling up the DagBag from /home/airflow/.local/lib/python3.8/site-packages/airflow/example_dags/example_sensors.py
[2024-10-20T10:58:03.191+0000] {processor.py:840} INFO - DAG(s) 'example_sensors' retrieved from /home/airflow/.local/lib/python3.8/site-packages/airflow/example_dags/example_sensors.py
[2024-10-20T10:58:03.215+0000] {logging_mixin.py:188} INFO - [2024-10-20T10:58:03.215+0000] {dag.py:3047} INFO - Sync 1 DAGs
[2024-10-20T10:58:03.223+0000] {logging_mixin.py:188} INFO - [2024-10-20T10:58:03.223+0000] {dag.py:3834} INFO - Setting next_dagrun for example_sensors to None, run_after=None
[2024-10-20T10:58:03.238+0000] {processor.py:183} INFO - Processing /home/airflow/.local/lib/python3.8/site-packages/airflow/example_dags/example_sensors.py took 0.060 seconds
[2024-10-20T10:58:34.187+0000] {processor.py:161} INFO - Started process (PID=2595) to work on /home/airflow/.local/lib/python3.8/site-packages/airflow/example_dags/example_sensors.py
[2024-10-20T10:58:34.190+0000] {processor.py:830} INFO - Processing file /home/airflow/.local/lib/python3.8/site-packages/airflow/example_dags/example_sensors.py for tasks to queue
[2024-10-20T10:58:34.191+0000] {logging_mixin.py:188} INFO - [2024-10-20T10:58:34.191+0000] {dagbag.py:540} INFO - Filling up the DagBag from /home/airflow/.local/lib/python3.8/site-packages/airflow/example_dags/example_sensors.py
[2024-10-20T10:58:34.201+0000] {processor.py:840} INFO - DAG(s) 'example_sensors' retrieved from /home/airflow/.local/lib/python3.8/site-packages/airflow/example_dags/example_sensors.py
[2024-10-20T10:58:34.229+0000] {logging_mixin.py:188} INFO - [2024-10-20T10:58:34.229+0000] {dag.py:3047} INFO - Sync 1 DAGs
[2024-10-20T10:58:34.243+0000] {logging_mixin.py:188} INFO - [2024-10-20T10:58:34.242+0000] {dag.py:3834} INFO - Setting next_dagrun for example_sensors to None, run_after=None
[2024-10-20T10:58:34.276+0000] {processor.py:183} INFO - Processing /home/airflow/.local/lib/python3.8/site-packages/airflow/example_dags/example_sensors.py took 0.092 seconds
[2024-10-20T10:59:04.756+0000] {processor.py:161} INFO - Started process (PID=2651) to work on /home/airflow/.local/lib/python3.8/site-packages/airflow/example_dags/example_sensors.py
[2024-10-20T10:59:04.757+0000] {processor.py:830} INFO - Processing file /home/airflow/.local/lib/python3.8/site-packages/airflow/example_dags/example_sensors.py for tasks to queue
[2024-10-20T10:59:04.758+0000] {logging_mixin.py:188} INFO - [2024-10-20T10:59:04.758+0000] {dagbag.py:540} INFO - Filling up the DagBag from /home/airflow/.local/lib/python3.8/site-packages/airflow/example_dags/example_sensors.py
[2024-10-20T10:59:04.764+0000] {processor.py:840} INFO - DAG(s) 'example_sensors' retrieved from /home/airflow/.local/lib/python3.8/site-packages/airflow/example_dags/example_sensors.py
[2024-10-20T10:59:04.785+0000] {logging_mixin.py:188} INFO - [2024-10-20T10:59:04.785+0000] {dag.py:3047} INFO - Sync 1 DAGs
[2024-10-20T10:59:04.794+0000] {logging_mixin.py:188} INFO - [2024-10-20T10:59:04.794+0000] {dag.py:3834} INFO - Setting next_dagrun for example_sensors to None, run_after=None
[2024-10-20T10:59:04.807+0000] {processor.py:183} INFO - Processing /home/airflow/.local/lib/python3.8/site-packages/airflow/example_dags/example_sensors.py took 0.053 seconds
[2024-10-20T10:59:35.718+0000] {processor.py:161} INFO - Started process (PID=2707) to work on /home/airflow/.local/lib/python3.8/site-packages/airflow/example_dags/example_sensors.py
[2024-10-20T10:59:35.721+0000] {processor.py:830} INFO - Processing file /home/airflow/.local/lib/python3.8/site-packages/airflow/example_dags/example_sensors.py for tasks to queue
[2024-10-20T10:59:35.735+0000] {logging_mixin.py:188} INFO - [2024-10-20T10:59:35.734+0000] {dagbag.py:540} INFO - Filling up the DagBag from /home/airflow/.local/lib/python3.8/site-packages/airflow/example_dags/example_sensors.py
[2024-10-20T10:59:35.832+0000] {processor.py:840} INFO - DAG(s) 'example_sensors' retrieved from /home/airflow/.local/lib/python3.8/site-packages/airflow/example_dags/example_sensors.py
[2024-10-20T10:59:35.918+0000] {logging_mixin.py:188} INFO - [2024-10-20T10:59:35.917+0000] {dag.py:3047} INFO - Sync 1 DAGs
[2024-10-20T10:59:35.939+0000] {logging_mixin.py:188} INFO - [2024-10-20T10:59:35.939+0000] {dag.py:3834} INFO - Setting next_dagrun for example_sensors to None, run_after=None
[2024-10-20T10:59:35.987+0000] {processor.py:183} INFO - Processing /home/airflow/.local/lib/python3.8/site-packages/airflow/example_dags/example_sensors.py took 0.279 seconds
