[2024-10-20T10:20:21.259+0000] {processor.py:161} INFO - Started process (PID=110) to work on /home/airflow/.local/lib/python3.8/site-packages/airflow/example_dags/example_setup_teardown.py
[2024-10-20T10:20:21.261+0000] {processor.py:830} INFO - Processing file /home/airflow/.local/lib/python3.8/site-packages/airflow/example_dags/example_setup_teardown.py for tasks to queue
[2024-10-20T10:20:21.263+0000] {logging_mixin.py:188} INFO - [2024-10-20T10:20:21.263+0000] {dagbag.py:540} INFO - Filling up the DagBag from /home/airflow/.local/lib/python3.8/site-packages/airflow/example_dags/example_setup_teardown.py
[2024-10-20T10:20:21.275+0000] {processor.py:840} INFO - DAG(s) 'example_setup_teardown' retrieved from /home/airflow/.local/lib/python3.8/site-packages/airflow/example_dags/example_setup_teardown.py
[2024-10-20T10:20:21.538+0000] {logging_mixin.py:188} INFO - [2024-10-20T10:20:21.538+0000] {dag.py:3047} INFO - Sync 1 DAGs
[2024-10-20T10:20:21.572+0000] {logging_mixin.py:188} INFO - [2024-10-20T10:20:21.572+0000] {dag.py:3834} INFO - Setting next_dagrun for example_setup_teardown to 2024-10-19 00:00:00+00:00, run_after=2024-10-20 00:00:00+00:00
[2024-10-20T10:20:21.602+0000] {processor.py:183} INFO - Processing /home/airflow/.local/lib/python3.8/site-packages/airflow/example_dags/example_setup_teardown.py took 0.347 seconds
[2024-10-20T10:20:51.778+0000] {processor.py:161} INFO - Started process (PID=165) to work on /home/airflow/.local/lib/python3.8/site-packages/airflow/example_dags/example_setup_teardown.py
[2024-10-20T10:20:51.779+0000] {processor.py:830} INFO - Processing file /home/airflow/.local/lib/python3.8/site-packages/airflow/example_dags/example_setup_teardown.py for tasks to queue
[2024-10-20T10:20:51.780+0000] {logging_mixin.py:188} INFO - [2024-10-20T10:20:51.780+0000] {dagbag.py:540} INFO - Filling up the DagBag from /home/airflow/.local/lib/python3.8/site-packages/airflow/example_dags/example_setup_teardown.py
[2024-10-20T10:20:51.785+0000] {processor.py:840} INFO - DAG(s) 'example_setup_teardown' retrieved from /home/airflow/.local/lib/python3.8/site-packages/airflow/example_dags/example_setup_teardown.py
[2024-10-20T10:20:51.799+0000] {logging_mixin.py:188} INFO - [2024-10-20T10:20:51.799+0000] {dag.py:3047} INFO - Sync 1 DAGs
[2024-10-20T10:20:51.816+0000] {logging_mixin.py:188} INFO - [2024-10-20T10:20:51.815+0000] {dag.py:3834} INFO - Setting next_dagrun for example_setup_teardown to 2024-10-19 00:00:00+00:00, run_after=2024-10-20 00:00:00+00:00
[2024-10-20T10:20:51.827+0000] {processor.py:183} INFO - Processing /home/airflow/.local/lib/python3.8/site-packages/airflow/example_dags/example_setup_teardown.py took 0.051 seconds
[2024-10-20T10:21:22.529+0000] {processor.py:161} INFO - Started process (PID=220) to work on /home/airflow/.local/lib/python3.8/site-packages/airflow/example_dags/example_setup_teardown.py
[2024-10-20T10:21:22.532+0000] {processor.py:830} INFO - Processing file /home/airflow/.local/lib/python3.8/site-packages/airflow/example_dags/example_setup_teardown.py for tasks to queue
[2024-10-20T10:21:22.533+0000] {logging_mixin.py:188} INFO - [2024-10-20T10:21:22.533+0000] {dagbag.py:540} INFO - Filling up the DagBag from /home/airflow/.local/lib/python3.8/site-packages/airflow/example_dags/example_setup_teardown.py
[2024-10-20T10:21:22.538+0000] {processor.py:840} INFO - DAG(s) 'example_setup_teardown' retrieved from /home/airflow/.local/lib/python3.8/site-packages/airflow/example_dags/example_setup_teardown.py
[2024-10-20T10:21:22.551+0000] {logging_mixin.py:188} INFO - [2024-10-20T10:21:22.551+0000] {dag.py:3047} INFO - Sync 1 DAGs
[2024-10-20T10:21:22.565+0000] {logging_mixin.py:188} INFO - [2024-10-20T10:21:22.565+0000] {dag.py:3834} INFO - Setting next_dagrun for example_setup_teardown to 2024-10-19 00:00:00+00:00, run_after=2024-10-20 00:00:00+00:00
[2024-10-20T10:21:22.576+0000] {processor.py:183} INFO - Processing /home/airflow/.local/lib/python3.8/site-packages/airflow/example_dags/example_setup_teardown.py took 0.050 seconds
[2024-10-20T10:21:53.440+0000] {processor.py:161} INFO - Started process (PID=275) to work on /home/airflow/.local/lib/python3.8/site-packages/airflow/example_dags/example_setup_teardown.py
[2024-10-20T10:21:53.444+0000] {processor.py:830} INFO - Processing file /home/airflow/.local/lib/python3.8/site-packages/airflow/example_dags/example_setup_teardown.py for tasks to queue
[2024-10-20T10:21:53.447+0000] {logging_mixin.py:188} INFO - [2024-10-20T10:21:53.447+0000] {dagbag.py:540} INFO - Filling up the DagBag from /home/airflow/.local/lib/python3.8/site-packages/airflow/example_dags/example_setup_teardown.py
[2024-10-20T10:21:53.454+0000] {processor.py:840} INFO - DAG(s) 'example_setup_teardown' retrieved from /home/airflow/.local/lib/python3.8/site-packages/airflow/example_dags/example_setup_teardown.py
[2024-10-20T10:21:53.470+0000] {logging_mixin.py:188} INFO - [2024-10-20T10:21:53.470+0000] {dag.py:3047} INFO - Sync 1 DAGs
[2024-10-20T10:21:53.486+0000] {logging_mixin.py:188} INFO - [2024-10-20T10:21:53.486+0000] {dag.py:3834} INFO - Setting next_dagrun for example_setup_teardown to 2024-10-19 00:00:00+00:00, run_after=2024-10-20 00:00:00+00:00
[2024-10-20T10:21:53.501+0000] {processor.py:183} INFO - Processing /home/airflow/.local/lib/python3.8/site-packages/airflow/example_dags/example_setup_teardown.py took 0.064 seconds
[2024-10-20T10:22:23.560+0000] {processor.py:161} INFO - Started process (PID=330) to work on /home/airflow/.local/lib/python3.8/site-packages/airflow/example_dags/example_setup_teardown.py
[2024-10-20T10:22:23.563+0000] {processor.py:830} INFO - Processing file /home/airflow/.local/lib/python3.8/site-packages/airflow/example_dags/example_setup_teardown.py for tasks to queue
[2024-10-20T10:22:23.566+0000] {logging_mixin.py:188} INFO - [2024-10-20T10:22:23.566+0000] {dagbag.py:540} INFO - Filling up the DagBag from /home/airflow/.local/lib/python3.8/site-packages/airflow/example_dags/example_setup_teardown.py
[2024-10-20T10:22:23.571+0000] {processor.py:840} INFO - DAG(s) 'example_setup_teardown' retrieved from /home/airflow/.local/lib/python3.8/site-packages/airflow/example_dags/example_setup_teardown.py
[2024-10-20T10:22:23.585+0000] {logging_mixin.py:188} INFO - [2024-10-20T10:22:23.585+0000] {dag.py:3047} INFO - Sync 1 DAGs
[2024-10-20T10:22:23.599+0000] {logging_mixin.py:188} INFO - [2024-10-20T10:22:23.599+0000] {dag.py:3834} INFO - Setting next_dagrun for example_setup_teardown to 2024-10-19 00:00:00+00:00, run_after=2024-10-20 00:00:00+00:00
[2024-10-20T10:22:23.610+0000] {processor.py:183} INFO - Processing /home/airflow/.local/lib/python3.8/site-packages/airflow/example_dags/example_setup_teardown.py took 0.053 seconds
[2024-10-20T10:22:53.696+0000] {processor.py:161} INFO - Started process (PID=385) to work on /home/airflow/.local/lib/python3.8/site-packages/airflow/example_dags/example_setup_teardown.py
[2024-10-20T10:22:53.697+0000] {processor.py:830} INFO - Processing file /home/airflow/.local/lib/python3.8/site-packages/airflow/example_dags/example_setup_teardown.py for tasks to queue
[2024-10-20T10:22:53.702+0000] {logging_mixin.py:188} INFO - [2024-10-20T10:22:53.701+0000] {dagbag.py:540} INFO - Filling up the DagBag from /home/airflow/.local/lib/python3.8/site-packages/airflow/example_dags/example_setup_teardown.py
[2024-10-20T10:22:53.708+0000] {processor.py:840} INFO - DAG(s) 'example_setup_teardown' retrieved from /home/airflow/.local/lib/python3.8/site-packages/airflow/example_dags/example_setup_teardown.py
[2024-10-20T10:22:53.724+0000] {logging_mixin.py:188} INFO - [2024-10-20T10:22:53.724+0000] {dag.py:3047} INFO - Sync 1 DAGs
[2024-10-20T10:22:53.738+0000] {logging_mixin.py:188} INFO - [2024-10-20T10:22:53.738+0000] {dag.py:3834} INFO - Setting next_dagrun for example_setup_teardown to 2024-10-19 00:00:00+00:00, run_after=2024-10-20 00:00:00+00:00
[2024-10-20T10:22:53.752+0000] {processor.py:183} INFO - Processing /home/airflow/.local/lib/python3.8/site-packages/airflow/example_dags/example_setup_teardown.py took 0.059 seconds
[2024-10-20T10:23:24.569+0000] {processor.py:161} INFO - Started process (PID=440) to work on /home/airflow/.local/lib/python3.8/site-packages/airflow/example_dags/example_setup_teardown.py
[2024-10-20T10:23:24.573+0000] {processor.py:830} INFO - Processing file /home/airflow/.local/lib/python3.8/site-packages/airflow/example_dags/example_setup_teardown.py for tasks to queue
[2024-10-20T10:23:24.574+0000] {logging_mixin.py:188} INFO - [2024-10-20T10:23:24.574+0000] {dagbag.py:540} INFO - Filling up the DagBag from /home/airflow/.local/lib/python3.8/site-packages/airflow/example_dags/example_setup_teardown.py
[2024-10-20T10:23:24.579+0000] {processor.py:840} INFO - DAG(s) 'example_setup_teardown' retrieved from /home/airflow/.local/lib/python3.8/site-packages/airflow/example_dags/example_setup_teardown.py
[2024-10-20T10:23:24.595+0000] {logging_mixin.py:188} INFO - [2024-10-20T10:23:24.594+0000] {dag.py:3047} INFO - Sync 1 DAGs
[2024-10-20T10:23:24.609+0000] {logging_mixin.py:188} INFO - [2024-10-20T10:23:24.609+0000] {dag.py:3834} INFO - Setting next_dagrun for example_setup_teardown to 2024-10-19 00:00:00+00:00, run_after=2024-10-20 00:00:00+00:00
[2024-10-20T10:23:24.620+0000] {processor.py:183} INFO - Processing /home/airflow/.local/lib/python3.8/site-packages/airflow/example_dags/example_setup_teardown.py took 0.053 seconds
[2024-10-20T10:23:55.608+0000] {processor.py:161} INFO - Started process (PID=495) to work on /home/airflow/.local/lib/python3.8/site-packages/airflow/example_dags/example_setup_teardown.py
[2024-10-20T10:23:55.608+0000] {processor.py:830} INFO - Processing file /home/airflow/.local/lib/python3.8/site-packages/airflow/example_dags/example_setup_teardown.py for tasks to queue
[2024-10-20T10:23:55.610+0000] {logging_mixin.py:188} INFO - [2024-10-20T10:23:55.609+0000] {dagbag.py:540} INFO - Filling up the DagBag from /home/airflow/.local/lib/python3.8/site-packages/airflow/example_dags/example_setup_teardown.py
[2024-10-20T10:23:55.614+0000] {processor.py:840} INFO - DAG(s) 'example_setup_teardown' retrieved from /home/airflow/.local/lib/python3.8/site-packages/airflow/example_dags/example_setup_teardown.py
[2024-10-20T10:23:55.628+0000] {logging_mixin.py:188} INFO - [2024-10-20T10:23:55.628+0000] {dag.py:3047} INFO - Sync 1 DAGs
[2024-10-20T10:23:55.642+0000] {logging_mixin.py:188} INFO - [2024-10-20T10:23:55.641+0000] {dag.py:3834} INFO - Setting next_dagrun for example_setup_teardown to 2024-10-19 00:00:00+00:00, run_after=2024-10-20 00:00:00+00:00
[2024-10-20T10:23:55.652+0000] {processor.py:183} INFO - Processing /home/airflow/.local/lib/python3.8/site-packages/airflow/example_dags/example_setup_teardown.py took 0.047 seconds
[2024-10-20T10:24:25.786+0000] {processor.py:161} INFO - Started process (PID=550) to work on /home/airflow/.local/lib/python3.8/site-packages/airflow/example_dags/example_setup_teardown.py
[2024-10-20T10:24:25.789+0000] {processor.py:830} INFO - Processing file /home/airflow/.local/lib/python3.8/site-packages/airflow/example_dags/example_setup_teardown.py for tasks to queue
[2024-10-20T10:24:25.790+0000] {logging_mixin.py:188} INFO - [2024-10-20T10:24:25.790+0000] {dagbag.py:540} INFO - Filling up the DagBag from /home/airflow/.local/lib/python3.8/site-packages/airflow/example_dags/example_setup_teardown.py
[2024-10-20T10:24:25.796+0000] {processor.py:840} INFO - DAG(s) 'example_setup_teardown' retrieved from /home/airflow/.local/lib/python3.8/site-packages/airflow/example_dags/example_setup_teardown.py
[2024-10-20T10:24:25.810+0000] {logging_mixin.py:188} INFO - [2024-10-20T10:24:25.810+0000] {dag.py:3047} INFO - Sync 1 DAGs
[2024-10-20T10:24:25.824+0000] {logging_mixin.py:188} INFO - [2024-10-20T10:24:25.824+0000] {dag.py:3834} INFO - Setting next_dagrun for example_setup_teardown to 2024-10-19 00:00:00+00:00, run_after=2024-10-20 00:00:00+00:00
[2024-10-20T10:24:25.835+0000] {processor.py:183} INFO - Processing /home/airflow/.local/lib/python3.8/site-packages/airflow/example_dags/example_setup_teardown.py took 0.052 seconds
[2024-10-20T10:24:56.273+0000] {processor.py:161} INFO - Started process (PID=605) to work on /home/airflow/.local/lib/python3.8/site-packages/airflow/example_dags/example_setup_teardown.py
[2024-10-20T10:24:56.274+0000] {processor.py:830} INFO - Processing file /home/airflow/.local/lib/python3.8/site-packages/airflow/example_dags/example_setup_teardown.py for tasks to queue
[2024-10-20T10:24:56.275+0000] {logging_mixin.py:188} INFO - [2024-10-20T10:24:56.275+0000] {dagbag.py:540} INFO - Filling up the DagBag from /home/airflow/.local/lib/python3.8/site-packages/airflow/example_dags/example_setup_teardown.py
[2024-10-20T10:24:56.283+0000] {processor.py:840} INFO - DAG(s) 'example_setup_teardown' retrieved from /home/airflow/.local/lib/python3.8/site-packages/airflow/example_dags/example_setup_teardown.py
[2024-10-20T10:24:56.295+0000] {logging_mixin.py:188} INFO - [2024-10-20T10:24:56.295+0000] {dag.py:3047} INFO - Sync 1 DAGs
[2024-10-20T10:24:56.310+0000] {logging_mixin.py:188} INFO - [2024-10-20T10:24:56.310+0000] {dag.py:3834} INFO - Setting next_dagrun for example_setup_teardown to 2024-10-19 00:00:00+00:00, run_after=2024-10-20 00:00:00+00:00
[2024-10-20T10:24:56.322+0000] {processor.py:183} INFO - Processing /home/airflow/.local/lib/python3.8/site-packages/airflow/example_dags/example_setup_teardown.py took 0.052 seconds
[2024-10-20T10:25:27.183+0000] {processor.py:161} INFO - Started process (PID=660) to work on /home/airflow/.local/lib/python3.8/site-packages/airflow/example_dags/example_setup_teardown.py
[2024-10-20T10:25:27.185+0000] {processor.py:830} INFO - Processing file /home/airflow/.local/lib/python3.8/site-packages/airflow/example_dags/example_setup_teardown.py for tasks to queue
[2024-10-20T10:25:27.187+0000] {logging_mixin.py:188} INFO - [2024-10-20T10:25:27.187+0000] {dagbag.py:540} INFO - Filling up the DagBag from /home/airflow/.local/lib/python3.8/site-packages/airflow/example_dags/example_setup_teardown.py
[2024-10-20T10:25:27.197+0000] {processor.py:840} INFO - DAG(s) 'example_setup_teardown' retrieved from /home/airflow/.local/lib/python3.8/site-packages/airflow/example_dags/example_setup_teardown.py
[2024-10-20T10:25:27.220+0000] {logging_mixin.py:188} INFO - [2024-10-20T10:25:27.220+0000] {dag.py:3047} INFO - Sync 1 DAGs
[2024-10-20T10:25:27.250+0000] {logging_mixin.py:188} INFO - [2024-10-20T10:25:27.249+0000] {dag.py:3834} INFO - Setting next_dagrun for example_setup_teardown to 2024-10-19 00:00:00+00:00, run_after=2024-10-20 00:00:00+00:00
[2024-10-20T10:25:27.269+0000] {processor.py:183} INFO - Processing /home/airflow/.local/lib/python3.8/site-packages/airflow/example_dags/example_setup_teardown.py took 0.089 seconds
[2024-10-20T10:25:57.420+0000] {processor.py:161} INFO - Started process (PID=715) to work on /home/airflow/.local/lib/python3.8/site-packages/airflow/example_dags/example_setup_teardown.py
[2024-10-20T10:25:57.421+0000] {processor.py:830} INFO - Processing file /home/airflow/.local/lib/python3.8/site-packages/airflow/example_dags/example_setup_teardown.py for tasks to queue
[2024-10-20T10:25:57.422+0000] {logging_mixin.py:188} INFO - [2024-10-20T10:25:57.422+0000] {dagbag.py:540} INFO - Filling up the DagBag from /home/airflow/.local/lib/python3.8/site-packages/airflow/example_dags/example_setup_teardown.py
[2024-10-20T10:25:57.427+0000] {processor.py:840} INFO - DAG(s) 'example_setup_teardown' retrieved from /home/airflow/.local/lib/python3.8/site-packages/airflow/example_dags/example_setup_teardown.py
[2024-10-20T10:25:57.442+0000] {logging_mixin.py:188} INFO - [2024-10-20T10:25:57.442+0000] {dag.py:3047} INFO - Sync 1 DAGs
[2024-10-20T10:25:57.457+0000] {logging_mixin.py:188} INFO - [2024-10-20T10:25:57.457+0000] {dag.py:3834} INFO - Setting next_dagrun for example_setup_teardown to 2024-10-19 00:00:00+00:00, run_after=2024-10-20 00:00:00+00:00
[2024-10-20T10:25:57.474+0000] {processor.py:183} INFO - Processing /home/airflow/.local/lib/python3.8/site-packages/airflow/example_dags/example_setup_teardown.py took 0.057 seconds
[2024-10-20T10:26:28.055+0000] {processor.py:161} INFO - Started process (PID=770) to work on /home/airflow/.local/lib/python3.8/site-packages/airflow/example_dags/example_setup_teardown.py
[2024-10-20T10:26:28.056+0000] {processor.py:830} INFO - Processing file /home/airflow/.local/lib/python3.8/site-packages/airflow/example_dags/example_setup_teardown.py for tasks to queue
[2024-10-20T10:26:28.058+0000] {logging_mixin.py:188} INFO - [2024-10-20T10:26:28.058+0000] {dagbag.py:540} INFO - Filling up the DagBag from /home/airflow/.local/lib/python3.8/site-packages/airflow/example_dags/example_setup_teardown.py
[2024-10-20T10:26:28.063+0000] {processor.py:840} INFO - DAG(s) 'example_setup_teardown' retrieved from /home/airflow/.local/lib/python3.8/site-packages/airflow/example_dags/example_setup_teardown.py
[2024-10-20T10:26:28.081+0000] {logging_mixin.py:188} INFO - [2024-10-20T10:26:28.081+0000] {dag.py:3047} INFO - Sync 1 DAGs
[2024-10-20T10:26:28.097+0000] {logging_mixin.py:188} INFO - [2024-10-20T10:26:28.097+0000] {dag.py:3834} INFO - Setting next_dagrun for example_setup_teardown to 2024-10-19 00:00:00+00:00, run_after=2024-10-20 00:00:00+00:00
[2024-10-20T10:26:28.109+0000] {processor.py:183} INFO - Processing /home/airflow/.local/lib/python3.8/site-packages/airflow/example_dags/example_setup_teardown.py took 0.056 seconds
[2024-10-20T10:26:58.780+0000] {processor.py:161} INFO - Started process (PID=825) to work on /home/airflow/.local/lib/python3.8/site-packages/airflow/example_dags/example_setup_teardown.py
[2024-10-20T10:26:58.782+0000] {processor.py:830} INFO - Processing file /home/airflow/.local/lib/python3.8/site-packages/airflow/example_dags/example_setup_teardown.py for tasks to queue
[2024-10-20T10:26:58.783+0000] {logging_mixin.py:188} INFO - [2024-10-20T10:26:58.783+0000] {dagbag.py:540} INFO - Filling up the DagBag from /home/airflow/.local/lib/python3.8/site-packages/airflow/example_dags/example_setup_teardown.py
[2024-10-20T10:26:58.788+0000] {processor.py:840} INFO - DAG(s) 'example_setup_teardown' retrieved from /home/airflow/.local/lib/python3.8/site-packages/airflow/example_dags/example_setup_teardown.py
[2024-10-20T10:26:58.802+0000] {logging_mixin.py:188} INFO - [2024-10-20T10:26:58.801+0000] {dag.py:3047} INFO - Sync 1 DAGs
[2024-10-20T10:26:58.815+0000] {logging_mixin.py:188} INFO - [2024-10-20T10:26:58.815+0000] {dag.py:3834} INFO - Setting next_dagrun for example_setup_teardown to 2024-10-19 00:00:00+00:00, run_after=2024-10-20 00:00:00+00:00
[2024-10-20T10:26:58.827+0000] {processor.py:183} INFO - Processing /home/airflow/.local/lib/python3.8/site-packages/airflow/example_dags/example_setup_teardown.py took 0.049 seconds
[2024-10-20T10:27:29.438+0000] {processor.py:161} INFO - Started process (PID=880) to work on /home/airflow/.local/lib/python3.8/site-packages/airflow/example_dags/example_setup_teardown.py
[2024-10-20T10:27:29.438+0000] {processor.py:830} INFO - Processing file /home/airflow/.local/lib/python3.8/site-packages/airflow/example_dags/example_setup_teardown.py for tasks to queue
[2024-10-20T10:27:29.440+0000] {logging_mixin.py:188} INFO - [2024-10-20T10:27:29.439+0000] {dagbag.py:540} INFO - Filling up the DagBag from /home/airflow/.local/lib/python3.8/site-packages/airflow/example_dags/example_setup_teardown.py
[2024-10-20T10:27:29.444+0000] {processor.py:840} INFO - DAG(s) 'example_setup_teardown' retrieved from /home/airflow/.local/lib/python3.8/site-packages/airflow/example_dags/example_setup_teardown.py
[2024-10-20T10:27:29.458+0000] {logging_mixin.py:188} INFO - [2024-10-20T10:27:29.458+0000] {dag.py:3047} INFO - Sync 1 DAGs
[2024-10-20T10:27:29.473+0000] {logging_mixin.py:188} INFO - [2024-10-20T10:27:29.472+0000] {dag.py:3834} INFO - Setting next_dagrun for example_setup_teardown to 2024-10-19 00:00:00+00:00, run_after=2024-10-20 00:00:00+00:00
[2024-10-20T10:27:29.484+0000] {processor.py:183} INFO - Processing /home/airflow/.local/lib/python3.8/site-packages/airflow/example_dags/example_setup_teardown.py took 0.049 seconds
[2024-10-20T10:28:00.382+0000] {processor.py:161} INFO - Started process (PID=935) to work on /home/airflow/.local/lib/python3.8/site-packages/airflow/example_dags/example_setup_teardown.py
[2024-10-20T10:28:00.383+0000] {processor.py:830} INFO - Processing file /home/airflow/.local/lib/python3.8/site-packages/airflow/example_dags/example_setup_teardown.py for tasks to queue
[2024-10-20T10:28:00.386+0000] {logging_mixin.py:188} INFO - [2024-10-20T10:28:00.385+0000] {dagbag.py:540} INFO - Filling up the DagBag from /home/airflow/.local/lib/python3.8/site-packages/airflow/example_dags/example_setup_teardown.py
[2024-10-20T10:28:00.390+0000] {processor.py:840} INFO - DAG(s) 'example_setup_teardown' retrieved from /home/airflow/.local/lib/python3.8/site-packages/airflow/example_dags/example_setup_teardown.py
[2024-10-20T10:28:00.407+0000] {logging_mixin.py:188} INFO - [2024-10-20T10:28:00.407+0000] {dag.py:3047} INFO - Sync 1 DAGs
[2024-10-20T10:28:00.421+0000] {logging_mixin.py:188} INFO - [2024-10-20T10:28:00.421+0000] {dag.py:3834} INFO - Setting next_dagrun for example_setup_teardown to 2024-10-19 00:00:00+00:00, run_after=2024-10-20 00:00:00+00:00
[2024-10-20T10:28:00.432+0000] {processor.py:183} INFO - Processing /home/airflow/.local/lib/python3.8/site-packages/airflow/example_dags/example_setup_teardown.py took 0.052 seconds
[2024-10-20T10:28:31.346+0000] {processor.py:161} INFO - Started process (PID=990) to work on /home/airflow/.local/lib/python3.8/site-packages/airflow/example_dags/example_setup_teardown.py
[2024-10-20T10:28:31.348+0000] {processor.py:830} INFO - Processing file /home/airflow/.local/lib/python3.8/site-packages/airflow/example_dags/example_setup_teardown.py for tasks to queue
[2024-10-20T10:28:31.351+0000] {logging_mixin.py:188} INFO - [2024-10-20T10:28:31.351+0000] {dagbag.py:540} INFO - Filling up the DagBag from /home/airflow/.local/lib/python3.8/site-packages/airflow/example_dags/example_setup_teardown.py
[2024-10-20T10:28:31.355+0000] {processor.py:840} INFO - DAG(s) 'example_setup_teardown' retrieved from /home/airflow/.local/lib/python3.8/site-packages/airflow/example_dags/example_setup_teardown.py
[2024-10-20T10:28:31.371+0000] {logging_mixin.py:188} INFO - [2024-10-20T10:28:31.371+0000] {dag.py:3047} INFO - Sync 1 DAGs
[2024-10-20T10:28:31.385+0000] {logging_mixin.py:188} INFO - [2024-10-20T10:28:31.385+0000] {dag.py:3834} INFO - Setting next_dagrun for example_setup_teardown to 2024-10-19 00:00:00+00:00, run_after=2024-10-20 00:00:00+00:00
[2024-10-20T10:28:31.396+0000] {processor.py:183} INFO - Processing /home/airflow/.local/lib/python3.8/site-packages/airflow/example_dags/example_setup_teardown.py took 0.052 seconds
[2024-10-20T10:29:02.040+0000] {processor.py:161} INFO - Started process (PID=1045) to work on /home/airflow/.local/lib/python3.8/site-packages/airflow/example_dags/example_setup_teardown.py
[2024-10-20T10:29:02.041+0000] {processor.py:830} INFO - Processing file /home/airflow/.local/lib/python3.8/site-packages/airflow/example_dags/example_setup_teardown.py for tasks to queue
[2024-10-20T10:29:02.042+0000] {logging_mixin.py:188} INFO - [2024-10-20T10:29:02.042+0000] {dagbag.py:540} INFO - Filling up the DagBag from /home/airflow/.local/lib/python3.8/site-packages/airflow/example_dags/example_setup_teardown.py
[2024-10-20T10:29:02.048+0000] {processor.py:840} INFO - DAG(s) 'example_setup_teardown' retrieved from /home/airflow/.local/lib/python3.8/site-packages/airflow/example_dags/example_setup_teardown.py
[2024-10-20T10:29:02.064+0000] {logging_mixin.py:188} INFO - [2024-10-20T10:29:02.064+0000] {dag.py:3047} INFO - Sync 1 DAGs
[2024-10-20T10:29:02.078+0000] {logging_mixin.py:188} INFO - [2024-10-20T10:29:02.078+0000] {dag.py:3834} INFO - Setting next_dagrun for example_setup_teardown to 2024-10-19 00:00:00+00:00, run_after=2024-10-20 00:00:00+00:00
[2024-10-20T10:29:02.092+0000] {processor.py:183} INFO - Processing /home/airflow/.local/lib/python3.8/site-packages/airflow/example_dags/example_setup_teardown.py took 0.054 seconds
[2024-10-20T10:29:32.743+0000] {processor.py:161} INFO - Started process (PID=1100) to work on /home/airflow/.local/lib/python3.8/site-packages/airflow/example_dags/example_setup_teardown.py
[2024-10-20T10:29:32.744+0000] {processor.py:830} INFO - Processing file /home/airflow/.local/lib/python3.8/site-packages/airflow/example_dags/example_setup_teardown.py for tasks to queue
[2024-10-20T10:29:32.746+0000] {logging_mixin.py:188} INFO - [2024-10-20T10:29:32.746+0000] {dagbag.py:540} INFO - Filling up the DagBag from /home/airflow/.local/lib/python3.8/site-packages/airflow/example_dags/example_setup_teardown.py
[2024-10-20T10:29:32.753+0000] {processor.py:840} INFO - DAG(s) 'example_setup_teardown' retrieved from /home/airflow/.local/lib/python3.8/site-packages/airflow/example_dags/example_setup_teardown.py
[2024-10-20T10:29:32.774+0000] {logging_mixin.py:188} INFO - [2024-10-20T10:29:32.774+0000] {dag.py:3047} INFO - Sync 1 DAGs
[2024-10-20T10:29:32.802+0000] {logging_mixin.py:188} INFO - [2024-10-20T10:29:32.802+0000] {dag.py:3834} INFO - Setting next_dagrun for example_setup_teardown to 2024-10-19 00:00:00+00:00, run_after=2024-10-20 00:00:00+00:00
[2024-10-20T10:29:32.816+0000] {processor.py:183} INFO - Processing /home/airflow/.local/lib/python3.8/site-packages/airflow/example_dags/example_setup_teardown.py took 0.076 seconds
[2024-10-20T10:30:03.229+0000] {processor.py:161} INFO - Started process (PID=1155) to work on /home/airflow/.local/lib/python3.8/site-packages/airflow/example_dags/example_setup_teardown.py
[2024-10-20T10:30:03.241+0000] {processor.py:830} INFO - Processing file /home/airflow/.local/lib/python3.8/site-packages/airflow/example_dags/example_setup_teardown.py for tasks to queue
[2024-10-20T10:30:03.246+0000] {logging_mixin.py:188} INFO - [2024-10-20T10:30:03.246+0000] {dagbag.py:540} INFO - Filling up the DagBag from /home/airflow/.local/lib/python3.8/site-packages/airflow/example_dags/example_setup_teardown.py
[2024-10-20T10:30:03.254+0000] {processor.py:840} INFO - DAG(s) 'example_setup_teardown' retrieved from /home/airflow/.local/lib/python3.8/site-packages/airflow/example_dags/example_setup_teardown.py
[2024-10-20T10:30:03.277+0000] {logging_mixin.py:188} INFO - [2024-10-20T10:30:03.277+0000] {dag.py:3047} INFO - Sync 1 DAGs
[2024-10-20T10:30:03.309+0000] {logging_mixin.py:188} INFO - [2024-10-20T10:30:03.309+0000] {dag.py:3834} INFO - Setting next_dagrun for example_setup_teardown to 2024-10-19 00:00:00+00:00, run_after=2024-10-20 00:00:00+00:00
[2024-10-20T10:30:03.345+0000] {processor.py:183} INFO - Processing /home/airflow/.local/lib/python3.8/site-packages/airflow/example_dags/example_setup_teardown.py took 0.118 seconds
[2024-10-20T10:30:34.104+0000] {processor.py:161} INFO - Started process (PID=1210) to work on /home/airflow/.local/lib/python3.8/site-packages/airflow/example_dags/example_setup_teardown.py
[2024-10-20T10:30:34.106+0000] {processor.py:830} INFO - Processing file /home/airflow/.local/lib/python3.8/site-packages/airflow/example_dags/example_setup_teardown.py for tasks to queue
[2024-10-20T10:30:34.110+0000] {logging_mixin.py:188} INFO - [2024-10-20T10:30:34.110+0000] {dagbag.py:540} INFO - Filling up the DagBag from /home/airflow/.local/lib/python3.8/site-packages/airflow/example_dags/example_setup_teardown.py
[2024-10-20T10:30:34.115+0000] {processor.py:840} INFO - DAG(s) 'example_setup_teardown' retrieved from /home/airflow/.local/lib/python3.8/site-packages/airflow/example_dags/example_setup_teardown.py
[2024-10-20T10:30:34.128+0000] {logging_mixin.py:188} INFO - [2024-10-20T10:30:34.128+0000] {dag.py:3047} INFO - Sync 1 DAGs
[2024-10-20T10:30:34.142+0000] {logging_mixin.py:188} INFO - [2024-10-20T10:30:34.142+0000] {dag.py:3834} INFO - Setting next_dagrun for example_setup_teardown to 2024-10-19 00:00:00+00:00, run_after=2024-10-20 00:00:00+00:00
[2024-10-20T10:30:34.153+0000] {processor.py:183} INFO - Processing /home/airflow/.local/lib/python3.8/site-packages/airflow/example_dags/example_setup_teardown.py took 0.051 seconds
[2024-10-20T10:31:04.784+0000] {processor.py:161} INFO - Started process (PID=1265) to work on /home/airflow/.local/lib/python3.8/site-packages/airflow/example_dags/example_setup_teardown.py
[2024-10-20T10:31:04.785+0000] {processor.py:830} INFO - Processing file /home/airflow/.local/lib/python3.8/site-packages/airflow/example_dags/example_setup_teardown.py for tasks to queue
[2024-10-20T10:31:04.788+0000] {logging_mixin.py:188} INFO - [2024-10-20T10:31:04.788+0000] {dagbag.py:540} INFO - Filling up the DagBag from /home/airflow/.local/lib/python3.8/site-packages/airflow/example_dags/example_setup_teardown.py
[2024-10-20T10:31:04.793+0000] {processor.py:840} INFO - DAG(s) 'example_setup_teardown' retrieved from /home/airflow/.local/lib/python3.8/site-packages/airflow/example_dags/example_setup_teardown.py
[2024-10-20T10:31:04.806+0000] {logging_mixin.py:188} INFO - [2024-10-20T10:31:04.806+0000] {dag.py:3047} INFO - Sync 1 DAGs
[2024-10-20T10:31:04.819+0000] {logging_mixin.py:188} INFO - [2024-10-20T10:31:04.819+0000] {dag.py:3834} INFO - Setting next_dagrun for example_setup_teardown to 2024-10-19 00:00:00+00:00, run_after=2024-10-20 00:00:00+00:00
[2024-10-20T10:31:04.830+0000] {processor.py:183} INFO - Processing /home/airflow/.local/lib/python3.8/site-packages/airflow/example_dags/example_setup_teardown.py took 0.048 seconds
[2024-10-20T10:31:35.594+0000] {processor.py:161} INFO - Started process (PID=1320) to work on /home/airflow/.local/lib/python3.8/site-packages/airflow/example_dags/example_setup_teardown.py
[2024-10-20T10:31:35.595+0000] {processor.py:830} INFO - Processing file /home/airflow/.local/lib/python3.8/site-packages/airflow/example_dags/example_setup_teardown.py for tasks to queue
[2024-10-20T10:31:35.597+0000] {logging_mixin.py:188} INFO - [2024-10-20T10:31:35.596+0000] {dagbag.py:540} INFO - Filling up the DagBag from /home/airflow/.local/lib/python3.8/site-packages/airflow/example_dags/example_setup_teardown.py
[2024-10-20T10:31:35.602+0000] {processor.py:840} INFO - DAG(s) 'example_setup_teardown' retrieved from /home/airflow/.local/lib/python3.8/site-packages/airflow/example_dags/example_setup_teardown.py
[2024-10-20T10:31:35.616+0000] {logging_mixin.py:188} INFO - [2024-10-20T10:31:35.616+0000] {dag.py:3047} INFO - Sync 1 DAGs
[2024-10-20T10:31:35.629+0000] {logging_mixin.py:188} INFO - [2024-10-20T10:31:35.629+0000] {dag.py:3834} INFO - Setting next_dagrun for example_setup_teardown to 2024-10-19 00:00:00+00:00, run_after=2024-10-20 00:00:00+00:00
[2024-10-20T10:31:35.640+0000] {processor.py:183} INFO - Processing /home/airflow/.local/lib/python3.8/site-packages/airflow/example_dags/example_setup_teardown.py took 0.048 seconds
[2024-10-20T10:32:05.682+0000] {processor.py:161} INFO - Started process (PID=1375) to work on /home/airflow/.local/lib/python3.8/site-packages/airflow/example_dags/example_setup_teardown.py
[2024-10-20T10:32:05.683+0000] {processor.py:830} INFO - Processing file /home/airflow/.local/lib/python3.8/site-packages/airflow/example_dags/example_setup_teardown.py for tasks to queue
[2024-10-20T10:32:05.684+0000] {logging_mixin.py:188} INFO - [2024-10-20T10:32:05.684+0000] {dagbag.py:540} INFO - Filling up the DagBag from /home/airflow/.local/lib/python3.8/site-packages/airflow/example_dags/example_setup_teardown.py
[2024-10-20T10:32:05.689+0000] {processor.py:840} INFO - DAG(s) 'example_setup_teardown' retrieved from /home/airflow/.local/lib/python3.8/site-packages/airflow/example_dags/example_setup_teardown.py
[2024-10-20T10:32:05.702+0000] {logging_mixin.py:188} INFO - [2024-10-20T10:32:05.702+0000] {dag.py:3047} INFO - Sync 1 DAGs
[2024-10-20T10:32:05.715+0000] {logging_mixin.py:188} INFO - [2024-10-20T10:32:05.715+0000] {dag.py:3834} INFO - Setting next_dagrun for example_setup_teardown to 2024-10-19 00:00:00+00:00, run_after=2024-10-20 00:00:00+00:00
[2024-10-20T10:32:05.726+0000] {processor.py:183} INFO - Processing /home/airflow/.local/lib/python3.8/site-packages/airflow/example_dags/example_setup_teardown.py took 0.046 seconds
[2024-10-20T10:32:36.354+0000] {processor.py:161} INFO - Started process (PID=1430) to work on /home/airflow/.local/lib/python3.8/site-packages/airflow/example_dags/example_setup_teardown.py
[2024-10-20T10:32:36.359+0000] {processor.py:830} INFO - Processing file /home/airflow/.local/lib/python3.8/site-packages/airflow/example_dags/example_setup_teardown.py for tasks to queue
[2024-10-20T10:32:36.361+0000] {logging_mixin.py:188} INFO - [2024-10-20T10:32:36.361+0000] {dagbag.py:540} INFO - Filling up the DagBag from /home/airflow/.local/lib/python3.8/site-packages/airflow/example_dags/example_setup_teardown.py
[2024-10-20T10:32:36.366+0000] {processor.py:840} INFO - DAG(s) 'example_setup_teardown' retrieved from /home/airflow/.local/lib/python3.8/site-packages/airflow/example_dags/example_setup_teardown.py
[2024-10-20T10:32:36.380+0000] {logging_mixin.py:188} INFO - [2024-10-20T10:32:36.380+0000] {dag.py:3047} INFO - Sync 1 DAGs
[2024-10-20T10:32:36.395+0000] {logging_mixin.py:188} INFO - [2024-10-20T10:32:36.395+0000] {dag.py:3834} INFO - Setting next_dagrun for example_setup_teardown to 2024-10-19 00:00:00+00:00, run_after=2024-10-20 00:00:00+00:00
[2024-10-20T10:32:36.409+0000] {processor.py:183} INFO - Processing /home/airflow/.local/lib/python3.8/site-packages/airflow/example_dags/example_setup_teardown.py took 0.057 seconds
[2024-10-20T10:33:07.161+0000] {processor.py:161} INFO - Started process (PID=1485) to work on /home/airflow/.local/lib/python3.8/site-packages/airflow/example_dags/example_setup_teardown.py
[2024-10-20T10:33:07.161+0000] {processor.py:830} INFO - Processing file /home/airflow/.local/lib/python3.8/site-packages/airflow/example_dags/example_setup_teardown.py for tasks to queue
[2024-10-20T10:33:07.163+0000] {logging_mixin.py:188} INFO - [2024-10-20T10:33:07.163+0000] {dagbag.py:540} INFO - Filling up the DagBag from /home/airflow/.local/lib/python3.8/site-packages/airflow/example_dags/example_setup_teardown.py
[2024-10-20T10:33:07.169+0000] {processor.py:840} INFO - DAG(s) 'example_setup_teardown' retrieved from /home/airflow/.local/lib/python3.8/site-packages/airflow/example_dags/example_setup_teardown.py
[2024-10-20T10:33:07.183+0000] {logging_mixin.py:188} INFO - [2024-10-20T10:33:07.183+0000] {dag.py:3047} INFO - Sync 1 DAGs
[2024-10-20T10:33:07.196+0000] {logging_mixin.py:188} INFO - [2024-10-20T10:33:07.196+0000] {dag.py:3834} INFO - Setting next_dagrun for example_setup_teardown to 2024-10-19 00:00:00+00:00, run_after=2024-10-20 00:00:00+00:00
[2024-10-20T10:33:07.207+0000] {processor.py:183} INFO - Processing /home/airflow/.local/lib/python3.8/site-packages/airflow/example_dags/example_setup_teardown.py took 0.049 seconds
[2024-10-20T10:33:37.342+0000] {processor.py:161} INFO - Started process (PID=1540) to work on /home/airflow/.local/lib/python3.8/site-packages/airflow/example_dags/example_setup_teardown.py
[2024-10-20T10:33:37.343+0000] {processor.py:830} INFO - Processing file /home/airflow/.local/lib/python3.8/site-packages/airflow/example_dags/example_setup_teardown.py for tasks to queue
[2024-10-20T10:33:37.344+0000] {logging_mixin.py:188} INFO - [2024-10-20T10:33:37.344+0000] {dagbag.py:540} INFO - Filling up the DagBag from /home/airflow/.local/lib/python3.8/site-packages/airflow/example_dags/example_setup_teardown.py
[2024-10-20T10:33:37.348+0000] {processor.py:840} INFO - DAG(s) 'example_setup_teardown' retrieved from /home/airflow/.local/lib/python3.8/site-packages/airflow/example_dags/example_setup_teardown.py
[2024-10-20T10:33:37.362+0000] {logging_mixin.py:188} INFO - [2024-10-20T10:33:37.362+0000] {dag.py:3047} INFO - Sync 1 DAGs
[2024-10-20T10:33:37.378+0000] {logging_mixin.py:188} INFO - [2024-10-20T10:33:37.377+0000] {dag.py:3834} INFO - Setting next_dagrun for example_setup_teardown to 2024-10-19 00:00:00+00:00, run_after=2024-10-20 00:00:00+00:00
[2024-10-20T10:33:37.388+0000] {processor.py:183} INFO - Processing /home/airflow/.local/lib/python3.8/site-packages/airflow/example_dags/example_setup_teardown.py took 0.049 seconds
[2024-10-20T10:34:08.318+0000] {processor.py:161} INFO - Started process (PID=1595) to work on /home/airflow/.local/lib/python3.8/site-packages/airflow/example_dags/example_setup_teardown.py
[2024-10-20T10:34:08.319+0000] {processor.py:830} INFO - Processing file /home/airflow/.local/lib/python3.8/site-packages/airflow/example_dags/example_setup_teardown.py for tasks to queue
[2024-10-20T10:34:08.321+0000] {logging_mixin.py:188} INFO - [2024-10-20T10:34:08.321+0000] {dagbag.py:540} INFO - Filling up the DagBag from /home/airflow/.local/lib/python3.8/site-packages/airflow/example_dags/example_setup_teardown.py
[2024-10-20T10:34:08.327+0000] {processor.py:840} INFO - DAG(s) 'example_setup_teardown' retrieved from /home/airflow/.local/lib/python3.8/site-packages/airflow/example_dags/example_setup_teardown.py
[2024-10-20T10:34:08.343+0000] {logging_mixin.py:188} INFO - [2024-10-20T10:34:08.342+0000] {dag.py:3047} INFO - Sync 1 DAGs
[2024-10-20T10:34:08.360+0000] {logging_mixin.py:188} INFO - [2024-10-20T10:34:08.360+0000] {dag.py:3834} INFO - Setting next_dagrun for example_setup_teardown to 2024-10-19 00:00:00+00:00, run_after=2024-10-20 00:00:00+00:00
[2024-10-20T10:34:08.371+0000] {processor.py:183} INFO - Processing /home/airflow/.local/lib/python3.8/site-packages/airflow/example_dags/example_setup_teardown.py took 0.056 seconds
[2024-10-20T10:34:39.144+0000] {processor.py:161} INFO - Started process (PID=1650) to work on /home/airflow/.local/lib/python3.8/site-packages/airflow/example_dags/example_setup_teardown.py
[2024-10-20T10:34:39.145+0000] {processor.py:830} INFO - Processing file /home/airflow/.local/lib/python3.8/site-packages/airflow/example_dags/example_setup_teardown.py for tasks to queue
[2024-10-20T10:34:39.150+0000] {logging_mixin.py:188} INFO - [2024-10-20T10:34:39.150+0000] {dagbag.py:540} INFO - Filling up the DagBag from /home/airflow/.local/lib/python3.8/site-packages/airflow/example_dags/example_setup_teardown.py
[2024-10-20T10:34:39.154+0000] {processor.py:840} INFO - DAG(s) 'example_setup_teardown' retrieved from /home/airflow/.local/lib/python3.8/site-packages/airflow/example_dags/example_setup_teardown.py
[2024-10-20T10:34:39.168+0000] {logging_mixin.py:188} INFO - [2024-10-20T10:34:39.168+0000] {dag.py:3047} INFO - Sync 1 DAGs
[2024-10-20T10:34:39.182+0000] {logging_mixin.py:188} INFO - [2024-10-20T10:34:39.182+0000] {dag.py:3834} INFO - Setting next_dagrun for example_setup_teardown to 2024-10-19 00:00:00+00:00, run_after=2024-10-20 00:00:00+00:00
[2024-10-20T10:34:39.192+0000] {processor.py:183} INFO - Processing /home/airflow/.local/lib/python3.8/site-packages/airflow/example_dags/example_setup_teardown.py took 0.051 seconds
[2024-10-20T10:35:51.411+0000] {processor.py:161} INFO - Started process (PID=97) to work on /home/airflow/.local/lib/python3.8/site-packages/airflow/example_dags/example_setup_teardown.py
[2024-10-20T10:35:51.414+0000] {processor.py:830} INFO - Processing file /home/airflow/.local/lib/python3.8/site-packages/airflow/example_dags/example_setup_teardown.py for tasks to queue
[2024-10-20T10:35:51.417+0000] {logging_mixin.py:188} INFO - [2024-10-20T10:35:51.416+0000] {dagbag.py:540} INFO - Filling up the DagBag from /home/airflow/.local/lib/python3.8/site-packages/airflow/example_dags/example_setup_teardown.py
[2024-10-20T10:35:51.442+0000] {processor.py:840} INFO - DAG(s) 'example_setup_teardown' retrieved from /home/airflow/.local/lib/python3.8/site-packages/airflow/example_dags/example_setup_teardown.py
[2024-10-20T10:35:51.465+0000] {logging_mixin.py:188} INFO - [2024-10-20T10:35:51.465+0000] {dag.py:3047} INFO - Sync 1 DAGs
[2024-10-20T10:35:51.496+0000] {logging_mixin.py:188} INFO - [2024-10-20T10:35:51.495+0000] {dag.py:3834} INFO - Setting next_dagrun for example_setup_teardown to 2024-10-19 00:00:00+00:00, run_after=2024-10-20 00:00:00+00:00
[2024-10-20T10:35:51.528+0000] {processor.py:183} INFO - Processing /home/airflow/.local/lib/python3.8/site-packages/airflow/example_dags/example_setup_teardown.py took 0.122 seconds
[2024-10-20T10:36:21.654+0000] {processor.py:161} INFO - Started process (PID=153) to work on /home/airflow/.local/lib/python3.8/site-packages/airflow/example_dags/example_setup_teardown.py
[2024-10-20T10:36:21.655+0000] {processor.py:830} INFO - Processing file /home/airflow/.local/lib/python3.8/site-packages/airflow/example_dags/example_setup_teardown.py for tasks to queue
[2024-10-20T10:36:21.656+0000] {logging_mixin.py:188} INFO - [2024-10-20T10:36:21.656+0000] {dagbag.py:540} INFO - Filling up the DagBag from /home/airflow/.local/lib/python3.8/site-packages/airflow/example_dags/example_setup_teardown.py
[2024-10-20T10:36:21.662+0000] {processor.py:840} INFO - DAG(s) 'example_setup_teardown' retrieved from /home/airflow/.local/lib/python3.8/site-packages/airflow/example_dags/example_setup_teardown.py
[2024-10-20T10:36:21.745+0000] {logging_mixin.py:188} INFO - [2024-10-20T10:36:21.745+0000] {dag.py:3047} INFO - Sync 1 DAGs
[2024-10-20T10:36:21.761+0000] {logging_mixin.py:188} INFO - [2024-10-20T10:36:21.761+0000] {dag.py:3834} INFO - Setting next_dagrun for example_setup_teardown to 2024-10-19 00:00:00+00:00, run_after=2024-10-20 00:00:00+00:00
[2024-10-20T10:36:21.778+0000] {processor.py:183} INFO - Processing /home/airflow/.local/lib/python3.8/site-packages/airflow/example_dags/example_setup_teardown.py took 0.127 seconds
[2024-10-20T10:36:52.117+0000] {processor.py:161} INFO - Started process (PID=209) to work on /home/airflow/.local/lib/python3.8/site-packages/airflow/example_dags/example_setup_teardown.py
[2024-10-20T10:36:52.119+0000] {processor.py:830} INFO - Processing file /home/airflow/.local/lib/python3.8/site-packages/airflow/example_dags/example_setup_teardown.py for tasks to queue
[2024-10-20T10:36:52.121+0000] {logging_mixin.py:188} INFO - [2024-10-20T10:36:52.121+0000] {dagbag.py:540} INFO - Filling up the DagBag from /home/airflow/.local/lib/python3.8/site-packages/airflow/example_dags/example_setup_teardown.py
[2024-10-20T10:36:52.127+0000] {processor.py:840} INFO - DAG(s) 'example_setup_teardown' retrieved from /home/airflow/.local/lib/python3.8/site-packages/airflow/example_dags/example_setup_teardown.py
[2024-10-20T10:36:52.145+0000] {logging_mixin.py:188} INFO - [2024-10-20T10:36:52.145+0000] {dag.py:3047} INFO - Sync 1 DAGs
[2024-10-20T10:36:52.163+0000] {logging_mixin.py:188} INFO - [2024-10-20T10:36:52.163+0000] {dag.py:3834} INFO - Setting next_dagrun for example_setup_teardown to 2024-10-19 00:00:00+00:00, run_after=2024-10-20 00:00:00+00:00
[2024-10-20T10:36:52.176+0000] {processor.py:183} INFO - Processing /home/airflow/.local/lib/python3.8/site-packages/airflow/example_dags/example_setup_teardown.py took 0.062 seconds
[2024-10-20T10:37:22.667+0000] {processor.py:161} INFO - Started process (PID=265) to work on /home/airflow/.local/lib/python3.8/site-packages/airflow/example_dags/example_setup_teardown.py
[2024-10-20T10:37:22.669+0000] {processor.py:830} INFO - Processing file /home/airflow/.local/lib/python3.8/site-packages/airflow/example_dags/example_setup_teardown.py for tasks to queue
[2024-10-20T10:37:22.671+0000] {logging_mixin.py:188} INFO - [2024-10-20T10:37:22.671+0000] {dagbag.py:540} INFO - Filling up the DagBag from /home/airflow/.local/lib/python3.8/site-packages/airflow/example_dags/example_setup_teardown.py
[2024-10-20T10:37:22.680+0000] {processor.py:840} INFO - DAG(s) 'example_setup_teardown' retrieved from /home/airflow/.local/lib/python3.8/site-packages/airflow/example_dags/example_setup_teardown.py
[2024-10-20T10:37:22.708+0000] {logging_mixin.py:188} INFO - [2024-10-20T10:37:22.708+0000] {dag.py:3047} INFO - Sync 1 DAGs
[2024-10-20T10:37:22.732+0000] {logging_mixin.py:188} INFO - [2024-10-20T10:37:22.732+0000] {dag.py:3834} INFO - Setting next_dagrun for example_setup_teardown to 2024-10-19 00:00:00+00:00, run_after=2024-10-20 00:00:00+00:00
[2024-10-20T10:37:22.751+0000] {processor.py:183} INFO - Processing /home/airflow/.local/lib/python3.8/site-packages/airflow/example_dags/example_setup_teardown.py took 0.087 seconds
[2024-10-20T10:37:53.067+0000] {processor.py:161} INFO - Started process (PID=320) to work on /home/airflow/.local/lib/python3.8/site-packages/airflow/example_dags/example_setup_teardown.py
[2024-10-20T10:37:53.068+0000] {processor.py:830} INFO - Processing file /home/airflow/.local/lib/python3.8/site-packages/airflow/example_dags/example_setup_teardown.py for tasks to queue
[2024-10-20T10:37:53.070+0000] {logging_mixin.py:188} INFO - [2024-10-20T10:37:53.069+0000] {dagbag.py:540} INFO - Filling up the DagBag from /home/airflow/.local/lib/python3.8/site-packages/airflow/example_dags/example_setup_teardown.py
[2024-10-20T10:37:53.076+0000] {processor.py:840} INFO - DAG(s) 'example_setup_teardown' retrieved from /home/airflow/.local/lib/python3.8/site-packages/airflow/example_dags/example_setup_teardown.py
[2024-10-20T10:37:53.091+0000] {logging_mixin.py:188} INFO - [2024-10-20T10:37:53.091+0000] {dag.py:3047} INFO - Sync 1 DAGs
[2024-10-20T10:37:53.107+0000] {logging_mixin.py:188} INFO - [2024-10-20T10:37:53.107+0000] {dag.py:3834} INFO - Setting next_dagrun for example_setup_teardown to 2024-10-19 00:00:00+00:00, run_after=2024-10-20 00:00:00+00:00
[2024-10-20T10:37:53.126+0000] {processor.py:183} INFO - Processing /home/airflow/.local/lib/python3.8/site-packages/airflow/example_dags/example_setup_teardown.py took 0.062 seconds
[2024-10-20T10:38:23.261+0000] {processor.py:161} INFO - Started process (PID=376) to work on /home/airflow/.local/lib/python3.8/site-packages/airflow/example_dags/example_setup_teardown.py
[2024-10-20T10:38:23.263+0000] {processor.py:830} INFO - Processing file /home/airflow/.local/lib/python3.8/site-packages/airflow/example_dags/example_setup_teardown.py for tasks to queue
[2024-10-20T10:38:23.264+0000] {logging_mixin.py:188} INFO - [2024-10-20T10:38:23.264+0000] {dagbag.py:540} INFO - Filling up the DagBag from /home/airflow/.local/lib/python3.8/site-packages/airflow/example_dags/example_setup_teardown.py
[2024-10-20T10:38:23.269+0000] {processor.py:840} INFO - DAG(s) 'example_setup_teardown' retrieved from /home/airflow/.local/lib/python3.8/site-packages/airflow/example_dags/example_setup_teardown.py
[2024-10-20T10:38:23.286+0000] {logging_mixin.py:188} INFO - [2024-10-20T10:38:23.286+0000] {dag.py:3047} INFO - Sync 1 DAGs
[2024-10-20T10:38:23.307+0000] {logging_mixin.py:188} INFO - [2024-10-20T10:38:23.307+0000] {dag.py:3834} INFO - Setting next_dagrun for example_setup_teardown to 2024-10-19 00:00:00+00:00, run_after=2024-10-20 00:00:00+00:00
[2024-10-20T10:38:23.330+0000] {processor.py:183} INFO - Processing /home/airflow/.local/lib/python3.8/site-packages/airflow/example_dags/example_setup_teardown.py took 0.071 seconds
[2024-10-20T10:38:53.531+0000] {processor.py:161} INFO - Started process (PID=432) to work on /home/airflow/.local/lib/python3.8/site-packages/airflow/example_dags/example_setup_teardown.py
[2024-10-20T10:38:53.532+0000] {processor.py:830} INFO - Processing file /home/airflow/.local/lib/python3.8/site-packages/airflow/example_dags/example_setup_teardown.py for tasks to queue
[2024-10-20T10:38:53.534+0000] {logging_mixin.py:188} INFO - [2024-10-20T10:38:53.534+0000] {dagbag.py:540} INFO - Filling up the DagBag from /home/airflow/.local/lib/python3.8/site-packages/airflow/example_dags/example_setup_teardown.py
[2024-10-20T10:38:53.539+0000] {processor.py:840} INFO - DAG(s) 'example_setup_teardown' retrieved from /home/airflow/.local/lib/python3.8/site-packages/airflow/example_dags/example_setup_teardown.py
[2024-10-20T10:38:53.554+0000] {logging_mixin.py:188} INFO - [2024-10-20T10:38:53.554+0000] {dag.py:3047} INFO - Sync 1 DAGs
[2024-10-20T10:38:53.570+0000] {logging_mixin.py:188} INFO - [2024-10-20T10:38:53.570+0000] {dag.py:3834} INFO - Setting next_dagrun for example_setup_teardown to 2024-10-19 00:00:00+00:00, run_after=2024-10-20 00:00:00+00:00
[2024-10-20T10:38:53.587+0000] {processor.py:183} INFO - Processing /home/airflow/.local/lib/python3.8/site-packages/airflow/example_dags/example_setup_teardown.py took 0.058 seconds
[2024-10-20T10:39:23.763+0000] {processor.py:161} INFO - Started process (PID=488) to work on /home/airflow/.local/lib/python3.8/site-packages/airflow/example_dags/example_setup_teardown.py
[2024-10-20T10:39:23.764+0000] {processor.py:830} INFO - Processing file /home/airflow/.local/lib/python3.8/site-packages/airflow/example_dags/example_setup_teardown.py for tasks to queue
[2024-10-20T10:39:23.766+0000] {logging_mixin.py:188} INFO - [2024-10-20T10:39:23.766+0000] {dagbag.py:540} INFO - Filling up the DagBag from /home/airflow/.local/lib/python3.8/site-packages/airflow/example_dags/example_setup_teardown.py
[2024-10-20T10:39:23.774+0000] {processor.py:840} INFO - DAG(s) 'example_setup_teardown' retrieved from /home/airflow/.local/lib/python3.8/site-packages/airflow/example_dags/example_setup_teardown.py
[2024-10-20T10:39:23.796+0000] {logging_mixin.py:188} INFO - [2024-10-20T10:39:23.796+0000] {dag.py:3047} INFO - Sync 1 DAGs
[2024-10-20T10:39:23.812+0000] {logging_mixin.py:188} INFO - [2024-10-20T10:39:23.812+0000] {dag.py:3834} INFO - Setting next_dagrun for example_setup_teardown to 2024-10-19 00:00:00+00:00, run_after=2024-10-20 00:00:00+00:00
[2024-10-20T10:39:23.830+0000] {processor.py:183} INFO - Processing /home/airflow/.local/lib/python3.8/site-packages/airflow/example_dags/example_setup_teardown.py took 0.071 seconds
[2024-10-20T10:39:54.069+0000] {processor.py:161} INFO - Started process (PID=544) to work on /home/airflow/.local/lib/python3.8/site-packages/airflow/example_dags/example_setup_teardown.py
[2024-10-20T10:39:54.073+0000] {processor.py:830} INFO - Processing file /home/airflow/.local/lib/python3.8/site-packages/airflow/example_dags/example_setup_teardown.py for tasks to queue
[2024-10-20T10:39:54.075+0000] {logging_mixin.py:188} INFO - [2024-10-20T10:39:54.075+0000] {dagbag.py:540} INFO - Filling up the DagBag from /home/airflow/.local/lib/python3.8/site-packages/airflow/example_dags/example_setup_teardown.py
[2024-10-20T10:39:54.080+0000] {processor.py:840} INFO - DAG(s) 'example_setup_teardown' retrieved from /home/airflow/.local/lib/python3.8/site-packages/airflow/example_dags/example_setup_teardown.py
[2024-10-20T10:39:54.101+0000] {logging_mixin.py:188} INFO - [2024-10-20T10:39:54.101+0000] {dag.py:3047} INFO - Sync 1 DAGs
[2024-10-20T10:39:54.119+0000] {logging_mixin.py:188} INFO - [2024-10-20T10:39:54.118+0000] {dag.py:3834} INFO - Setting next_dagrun for example_setup_teardown to 2024-10-19 00:00:00+00:00, run_after=2024-10-20 00:00:00+00:00
[2024-10-20T10:39:54.130+0000] {processor.py:183} INFO - Processing /home/airflow/.local/lib/python3.8/site-packages/airflow/example_dags/example_setup_teardown.py took 0.063 seconds
[2024-10-20T10:40:24.231+0000] {processor.py:161} INFO - Started process (PID=600) to work on /home/airflow/.local/lib/python3.8/site-packages/airflow/example_dags/example_setup_teardown.py
[2024-10-20T10:40:24.232+0000] {processor.py:830} INFO - Processing file /home/airflow/.local/lib/python3.8/site-packages/airflow/example_dags/example_setup_teardown.py for tasks to queue
[2024-10-20T10:40:24.235+0000] {logging_mixin.py:188} INFO - [2024-10-20T10:40:24.235+0000] {dagbag.py:540} INFO - Filling up the DagBag from /home/airflow/.local/lib/python3.8/site-packages/airflow/example_dags/example_setup_teardown.py
[2024-10-20T10:40:24.240+0000] {processor.py:840} INFO - DAG(s) 'example_setup_teardown' retrieved from /home/airflow/.local/lib/python3.8/site-packages/airflow/example_dags/example_setup_teardown.py
[2024-10-20T10:40:24.255+0000] {logging_mixin.py:188} INFO - [2024-10-20T10:40:24.255+0000] {dag.py:3047} INFO - Sync 1 DAGs
[2024-10-20T10:40:24.271+0000] {logging_mixin.py:188} INFO - [2024-10-20T10:40:24.270+0000] {dag.py:3834} INFO - Setting next_dagrun for example_setup_teardown to 2024-10-19 00:00:00+00:00, run_after=2024-10-20 00:00:00+00:00
[2024-10-20T10:40:24.285+0000] {processor.py:183} INFO - Processing /home/airflow/.local/lib/python3.8/site-packages/airflow/example_dags/example_setup_teardown.py took 0.057 seconds
[2024-10-20T10:40:54.562+0000] {processor.py:161} INFO - Started process (PID=656) to work on /home/airflow/.local/lib/python3.8/site-packages/airflow/example_dags/example_setup_teardown.py
[2024-10-20T10:40:54.563+0000] {processor.py:830} INFO - Processing file /home/airflow/.local/lib/python3.8/site-packages/airflow/example_dags/example_setup_teardown.py for tasks to queue
[2024-10-20T10:40:54.565+0000] {logging_mixin.py:188} INFO - [2024-10-20T10:40:54.565+0000] {dagbag.py:540} INFO - Filling up the DagBag from /home/airflow/.local/lib/python3.8/site-packages/airflow/example_dags/example_setup_teardown.py
[2024-10-20T10:40:54.577+0000] {processor.py:840} INFO - DAG(s) 'example_setup_teardown' retrieved from /home/airflow/.local/lib/python3.8/site-packages/airflow/example_dags/example_setup_teardown.py
[2024-10-20T10:40:54.609+0000] {logging_mixin.py:188} INFO - [2024-10-20T10:40:54.608+0000] {dag.py:3047} INFO - Sync 1 DAGs
[2024-10-20T10:40:54.642+0000] {logging_mixin.py:188} INFO - [2024-10-20T10:40:54.642+0000] {dag.py:3834} INFO - Setting next_dagrun for example_setup_teardown to 2024-10-19 00:00:00+00:00, run_after=2024-10-20 00:00:00+00:00
[2024-10-20T10:40:54.667+0000] {processor.py:183} INFO - Processing /home/airflow/.local/lib/python3.8/site-packages/airflow/example_dags/example_setup_teardown.py took 0.110 seconds
[2024-10-20T10:41:24.806+0000] {processor.py:161} INFO - Started process (PID=712) to work on /home/airflow/.local/lib/python3.8/site-packages/airflow/example_dags/example_setup_teardown.py
[2024-10-20T10:41:24.807+0000] {processor.py:830} INFO - Processing file /home/airflow/.local/lib/python3.8/site-packages/airflow/example_dags/example_setup_teardown.py for tasks to queue
[2024-10-20T10:41:24.809+0000] {logging_mixin.py:188} INFO - [2024-10-20T10:41:24.808+0000] {dagbag.py:540} INFO - Filling up the DagBag from /home/airflow/.local/lib/python3.8/site-packages/airflow/example_dags/example_setup_teardown.py
[2024-10-20T10:41:24.814+0000] {processor.py:840} INFO - DAG(s) 'example_setup_teardown' retrieved from /home/airflow/.local/lib/python3.8/site-packages/airflow/example_dags/example_setup_teardown.py
[2024-10-20T10:41:24.832+0000] {logging_mixin.py:188} INFO - [2024-10-20T10:41:24.832+0000] {dag.py:3047} INFO - Sync 1 DAGs
[2024-10-20T10:41:24.847+0000] {logging_mixin.py:188} INFO - [2024-10-20T10:41:24.847+0000] {dag.py:3834} INFO - Setting next_dagrun for example_setup_teardown to 2024-10-19 00:00:00+00:00, run_after=2024-10-20 00:00:00+00:00
[2024-10-20T10:41:24.866+0000] {processor.py:183} INFO - Processing /home/airflow/.local/lib/python3.8/site-packages/airflow/example_dags/example_setup_teardown.py took 0.063 seconds
[2024-10-20T10:41:55.771+0000] {processor.py:161} INFO - Started process (PID=768) to work on /home/airflow/.local/lib/python3.8/site-packages/airflow/example_dags/example_setup_teardown.py
[2024-10-20T10:41:55.773+0000] {processor.py:830} INFO - Processing file /home/airflow/.local/lib/python3.8/site-packages/airflow/example_dags/example_setup_teardown.py for tasks to queue
[2024-10-20T10:41:55.778+0000] {logging_mixin.py:188} INFO - [2024-10-20T10:41:55.778+0000] {dagbag.py:540} INFO - Filling up the DagBag from /home/airflow/.local/lib/python3.8/site-packages/airflow/example_dags/example_setup_teardown.py
[2024-10-20T10:41:55.788+0000] {processor.py:840} INFO - DAG(s) 'example_setup_teardown' retrieved from /home/airflow/.local/lib/python3.8/site-packages/airflow/example_dags/example_setup_teardown.py
[2024-10-20T10:41:55.829+0000] {logging_mixin.py:188} INFO - [2024-10-20T10:41:55.827+0000] {dag.py:3047} INFO - Sync 1 DAGs
[2024-10-20T10:41:55.859+0000] {logging_mixin.py:188} INFO - [2024-10-20T10:41:55.859+0000] {dag.py:3834} INFO - Setting next_dagrun for example_setup_teardown to 2024-10-19 00:00:00+00:00, run_after=2024-10-20 00:00:00+00:00
[2024-10-20T10:41:55.895+0000] {processor.py:183} INFO - Processing /home/airflow/.local/lib/python3.8/site-packages/airflow/example_dags/example_setup_teardown.py took 0.129 seconds
[2024-10-20T10:42:26.630+0000] {processor.py:161} INFO - Started process (PID=824) to work on /home/airflow/.local/lib/python3.8/site-packages/airflow/example_dags/example_setup_teardown.py
[2024-10-20T10:42:26.631+0000] {processor.py:830} INFO - Processing file /home/airflow/.local/lib/python3.8/site-packages/airflow/example_dags/example_setup_teardown.py for tasks to queue
[2024-10-20T10:42:26.634+0000] {logging_mixin.py:188} INFO - [2024-10-20T10:42:26.634+0000] {dagbag.py:540} INFO - Filling up the DagBag from /home/airflow/.local/lib/python3.8/site-packages/airflow/example_dags/example_setup_teardown.py
[2024-10-20T10:42:26.640+0000] {processor.py:840} INFO - DAG(s) 'example_setup_teardown' retrieved from /home/airflow/.local/lib/python3.8/site-packages/airflow/example_dags/example_setup_teardown.py
[2024-10-20T10:42:26.658+0000] {logging_mixin.py:188} INFO - [2024-10-20T10:42:26.658+0000] {dag.py:3047} INFO - Sync 1 DAGs
[2024-10-20T10:42:26.675+0000] {logging_mixin.py:188} INFO - [2024-10-20T10:42:26.675+0000] {dag.py:3834} INFO - Setting next_dagrun for example_setup_teardown to 2024-10-19 00:00:00+00:00, run_after=2024-10-20 00:00:00+00:00
[2024-10-20T10:42:26.689+0000] {processor.py:183} INFO - Processing /home/airflow/.local/lib/python3.8/site-packages/airflow/example_dags/example_setup_teardown.py took 0.062 seconds
[2024-10-20T10:42:56.965+0000] {processor.py:161} INFO - Started process (PID=880) to work on /home/airflow/.local/lib/python3.8/site-packages/airflow/example_dags/example_setup_teardown.py
[2024-10-20T10:42:56.970+0000] {processor.py:830} INFO - Processing file /home/airflow/.local/lib/python3.8/site-packages/airflow/example_dags/example_setup_teardown.py for tasks to queue
[2024-10-20T10:42:56.971+0000] {logging_mixin.py:188} INFO - [2024-10-20T10:42:56.971+0000] {dagbag.py:540} INFO - Filling up the DagBag from /home/airflow/.local/lib/python3.8/site-packages/airflow/example_dags/example_setup_teardown.py
[2024-10-20T10:42:56.978+0000] {processor.py:840} INFO - DAG(s) 'example_setup_teardown' retrieved from /home/airflow/.local/lib/python3.8/site-packages/airflow/example_dags/example_setup_teardown.py
[2024-10-20T10:42:56.998+0000] {logging_mixin.py:188} INFO - [2024-10-20T10:42:56.997+0000] {dag.py:3047} INFO - Sync 1 DAGs
[2024-10-20T10:42:57.018+0000] {logging_mixin.py:188} INFO - [2024-10-20T10:42:57.018+0000] {dag.py:3834} INFO - Setting next_dagrun for example_setup_teardown to 2024-10-19 00:00:00+00:00, run_after=2024-10-20 00:00:00+00:00
[2024-10-20T10:42:57.036+0000] {processor.py:183} INFO - Processing /home/airflow/.local/lib/python3.8/site-packages/airflow/example_dags/example_setup_teardown.py took 0.073 seconds
[2024-10-20T10:43:27.266+0000] {processor.py:161} INFO - Started process (PID=936) to work on /home/airflow/.local/lib/python3.8/site-packages/airflow/example_dags/example_setup_teardown.py
[2024-10-20T10:43:27.267+0000] {processor.py:830} INFO - Processing file /home/airflow/.local/lib/python3.8/site-packages/airflow/example_dags/example_setup_teardown.py for tasks to queue
[2024-10-20T10:43:27.271+0000] {logging_mixin.py:188} INFO - [2024-10-20T10:43:27.270+0000] {dagbag.py:540} INFO - Filling up the DagBag from /home/airflow/.local/lib/python3.8/site-packages/airflow/example_dags/example_setup_teardown.py
[2024-10-20T10:43:27.275+0000] {processor.py:840} INFO - DAG(s) 'example_setup_teardown' retrieved from /home/airflow/.local/lib/python3.8/site-packages/airflow/example_dags/example_setup_teardown.py
[2024-10-20T10:43:27.293+0000] {logging_mixin.py:188} INFO - [2024-10-20T10:43:27.293+0000] {dag.py:3047} INFO - Sync 1 DAGs
[2024-10-20T10:43:27.312+0000] {logging_mixin.py:188} INFO - [2024-10-20T10:43:27.312+0000] {dag.py:3834} INFO - Setting next_dagrun for example_setup_teardown to 2024-10-19 00:00:00+00:00, run_after=2024-10-20 00:00:00+00:00
[2024-10-20T10:43:27.323+0000] {processor.py:183} INFO - Processing /home/airflow/.local/lib/python3.8/site-packages/airflow/example_dags/example_setup_teardown.py took 0.059 seconds
[2024-10-20T10:43:57.526+0000] {processor.py:161} INFO - Started process (PID=992) to work on /home/airflow/.local/lib/python3.8/site-packages/airflow/example_dags/example_setup_teardown.py
[2024-10-20T10:43:57.527+0000] {processor.py:830} INFO - Processing file /home/airflow/.local/lib/python3.8/site-packages/airflow/example_dags/example_setup_teardown.py for tasks to queue
[2024-10-20T10:43:57.532+0000] {logging_mixin.py:188} INFO - [2024-10-20T10:43:57.532+0000] {dagbag.py:540} INFO - Filling up the DagBag from /home/airflow/.local/lib/python3.8/site-packages/airflow/example_dags/example_setup_teardown.py
[2024-10-20T10:43:57.537+0000] {processor.py:840} INFO - DAG(s) 'example_setup_teardown' retrieved from /home/airflow/.local/lib/python3.8/site-packages/airflow/example_dags/example_setup_teardown.py
[2024-10-20T10:43:57.556+0000] {logging_mixin.py:188} INFO - [2024-10-20T10:43:57.556+0000] {dag.py:3047} INFO - Sync 1 DAGs
[2024-10-20T10:43:57.571+0000] {logging_mixin.py:188} INFO - [2024-10-20T10:43:57.571+0000] {dag.py:3834} INFO - Setting next_dagrun for example_setup_teardown to 2024-10-19 00:00:00+00:00, run_after=2024-10-20 00:00:00+00:00
[2024-10-20T10:43:57.589+0000] {processor.py:183} INFO - Processing /home/airflow/.local/lib/python3.8/site-packages/airflow/example_dags/example_setup_teardown.py took 0.065 seconds
[2024-10-20T10:44:27.672+0000] {processor.py:161} INFO - Started process (PID=1048) to work on /home/airflow/.local/lib/python3.8/site-packages/airflow/example_dags/example_setup_teardown.py
[2024-10-20T10:44:27.674+0000] {processor.py:830} INFO - Processing file /home/airflow/.local/lib/python3.8/site-packages/airflow/example_dags/example_setup_teardown.py for tasks to queue
[2024-10-20T10:44:27.677+0000] {logging_mixin.py:188} INFO - [2024-10-20T10:44:27.677+0000] {dagbag.py:540} INFO - Filling up the DagBag from /home/airflow/.local/lib/python3.8/site-packages/airflow/example_dags/example_setup_teardown.py
[2024-10-20T10:44:27.682+0000] {processor.py:840} INFO - DAG(s) 'example_setup_teardown' retrieved from /home/airflow/.local/lib/python3.8/site-packages/airflow/example_dags/example_setup_teardown.py
[2024-10-20T10:44:27.706+0000] {logging_mixin.py:188} INFO - [2024-10-20T10:44:27.706+0000] {dag.py:3047} INFO - Sync 1 DAGs
[2024-10-20T10:44:27.722+0000] {logging_mixin.py:188} INFO - [2024-10-20T10:44:27.722+0000] {dag.py:3834} INFO - Setting next_dagrun for example_setup_teardown to 2024-10-19 00:00:00+00:00, run_after=2024-10-20 00:00:00+00:00
[2024-10-20T10:44:27.734+0000] {processor.py:183} INFO - Processing /home/airflow/.local/lib/python3.8/site-packages/airflow/example_dags/example_setup_teardown.py took 0.064 seconds
[2024-10-20T10:44:58.021+0000] {processor.py:161} INFO - Started process (PID=1104) to work on /home/airflow/.local/lib/python3.8/site-packages/airflow/example_dags/example_setup_teardown.py
[2024-10-20T10:44:58.023+0000] {processor.py:830} INFO - Processing file /home/airflow/.local/lib/python3.8/site-packages/airflow/example_dags/example_setup_teardown.py for tasks to queue
[2024-10-20T10:44:58.028+0000] {logging_mixin.py:188} INFO - [2024-10-20T10:44:58.028+0000] {dagbag.py:540} INFO - Filling up the DagBag from /home/airflow/.local/lib/python3.8/site-packages/airflow/example_dags/example_setup_teardown.py
[2024-10-20T10:44:58.033+0000] {processor.py:840} INFO - DAG(s) 'example_setup_teardown' retrieved from /home/airflow/.local/lib/python3.8/site-packages/airflow/example_dags/example_setup_teardown.py
[2024-10-20T10:44:58.052+0000] {logging_mixin.py:188} INFO - [2024-10-20T10:44:58.052+0000] {dag.py:3047} INFO - Sync 1 DAGs
[2024-10-20T10:44:58.068+0000] {logging_mixin.py:188} INFO - [2024-10-20T10:44:58.068+0000] {dag.py:3834} INFO - Setting next_dagrun for example_setup_teardown to 2024-10-19 00:00:00+00:00, run_after=2024-10-20 00:00:00+00:00
[2024-10-20T10:44:58.085+0000] {processor.py:183} INFO - Processing /home/airflow/.local/lib/python3.8/site-packages/airflow/example_dags/example_setup_teardown.py took 0.066 seconds
[2024-10-20T10:45:28.218+0000] {processor.py:161} INFO - Started process (PID=1160) to work on /home/airflow/.local/lib/python3.8/site-packages/airflow/example_dags/example_setup_teardown.py
[2024-10-20T10:45:28.221+0000] {processor.py:830} INFO - Processing file /home/airflow/.local/lib/python3.8/site-packages/airflow/example_dags/example_setup_teardown.py for tasks to queue
[2024-10-20T10:45:28.223+0000] {logging_mixin.py:188} INFO - [2024-10-20T10:45:28.223+0000] {dagbag.py:540} INFO - Filling up the DagBag from /home/airflow/.local/lib/python3.8/site-packages/airflow/example_dags/example_setup_teardown.py
[2024-10-20T10:45:28.229+0000] {processor.py:840} INFO - DAG(s) 'example_setup_teardown' retrieved from /home/airflow/.local/lib/python3.8/site-packages/airflow/example_dags/example_setup_teardown.py
[2024-10-20T10:45:28.248+0000] {logging_mixin.py:188} INFO - [2024-10-20T10:45:28.247+0000] {dag.py:3047} INFO - Sync 1 DAGs
[2024-10-20T10:45:28.263+0000] {logging_mixin.py:188} INFO - [2024-10-20T10:45:28.263+0000] {dag.py:3834} INFO - Setting next_dagrun for example_setup_teardown to 2024-10-19 00:00:00+00:00, run_after=2024-10-20 00:00:00+00:00
[2024-10-20T10:45:28.276+0000] {processor.py:183} INFO - Processing /home/airflow/.local/lib/python3.8/site-packages/airflow/example_dags/example_setup_teardown.py took 0.062 seconds
[2024-10-20T10:45:58.497+0000] {processor.py:161} INFO - Started process (PID=1216) to work on /home/airflow/.local/lib/python3.8/site-packages/airflow/example_dags/example_setup_teardown.py
[2024-10-20T10:45:58.499+0000] {processor.py:830} INFO - Processing file /home/airflow/.local/lib/python3.8/site-packages/airflow/example_dags/example_setup_teardown.py for tasks to queue
[2024-10-20T10:45:58.500+0000] {logging_mixin.py:188} INFO - [2024-10-20T10:45:58.500+0000] {dagbag.py:540} INFO - Filling up the DagBag from /home/airflow/.local/lib/python3.8/site-packages/airflow/example_dags/example_setup_teardown.py
[2024-10-20T10:45:58.505+0000] {processor.py:840} INFO - DAG(s) 'example_setup_teardown' retrieved from /home/airflow/.local/lib/python3.8/site-packages/airflow/example_dags/example_setup_teardown.py
[2024-10-20T10:45:58.528+0000] {logging_mixin.py:188} INFO - [2024-10-20T10:45:58.528+0000] {dag.py:3047} INFO - Sync 1 DAGs
[2024-10-20T10:45:58.545+0000] {logging_mixin.py:188} INFO - [2024-10-20T10:45:58.544+0000] {dag.py:3834} INFO - Setting next_dagrun for example_setup_teardown to 2024-10-19 00:00:00+00:00, run_after=2024-10-20 00:00:00+00:00
[2024-10-20T10:45:58.561+0000] {processor.py:183} INFO - Processing /home/airflow/.local/lib/python3.8/site-packages/airflow/example_dags/example_setup_teardown.py took 0.066 seconds
[2024-10-20T10:46:28.736+0000] {processor.py:161} INFO - Started process (PID=1272) to work on /home/airflow/.local/lib/python3.8/site-packages/airflow/example_dags/example_setup_teardown.py
[2024-10-20T10:46:28.737+0000] {processor.py:830} INFO - Processing file /home/airflow/.local/lib/python3.8/site-packages/airflow/example_dags/example_setup_teardown.py for tasks to queue
[2024-10-20T10:46:28.738+0000] {logging_mixin.py:188} INFO - [2024-10-20T10:46:28.738+0000] {dagbag.py:540} INFO - Filling up the DagBag from /home/airflow/.local/lib/python3.8/site-packages/airflow/example_dags/example_setup_teardown.py
[2024-10-20T10:46:28.744+0000] {processor.py:840} INFO - DAG(s) 'example_setup_teardown' retrieved from /home/airflow/.local/lib/python3.8/site-packages/airflow/example_dags/example_setup_teardown.py
[2024-10-20T10:46:28.764+0000] {logging_mixin.py:188} INFO - [2024-10-20T10:46:28.764+0000] {dag.py:3047} INFO - Sync 1 DAGs
[2024-10-20T10:46:28.781+0000] {logging_mixin.py:188} INFO - [2024-10-20T10:46:28.781+0000] {dag.py:3834} INFO - Setting next_dagrun for example_setup_teardown to 2024-10-19 00:00:00+00:00, run_after=2024-10-20 00:00:00+00:00
[2024-10-20T10:46:28.802+0000] {processor.py:183} INFO - Processing /home/airflow/.local/lib/python3.8/site-packages/airflow/example_dags/example_setup_teardown.py took 0.069 seconds
[2024-10-20T10:46:59.354+0000] {processor.py:161} INFO - Started process (PID=1328) to work on /home/airflow/.local/lib/python3.8/site-packages/airflow/example_dags/example_setup_teardown.py
[2024-10-20T10:46:59.356+0000] {processor.py:830} INFO - Processing file /home/airflow/.local/lib/python3.8/site-packages/airflow/example_dags/example_setup_teardown.py for tasks to queue
[2024-10-20T10:46:59.358+0000] {logging_mixin.py:188} INFO - [2024-10-20T10:46:59.357+0000] {dagbag.py:540} INFO - Filling up the DagBag from /home/airflow/.local/lib/python3.8/site-packages/airflow/example_dags/example_setup_teardown.py
[2024-10-20T10:46:59.363+0000] {processor.py:840} INFO - DAG(s) 'example_setup_teardown' retrieved from /home/airflow/.local/lib/python3.8/site-packages/airflow/example_dags/example_setup_teardown.py
[2024-10-20T10:46:59.379+0000] {logging_mixin.py:188} INFO - [2024-10-20T10:46:59.378+0000] {dag.py:3047} INFO - Sync 1 DAGs
[2024-10-20T10:46:59.393+0000] {logging_mixin.py:188} INFO - [2024-10-20T10:46:59.393+0000] {dag.py:3834} INFO - Setting next_dagrun for example_setup_teardown to 2024-10-19 00:00:00+00:00, run_after=2024-10-20 00:00:00+00:00
[2024-10-20T10:46:59.410+0000] {processor.py:183} INFO - Processing /home/airflow/.local/lib/python3.8/site-packages/airflow/example_dags/example_setup_teardown.py took 0.058 seconds
[2024-10-20T10:47:29.608+0000] {processor.py:161} INFO - Started process (PID=1384) to work on /home/airflow/.local/lib/python3.8/site-packages/airflow/example_dags/example_setup_teardown.py
[2024-10-20T10:47:29.611+0000] {processor.py:830} INFO - Processing file /home/airflow/.local/lib/python3.8/site-packages/airflow/example_dags/example_setup_teardown.py for tasks to queue
[2024-10-20T10:47:29.612+0000] {logging_mixin.py:188} INFO - [2024-10-20T10:47:29.612+0000] {dagbag.py:540} INFO - Filling up the DagBag from /home/airflow/.local/lib/python3.8/site-packages/airflow/example_dags/example_setup_teardown.py
[2024-10-20T10:47:29.618+0000] {processor.py:840} INFO - DAG(s) 'example_setup_teardown' retrieved from /home/airflow/.local/lib/python3.8/site-packages/airflow/example_dags/example_setup_teardown.py
[2024-10-20T10:47:29.665+0000] {logging_mixin.py:188} INFO - [2024-10-20T10:47:29.665+0000] {dag.py:3047} INFO - Sync 1 DAGs
[2024-10-20T10:47:29.681+0000] {logging_mixin.py:188} INFO - [2024-10-20T10:47:29.681+0000] {dag.py:3834} INFO - Setting next_dagrun for example_setup_teardown to 2024-10-19 00:00:00+00:00, run_after=2024-10-20 00:00:00+00:00
[2024-10-20T10:47:29.704+0000] {processor.py:183} INFO - Processing /home/airflow/.local/lib/python3.8/site-packages/airflow/example_dags/example_setup_teardown.py took 0.099 seconds
[2024-10-20T10:47:59.951+0000] {processor.py:161} INFO - Started process (PID=1440) to work on /home/airflow/.local/lib/python3.8/site-packages/airflow/example_dags/example_setup_teardown.py
[2024-10-20T10:47:59.954+0000] {processor.py:830} INFO - Processing file /home/airflow/.local/lib/python3.8/site-packages/airflow/example_dags/example_setup_teardown.py for tasks to queue
[2024-10-20T10:47:59.958+0000] {logging_mixin.py:188} INFO - [2024-10-20T10:47:59.957+0000] {dagbag.py:540} INFO - Filling up the DagBag from /home/airflow/.local/lib/python3.8/site-packages/airflow/example_dags/example_setup_teardown.py
[2024-10-20T10:47:59.964+0000] {processor.py:840} INFO - DAG(s) 'example_setup_teardown' retrieved from /home/airflow/.local/lib/python3.8/site-packages/airflow/example_dags/example_setup_teardown.py
[2024-10-20T10:47:59.990+0000] {logging_mixin.py:188} INFO - [2024-10-20T10:47:59.989+0000] {dag.py:3047} INFO - Sync 1 DAGs
[2024-10-20T10:48:00.013+0000] {logging_mixin.py:188} INFO - [2024-10-20T10:48:00.012+0000] {dag.py:3834} INFO - Setting next_dagrun for example_setup_teardown to 2024-10-19 00:00:00+00:00, run_after=2024-10-20 00:00:00+00:00
[2024-10-20T10:48:00.031+0000] {processor.py:183} INFO - Processing /home/airflow/.local/lib/python3.8/site-packages/airflow/example_dags/example_setup_teardown.py took 0.083 seconds
[2024-10-20T10:48:30.218+0000] {processor.py:161} INFO - Started process (PID=1496) to work on /home/airflow/.local/lib/python3.8/site-packages/airflow/example_dags/example_setup_teardown.py
[2024-10-20T10:48:30.219+0000] {processor.py:830} INFO - Processing file /home/airflow/.local/lib/python3.8/site-packages/airflow/example_dags/example_setup_teardown.py for tasks to queue
[2024-10-20T10:48:30.221+0000] {logging_mixin.py:188} INFO - [2024-10-20T10:48:30.221+0000] {dagbag.py:540} INFO - Filling up the DagBag from /home/airflow/.local/lib/python3.8/site-packages/airflow/example_dags/example_setup_teardown.py
[2024-10-20T10:48:30.227+0000] {processor.py:840} INFO - DAG(s) 'example_setup_teardown' retrieved from /home/airflow/.local/lib/python3.8/site-packages/airflow/example_dags/example_setup_teardown.py
[2024-10-20T10:48:30.242+0000] {logging_mixin.py:188} INFO - [2024-10-20T10:48:30.242+0000] {dag.py:3047} INFO - Sync 1 DAGs
[2024-10-20T10:48:30.257+0000] {logging_mixin.py:188} INFO - [2024-10-20T10:48:30.257+0000] {dag.py:3834} INFO - Setting next_dagrun for example_setup_teardown to 2024-10-19 00:00:00+00:00, run_after=2024-10-20 00:00:00+00:00
[2024-10-20T10:48:30.275+0000] {processor.py:183} INFO - Processing /home/airflow/.local/lib/python3.8/site-packages/airflow/example_dags/example_setup_teardown.py took 0.059 seconds
[2024-10-20T10:49:00.527+0000] {processor.py:161} INFO - Started process (PID=1552) to work on /home/airflow/.local/lib/python3.8/site-packages/airflow/example_dags/example_setup_teardown.py
[2024-10-20T10:49:00.529+0000] {processor.py:830} INFO - Processing file /home/airflow/.local/lib/python3.8/site-packages/airflow/example_dags/example_setup_teardown.py for tasks to queue
[2024-10-20T10:49:00.532+0000] {logging_mixin.py:188} INFO - [2024-10-20T10:49:00.532+0000] {dagbag.py:540} INFO - Filling up the DagBag from /home/airflow/.local/lib/python3.8/site-packages/airflow/example_dags/example_setup_teardown.py
[2024-10-20T10:49:00.540+0000] {processor.py:840} INFO - DAG(s) 'example_setup_teardown' retrieved from /home/airflow/.local/lib/python3.8/site-packages/airflow/example_dags/example_setup_teardown.py
[2024-10-20T10:49:00.578+0000] {logging_mixin.py:188} INFO - [2024-10-20T10:49:00.573+0000] {dag.py:3047} INFO - Sync 1 DAGs
[2024-10-20T10:49:00.607+0000] {logging_mixin.py:188} INFO - [2024-10-20T10:49:00.606+0000] {dag.py:3834} INFO - Setting next_dagrun for example_setup_teardown to 2024-10-19 00:00:00+00:00, run_after=2024-10-20 00:00:00+00:00
[2024-10-20T10:49:00.651+0000] {processor.py:183} INFO - Processing /home/airflow/.local/lib/python3.8/site-packages/airflow/example_dags/example_setup_teardown.py took 0.127 seconds
[2024-10-20T10:49:30.783+0000] {processor.py:161} INFO - Started process (PID=1608) to work on /home/airflow/.local/lib/python3.8/site-packages/airflow/example_dags/example_setup_teardown.py
[2024-10-20T10:49:30.786+0000] {processor.py:830} INFO - Processing file /home/airflow/.local/lib/python3.8/site-packages/airflow/example_dags/example_setup_teardown.py for tasks to queue
[2024-10-20T10:49:30.787+0000] {logging_mixin.py:188} INFO - [2024-10-20T10:49:30.787+0000] {dagbag.py:540} INFO - Filling up the DagBag from /home/airflow/.local/lib/python3.8/site-packages/airflow/example_dags/example_setup_teardown.py
[2024-10-20T10:49:30.794+0000] {processor.py:840} INFO - DAG(s) 'example_setup_teardown' retrieved from /home/airflow/.local/lib/python3.8/site-packages/airflow/example_dags/example_setup_teardown.py
[2024-10-20T10:49:30.815+0000] {logging_mixin.py:188} INFO - [2024-10-20T10:49:30.815+0000] {dag.py:3047} INFO - Sync 1 DAGs
[2024-10-20T10:49:30.831+0000] {logging_mixin.py:188} INFO - [2024-10-20T10:49:30.831+0000] {dag.py:3834} INFO - Setting next_dagrun for example_setup_teardown to 2024-10-19 00:00:00+00:00, run_after=2024-10-20 00:00:00+00:00
[2024-10-20T10:49:30.851+0000] {processor.py:183} INFO - Processing /home/airflow/.local/lib/python3.8/site-packages/airflow/example_dags/example_setup_teardown.py took 0.070 seconds
[2024-10-20T10:50:01.275+0000] {processor.py:161} INFO - Started process (PID=1664) to work on /home/airflow/.local/lib/python3.8/site-packages/airflow/example_dags/example_setup_teardown.py
[2024-10-20T10:50:01.276+0000] {processor.py:830} INFO - Processing file /home/airflow/.local/lib/python3.8/site-packages/airflow/example_dags/example_setup_teardown.py for tasks to queue
[2024-10-20T10:50:01.279+0000] {logging_mixin.py:188} INFO - [2024-10-20T10:50:01.278+0000] {dagbag.py:540} INFO - Filling up the DagBag from /home/airflow/.local/lib/python3.8/site-packages/airflow/example_dags/example_setup_teardown.py
[2024-10-20T10:50:01.283+0000] {processor.py:840} INFO - DAG(s) 'example_setup_teardown' retrieved from /home/airflow/.local/lib/python3.8/site-packages/airflow/example_dags/example_setup_teardown.py
[2024-10-20T10:50:01.303+0000] {logging_mixin.py:188} INFO - [2024-10-20T10:50:01.302+0000] {dag.py:3047} INFO - Sync 1 DAGs
[2024-10-20T10:50:01.318+0000] {logging_mixin.py:188} INFO - [2024-10-20T10:50:01.318+0000] {dag.py:3834} INFO - Setting next_dagrun for example_setup_teardown to 2024-10-19 00:00:00+00:00, run_after=2024-10-20 00:00:00+00:00
[2024-10-20T10:50:01.334+0000] {processor.py:183} INFO - Processing /home/airflow/.local/lib/python3.8/site-packages/airflow/example_dags/example_setup_teardown.py took 0.061 seconds
[2024-10-20T10:50:31.422+0000] {processor.py:161} INFO - Started process (PID=1720) to work on /home/airflow/.local/lib/python3.8/site-packages/airflow/example_dags/example_setup_teardown.py
[2024-10-20T10:50:31.423+0000] {processor.py:830} INFO - Processing file /home/airflow/.local/lib/python3.8/site-packages/airflow/example_dags/example_setup_teardown.py for tasks to queue
[2024-10-20T10:50:31.425+0000] {logging_mixin.py:188} INFO - [2024-10-20T10:50:31.425+0000] {dagbag.py:540} INFO - Filling up the DagBag from /home/airflow/.local/lib/python3.8/site-packages/airflow/example_dags/example_setup_teardown.py
[2024-10-20T10:50:31.432+0000] {processor.py:840} INFO - DAG(s) 'example_setup_teardown' retrieved from /home/airflow/.local/lib/python3.8/site-packages/airflow/example_dags/example_setup_teardown.py
[2024-10-20T10:50:31.447+0000] {logging_mixin.py:188} INFO - [2024-10-20T10:50:31.447+0000] {dag.py:3047} INFO - Sync 1 DAGs
[2024-10-20T10:50:31.461+0000] {logging_mixin.py:188} INFO - [2024-10-20T10:50:31.461+0000] {dag.py:3834} INFO - Setting next_dagrun for example_setup_teardown to 2024-10-19 00:00:00+00:00, run_after=2024-10-20 00:00:00+00:00
[2024-10-20T10:50:31.480+0000] {processor.py:183} INFO - Processing /home/airflow/.local/lib/python3.8/site-packages/airflow/example_dags/example_setup_teardown.py took 0.061 seconds
[2024-10-20T10:51:01.505+0000] {processor.py:161} INFO - Started process (PID=1776) to work on /home/airflow/.local/lib/python3.8/site-packages/airflow/example_dags/example_setup_teardown.py
[2024-10-20T10:51:01.509+0000] {processor.py:830} INFO - Processing file /home/airflow/.local/lib/python3.8/site-packages/airflow/example_dags/example_setup_teardown.py for tasks to queue
[2024-10-20T10:51:01.511+0000] {logging_mixin.py:188} INFO - [2024-10-20T10:51:01.511+0000] {dagbag.py:540} INFO - Filling up the DagBag from /home/airflow/.local/lib/python3.8/site-packages/airflow/example_dags/example_setup_teardown.py
[2024-10-20T10:51:01.516+0000] {processor.py:840} INFO - DAG(s) 'example_setup_teardown' retrieved from /home/airflow/.local/lib/python3.8/site-packages/airflow/example_dags/example_setup_teardown.py
[2024-10-20T10:51:01.530+0000] {logging_mixin.py:188} INFO - [2024-10-20T10:51:01.530+0000] {dag.py:3047} INFO - Sync 1 DAGs
[2024-10-20T10:51:01.546+0000] {logging_mixin.py:188} INFO - [2024-10-20T10:51:01.546+0000] {dag.py:3834} INFO - Setting next_dagrun for example_setup_teardown to 2024-10-19 00:00:00+00:00, run_after=2024-10-20 00:00:00+00:00
[2024-10-20T10:51:01.558+0000] {processor.py:183} INFO - Processing /home/airflow/.local/lib/python3.8/site-packages/airflow/example_dags/example_setup_teardown.py took 0.056 seconds
[2024-10-20T10:51:31.768+0000] {processor.py:161} INFO - Started process (PID=1832) to work on /home/airflow/.local/lib/python3.8/site-packages/airflow/example_dags/example_setup_teardown.py
[2024-10-20T10:51:31.770+0000] {processor.py:830} INFO - Processing file /home/airflow/.local/lib/python3.8/site-packages/airflow/example_dags/example_setup_teardown.py for tasks to queue
[2024-10-20T10:51:31.775+0000] {logging_mixin.py:188} INFO - [2024-10-20T10:51:31.775+0000] {dagbag.py:540} INFO - Filling up the DagBag from /home/airflow/.local/lib/python3.8/site-packages/airflow/example_dags/example_setup_teardown.py
[2024-10-20T10:51:31.781+0000] {processor.py:840} INFO - DAG(s) 'example_setup_teardown' retrieved from /home/airflow/.local/lib/python3.8/site-packages/airflow/example_dags/example_setup_teardown.py
[2024-10-20T10:51:31.802+0000] {logging_mixin.py:188} INFO - [2024-10-20T10:51:31.802+0000] {dag.py:3047} INFO - Sync 1 DAGs
[2024-10-20T10:51:31.816+0000] {logging_mixin.py:188} INFO - [2024-10-20T10:51:31.816+0000] {dag.py:3834} INFO - Setting next_dagrun for example_setup_teardown to 2024-10-19 00:00:00+00:00, run_after=2024-10-20 00:00:00+00:00
[2024-10-20T10:51:31.831+0000] {processor.py:183} INFO - Processing /home/airflow/.local/lib/python3.8/site-packages/airflow/example_dags/example_setup_teardown.py took 0.065 seconds
[2024-10-20T10:52:01.917+0000] {processor.py:161} INFO - Started process (PID=1888) to work on /home/airflow/.local/lib/python3.8/site-packages/airflow/example_dags/example_setup_teardown.py
[2024-10-20T10:52:01.920+0000] {processor.py:830} INFO - Processing file /home/airflow/.local/lib/python3.8/site-packages/airflow/example_dags/example_setup_teardown.py for tasks to queue
[2024-10-20T10:52:01.922+0000] {logging_mixin.py:188} INFO - [2024-10-20T10:52:01.921+0000] {dagbag.py:540} INFO - Filling up the DagBag from /home/airflow/.local/lib/python3.8/site-packages/airflow/example_dags/example_setup_teardown.py
[2024-10-20T10:52:01.927+0000] {processor.py:840} INFO - DAG(s) 'example_setup_teardown' retrieved from /home/airflow/.local/lib/python3.8/site-packages/airflow/example_dags/example_setup_teardown.py
[2024-10-20T10:52:01.940+0000] {logging_mixin.py:188} INFO - [2024-10-20T10:52:01.940+0000] {dag.py:3047} INFO - Sync 1 DAGs
[2024-10-20T10:52:01.954+0000] {logging_mixin.py:188} INFO - [2024-10-20T10:52:01.954+0000] {dag.py:3834} INFO - Setting next_dagrun for example_setup_teardown to 2024-10-19 00:00:00+00:00, run_after=2024-10-20 00:00:00+00:00
[2024-10-20T10:52:01.967+0000] {processor.py:183} INFO - Processing /home/airflow/.local/lib/python3.8/site-packages/airflow/example_dags/example_setup_teardown.py took 0.052 seconds
[2024-10-20T10:52:32.145+0000] {processor.py:161} INFO - Started process (PID=1943) to work on /home/airflow/.local/lib/python3.8/site-packages/airflow/example_dags/example_setup_teardown.py
[2024-10-20T10:52:32.146+0000] {processor.py:830} INFO - Processing file /home/airflow/.local/lib/python3.8/site-packages/airflow/example_dags/example_setup_teardown.py for tasks to queue
[2024-10-20T10:52:32.147+0000] {logging_mixin.py:188} INFO - [2024-10-20T10:52:32.147+0000] {dagbag.py:540} INFO - Filling up the DagBag from /home/airflow/.local/lib/python3.8/site-packages/airflow/example_dags/example_setup_teardown.py
[2024-10-20T10:52:32.152+0000] {processor.py:840} INFO - DAG(s) 'example_setup_teardown' retrieved from /home/airflow/.local/lib/python3.8/site-packages/airflow/example_dags/example_setup_teardown.py
[2024-10-20T10:52:32.165+0000] {logging_mixin.py:188} INFO - [2024-10-20T10:52:32.165+0000] {dag.py:3047} INFO - Sync 1 DAGs
[2024-10-20T10:52:32.179+0000] {logging_mixin.py:188} INFO - [2024-10-20T10:52:32.179+0000] {dag.py:3834} INFO - Setting next_dagrun for example_setup_teardown to 2024-10-19 00:00:00+00:00, run_after=2024-10-20 00:00:00+00:00
[2024-10-20T10:52:32.189+0000] {processor.py:183} INFO - Processing /home/airflow/.local/lib/python3.8/site-packages/airflow/example_dags/example_setup_teardown.py took 0.047 seconds
[2024-10-20T10:53:03.206+0000] {processor.py:161} INFO - Started process (PID=1999) to work on /home/airflow/.local/lib/python3.8/site-packages/airflow/example_dags/example_setup_teardown.py
[2024-10-20T10:53:03.206+0000] {processor.py:830} INFO - Processing file /home/airflow/.local/lib/python3.8/site-packages/airflow/example_dags/example_setup_teardown.py for tasks to queue
[2024-10-20T10:53:03.209+0000] {logging_mixin.py:188} INFO - [2024-10-20T10:53:03.209+0000] {dagbag.py:540} INFO - Filling up the DagBag from /home/airflow/.local/lib/python3.8/site-packages/airflow/example_dags/example_setup_teardown.py
[2024-10-20T10:53:03.213+0000] {processor.py:840} INFO - DAG(s) 'example_setup_teardown' retrieved from /home/airflow/.local/lib/python3.8/site-packages/airflow/example_dags/example_setup_teardown.py
[2024-10-20T10:53:03.229+0000] {logging_mixin.py:188} INFO - [2024-10-20T10:53:03.229+0000] {dag.py:3047} INFO - Sync 1 DAGs
[2024-10-20T10:53:03.245+0000] {logging_mixin.py:188} INFO - [2024-10-20T10:53:03.245+0000] {dag.py:3834} INFO - Setting next_dagrun for example_setup_teardown to 2024-10-19 00:00:00+00:00, run_after=2024-10-20 00:00:00+00:00
[2024-10-20T10:53:03.259+0000] {processor.py:183} INFO - Processing /home/airflow/.local/lib/python3.8/site-packages/airflow/example_dags/example_setup_teardown.py took 0.056 seconds
[2024-10-20T10:53:33.433+0000] {processor.py:161} INFO - Started process (PID=2055) to work on /home/airflow/.local/lib/python3.8/site-packages/airflow/example_dags/example_setup_teardown.py
[2024-10-20T10:53:33.435+0000] {processor.py:830} INFO - Processing file /home/airflow/.local/lib/python3.8/site-packages/airflow/example_dags/example_setup_teardown.py for tasks to queue
[2024-10-20T10:53:33.436+0000] {logging_mixin.py:188} INFO - [2024-10-20T10:53:33.436+0000] {dagbag.py:540} INFO - Filling up the DagBag from /home/airflow/.local/lib/python3.8/site-packages/airflow/example_dags/example_setup_teardown.py
[2024-10-20T10:53:33.441+0000] {processor.py:840} INFO - DAG(s) 'example_setup_teardown' retrieved from /home/airflow/.local/lib/python3.8/site-packages/airflow/example_dags/example_setup_teardown.py
[2024-10-20T10:53:33.456+0000] {logging_mixin.py:188} INFO - [2024-10-20T10:53:33.456+0000] {dag.py:3047} INFO - Sync 1 DAGs
[2024-10-20T10:53:33.474+0000] {logging_mixin.py:188} INFO - [2024-10-20T10:53:33.474+0000] {dag.py:3834} INFO - Setting next_dagrun for example_setup_teardown to 2024-10-19 00:00:00+00:00, run_after=2024-10-20 00:00:00+00:00
[2024-10-20T10:53:33.492+0000] {processor.py:183} INFO - Processing /home/airflow/.local/lib/python3.8/site-packages/airflow/example_dags/example_setup_teardown.py took 0.061 seconds
[2024-10-20T10:54:04.411+0000] {processor.py:161} INFO - Started process (PID=2111) to work on /home/airflow/.local/lib/python3.8/site-packages/airflow/example_dags/example_setup_teardown.py
[2024-10-20T10:54:04.412+0000] {processor.py:830} INFO - Processing file /home/airflow/.local/lib/python3.8/site-packages/airflow/example_dags/example_setup_teardown.py for tasks to queue
[2024-10-20T10:54:04.414+0000] {logging_mixin.py:188} INFO - [2024-10-20T10:54:04.413+0000] {dagbag.py:540} INFO - Filling up the DagBag from /home/airflow/.local/lib/python3.8/site-packages/airflow/example_dags/example_setup_teardown.py
[2024-10-20T10:54:04.418+0000] {processor.py:840} INFO - DAG(s) 'example_setup_teardown' retrieved from /home/airflow/.local/lib/python3.8/site-packages/airflow/example_dags/example_setup_teardown.py
[2024-10-20T10:54:04.433+0000] {logging_mixin.py:188} INFO - [2024-10-20T10:54:04.433+0000] {dag.py:3047} INFO - Sync 1 DAGs
[2024-10-20T10:54:04.449+0000] {logging_mixin.py:188} INFO - [2024-10-20T10:54:04.448+0000] {dag.py:3834} INFO - Setting next_dagrun for example_setup_teardown to 2024-10-19 00:00:00+00:00, run_after=2024-10-20 00:00:00+00:00
[2024-10-20T10:54:04.461+0000] {processor.py:183} INFO - Processing /home/airflow/.local/lib/python3.8/site-packages/airflow/example_dags/example_setup_teardown.py took 0.053 seconds
[2024-10-20T10:54:34.595+0000] {processor.py:161} INFO - Started process (PID=2167) to work on /home/airflow/.local/lib/python3.8/site-packages/airflow/example_dags/example_setup_teardown.py
[2024-10-20T10:54:34.596+0000] {processor.py:830} INFO - Processing file /home/airflow/.local/lib/python3.8/site-packages/airflow/example_dags/example_setup_teardown.py for tasks to queue
[2024-10-20T10:54:34.598+0000] {logging_mixin.py:188} INFO - [2024-10-20T10:54:34.597+0000] {dagbag.py:540} INFO - Filling up the DagBag from /home/airflow/.local/lib/python3.8/site-packages/airflow/example_dags/example_setup_teardown.py
[2024-10-20T10:54:34.602+0000] {processor.py:840} INFO - DAG(s) 'example_setup_teardown' retrieved from /home/airflow/.local/lib/python3.8/site-packages/airflow/example_dags/example_setup_teardown.py
[2024-10-20T10:54:34.616+0000] {logging_mixin.py:188} INFO - [2024-10-20T10:54:34.616+0000] {dag.py:3047} INFO - Sync 1 DAGs
[2024-10-20T10:54:34.634+0000] {logging_mixin.py:188} INFO - [2024-10-20T10:54:34.634+0000] {dag.py:3834} INFO - Setting next_dagrun for example_setup_teardown to 2024-10-19 00:00:00+00:00, run_after=2024-10-20 00:00:00+00:00
[2024-10-20T10:54:34.647+0000] {processor.py:183} INFO - Processing /home/airflow/.local/lib/python3.8/site-packages/airflow/example_dags/example_setup_teardown.py took 0.053 seconds
[2024-10-20T10:55:04.940+0000] {processor.py:161} INFO - Started process (PID=2222) to work on /home/airflow/.local/lib/python3.8/site-packages/airflow/example_dags/example_setup_teardown.py
[2024-10-20T10:55:04.941+0000] {processor.py:830} INFO - Processing file /home/airflow/.local/lib/python3.8/site-packages/airflow/example_dags/example_setup_teardown.py for tasks to queue
[2024-10-20T10:55:04.942+0000] {logging_mixin.py:188} INFO - [2024-10-20T10:55:04.942+0000] {dagbag.py:540} INFO - Filling up the DagBag from /home/airflow/.local/lib/python3.8/site-packages/airflow/example_dags/example_setup_teardown.py
[2024-10-20T10:55:04.947+0000] {processor.py:840} INFO - DAG(s) 'example_setup_teardown' retrieved from /home/airflow/.local/lib/python3.8/site-packages/airflow/example_dags/example_setup_teardown.py
[2024-10-20T10:55:04.963+0000] {logging_mixin.py:188} INFO - [2024-10-20T10:55:04.963+0000] {dag.py:3047} INFO - Sync 1 DAGs
[2024-10-20T10:55:04.977+0000] {logging_mixin.py:188} INFO - [2024-10-20T10:55:04.977+0000] {dag.py:3834} INFO - Setting next_dagrun for example_setup_teardown to 2024-10-19 00:00:00+00:00, run_after=2024-10-20 00:00:00+00:00
[2024-10-20T10:55:04.991+0000] {processor.py:183} INFO - Processing /home/airflow/.local/lib/python3.8/site-packages/airflow/example_dags/example_setup_teardown.py took 0.054 seconds
[2024-10-20T10:55:35.952+0000] {processor.py:161} INFO - Started process (PID=2278) to work on /home/airflow/.local/lib/python3.8/site-packages/airflow/example_dags/example_setup_teardown.py
[2024-10-20T10:55:35.954+0000] {processor.py:830} INFO - Processing file /home/airflow/.local/lib/python3.8/site-packages/airflow/example_dags/example_setup_teardown.py for tasks to queue
[2024-10-20T10:55:35.957+0000] {logging_mixin.py:188} INFO - [2024-10-20T10:55:35.957+0000] {dagbag.py:540} INFO - Filling up the DagBag from /home/airflow/.local/lib/python3.8/site-packages/airflow/example_dags/example_setup_teardown.py
[2024-10-20T10:55:35.964+0000] {processor.py:840} INFO - DAG(s) 'example_setup_teardown' retrieved from /home/airflow/.local/lib/python3.8/site-packages/airflow/example_dags/example_setup_teardown.py
[2024-10-20T10:55:35.980+0000] {logging_mixin.py:188} INFO - [2024-10-20T10:55:35.979+0000] {dag.py:3047} INFO - Sync 1 DAGs
[2024-10-20T10:55:35.995+0000] {logging_mixin.py:188} INFO - [2024-10-20T10:55:35.995+0000] {dag.py:3834} INFO - Setting next_dagrun for example_setup_teardown to 2024-10-19 00:00:00+00:00, run_after=2024-10-20 00:00:00+00:00
[2024-10-20T10:55:36.013+0000] {processor.py:183} INFO - Processing /home/airflow/.local/lib/python3.8/site-packages/airflow/example_dags/example_setup_teardown.py took 0.064 seconds
[2024-10-20T10:56:06.055+0000] {processor.py:161} INFO - Started process (PID=2334) to work on /home/airflow/.local/lib/python3.8/site-packages/airflow/example_dags/example_setup_teardown.py
[2024-10-20T10:56:06.056+0000] {processor.py:830} INFO - Processing file /home/airflow/.local/lib/python3.8/site-packages/airflow/example_dags/example_setup_teardown.py for tasks to queue
[2024-10-20T10:56:06.059+0000] {logging_mixin.py:188} INFO - [2024-10-20T10:56:06.058+0000] {dagbag.py:540} INFO - Filling up the DagBag from /home/airflow/.local/lib/python3.8/site-packages/airflow/example_dags/example_setup_teardown.py
[2024-10-20T10:56:06.063+0000] {processor.py:840} INFO - DAG(s) 'example_setup_teardown' retrieved from /home/airflow/.local/lib/python3.8/site-packages/airflow/example_dags/example_setup_teardown.py
[2024-10-20T10:56:06.083+0000] {logging_mixin.py:188} INFO - [2024-10-20T10:56:06.083+0000] {dag.py:3047} INFO - Sync 1 DAGs
[2024-10-20T10:56:06.102+0000] {logging_mixin.py:188} INFO - [2024-10-20T10:56:06.102+0000] {dag.py:3834} INFO - Setting next_dagrun for example_setup_teardown to 2024-10-19 00:00:00+00:00, run_after=2024-10-20 00:00:00+00:00
[2024-10-20T10:56:06.114+0000] {processor.py:183} INFO - Processing /home/airflow/.local/lib/python3.8/site-packages/airflow/example_dags/example_setup_teardown.py took 0.061 seconds
