[2024-10-20T10:20:19.849+0000] {processor.py:161} INFO - Started process (PID=103) to work on /home/airflow/.local/lib/python3.8/site-packages/airflow/example_dags/example_sensor_decorator.py
[2024-10-20T10:20:19.851+0000] {processor.py:830} INFO - Processing file /home/airflow/.local/lib/python3.8/site-packages/airflow/example_dags/example_sensor_decorator.py for tasks to queue
[2024-10-20T10:20:19.856+0000] {logging_mixin.py:188} INFO - [2024-10-20T10:20:19.856+0000] {dagbag.py:540} INFO - Filling up the DagBag from /home/airflow/.local/lib/python3.8/site-packages/airflow/example_dags/example_sensor_decorator.py
[2024-10-20T10:20:19.867+0000] {processor.py:840} INFO - DAG(s) 'example_sensor_decorator' retrieved from /home/airflow/.local/lib/python3.8/site-packages/airflow/example_dags/example_sensor_decorator.py
[2024-10-20T10:20:19.992+0000] {logging_mixin.py:188} INFO - [2024-10-20T10:20:19.992+0000] {dag.py:3047} INFO - Sync 1 DAGs
[2024-10-20T10:20:20.009+0000] {logging_mixin.py:188} INFO - [2024-10-20T10:20:20.009+0000] {dag.py:3834} INFO - Setting next_dagrun for example_sensor_decorator to None, run_after=None
[2024-10-20T10:20:20.058+0000] {processor.py:183} INFO - Processing /home/airflow/.local/lib/python3.8/site-packages/airflow/example_dags/example_sensor_decorator.py took 0.213 seconds
[2024-10-20T10:20:50.473+0000] {processor.py:161} INFO - Started process (PID=158) to work on /home/airflow/.local/lib/python3.8/site-packages/airflow/example_dags/example_sensor_decorator.py
[2024-10-20T10:20:50.476+0000] {processor.py:830} INFO - Processing file /home/airflow/.local/lib/python3.8/site-packages/airflow/example_dags/example_sensor_decorator.py for tasks to queue
[2024-10-20T10:20:50.478+0000] {logging_mixin.py:188} INFO - [2024-10-20T10:20:50.478+0000] {dagbag.py:540} INFO - Filling up the DagBag from /home/airflow/.local/lib/python3.8/site-packages/airflow/example_dags/example_sensor_decorator.py
[2024-10-20T10:20:50.483+0000] {processor.py:840} INFO - DAG(s) 'example_sensor_decorator' retrieved from /home/airflow/.local/lib/python3.8/site-packages/airflow/example_dags/example_sensor_decorator.py
[2024-10-20T10:20:50.495+0000] {logging_mixin.py:188} INFO - [2024-10-20T10:20:50.495+0000] {dag.py:3047} INFO - Sync 1 DAGs
[2024-10-20T10:20:50.504+0000] {logging_mixin.py:188} INFO - [2024-10-20T10:20:50.504+0000] {dag.py:3834} INFO - Setting next_dagrun for example_sensor_decorator to None, run_after=None
[2024-10-20T10:20:50.516+0000] {processor.py:183} INFO - Processing /home/airflow/.local/lib/python3.8/site-packages/airflow/example_dags/example_sensor_decorator.py took 0.046 seconds
[2024-10-20T10:21:21.303+0000] {processor.py:161} INFO - Started process (PID=213) to work on /home/airflow/.local/lib/python3.8/site-packages/airflow/example_dags/example_sensor_decorator.py
[2024-10-20T10:21:21.304+0000] {processor.py:830} INFO - Processing file /home/airflow/.local/lib/python3.8/site-packages/airflow/example_dags/example_sensor_decorator.py for tasks to queue
[2024-10-20T10:21:21.305+0000] {logging_mixin.py:188} INFO - [2024-10-20T10:21:21.305+0000] {dagbag.py:540} INFO - Filling up the DagBag from /home/airflow/.local/lib/python3.8/site-packages/airflow/example_dags/example_sensor_decorator.py
[2024-10-20T10:21:21.309+0000] {processor.py:840} INFO - DAG(s) 'example_sensor_decorator' retrieved from /home/airflow/.local/lib/python3.8/site-packages/airflow/example_dags/example_sensor_decorator.py
[2024-10-20T10:21:21.322+0000] {logging_mixin.py:188} INFO - [2024-10-20T10:21:21.322+0000] {dag.py:3047} INFO - Sync 1 DAGs
[2024-10-20T10:21:21.330+0000] {logging_mixin.py:188} INFO - [2024-10-20T10:21:21.330+0000] {dag.py:3834} INFO - Setting next_dagrun for example_sensor_decorator to None, run_after=None
[2024-10-20T10:21:21.344+0000] {processor.py:183} INFO - Processing /home/airflow/.local/lib/python3.8/site-packages/airflow/example_dags/example_sensor_decorator.py took 0.044 seconds
[2024-10-20T10:21:52.175+0000] {processor.py:161} INFO - Started process (PID=268) to work on /home/airflow/.local/lib/python3.8/site-packages/airflow/example_dags/example_sensor_decorator.py
[2024-10-20T10:21:52.181+0000] {processor.py:830} INFO - Processing file /home/airflow/.local/lib/python3.8/site-packages/airflow/example_dags/example_sensor_decorator.py for tasks to queue
[2024-10-20T10:21:52.184+0000] {logging_mixin.py:188} INFO - [2024-10-20T10:21:52.184+0000] {dagbag.py:540} INFO - Filling up the DagBag from /home/airflow/.local/lib/python3.8/site-packages/airflow/example_dags/example_sensor_decorator.py
[2024-10-20T10:21:52.189+0000] {processor.py:840} INFO - DAG(s) 'example_sensor_decorator' retrieved from /home/airflow/.local/lib/python3.8/site-packages/airflow/example_dags/example_sensor_decorator.py
[2024-10-20T10:21:52.206+0000] {logging_mixin.py:188} INFO - [2024-10-20T10:21:52.206+0000] {dag.py:3047} INFO - Sync 1 DAGs
[2024-10-20T10:21:52.217+0000] {logging_mixin.py:188} INFO - [2024-10-20T10:21:52.217+0000] {dag.py:3834} INFO - Setting next_dagrun for example_sensor_decorator to None, run_after=None
[2024-10-20T10:21:52.230+0000] {processor.py:183} INFO - Processing /home/airflow/.local/lib/python3.8/site-packages/airflow/example_dags/example_sensor_decorator.py took 0.058 seconds
[2024-10-20T10:22:22.322+0000] {processor.py:161} INFO - Started process (PID=323) to work on /home/airflow/.local/lib/python3.8/site-packages/airflow/example_dags/example_sensor_decorator.py
[2024-10-20T10:22:22.323+0000] {processor.py:830} INFO - Processing file /home/airflow/.local/lib/python3.8/site-packages/airflow/example_dags/example_sensor_decorator.py for tasks to queue
[2024-10-20T10:22:22.324+0000] {logging_mixin.py:188} INFO - [2024-10-20T10:22:22.324+0000] {dagbag.py:540} INFO - Filling up the DagBag from /home/airflow/.local/lib/python3.8/site-packages/airflow/example_dags/example_sensor_decorator.py
[2024-10-20T10:22:22.329+0000] {processor.py:840} INFO - DAG(s) 'example_sensor_decorator' retrieved from /home/airflow/.local/lib/python3.8/site-packages/airflow/example_dags/example_sensor_decorator.py
[2024-10-20T10:22:22.344+0000] {logging_mixin.py:188} INFO - [2024-10-20T10:22:22.344+0000] {dag.py:3047} INFO - Sync 1 DAGs
[2024-10-20T10:22:22.353+0000] {logging_mixin.py:188} INFO - [2024-10-20T10:22:22.353+0000] {dag.py:3834} INFO - Setting next_dagrun for example_sensor_decorator to None, run_after=None
[2024-10-20T10:22:22.367+0000] {processor.py:183} INFO - Processing /home/airflow/.local/lib/python3.8/site-packages/airflow/example_dags/example_sensor_decorator.py took 0.048 seconds
[2024-10-20T10:22:52.389+0000] {processor.py:161} INFO - Started process (PID=378) to work on /home/airflow/.local/lib/python3.8/site-packages/airflow/example_dags/example_sensor_decorator.py
[2024-10-20T10:22:52.390+0000] {processor.py:830} INFO - Processing file /home/airflow/.local/lib/python3.8/site-packages/airflow/example_dags/example_sensor_decorator.py for tasks to queue
[2024-10-20T10:22:52.394+0000] {logging_mixin.py:188} INFO - [2024-10-20T10:22:52.394+0000] {dagbag.py:540} INFO - Filling up the DagBag from /home/airflow/.local/lib/python3.8/site-packages/airflow/example_dags/example_sensor_decorator.py
[2024-10-20T10:22:52.399+0000] {processor.py:840} INFO - DAG(s) 'example_sensor_decorator' retrieved from /home/airflow/.local/lib/python3.8/site-packages/airflow/example_dags/example_sensor_decorator.py
[2024-10-20T10:22:52.412+0000] {logging_mixin.py:188} INFO - [2024-10-20T10:22:52.412+0000] {dag.py:3047} INFO - Sync 1 DAGs
[2024-10-20T10:22:52.420+0000] {logging_mixin.py:188} INFO - [2024-10-20T10:22:52.420+0000] {dag.py:3834} INFO - Setting next_dagrun for example_sensor_decorator to None, run_after=None
[2024-10-20T10:22:52.430+0000] {processor.py:183} INFO - Processing /home/airflow/.local/lib/python3.8/site-packages/airflow/example_dags/example_sensor_decorator.py took 0.044 seconds
[2024-10-20T10:23:23.347+0000] {processor.py:161} INFO - Started process (PID=433) to work on /home/airflow/.local/lib/python3.8/site-packages/airflow/example_dags/example_sensor_decorator.py
[2024-10-20T10:23:23.349+0000] {processor.py:830} INFO - Processing file /home/airflow/.local/lib/python3.8/site-packages/airflow/example_dags/example_sensor_decorator.py for tasks to queue
[2024-10-20T10:23:23.350+0000] {logging_mixin.py:188} INFO - [2024-10-20T10:23:23.350+0000] {dagbag.py:540} INFO - Filling up the DagBag from /home/airflow/.local/lib/python3.8/site-packages/airflow/example_dags/example_sensor_decorator.py
[2024-10-20T10:23:23.355+0000] {processor.py:840} INFO - DAG(s) 'example_sensor_decorator' retrieved from /home/airflow/.local/lib/python3.8/site-packages/airflow/example_dags/example_sensor_decorator.py
[2024-10-20T10:23:23.367+0000] {logging_mixin.py:188} INFO - [2024-10-20T10:23:23.367+0000] {dag.py:3047} INFO - Sync 1 DAGs
[2024-10-20T10:23:23.376+0000] {logging_mixin.py:188} INFO - [2024-10-20T10:23:23.376+0000] {dag.py:3834} INFO - Setting next_dagrun for example_sensor_decorator to None, run_after=None
[2024-10-20T10:23:23.391+0000] {processor.py:183} INFO - Processing /home/airflow/.local/lib/python3.8/site-packages/airflow/example_dags/example_sensor_decorator.py took 0.046 seconds
[2024-10-20T10:23:54.358+0000] {processor.py:161} INFO - Started process (PID=488) to work on /home/airflow/.local/lib/python3.8/site-packages/airflow/example_dags/example_sensor_decorator.py
[2024-10-20T10:23:54.359+0000] {processor.py:830} INFO - Processing file /home/airflow/.local/lib/python3.8/site-packages/airflow/example_dags/example_sensor_decorator.py for tasks to queue
[2024-10-20T10:23:54.360+0000] {logging_mixin.py:188} INFO - [2024-10-20T10:23:54.360+0000] {dagbag.py:540} INFO - Filling up the DagBag from /home/airflow/.local/lib/python3.8/site-packages/airflow/example_dags/example_sensor_decorator.py
[2024-10-20T10:23:54.365+0000] {processor.py:840} INFO - DAG(s) 'example_sensor_decorator' retrieved from /home/airflow/.local/lib/python3.8/site-packages/airflow/example_dags/example_sensor_decorator.py
[2024-10-20T10:23:54.379+0000] {logging_mixin.py:188} INFO - [2024-10-20T10:23:54.378+0000] {dag.py:3047} INFO - Sync 1 DAGs
[2024-10-20T10:23:54.388+0000] {logging_mixin.py:188} INFO - [2024-10-20T10:23:54.388+0000] {dag.py:3834} INFO - Setting next_dagrun for example_sensor_decorator to None, run_after=None
[2024-10-20T10:23:54.400+0000] {processor.py:183} INFO - Processing /home/airflow/.local/lib/python3.8/site-packages/airflow/example_dags/example_sensor_decorator.py took 0.044 seconds
[2024-10-20T10:24:24.505+0000] {processor.py:161} INFO - Started process (PID=543) to work on /home/airflow/.local/lib/python3.8/site-packages/airflow/example_dags/example_sensor_decorator.py
[2024-10-20T10:24:24.506+0000] {processor.py:830} INFO - Processing file /home/airflow/.local/lib/python3.8/site-packages/airflow/example_dags/example_sensor_decorator.py for tasks to queue
[2024-10-20T10:24:24.507+0000] {logging_mixin.py:188} INFO - [2024-10-20T10:24:24.507+0000] {dagbag.py:540} INFO - Filling up the DagBag from /home/airflow/.local/lib/python3.8/site-packages/airflow/example_dags/example_sensor_decorator.py
[2024-10-20T10:24:24.513+0000] {processor.py:840} INFO - DAG(s) 'example_sensor_decorator' retrieved from /home/airflow/.local/lib/python3.8/site-packages/airflow/example_dags/example_sensor_decorator.py
[2024-10-20T10:24:24.526+0000] {logging_mixin.py:188} INFO - [2024-10-20T10:24:24.526+0000] {dag.py:3047} INFO - Sync 1 DAGs
[2024-10-20T10:24:24.535+0000] {logging_mixin.py:188} INFO - [2024-10-20T10:24:24.535+0000] {dag.py:3834} INFO - Setting next_dagrun for example_sensor_decorator to None, run_after=None
[2024-10-20T10:24:24.548+0000] {processor.py:183} INFO - Processing /home/airflow/.local/lib/python3.8/site-packages/airflow/example_dags/example_sensor_decorator.py took 0.046 seconds
[2024-10-20T10:24:55.038+0000] {processor.py:161} INFO - Started process (PID=598) to work on /home/airflow/.local/lib/python3.8/site-packages/airflow/example_dags/example_sensor_decorator.py
[2024-10-20T10:24:55.038+0000] {processor.py:830} INFO - Processing file /home/airflow/.local/lib/python3.8/site-packages/airflow/example_dags/example_sensor_decorator.py for tasks to queue
[2024-10-20T10:24:55.040+0000] {logging_mixin.py:188} INFO - [2024-10-20T10:24:55.040+0000] {dagbag.py:540} INFO - Filling up the DagBag from /home/airflow/.local/lib/python3.8/site-packages/airflow/example_dags/example_sensor_decorator.py
[2024-10-20T10:24:55.046+0000] {processor.py:840} INFO - DAG(s) 'example_sensor_decorator' retrieved from /home/airflow/.local/lib/python3.8/site-packages/airflow/example_dags/example_sensor_decorator.py
[2024-10-20T10:24:55.063+0000] {logging_mixin.py:188} INFO - [2024-10-20T10:24:55.063+0000] {dag.py:3047} INFO - Sync 1 DAGs
[2024-10-20T10:24:55.073+0000] {logging_mixin.py:188} INFO - [2024-10-20T10:24:55.073+0000] {dag.py:3834} INFO - Setting next_dagrun for example_sensor_decorator to None, run_after=None
[2024-10-20T10:24:55.086+0000] {processor.py:183} INFO - Processing /home/airflow/.local/lib/python3.8/site-packages/airflow/example_dags/example_sensor_decorator.py took 0.051 seconds
[2024-10-20T10:25:26.659+0000] {processor.py:161} INFO - Started process (PID=653) to work on /home/airflow/.local/lib/python3.8/site-packages/airflow/example_dags/example_sensor_decorator.py
[2024-10-20T10:25:26.661+0000] {processor.py:830} INFO - Processing file /home/airflow/.local/lib/python3.8/site-packages/airflow/example_dags/example_sensor_decorator.py for tasks to queue
[2024-10-20T10:25:26.667+0000] {logging_mixin.py:188} INFO - [2024-10-20T10:25:26.667+0000] {dagbag.py:540} INFO - Filling up the DagBag from /home/airflow/.local/lib/python3.8/site-packages/airflow/example_dags/example_sensor_decorator.py
[2024-10-20T10:25:26.674+0000] {processor.py:840} INFO - DAG(s) 'example_sensor_decorator' retrieved from /home/airflow/.local/lib/python3.8/site-packages/airflow/example_dags/example_sensor_decorator.py
[2024-10-20T10:25:26.711+0000] {logging_mixin.py:188} INFO - [2024-10-20T10:25:26.711+0000] {dag.py:3047} INFO - Sync 1 DAGs
[2024-10-20T10:25:26.739+0000] {logging_mixin.py:188} INFO - [2024-10-20T10:25:26.739+0000] {dag.py:3834} INFO - Setting next_dagrun for example_sensor_decorator to None, run_after=None
[2024-10-20T10:25:26.775+0000] {processor.py:183} INFO - Processing /home/airflow/.local/lib/python3.8/site-packages/airflow/example_dags/example_sensor_decorator.py took 0.119 seconds
[2024-10-20T10:25:57.170+0000] {processor.py:161} INFO - Started process (PID=708) to work on /home/airflow/.local/lib/python3.8/site-packages/airflow/example_dags/example_sensor_decorator.py
[2024-10-20T10:25:57.171+0000] {processor.py:830} INFO - Processing file /home/airflow/.local/lib/python3.8/site-packages/airflow/example_dags/example_sensor_decorator.py for tasks to queue
[2024-10-20T10:25:57.173+0000] {logging_mixin.py:188} INFO - [2024-10-20T10:25:57.173+0000] {dagbag.py:540} INFO - Filling up the DagBag from /home/airflow/.local/lib/python3.8/site-packages/airflow/example_dags/example_sensor_decorator.py
[2024-10-20T10:25:57.179+0000] {processor.py:840} INFO - DAG(s) 'example_sensor_decorator' retrieved from /home/airflow/.local/lib/python3.8/site-packages/airflow/example_dags/example_sensor_decorator.py
[2024-10-20T10:25:57.194+0000] {logging_mixin.py:188} INFO - [2024-10-20T10:25:57.194+0000] {dag.py:3047} INFO - Sync 1 DAGs
[2024-10-20T10:25:57.207+0000] {logging_mixin.py:188} INFO - [2024-10-20T10:25:57.207+0000] {dag.py:3834} INFO - Setting next_dagrun for example_sensor_decorator to None, run_after=None
[2024-10-20T10:25:57.221+0000] {processor.py:183} INFO - Processing /home/airflow/.local/lib/python3.8/site-packages/airflow/example_dags/example_sensor_decorator.py took 0.054 seconds
[2024-10-20T10:26:27.829+0000] {processor.py:161} INFO - Started process (PID=763) to work on /home/airflow/.local/lib/python3.8/site-packages/airflow/example_dags/example_sensor_decorator.py
[2024-10-20T10:26:27.830+0000] {processor.py:830} INFO - Processing file /home/airflow/.local/lib/python3.8/site-packages/airflow/example_dags/example_sensor_decorator.py for tasks to queue
[2024-10-20T10:26:27.833+0000] {logging_mixin.py:188} INFO - [2024-10-20T10:26:27.833+0000] {dagbag.py:540} INFO - Filling up the DagBag from /home/airflow/.local/lib/python3.8/site-packages/airflow/example_dags/example_sensor_decorator.py
[2024-10-20T10:26:27.838+0000] {processor.py:840} INFO - DAG(s) 'example_sensor_decorator' retrieved from /home/airflow/.local/lib/python3.8/site-packages/airflow/example_dags/example_sensor_decorator.py
[2024-10-20T10:26:27.851+0000] {logging_mixin.py:188} INFO - [2024-10-20T10:26:27.851+0000] {dag.py:3047} INFO - Sync 1 DAGs
[2024-10-20T10:26:27.859+0000] {logging_mixin.py:188} INFO - [2024-10-20T10:26:27.859+0000] {dag.py:3834} INFO - Setting next_dagrun for example_sensor_decorator to None, run_after=None
[2024-10-20T10:26:27.873+0000] {processor.py:183} INFO - Processing /home/airflow/.local/lib/python3.8/site-packages/airflow/example_dags/example_sensor_decorator.py took 0.046 seconds
[2024-10-20T10:26:58.561+0000] {processor.py:161} INFO - Started process (PID=818) to work on /home/airflow/.local/lib/python3.8/site-packages/airflow/example_dags/example_sensor_decorator.py
[2024-10-20T10:26:58.562+0000] {processor.py:830} INFO - Processing file /home/airflow/.local/lib/python3.8/site-packages/airflow/example_dags/example_sensor_decorator.py for tasks to queue
[2024-10-20T10:26:58.563+0000] {logging_mixin.py:188} INFO - [2024-10-20T10:26:58.563+0000] {dagbag.py:540} INFO - Filling up the DagBag from /home/airflow/.local/lib/python3.8/site-packages/airflow/example_dags/example_sensor_decorator.py
[2024-10-20T10:26:58.570+0000] {processor.py:840} INFO - DAG(s) 'example_sensor_decorator' retrieved from /home/airflow/.local/lib/python3.8/site-packages/airflow/example_dags/example_sensor_decorator.py
[2024-10-20T10:26:58.583+0000] {logging_mixin.py:188} INFO - [2024-10-20T10:26:58.583+0000] {dag.py:3047} INFO - Sync 1 DAGs
[2024-10-20T10:26:58.592+0000] {logging_mixin.py:188} INFO - [2024-10-20T10:26:58.591+0000] {dag.py:3834} INFO - Setting next_dagrun for example_sensor_decorator to None, run_after=None
[2024-10-20T10:26:58.604+0000] {processor.py:183} INFO - Processing /home/airflow/.local/lib/python3.8/site-packages/airflow/example_dags/example_sensor_decorator.py took 0.046 seconds
[2024-10-20T10:27:29.215+0000] {processor.py:161} INFO - Started process (PID=873) to work on /home/airflow/.local/lib/python3.8/site-packages/airflow/example_dags/example_sensor_decorator.py
[2024-10-20T10:27:29.218+0000] {processor.py:830} INFO - Processing file /home/airflow/.local/lib/python3.8/site-packages/airflow/example_dags/example_sensor_decorator.py for tasks to queue
[2024-10-20T10:27:29.219+0000] {logging_mixin.py:188} INFO - [2024-10-20T10:27:29.219+0000] {dagbag.py:540} INFO - Filling up the DagBag from /home/airflow/.local/lib/python3.8/site-packages/airflow/example_dags/example_sensor_decorator.py
[2024-10-20T10:27:29.223+0000] {processor.py:840} INFO - DAG(s) 'example_sensor_decorator' retrieved from /home/airflow/.local/lib/python3.8/site-packages/airflow/example_dags/example_sensor_decorator.py
[2024-10-20T10:27:29.236+0000] {logging_mixin.py:188} INFO - [2024-10-20T10:27:29.236+0000] {dag.py:3047} INFO - Sync 1 DAGs
[2024-10-20T10:27:29.245+0000] {logging_mixin.py:188} INFO - [2024-10-20T10:27:29.245+0000] {dag.py:3834} INFO - Setting next_dagrun for example_sensor_decorator to None, run_after=None
[2024-10-20T10:27:29.257+0000] {processor.py:183} INFO - Processing /home/airflow/.local/lib/python3.8/site-packages/airflow/example_dags/example_sensor_decorator.py took 0.044 seconds
[2024-10-20T10:28:00.148+0000] {processor.py:161} INFO - Started process (PID=928) to work on /home/airflow/.local/lib/python3.8/site-packages/airflow/example_dags/example_sensor_decorator.py
[2024-10-20T10:28:00.149+0000] {processor.py:830} INFO - Processing file /home/airflow/.local/lib/python3.8/site-packages/airflow/example_dags/example_sensor_decorator.py for tasks to queue
[2024-10-20T10:28:00.150+0000] {logging_mixin.py:188} INFO - [2024-10-20T10:28:00.150+0000] {dagbag.py:540} INFO - Filling up the DagBag from /home/airflow/.local/lib/python3.8/site-packages/airflow/example_dags/example_sensor_decorator.py
[2024-10-20T10:28:00.155+0000] {processor.py:840} INFO - DAG(s) 'example_sensor_decorator' retrieved from /home/airflow/.local/lib/python3.8/site-packages/airflow/example_dags/example_sensor_decorator.py
[2024-10-20T10:28:00.168+0000] {logging_mixin.py:188} INFO - [2024-10-20T10:28:00.168+0000] {dag.py:3047} INFO - Sync 1 DAGs
[2024-10-20T10:28:00.176+0000] {logging_mixin.py:188} INFO - [2024-10-20T10:28:00.176+0000] {dag.py:3834} INFO - Setting next_dagrun for example_sensor_decorator to None, run_after=None
[2024-10-20T10:28:00.188+0000] {processor.py:183} INFO - Processing /home/airflow/.local/lib/python3.8/site-packages/airflow/example_dags/example_sensor_decorator.py took 0.042 seconds
[2024-10-20T10:28:31.110+0000] {processor.py:161} INFO - Started process (PID=983) to work on /home/airflow/.local/lib/python3.8/site-packages/airflow/example_dags/example_sensor_decorator.py
[2024-10-20T10:28:31.111+0000] {processor.py:830} INFO - Processing file /home/airflow/.local/lib/python3.8/site-packages/airflow/example_dags/example_sensor_decorator.py for tasks to queue
[2024-10-20T10:28:31.112+0000] {logging_mixin.py:188} INFO - [2024-10-20T10:28:31.112+0000] {dagbag.py:540} INFO - Filling up the DagBag from /home/airflow/.local/lib/python3.8/site-packages/airflow/example_dags/example_sensor_decorator.py
[2024-10-20T10:28:31.116+0000] {processor.py:840} INFO - DAG(s) 'example_sensor_decorator' retrieved from /home/airflow/.local/lib/python3.8/site-packages/airflow/example_dags/example_sensor_decorator.py
[2024-10-20T10:28:31.129+0000] {logging_mixin.py:188} INFO - [2024-10-20T10:28:31.129+0000] {dag.py:3047} INFO - Sync 1 DAGs
[2024-10-20T10:28:31.137+0000] {logging_mixin.py:188} INFO - [2024-10-20T10:28:31.137+0000] {dag.py:3834} INFO - Setting next_dagrun for example_sensor_decorator to None, run_after=None
[2024-10-20T10:28:31.148+0000] {processor.py:183} INFO - Processing /home/airflow/.local/lib/python3.8/site-packages/airflow/example_dags/example_sensor_decorator.py took 0.041 seconds
[2024-10-20T10:29:01.799+0000] {processor.py:161} INFO - Started process (PID=1038) to work on /home/airflow/.local/lib/python3.8/site-packages/airflow/example_dags/example_sensor_decorator.py
[2024-10-20T10:29:01.800+0000] {processor.py:830} INFO - Processing file /home/airflow/.local/lib/python3.8/site-packages/airflow/example_dags/example_sensor_decorator.py for tasks to queue
[2024-10-20T10:29:01.801+0000] {logging_mixin.py:188} INFO - [2024-10-20T10:29:01.801+0000] {dagbag.py:540} INFO - Filling up the DagBag from /home/airflow/.local/lib/python3.8/site-packages/airflow/example_dags/example_sensor_decorator.py
[2024-10-20T10:29:01.805+0000] {processor.py:840} INFO - DAG(s) 'example_sensor_decorator' retrieved from /home/airflow/.local/lib/python3.8/site-packages/airflow/example_dags/example_sensor_decorator.py
[2024-10-20T10:29:01.820+0000] {logging_mixin.py:188} INFO - [2024-10-20T10:29:01.820+0000] {dag.py:3047} INFO - Sync 1 DAGs
[2024-10-20T10:29:01.831+0000] {logging_mixin.py:188} INFO - [2024-10-20T10:29:01.830+0000] {dag.py:3834} INFO - Setting next_dagrun for example_sensor_decorator to None, run_after=None
[2024-10-20T10:29:01.842+0000] {processor.py:183} INFO - Processing /home/airflow/.local/lib/python3.8/site-packages/airflow/example_dags/example_sensor_decorator.py took 0.045 seconds
[2024-10-20T10:29:32.475+0000] {processor.py:161} INFO - Started process (PID=1093) to work on /home/airflow/.local/lib/python3.8/site-packages/airflow/example_dags/example_sensor_decorator.py
[2024-10-20T10:29:32.475+0000] {processor.py:830} INFO - Processing file /home/airflow/.local/lib/python3.8/site-packages/airflow/example_dags/example_sensor_decorator.py for tasks to queue
[2024-10-20T10:29:32.479+0000] {logging_mixin.py:188} INFO - [2024-10-20T10:29:32.479+0000] {dagbag.py:540} INFO - Filling up the DagBag from /home/airflow/.local/lib/python3.8/site-packages/airflow/example_dags/example_sensor_decorator.py
[2024-10-20T10:29:32.486+0000] {processor.py:840} INFO - DAG(s) 'example_sensor_decorator' retrieved from /home/airflow/.local/lib/python3.8/site-packages/airflow/example_dags/example_sensor_decorator.py
[2024-10-20T10:29:32.501+0000] {logging_mixin.py:188} INFO - [2024-10-20T10:29:32.501+0000] {dag.py:3047} INFO - Sync 1 DAGs
[2024-10-20T10:29:32.514+0000] {logging_mixin.py:188} INFO - [2024-10-20T10:29:32.514+0000] {dag.py:3834} INFO - Setting next_dagrun for example_sensor_decorator to None, run_after=None
[2024-10-20T10:29:32.527+0000] {processor.py:183} INFO - Processing /home/airflow/.local/lib/python3.8/site-packages/airflow/example_dags/example_sensor_decorator.py took 0.055 seconds
[2024-10-20T10:30:02.748+0000] {processor.py:161} INFO - Started process (PID=1148) to work on /home/airflow/.local/lib/python3.8/site-packages/airflow/example_dags/example_sensor_decorator.py
[2024-10-20T10:30:02.749+0000] {processor.py:830} INFO - Processing file /home/airflow/.local/lib/python3.8/site-packages/airflow/example_dags/example_sensor_decorator.py for tasks to queue
[2024-10-20T10:30:02.753+0000] {logging_mixin.py:188} INFO - [2024-10-20T10:30:02.753+0000] {dagbag.py:540} INFO - Filling up the DagBag from /home/airflow/.local/lib/python3.8/site-packages/airflow/example_dags/example_sensor_decorator.py
[2024-10-20T10:30:02.757+0000] {processor.py:840} INFO - DAG(s) 'example_sensor_decorator' retrieved from /home/airflow/.local/lib/python3.8/site-packages/airflow/example_dags/example_sensor_decorator.py
[2024-10-20T10:30:02.773+0000] {logging_mixin.py:188} INFO - [2024-10-20T10:30:02.773+0000] {dag.py:3047} INFO - Sync 1 DAGs
[2024-10-20T10:30:02.783+0000] {logging_mixin.py:188} INFO - [2024-10-20T10:30:02.782+0000] {dag.py:3834} INFO - Setting next_dagrun for example_sensor_decorator to None, run_after=None
[2024-10-20T10:30:02.798+0000] {processor.py:183} INFO - Processing /home/airflow/.local/lib/python3.8/site-packages/airflow/example_dags/example_sensor_decorator.py took 0.053 seconds
[2024-10-20T10:30:32.904+0000] {processor.py:161} INFO - Started process (PID=1203) to work on /home/airflow/.local/lib/python3.8/site-packages/airflow/example_dags/example_sensor_decorator.py
[2024-10-20T10:30:32.905+0000] {processor.py:830} INFO - Processing file /home/airflow/.local/lib/python3.8/site-packages/airflow/example_dags/example_sensor_decorator.py for tasks to queue
[2024-10-20T10:30:32.907+0000] {logging_mixin.py:188} INFO - [2024-10-20T10:30:32.907+0000] {dagbag.py:540} INFO - Filling up the DagBag from /home/airflow/.local/lib/python3.8/site-packages/airflow/example_dags/example_sensor_decorator.py
[2024-10-20T10:30:32.911+0000] {processor.py:840} INFO - DAG(s) 'example_sensor_decorator' retrieved from /home/airflow/.local/lib/python3.8/site-packages/airflow/example_dags/example_sensor_decorator.py
[2024-10-20T10:30:32.926+0000] {logging_mixin.py:188} INFO - [2024-10-20T10:30:32.926+0000] {dag.py:3047} INFO - Sync 1 DAGs
[2024-10-20T10:30:32.934+0000] {logging_mixin.py:188} INFO - [2024-10-20T10:30:32.934+0000] {dag.py:3834} INFO - Setting next_dagrun for example_sensor_decorator to None, run_after=None
[2024-10-20T10:30:32.946+0000] {processor.py:183} INFO - Processing /home/airflow/.local/lib/python3.8/site-packages/airflow/example_dags/example_sensor_decorator.py took 0.044 seconds
[2024-10-20T10:31:03.572+0000] {processor.py:161} INFO - Started process (PID=1258) to work on /home/airflow/.local/lib/python3.8/site-packages/airflow/example_dags/example_sensor_decorator.py
[2024-10-20T10:31:03.574+0000] {processor.py:830} INFO - Processing file /home/airflow/.local/lib/python3.8/site-packages/airflow/example_dags/example_sensor_decorator.py for tasks to queue
[2024-10-20T10:31:03.575+0000] {logging_mixin.py:188} INFO - [2024-10-20T10:31:03.575+0000] {dagbag.py:540} INFO - Filling up the DagBag from /home/airflow/.local/lib/python3.8/site-packages/airflow/example_dags/example_sensor_decorator.py
[2024-10-20T10:31:03.579+0000] {processor.py:840} INFO - DAG(s) 'example_sensor_decorator' retrieved from /home/airflow/.local/lib/python3.8/site-packages/airflow/example_dags/example_sensor_decorator.py
[2024-10-20T10:31:03.597+0000] {logging_mixin.py:188} INFO - [2024-10-20T10:31:03.597+0000] {dag.py:3047} INFO - Sync 1 DAGs
[2024-10-20T10:31:03.606+0000] {logging_mixin.py:188} INFO - [2024-10-20T10:31:03.606+0000] {dag.py:3834} INFO - Setting next_dagrun for example_sensor_decorator to None, run_after=None
[2024-10-20T10:31:03.617+0000] {processor.py:183} INFO - Processing /home/airflow/.local/lib/python3.8/site-packages/airflow/example_dags/example_sensor_decorator.py took 0.047 seconds
[2024-10-20T10:31:34.306+0000] {processor.py:161} INFO - Started process (PID=1313) to work on /home/airflow/.local/lib/python3.8/site-packages/airflow/example_dags/example_sensor_decorator.py
[2024-10-20T10:31:34.307+0000] {processor.py:830} INFO - Processing file /home/airflow/.local/lib/python3.8/site-packages/airflow/example_dags/example_sensor_decorator.py for tasks to queue
[2024-10-20T10:31:34.308+0000] {logging_mixin.py:188} INFO - [2024-10-20T10:31:34.308+0000] {dagbag.py:540} INFO - Filling up the DagBag from /home/airflow/.local/lib/python3.8/site-packages/airflow/example_dags/example_sensor_decorator.py
[2024-10-20T10:31:34.313+0000] {processor.py:840} INFO - DAG(s) 'example_sensor_decorator' retrieved from /home/airflow/.local/lib/python3.8/site-packages/airflow/example_dags/example_sensor_decorator.py
[2024-10-20T10:31:34.330+0000] {logging_mixin.py:188} INFO - [2024-10-20T10:31:34.330+0000] {dag.py:3047} INFO - Sync 1 DAGs
[2024-10-20T10:31:34.339+0000] {logging_mixin.py:188} INFO - [2024-10-20T10:31:34.339+0000] {dag.py:3834} INFO - Setting next_dagrun for example_sensor_decorator to None, run_after=None
[2024-10-20T10:31:34.357+0000] {processor.py:183} INFO - Processing /home/airflow/.local/lib/python3.8/site-packages/airflow/example_dags/example_sensor_decorator.py took 0.053 seconds
[2024-10-20T10:32:04.418+0000] {processor.py:161} INFO - Started process (PID=1368) to work on /home/airflow/.local/lib/python3.8/site-packages/airflow/example_dags/example_sensor_decorator.py
[2024-10-20T10:32:04.419+0000] {processor.py:830} INFO - Processing file /home/airflow/.local/lib/python3.8/site-packages/airflow/example_dags/example_sensor_decorator.py for tasks to queue
[2024-10-20T10:32:04.420+0000] {logging_mixin.py:188} INFO - [2024-10-20T10:32:04.420+0000] {dagbag.py:540} INFO - Filling up the DagBag from /home/airflow/.local/lib/python3.8/site-packages/airflow/example_dags/example_sensor_decorator.py
[2024-10-20T10:32:04.425+0000] {processor.py:840} INFO - DAG(s) 'example_sensor_decorator' retrieved from /home/airflow/.local/lib/python3.8/site-packages/airflow/example_dags/example_sensor_decorator.py
[2024-10-20T10:32:04.440+0000] {logging_mixin.py:188} INFO - [2024-10-20T10:32:04.440+0000] {dag.py:3047} INFO - Sync 1 DAGs
[2024-10-20T10:32:04.449+0000] {logging_mixin.py:188} INFO - [2024-10-20T10:32:04.449+0000] {dag.py:3834} INFO - Setting next_dagrun for example_sensor_decorator to None, run_after=None
[2024-10-20T10:32:04.461+0000] {processor.py:183} INFO - Processing /home/airflow/.local/lib/python3.8/site-packages/airflow/example_dags/example_sensor_decorator.py took 0.045 seconds
[2024-10-20T10:32:35.138+0000] {processor.py:161} INFO - Started process (PID=1423) to work on /home/airflow/.local/lib/python3.8/site-packages/airflow/example_dags/example_sensor_decorator.py
[2024-10-20T10:32:35.140+0000] {processor.py:830} INFO - Processing file /home/airflow/.local/lib/python3.8/site-packages/airflow/example_dags/example_sensor_decorator.py for tasks to queue
[2024-10-20T10:32:35.142+0000] {logging_mixin.py:188} INFO - [2024-10-20T10:32:35.142+0000] {dagbag.py:540} INFO - Filling up the DagBag from /home/airflow/.local/lib/python3.8/site-packages/airflow/example_dags/example_sensor_decorator.py
[2024-10-20T10:32:35.147+0000] {processor.py:840} INFO - DAG(s) 'example_sensor_decorator' retrieved from /home/airflow/.local/lib/python3.8/site-packages/airflow/example_dags/example_sensor_decorator.py
[2024-10-20T10:32:35.161+0000] {logging_mixin.py:188} INFO - [2024-10-20T10:32:35.161+0000] {dag.py:3047} INFO - Sync 1 DAGs
[2024-10-20T10:32:35.169+0000] {logging_mixin.py:188} INFO - [2024-10-20T10:32:35.169+0000] {dag.py:3834} INFO - Setting next_dagrun for example_sensor_decorator to None, run_after=None
[2024-10-20T10:32:35.183+0000] {processor.py:183} INFO - Processing /home/airflow/.local/lib/python3.8/site-packages/airflow/example_dags/example_sensor_decorator.py took 0.047 seconds
[2024-10-20T10:33:05.908+0000] {processor.py:161} INFO - Started process (PID=1478) to work on /home/airflow/.local/lib/python3.8/site-packages/airflow/example_dags/example_sensor_decorator.py
[2024-10-20T10:33:05.908+0000] {processor.py:830} INFO - Processing file /home/airflow/.local/lib/python3.8/site-packages/airflow/example_dags/example_sensor_decorator.py for tasks to queue
[2024-10-20T10:33:05.910+0000] {logging_mixin.py:188} INFO - [2024-10-20T10:33:05.909+0000] {dagbag.py:540} INFO - Filling up the DagBag from /home/airflow/.local/lib/python3.8/site-packages/airflow/example_dags/example_sensor_decorator.py
[2024-10-20T10:33:05.914+0000] {processor.py:840} INFO - DAG(s) 'example_sensor_decorator' retrieved from /home/airflow/.local/lib/python3.8/site-packages/airflow/example_dags/example_sensor_decorator.py
[2024-10-20T10:33:05.928+0000] {logging_mixin.py:188} INFO - [2024-10-20T10:33:05.928+0000] {dag.py:3047} INFO - Sync 1 DAGs
[2024-10-20T10:33:05.939+0000] {logging_mixin.py:188} INFO - [2024-10-20T10:33:05.939+0000] {dag.py:3834} INFO - Setting next_dagrun for example_sensor_decorator to None, run_after=None
[2024-10-20T10:33:05.951+0000] {processor.py:183} INFO - Processing /home/airflow/.local/lib/python3.8/site-packages/airflow/example_dags/example_sensor_decorator.py took 0.046 seconds
[2024-10-20T10:33:36.087+0000] {processor.py:161} INFO - Started process (PID=1533) to work on /home/airflow/.local/lib/python3.8/site-packages/airflow/example_dags/example_sensor_decorator.py
[2024-10-20T10:33:36.088+0000] {processor.py:830} INFO - Processing file /home/airflow/.local/lib/python3.8/site-packages/airflow/example_dags/example_sensor_decorator.py for tasks to queue
[2024-10-20T10:33:36.090+0000] {logging_mixin.py:188} INFO - [2024-10-20T10:33:36.089+0000] {dagbag.py:540} INFO - Filling up the DagBag from /home/airflow/.local/lib/python3.8/site-packages/airflow/example_dags/example_sensor_decorator.py
[2024-10-20T10:33:36.094+0000] {processor.py:840} INFO - DAG(s) 'example_sensor_decorator' retrieved from /home/airflow/.local/lib/python3.8/site-packages/airflow/example_dags/example_sensor_decorator.py
[2024-10-20T10:33:36.107+0000] {logging_mixin.py:188} INFO - [2024-10-20T10:33:36.106+0000] {dag.py:3047} INFO - Sync 1 DAGs
[2024-10-20T10:33:36.114+0000] {logging_mixin.py:188} INFO - [2024-10-20T10:33:36.114+0000] {dag.py:3834} INFO - Setting next_dagrun for example_sensor_decorator to None, run_after=None
[2024-10-20T10:33:36.125+0000] {processor.py:183} INFO - Processing /home/airflow/.local/lib/python3.8/site-packages/airflow/example_dags/example_sensor_decorator.py took 0.040 seconds
[2024-10-20T10:34:07.117+0000] {processor.py:161} INFO - Started process (PID=1588) to work on /home/airflow/.local/lib/python3.8/site-packages/airflow/example_dags/example_sensor_decorator.py
[2024-10-20T10:34:07.119+0000] {processor.py:830} INFO - Processing file /home/airflow/.local/lib/python3.8/site-packages/airflow/example_dags/example_sensor_decorator.py for tasks to queue
[2024-10-20T10:34:07.120+0000] {logging_mixin.py:188} INFO - [2024-10-20T10:34:07.120+0000] {dagbag.py:540} INFO - Filling up the DagBag from /home/airflow/.local/lib/python3.8/site-packages/airflow/example_dags/example_sensor_decorator.py
[2024-10-20T10:34:07.125+0000] {processor.py:840} INFO - DAG(s) 'example_sensor_decorator' retrieved from /home/airflow/.local/lib/python3.8/site-packages/airflow/example_dags/example_sensor_decorator.py
[2024-10-20T10:34:07.137+0000] {logging_mixin.py:188} INFO - [2024-10-20T10:34:07.137+0000] {dag.py:3047} INFO - Sync 1 DAGs
[2024-10-20T10:34:07.145+0000] {logging_mixin.py:188} INFO - [2024-10-20T10:34:07.145+0000] {dag.py:3834} INFO - Setting next_dagrun for example_sensor_decorator to None, run_after=None
[2024-10-20T10:34:07.159+0000] {processor.py:183} INFO - Processing /home/airflow/.local/lib/python3.8/site-packages/airflow/example_dags/example_sensor_decorator.py took 0.044 seconds
[2024-10-20T10:34:37.821+0000] {processor.py:161} INFO - Started process (PID=1643) to work on /home/airflow/.local/lib/python3.8/site-packages/airflow/example_dags/example_sensor_decorator.py
[2024-10-20T10:34:37.822+0000] {processor.py:830} INFO - Processing file /home/airflow/.local/lib/python3.8/site-packages/airflow/example_dags/example_sensor_decorator.py for tasks to queue
[2024-10-20T10:34:37.823+0000] {logging_mixin.py:188} INFO - [2024-10-20T10:34:37.823+0000] {dagbag.py:540} INFO - Filling up the DagBag from /home/airflow/.local/lib/python3.8/site-packages/airflow/example_dags/example_sensor_decorator.py
[2024-10-20T10:34:37.829+0000] {processor.py:840} INFO - DAG(s) 'example_sensor_decorator' retrieved from /home/airflow/.local/lib/python3.8/site-packages/airflow/example_dags/example_sensor_decorator.py
[2024-10-20T10:34:37.847+0000] {logging_mixin.py:188} INFO - [2024-10-20T10:34:37.847+0000] {dag.py:3047} INFO - Sync 1 DAGs
[2024-10-20T10:34:37.859+0000] {logging_mixin.py:188} INFO - [2024-10-20T10:34:37.859+0000] {dag.py:3834} INFO - Setting next_dagrun for example_sensor_decorator to None, run_after=None
[2024-10-20T10:34:37.874+0000] {processor.py:183} INFO - Processing /home/airflow/.local/lib/python3.8/site-packages/airflow/example_dags/example_sensor_decorator.py took 0.055 seconds
[2024-10-20T10:35:50.833+0000] {processor.py:161} INFO - Started process (PID=90) to work on /home/airflow/.local/lib/python3.8/site-packages/airflow/example_dags/example_sensor_decorator.py
[2024-10-20T10:35:50.836+0000] {processor.py:830} INFO - Processing file /home/airflow/.local/lib/python3.8/site-packages/airflow/example_dags/example_sensor_decorator.py for tasks to queue
[2024-10-20T10:35:50.839+0000] {logging_mixin.py:188} INFO - [2024-10-20T10:35:50.838+0000] {dagbag.py:540} INFO - Filling up the DagBag from /home/airflow/.local/lib/python3.8/site-packages/airflow/example_dags/example_sensor_decorator.py
[2024-10-20T10:35:50.859+0000] {processor.py:840} INFO - DAG(s) 'example_sensor_decorator' retrieved from /home/airflow/.local/lib/python3.8/site-packages/airflow/example_dags/example_sensor_decorator.py
[2024-10-20T10:35:50.874+0000] {logging_mixin.py:188} INFO - [2024-10-20T10:35:50.874+0000] {dag.py:3047} INFO - Sync 1 DAGs
[2024-10-20T10:35:50.900+0000] {logging_mixin.py:188} INFO - [2024-10-20T10:35:50.899+0000] {dag.py:3834} INFO - Setting next_dagrun for example_sensor_decorator to None, run_after=None
[2024-10-20T10:35:50.929+0000] {processor.py:183} INFO - Processing /home/airflow/.local/lib/python3.8/site-packages/airflow/example_dags/example_sensor_decorator.py took 0.100 seconds
[2024-10-20T10:36:21.089+0000] {processor.py:161} INFO - Started process (PID=146) to work on /home/airflow/.local/lib/python3.8/site-packages/airflow/example_dags/example_sensor_decorator.py
[2024-10-20T10:36:21.090+0000] {processor.py:830} INFO - Processing file /home/airflow/.local/lib/python3.8/site-packages/airflow/example_dags/example_sensor_decorator.py for tasks to queue
[2024-10-20T10:36:21.091+0000] {logging_mixin.py:188} INFO - [2024-10-20T10:36:21.091+0000] {dagbag.py:540} INFO - Filling up the DagBag from /home/airflow/.local/lib/python3.8/site-packages/airflow/example_dags/example_sensor_decorator.py
[2024-10-20T10:36:21.096+0000] {processor.py:840} INFO - DAG(s) 'example_sensor_decorator' retrieved from /home/airflow/.local/lib/python3.8/site-packages/airflow/example_dags/example_sensor_decorator.py
[2024-10-20T10:36:21.161+0000] {logging_mixin.py:188} INFO - [2024-10-20T10:36:21.161+0000] {dag.py:3047} INFO - Sync 1 DAGs
[2024-10-20T10:36:21.168+0000] {logging_mixin.py:188} INFO - [2024-10-20T10:36:21.167+0000] {dag.py:3834} INFO - Setting next_dagrun for example_sensor_decorator to None, run_after=None
[2024-10-20T10:36:21.179+0000] {processor.py:183} INFO - Processing /home/airflow/.local/lib/python3.8/site-packages/airflow/example_dags/example_sensor_decorator.py took 0.092 seconds
[2024-10-20T10:36:51.822+0000] {processor.py:161} INFO - Started process (PID=202) to work on /home/airflow/.local/lib/python3.8/site-packages/airflow/example_dags/example_sensor_decorator.py
[2024-10-20T10:36:51.823+0000] {processor.py:830} INFO - Processing file /home/airflow/.local/lib/python3.8/site-packages/airflow/example_dags/example_sensor_decorator.py for tasks to queue
[2024-10-20T10:36:51.826+0000] {logging_mixin.py:188} INFO - [2024-10-20T10:36:51.826+0000] {dagbag.py:540} INFO - Filling up the DagBag from /home/airflow/.local/lib/python3.8/site-packages/airflow/example_dags/example_sensor_decorator.py
[2024-10-20T10:36:51.831+0000] {processor.py:840} INFO - DAG(s) 'example_sensor_decorator' retrieved from /home/airflow/.local/lib/python3.8/site-packages/airflow/example_dags/example_sensor_decorator.py
[2024-10-20T10:36:51.848+0000] {logging_mixin.py:188} INFO - [2024-10-20T10:36:51.848+0000] {dag.py:3047} INFO - Sync 1 DAGs
[2024-10-20T10:36:51.860+0000] {logging_mixin.py:188} INFO - [2024-10-20T10:36:51.860+0000] {dag.py:3834} INFO - Setting next_dagrun for example_sensor_decorator to None, run_after=None
[2024-10-20T10:36:51.873+0000] {processor.py:183} INFO - Processing /home/airflow/.local/lib/python3.8/site-packages/airflow/example_dags/example_sensor_decorator.py took 0.053 seconds
[2024-10-20T10:37:22.256+0000] {processor.py:161} INFO - Started process (PID=258) to work on /home/airflow/.local/lib/python3.8/site-packages/airflow/example_dags/example_sensor_decorator.py
[2024-10-20T10:37:22.258+0000] {processor.py:830} INFO - Processing file /home/airflow/.local/lib/python3.8/site-packages/airflow/example_dags/example_sensor_decorator.py for tasks to queue
[2024-10-20T10:37:22.261+0000] {logging_mixin.py:188} INFO - [2024-10-20T10:37:22.261+0000] {dagbag.py:540} INFO - Filling up the DagBag from /home/airflow/.local/lib/python3.8/site-packages/airflow/example_dags/example_sensor_decorator.py
[2024-10-20T10:37:22.267+0000] {processor.py:840} INFO - DAG(s) 'example_sensor_decorator' retrieved from /home/airflow/.local/lib/python3.8/site-packages/airflow/example_dags/example_sensor_decorator.py
[2024-10-20T10:37:22.288+0000] {logging_mixin.py:188} INFO - [2024-10-20T10:37:22.288+0000] {dag.py:3047} INFO - Sync 1 DAGs
[2024-10-20T10:37:22.300+0000] {logging_mixin.py:188} INFO - [2024-10-20T10:37:22.300+0000] {dag.py:3834} INFO - Setting next_dagrun for example_sensor_decorator to None, run_after=None
[2024-10-20T10:37:22.315+0000] {processor.py:183} INFO - Processing /home/airflow/.local/lib/python3.8/site-packages/airflow/example_dags/example_sensor_decorator.py took 0.062 seconds
[2024-10-20T10:37:52.783+0000] {processor.py:161} INFO - Started process (PID=313) to work on /home/airflow/.local/lib/python3.8/site-packages/airflow/example_dags/example_sensor_decorator.py
[2024-10-20T10:37:52.784+0000] {processor.py:830} INFO - Processing file /home/airflow/.local/lib/python3.8/site-packages/airflow/example_dags/example_sensor_decorator.py for tasks to queue
[2024-10-20T10:37:52.786+0000] {logging_mixin.py:188} INFO - [2024-10-20T10:37:52.786+0000] {dagbag.py:540} INFO - Filling up the DagBag from /home/airflow/.local/lib/python3.8/site-packages/airflow/example_dags/example_sensor_decorator.py
[2024-10-20T10:37:52.794+0000] {processor.py:840} INFO - DAG(s) 'example_sensor_decorator' retrieved from /home/airflow/.local/lib/python3.8/site-packages/airflow/example_dags/example_sensor_decorator.py
[2024-10-20T10:37:52.818+0000] {logging_mixin.py:188} INFO - [2024-10-20T10:37:52.818+0000] {dag.py:3047} INFO - Sync 1 DAGs
[2024-10-20T10:37:52.829+0000] {logging_mixin.py:188} INFO - [2024-10-20T10:37:52.829+0000] {dag.py:3834} INFO - Setting next_dagrun for example_sensor_decorator to None, run_after=None
[2024-10-20T10:37:52.843+0000] {processor.py:183} INFO - Processing /home/airflow/.local/lib/python3.8/site-packages/airflow/example_dags/example_sensor_decorator.py took 0.062 seconds
[2024-10-20T10:38:22.961+0000] {processor.py:161} INFO - Started process (PID=369) to work on /home/airflow/.local/lib/python3.8/site-packages/airflow/example_dags/example_sensor_decorator.py
[2024-10-20T10:38:22.964+0000] {processor.py:830} INFO - Processing file /home/airflow/.local/lib/python3.8/site-packages/airflow/example_dags/example_sensor_decorator.py for tasks to queue
[2024-10-20T10:38:22.966+0000] {logging_mixin.py:188} INFO - [2024-10-20T10:38:22.966+0000] {dagbag.py:540} INFO - Filling up the DagBag from /home/airflow/.local/lib/python3.8/site-packages/airflow/example_dags/example_sensor_decorator.py
[2024-10-20T10:38:22.971+0000] {processor.py:840} INFO - DAG(s) 'example_sensor_decorator' retrieved from /home/airflow/.local/lib/python3.8/site-packages/airflow/example_dags/example_sensor_decorator.py
[2024-10-20T10:38:22.990+0000] {logging_mixin.py:188} INFO - [2024-10-20T10:38:22.990+0000] {dag.py:3047} INFO - Sync 1 DAGs
[2024-10-20T10:38:23.001+0000] {logging_mixin.py:188} INFO - [2024-10-20T10:38:23.001+0000] {dag.py:3834} INFO - Setting next_dagrun for example_sensor_decorator to None, run_after=None
[2024-10-20T10:38:23.017+0000] {processor.py:183} INFO - Processing /home/airflow/.local/lib/python3.8/site-packages/airflow/example_dags/example_sensor_decorator.py took 0.058 seconds
[2024-10-20T10:38:53.269+0000] {processor.py:161} INFO - Started process (PID=425) to work on /home/airflow/.local/lib/python3.8/site-packages/airflow/example_dags/example_sensor_decorator.py
[2024-10-20T10:38:53.270+0000] {processor.py:830} INFO - Processing file /home/airflow/.local/lib/python3.8/site-packages/airflow/example_dags/example_sensor_decorator.py for tasks to queue
[2024-10-20T10:38:53.271+0000] {logging_mixin.py:188} INFO - [2024-10-20T10:38:53.271+0000] {dagbag.py:540} INFO - Filling up the DagBag from /home/airflow/.local/lib/python3.8/site-packages/airflow/example_dags/example_sensor_decorator.py
[2024-10-20T10:38:53.277+0000] {processor.py:840} INFO - DAG(s) 'example_sensor_decorator' retrieved from /home/airflow/.local/lib/python3.8/site-packages/airflow/example_dags/example_sensor_decorator.py
[2024-10-20T10:38:53.294+0000] {logging_mixin.py:188} INFO - [2024-10-20T10:38:53.294+0000] {dag.py:3047} INFO - Sync 1 DAGs
[2024-10-20T10:38:53.303+0000] {logging_mixin.py:188} INFO - [2024-10-20T10:38:53.302+0000] {dag.py:3834} INFO - Setting next_dagrun for example_sensor_decorator to None, run_after=None
[2024-10-20T10:38:53.314+0000] {processor.py:183} INFO - Processing /home/airflow/.local/lib/python3.8/site-packages/airflow/example_dags/example_sensor_decorator.py took 0.048 seconds
[2024-10-20T10:39:23.472+0000] {processor.py:161} INFO - Started process (PID=481) to work on /home/airflow/.local/lib/python3.8/site-packages/airflow/example_dags/example_sensor_decorator.py
[2024-10-20T10:39:23.475+0000] {processor.py:830} INFO - Processing file /home/airflow/.local/lib/python3.8/site-packages/airflow/example_dags/example_sensor_decorator.py for tasks to queue
[2024-10-20T10:39:23.476+0000] {logging_mixin.py:188} INFO - [2024-10-20T10:39:23.476+0000] {dagbag.py:540} INFO - Filling up the DagBag from /home/airflow/.local/lib/python3.8/site-packages/airflow/example_dags/example_sensor_decorator.py
[2024-10-20T10:39:23.480+0000] {processor.py:840} INFO - DAG(s) 'example_sensor_decorator' retrieved from /home/airflow/.local/lib/python3.8/site-packages/airflow/example_dags/example_sensor_decorator.py
[2024-10-20T10:39:23.496+0000] {logging_mixin.py:188} INFO - [2024-10-20T10:39:23.495+0000] {dag.py:3047} INFO - Sync 1 DAGs
[2024-10-20T10:39:23.506+0000] {logging_mixin.py:188} INFO - [2024-10-20T10:39:23.506+0000] {dag.py:3834} INFO - Setting next_dagrun for example_sensor_decorator to None, run_after=None
[2024-10-20T10:39:23.529+0000] {processor.py:183} INFO - Processing /home/airflow/.local/lib/python3.8/site-packages/airflow/example_dags/example_sensor_decorator.py took 0.060 seconds
[2024-10-20T10:39:53.805+0000] {processor.py:161} INFO - Started process (PID=537) to work on /home/airflow/.local/lib/python3.8/site-packages/airflow/example_dags/example_sensor_decorator.py
[2024-10-20T10:39:53.808+0000] {processor.py:830} INFO - Processing file /home/airflow/.local/lib/python3.8/site-packages/airflow/example_dags/example_sensor_decorator.py for tasks to queue
[2024-10-20T10:39:53.813+0000] {logging_mixin.py:188} INFO - [2024-10-20T10:39:53.813+0000] {dagbag.py:540} INFO - Filling up the DagBag from /home/airflow/.local/lib/python3.8/site-packages/airflow/example_dags/example_sensor_decorator.py
[2024-10-20T10:39:53.820+0000] {processor.py:840} INFO - DAG(s) 'example_sensor_decorator' retrieved from /home/airflow/.local/lib/python3.8/site-packages/airflow/example_dags/example_sensor_decorator.py
[2024-10-20T10:39:53.839+0000] {logging_mixin.py:188} INFO - [2024-10-20T10:39:53.838+0000] {dag.py:3047} INFO - Sync 1 DAGs
[2024-10-20T10:39:53.847+0000] {logging_mixin.py:188} INFO - [2024-10-20T10:39:53.847+0000] {dag.py:3834} INFO - Setting next_dagrun for example_sensor_decorator to None, run_after=None
[2024-10-20T10:39:53.865+0000] {processor.py:183} INFO - Processing /home/airflow/.local/lib/python3.8/site-packages/airflow/example_dags/example_sensor_decorator.py took 0.062 seconds
[2024-10-20T10:40:23.967+0000] {processor.py:161} INFO - Started process (PID=593) to work on /home/airflow/.local/lib/python3.8/site-packages/airflow/example_dags/example_sensor_decorator.py
[2024-10-20T10:40:23.970+0000] {processor.py:830} INFO - Processing file /home/airflow/.local/lib/python3.8/site-packages/airflow/example_dags/example_sensor_decorator.py for tasks to queue
[2024-10-20T10:40:23.975+0000] {logging_mixin.py:188} INFO - [2024-10-20T10:40:23.974+0000] {dagbag.py:540} INFO - Filling up the DagBag from /home/airflow/.local/lib/python3.8/site-packages/airflow/example_dags/example_sensor_decorator.py
[2024-10-20T10:40:23.980+0000] {processor.py:840} INFO - DAG(s) 'example_sensor_decorator' retrieved from /home/airflow/.local/lib/python3.8/site-packages/airflow/example_dags/example_sensor_decorator.py
[2024-10-20T10:40:23.993+0000] {logging_mixin.py:188} INFO - [2024-10-20T10:40:23.993+0000] {dag.py:3047} INFO - Sync 1 DAGs
[2024-10-20T10:40:24.002+0000] {logging_mixin.py:188} INFO - [2024-10-20T10:40:24.002+0000] {dag.py:3834} INFO - Setting next_dagrun for example_sensor_decorator to None, run_after=None
[2024-10-20T10:40:24.017+0000] {processor.py:183} INFO - Processing /home/airflow/.local/lib/python3.8/site-packages/airflow/example_dags/example_sensor_decorator.py took 0.052 seconds
[2024-10-20T10:40:54.161+0000] {processor.py:161} INFO - Started process (PID=649) to work on /home/airflow/.local/lib/python3.8/site-packages/airflow/example_dags/example_sensor_decorator.py
[2024-10-20T10:40:54.162+0000] {processor.py:830} INFO - Processing file /home/airflow/.local/lib/python3.8/site-packages/airflow/example_dags/example_sensor_decorator.py for tasks to queue
[2024-10-20T10:40:54.163+0000] {logging_mixin.py:188} INFO - [2024-10-20T10:40:54.163+0000] {dagbag.py:540} INFO - Filling up the DagBag from /home/airflow/.local/lib/python3.8/site-packages/airflow/example_dags/example_sensor_decorator.py
[2024-10-20T10:40:54.169+0000] {processor.py:840} INFO - DAG(s) 'example_sensor_decorator' retrieved from /home/airflow/.local/lib/python3.8/site-packages/airflow/example_dags/example_sensor_decorator.py
[2024-10-20T10:40:54.186+0000] {logging_mixin.py:188} INFO - [2024-10-20T10:40:54.186+0000] {dag.py:3047} INFO - Sync 1 DAGs
[2024-10-20T10:40:54.194+0000] {logging_mixin.py:188} INFO - [2024-10-20T10:40:54.194+0000] {dag.py:3834} INFO - Setting next_dagrun for example_sensor_decorator to None, run_after=None
[2024-10-20T10:40:54.215+0000] {processor.py:183} INFO - Processing /home/airflow/.local/lib/python3.8/site-packages/airflow/example_dags/example_sensor_decorator.py took 0.057 seconds
[2024-10-20T10:41:24.547+0000] {processor.py:161} INFO - Started process (PID=705) to work on /home/airflow/.local/lib/python3.8/site-packages/airflow/example_dags/example_sensor_decorator.py
[2024-10-20T10:41:24.550+0000] {processor.py:830} INFO - Processing file /home/airflow/.local/lib/python3.8/site-packages/airflow/example_dags/example_sensor_decorator.py for tasks to queue
[2024-10-20T10:41:24.552+0000] {logging_mixin.py:188} INFO - [2024-10-20T10:41:24.551+0000] {dagbag.py:540} INFO - Filling up the DagBag from /home/airflow/.local/lib/python3.8/site-packages/airflow/example_dags/example_sensor_decorator.py
[2024-10-20T10:41:24.557+0000] {processor.py:840} INFO - DAG(s) 'example_sensor_decorator' retrieved from /home/airflow/.local/lib/python3.8/site-packages/airflow/example_dags/example_sensor_decorator.py
[2024-10-20T10:41:24.573+0000] {logging_mixin.py:188} INFO - [2024-10-20T10:41:24.573+0000] {dag.py:3047} INFO - Sync 1 DAGs
[2024-10-20T10:41:24.583+0000] {logging_mixin.py:188} INFO - [2024-10-20T10:41:24.583+0000] {dag.py:3834} INFO - Setting next_dagrun for example_sensor_decorator to None, run_after=None
[2024-10-20T10:41:24.595+0000] {processor.py:183} INFO - Processing /home/airflow/.local/lib/python3.8/site-packages/airflow/example_dags/example_sensor_decorator.py took 0.051 seconds
[2024-10-20T10:41:55.202+0000] {processor.py:161} INFO - Started process (PID=761) to work on /home/airflow/.local/lib/python3.8/site-packages/airflow/example_dags/example_sensor_decorator.py
[2024-10-20T10:41:55.206+0000] {processor.py:830} INFO - Processing file /home/airflow/.local/lib/python3.8/site-packages/airflow/example_dags/example_sensor_decorator.py for tasks to queue
[2024-10-20T10:41:55.209+0000] {logging_mixin.py:188} INFO - [2024-10-20T10:41:55.208+0000] {dagbag.py:540} INFO - Filling up the DagBag from /home/airflow/.local/lib/python3.8/site-packages/airflow/example_dags/example_sensor_decorator.py
[2024-10-20T10:41:55.217+0000] {processor.py:840} INFO - DAG(s) 'example_sensor_decorator' retrieved from /home/airflow/.local/lib/python3.8/site-packages/airflow/example_dags/example_sensor_decorator.py
[2024-10-20T10:41:55.236+0000] {logging_mixin.py:188} INFO - [2024-10-20T10:41:55.236+0000] {dag.py:3047} INFO - Sync 1 DAGs
[2024-10-20T10:41:55.247+0000] {logging_mixin.py:188} INFO - [2024-10-20T10:41:55.247+0000] {dag.py:3834} INFO - Setting next_dagrun for example_sensor_decorator to None, run_after=None
[2024-10-20T10:41:55.265+0000] {processor.py:183} INFO - Processing /home/airflow/.local/lib/python3.8/site-packages/airflow/example_dags/example_sensor_decorator.py took 0.065 seconds
[2024-10-20T10:42:25.376+0000] {processor.py:161} INFO - Started process (PID=817) to work on /home/airflow/.local/lib/python3.8/site-packages/airflow/example_dags/example_sensor_decorator.py
[2024-10-20T10:42:25.377+0000] {processor.py:830} INFO - Processing file /home/airflow/.local/lib/python3.8/site-packages/airflow/example_dags/example_sensor_decorator.py for tasks to queue
[2024-10-20T10:42:25.379+0000] {logging_mixin.py:188} INFO - [2024-10-20T10:42:25.379+0000] {dagbag.py:540} INFO - Filling up the DagBag from /home/airflow/.local/lib/python3.8/site-packages/airflow/example_dags/example_sensor_decorator.py
[2024-10-20T10:42:25.386+0000] {processor.py:840} INFO - DAG(s) 'example_sensor_decorator' retrieved from /home/airflow/.local/lib/python3.8/site-packages/airflow/example_dags/example_sensor_decorator.py
[2024-10-20T10:42:25.400+0000] {logging_mixin.py:188} INFO - [2024-10-20T10:42:25.400+0000] {dag.py:3047} INFO - Sync 1 DAGs
[2024-10-20T10:42:25.411+0000] {logging_mixin.py:188} INFO - [2024-10-20T10:42:25.411+0000] {dag.py:3834} INFO - Setting next_dagrun for example_sensor_decorator to None, run_after=None
[2024-10-20T10:42:25.425+0000] {processor.py:183} INFO - Processing /home/airflow/.local/lib/python3.8/site-packages/airflow/example_dags/example_sensor_decorator.py took 0.051 seconds
[2024-10-20T10:42:55.678+0000] {processor.py:161} INFO - Started process (PID=873) to work on /home/airflow/.local/lib/python3.8/site-packages/airflow/example_dags/example_sensor_decorator.py
[2024-10-20T10:42:55.680+0000] {processor.py:830} INFO - Processing file /home/airflow/.local/lib/python3.8/site-packages/airflow/example_dags/example_sensor_decorator.py for tasks to queue
[2024-10-20T10:42:55.681+0000] {logging_mixin.py:188} INFO - [2024-10-20T10:42:55.681+0000] {dagbag.py:540} INFO - Filling up the DagBag from /home/airflow/.local/lib/python3.8/site-packages/airflow/example_dags/example_sensor_decorator.py
[2024-10-20T10:42:55.687+0000] {processor.py:840} INFO - DAG(s) 'example_sensor_decorator' retrieved from /home/airflow/.local/lib/python3.8/site-packages/airflow/example_dags/example_sensor_decorator.py
[2024-10-20T10:42:55.705+0000] {logging_mixin.py:188} INFO - [2024-10-20T10:42:55.705+0000] {dag.py:3047} INFO - Sync 1 DAGs
[2024-10-20T10:42:55.714+0000] {logging_mixin.py:188} INFO - [2024-10-20T10:42:55.714+0000] {dag.py:3834} INFO - Setting next_dagrun for example_sensor_decorator to None, run_after=None
[2024-10-20T10:42:55.727+0000] {processor.py:183} INFO - Processing /home/airflow/.local/lib/python3.8/site-packages/airflow/example_dags/example_sensor_decorator.py took 0.051 seconds
[2024-10-20T10:43:26.003+0000] {processor.py:161} INFO - Started process (PID=929) to work on /home/airflow/.local/lib/python3.8/site-packages/airflow/example_dags/example_sensor_decorator.py
[2024-10-20T10:43:26.005+0000] {processor.py:830} INFO - Processing file /home/airflow/.local/lib/python3.8/site-packages/airflow/example_dags/example_sensor_decorator.py for tasks to queue
[2024-10-20T10:43:26.007+0000] {logging_mixin.py:188} INFO - [2024-10-20T10:43:26.006+0000] {dagbag.py:540} INFO - Filling up the DagBag from /home/airflow/.local/lib/python3.8/site-packages/airflow/example_dags/example_sensor_decorator.py
[2024-10-20T10:43:26.012+0000] {processor.py:840} INFO - DAG(s) 'example_sensor_decorator' retrieved from /home/airflow/.local/lib/python3.8/site-packages/airflow/example_dags/example_sensor_decorator.py
[2024-10-20T10:43:26.029+0000] {logging_mixin.py:188} INFO - [2024-10-20T10:43:26.029+0000] {dag.py:3047} INFO - Sync 1 DAGs
[2024-10-20T10:43:26.037+0000] {logging_mixin.py:188} INFO - [2024-10-20T10:43:26.037+0000] {dag.py:3834} INFO - Setting next_dagrun for example_sensor_decorator to None, run_after=None
[2024-10-20T10:43:26.056+0000] {processor.py:183} INFO - Processing /home/airflow/.local/lib/python3.8/site-packages/airflow/example_dags/example_sensor_decorator.py took 0.056 seconds
[2024-10-20T10:43:56.251+0000] {processor.py:161} INFO - Started process (PID=985) to work on /home/airflow/.local/lib/python3.8/site-packages/airflow/example_dags/example_sensor_decorator.py
[2024-10-20T10:43:56.252+0000] {processor.py:830} INFO - Processing file /home/airflow/.local/lib/python3.8/site-packages/airflow/example_dags/example_sensor_decorator.py for tasks to queue
[2024-10-20T10:43:56.254+0000] {logging_mixin.py:188} INFO - [2024-10-20T10:43:56.253+0000] {dagbag.py:540} INFO - Filling up the DagBag from /home/airflow/.local/lib/python3.8/site-packages/airflow/example_dags/example_sensor_decorator.py
[2024-10-20T10:43:56.260+0000] {processor.py:840} INFO - DAG(s) 'example_sensor_decorator' retrieved from /home/airflow/.local/lib/python3.8/site-packages/airflow/example_dags/example_sensor_decorator.py
[2024-10-20T10:43:56.284+0000] {logging_mixin.py:188} INFO - [2024-10-20T10:43:56.284+0000] {dag.py:3047} INFO - Sync 1 DAGs
[2024-10-20T10:43:56.295+0000] {logging_mixin.py:188} INFO - [2024-10-20T10:43:56.294+0000] {dag.py:3834} INFO - Setting next_dagrun for example_sensor_decorator to None, run_after=None
[2024-10-20T10:43:56.307+0000] {processor.py:183} INFO - Processing /home/airflow/.local/lib/python3.8/site-packages/airflow/example_dags/example_sensor_decorator.py took 0.059 seconds
[2024-10-20T10:44:26.391+0000] {processor.py:161} INFO - Started process (PID=1041) to work on /home/airflow/.local/lib/python3.8/site-packages/airflow/example_dags/example_sensor_decorator.py
[2024-10-20T10:44:26.393+0000] {processor.py:830} INFO - Processing file /home/airflow/.local/lib/python3.8/site-packages/airflow/example_dags/example_sensor_decorator.py for tasks to queue
[2024-10-20T10:44:26.394+0000] {logging_mixin.py:188} INFO - [2024-10-20T10:44:26.394+0000] {dagbag.py:540} INFO - Filling up the DagBag from /home/airflow/.local/lib/python3.8/site-packages/airflow/example_dags/example_sensor_decorator.py
[2024-10-20T10:44:26.400+0000] {processor.py:840} INFO - DAG(s) 'example_sensor_decorator' retrieved from /home/airflow/.local/lib/python3.8/site-packages/airflow/example_dags/example_sensor_decorator.py
[2024-10-20T10:44:26.415+0000] {logging_mixin.py:188} INFO - [2024-10-20T10:44:26.415+0000] {dag.py:3047} INFO - Sync 1 DAGs
[2024-10-20T10:44:26.424+0000] {logging_mixin.py:188} INFO - [2024-10-20T10:44:26.424+0000] {dag.py:3834} INFO - Setting next_dagrun for example_sensor_decorator to None, run_after=None
[2024-10-20T10:44:26.441+0000] {processor.py:183} INFO - Processing /home/airflow/.local/lib/python3.8/site-packages/airflow/example_dags/example_sensor_decorator.py took 0.053 seconds
[2024-10-20T10:44:56.727+0000] {processor.py:161} INFO - Started process (PID=1097) to work on /home/airflow/.local/lib/python3.8/site-packages/airflow/example_dags/example_sensor_decorator.py
[2024-10-20T10:44:56.728+0000] {processor.py:830} INFO - Processing file /home/airflow/.local/lib/python3.8/site-packages/airflow/example_dags/example_sensor_decorator.py for tasks to queue
[2024-10-20T10:44:56.731+0000] {logging_mixin.py:188} INFO - [2024-10-20T10:44:56.731+0000] {dagbag.py:540} INFO - Filling up the DagBag from /home/airflow/.local/lib/python3.8/site-packages/airflow/example_dags/example_sensor_decorator.py
[2024-10-20T10:44:56.736+0000] {processor.py:840} INFO - DAG(s) 'example_sensor_decorator' retrieved from /home/airflow/.local/lib/python3.8/site-packages/airflow/example_dags/example_sensor_decorator.py
[2024-10-20T10:44:56.752+0000] {logging_mixin.py:188} INFO - [2024-10-20T10:44:56.752+0000] {dag.py:3047} INFO - Sync 1 DAGs
[2024-10-20T10:44:56.762+0000] {logging_mixin.py:188} INFO - [2024-10-20T10:44:56.762+0000] {dag.py:3834} INFO - Setting next_dagrun for example_sensor_decorator to None, run_after=None
[2024-10-20T10:44:56.778+0000] {processor.py:183} INFO - Processing /home/airflow/.local/lib/python3.8/site-packages/airflow/example_dags/example_sensor_decorator.py took 0.053 seconds
[2024-10-20T10:45:26.959+0000] {processor.py:161} INFO - Started process (PID=1153) to work on /home/airflow/.local/lib/python3.8/site-packages/airflow/example_dags/example_sensor_decorator.py
[2024-10-20T10:45:26.961+0000] {processor.py:830} INFO - Processing file /home/airflow/.local/lib/python3.8/site-packages/airflow/example_dags/example_sensor_decorator.py for tasks to queue
[2024-10-20T10:45:26.962+0000] {logging_mixin.py:188} INFO - [2024-10-20T10:45:26.962+0000] {dagbag.py:540} INFO - Filling up the DagBag from /home/airflow/.local/lib/python3.8/site-packages/airflow/example_dags/example_sensor_decorator.py
[2024-10-20T10:45:26.967+0000] {processor.py:840} INFO - DAG(s) 'example_sensor_decorator' retrieved from /home/airflow/.local/lib/python3.8/site-packages/airflow/example_dags/example_sensor_decorator.py
[2024-10-20T10:45:26.984+0000] {logging_mixin.py:188} INFO - [2024-10-20T10:45:26.984+0000] {dag.py:3047} INFO - Sync 1 DAGs
[2024-10-20T10:45:26.992+0000] {logging_mixin.py:188} INFO - [2024-10-20T10:45:26.992+0000] {dag.py:3834} INFO - Setting next_dagrun for example_sensor_decorator to None, run_after=None
[2024-10-20T10:45:27.009+0000] {processor.py:183} INFO - Processing /home/airflow/.local/lib/python3.8/site-packages/airflow/example_dags/example_sensor_decorator.py took 0.052 seconds
[2024-10-20T10:45:57.263+0000] {processor.py:161} INFO - Started process (PID=1209) to work on /home/airflow/.local/lib/python3.8/site-packages/airflow/example_dags/example_sensor_decorator.py
[2024-10-20T10:45:57.264+0000] {processor.py:830} INFO - Processing file /home/airflow/.local/lib/python3.8/site-packages/airflow/example_dags/example_sensor_decorator.py for tasks to queue
[2024-10-20T10:45:57.266+0000] {logging_mixin.py:188} INFO - [2024-10-20T10:45:57.265+0000] {dagbag.py:540} INFO - Filling up the DagBag from /home/airflow/.local/lib/python3.8/site-packages/airflow/example_dags/example_sensor_decorator.py
[2024-10-20T10:45:57.270+0000] {processor.py:840} INFO - DAG(s) 'example_sensor_decorator' retrieved from /home/airflow/.local/lib/python3.8/site-packages/airflow/example_dags/example_sensor_decorator.py
[2024-10-20T10:45:57.287+0000] {logging_mixin.py:188} INFO - [2024-10-20T10:45:57.287+0000] {dag.py:3047} INFO - Sync 1 DAGs
[2024-10-20T10:45:57.296+0000] {logging_mixin.py:188} INFO - [2024-10-20T10:45:57.296+0000] {dag.py:3834} INFO - Setting next_dagrun for example_sensor_decorator to None, run_after=None
[2024-10-20T10:45:57.315+0000] {processor.py:183} INFO - Processing /home/airflow/.local/lib/python3.8/site-packages/airflow/example_dags/example_sensor_decorator.py took 0.055 seconds
[2024-10-20T10:46:27.483+0000] {processor.py:161} INFO - Started process (PID=1265) to work on /home/airflow/.local/lib/python3.8/site-packages/airflow/example_dags/example_sensor_decorator.py
[2024-10-20T10:46:27.484+0000] {processor.py:830} INFO - Processing file /home/airflow/.local/lib/python3.8/site-packages/airflow/example_dags/example_sensor_decorator.py for tasks to queue
[2024-10-20T10:46:27.486+0000] {logging_mixin.py:188} INFO - [2024-10-20T10:46:27.485+0000] {dagbag.py:540} INFO - Filling up the DagBag from /home/airflow/.local/lib/python3.8/site-packages/airflow/example_dags/example_sensor_decorator.py
[2024-10-20T10:46:27.490+0000] {processor.py:840} INFO - DAG(s) 'example_sensor_decorator' retrieved from /home/airflow/.local/lib/python3.8/site-packages/airflow/example_dags/example_sensor_decorator.py
[2024-10-20T10:46:27.503+0000] {logging_mixin.py:188} INFO - [2024-10-20T10:46:27.503+0000] {dag.py:3047} INFO - Sync 1 DAGs
[2024-10-20T10:46:27.511+0000] {logging_mixin.py:188} INFO - [2024-10-20T10:46:27.510+0000] {dag.py:3834} INFO - Setting next_dagrun for example_sensor_decorator to None, run_after=None
[2024-10-20T10:46:27.522+0000] {processor.py:183} INFO - Processing /home/airflow/.local/lib/python3.8/site-packages/airflow/example_dags/example_sensor_decorator.py took 0.041 seconds
[2024-10-20T10:46:58.031+0000] {processor.py:161} INFO - Started process (PID=1321) to work on /home/airflow/.local/lib/python3.8/site-packages/airflow/example_dags/example_sensor_decorator.py
[2024-10-20T10:46:58.034+0000] {processor.py:830} INFO - Processing file /home/airflow/.local/lib/python3.8/site-packages/airflow/example_dags/example_sensor_decorator.py for tasks to queue
[2024-10-20T10:46:58.036+0000] {logging_mixin.py:188} INFO - [2024-10-20T10:46:58.036+0000] {dagbag.py:540} INFO - Filling up the DagBag from /home/airflow/.local/lib/python3.8/site-packages/airflow/example_dags/example_sensor_decorator.py
[2024-10-20T10:46:58.043+0000] {processor.py:840} INFO - DAG(s) 'example_sensor_decorator' retrieved from /home/airflow/.local/lib/python3.8/site-packages/airflow/example_dags/example_sensor_decorator.py
[2024-10-20T10:46:58.074+0000] {logging_mixin.py:188} INFO - [2024-10-20T10:46:58.074+0000] {dag.py:3047} INFO - Sync 1 DAGs
[2024-10-20T10:46:58.092+0000] {logging_mixin.py:188} INFO - [2024-10-20T10:46:58.090+0000] {dag.py:3834} INFO - Setting next_dagrun for example_sensor_decorator to None, run_after=None
[2024-10-20T10:46:58.114+0000] {processor.py:183} INFO - Processing /home/airflow/.local/lib/python3.8/site-packages/airflow/example_dags/example_sensor_decorator.py took 0.087 seconds
[2024-10-20T10:47:28.277+0000] {processor.py:161} INFO - Started process (PID=1377) to work on /home/airflow/.local/lib/python3.8/site-packages/airflow/example_dags/example_sensor_decorator.py
[2024-10-20T10:47:28.281+0000] {processor.py:830} INFO - Processing file /home/airflow/.local/lib/python3.8/site-packages/airflow/example_dags/example_sensor_decorator.py for tasks to queue
[2024-10-20T10:47:28.284+0000] {logging_mixin.py:188} INFO - [2024-10-20T10:47:28.283+0000] {dagbag.py:540} INFO - Filling up the DagBag from /home/airflow/.local/lib/python3.8/site-packages/airflow/example_dags/example_sensor_decorator.py
[2024-10-20T10:47:28.289+0000] {processor.py:840} INFO - DAG(s) 'example_sensor_decorator' retrieved from /home/airflow/.local/lib/python3.8/site-packages/airflow/example_dags/example_sensor_decorator.py
[2024-10-20T10:47:28.307+0000] {logging_mixin.py:188} INFO - [2024-10-20T10:47:28.307+0000] {dag.py:3047} INFO - Sync 1 DAGs
[2024-10-20T10:47:28.325+0000] {logging_mixin.py:188} INFO - [2024-10-20T10:47:28.325+0000] {dag.py:3834} INFO - Setting next_dagrun for example_sensor_decorator to None, run_after=None
[2024-10-20T10:47:28.345+0000] {processor.py:183} INFO - Processing /home/airflow/.local/lib/python3.8/site-packages/airflow/example_dags/example_sensor_decorator.py took 0.071 seconds
[2024-10-20T10:47:58.688+0000] {processor.py:161} INFO - Started process (PID=1433) to work on /home/airflow/.local/lib/python3.8/site-packages/airflow/example_dags/example_sensor_decorator.py
[2024-10-20T10:47:58.690+0000] {processor.py:830} INFO - Processing file /home/airflow/.local/lib/python3.8/site-packages/airflow/example_dags/example_sensor_decorator.py for tasks to queue
[2024-10-20T10:47:58.693+0000] {logging_mixin.py:188} INFO - [2024-10-20T10:47:58.692+0000] {dagbag.py:540} INFO - Filling up the DagBag from /home/airflow/.local/lib/python3.8/site-packages/airflow/example_dags/example_sensor_decorator.py
[2024-10-20T10:47:58.699+0000] {processor.py:840} INFO - DAG(s) 'example_sensor_decorator' retrieved from /home/airflow/.local/lib/python3.8/site-packages/airflow/example_dags/example_sensor_decorator.py
[2024-10-20T10:47:58.713+0000] {logging_mixin.py:188} INFO - [2024-10-20T10:47:58.713+0000] {dag.py:3047} INFO - Sync 1 DAGs
[2024-10-20T10:47:58.721+0000] {logging_mixin.py:188} INFO - [2024-10-20T10:47:58.721+0000] {dag.py:3834} INFO - Setting next_dagrun for example_sensor_decorator to None, run_after=None
[2024-10-20T10:47:58.733+0000] {processor.py:183} INFO - Processing /home/airflow/.local/lib/python3.8/site-packages/airflow/example_dags/example_sensor_decorator.py took 0.047 seconds
[2024-10-20T10:48:28.960+0000] {processor.py:161} INFO - Started process (PID=1489) to work on /home/airflow/.local/lib/python3.8/site-packages/airflow/example_dags/example_sensor_decorator.py
[2024-10-20T10:48:28.961+0000] {processor.py:830} INFO - Processing file /home/airflow/.local/lib/python3.8/site-packages/airflow/example_dags/example_sensor_decorator.py for tasks to queue
[2024-10-20T10:48:28.962+0000] {logging_mixin.py:188} INFO - [2024-10-20T10:48:28.962+0000] {dagbag.py:540} INFO - Filling up the DagBag from /home/airflow/.local/lib/python3.8/site-packages/airflow/example_dags/example_sensor_decorator.py
[2024-10-20T10:48:28.967+0000] {processor.py:840} INFO - DAG(s) 'example_sensor_decorator' retrieved from /home/airflow/.local/lib/python3.8/site-packages/airflow/example_dags/example_sensor_decorator.py
[2024-10-20T10:48:28.982+0000] {logging_mixin.py:188} INFO - [2024-10-20T10:48:28.982+0000] {dag.py:3047} INFO - Sync 1 DAGs
[2024-10-20T10:48:28.992+0000] {logging_mixin.py:188} INFO - [2024-10-20T10:48:28.992+0000] {dag.py:3834} INFO - Setting next_dagrun for example_sensor_decorator to None, run_after=None
[2024-10-20T10:48:29.017+0000] {processor.py:183} INFO - Processing /home/airflow/.local/lib/python3.8/site-packages/airflow/example_dags/example_sensor_decorator.py took 0.060 seconds
[2024-10-20T10:48:59.191+0000] {processor.py:161} INFO - Started process (PID=1545) to work on /home/airflow/.local/lib/python3.8/site-packages/airflow/example_dags/example_sensor_decorator.py
[2024-10-20T10:48:59.193+0000] {processor.py:830} INFO - Processing file /home/airflow/.local/lib/python3.8/site-packages/airflow/example_dags/example_sensor_decorator.py for tasks to queue
[2024-10-20T10:48:59.196+0000] {logging_mixin.py:188} INFO - [2024-10-20T10:48:59.196+0000] {dagbag.py:540} INFO - Filling up the DagBag from /home/airflow/.local/lib/python3.8/site-packages/airflow/example_dags/example_sensor_decorator.py
[2024-10-20T10:48:59.202+0000] {processor.py:840} INFO - DAG(s) 'example_sensor_decorator' retrieved from /home/airflow/.local/lib/python3.8/site-packages/airflow/example_dags/example_sensor_decorator.py
[2024-10-20T10:48:59.217+0000] {logging_mixin.py:188} INFO - [2024-10-20T10:48:59.217+0000] {dag.py:3047} INFO - Sync 1 DAGs
[2024-10-20T10:48:59.228+0000] {logging_mixin.py:188} INFO - [2024-10-20T10:48:59.227+0000] {dag.py:3834} INFO - Setting next_dagrun for example_sensor_decorator to None, run_after=None
[2024-10-20T10:48:59.247+0000] {processor.py:183} INFO - Processing /home/airflow/.local/lib/python3.8/site-packages/airflow/example_dags/example_sensor_decorator.py took 0.058 seconds
[2024-10-20T10:49:29.526+0000] {processor.py:161} INFO - Started process (PID=1601) to work on /home/airflow/.local/lib/python3.8/site-packages/airflow/example_dags/example_sensor_decorator.py
[2024-10-20T10:49:29.528+0000] {processor.py:830} INFO - Processing file /home/airflow/.local/lib/python3.8/site-packages/airflow/example_dags/example_sensor_decorator.py for tasks to queue
[2024-10-20T10:49:29.530+0000] {logging_mixin.py:188} INFO - [2024-10-20T10:49:29.530+0000] {dagbag.py:540} INFO - Filling up the DagBag from /home/airflow/.local/lib/python3.8/site-packages/airflow/example_dags/example_sensor_decorator.py
[2024-10-20T10:49:29.535+0000] {processor.py:840} INFO - DAG(s) 'example_sensor_decorator' retrieved from /home/airflow/.local/lib/python3.8/site-packages/airflow/example_dags/example_sensor_decorator.py
[2024-10-20T10:49:29.552+0000] {logging_mixin.py:188} INFO - [2024-10-20T10:49:29.552+0000] {dag.py:3047} INFO - Sync 1 DAGs
[2024-10-20T10:49:29.561+0000] {logging_mixin.py:188} INFO - [2024-10-20T10:49:29.561+0000] {dag.py:3834} INFO - Setting next_dagrun for example_sensor_decorator to None, run_after=None
[2024-10-20T10:49:29.575+0000] {processor.py:183} INFO - Processing /home/airflow/.local/lib/python3.8/site-packages/airflow/example_dags/example_sensor_decorator.py took 0.052 seconds
[2024-10-20T10:50:00.012+0000] {processor.py:161} INFO - Started process (PID=1657) to work on /home/airflow/.local/lib/python3.8/site-packages/airflow/example_dags/example_sensor_decorator.py
[2024-10-20T10:50:00.015+0000] {processor.py:830} INFO - Processing file /home/airflow/.local/lib/python3.8/site-packages/airflow/example_dags/example_sensor_decorator.py for tasks to queue
[2024-10-20T10:50:00.016+0000] {logging_mixin.py:188} INFO - [2024-10-20T10:50:00.016+0000] {dagbag.py:540} INFO - Filling up the DagBag from /home/airflow/.local/lib/python3.8/site-packages/airflow/example_dags/example_sensor_decorator.py
[2024-10-20T10:50:00.023+0000] {processor.py:840} INFO - DAG(s) 'example_sensor_decorator' retrieved from /home/airflow/.local/lib/python3.8/site-packages/airflow/example_dags/example_sensor_decorator.py
[2024-10-20T10:50:00.038+0000] {logging_mixin.py:188} INFO - [2024-10-20T10:50:00.038+0000] {dag.py:3047} INFO - Sync 1 DAGs
[2024-10-20T10:50:00.046+0000] {logging_mixin.py:188} INFO - [2024-10-20T10:50:00.046+0000] {dag.py:3834} INFO - Setting next_dagrun for example_sensor_decorator to None, run_after=None
[2024-10-20T10:50:00.059+0000] {processor.py:183} INFO - Processing /home/airflow/.local/lib/python3.8/site-packages/airflow/example_dags/example_sensor_decorator.py took 0.049 seconds
[2024-10-20T10:50:30.182+0000] {processor.py:161} INFO - Started process (PID=1713) to work on /home/airflow/.local/lib/python3.8/site-packages/airflow/example_dags/example_sensor_decorator.py
[2024-10-20T10:50:30.184+0000] {processor.py:830} INFO - Processing file /home/airflow/.local/lib/python3.8/site-packages/airflow/example_dags/example_sensor_decorator.py for tasks to queue
[2024-10-20T10:50:30.185+0000] {logging_mixin.py:188} INFO - [2024-10-20T10:50:30.185+0000] {dagbag.py:540} INFO - Filling up the DagBag from /home/airflow/.local/lib/python3.8/site-packages/airflow/example_dags/example_sensor_decorator.py
[2024-10-20T10:50:30.190+0000] {processor.py:840} INFO - DAG(s) 'example_sensor_decorator' retrieved from /home/airflow/.local/lib/python3.8/site-packages/airflow/example_dags/example_sensor_decorator.py
[2024-10-20T10:50:30.203+0000] {logging_mixin.py:188} INFO - [2024-10-20T10:50:30.203+0000] {dag.py:3047} INFO - Sync 1 DAGs
[2024-10-20T10:50:30.211+0000] {logging_mixin.py:188} INFO - [2024-10-20T10:50:30.211+0000] {dag.py:3834} INFO - Setting next_dagrun for example_sensor_decorator to None, run_after=None
[2024-10-20T10:50:30.224+0000] {processor.py:183} INFO - Processing /home/airflow/.local/lib/python3.8/site-packages/airflow/example_dags/example_sensor_decorator.py took 0.044 seconds
[2024-10-20T10:51:01.196+0000] {processor.py:161} INFO - Started process (PID=1769) to work on /home/airflow/.local/lib/python3.8/site-packages/airflow/example_dags/example_sensor_decorator.py
[2024-10-20T10:51:01.197+0000] {processor.py:830} INFO - Processing file /home/airflow/.local/lib/python3.8/site-packages/airflow/example_dags/example_sensor_decorator.py for tasks to queue
[2024-10-20T10:51:01.199+0000] {logging_mixin.py:188} INFO - [2024-10-20T10:51:01.199+0000] {dagbag.py:540} INFO - Filling up the DagBag from /home/airflow/.local/lib/python3.8/site-packages/airflow/example_dags/example_sensor_decorator.py
[2024-10-20T10:51:01.205+0000] {processor.py:840} INFO - DAG(s) 'example_sensor_decorator' retrieved from /home/airflow/.local/lib/python3.8/site-packages/airflow/example_dags/example_sensor_decorator.py
[2024-10-20T10:51:01.221+0000] {logging_mixin.py:188} INFO - [2024-10-20T10:51:01.220+0000] {dag.py:3047} INFO - Sync 1 DAGs
[2024-10-20T10:51:01.229+0000] {logging_mixin.py:188} INFO - [2024-10-20T10:51:01.229+0000] {dag.py:3834} INFO - Setting next_dagrun for example_sensor_decorator to None, run_after=None
[2024-10-20T10:51:01.244+0000] {processor.py:183} INFO - Processing /home/airflow/.local/lib/python3.8/site-packages/airflow/example_dags/example_sensor_decorator.py took 0.051 seconds
[2024-10-20T10:51:31.278+0000] {processor.py:161} INFO - Started process (PID=1824) to work on /home/airflow/.local/lib/python3.8/site-packages/airflow/example_dags/example_sensor_decorator.py
[2024-10-20T10:51:31.282+0000] {processor.py:830} INFO - Processing file /home/airflow/.local/lib/python3.8/site-packages/airflow/example_dags/example_sensor_decorator.py for tasks to queue
[2024-10-20T10:51:31.285+0000] {logging_mixin.py:188} INFO - [2024-10-20T10:51:31.284+0000] {dagbag.py:540} INFO - Filling up the DagBag from /home/airflow/.local/lib/python3.8/site-packages/airflow/example_dags/example_sensor_decorator.py
[2024-10-20T10:51:31.289+0000] {processor.py:840} INFO - DAG(s) 'example_sensor_decorator' retrieved from /home/airflow/.local/lib/python3.8/site-packages/airflow/example_dags/example_sensor_decorator.py
[2024-10-20T10:51:31.309+0000] {logging_mixin.py:188} INFO - [2024-10-20T10:51:31.309+0000] {dag.py:3047} INFO - Sync 1 DAGs
[2024-10-20T10:51:31.318+0000] {logging_mixin.py:188} INFO - [2024-10-20T10:51:31.318+0000] {dag.py:3834} INFO - Setting next_dagrun for example_sensor_decorator to None, run_after=None
[2024-10-20T10:51:31.333+0000] {processor.py:183} INFO - Processing /home/airflow/.local/lib/python3.8/site-packages/airflow/example_dags/example_sensor_decorator.py took 0.057 seconds
[2024-10-20T10:52:01.640+0000] {processor.py:161} INFO - Started process (PID=1881) to work on /home/airflow/.local/lib/python3.8/site-packages/airflow/example_dags/example_sensor_decorator.py
[2024-10-20T10:52:01.641+0000] {processor.py:830} INFO - Processing file /home/airflow/.local/lib/python3.8/site-packages/airflow/example_dags/example_sensor_decorator.py for tasks to queue
[2024-10-20T10:52:01.642+0000] {logging_mixin.py:188} INFO - [2024-10-20T10:52:01.642+0000] {dagbag.py:540} INFO - Filling up the DagBag from /home/airflow/.local/lib/python3.8/site-packages/airflow/example_dags/example_sensor_decorator.py
[2024-10-20T10:52:01.648+0000] {processor.py:840} INFO - DAG(s) 'example_sensor_decorator' retrieved from /home/airflow/.local/lib/python3.8/site-packages/airflow/example_dags/example_sensor_decorator.py
[2024-10-20T10:52:01.662+0000] {logging_mixin.py:188} INFO - [2024-10-20T10:52:01.661+0000] {dag.py:3047} INFO - Sync 1 DAGs
[2024-10-20T10:52:01.671+0000] {logging_mixin.py:188} INFO - [2024-10-20T10:52:01.671+0000] {dag.py:3834} INFO - Setting next_dagrun for example_sensor_decorator to None, run_after=None
[2024-10-20T10:52:01.684+0000] {processor.py:183} INFO - Processing /home/airflow/.local/lib/python3.8/site-packages/airflow/example_dags/example_sensor_decorator.py took 0.047 seconds
[2024-10-20T10:52:31.711+0000] {processor.py:161} INFO - Started process (PID=1935) to work on /home/airflow/.local/lib/python3.8/site-packages/airflow/example_dags/example_sensor_decorator.py
[2024-10-20T10:52:31.712+0000] {processor.py:830} INFO - Processing file /home/airflow/.local/lib/python3.8/site-packages/airflow/example_dags/example_sensor_decorator.py for tasks to queue
[2024-10-20T10:52:31.713+0000] {logging_mixin.py:188} INFO - [2024-10-20T10:52:31.713+0000] {dagbag.py:540} INFO - Filling up the DagBag from /home/airflow/.local/lib/python3.8/site-packages/airflow/example_dags/example_sensor_decorator.py
[2024-10-20T10:52:31.717+0000] {processor.py:840} INFO - DAG(s) 'example_sensor_decorator' retrieved from /home/airflow/.local/lib/python3.8/site-packages/airflow/example_dags/example_sensor_decorator.py
[2024-10-20T10:52:31.731+0000] {logging_mixin.py:188} INFO - [2024-10-20T10:52:31.731+0000] {dag.py:3047} INFO - Sync 1 DAGs
[2024-10-20T10:52:31.738+0000] {logging_mixin.py:188} INFO - [2024-10-20T10:52:31.738+0000] {dag.py:3834} INFO - Setting next_dagrun for example_sensor_decorator to None, run_after=None
[2024-10-20T10:52:31.749+0000] {processor.py:183} INFO - Processing /home/airflow/.local/lib/python3.8/site-packages/airflow/example_dags/example_sensor_decorator.py took 0.039 seconds
[2024-10-20T10:53:01.765+0000] {processor.py:161} INFO - Started process (PID=1991) to work on /home/airflow/.local/lib/python3.8/site-packages/airflow/example_dags/example_sensor_decorator.py
[2024-10-20T10:53:01.769+0000] {processor.py:830} INFO - Processing file /home/airflow/.local/lib/python3.8/site-packages/airflow/example_dags/example_sensor_decorator.py for tasks to queue
[2024-10-20T10:53:01.771+0000] {logging_mixin.py:188} INFO - [2024-10-20T10:53:01.771+0000] {dagbag.py:540} INFO - Filling up the DagBag from /home/airflow/.local/lib/python3.8/site-packages/airflow/example_dags/example_sensor_decorator.py
[2024-10-20T10:53:01.777+0000] {processor.py:840} INFO - DAG(s) 'example_sensor_decorator' retrieved from /home/airflow/.local/lib/python3.8/site-packages/airflow/example_dags/example_sensor_decorator.py
[2024-10-20T10:53:01.796+0000] {logging_mixin.py:188} INFO - [2024-10-20T10:53:01.796+0000] {dag.py:3047} INFO - Sync 1 DAGs
[2024-10-20T10:53:01.807+0000] {logging_mixin.py:188} INFO - [2024-10-20T10:53:01.807+0000] {dag.py:3834} INFO - Setting next_dagrun for example_sensor_decorator to None, run_after=None
[2024-10-20T10:53:01.824+0000] {processor.py:183} INFO - Processing /home/airflow/.local/lib/python3.8/site-packages/airflow/example_dags/example_sensor_decorator.py took 0.061 seconds
[2024-10-20T10:53:31.960+0000] {processor.py:161} INFO - Started process (PID=2047) to work on /home/airflow/.local/lib/python3.8/site-packages/airflow/example_dags/example_sensor_decorator.py
[2024-10-20T10:53:31.963+0000] {processor.py:830} INFO - Processing file /home/airflow/.local/lib/python3.8/site-packages/airflow/example_dags/example_sensor_decorator.py for tasks to queue
[2024-10-20T10:53:31.965+0000] {logging_mixin.py:188} INFO - [2024-10-20T10:53:31.964+0000] {dagbag.py:540} INFO - Filling up the DagBag from /home/airflow/.local/lib/python3.8/site-packages/airflow/example_dags/example_sensor_decorator.py
[2024-10-20T10:53:31.971+0000] {processor.py:840} INFO - DAG(s) 'example_sensor_decorator' retrieved from /home/airflow/.local/lib/python3.8/site-packages/airflow/example_dags/example_sensor_decorator.py
[2024-10-20T10:53:31.987+0000] {logging_mixin.py:188} INFO - [2024-10-20T10:53:31.987+0000] {dag.py:3047} INFO - Sync 1 DAGs
[2024-10-20T10:53:31.997+0000] {logging_mixin.py:188} INFO - [2024-10-20T10:53:31.997+0000] {dag.py:3834} INFO - Setting next_dagrun for example_sensor_decorator to None, run_after=None
[2024-10-20T10:53:32.016+0000] {processor.py:183} INFO - Processing /home/airflow/.local/lib/python3.8/site-packages/airflow/example_dags/example_sensor_decorator.py took 0.058 seconds
[2024-10-20T10:54:02.075+0000] {processor.py:161} INFO - Started process (PID=2103) to work on /home/airflow/.local/lib/python3.8/site-packages/airflow/example_dags/example_sensor_decorator.py
[2024-10-20T10:54:02.081+0000] {processor.py:830} INFO - Processing file /home/airflow/.local/lib/python3.8/site-packages/airflow/example_dags/example_sensor_decorator.py for tasks to queue
[2024-10-20T10:54:02.082+0000] {logging_mixin.py:188} INFO - [2024-10-20T10:54:02.082+0000] {dagbag.py:540} INFO - Filling up the DagBag from /home/airflow/.local/lib/python3.8/site-packages/airflow/example_dags/example_sensor_decorator.py
[2024-10-20T10:54:02.087+0000] {processor.py:840} INFO - DAG(s) 'example_sensor_decorator' retrieved from /home/airflow/.local/lib/python3.8/site-packages/airflow/example_dags/example_sensor_decorator.py
[2024-10-20T10:54:02.106+0000] {logging_mixin.py:188} INFO - [2024-10-20T10:54:02.106+0000] {dag.py:3047} INFO - Sync 1 DAGs
[2024-10-20T10:54:02.116+0000] {logging_mixin.py:188} INFO - [2024-10-20T10:54:02.116+0000] {dag.py:3834} INFO - Setting next_dagrun for example_sensor_decorator to None, run_after=None
[2024-10-20T10:54:02.135+0000] {processor.py:183} INFO - Processing /home/airflow/.local/lib/python3.8/site-packages/airflow/example_dags/example_sensor_decorator.py took 0.063 seconds
[2024-10-20T10:54:32.304+0000] {processor.py:161} INFO - Started process (PID=2159) to work on /home/airflow/.local/lib/python3.8/site-packages/airflow/example_dags/example_sensor_decorator.py
[2024-10-20T10:54:32.306+0000] {processor.py:830} INFO - Processing file /home/airflow/.local/lib/python3.8/site-packages/airflow/example_dags/example_sensor_decorator.py for tasks to queue
[2024-10-20T10:54:32.310+0000] {logging_mixin.py:188} INFO - [2024-10-20T10:54:32.310+0000] {dagbag.py:540} INFO - Filling up the DagBag from /home/airflow/.local/lib/python3.8/site-packages/airflow/example_dags/example_sensor_decorator.py
[2024-10-20T10:54:32.316+0000] {processor.py:840} INFO - DAG(s) 'example_sensor_decorator' retrieved from /home/airflow/.local/lib/python3.8/site-packages/airflow/example_dags/example_sensor_decorator.py
[2024-10-20T10:54:32.329+0000] {logging_mixin.py:188} INFO - [2024-10-20T10:54:32.329+0000] {dag.py:3047} INFO - Sync 1 DAGs
[2024-10-20T10:54:32.341+0000] {logging_mixin.py:188} INFO - [2024-10-20T10:54:32.341+0000] {dag.py:3834} INFO - Setting next_dagrun for example_sensor_decorator to None, run_after=None
[2024-10-20T10:54:32.360+0000] {processor.py:183} INFO - Processing /home/airflow/.local/lib/python3.8/site-packages/airflow/example_dags/example_sensor_decorator.py took 0.059 seconds
[2024-10-20T10:55:02.660+0000] {processor.py:161} INFO - Started process (PID=2215) to work on /home/airflow/.local/lib/python3.8/site-packages/airflow/example_dags/example_sensor_decorator.py
[2024-10-20T10:55:02.661+0000] {processor.py:830} INFO - Processing file /home/airflow/.local/lib/python3.8/site-packages/airflow/example_dags/example_sensor_decorator.py for tasks to queue
[2024-10-20T10:55:02.663+0000] {logging_mixin.py:188} INFO - [2024-10-20T10:55:02.663+0000] {dagbag.py:540} INFO - Filling up the DagBag from /home/airflow/.local/lib/python3.8/site-packages/airflow/example_dags/example_sensor_decorator.py
[2024-10-20T10:55:02.668+0000] {processor.py:840} INFO - DAG(s) 'example_sensor_decorator' retrieved from /home/airflow/.local/lib/python3.8/site-packages/airflow/example_dags/example_sensor_decorator.py
[2024-10-20T10:55:02.682+0000] {logging_mixin.py:188} INFO - [2024-10-20T10:55:02.682+0000] {dag.py:3047} INFO - Sync 1 DAGs
[2024-10-20T10:55:02.693+0000] {logging_mixin.py:188} INFO - [2024-10-20T10:55:02.693+0000] {dag.py:3834} INFO - Setting next_dagrun for example_sensor_decorator to None, run_after=None
[2024-10-20T10:55:02.709+0000] {processor.py:183} INFO - Processing /home/airflow/.local/lib/python3.8/site-packages/airflow/example_dags/example_sensor_decorator.py took 0.052 seconds
[2024-10-20T10:55:33.565+0000] {processor.py:161} INFO - Started process (PID=2270) to work on /home/airflow/.local/lib/python3.8/site-packages/airflow/example_dags/example_sensor_decorator.py
[2024-10-20T10:55:33.570+0000] {processor.py:830} INFO - Processing file /home/airflow/.local/lib/python3.8/site-packages/airflow/example_dags/example_sensor_decorator.py for tasks to queue
[2024-10-20T10:55:33.571+0000] {logging_mixin.py:188} INFO - [2024-10-20T10:55:33.571+0000] {dagbag.py:540} INFO - Filling up the DagBag from /home/airflow/.local/lib/python3.8/site-packages/airflow/example_dags/example_sensor_decorator.py
[2024-10-20T10:55:33.576+0000] {processor.py:840} INFO - DAG(s) 'example_sensor_decorator' retrieved from /home/airflow/.local/lib/python3.8/site-packages/airflow/example_dags/example_sensor_decorator.py
[2024-10-20T10:55:33.592+0000] {logging_mixin.py:188} INFO - [2024-10-20T10:55:33.592+0000] {dag.py:3047} INFO - Sync 1 DAGs
[2024-10-20T10:55:33.600+0000] {logging_mixin.py:188} INFO - [2024-10-20T10:55:33.600+0000] {dag.py:3834} INFO - Setting next_dagrun for example_sensor_decorator to None, run_after=None
[2024-10-20T10:55:33.615+0000] {processor.py:183} INFO - Processing /home/airflow/.local/lib/python3.8/site-packages/airflow/example_dags/example_sensor_decorator.py took 0.053 seconds
[2024-10-20T10:56:03.737+0000] {processor.py:161} INFO - Started process (PID=2326) to work on /home/airflow/.local/lib/python3.8/site-packages/airflow/example_dags/example_sensor_decorator.py
[2024-10-20T10:56:03.739+0000] {processor.py:830} INFO - Processing file /home/airflow/.local/lib/python3.8/site-packages/airflow/example_dags/example_sensor_decorator.py for tasks to queue
[2024-10-20T10:56:03.740+0000] {logging_mixin.py:188} INFO - [2024-10-20T10:56:03.740+0000] {dagbag.py:540} INFO - Filling up the DagBag from /home/airflow/.local/lib/python3.8/site-packages/airflow/example_dags/example_sensor_decorator.py
[2024-10-20T10:56:03.746+0000] {processor.py:840} INFO - DAG(s) 'example_sensor_decorator' retrieved from /home/airflow/.local/lib/python3.8/site-packages/airflow/example_dags/example_sensor_decorator.py
[2024-10-20T10:56:03.762+0000] {logging_mixin.py:188} INFO - [2024-10-20T10:56:03.761+0000] {dag.py:3047} INFO - Sync 1 DAGs
[2024-10-20T10:56:03.774+0000] {logging_mixin.py:188} INFO - [2024-10-20T10:56:03.774+0000] {dag.py:3834} INFO - Setting next_dagrun for example_sensor_decorator to None, run_after=None
[2024-10-20T10:56:03.792+0000] {processor.py:183} INFO - Processing /home/airflow/.local/lib/python3.8/site-packages/airflow/example_dags/example_sensor_decorator.py took 0.058 seconds
[2024-10-20T10:56:34.060+0000] {processor.py:161} INFO - Started process (PID=2382) to work on /home/airflow/.local/lib/python3.8/site-packages/airflow/example_dags/example_sensor_decorator.py
[2024-10-20T10:56:34.062+0000] {processor.py:830} INFO - Processing file /home/airflow/.local/lib/python3.8/site-packages/airflow/example_dags/example_sensor_decorator.py for tasks to queue
[2024-10-20T10:56:34.064+0000] {logging_mixin.py:188} INFO - [2024-10-20T10:56:34.063+0000] {dagbag.py:540} INFO - Filling up the DagBag from /home/airflow/.local/lib/python3.8/site-packages/airflow/example_dags/example_sensor_decorator.py
[2024-10-20T10:56:34.069+0000] {processor.py:840} INFO - DAG(s) 'example_sensor_decorator' retrieved from /home/airflow/.local/lib/python3.8/site-packages/airflow/example_dags/example_sensor_decorator.py
[2024-10-20T10:56:34.084+0000] {logging_mixin.py:188} INFO - [2024-10-20T10:56:34.084+0000] {dag.py:3047} INFO - Sync 1 DAGs
[2024-10-20T10:56:34.095+0000] {logging_mixin.py:188} INFO - [2024-10-20T10:56:34.095+0000] {dag.py:3834} INFO - Setting next_dagrun for example_sensor_decorator to None, run_after=None
[2024-10-20T10:56:34.114+0000] {processor.py:183} INFO - Processing /home/airflow/.local/lib/python3.8/site-packages/airflow/example_dags/example_sensor_decorator.py took 0.056 seconds
[2024-10-20T10:57:04.532+0000] {processor.py:161} INFO - Started process (PID=2438) to work on /home/airflow/.local/lib/python3.8/site-packages/airflow/example_dags/example_sensor_decorator.py
[2024-10-20T10:57:04.538+0000] {processor.py:830} INFO - Processing file /home/airflow/.local/lib/python3.8/site-packages/airflow/example_dags/example_sensor_decorator.py for tasks to queue
[2024-10-20T10:57:04.539+0000] {logging_mixin.py:188} INFO - [2024-10-20T10:57:04.539+0000] {dagbag.py:540} INFO - Filling up the DagBag from /home/airflow/.local/lib/python3.8/site-packages/airflow/example_dags/example_sensor_decorator.py
[2024-10-20T10:57:04.543+0000] {processor.py:840} INFO - DAG(s) 'example_sensor_decorator' retrieved from /home/airflow/.local/lib/python3.8/site-packages/airflow/example_dags/example_sensor_decorator.py
[2024-10-20T10:57:04.560+0000] {logging_mixin.py:188} INFO - [2024-10-20T10:57:04.560+0000] {dag.py:3047} INFO - Sync 1 DAGs
[2024-10-20T10:57:04.571+0000] {logging_mixin.py:188} INFO - [2024-10-20T10:57:04.571+0000] {dag.py:3834} INFO - Setting next_dagrun for example_sensor_decorator to None, run_after=None
[2024-10-20T10:57:04.589+0000] {processor.py:183} INFO - Processing /home/airflow/.local/lib/python3.8/site-packages/airflow/example_dags/example_sensor_decorator.py took 0.060 seconds
[2024-10-20T10:57:34.852+0000] {processor.py:161} INFO - Started process (PID=2494) to work on /home/airflow/.local/lib/python3.8/site-packages/airflow/example_dags/example_sensor_decorator.py
[2024-10-20T10:57:34.854+0000] {processor.py:830} INFO - Processing file /home/airflow/.local/lib/python3.8/site-packages/airflow/example_dags/example_sensor_decorator.py for tasks to queue
[2024-10-20T10:57:34.855+0000] {logging_mixin.py:188} INFO - [2024-10-20T10:57:34.855+0000] {dagbag.py:540} INFO - Filling up the DagBag from /home/airflow/.local/lib/python3.8/site-packages/airflow/example_dags/example_sensor_decorator.py
[2024-10-20T10:57:34.860+0000] {processor.py:840} INFO - DAG(s) 'example_sensor_decorator' retrieved from /home/airflow/.local/lib/python3.8/site-packages/airflow/example_dags/example_sensor_decorator.py
[2024-10-20T10:57:34.878+0000] {logging_mixin.py:188} INFO - [2024-10-20T10:57:34.878+0000] {dag.py:3047} INFO - Sync 1 DAGs
[2024-10-20T10:57:34.887+0000] {logging_mixin.py:188} INFO - [2024-10-20T10:57:34.887+0000] {dag.py:3834} INFO - Setting next_dagrun for example_sensor_decorator to None, run_after=None
[2024-10-20T10:57:34.904+0000] {processor.py:183} INFO - Processing /home/airflow/.local/lib/python3.8/site-packages/airflow/example_dags/example_sensor_decorator.py took 0.055 seconds
[2024-10-20T10:58:05.502+0000] {processor.py:161} INFO - Started process (PID=2550) to work on /home/airflow/.local/lib/python3.8/site-packages/airflow/example_dags/example_sensor_decorator.py
[2024-10-20T10:58:05.507+0000] {processor.py:830} INFO - Processing file /home/airflow/.local/lib/python3.8/site-packages/airflow/example_dags/example_sensor_decorator.py for tasks to queue
[2024-10-20T10:58:05.510+0000] {logging_mixin.py:188} INFO - [2024-10-20T10:58:05.510+0000] {dagbag.py:540} INFO - Filling up the DagBag from /home/airflow/.local/lib/python3.8/site-packages/airflow/example_dags/example_sensor_decorator.py
[2024-10-20T10:58:05.514+0000] {processor.py:840} INFO - DAG(s) 'example_sensor_decorator' retrieved from /home/airflow/.local/lib/python3.8/site-packages/airflow/example_dags/example_sensor_decorator.py
[2024-10-20T10:58:05.532+0000] {logging_mixin.py:188} INFO - [2024-10-20T10:58:05.531+0000] {dag.py:3047} INFO - Sync 1 DAGs
[2024-10-20T10:58:05.544+0000] {logging_mixin.py:188} INFO - [2024-10-20T10:58:05.544+0000] {dag.py:3834} INFO - Setting next_dagrun for example_sensor_decorator to None, run_after=None
[2024-10-20T10:58:05.563+0000] {processor.py:183} INFO - Processing /home/airflow/.local/lib/python3.8/site-packages/airflow/example_dags/example_sensor_decorator.py took 0.063 seconds
[2024-10-20T10:58:35.828+0000] {processor.py:161} INFO - Started process (PID=2606) to work on /home/airflow/.local/lib/python3.8/site-packages/airflow/example_dags/example_sensor_decorator.py
[2024-10-20T10:58:35.832+0000] {processor.py:830} INFO - Processing file /home/airflow/.local/lib/python3.8/site-packages/airflow/example_dags/example_sensor_decorator.py for tasks to queue
[2024-10-20T10:58:35.833+0000] {logging_mixin.py:188} INFO - [2024-10-20T10:58:35.832+0000] {dagbag.py:540} INFO - Filling up the DagBag from /home/airflow/.local/lib/python3.8/site-packages/airflow/example_dags/example_sensor_decorator.py
[2024-10-20T10:58:35.838+0000] {processor.py:840} INFO - DAG(s) 'example_sensor_decorator' retrieved from /home/airflow/.local/lib/python3.8/site-packages/airflow/example_dags/example_sensor_decorator.py
[2024-10-20T10:58:35.854+0000] {logging_mixin.py:188} INFO - [2024-10-20T10:58:35.854+0000] {dag.py:3047} INFO - Sync 1 DAGs
[2024-10-20T10:58:35.866+0000] {logging_mixin.py:188} INFO - [2024-10-20T10:58:35.865+0000] {dag.py:3834} INFO - Setting next_dagrun for example_sensor_decorator to None, run_after=None
[2024-10-20T10:58:35.877+0000] {processor.py:183} INFO - Processing /home/airflow/.local/lib/python3.8/site-packages/airflow/example_dags/example_sensor_decorator.py took 0.051 seconds
