[2024-10-20T10:20:21.787+0000] {processor.py:161} INFO - Started process (PID=113) to work on /home/airflow/.local/lib/python3.8/site-packages/airflow/example_dags/tutorial.py
[2024-10-20T10:20:21.792+0000] {processor.py:830} INFO - Processing file /home/airflow/.local/lib/python3.8/site-packages/airflow/example_dags/tutorial.py for tasks to queue
[2024-10-20T10:20:21.794+0000] {logging_mixin.py:188} INFO - [2024-10-20T10:20:21.794+0000] {dagbag.py:540} INFO - Filling up the DagBag from /home/airflow/.local/lib/python3.8/site-packages/airflow/example_dags/tutorial.py
[2024-10-20T10:20:21.807+0000] {processor.py:840} INFO - DAG(s) 'tutorial' retrieved from /home/airflow/.local/lib/python3.8/site-packages/airflow/example_dags/tutorial.py
[2024-10-20T10:20:21.947+0000] {logging_mixin.py:188} INFO - [2024-10-20T10:20:21.947+0000] {dag.py:3047} INFO - Sync 1 DAGs
[2024-10-20T10:20:21.972+0000] {logging_mixin.py:188} INFO - [2024-10-20T10:20:21.972+0000] {dag.py:3834} INFO - Setting next_dagrun for tutorial to 2024-10-19 00:00:00+00:00, run_after=2024-10-20 00:00:00+00:00
[2024-10-20T10:20:21.999+0000] {processor.py:183} INFO - Processing /home/airflow/.local/lib/python3.8/site-packages/airflow/example_dags/tutorial.py took 0.221 seconds
[2024-10-20T10:20:52.853+0000] {processor.py:161} INFO - Started process (PID=168) to work on /home/airflow/.local/lib/python3.8/site-packages/airflow/example_dags/tutorial.py
[2024-10-20T10:20:52.854+0000] {processor.py:830} INFO - Processing file /home/airflow/.local/lib/python3.8/site-packages/airflow/example_dags/tutorial.py for tasks to queue
[2024-10-20T10:20:52.855+0000] {logging_mixin.py:188} INFO - [2024-10-20T10:20:52.855+0000] {dagbag.py:540} INFO - Filling up the DagBag from /home/airflow/.local/lib/python3.8/site-packages/airflow/example_dags/tutorial.py
[2024-10-20T10:20:52.859+0000] {processor.py:840} INFO - DAG(s) 'tutorial' retrieved from /home/airflow/.local/lib/python3.8/site-packages/airflow/example_dags/tutorial.py
[2024-10-20T10:20:52.873+0000] {logging_mixin.py:188} INFO - [2024-10-20T10:20:52.872+0000] {dag.py:3047} INFO - Sync 1 DAGs
[2024-10-20T10:20:52.887+0000] {logging_mixin.py:188} INFO - [2024-10-20T10:20:52.887+0000] {dag.py:3834} INFO - Setting next_dagrun for tutorial to 2024-10-19 00:00:00+00:00, run_after=2024-10-20 00:00:00+00:00
[2024-10-20T10:20:52.898+0000] {processor.py:183} INFO - Processing /home/airflow/.local/lib/python3.8/site-packages/airflow/example_dags/tutorial.py took 0.048 seconds
[2024-10-20T10:21:23.598+0000] {processor.py:161} INFO - Started process (PID=223) to work on /home/airflow/.local/lib/python3.8/site-packages/airflow/example_dags/tutorial.py
[2024-10-20T10:21:23.598+0000] {processor.py:830} INFO - Processing file /home/airflow/.local/lib/python3.8/site-packages/airflow/example_dags/tutorial.py for tasks to queue
[2024-10-20T10:21:23.600+0000] {logging_mixin.py:188} INFO - [2024-10-20T10:21:23.599+0000] {dagbag.py:540} INFO - Filling up the DagBag from /home/airflow/.local/lib/python3.8/site-packages/airflow/example_dags/tutorial.py
[2024-10-20T10:21:23.603+0000] {processor.py:840} INFO - DAG(s) 'tutorial' retrieved from /home/airflow/.local/lib/python3.8/site-packages/airflow/example_dags/tutorial.py
[2024-10-20T10:21:23.617+0000] {logging_mixin.py:188} INFO - [2024-10-20T10:21:23.617+0000] {dag.py:3047} INFO - Sync 1 DAGs
[2024-10-20T10:21:23.631+0000] {logging_mixin.py:188} INFO - [2024-10-20T10:21:23.630+0000] {dag.py:3834} INFO - Setting next_dagrun for tutorial to 2024-10-19 00:00:00+00:00, run_after=2024-10-20 00:00:00+00:00
[2024-10-20T10:21:23.642+0000] {processor.py:183} INFO - Processing /home/airflow/.local/lib/python3.8/site-packages/airflow/example_dags/tutorial.py took 0.046 seconds
[2024-10-20T10:21:54.526+0000] {processor.py:161} INFO - Started process (PID=278) to work on /home/airflow/.local/lib/python3.8/site-packages/airflow/example_dags/tutorial.py
[2024-10-20T10:21:54.528+0000] {processor.py:830} INFO - Processing file /home/airflow/.local/lib/python3.8/site-packages/airflow/example_dags/tutorial.py for tasks to queue
[2024-10-20T10:21:54.532+0000] {logging_mixin.py:188} INFO - [2024-10-20T10:21:54.532+0000] {dagbag.py:540} INFO - Filling up the DagBag from /home/airflow/.local/lib/python3.8/site-packages/airflow/example_dags/tutorial.py
[2024-10-20T10:21:54.538+0000] {processor.py:840} INFO - DAG(s) 'tutorial' retrieved from /home/airflow/.local/lib/python3.8/site-packages/airflow/example_dags/tutorial.py
[2024-10-20T10:21:54.558+0000] {logging_mixin.py:188} INFO - [2024-10-20T10:21:54.558+0000] {dag.py:3047} INFO - Sync 1 DAGs
[2024-10-20T10:21:54.573+0000] {logging_mixin.py:188} INFO - [2024-10-20T10:21:54.573+0000] {dag.py:3834} INFO - Setting next_dagrun for tutorial to 2024-10-19 00:00:00+00:00, run_after=2024-10-20 00:00:00+00:00
[2024-10-20T10:21:54.586+0000] {processor.py:183} INFO - Processing /home/airflow/.local/lib/python3.8/site-packages/airflow/example_dags/tutorial.py took 0.063 seconds
[2024-10-20T10:22:24.631+0000] {processor.py:161} INFO - Started process (PID=333) to work on /home/airflow/.local/lib/python3.8/site-packages/airflow/example_dags/tutorial.py
[2024-10-20T10:22:24.631+0000] {processor.py:830} INFO - Processing file /home/airflow/.local/lib/python3.8/site-packages/airflow/example_dags/tutorial.py for tasks to queue
[2024-10-20T10:22:24.632+0000] {logging_mixin.py:188} INFO - [2024-10-20T10:22:24.632+0000] {dagbag.py:540} INFO - Filling up the DagBag from /home/airflow/.local/lib/python3.8/site-packages/airflow/example_dags/tutorial.py
[2024-10-20T10:22:24.636+0000] {processor.py:840} INFO - DAG(s) 'tutorial' retrieved from /home/airflow/.local/lib/python3.8/site-packages/airflow/example_dags/tutorial.py
[2024-10-20T10:22:24.650+0000] {logging_mixin.py:188} INFO - [2024-10-20T10:22:24.650+0000] {dag.py:3047} INFO - Sync 1 DAGs
[2024-10-20T10:22:24.664+0000] {logging_mixin.py:188} INFO - [2024-10-20T10:22:24.664+0000] {dag.py:3834} INFO - Setting next_dagrun for tutorial to 2024-10-19 00:00:00+00:00, run_after=2024-10-20 00:00:00+00:00
[2024-10-20T10:22:24.675+0000] {processor.py:183} INFO - Processing /home/airflow/.local/lib/python3.8/site-packages/airflow/example_dags/tutorial.py took 0.047 seconds
[2024-10-20T10:22:54.776+0000] {processor.py:161} INFO - Started process (PID=388) to work on /home/airflow/.local/lib/python3.8/site-packages/airflow/example_dags/tutorial.py
[2024-10-20T10:22:54.777+0000] {processor.py:830} INFO - Processing file /home/airflow/.local/lib/python3.8/site-packages/airflow/example_dags/tutorial.py for tasks to queue
[2024-10-20T10:22:54.778+0000] {logging_mixin.py:188} INFO - [2024-10-20T10:22:54.778+0000] {dagbag.py:540} INFO - Filling up the DagBag from /home/airflow/.local/lib/python3.8/site-packages/airflow/example_dags/tutorial.py
[2024-10-20T10:22:54.785+0000] {processor.py:840} INFO - DAG(s) 'tutorial' retrieved from /home/airflow/.local/lib/python3.8/site-packages/airflow/example_dags/tutorial.py
[2024-10-20T10:22:54.799+0000] {logging_mixin.py:188} INFO - [2024-10-20T10:22:54.798+0000] {dag.py:3047} INFO - Sync 1 DAGs
[2024-10-20T10:22:54.812+0000] {logging_mixin.py:188} INFO - [2024-10-20T10:22:54.812+0000] {dag.py:3834} INFO - Setting next_dagrun for tutorial to 2024-10-19 00:00:00+00:00, run_after=2024-10-20 00:00:00+00:00
[2024-10-20T10:22:54.826+0000] {processor.py:183} INFO - Processing /home/airflow/.local/lib/python3.8/site-packages/airflow/example_dags/tutorial.py took 0.053 seconds
[2024-10-20T10:23:25.652+0000] {processor.py:161} INFO - Started process (PID=443) to work on /home/airflow/.local/lib/python3.8/site-packages/airflow/example_dags/tutorial.py
[2024-10-20T10:23:25.652+0000] {processor.py:830} INFO - Processing file /home/airflow/.local/lib/python3.8/site-packages/airflow/example_dags/tutorial.py for tasks to queue
[2024-10-20T10:23:25.654+0000] {logging_mixin.py:188} INFO - [2024-10-20T10:23:25.654+0000] {dagbag.py:540} INFO - Filling up the DagBag from /home/airflow/.local/lib/python3.8/site-packages/airflow/example_dags/tutorial.py
[2024-10-20T10:23:25.658+0000] {processor.py:840} INFO - DAG(s) 'tutorial' retrieved from /home/airflow/.local/lib/python3.8/site-packages/airflow/example_dags/tutorial.py
[2024-10-20T10:23:25.672+0000] {logging_mixin.py:188} INFO - [2024-10-20T10:23:25.672+0000] {dag.py:3047} INFO - Sync 1 DAGs
[2024-10-20T10:23:25.687+0000] {logging_mixin.py:188} INFO - [2024-10-20T10:23:25.687+0000] {dag.py:3834} INFO - Setting next_dagrun for tutorial to 2024-10-19 00:00:00+00:00, run_after=2024-10-20 00:00:00+00:00
[2024-10-20T10:23:25.701+0000] {processor.py:183} INFO - Processing /home/airflow/.local/lib/python3.8/site-packages/airflow/example_dags/tutorial.py took 0.052 seconds
[2024-10-20T10:23:55.737+0000] {processor.py:161} INFO - Started process (PID=498) to work on /home/airflow/.local/lib/python3.8/site-packages/airflow/example_dags/tutorial.py
[2024-10-20T10:23:55.740+0000] {processor.py:830} INFO - Processing file /home/airflow/.local/lib/python3.8/site-packages/airflow/example_dags/tutorial.py for tasks to queue
[2024-10-20T10:23:55.741+0000] {logging_mixin.py:188} INFO - [2024-10-20T10:23:55.741+0000] {dagbag.py:540} INFO - Filling up the DagBag from /home/airflow/.local/lib/python3.8/site-packages/airflow/example_dags/tutorial.py
[2024-10-20T10:23:55.745+0000] {processor.py:840} INFO - DAG(s) 'tutorial' retrieved from /home/airflow/.local/lib/python3.8/site-packages/airflow/example_dags/tutorial.py
[2024-10-20T10:23:55.758+0000] {logging_mixin.py:188} INFO - [2024-10-20T10:23:55.758+0000] {dag.py:3047} INFO - Sync 1 DAGs
[2024-10-20T10:23:55.776+0000] {logging_mixin.py:188} INFO - [2024-10-20T10:23:55.775+0000] {dag.py:3834} INFO - Setting next_dagrun for tutorial to 2024-10-19 00:00:00+00:00, run_after=2024-10-20 00:00:00+00:00
[2024-10-20T10:23:55.791+0000] {processor.py:183} INFO - Processing /home/airflow/.local/lib/python3.8/site-packages/airflow/example_dags/tutorial.py took 0.056 seconds
[2024-10-20T10:24:25.867+0000] {processor.py:161} INFO - Started process (PID=553) to work on /home/airflow/.local/lib/python3.8/site-packages/airflow/example_dags/tutorial.py
[2024-10-20T10:24:25.870+0000] {processor.py:830} INFO - Processing file /home/airflow/.local/lib/python3.8/site-packages/airflow/example_dags/tutorial.py for tasks to queue
[2024-10-20T10:24:25.871+0000] {logging_mixin.py:188} INFO - [2024-10-20T10:24:25.871+0000] {dagbag.py:540} INFO - Filling up the DagBag from /home/airflow/.local/lib/python3.8/site-packages/airflow/example_dags/tutorial.py
[2024-10-20T10:24:25.875+0000] {processor.py:840} INFO - DAG(s) 'tutorial' retrieved from /home/airflow/.local/lib/python3.8/site-packages/airflow/example_dags/tutorial.py
[2024-10-20T10:24:25.889+0000] {logging_mixin.py:188} INFO - [2024-10-20T10:24:25.889+0000] {dag.py:3047} INFO - Sync 1 DAGs
[2024-10-20T10:24:25.906+0000] {logging_mixin.py:188} INFO - [2024-10-20T10:24:25.905+0000] {dag.py:3834} INFO - Setting next_dagrun for tutorial to 2024-10-19 00:00:00+00:00, run_after=2024-10-20 00:00:00+00:00
[2024-10-20T10:24:25.917+0000] {processor.py:183} INFO - Processing /home/airflow/.local/lib/python3.8/site-packages/airflow/example_dags/tutorial.py took 0.053 seconds
[2024-10-20T10:24:56.411+0000] {processor.py:161} INFO - Started process (PID=608) to work on /home/airflow/.local/lib/python3.8/site-packages/airflow/example_dags/tutorial.py
[2024-10-20T10:24:56.412+0000] {processor.py:830} INFO - Processing file /home/airflow/.local/lib/python3.8/site-packages/airflow/example_dags/tutorial.py for tasks to queue
[2024-10-20T10:24:56.416+0000] {logging_mixin.py:188} INFO - [2024-10-20T10:24:56.416+0000] {dagbag.py:540} INFO - Filling up the DagBag from /home/airflow/.local/lib/python3.8/site-packages/airflow/example_dags/tutorial.py
[2024-10-20T10:24:56.423+0000] {processor.py:840} INFO - DAG(s) 'tutorial' retrieved from /home/airflow/.local/lib/python3.8/site-packages/airflow/example_dags/tutorial.py
[2024-10-20T10:24:56.436+0000] {logging_mixin.py:188} INFO - [2024-10-20T10:24:56.436+0000] {dag.py:3047} INFO - Sync 1 DAGs
[2024-10-20T10:24:56.451+0000] {logging_mixin.py:188} INFO - [2024-10-20T10:24:56.451+0000] {dag.py:3834} INFO - Setting next_dagrun for tutorial to 2024-10-19 00:00:00+00:00, run_after=2024-10-20 00:00:00+00:00
[2024-10-20T10:24:56.463+0000] {processor.py:183} INFO - Processing /home/airflow/.local/lib/python3.8/site-packages/airflow/example_dags/tutorial.py took 0.055 seconds
[2024-10-20T10:25:27.392+0000] {processor.py:161} INFO - Started process (PID=663) to work on /home/airflow/.local/lib/python3.8/site-packages/airflow/example_dags/tutorial.py
[2024-10-20T10:25:27.395+0000] {processor.py:830} INFO - Processing file /home/airflow/.local/lib/python3.8/site-packages/airflow/example_dags/tutorial.py for tasks to queue
[2024-10-20T10:25:27.400+0000] {logging_mixin.py:188} INFO - [2024-10-20T10:25:27.399+0000] {dagbag.py:540} INFO - Filling up the DagBag from /home/airflow/.local/lib/python3.8/site-packages/airflow/example_dags/tutorial.py
[2024-10-20T10:25:27.413+0000] {processor.py:840} INFO - DAG(s) 'tutorial' retrieved from /home/airflow/.local/lib/python3.8/site-packages/airflow/example_dags/tutorial.py
[2024-10-20T10:25:27.551+0000] {logging_mixin.py:188} INFO - [2024-10-20T10:25:27.550+0000] {dag.py:3047} INFO - Sync 1 DAGs
[2024-10-20T10:25:27.600+0000] {logging_mixin.py:188} INFO - [2024-10-20T10:25:27.599+0000] {dag.py:3834} INFO - Setting next_dagrun for tutorial to 2024-10-19 00:00:00+00:00, run_after=2024-10-20 00:00:00+00:00
[2024-10-20T10:25:27.632+0000] {processor.py:183} INFO - Processing /home/airflow/.local/lib/python3.8/site-packages/airflow/example_dags/tutorial.py took 0.244 seconds
[2024-10-20T10:25:58.500+0000] {processor.py:161} INFO - Started process (PID=718) to work on /home/airflow/.local/lib/python3.8/site-packages/airflow/example_dags/tutorial.py
[2024-10-20T10:25:58.501+0000] {processor.py:830} INFO - Processing file /home/airflow/.local/lib/python3.8/site-packages/airflow/example_dags/tutorial.py for tasks to queue
[2024-10-20T10:25:58.503+0000] {logging_mixin.py:188} INFO - [2024-10-20T10:25:58.502+0000] {dagbag.py:540} INFO - Filling up the DagBag from /home/airflow/.local/lib/python3.8/site-packages/airflow/example_dags/tutorial.py
[2024-10-20T10:25:58.507+0000] {processor.py:840} INFO - DAG(s) 'tutorial' retrieved from /home/airflow/.local/lib/python3.8/site-packages/airflow/example_dags/tutorial.py
[2024-10-20T10:25:58.520+0000] {logging_mixin.py:188} INFO - [2024-10-20T10:25:58.520+0000] {dag.py:3047} INFO - Sync 1 DAGs
[2024-10-20T10:25:58.534+0000] {logging_mixin.py:188} INFO - [2024-10-20T10:25:58.534+0000] {dag.py:3834} INFO - Setting next_dagrun for tutorial to 2024-10-19 00:00:00+00:00, run_after=2024-10-20 00:00:00+00:00
[2024-10-20T10:25:58.546+0000] {processor.py:183} INFO - Processing /home/airflow/.local/lib/python3.8/site-packages/airflow/example_dags/tutorial.py took 0.049 seconds
[2024-10-20T10:26:29.195+0000] {processor.py:161} INFO - Started process (PID=773) to work on /home/airflow/.local/lib/python3.8/site-packages/airflow/example_dags/tutorial.py
[2024-10-20T10:26:29.196+0000] {processor.py:830} INFO - Processing file /home/airflow/.local/lib/python3.8/site-packages/airflow/example_dags/tutorial.py for tasks to queue
[2024-10-20T10:26:29.198+0000] {logging_mixin.py:188} INFO - [2024-10-20T10:26:29.198+0000] {dagbag.py:540} INFO - Filling up the DagBag from /home/airflow/.local/lib/python3.8/site-packages/airflow/example_dags/tutorial.py
[2024-10-20T10:26:29.202+0000] {processor.py:840} INFO - DAG(s) 'tutorial' retrieved from /home/airflow/.local/lib/python3.8/site-packages/airflow/example_dags/tutorial.py
[2024-10-20T10:26:29.217+0000] {logging_mixin.py:188} INFO - [2024-10-20T10:26:29.217+0000] {dag.py:3047} INFO - Sync 1 DAGs
[2024-10-20T10:26:29.233+0000] {logging_mixin.py:188} INFO - [2024-10-20T10:26:29.233+0000] {dag.py:3834} INFO - Setting next_dagrun for tutorial to 2024-10-19 00:00:00+00:00, run_after=2024-10-20 00:00:00+00:00
[2024-10-20T10:26:29.249+0000] {processor.py:183} INFO - Processing /home/airflow/.local/lib/python3.8/site-packages/airflow/example_dags/tutorial.py took 0.059 seconds
[2024-10-20T10:26:59.853+0000] {processor.py:161} INFO - Started process (PID=828) to work on /home/airflow/.local/lib/python3.8/site-packages/airflow/example_dags/tutorial.py
[2024-10-20T10:26:59.854+0000] {processor.py:830} INFO - Processing file /home/airflow/.local/lib/python3.8/site-packages/airflow/example_dags/tutorial.py for tasks to queue
[2024-10-20T10:26:59.855+0000] {logging_mixin.py:188} INFO - [2024-10-20T10:26:59.855+0000] {dagbag.py:540} INFO - Filling up the DagBag from /home/airflow/.local/lib/python3.8/site-packages/airflow/example_dags/tutorial.py
[2024-10-20T10:26:59.860+0000] {processor.py:840} INFO - DAG(s) 'tutorial' retrieved from /home/airflow/.local/lib/python3.8/site-packages/airflow/example_dags/tutorial.py
[2024-10-20T10:26:59.875+0000] {logging_mixin.py:188} INFO - [2024-10-20T10:26:59.874+0000] {dag.py:3047} INFO - Sync 1 DAGs
[2024-10-20T10:26:59.889+0000] {logging_mixin.py:188} INFO - [2024-10-20T10:26:59.888+0000] {dag.py:3834} INFO - Setting next_dagrun for tutorial to 2024-10-19 00:00:00+00:00, run_after=2024-10-20 00:00:00+00:00
[2024-10-20T10:26:59.907+0000] {processor.py:183} INFO - Processing /home/airflow/.local/lib/python3.8/site-packages/airflow/example_dags/tutorial.py took 0.057 seconds
[2024-10-20T10:27:30.509+0000] {processor.py:161} INFO - Started process (PID=883) to work on /home/airflow/.local/lib/python3.8/site-packages/airflow/example_dags/tutorial.py
[2024-10-20T10:27:30.510+0000] {processor.py:830} INFO - Processing file /home/airflow/.local/lib/python3.8/site-packages/airflow/example_dags/tutorial.py for tasks to queue
[2024-10-20T10:27:30.512+0000] {logging_mixin.py:188} INFO - [2024-10-20T10:27:30.512+0000] {dagbag.py:540} INFO - Filling up the DagBag from /home/airflow/.local/lib/python3.8/site-packages/airflow/example_dags/tutorial.py
[2024-10-20T10:27:30.516+0000] {processor.py:840} INFO - DAG(s) 'tutorial' retrieved from /home/airflow/.local/lib/python3.8/site-packages/airflow/example_dags/tutorial.py
[2024-10-20T10:27:30.531+0000] {logging_mixin.py:188} INFO - [2024-10-20T10:27:30.531+0000] {dag.py:3047} INFO - Sync 1 DAGs
[2024-10-20T10:27:30.547+0000] {logging_mixin.py:188} INFO - [2024-10-20T10:27:30.547+0000] {dag.py:3834} INFO - Setting next_dagrun for tutorial to 2024-10-19 00:00:00+00:00, run_after=2024-10-20 00:00:00+00:00
[2024-10-20T10:27:30.560+0000] {processor.py:183} INFO - Processing /home/airflow/.local/lib/python3.8/site-packages/airflow/example_dags/tutorial.py took 0.053 seconds
[2024-10-20T10:28:01.499+0000] {processor.py:161} INFO - Started process (PID=938) to work on /home/airflow/.local/lib/python3.8/site-packages/airflow/example_dags/tutorial.py
[2024-10-20T10:28:01.500+0000] {processor.py:830} INFO - Processing file /home/airflow/.local/lib/python3.8/site-packages/airflow/example_dags/tutorial.py for tasks to queue
[2024-10-20T10:28:01.503+0000] {logging_mixin.py:188} INFO - [2024-10-20T10:28:01.503+0000] {dagbag.py:540} INFO - Filling up the DagBag from /home/airflow/.local/lib/python3.8/site-packages/airflow/example_dags/tutorial.py
[2024-10-20T10:28:01.508+0000] {processor.py:840} INFO - DAG(s) 'tutorial' retrieved from /home/airflow/.local/lib/python3.8/site-packages/airflow/example_dags/tutorial.py
[2024-10-20T10:28:01.525+0000] {logging_mixin.py:188} INFO - [2024-10-20T10:28:01.525+0000] {dag.py:3047} INFO - Sync 1 DAGs
[2024-10-20T10:28:01.543+0000] {logging_mixin.py:188} INFO - [2024-10-20T10:28:01.543+0000] {dag.py:3834} INFO - Setting next_dagrun for tutorial to 2024-10-19 00:00:00+00:00, run_after=2024-10-20 00:00:00+00:00
[2024-10-20T10:28:01.554+0000] {processor.py:183} INFO - Processing /home/airflow/.local/lib/python3.8/site-packages/airflow/example_dags/tutorial.py took 0.058 seconds
[2024-10-20T10:28:32.455+0000] {processor.py:161} INFO - Started process (PID=993) to work on /home/airflow/.local/lib/python3.8/site-packages/airflow/example_dags/tutorial.py
[2024-10-20T10:28:32.456+0000] {processor.py:830} INFO - Processing file /home/airflow/.local/lib/python3.8/site-packages/airflow/example_dags/tutorial.py for tasks to queue
[2024-10-20T10:28:32.457+0000] {logging_mixin.py:188} INFO - [2024-10-20T10:28:32.457+0000] {dagbag.py:540} INFO - Filling up the DagBag from /home/airflow/.local/lib/python3.8/site-packages/airflow/example_dags/tutorial.py
[2024-10-20T10:28:32.461+0000] {processor.py:840} INFO - DAG(s) 'tutorial' retrieved from /home/airflow/.local/lib/python3.8/site-packages/airflow/example_dags/tutorial.py
[2024-10-20T10:28:32.477+0000] {logging_mixin.py:188} INFO - [2024-10-20T10:28:32.477+0000] {dag.py:3047} INFO - Sync 1 DAGs
[2024-10-20T10:28:32.491+0000] {logging_mixin.py:188} INFO - [2024-10-20T10:28:32.490+0000] {dag.py:3834} INFO - Setting next_dagrun for tutorial to 2024-10-19 00:00:00+00:00, run_after=2024-10-20 00:00:00+00:00
[2024-10-20T10:28:32.502+0000] {processor.py:183} INFO - Processing /home/airflow/.local/lib/python3.8/site-packages/airflow/example_dags/tutorial.py took 0.049 seconds
[2024-10-20T10:29:03.148+0000] {processor.py:161} INFO - Started process (PID=1048) to work on /home/airflow/.local/lib/python3.8/site-packages/airflow/example_dags/tutorial.py
[2024-10-20T10:29:03.149+0000] {processor.py:830} INFO - Processing file /home/airflow/.local/lib/python3.8/site-packages/airflow/example_dags/tutorial.py for tasks to queue
[2024-10-20T10:29:03.151+0000] {logging_mixin.py:188} INFO - [2024-10-20T10:29:03.150+0000] {dagbag.py:540} INFO - Filling up the DagBag from /home/airflow/.local/lib/python3.8/site-packages/airflow/example_dags/tutorial.py
[2024-10-20T10:29:03.155+0000] {processor.py:840} INFO - DAG(s) 'tutorial' retrieved from /home/airflow/.local/lib/python3.8/site-packages/airflow/example_dags/tutorial.py
[2024-10-20T10:29:03.170+0000] {logging_mixin.py:188} INFO - [2024-10-20T10:29:03.169+0000] {dag.py:3047} INFO - Sync 1 DAGs
[2024-10-20T10:29:03.183+0000] {logging_mixin.py:188} INFO - [2024-10-20T10:29:03.183+0000] {dag.py:3834} INFO - Setting next_dagrun for tutorial to 2024-10-19 00:00:00+00:00, run_after=2024-10-20 00:00:00+00:00
[2024-10-20T10:29:03.194+0000] {processor.py:183} INFO - Processing /home/airflow/.local/lib/python3.8/site-packages/airflow/example_dags/tutorial.py took 0.049 seconds
[2024-10-20T10:29:33.888+0000] {processor.py:161} INFO - Started process (PID=1103) to work on /home/airflow/.local/lib/python3.8/site-packages/airflow/example_dags/tutorial.py
[2024-10-20T10:29:33.890+0000] {processor.py:830} INFO - Processing file /home/airflow/.local/lib/python3.8/site-packages/airflow/example_dags/tutorial.py for tasks to queue
[2024-10-20T10:29:33.892+0000] {logging_mixin.py:188} INFO - [2024-10-20T10:29:33.891+0000] {dagbag.py:540} INFO - Filling up the DagBag from /home/airflow/.local/lib/python3.8/site-packages/airflow/example_dags/tutorial.py
[2024-10-20T10:29:33.896+0000] {processor.py:840} INFO - DAG(s) 'tutorial' retrieved from /home/airflow/.local/lib/python3.8/site-packages/airflow/example_dags/tutorial.py
[2024-10-20T10:29:33.910+0000] {logging_mixin.py:188} INFO - [2024-10-20T10:29:33.910+0000] {dag.py:3047} INFO - Sync 1 DAGs
[2024-10-20T10:29:33.924+0000] {logging_mixin.py:188} INFO - [2024-10-20T10:29:33.924+0000] {dag.py:3834} INFO - Setting next_dagrun for tutorial to 2024-10-19 00:00:00+00:00, run_after=2024-10-20 00:00:00+00:00
[2024-10-20T10:29:33.936+0000] {processor.py:183} INFO - Processing /home/airflow/.local/lib/python3.8/site-packages/airflow/example_dags/tutorial.py took 0.050 seconds
[2024-10-20T10:30:04.481+0000] {processor.py:161} INFO - Started process (PID=1158) to work on /home/airflow/.local/lib/python3.8/site-packages/airflow/example_dags/tutorial.py
[2024-10-20T10:30:04.482+0000] {processor.py:830} INFO - Processing file /home/airflow/.local/lib/python3.8/site-packages/airflow/example_dags/tutorial.py for tasks to queue
[2024-10-20T10:30:04.483+0000] {logging_mixin.py:188} INFO - [2024-10-20T10:30:04.483+0000] {dagbag.py:540} INFO - Filling up the DagBag from /home/airflow/.local/lib/python3.8/site-packages/airflow/example_dags/tutorial.py
[2024-10-20T10:30:04.489+0000] {processor.py:840} INFO - DAG(s) 'tutorial' retrieved from /home/airflow/.local/lib/python3.8/site-packages/airflow/example_dags/tutorial.py
[2024-10-20T10:30:04.509+0000] {logging_mixin.py:188} INFO - [2024-10-20T10:30:04.509+0000] {dag.py:3047} INFO - Sync 1 DAGs
[2024-10-20T10:30:04.531+0000] {logging_mixin.py:188} INFO - [2024-10-20T10:30:04.531+0000] {dag.py:3834} INFO - Setting next_dagrun for tutorial to 2024-10-19 00:00:00+00:00, run_after=2024-10-20 00:00:00+00:00
[2024-10-20T10:30:04.550+0000] {processor.py:183} INFO - Processing /home/airflow/.local/lib/python3.8/site-packages/airflow/example_dags/tutorial.py took 0.073 seconds
[2024-10-20T10:30:35.245+0000] {processor.py:161} INFO - Started process (PID=1213) to work on /home/airflow/.local/lib/python3.8/site-packages/airflow/example_dags/tutorial.py
[2024-10-20T10:30:35.246+0000] {processor.py:830} INFO - Processing file /home/airflow/.local/lib/python3.8/site-packages/airflow/example_dags/tutorial.py for tasks to queue
[2024-10-20T10:30:35.247+0000] {logging_mixin.py:188} INFO - [2024-10-20T10:30:35.247+0000] {dagbag.py:540} INFO - Filling up the DagBag from /home/airflow/.local/lib/python3.8/site-packages/airflow/example_dags/tutorial.py
[2024-10-20T10:30:35.254+0000] {processor.py:840} INFO - DAG(s) 'tutorial' retrieved from /home/airflow/.local/lib/python3.8/site-packages/airflow/example_dags/tutorial.py
[2024-10-20T10:30:35.268+0000] {logging_mixin.py:188} INFO - [2024-10-20T10:30:35.267+0000] {dag.py:3047} INFO - Sync 1 DAGs
[2024-10-20T10:30:35.283+0000] {logging_mixin.py:188} INFO - [2024-10-20T10:30:35.282+0000] {dag.py:3834} INFO - Setting next_dagrun for tutorial to 2024-10-19 00:00:00+00:00, run_after=2024-10-20 00:00:00+00:00
[2024-10-20T10:30:35.294+0000] {processor.py:183} INFO - Processing /home/airflow/.local/lib/python3.8/site-packages/airflow/example_dags/tutorial.py took 0.051 seconds
[2024-10-20T10:31:05.911+0000] {processor.py:161} INFO - Started process (PID=1268) to work on /home/airflow/.local/lib/python3.8/site-packages/airflow/example_dags/tutorial.py
[2024-10-20T10:31:05.912+0000] {processor.py:830} INFO - Processing file /home/airflow/.local/lib/python3.8/site-packages/airflow/example_dags/tutorial.py for tasks to queue
[2024-10-20T10:31:05.913+0000] {logging_mixin.py:188} INFO - [2024-10-20T10:31:05.913+0000] {dagbag.py:540} INFO - Filling up the DagBag from /home/airflow/.local/lib/python3.8/site-packages/airflow/example_dags/tutorial.py
[2024-10-20T10:31:05.917+0000] {processor.py:840} INFO - DAG(s) 'tutorial' retrieved from /home/airflow/.local/lib/python3.8/site-packages/airflow/example_dags/tutorial.py
[2024-10-20T10:31:05.931+0000] {logging_mixin.py:188} INFO - [2024-10-20T10:31:05.931+0000] {dag.py:3047} INFO - Sync 1 DAGs
[2024-10-20T10:31:05.947+0000] {logging_mixin.py:188} INFO - [2024-10-20T10:31:05.947+0000] {dag.py:3834} INFO - Setting next_dagrun for tutorial to 2024-10-19 00:00:00+00:00, run_after=2024-10-20 00:00:00+00:00
[2024-10-20T10:31:05.960+0000] {processor.py:183} INFO - Processing /home/airflow/.local/lib/python3.8/site-packages/airflow/example_dags/tutorial.py took 0.052 seconds
[2024-10-20T10:31:36.735+0000] {processor.py:161} INFO - Started process (PID=1323) to work on /home/airflow/.local/lib/python3.8/site-packages/airflow/example_dags/tutorial.py
[2024-10-20T10:31:36.736+0000] {processor.py:830} INFO - Processing file /home/airflow/.local/lib/python3.8/site-packages/airflow/example_dags/tutorial.py for tasks to queue
[2024-10-20T10:31:36.737+0000] {logging_mixin.py:188} INFO - [2024-10-20T10:31:36.737+0000] {dagbag.py:540} INFO - Filling up the DagBag from /home/airflow/.local/lib/python3.8/site-packages/airflow/example_dags/tutorial.py
[2024-10-20T10:31:36.743+0000] {processor.py:840} INFO - DAG(s) 'tutorial' retrieved from /home/airflow/.local/lib/python3.8/site-packages/airflow/example_dags/tutorial.py
[2024-10-20T10:31:36.757+0000] {logging_mixin.py:188} INFO - [2024-10-20T10:31:36.757+0000] {dag.py:3047} INFO - Sync 1 DAGs
[2024-10-20T10:31:36.771+0000] {logging_mixin.py:188} INFO - [2024-10-20T10:31:36.771+0000] {dag.py:3834} INFO - Setting next_dagrun for tutorial to 2024-10-19 00:00:00+00:00, run_after=2024-10-20 00:00:00+00:00
[2024-10-20T10:31:36.783+0000] {processor.py:183} INFO - Processing /home/airflow/.local/lib/python3.8/site-packages/airflow/example_dags/tutorial.py took 0.051 seconds
[2024-10-20T10:32:06.809+0000] {processor.py:161} INFO - Started process (PID=1378) to work on /home/airflow/.local/lib/python3.8/site-packages/airflow/example_dags/tutorial.py
[2024-10-20T10:32:06.810+0000] {processor.py:830} INFO - Processing file /home/airflow/.local/lib/python3.8/site-packages/airflow/example_dags/tutorial.py for tasks to queue
[2024-10-20T10:32:06.811+0000] {logging_mixin.py:188} INFO - [2024-10-20T10:32:06.811+0000] {dagbag.py:540} INFO - Filling up the DagBag from /home/airflow/.local/lib/python3.8/site-packages/airflow/example_dags/tutorial.py
[2024-10-20T10:32:06.815+0000] {processor.py:840} INFO - DAG(s) 'tutorial' retrieved from /home/airflow/.local/lib/python3.8/site-packages/airflow/example_dags/tutorial.py
[2024-10-20T10:32:06.828+0000] {logging_mixin.py:188} INFO - [2024-10-20T10:32:06.828+0000] {dag.py:3047} INFO - Sync 1 DAGs
[2024-10-20T10:32:06.842+0000] {logging_mixin.py:188} INFO - [2024-10-20T10:32:06.841+0000] {dag.py:3834} INFO - Setting next_dagrun for tutorial to 2024-10-19 00:00:00+00:00, run_after=2024-10-20 00:00:00+00:00
[2024-10-20T10:32:06.852+0000] {processor.py:183} INFO - Processing /home/airflow/.local/lib/python3.8/site-packages/airflow/example_dags/tutorial.py took 0.046 seconds
[2024-10-20T10:32:37.494+0000] {processor.py:161} INFO - Started process (PID=1433) to work on /home/airflow/.local/lib/python3.8/site-packages/airflow/example_dags/tutorial.py
[2024-10-20T10:32:37.496+0000] {processor.py:830} INFO - Processing file /home/airflow/.local/lib/python3.8/site-packages/airflow/example_dags/tutorial.py for tasks to queue
[2024-10-20T10:32:37.497+0000] {logging_mixin.py:188} INFO - [2024-10-20T10:32:37.497+0000] {dagbag.py:540} INFO - Filling up the DagBag from /home/airflow/.local/lib/python3.8/site-packages/airflow/example_dags/tutorial.py
[2024-10-20T10:32:37.501+0000] {processor.py:840} INFO - DAG(s) 'tutorial' retrieved from /home/airflow/.local/lib/python3.8/site-packages/airflow/example_dags/tutorial.py
[2024-10-20T10:32:37.517+0000] {logging_mixin.py:188} INFO - [2024-10-20T10:32:37.517+0000] {dag.py:3047} INFO - Sync 1 DAGs
[2024-10-20T10:32:37.534+0000] {logging_mixin.py:188} INFO - [2024-10-20T10:32:37.534+0000] {dag.py:3834} INFO - Setting next_dagrun for tutorial to 2024-10-19 00:00:00+00:00, run_after=2024-10-20 00:00:00+00:00
[2024-10-20T10:32:37.546+0000] {processor.py:183} INFO - Processing /home/airflow/.local/lib/python3.8/site-packages/airflow/example_dags/tutorial.py took 0.055 seconds
[2024-10-20T10:33:08.260+0000] {processor.py:161} INFO - Started process (PID=1488) to work on /home/airflow/.local/lib/python3.8/site-packages/airflow/example_dags/tutorial.py
[2024-10-20T10:33:08.262+0000] {processor.py:830} INFO - Processing file /home/airflow/.local/lib/python3.8/site-packages/airflow/example_dags/tutorial.py for tasks to queue
[2024-10-20T10:33:08.263+0000] {logging_mixin.py:188} INFO - [2024-10-20T10:33:08.263+0000] {dagbag.py:540} INFO - Filling up the DagBag from /home/airflow/.local/lib/python3.8/site-packages/airflow/example_dags/tutorial.py
[2024-10-20T10:33:08.268+0000] {processor.py:840} INFO - DAG(s) 'tutorial' retrieved from /home/airflow/.local/lib/python3.8/site-packages/airflow/example_dags/tutorial.py
[2024-10-20T10:33:08.282+0000] {logging_mixin.py:188} INFO - [2024-10-20T10:33:08.282+0000] {dag.py:3047} INFO - Sync 1 DAGs
[2024-10-20T10:33:08.296+0000] {logging_mixin.py:188} INFO - [2024-10-20T10:33:08.296+0000] {dag.py:3834} INFO - Setting next_dagrun for tutorial to 2024-10-19 00:00:00+00:00, run_after=2024-10-20 00:00:00+00:00
[2024-10-20T10:33:08.309+0000] {processor.py:183} INFO - Processing /home/airflow/.local/lib/python3.8/site-packages/airflow/example_dags/tutorial.py took 0.051 seconds
[2024-10-20T10:33:38.433+0000] {processor.py:161} INFO - Started process (PID=1543) to work on /home/airflow/.local/lib/python3.8/site-packages/airflow/example_dags/tutorial.py
[2024-10-20T10:33:38.435+0000] {processor.py:830} INFO - Processing file /home/airflow/.local/lib/python3.8/site-packages/airflow/example_dags/tutorial.py for tasks to queue
[2024-10-20T10:33:38.436+0000] {logging_mixin.py:188} INFO - [2024-10-20T10:33:38.436+0000] {dagbag.py:540} INFO - Filling up the DagBag from /home/airflow/.local/lib/python3.8/site-packages/airflow/example_dags/tutorial.py
[2024-10-20T10:33:38.441+0000] {processor.py:840} INFO - DAG(s) 'tutorial' retrieved from /home/airflow/.local/lib/python3.8/site-packages/airflow/example_dags/tutorial.py
[2024-10-20T10:33:38.456+0000] {logging_mixin.py:188} INFO - [2024-10-20T10:33:38.456+0000] {dag.py:3047} INFO - Sync 1 DAGs
[2024-10-20T10:33:38.470+0000] {logging_mixin.py:188} INFO - [2024-10-20T10:33:38.469+0000] {dag.py:3834} INFO - Setting next_dagrun for tutorial to 2024-10-19 00:00:00+00:00, run_after=2024-10-20 00:00:00+00:00
[2024-10-20T10:33:38.480+0000] {processor.py:183} INFO - Processing /home/airflow/.local/lib/python3.8/site-packages/airflow/example_dags/tutorial.py took 0.050 seconds
[2024-10-20T10:34:08.509+0000] {processor.py:161} INFO - Started process (PID=1598) to work on /home/airflow/.local/lib/python3.8/site-packages/airflow/example_dags/tutorial.py
[2024-10-20T10:34:08.510+0000] {processor.py:830} INFO - Processing file /home/airflow/.local/lib/python3.8/site-packages/airflow/example_dags/tutorial.py for tasks to queue
[2024-10-20T10:34:08.511+0000] {logging_mixin.py:188} INFO - [2024-10-20T10:34:08.511+0000] {dagbag.py:540} INFO - Filling up the DagBag from /home/airflow/.local/lib/python3.8/site-packages/airflow/example_dags/tutorial.py
[2024-10-20T10:34:08.515+0000] {processor.py:840} INFO - DAG(s) 'tutorial' retrieved from /home/airflow/.local/lib/python3.8/site-packages/airflow/example_dags/tutorial.py
[2024-10-20T10:34:08.529+0000] {logging_mixin.py:188} INFO - [2024-10-20T10:34:08.529+0000] {dag.py:3047} INFO - Sync 1 DAGs
[2024-10-20T10:34:08.543+0000] {logging_mixin.py:188} INFO - [2024-10-20T10:34:08.542+0000] {dag.py:3834} INFO - Setting next_dagrun for tutorial to 2024-10-19 00:00:00+00:00, run_after=2024-10-20 00:00:00+00:00
[2024-10-20T10:34:08.554+0000] {processor.py:183} INFO - Processing /home/airflow/.local/lib/python3.8/site-packages/airflow/example_dags/tutorial.py took 0.047 seconds
[2024-10-20T10:34:39.233+0000] {processor.py:161} INFO - Started process (PID=1653) to work on /home/airflow/.local/lib/python3.8/site-packages/airflow/example_dags/tutorial.py
[2024-10-20T10:34:39.235+0000] {processor.py:830} INFO - Processing file /home/airflow/.local/lib/python3.8/site-packages/airflow/example_dags/tutorial.py for tasks to queue
[2024-10-20T10:34:39.236+0000] {logging_mixin.py:188} INFO - [2024-10-20T10:34:39.236+0000] {dagbag.py:540} INFO - Filling up the DagBag from /home/airflow/.local/lib/python3.8/site-packages/airflow/example_dags/tutorial.py
[2024-10-20T10:34:39.240+0000] {processor.py:840} INFO - DAG(s) 'tutorial' retrieved from /home/airflow/.local/lib/python3.8/site-packages/airflow/example_dags/tutorial.py
[2024-10-20T10:34:39.254+0000] {logging_mixin.py:188} INFO - [2024-10-20T10:34:39.254+0000] {dag.py:3047} INFO - Sync 1 DAGs
[2024-10-20T10:34:39.269+0000] {logging_mixin.py:188} INFO - [2024-10-20T10:34:39.269+0000] {dag.py:3834} INFO - Setting next_dagrun for tutorial to 2024-10-19 00:00:00+00:00, run_after=2024-10-20 00:00:00+00:00
[2024-10-20T10:34:39.281+0000] {processor.py:183} INFO - Processing /home/airflow/.local/lib/python3.8/site-packages/airflow/example_dags/tutorial.py took 0.050 seconds
[2024-10-20T10:35:51.641+0000] {processor.py:161} INFO - Started process (PID=100) to work on /home/airflow/.local/lib/python3.8/site-packages/airflow/example_dags/tutorial.py
[2024-10-20T10:35:51.653+0000] {processor.py:830} INFO - Processing file /home/airflow/.local/lib/python3.8/site-packages/airflow/example_dags/tutorial.py for tasks to queue
[2024-10-20T10:35:51.657+0000] {logging_mixin.py:188} INFO - [2024-10-20T10:35:51.656+0000] {dagbag.py:540} INFO - Filling up the DagBag from /home/airflow/.local/lib/python3.8/site-packages/airflow/example_dags/tutorial.py
[2024-10-20T10:35:51.670+0000] {processor.py:840} INFO - DAG(s) 'tutorial' retrieved from /home/airflow/.local/lib/python3.8/site-packages/airflow/example_dags/tutorial.py
[2024-10-20T10:35:51.684+0000] {logging_mixin.py:188} INFO - [2024-10-20T10:35:51.683+0000] {dag.py:3047} INFO - Sync 1 DAGs
[2024-10-20T10:35:51.716+0000] {logging_mixin.py:188} INFO - [2024-10-20T10:35:51.716+0000] {dag.py:3834} INFO - Setting next_dagrun for tutorial to 2024-10-19 00:00:00+00:00, run_after=2024-10-20 00:00:00+00:00
[2024-10-20T10:35:51.759+0000] {processor.py:183} INFO - Processing /home/airflow/.local/lib/python3.8/site-packages/airflow/example_dags/tutorial.py took 0.121 seconds
[2024-10-20T10:36:21.928+0000] {processor.py:161} INFO - Started process (PID=156) to work on /home/airflow/.local/lib/python3.8/site-packages/airflow/example_dags/tutorial.py
[2024-10-20T10:36:21.931+0000] {processor.py:830} INFO - Processing file /home/airflow/.local/lib/python3.8/site-packages/airflow/example_dags/tutorial.py for tasks to queue
[2024-10-20T10:36:21.932+0000] {logging_mixin.py:188} INFO - [2024-10-20T10:36:21.932+0000] {dagbag.py:540} INFO - Filling up the DagBag from /home/airflow/.local/lib/python3.8/site-packages/airflow/example_dags/tutorial.py
[2024-10-20T10:36:21.937+0000] {processor.py:840} INFO - DAG(s) 'tutorial' retrieved from /home/airflow/.local/lib/python3.8/site-packages/airflow/example_dags/tutorial.py
[2024-10-20T10:36:22.016+0000] {logging_mixin.py:188} INFO - [2024-10-20T10:36:22.016+0000] {dag.py:3047} INFO - Sync 1 DAGs
[2024-10-20T10:36:22.036+0000] {logging_mixin.py:188} INFO - [2024-10-20T10:36:22.035+0000] {dag.py:3834} INFO - Setting next_dagrun for tutorial to 2024-10-19 00:00:00+00:00, run_after=2024-10-20 00:00:00+00:00
[2024-10-20T10:36:22.058+0000] {processor.py:183} INFO - Processing /home/airflow/.local/lib/python3.8/site-packages/airflow/example_dags/tutorial.py took 0.132 seconds
[2024-10-20T10:36:52.264+0000] {processor.py:161} INFO - Started process (PID=212) to work on /home/airflow/.local/lib/python3.8/site-packages/airflow/example_dags/tutorial.py
[2024-10-20T10:36:52.265+0000] {processor.py:830} INFO - Processing file /home/airflow/.local/lib/python3.8/site-packages/airflow/example_dags/tutorial.py for tasks to queue
[2024-10-20T10:36:52.268+0000] {logging_mixin.py:188} INFO - [2024-10-20T10:36:52.267+0000] {dagbag.py:540} INFO - Filling up the DagBag from /home/airflow/.local/lib/python3.8/site-packages/airflow/example_dags/tutorial.py
[2024-10-20T10:36:52.272+0000] {processor.py:840} INFO - DAG(s) 'tutorial' retrieved from /home/airflow/.local/lib/python3.8/site-packages/airflow/example_dags/tutorial.py
[2024-10-20T10:36:52.294+0000] {logging_mixin.py:188} INFO - [2024-10-20T10:36:52.294+0000] {dag.py:3047} INFO - Sync 1 DAGs
[2024-10-20T10:36:52.311+0000] {logging_mixin.py:188} INFO - [2024-10-20T10:36:52.310+0000] {dag.py:3834} INFO - Setting next_dagrun for tutorial to 2024-10-19 00:00:00+00:00, run_after=2024-10-20 00:00:00+00:00
[2024-10-20T10:36:52.328+0000] {processor.py:183} INFO - Processing /home/airflow/.local/lib/python3.8/site-packages/airflow/example_dags/tutorial.py took 0.067 seconds
[2024-10-20T10:37:22.857+0000] {processor.py:161} INFO - Started process (PID=268) to work on /home/airflow/.local/lib/python3.8/site-packages/airflow/example_dags/tutorial.py
[2024-10-20T10:37:22.860+0000] {processor.py:830} INFO - Processing file /home/airflow/.local/lib/python3.8/site-packages/airflow/example_dags/tutorial.py for tasks to queue
[2024-10-20T10:37:22.863+0000] {logging_mixin.py:188} INFO - [2024-10-20T10:37:22.862+0000] {dagbag.py:540} INFO - Filling up the DagBag from /home/airflow/.local/lib/python3.8/site-packages/airflow/example_dags/tutorial.py
[2024-10-20T10:37:22.869+0000] {processor.py:840} INFO - DAG(s) 'tutorial' retrieved from /home/airflow/.local/lib/python3.8/site-packages/airflow/example_dags/tutorial.py
[2024-10-20T10:37:22.897+0000] {logging_mixin.py:188} INFO - [2024-10-20T10:37:22.896+0000] {dag.py:3047} INFO - Sync 1 DAGs
[2024-10-20T10:37:22.925+0000] {logging_mixin.py:188} INFO - [2024-10-20T10:37:22.925+0000] {dag.py:3834} INFO - Setting next_dagrun for tutorial to 2024-10-19 00:00:00+00:00, run_after=2024-10-20 00:00:00+00:00
[2024-10-20T10:37:22.957+0000] {processor.py:183} INFO - Processing /home/airflow/.local/lib/python3.8/site-packages/airflow/example_dags/tutorial.py took 0.104 seconds
[2024-10-20T10:37:53.180+0000] {processor.py:161} INFO - Started process (PID=323) to work on /home/airflow/.local/lib/python3.8/site-packages/airflow/example_dags/tutorial.py
[2024-10-20T10:37:53.181+0000] {processor.py:830} INFO - Processing file /home/airflow/.local/lib/python3.8/site-packages/airflow/example_dags/tutorial.py for tasks to queue
[2024-10-20T10:37:53.184+0000] {logging_mixin.py:188} INFO - [2024-10-20T10:37:53.183+0000] {dagbag.py:540} INFO - Filling up the DagBag from /home/airflow/.local/lib/python3.8/site-packages/airflow/example_dags/tutorial.py
[2024-10-20T10:37:53.190+0000] {processor.py:840} INFO - DAG(s) 'tutorial' retrieved from /home/airflow/.local/lib/python3.8/site-packages/airflow/example_dags/tutorial.py
[2024-10-20T10:37:53.205+0000] {logging_mixin.py:188} INFO - [2024-10-20T10:37:53.205+0000] {dag.py:3047} INFO - Sync 1 DAGs
[2024-10-20T10:37:53.222+0000] {logging_mixin.py:188} INFO - [2024-10-20T10:37:53.221+0000] {dag.py:3834} INFO - Setting next_dagrun for tutorial to 2024-10-19 00:00:00+00:00, run_after=2024-10-20 00:00:00+00:00
[2024-10-20T10:37:53.234+0000] {processor.py:183} INFO - Processing /home/airflow/.local/lib/python3.8/site-packages/airflow/example_dags/tutorial.py took 0.056 seconds
[2024-10-20T10:38:23.389+0000] {processor.py:161} INFO - Started process (PID=379) to work on /home/airflow/.local/lib/python3.8/site-packages/airflow/example_dags/tutorial.py
[2024-10-20T10:38:23.391+0000] {processor.py:830} INFO - Processing file /home/airflow/.local/lib/python3.8/site-packages/airflow/example_dags/tutorial.py for tasks to queue
[2024-10-20T10:38:23.392+0000] {logging_mixin.py:188} INFO - [2024-10-20T10:38:23.392+0000] {dagbag.py:540} INFO - Filling up the DagBag from /home/airflow/.local/lib/python3.8/site-packages/airflow/example_dags/tutorial.py
[2024-10-20T10:38:23.398+0000] {processor.py:840} INFO - DAG(s) 'tutorial' retrieved from /home/airflow/.local/lib/python3.8/site-packages/airflow/example_dags/tutorial.py
[2024-10-20T10:38:23.420+0000] {logging_mixin.py:188} INFO - [2024-10-20T10:38:23.420+0000] {dag.py:3047} INFO - Sync 1 DAGs
[2024-10-20T10:38:23.448+0000] {logging_mixin.py:188} INFO - [2024-10-20T10:38:23.448+0000] {dag.py:3834} INFO - Setting next_dagrun for tutorial to 2024-10-19 00:00:00+00:00, run_after=2024-10-20 00:00:00+00:00
[2024-10-20T10:38:23.469+0000] {processor.py:183} INFO - Processing /home/airflow/.local/lib/python3.8/site-packages/airflow/example_dags/tutorial.py took 0.083 seconds
[2024-10-20T10:38:53.641+0000] {processor.py:161} INFO - Started process (PID=435) to work on /home/airflow/.local/lib/python3.8/site-packages/airflow/example_dags/tutorial.py
[2024-10-20T10:38:53.642+0000] {processor.py:830} INFO - Processing file /home/airflow/.local/lib/python3.8/site-packages/airflow/example_dags/tutorial.py for tasks to queue
[2024-10-20T10:38:53.643+0000] {logging_mixin.py:188} INFO - [2024-10-20T10:38:53.643+0000] {dagbag.py:540} INFO - Filling up the DagBag from /home/airflow/.local/lib/python3.8/site-packages/airflow/example_dags/tutorial.py
[2024-10-20T10:38:53.647+0000] {processor.py:840} INFO - DAG(s) 'tutorial' retrieved from /home/airflow/.local/lib/python3.8/site-packages/airflow/example_dags/tutorial.py
[2024-10-20T10:38:53.663+0000] {logging_mixin.py:188} INFO - [2024-10-20T10:38:53.663+0000] {dag.py:3047} INFO - Sync 1 DAGs
[2024-10-20T10:38:53.679+0000] {logging_mixin.py:188} INFO - [2024-10-20T10:38:53.679+0000] {dag.py:3834} INFO - Setting next_dagrun for tutorial to 2024-10-19 00:00:00+00:00, run_after=2024-10-20 00:00:00+00:00
[2024-10-20T10:38:53.693+0000] {processor.py:183} INFO - Processing /home/airflow/.local/lib/python3.8/site-packages/airflow/example_dags/tutorial.py took 0.055 seconds
[2024-10-20T10:39:23.922+0000] {processor.py:161} INFO - Started process (PID=491) to work on /home/airflow/.local/lib/python3.8/site-packages/airflow/example_dags/tutorial.py
[2024-10-20T10:39:23.924+0000] {processor.py:830} INFO - Processing file /home/airflow/.local/lib/python3.8/site-packages/airflow/example_dags/tutorial.py for tasks to queue
[2024-10-20T10:39:23.926+0000] {logging_mixin.py:188} INFO - [2024-10-20T10:39:23.926+0000] {dagbag.py:540} INFO - Filling up the DagBag from /home/airflow/.local/lib/python3.8/site-packages/airflow/example_dags/tutorial.py
[2024-10-20T10:39:23.935+0000] {processor.py:840} INFO - DAG(s) 'tutorial' retrieved from /home/airflow/.local/lib/python3.8/site-packages/airflow/example_dags/tutorial.py
[2024-10-20T10:39:23.957+0000] {logging_mixin.py:188} INFO - [2024-10-20T10:39:23.957+0000] {dag.py:3047} INFO - Sync 1 DAGs
[2024-10-20T10:39:23.980+0000] {logging_mixin.py:188} INFO - [2024-10-20T10:39:23.980+0000] {dag.py:3834} INFO - Setting next_dagrun for tutorial to 2024-10-19 00:00:00+00:00, run_after=2024-10-20 00:00:00+00:00
[2024-10-20T10:39:24.007+0000] {processor.py:183} INFO - Processing /home/airflow/.local/lib/python3.8/site-packages/airflow/example_dags/tutorial.py took 0.090 seconds
[2024-10-20T10:39:54.202+0000] {processor.py:161} INFO - Started process (PID=547) to work on /home/airflow/.local/lib/python3.8/site-packages/airflow/example_dags/tutorial.py
[2024-10-20T10:39:54.204+0000] {processor.py:830} INFO - Processing file /home/airflow/.local/lib/python3.8/site-packages/airflow/example_dags/tutorial.py for tasks to queue
[2024-10-20T10:39:54.205+0000] {logging_mixin.py:188} INFO - [2024-10-20T10:39:54.205+0000] {dagbag.py:540} INFO - Filling up the DagBag from /home/airflow/.local/lib/python3.8/site-packages/airflow/example_dags/tutorial.py
[2024-10-20T10:39:54.209+0000] {processor.py:840} INFO - DAG(s) 'tutorial' retrieved from /home/airflow/.local/lib/python3.8/site-packages/airflow/example_dags/tutorial.py
[2024-10-20T10:39:54.231+0000] {logging_mixin.py:188} INFO - [2024-10-20T10:39:54.231+0000] {dag.py:3047} INFO - Sync 1 DAGs
[2024-10-20T10:39:54.249+0000] {logging_mixin.py:188} INFO - [2024-10-20T10:39:54.249+0000] {dag.py:3834} INFO - Setting next_dagrun for tutorial to 2024-10-19 00:00:00+00:00, run_after=2024-10-20 00:00:00+00:00
[2024-10-20T10:39:54.269+0000] {processor.py:183} INFO - Processing /home/airflow/.local/lib/python3.8/site-packages/airflow/example_dags/tutorial.py took 0.069 seconds
[2024-10-20T10:40:24.352+0000] {processor.py:161} INFO - Started process (PID=603) to work on /home/airflow/.local/lib/python3.8/site-packages/airflow/example_dags/tutorial.py
[2024-10-20T10:40:24.353+0000] {processor.py:830} INFO - Processing file /home/airflow/.local/lib/python3.8/site-packages/airflow/example_dags/tutorial.py for tasks to queue
[2024-10-20T10:40:24.354+0000] {logging_mixin.py:188} INFO - [2024-10-20T10:40:24.354+0000] {dagbag.py:540} INFO - Filling up the DagBag from /home/airflow/.local/lib/python3.8/site-packages/airflow/example_dags/tutorial.py
[2024-10-20T10:40:24.359+0000] {processor.py:840} INFO - DAG(s) 'tutorial' retrieved from /home/airflow/.local/lib/python3.8/site-packages/airflow/example_dags/tutorial.py
[2024-10-20T10:40:24.380+0000] {logging_mixin.py:188} INFO - [2024-10-20T10:40:24.380+0000] {dag.py:3047} INFO - Sync 1 DAGs
[2024-10-20T10:40:24.395+0000] {logging_mixin.py:188} INFO - [2024-10-20T10:40:24.395+0000] {dag.py:3834} INFO - Setting next_dagrun for tutorial to 2024-10-19 00:00:00+00:00, run_after=2024-10-20 00:00:00+00:00
[2024-10-20T10:40:24.413+0000] {processor.py:183} INFO - Processing /home/airflow/.local/lib/python3.8/site-packages/airflow/example_dags/tutorial.py took 0.064 seconds
[2024-10-20T10:40:54.736+0000] {processor.py:161} INFO - Started process (PID=659) to work on /home/airflow/.local/lib/python3.8/site-packages/airflow/example_dags/tutorial.py
[2024-10-20T10:40:54.738+0000] {processor.py:830} INFO - Processing file /home/airflow/.local/lib/python3.8/site-packages/airflow/example_dags/tutorial.py for tasks to queue
[2024-10-20T10:40:54.743+0000] {logging_mixin.py:188} INFO - [2024-10-20T10:40:54.742+0000] {dagbag.py:540} INFO - Filling up the DagBag from /home/airflow/.local/lib/python3.8/site-packages/airflow/example_dags/tutorial.py
[2024-10-20T10:40:54.750+0000] {processor.py:840} INFO - DAG(s) 'tutorial' retrieved from /home/airflow/.local/lib/python3.8/site-packages/airflow/example_dags/tutorial.py
[2024-10-20T10:40:54.778+0000] {logging_mixin.py:188} INFO - [2024-10-20T10:40:54.777+0000] {dag.py:3047} INFO - Sync 1 DAGs
[2024-10-20T10:40:54.806+0000] {logging_mixin.py:188} INFO - [2024-10-20T10:40:54.805+0000] {dag.py:3834} INFO - Setting next_dagrun for tutorial to 2024-10-19 00:00:00+00:00, run_after=2024-10-20 00:00:00+00:00
[2024-10-20T10:40:54.844+0000] {processor.py:183} INFO - Processing /home/airflow/.local/lib/python3.8/site-packages/airflow/example_dags/tutorial.py took 0.112 seconds
[2024-10-20T10:41:24.936+0000] {processor.py:161} INFO - Started process (PID=715) to work on /home/airflow/.local/lib/python3.8/site-packages/airflow/example_dags/tutorial.py
[2024-10-20T10:41:24.936+0000] {processor.py:830} INFO - Processing file /home/airflow/.local/lib/python3.8/site-packages/airflow/example_dags/tutorial.py for tasks to queue
[2024-10-20T10:41:24.938+0000] {logging_mixin.py:188} INFO - [2024-10-20T10:41:24.937+0000] {dagbag.py:540} INFO - Filling up the DagBag from /home/airflow/.local/lib/python3.8/site-packages/airflow/example_dags/tutorial.py
[2024-10-20T10:41:24.942+0000] {processor.py:840} INFO - DAG(s) 'tutorial' retrieved from /home/airflow/.local/lib/python3.8/site-packages/airflow/example_dags/tutorial.py
[2024-10-20T10:41:24.954+0000] {logging_mixin.py:188} INFO - [2024-10-20T10:41:24.954+0000] {dag.py:3047} INFO - Sync 1 DAGs
[2024-10-20T10:41:24.968+0000] {logging_mixin.py:188} INFO - [2024-10-20T10:41:24.967+0000] {dag.py:3834} INFO - Setting next_dagrun for tutorial to 2024-10-19 00:00:00+00:00, run_after=2024-10-20 00:00:00+00:00
[2024-10-20T10:41:24.978+0000] {processor.py:183} INFO - Processing /home/airflow/.local/lib/python3.8/site-packages/airflow/example_dags/tutorial.py took 0.045 seconds
[2024-10-20T10:41:56.000+0000] {processor.py:161} INFO - Started process (PID=771) to work on /home/airflow/.local/lib/python3.8/site-packages/airflow/example_dags/tutorial.py
[2024-10-20T10:41:56.002+0000] {processor.py:830} INFO - Processing file /home/airflow/.local/lib/python3.8/site-packages/airflow/example_dags/tutorial.py for tasks to queue
[2024-10-20T10:41:56.004+0000] {logging_mixin.py:188} INFO - [2024-10-20T10:41:56.003+0000] {dagbag.py:540} INFO - Filling up the DagBag from /home/airflow/.local/lib/python3.8/site-packages/airflow/example_dags/tutorial.py
[2024-10-20T10:41:56.012+0000] {processor.py:840} INFO - DAG(s) 'tutorial' retrieved from /home/airflow/.local/lib/python3.8/site-packages/airflow/example_dags/tutorial.py
[2024-10-20T10:41:56.033+0000] {logging_mixin.py:188} INFO - [2024-10-20T10:41:56.033+0000] {dag.py:3047} INFO - Sync 1 DAGs
[2024-10-20T10:41:56.054+0000] {logging_mixin.py:188} INFO - [2024-10-20T10:41:56.054+0000] {dag.py:3834} INFO - Setting next_dagrun for tutorial to 2024-10-19 00:00:00+00:00, run_after=2024-10-20 00:00:00+00:00
[2024-10-20T10:41:56.069+0000] {processor.py:183} INFO - Processing /home/airflow/.local/lib/python3.8/site-packages/airflow/example_dags/tutorial.py took 0.073 seconds
[2024-10-20T10:42:26.789+0000] {processor.py:161} INFO - Started process (PID=827) to work on /home/airflow/.local/lib/python3.8/site-packages/airflow/example_dags/tutorial.py
[2024-10-20T10:42:26.792+0000] {processor.py:830} INFO - Processing file /home/airflow/.local/lib/python3.8/site-packages/airflow/example_dags/tutorial.py for tasks to queue
[2024-10-20T10:42:26.794+0000] {logging_mixin.py:188} INFO - [2024-10-20T10:42:26.794+0000] {dagbag.py:540} INFO - Filling up the DagBag from /home/airflow/.local/lib/python3.8/site-packages/airflow/example_dags/tutorial.py
[2024-10-20T10:42:26.799+0000] {processor.py:840} INFO - DAG(s) 'tutorial' retrieved from /home/airflow/.local/lib/python3.8/site-packages/airflow/example_dags/tutorial.py
[2024-10-20T10:42:26.819+0000] {logging_mixin.py:188} INFO - [2024-10-20T10:42:26.819+0000] {dag.py:3047} INFO - Sync 1 DAGs
[2024-10-20T10:42:26.834+0000] {logging_mixin.py:188} INFO - [2024-10-20T10:42:26.834+0000] {dag.py:3834} INFO - Setting next_dagrun for tutorial to 2024-10-19 00:00:00+00:00, run_after=2024-10-20 00:00:00+00:00
[2024-10-20T10:42:26.853+0000] {processor.py:183} INFO - Processing /home/airflow/.local/lib/python3.8/site-packages/airflow/example_dags/tutorial.py took 0.067 seconds
[2024-10-20T10:42:57.122+0000] {processor.py:161} INFO - Started process (PID=883) to work on /home/airflow/.local/lib/python3.8/site-packages/airflow/example_dags/tutorial.py
[2024-10-20T10:42:57.123+0000] {processor.py:830} INFO - Processing file /home/airflow/.local/lib/python3.8/site-packages/airflow/example_dags/tutorial.py for tasks to queue
[2024-10-20T10:42:57.124+0000] {logging_mixin.py:188} INFO - [2024-10-20T10:42:57.124+0000] {dagbag.py:540} INFO - Filling up the DagBag from /home/airflow/.local/lib/python3.8/site-packages/airflow/example_dags/tutorial.py
[2024-10-20T10:42:57.128+0000] {processor.py:840} INFO - DAG(s) 'tutorial' retrieved from /home/airflow/.local/lib/python3.8/site-packages/airflow/example_dags/tutorial.py
[2024-10-20T10:42:57.150+0000] {logging_mixin.py:188} INFO - [2024-10-20T10:42:57.149+0000] {dag.py:3047} INFO - Sync 1 DAGs
[2024-10-20T10:42:57.173+0000] {logging_mixin.py:188} INFO - [2024-10-20T10:42:57.173+0000] {dag.py:3834} INFO - Setting next_dagrun for tutorial to 2024-10-19 00:00:00+00:00, run_after=2024-10-20 00:00:00+00:00
[2024-10-20T10:42:57.189+0000] {processor.py:183} INFO - Processing /home/airflow/.local/lib/python3.8/site-packages/airflow/example_dags/tutorial.py took 0.069 seconds
[2024-10-20T10:43:27.452+0000] {processor.py:161} INFO - Started process (PID=939) to work on /home/airflow/.local/lib/python3.8/site-packages/airflow/example_dags/tutorial.py
[2024-10-20T10:43:27.456+0000] {processor.py:830} INFO - Processing file /home/airflow/.local/lib/python3.8/site-packages/airflow/example_dags/tutorial.py for tasks to queue
[2024-10-20T10:43:27.459+0000] {logging_mixin.py:188} INFO - [2024-10-20T10:43:27.459+0000] {dagbag.py:540} INFO - Filling up the DagBag from /home/airflow/.local/lib/python3.8/site-packages/airflow/example_dags/tutorial.py
[2024-10-20T10:43:27.465+0000] {processor.py:840} INFO - DAG(s) 'tutorial' retrieved from /home/airflow/.local/lib/python3.8/site-packages/airflow/example_dags/tutorial.py
[2024-10-20T10:43:27.483+0000] {logging_mixin.py:188} INFO - [2024-10-20T10:43:27.483+0000] {dag.py:3047} INFO - Sync 1 DAGs
[2024-10-20T10:43:27.500+0000] {logging_mixin.py:188} INFO - [2024-10-20T10:43:27.499+0000] {dag.py:3834} INFO - Setting next_dagrun for tutorial to 2024-10-19 00:00:00+00:00, run_after=2024-10-20 00:00:00+00:00
[2024-10-20T10:43:27.513+0000] {processor.py:183} INFO - Processing /home/airflow/.local/lib/python3.8/site-packages/airflow/example_dags/tutorial.py took 0.064 seconds
[2024-10-20T10:43:57.688+0000] {processor.py:161} INFO - Started process (PID=995) to work on /home/airflow/.local/lib/python3.8/site-packages/airflow/example_dags/tutorial.py
[2024-10-20T10:43:57.691+0000] {processor.py:830} INFO - Processing file /home/airflow/.local/lib/python3.8/site-packages/airflow/example_dags/tutorial.py for tasks to queue
[2024-10-20T10:43:57.694+0000] {logging_mixin.py:188} INFO - [2024-10-20T10:43:57.694+0000] {dagbag.py:540} INFO - Filling up the DagBag from /home/airflow/.local/lib/python3.8/site-packages/airflow/example_dags/tutorial.py
[2024-10-20T10:43:57.698+0000] {processor.py:840} INFO - DAG(s) 'tutorial' retrieved from /home/airflow/.local/lib/python3.8/site-packages/airflow/example_dags/tutorial.py
[2024-10-20T10:43:57.720+0000] {logging_mixin.py:188} INFO - [2024-10-20T10:43:57.720+0000] {dag.py:3047} INFO - Sync 1 DAGs
[2024-10-20T10:43:57.740+0000] {logging_mixin.py:188} INFO - [2024-10-20T10:43:57.740+0000] {dag.py:3834} INFO - Setting next_dagrun for tutorial to 2024-10-19 00:00:00+00:00, run_after=2024-10-20 00:00:00+00:00
[2024-10-20T10:43:57.758+0000] {processor.py:183} INFO - Processing /home/airflow/.local/lib/python3.8/site-packages/airflow/example_dags/tutorial.py took 0.073 seconds
[2024-10-20T10:44:27.813+0000] {processor.py:161} INFO - Started process (PID=1051) to work on /home/airflow/.local/lib/python3.8/site-packages/airflow/example_dags/tutorial.py
[2024-10-20T10:44:27.814+0000] {processor.py:830} INFO - Processing file /home/airflow/.local/lib/python3.8/site-packages/airflow/example_dags/tutorial.py for tasks to queue
[2024-10-20T10:44:27.817+0000] {logging_mixin.py:188} INFO - [2024-10-20T10:44:27.817+0000] {dagbag.py:540} INFO - Filling up the DagBag from /home/airflow/.local/lib/python3.8/site-packages/airflow/example_dags/tutorial.py
[2024-10-20T10:44:27.821+0000] {processor.py:840} INFO - DAG(s) 'tutorial' retrieved from /home/airflow/.local/lib/python3.8/site-packages/airflow/example_dags/tutorial.py
[2024-10-20T10:44:27.839+0000] {logging_mixin.py:188} INFO - [2024-10-20T10:44:27.838+0000] {dag.py:3047} INFO - Sync 1 DAGs
[2024-10-20T10:44:27.853+0000] {logging_mixin.py:188} INFO - [2024-10-20T10:44:27.853+0000] {dag.py:3834} INFO - Setting next_dagrun for tutorial to 2024-10-19 00:00:00+00:00, run_after=2024-10-20 00:00:00+00:00
[2024-10-20T10:44:27.869+0000] {processor.py:183} INFO - Processing /home/airflow/.local/lib/python3.8/site-packages/airflow/example_dags/tutorial.py took 0.058 seconds
[2024-10-20T10:44:58.171+0000] {processor.py:161} INFO - Started process (PID=1107) to work on /home/airflow/.local/lib/python3.8/site-packages/airflow/example_dags/tutorial.py
[2024-10-20T10:44:58.173+0000] {processor.py:830} INFO - Processing file /home/airflow/.local/lib/python3.8/site-packages/airflow/example_dags/tutorial.py for tasks to queue
[2024-10-20T10:44:58.176+0000] {logging_mixin.py:188} INFO - [2024-10-20T10:44:58.176+0000] {dagbag.py:540} INFO - Filling up the DagBag from /home/airflow/.local/lib/python3.8/site-packages/airflow/example_dags/tutorial.py
[2024-10-20T10:44:58.180+0000] {processor.py:840} INFO - DAG(s) 'tutorial' retrieved from /home/airflow/.local/lib/python3.8/site-packages/airflow/example_dags/tutorial.py
[2024-10-20T10:44:58.201+0000] {logging_mixin.py:188} INFO - [2024-10-20T10:44:58.201+0000] {dag.py:3047} INFO - Sync 1 DAGs
[2024-10-20T10:44:58.221+0000] {logging_mixin.py:188} INFO - [2024-10-20T10:44:58.221+0000] {dag.py:3834} INFO - Setting next_dagrun for tutorial to 2024-10-19 00:00:00+00:00, run_after=2024-10-20 00:00:00+00:00
[2024-10-20T10:44:58.242+0000] {processor.py:183} INFO - Processing /home/airflow/.local/lib/python3.8/site-packages/airflow/example_dags/tutorial.py took 0.073 seconds
[2024-10-20T10:45:28.361+0000] {processor.py:161} INFO - Started process (PID=1163) to work on /home/airflow/.local/lib/python3.8/site-packages/airflow/example_dags/tutorial.py
[2024-10-20T10:45:28.363+0000] {processor.py:830} INFO - Processing file /home/airflow/.local/lib/python3.8/site-packages/airflow/example_dags/tutorial.py for tasks to queue
[2024-10-20T10:45:28.365+0000] {logging_mixin.py:188} INFO - [2024-10-20T10:45:28.365+0000] {dagbag.py:540} INFO - Filling up the DagBag from /home/airflow/.local/lib/python3.8/site-packages/airflow/example_dags/tutorial.py
[2024-10-20T10:45:28.370+0000] {processor.py:840} INFO - DAG(s) 'tutorial' retrieved from /home/airflow/.local/lib/python3.8/site-packages/airflow/example_dags/tutorial.py
[2024-10-20T10:45:28.387+0000] {logging_mixin.py:188} INFO - [2024-10-20T10:45:28.387+0000] {dag.py:3047} INFO - Sync 1 DAGs
[2024-10-20T10:45:28.401+0000] {logging_mixin.py:188} INFO - [2024-10-20T10:45:28.401+0000] {dag.py:3834} INFO - Setting next_dagrun for tutorial to 2024-10-19 00:00:00+00:00, run_after=2024-10-20 00:00:00+00:00
[2024-10-20T10:45:28.415+0000] {processor.py:183} INFO - Processing /home/airflow/.local/lib/python3.8/site-packages/airflow/example_dags/tutorial.py took 0.056 seconds
[2024-10-20T10:45:58.591+0000] {processor.py:161} INFO - Started process (PID=1219) to work on /home/airflow/.local/lib/python3.8/site-packages/airflow/example_dags/tutorial.py
[2024-10-20T10:45:58.592+0000] {processor.py:830} INFO - Processing file /home/airflow/.local/lib/python3.8/site-packages/airflow/example_dags/tutorial.py for tasks to queue
[2024-10-20T10:45:58.594+0000] {logging_mixin.py:188} INFO - [2024-10-20T10:45:58.593+0000] {dagbag.py:540} INFO - Filling up the DagBag from /home/airflow/.local/lib/python3.8/site-packages/airflow/example_dags/tutorial.py
[2024-10-20T10:45:58.598+0000] {processor.py:840} INFO - DAG(s) 'tutorial' retrieved from /home/airflow/.local/lib/python3.8/site-packages/airflow/example_dags/tutorial.py
[2024-10-20T10:45:58.617+0000] {logging_mixin.py:188} INFO - [2024-10-20T10:45:58.616+0000] {dag.py:3047} INFO - Sync 1 DAGs
[2024-10-20T10:45:58.633+0000] {logging_mixin.py:188} INFO - [2024-10-20T10:45:58.633+0000] {dag.py:3834} INFO - Setting next_dagrun for tutorial to 2024-10-19 00:00:00+00:00, run_after=2024-10-20 00:00:00+00:00
[2024-10-20T10:45:58.644+0000] {processor.py:183} INFO - Processing /home/airflow/.local/lib/python3.8/site-packages/airflow/example_dags/tutorial.py took 0.056 seconds
[2024-10-20T10:46:28.826+0000] {processor.py:161} INFO - Started process (PID=1275) to work on /home/airflow/.local/lib/python3.8/site-packages/airflow/example_dags/tutorial.py
[2024-10-20T10:46:28.827+0000] {processor.py:830} INFO - Processing file /home/airflow/.local/lib/python3.8/site-packages/airflow/example_dags/tutorial.py for tasks to queue
[2024-10-20T10:46:28.828+0000] {logging_mixin.py:188} INFO - [2024-10-20T10:46:28.828+0000] {dagbag.py:540} INFO - Filling up the DagBag from /home/airflow/.local/lib/python3.8/site-packages/airflow/example_dags/tutorial.py
[2024-10-20T10:46:28.834+0000] {processor.py:840} INFO - DAG(s) 'tutorial' retrieved from /home/airflow/.local/lib/python3.8/site-packages/airflow/example_dags/tutorial.py
[2024-10-20T10:46:28.852+0000] {logging_mixin.py:188} INFO - [2024-10-20T10:46:28.852+0000] {dag.py:3047} INFO - Sync 1 DAGs
[2024-10-20T10:46:28.870+0000] {logging_mixin.py:188} INFO - [2024-10-20T10:46:28.870+0000] {dag.py:3834} INFO - Setting next_dagrun for tutorial to 2024-10-19 00:00:00+00:00, run_after=2024-10-20 00:00:00+00:00
[2024-10-20T10:46:28.882+0000] {processor.py:183} INFO - Processing /home/airflow/.local/lib/python3.8/site-packages/airflow/example_dags/tutorial.py took 0.059 seconds
[2024-10-20T10:46:59.503+0000] {processor.py:161} INFO - Started process (PID=1331) to work on /home/airflow/.local/lib/python3.8/site-packages/airflow/example_dags/tutorial.py
[2024-10-20T10:46:59.504+0000] {processor.py:830} INFO - Processing file /home/airflow/.local/lib/python3.8/site-packages/airflow/example_dags/tutorial.py for tasks to queue
[2024-10-20T10:46:59.505+0000] {logging_mixin.py:188} INFO - [2024-10-20T10:46:59.505+0000] {dagbag.py:540} INFO - Filling up the DagBag from /home/airflow/.local/lib/python3.8/site-packages/airflow/example_dags/tutorial.py
[2024-10-20T10:46:59.509+0000] {processor.py:840} INFO - DAG(s) 'tutorial' retrieved from /home/airflow/.local/lib/python3.8/site-packages/airflow/example_dags/tutorial.py
[2024-10-20T10:46:59.525+0000] {logging_mixin.py:188} INFO - [2024-10-20T10:46:59.525+0000] {dag.py:3047} INFO - Sync 1 DAGs
[2024-10-20T10:46:59.538+0000] {logging_mixin.py:188} INFO - [2024-10-20T10:46:59.538+0000] {dag.py:3834} INFO - Setting next_dagrun for tutorial to 2024-10-19 00:00:00+00:00, run_after=2024-10-20 00:00:00+00:00
[2024-10-20T10:46:59.557+0000] {processor.py:183} INFO - Processing /home/airflow/.local/lib/python3.8/site-packages/airflow/example_dags/tutorial.py took 0.056 seconds
[2024-10-20T10:47:29.799+0000] {processor.py:161} INFO - Started process (PID=1387) to work on /home/airflow/.local/lib/python3.8/site-packages/airflow/example_dags/tutorial.py
[2024-10-20T10:47:29.802+0000] {processor.py:830} INFO - Processing file /home/airflow/.local/lib/python3.8/site-packages/airflow/example_dags/tutorial.py for tasks to queue
[2024-10-20T10:47:29.805+0000] {logging_mixin.py:188} INFO - [2024-10-20T10:47:29.804+0000] {dagbag.py:540} INFO - Filling up the DagBag from /home/airflow/.local/lib/python3.8/site-packages/airflow/example_dags/tutorial.py
[2024-10-20T10:47:29.810+0000] {processor.py:840} INFO - DAG(s) 'tutorial' retrieved from /home/airflow/.local/lib/python3.8/site-packages/airflow/example_dags/tutorial.py
[2024-10-20T10:47:29.826+0000] {logging_mixin.py:188} INFO - [2024-10-20T10:47:29.826+0000] {dag.py:3047} INFO - Sync 1 DAGs
[2024-10-20T10:47:29.846+0000] {logging_mixin.py:188} INFO - [2024-10-20T10:47:29.846+0000] {dag.py:3834} INFO - Setting next_dagrun for tutorial to 2024-10-19 00:00:00+00:00, run_after=2024-10-20 00:00:00+00:00
[2024-10-20T10:47:29.864+0000] {processor.py:183} INFO - Processing /home/airflow/.local/lib/python3.8/site-packages/airflow/example_dags/tutorial.py took 0.067 seconds
[2024-10-20T10:48:00.115+0000] {processor.py:161} INFO - Started process (PID=1443) to work on /home/airflow/.local/lib/python3.8/site-packages/airflow/example_dags/tutorial.py
[2024-10-20T10:48:00.116+0000] {processor.py:830} INFO - Processing file /home/airflow/.local/lib/python3.8/site-packages/airflow/example_dags/tutorial.py for tasks to queue
[2024-10-20T10:48:00.119+0000] {logging_mixin.py:188} INFO - [2024-10-20T10:48:00.119+0000] {dagbag.py:540} INFO - Filling up the DagBag from /home/airflow/.local/lib/python3.8/site-packages/airflow/example_dags/tutorial.py
[2024-10-20T10:48:00.125+0000] {processor.py:840} INFO - DAG(s) 'tutorial' retrieved from /home/airflow/.local/lib/python3.8/site-packages/airflow/example_dags/tutorial.py
[2024-10-20T10:48:00.151+0000] {logging_mixin.py:188} INFO - [2024-10-20T10:48:00.151+0000] {dag.py:3047} INFO - Sync 1 DAGs
[2024-10-20T10:48:00.167+0000] {logging_mixin.py:188} INFO - [2024-10-20T10:48:00.167+0000] {dag.py:3834} INFO - Setting next_dagrun for tutorial to 2024-10-19 00:00:00+00:00, run_after=2024-10-20 00:00:00+00:00
[2024-10-20T10:48:00.180+0000] {processor.py:183} INFO - Processing /home/airflow/.local/lib/python3.8/site-packages/airflow/example_dags/tutorial.py took 0.067 seconds
[2024-10-20T10:48:30.364+0000] {processor.py:161} INFO - Started process (PID=1499) to work on /home/airflow/.local/lib/python3.8/site-packages/airflow/example_dags/tutorial.py
[2024-10-20T10:48:30.365+0000] {processor.py:830} INFO - Processing file /home/airflow/.local/lib/python3.8/site-packages/airflow/example_dags/tutorial.py for tasks to queue
[2024-10-20T10:48:30.367+0000] {logging_mixin.py:188} INFO - [2024-10-20T10:48:30.366+0000] {dagbag.py:540} INFO - Filling up the DagBag from /home/airflow/.local/lib/python3.8/site-packages/airflow/example_dags/tutorial.py
[2024-10-20T10:48:30.371+0000] {processor.py:840} INFO - DAG(s) 'tutorial' retrieved from /home/airflow/.local/lib/python3.8/site-packages/airflow/example_dags/tutorial.py
[2024-10-20T10:48:30.386+0000] {logging_mixin.py:188} INFO - [2024-10-20T10:48:30.386+0000] {dag.py:3047} INFO - Sync 1 DAGs
[2024-10-20T10:48:30.403+0000] {logging_mixin.py:188} INFO - [2024-10-20T10:48:30.403+0000] {dag.py:3834} INFO - Setting next_dagrun for tutorial to 2024-10-19 00:00:00+00:00, run_after=2024-10-20 00:00:00+00:00
[2024-10-20T10:48:30.421+0000] {processor.py:183} INFO - Processing /home/airflow/.local/lib/python3.8/site-packages/airflow/example_dags/tutorial.py took 0.059 seconds
[2024-10-20T10:49:00.820+0000] {processor.py:161} INFO - Started process (PID=1555) to work on /home/airflow/.local/lib/python3.8/site-packages/airflow/example_dags/tutorial.py
[2024-10-20T10:49:00.823+0000] {processor.py:830} INFO - Processing file /home/airflow/.local/lib/python3.8/site-packages/airflow/example_dags/tutorial.py for tasks to queue
[2024-10-20T10:49:00.826+0000] {logging_mixin.py:188} INFO - [2024-10-20T10:49:00.826+0000] {dagbag.py:540} INFO - Filling up the DagBag from /home/airflow/.local/lib/python3.8/site-packages/airflow/example_dags/tutorial.py
[2024-10-20T10:49:00.836+0000] {processor.py:840} INFO - DAG(s) 'tutorial' retrieved from /home/airflow/.local/lib/python3.8/site-packages/airflow/example_dags/tutorial.py
[2024-10-20T10:49:00.862+0000] {logging_mixin.py:188} INFO - [2024-10-20T10:49:00.861+0000] {dag.py:3047} INFO - Sync 1 DAGs
[2024-10-20T10:49:00.888+0000] {logging_mixin.py:188} INFO - [2024-10-20T10:49:00.888+0000] {dag.py:3834} INFO - Setting next_dagrun for tutorial to 2024-10-19 00:00:00+00:00, run_after=2024-10-20 00:00:00+00:00
[2024-10-20T10:49:00.910+0000] {processor.py:183} INFO - Processing /home/airflow/.local/lib/python3.8/site-packages/airflow/example_dags/tutorial.py took 0.094 seconds
[2024-10-20T10:49:30.946+0000] {processor.py:161} INFO - Started process (PID=1611) to work on /home/airflow/.local/lib/python3.8/site-packages/airflow/example_dags/tutorial.py
[2024-10-20T10:49:30.947+0000] {processor.py:830} INFO - Processing file /home/airflow/.local/lib/python3.8/site-packages/airflow/example_dags/tutorial.py for tasks to queue
[2024-10-20T10:49:30.950+0000] {logging_mixin.py:188} INFO - [2024-10-20T10:49:30.949+0000] {dagbag.py:540} INFO - Filling up the DagBag from /home/airflow/.local/lib/python3.8/site-packages/airflow/example_dags/tutorial.py
[2024-10-20T10:49:30.954+0000] {processor.py:840} INFO - DAG(s) 'tutorial' retrieved from /home/airflow/.local/lib/python3.8/site-packages/airflow/example_dags/tutorial.py
[2024-10-20T10:49:30.972+0000] {logging_mixin.py:188} INFO - [2024-10-20T10:49:30.971+0000] {dag.py:3047} INFO - Sync 1 DAGs
[2024-10-20T10:49:30.987+0000] {logging_mixin.py:188} INFO - [2024-10-20T10:49:30.987+0000] {dag.py:3834} INFO - Setting next_dagrun for tutorial to 2024-10-19 00:00:00+00:00, run_after=2024-10-20 00:00:00+00:00
[2024-10-20T10:49:31.002+0000] {processor.py:183} INFO - Processing /home/airflow/.local/lib/python3.8/site-packages/airflow/example_dags/tutorial.py took 0.059 seconds
[2024-10-20T10:50:01.423+0000] {processor.py:161} INFO - Started process (PID=1667) to work on /home/airflow/.local/lib/python3.8/site-packages/airflow/example_dags/tutorial.py
[2024-10-20T10:50:01.424+0000] {processor.py:830} INFO - Processing file /home/airflow/.local/lib/python3.8/site-packages/airflow/example_dags/tutorial.py for tasks to queue
[2024-10-20T10:50:01.428+0000] {logging_mixin.py:188} INFO - [2024-10-20T10:50:01.428+0000] {dagbag.py:540} INFO - Filling up the DagBag from /home/airflow/.local/lib/python3.8/site-packages/airflow/example_dags/tutorial.py
[2024-10-20T10:50:01.433+0000] {processor.py:840} INFO - DAG(s) 'tutorial' retrieved from /home/airflow/.local/lib/python3.8/site-packages/airflow/example_dags/tutorial.py
[2024-10-20T10:50:01.449+0000] {logging_mixin.py:188} INFO - [2024-10-20T10:50:01.449+0000] {dag.py:3047} INFO - Sync 1 DAGs
[2024-10-20T10:50:01.463+0000] {logging_mixin.py:188} INFO - [2024-10-20T10:50:01.463+0000] {dag.py:3834} INFO - Setting next_dagrun for tutorial to 2024-10-19 00:00:00+00:00, run_after=2024-10-20 00:00:00+00:00
[2024-10-20T10:50:01.476+0000] {processor.py:183} INFO - Processing /home/airflow/.local/lib/python3.8/site-packages/airflow/example_dags/tutorial.py took 0.056 seconds
[2024-10-20T10:50:31.573+0000] {processor.py:161} INFO - Started process (PID=1723) to work on /home/airflow/.local/lib/python3.8/site-packages/airflow/example_dags/tutorial.py
[2024-10-20T10:50:31.574+0000] {processor.py:830} INFO - Processing file /home/airflow/.local/lib/python3.8/site-packages/airflow/example_dags/tutorial.py for tasks to queue
[2024-10-20T10:50:31.575+0000] {logging_mixin.py:188} INFO - [2024-10-20T10:50:31.575+0000] {dagbag.py:540} INFO - Filling up the DagBag from /home/airflow/.local/lib/python3.8/site-packages/airflow/example_dags/tutorial.py
[2024-10-20T10:50:31.580+0000] {processor.py:840} INFO - DAG(s) 'tutorial' retrieved from /home/airflow/.local/lib/python3.8/site-packages/airflow/example_dags/tutorial.py
[2024-10-20T10:50:31.594+0000] {logging_mixin.py:188} INFO - [2024-10-20T10:50:31.594+0000] {dag.py:3047} INFO - Sync 1 DAGs
[2024-10-20T10:50:31.609+0000] {logging_mixin.py:188} INFO - [2024-10-20T10:50:31.609+0000] {dag.py:3834} INFO - Setting next_dagrun for tutorial to 2024-10-19 00:00:00+00:00, run_after=2024-10-20 00:00:00+00:00
[2024-10-20T10:50:31.625+0000] {processor.py:183} INFO - Processing /home/airflow/.local/lib/python3.8/site-packages/airflow/example_dags/tutorial.py took 0.055 seconds
[2024-10-20T10:51:01.644+0000] {processor.py:161} INFO - Started process (PID=1779) to work on /home/airflow/.local/lib/python3.8/site-packages/airflow/example_dags/tutorial.py
[2024-10-20T10:51:01.647+0000] {processor.py:830} INFO - Processing file /home/airflow/.local/lib/python3.8/site-packages/airflow/example_dags/tutorial.py for tasks to queue
[2024-10-20T10:51:01.648+0000] {logging_mixin.py:188} INFO - [2024-10-20T10:51:01.648+0000] {dagbag.py:540} INFO - Filling up the DagBag from /home/airflow/.local/lib/python3.8/site-packages/airflow/example_dags/tutorial.py
[2024-10-20T10:51:01.653+0000] {processor.py:840} INFO - DAG(s) 'tutorial' retrieved from /home/airflow/.local/lib/python3.8/site-packages/airflow/example_dags/tutorial.py
[2024-10-20T10:51:01.671+0000] {logging_mixin.py:188} INFO - [2024-10-20T10:51:01.671+0000] {dag.py:3047} INFO - Sync 1 DAGs
[2024-10-20T10:51:01.684+0000] {logging_mixin.py:188} INFO - [2024-10-20T10:51:01.684+0000] {dag.py:3834} INFO - Setting next_dagrun for tutorial to 2024-10-19 00:00:00+00:00, run_after=2024-10-20 00:00:00+00:00
[2024-10-20T10:51:01.696+0000] {processor.py:183} INFO - Processing /home/airflow/.local/lib/python3.8/site-packages/airflow/example_dags/tutorial.py took 0.054 seconds
[2024-10-20T10:51:31.917+0000] {processor.py:161} INFO - Started process (PID=1835) to work on /home/airflow/.local/lib/python3.8/site-packages/airflow/example_dags/tutorial.py
[2024-10-20T10:51:31.919+0000] {processor.py:830} INFO - Processing file /home/airflow/.local/lib/python3.8/site-packages/airflow/example_dags/tutorial.py for tasks to queue
[2024-10-20T10:51:31.920+0000] {logging_mixin.py:188} INFO - [2024-10-20T10:51:31.920+0000] {dagbag.py:540} INFO - Filling up the DagBag from /home/airflow/.local/lib/python3.8/site-packages/airflow/example_dags/tutorial.py
[2024-10-20T10:51:31.927+0000] {processor.py:840} INFO - DAG(s) 'tutorial' retrieved from /home/airflow/.local/lib/python3.8/site-packages/airflow/example_dags/tutorial.py
[2024-10-20T10:51:31.946+0000] {logging_mixin.py:188} INFO - [2024-10-20T10:51:31.946+0000] {dag.py:3047} INFO - Sync 1 DAGs
[2024-10-20T10:51:31.962+0000] {logging_mixin.py:188} INFO - [2024-10-20T10:51:31.962+0000] {dag.py:3834} INFO - Setting next_dagrun for tutorial to 2024-10-19 00:00:00+00:00, run_after=2024-10-20 00:00:00+00:00
[2024-10-20T10:51:31.979+0000] {processor.py:183} INFO - Processing /home/airflow/.local/lib/python3.8/site-packages/airflow/example_dags/tutorial.py took 0.064 seconds
[2024-10-20T10:52:02.042+0000] {processor.py:161} INFO - Started process (PID=1891) to work on /home/airflow/.local/lib/python3.8/site-packages/airflow/example_dags/tutorial.py
[2024-10-20T10:52:02.043+0000] {processor.py:830} INFO - Processing file /home/airflow/.local/lib/python3.8/site-packages/airflow/example_dags/tutorial.py for tasks to queue
[2024-10-20T10:52:02.045+0000] {logging_mixin.py:188} INFO - [2024-10-20T10:52:02.044+0000] {dagbag.py:540} INFO - Filling up the DagBag from /home/airflow/.local/lib/python3.8/site-packages/airflow/example_dags/tutorial.py
[2024-10-20T10:52:02.049+0000] {processor.py:840} INFO - DAG(s) 'tutorial' retrieved from /home/airflow/.local/lib/python3.8/site-packages/airflow/example_dags/tutorial.py
[2024-10-20T10:52:02.064+0000] {logging_mixin.py:188} INFO - [2024-10-20T10:52:02.064+0000] {dag.py:3047} INFO - Sync 1 DAGs
[2024-10-20T10:52:02.082+0000] {logging_mixin.py:188} INFO - [2024-10-20T10:52:02.082+0000] {dag.py:3834} INFO - Setting next_dagrun for tutorial to 2024-10-19 00:00:00+00:00, run_after=2024-10-20 00:00:00+00:00
[2024-10-20T10:52:02.093+0000] {processor.py:183} INFO - Processing /home/airflow/.local/lib/python3.8/site-packages/airflow/example_dags/tutorial.py took 0.055 seconds
[2024-10-20T10:52:32.273+0000] {processor.py:161} INFO - Started process (PID=1946) to work on /home/airflow/.local/lib/python3.8/site-packages/airflow/example_dags/tutorial.py
[2024-10-20T10:52:32.275+0000] {processor.py:830} INFO - Processing file /home/airflow/.local/lib/python3.8/site-packages/airflow/example_dags/tutorial.py for tasks to queue
[2024-10-20T10:52:32.276+0000] {logging_mixin.py:188} INFO - [2024-10-20T10:52:32.276+0000] {dagbag.py:540} INFO - Filling up the DagBag from /home/airflow/.local/lib/python3.8/site-packages/airflow/example_dags/tutorial.py
[2024-10-20T10:52:32.281+0000] {processor.py:840} INFO - DAG(s) 'tutorial' retrieved from /home/airflow/.local/lib/python3.8/site-packages/airflow/example_dags/tutorial.py
[2024-10-20T10:52:32.298+0000] {logging_mixin.py:188} INFO - [2024-10-20T10:52:32.298+0000] {dag.py:3047} INFO - Sync 1 DAGs
[2024-10-20T10:52:32.314+0000] {logging_mixin.py:188} INFO - [2024-10-20T10:52:32.314+0000] {dag.py:3834} INFO - Setting next_dagrun for tutorial to 2024-10-19 00:00:00+00:00, run_after=2024-10-20 00:00:00+00:00
[2024-10-20T10:52:32.327+0000] {processor.py:183} INFO - Processing /home/airflow/.local/lib/python3.8/site-packages/airflow/example_dags/tutorial.py took 0.056 seconds
[2024-10-20T10:53:03.326+0000] {processor.py:161} INFO - Started process (PID=2002) to work on /home/airflow/.local/lib/python3.8/site-packages/airflow/example_dags/tutorial.py
[2024-10-20T10:53:03.328+0000] {processor.py:830} INFO - Processing file /home/airflow/.local/lib/python3.8/site-packages/airflow/example_dags/tutorial.py for tasks to queue
[2024-10-20T10:53:03.329+0000] {logging_mixin.py:188} INFO - [2024-10-20T10:53:03.329+0000] {dagbag.py:540} INFO - Filling up the DagBag from /home/airflow/.local/lib/python3.8/site-packages/airflow/example_dags/tutorial.py
[2024-10-20T10:53:03.333+0000] {processor.py:840} INFO - DAG(s) 'tutorial' retrieved from /home/airflow/.local/lib/python3.8/site-packages/airflow/example_dags/tutorial.py
[2024-10-20T10:53:03.348+0000] {logging_mixin.py:188} INFO - [2024-10-20T10:53:03.348+0000] {dag.py:3047} INFO - Sync 1 DAGs
[2024-10-20T10:53:03.364+0000] {logging_mixin.py:188} INFO - [2024-10-20T10:53:03.364+0000] {dag.py:3834} INFO - Setting next_dagrun for tutorial to 2024-10-19 00:00:00+00:00, run_after=2024-10-20 00:00:00+00:00
[2024-10-20T10:53:03.379+0000] {processor.py:183} INFO - Processing /home/airflow/.local/lib/python3.8/site-packages/airflow/example_dags/tutorial.py took 0.055 seconds
[2024-10-20T10:53:33.583+0000] {processor.py:161} INFO - Started process (PID=2058) to work on /home/airflow/.local/lib/python3.8/site-packages/airflow/example_dags/tutorial.py
[2024-10-20T10:53:33.584+0000] {processor.py:830} INFO - Processing file /home/airflow/.local/lib/python3.8/site-packages/airflow/example_dags/tutorial.py for tasks to queue
[2024-10-20T10:53:33.586+0000] {logging_mixin.py:188} INFO - [2024-10-20T10:53:33.586+0000] {dagbag.py:540} INFO - Filling up the DagBag from /home/airflow/.local/lib/python3.8/site-packages/airflow/example_dags/tutorial.py
[2024-10-20T10:53:33.591+0000] {processor.py:840} INFO - DAG(s) 'tutorial' retrieved from /home/airflow/.local/lib/python3.8/site-packages/airflow/example_dags/tutorial.py
[2024-10-20T10:53:33.606+0000] {logging_mixin.py:188} INFO - [2024-10-20T10:53:33.605+0000] {dag.py:3047} INFO - Sync 1 DAGs
[2024-10-20T10:53:33.622+0000] {logging_mixin.py:188} INFO - [2024-10-20T10:53:33.622+0000] {dag.py:3834} INFO - Setting next_dagrun for tutorial to 2024-10-19 00:00:00+00:00, run_after=2024-10-20 00:00:00+00:00
[2024-10-20T10:53:33.636+0000] {processor.py:183} INFO - Processing /home/airflow/.local/lib/python3.8/site-packages/airflow/example_dags/tutorial.py took 0.056 seconds
[2024-10-20T10:54:04.552+0000] {processor.py:161} INFO - Started process (PID=2114) to work on /home/airflow/.local/lib/python3.8/site-packages/airflow/example_dags/tutorial.py
[2024-10-20T10:54:04.553+0000] {processor.py:830} INFO - Processing file /home/airflow/.local/lib/python3.8/site-packages/airflow/example_dags/tutorial.py for tasks to queue
[2024-10-20T10:54:04.554+0000] {logging_mixin.py:188} INFO - [2024-10-20T10:54:04.554+0000] {dagbag.py:540} INFO - Filling up the DagBag from /home/airflow/.local/lib/python3.8/site-packages/airflow/example_dags/tutorial.py
[2024-10-20T10:54:04.558+0000] {processor.py:840} INFO - DAG(s) 'tutorial' retrieved from /home/airflow/.local/lib/python3.8/site-packages/airflow/example_dags/tutorial.py
[2024-10-20T10:54:04.571+0000] {logging_mixin.py:188} INFO - [2024-10-20T10:54:04.571+0000] {dag.py:3047} INFO - Sync 1 DAGs
[2024-10-20T10:54:04.586+0000] {logging_mixin.py:188} INFO - [2024-10-20T10:54:04.586+0000] {dag.py:3834} INFO - Setting next_dagrun for tutorial to 2024-10-19 00:00:00+00:00, run_after=2024-10-20 00:00:00+00:00
[2024-10-20T10:54:04.597+0000] {processor.py:183} INFO - Processing /home/airflow/.local/lib/python3.8/site-packages/airflow/example_dags/tutorial.py took 0.048 seconds
[2024-10-20T10:54:34.856+0000] {processor.py:161} INFO - Started process (PID=2170) to work on /home/airflow/.local/lib/python3.8/site-packages/airflow/example_dags/tutorial.py
[2024-10-20T10:54:34.859+0000] {processor.py:830} INFO - Processing file /home/airflow/.local/lib/python3.8/site-packages/airflow/example_dags/tutorial.py for tasks to queue
[2024-10-20T10:54:34.861+0000] {logging_mixin.py:188} INFO - [2024-10-20T10:54:34.861+0000] {dagbag.py:540} INFO - Filling up the DagBag from /home/airflow/.local/lib/python3.8/site-packages/airflow/example_dags/tutorial.py
[2024-10-20T10:54:34.866+0000] {processor.py:840} INFO - DAG(s) 'tutorial' retrieved from /home/airflow/.local/lib/python3.8/site-packages/airflow/example_dags/tutorial.py
[2024-10-20T10:54:34.884+0000] {logging_mixin.py:188} INFO - [2024-10-20T10:54:34.883+0000] {dag.py:3047} INFO - Sync 1 DAGs
[2024-10-20T10:54:34.900+0000] {logging_mixin.py:188} INFO - [2024-10-20T10:54:34.900+0000] {dag.py:3834} INFO - Setting next_dagrun for tutorial to 2024-10-19 00:00:00+00:00, run_after=2024-10-20 00:00:00+00:00
[2024-10-20T10:54:34.915+0000] {processor.py:183} INFO - Processing /home/airflow/.local/lib/python3.8/site-packages/airflow/example_dags/tutorial.py took 0.064 seconds
[2024-10-20T10:55:05.085+0000] {processor.py:161} INFO - Started process (PID=2226) to work on /home/airflow/.local/lib/python3.8/site-packages/airflow/example_dags/tutorial.py
[2024-10-20T10:55:05.087+0000] {processor.py:830} INFO - Processing file /home/airflow/.local/lib/python3.8/site-packages/airflow/example_dags/tutorial.py for tasks to queue
[2024-10-20T10:55:05.088+0000] {logging_mixin.py:188} INFO - [2024-10-20T10:55:05.088+0000] {dagbag.py:540} INFO - Filling up the DagBag from /home/airflow/.local/lib/python3.8/site-packages/airflow/example_dags/tutorial.py
[2024-10-20T10:55:05.092+0000] {processor.py:840} INFO - DAG(s) 'tutorial' retrieved from /home/airflow/.local/lib/python3.8/site-packages/airflow/example_dags/tutorial.py
[2024-10-20T10:55:05.105+0000] {logging_mixin.py:188} INFO - [2024-10-20T10:55:05.105+0000] {dag.py:3047} INFO - Sync 1 DAGs
[2024-10-20T10:55:05.119+0000] {logging_mixin.py:188} INFO - [2024-10-20T10:55:05.119+0000] {dag.py:3834} INFO - Setting next_dagrun for tutorial to 2024-10-19 00:00:00+00:00, run_after=2024-10-20 00:00:00+00:00
[2024-10-20T10:55:05.132+0000] {processor.py:183} INFO - Processing /home/airflow/.local/lib/python3.8/site-packages/airflow/example_dags/tutorial.py took 0.049 seconds
[2024-10-20T10:55:36.108+0000] {processor.py:161} INFO - Started process (PID=2281) to work on /home/airflow/.local/lib/python3.8/site-packages/airflow/example_dags/tutorial.py
[2024-10-20T10:55:36.109+0000] {processor.py:830} INFO - Processing file /home/airflow/.local/lib/python3.8/site-packages/airflow/example_dags/tutorial.py for tasks to queue
[2024-10-20T10:55:36.111+0000] {logging_mixin.py:188} INFO - [2024-10-20T10:55:36.111+0000] {dagbag.py:540} INFO - Filling up the DagBag from /home/airflow/.local/lib/python3.8/site-packages/airflow/example_dags/tutorial.py
[2024-10-20T10:55:36.115+0000] {processor.py:840} INFO - DAG(s) 'tutorial' retrieved from /home/airflow/.local/lib/python3.8/site-packages/airflow/example_dags/tutorial.py
[2024-10-20T10:55:36.136+0000] {logging_mixin.py:188} INFO - [2024-10-20T10:55:36.136+0000] {dag.py:3047} INFO - Sync 1 DAGs
[2024-10-20T10:55:36.150+0000] {logging_mixin.py:188} INFO - [2024-10-20T10:55:36.150+0000] {dag.py:3834} INFO - Setting next_dagrun for tutorial to 2024-10-19 00:00:00+00:00, run_after=2024-10-20 00:00:00+00:00
[2024-10-20T10:55:36.166+0000] {processor.py:183} INFO - Processing /home/airflow/.local/lib/python3.8/site-packages/airflow/example_dags/tutorial.py took 0.061 seconds
[2024-10-20T10:56:06.295+0000] {processor.py:161} INFO - Started process (PID=2337) to work on /home/airflow/.local/lib/python3.8/site-packages/airflow/example_dags/tutorial.py
[2024-10-20T10:56:06.296+0000] {processor.py:830} INFO - Processing file /home/airflow/.local/lib/python3.8/site-packages/airflow/example_dags/tutorial.py for tasks to queue
[2024-10-20T10:56:06.297+0000] {logging_mixin.py:188} INFO - [2024-10-20T10:56:06.297+0000] {dagbag.py:540} INFO - Filling up the DagBag from /home/airflow/.local/lib/python3.8/site-packages/airflow/example_dags/tutorial.py
[2024-10-20T10:56:06.301+0000] {processor.py:840} INFO - DAG(s) 'tutorial' retrieved from /home/airflow/.local/lib/python3.8/site-packages/airflow/example_dags/tutorial.py
[2024-10-20T10:56:06.319+0000] {logging_mixin.py:188} INFO - [2024-10-20T10:56:06.319+0000] {dag.py:3047} INFO - Sync 1 DAGs
[2024-10-20T10:56:06.333+0000] {logging_mixin.py:188} INFO - [2024-10-20T10:56:06.333+0000] {dag.py:3834} INFO - Setting next_dagrun for tutorial to 2024-10-19 00:00:00+00:00, run_after=2024-10-20 00:00:00+00:00
[2024-10-20T10:56:06.345+0000] {processor.py:183} INFO - Processing /home/airflow/.local/lib/python3.8/site-packages/airflow/example_dags/tutorial.py took 0.052 seconds
[2024-10-20T10:56:36.540+0000] {processor.py:161} INFO - Started process (PID=2393) to work on /home/airflow/.local/lib/python3.8/site-packages/airflow/example_dags/tutorial.py
[2024-10-20T10:56:36.542+0000] {processor.py:830} INFO - Processing file /home/airflow/.local/lib/python3.8/site-packages/airflow/example_dags/tutorial.py for tasks to queue
[2024-10-20T10:56:36.544+0000] {logging_mixin.py:188} INFO - [2024-10-20T10:56:36.544+0000] {dagbag.py:540} INFO - Filling up the DagBag from /home/airflow/.local/lib/python3.8/site-packages/airflow/example_dags/tutorial.py
[2024-10-20T10:56:36.549+0000] {processor.py:840} INFO - DAG(s) 'tutorial' retrieved from /home/airflow/.local/lib/python3.8/site-packages/airflow/example_dags/tutorial.py
[2024-10-20T10:56:36.565+0000] {logging_mixin.py:188} INFO - [2024-10-20T10:56:36.565+0000] {dag.py:3047} INFO - Sync 1 DAGs
[2024-10-20T10:56:36.583+0000] {logging_mixin.py:188} INFO - [2024-10-20T10:56:36.583+0000] {dag.py:3834} INFO - Setting next_dagrun for tutorial to 2024-10-19 00:00:00+00:00, run_after=2024-10-20 00:00:00+00:00
[2024-10-20T10:56:36.596+0000] {processor.py:183} INFO - Processing /home/airflow/.local/lib/python3.8/site-packages/airflow/example_dags/tutorial.py took 0.059 seconds
[2024-10-20T10:57:06.897+0000] {processor.py:161} INFO - Started process (PID=2448) to work on /home/airflow/.local/lib/python3.8/site-packages/airflow/example_dags/tutorial.py
[2024-10-20T10:57:06.898+0000] {processor.py:830} INFO - Processing file /home/airflow/.local/lib/python3.8/site-packages/airflow/example_dags/tutorial.py for tasks to queue
[2024-10-20T10:57:06.899+0000] {logging_mixin.py:188} INFO - [2024-10-20T10:57:06.899+0000] {dagbag.py:540} INFO - Filling up the DagBag from /home/airflow/.local/lib/python3.8/site-packages/airflow/example_dags/tutorial.py
[2024-10-20T10:57:06.903+0000] {processor.py:840} INFO - DAG(s) 'tutorial' retrieved from /home/airflow/.local/lib/python3.8/site-packages/airflow/example_dags/tutorial.py
[2024-10-20T10:57:06.921+0000] {logging_mixin.py:188} INFO - [2024-10-20T10:57:06.921+0000] {dag.py:3047} INFO - Sync 1 DAGs
[2024-10-20T10:57:06.940+0000] {logging_mixin.py:188} INFO - [2024-10-20T10:57:06.940+0000] {dag.py:3834} INFO - Setting next_dagrun for tutorial to 2024-10-19 00:00:00+00:00, run_after=2024-10-20 00:00:00+00:00
[2024-10-20T10:57:06.957+0000] {processor.py:183} INFO - Processing /home/airflow/.local/lib/python3.8/site-packages/airflow/example_dags/tutorial.py took 0.063 seconds
[2024-10-20T10:57:37.489+0000] {processor.py:161} INFO - Started process (PID=2504) to work on /home/airflow/.local/lib/python3.8/site-packages/airflow/example_dags/tutorial.py
[2024-10-20T10:57:37.492+0000] {processor.py:830} INFO - Processing file /home/airflow/.local/lib/python3.8/site-packages/airflow/example_dags/tutorial.py for tasks to queue
[2024-10-20T10:57:37.493+0000] {logging_mixin.py:188} INFO - [2024-10-20T10:57:37.493+0000] {dagbag.py:540} INFO - Filling up the DagBag from /home/airflow/.local/lib/python3.8/site-packages/airflow/example_dags/tutorial.py
[2024-10-20T10:57:37.499+0000] {processor.py:840} INFO - DAG(s) 'tutorial' retrieved from /home/airflow/.local/lib/python3.8/site-packages/airflow/example_dags/tutorial.py
[2024-10-20T10:57:37.526+0000] {logging_mixin.py:188} INFO - [2024-10-20T10:57:37.526+0000] {dag.py:3047} INFO - Sync 1 DAGs
[2024-10-20T10:57:37.549+0000] {logging_mixin.py:188} INFO - [2024-10-20T10:57:37.549+0000] {dag.py:3834} INFO - Setting next_dagrun for tutorial to 2024-10-19 00:00:00+00:00, run_after=2024-10-20 00:00:00+00:00
[2024-10-20T10:57:37.570+0000] {processor.py:183} INFO - Processing /home/airflow/.local/lib/python3.8/site-packages/airflow/example_dags/tutorial.py took 0.084 seconds
[2024-10-20T10:58:07.914+0000] {processor.py:161} INFO - Started process (PID=2560) to work on /home/airflow/.local/lib/python3.8/site-packages/airflow/example_dags/tutorial.py
[2024-10-20T10:58:07.915+0000] {processor.py:830} INFO - Processing file /home/airflow/.local/lib/python3.8/site-packages/airflow/example_dags/tutorial.py for tasks to queue
[2024-10-20T10:58:07.917+0000] {logging_mixin.py:188} INFO - [2024-10-20T10:58:07.916+0000] {dagbag.py:540} INFO - Filling up the DagBag from /home/airflow/.local/lib/python3.8/site-packages/airflow/example_dags/tutorial.py
[2024-10-20T10:58:07.922+0000] {processor.py:840} INFO - DAG(s) 'tutorial' retrieved from /home/airflow/.local/lib/python3.8/site-packages/airflow/example_dags/tutorial.py
[2024-10-20T10:58:07.938+0000] {logging_mixin.py:188} INFO - [2024-10-20T10:58:07.938+0000] {dag.py:3047} INFO - Sync 1 DAGs
[2024-10-20T10:58:07.953+0000] {logging_mixin.py:188} INFO - [2024-10-20T10:58:07.953+0000] {dag.py:3834} INFO - Setting next_dagrun for tutorial to 2024-10-19 00:00:00+00:00, run_after=2024-10-20 00:00:00+00:00
[2024-10-20T10:58:07.967+0000] {processor.py:183} INFO - Processing /home/airflow/.local/lib/python3.8/site-packages/airflow/example_dags/tutorial.py took 0.055 seconds
[2024-10-20T10:58:38.205+0000] {processor.py:161} INFO - Started process (PID=2616) to work on /home/airflow/.local/lib/python3.8/site-packages/airflow/example_dags/tutorial.py
[2024-10-20T10:58:38.207+0000] {processor.py:830} INFO - Processing file /home/airflow/.local/lib/python3.8/site-packages/airflow/example_dags/tutorial.py for tasks to queue
[2024-10-20T10:58:38.210+0000] {logging_mixin.py:188} INFO - [2024-10-20T10:58:38.210+0000] {dagbag.py:540} INFO - Filling up the DagBag from /home/airflow/.local/lib/python3.8/site-packages/airflow/example_dags/tutorial.py
[2024-10-20T10:58:38.214+0000] {processor.py:840} INFO - DAG(s) 'tutorial' retrieved from /home/airflow/.local/lib/python3.8/site-packages/airflow/example_dags/tutorial.py
[2024-10-20T10:58:38.232+0000] {logging_mixin.py:188} INFO - [2024-10-20T10:58:38.232+0000] {dag.py:3047} INFO - Sync 1 DAGs
[2024-10-20T10:58:38.245+0000] {logging_mixin.py:188} INFO - [2024-10-20T10:58:38.245+0000] {dag.py:3834} INFO - Setting next_dagrun for tutorial to 2024-10-19 00:00:00+00:00, run_after=2024-10-20 00:00:00+00:00
[2024-10-20T10:58:38.259+0000] {processor.py:183} INFO - Processing /home/airflow/.local/lib/python3.8/site-packages/airflow/example_dags/tutorial.py took 0.057 seconds
